[ 71%] Built target quadprog
[100%] Built target Test
-- Install configuration: "Release"
-- Execute custom install script
-- Up-to-date symlink: /home/ros/docker_pronto_ws/install/quadprog/share/quadprog/environment/library_path.sh
-- Up-to-date symlink: /home/ros/docker_pronto_ws/install/quadprog/share/quadprog/environment/library_path.dsv
-- Up-to-date symlink: /home/ros/docker_pronto_ws/install/quadprog/include/quadprog/quadprog/linear-algebra.hpp
-- Up-to-date symlink: /home/ros/docker_pronto_ws/install/quadprog/include/quadprog/quadprog/qr-update.hpp
-- Up-to-date symlink: /home/ros/docker_pronto_ws/install/quadprog/include/quadprog/quadprog/quadprog.hpp
-- Up-to-date symlink: /home/ros/docker_pronto_ws/install/quadprog/include/quadprog/quadprog/solve.QP.hpp
-- Up-to-date symlink: /home/ros/docker_pronto_ws/install/quadprog/share/ament_index/resource_index/package_run_dependencies/quadprog
-- Up-to-date symlink: /home/ros/docker_pronto_ws/install/quadprog/share/ament_index/resource_index/parent_prefix_path/quadprog
-- Up-to-date symlink: /home/ros/docker_pronto_ws/install/quadprog/share/quadprog/environment/ament_prefix_path.sh
-- Up-to-date symlink: /home/ros/docker_pronto_ws/install/quadprog/share/quadprog/environment/ament_prefix_path.dsv
-- Up-to-date symlink: /home/ros/docker_pronto_ws/install/quadprog/share/quadprog/environment/path.sh
-- Up-to-date symlink: /home/ros/docker_pronto_ws/install/quadprog/share/quadprog/environment/path.dsv
-- Up-to-date symlink: /home/ros/docker_pronto_ws/install/quadprog/share/quadprog/local_setup.bash
-- Up-to-date symlink: /home/ros/docker_pronto_ws/install/quadprog/share/quadprog/local_setup.sh
-- Up-to-date symlink: /home/ros/docker_pronto_ws/install/quadprog/share/quadprog/local_setup.zsh
-- Up-to-date symlink: /home/ros/docker_pronto_ws/install/quadprog/share/quadprog/local_setup.dsv
-- Symlinking: /home/ros/docker_pronto_ws/install/quadprog/share/quadprog/package.dsv
-- Up-to-date symlink: /home/ros/docker_pronto_ws/install/quadprog/share/ament_index/resource_index/packages/quadprog
-- Up-to-date symlink: /home/ros/docker_pronto_ws/install/quadprog/share/quadprog/cmake/ament_cmake_export_targets-extras.cmake
-- Up-to-date symlink: /home/ros/docker_pronto_ws/install/quadprog/share/quadprog/cmake/ament_cmake_export_dependencies-extras.cmake
-- Up-to-date symlink: /home/ros/docker_pronto_ws/install/quadprog/share/quadprog/cmake/quadprogConfig.cmake
-- Up-to-date symlink: /home/ros/docker_pronto_ws/install/quadprog/share/quadprog/cmake/quadprogConfig-version.cmake
-- Up-to-date symlink: /home/ros/docker_pronto_ws/install/quadprog/share/quadprog/package.xml
-- Up-to-date: /home/ros/docker_pronto_ws/install/quadprog/lib/libquadprog.so
-- Up-to-date: /home/ros/docker_pronto_ws/install/quadprog/share/quadprog/cmake/quadprog_targetsExport.cmake
-- Up-to-date: /home/ros/docker_pronto_ws/install/quadprog/share/quadprog/cmake/quadprog_targetsExport-release.cmake
