running develop
/usr/lib/python3/dist-packages/setuptools/command/easy_install.py:158: EasyInstallDeprecationWarning: easy_install command is deprecated. Use build and pip and other standards-based tools.
  warnings.warn(
/usr/lib/python3/dist-packages/setuptools/command/install.py:34: SetuptoolsDeprecationWarning: setup.py install is deprecated. Use build and pip and other standards-based tools.
  warnings.warn(
running egg_info
creating logger_gazebo.egg-info
writing logger_gazebo.egg-info/PKG-INFO
writing dependency_links to logger_gazebo.egg-info/dependency_links.txt
writing entry points to logger_gazebo.egg-info/entry_points.txt
writing requirements to logger_gazebo.egg-info/requires.txt
writing top-level names to logger_gazebo.egg-info/top_level.txt
writing manifest file 'logger_gazebo.egg-info/SOURCES.txt'
reading manifest file 'logger_gazebo.egg-info/SOURCES.txt'
writing manifest file 'logger_gazebo.egg-info/SOURCES.txt'
running build_ext
Creating /home/ros/docker_pronto_ws/install/logger_gazebo/lib/python3.10/site-packages/logger-gazebo.egg-link (link to .)
Installing logger_node script to /home/ros/docker_pronto_ws/install/logger_gazebo/lib/logger_gazebo
Installing plot script to /home/ros/docker_pronto_ws/install/logger_gazebo/lib/logger_gazebo

Installed /home/ros/docker_pronto_ws/build/logger_gazebo
running install_data
creating /home/ros/docker_pronto_ws/install/logger_gazebo/share/ament_index
creating /home/ros/docker_pronto_ws/install/logger_gazebo/share/ament_index/resource_index
creating /home/ros/docker_pronto_ws/install/logger_gazebo/share/ament_index/resource_index/packages
copying resource/logger_gazebo -> /home/ros/docker_pronto_ws/install/logger_gazebo/share/ament_index/resource_index/packages
copying package.xml -> /home/ros/docker_pronto_ws/install/logger_gazebo/share/logger_gazebo
