[ 14%] [32mBuilding CXX object CMakeFiles/pronto_ros2_controller.dir/src/legodom_manager.cpp.o[0m
[ 28%] [32m[1mLinking CXX shared library libpronto_ros2_controller.so[0m
[ 71%] Built target pronto_ros2_controller
[ 85%] [32m[1mLinking CXX executable test_node[0m
[100%] Built target test_node
-- Install configuration: "Release"
-- Execute custom install script
-- Up-to-date symlink: /home/ros/docker_pronto_ws/install/pronto_ros2_controller/share/pronto_ros2_controller//pronto_controller.xml
-- Up-to-date symlink: /home/ros/docker_pronto_ws/install/pronto_ros2_controller/share/pronto_ros2_controller/environment/library_path.sh
-- Up-to-date symlink: /home/ros/docker_pronto_ws/install/pronto_ros2_controller/share/pronto_ros2_controller/environment/library_path.dsv
-- Up-to-date symlink: /home/ros/docker_pronto_ws/install/pronto_ros2_controller/lib/pronto_ros2_controller/test_node
-- Up-to-date symlink: /home/ros/docker_pronto_ws/install/pronto_ros2_controller/share/ament_index/resource_index/package_run_dependencies/pronto_ros2_controller
-- Up-to-date symlink: /home/ros/docker_pronto_ws/install/pronto_ros2_controller/share/ament_index/resource_index/parent_prefix_path/pronto_ros2_controller
-- Up-to-date symlink: /home/ros/docker_pronto_ws/install/pronto_ros2_controller/share/pronto_ros2_controller/environment/ament_prefix_path.sh
-- Up-to-date symlink: /home/ros/docker_pronto_ws/install/pronto_ros2_controller/share/pronto_ros2_controller/environment/ament_prefix_path.dsv
-- Up-to-date symlink: /home/ros/docker_pronto_ws/install/pronto_ros2_controller/share/pronto_ros2_controller/environment/path.sh
-- Up-to-date symlink: /home/ros/docker_pronto_ws/install/pronto_ros2_controller/share/pronto_ros2_controller/environment/path.dsv
-- Up-to-date symlink: /home/ros/docker_pronto_ws/install/pronto_ros2_controller/share/pronto_ros2_controller/local_setup.bash
-- Up-to-date symlink: /home/ros/docker_pronto_ws/install/pronto_ros2_controller/share/pronto_ros2_controller/local_setup.sh
-- Up-to-date symlink: /home/ros/docker_pronto_ws/install/pronto_ros2_controller/share/pronto_ros2_controller/local_setup.zsh
-- Up-to-date symlink: /home/ros/docker_pronto_ws/install/pronto_ros2_controller/share/pronto_ros2_controller/local_setup.dsv
-- Symlinking: /home/ros/docker_pronto_ws/install/pronto_ros2_controller/share/pronto_ros2_controller/package.dsv
-- Up-to-date symlink: /home/ros/docker_pronto_ws/install/pronto_ros2_controller/share/ament_index/resource_index/packages/pronto_ros2_controller
-- Up-to-date symlink: /home/ros/docker_pronto_ws/install/pronto_ros2_controller/share/ament_index/resource_index/controller_interface__pluginlib__plugin/pronto_ros2_controller
-- Up-to-date symlink: /home/ros/docker_pronto_ws/install/pronto_ros2_controller/share/pronto_ros2_controller/cmake/ament_cmake_export_dependencies-extras.cmake
-- Up-to-date symlink: /home/ros/docker_pronto_ws/install/pronto_ros2_controller/share/pronto_ros2_controller/cmake/ament_cmake_export_include_directories-extras.cmake
-- Up-to-date symlink: /home/ros/docker_pronto_ws/install/pronto_ros2_controller/share/pronto_ros2_controller/cmake/ament_cmake_export_libraries-extras.cmake
-- Up-to-date symlink: /home/ros/docker_pronto_ws/install/pronto_ros2_controller/share/pronto_ros2_controller/cmake/pronto_ros2_controllerConfig.cmake
-- Up-to-date symlink: /home/ros/docker_pronto_ws/install/pronto_ros2_controller/share/pronto_ros2_controller/cmake/pronto_ros2_controllerConfig-version.cmake
-- Up-to-date symlink: /home/ros/docker_pronto_ws/install/pronto_ros2_controller/share/pronto_ros2_controller/package.xml
-- Installing: /home/ros/docker_pronto_ws/install/pronto_ros2_controller/lib/libpronto_ros2_controller.so
-- Set runtime path of "/home/ros/docker_pronto_ws/install/pronto_ros2_controller/lib/libpronto_ros2_controller.so" to ""
