[ 63%] Built target pronto_ros
[ 81%] Built target joint_state_with_acceleration_republisher
[100%] Built target pronto_ros_node
-- Install configuration: "Release"
-- Execute custom install script
-- Up-to-date symlink: /home/ros/docker_pronto_ws/install/pronto_ros/include/pronto_ros/init_message_ros_handler.hpp
-- Up-to-date symlink: /home/ros/docker_pronto_ws/install/pronto_ros/include/pronto_ros/ins_ros_handler.hpp
-- Up-to-date symlink: /home/ros/docker_pronto_ws/install/pronto_ros/include/pronto_ros/pose_msg_ros_handler.hpp
-- Up-to-date symlink: /home/ros/docker_pronto_ws/install/pronto_ros/include/pronto_ros/pronto_node.hpp
-- Up-to-date symlink: /home/ros/docker_pronto_ws/install/pronto_ros/include/pronto_ros/pronto_ros.hpp
-- Up-to-date symlink: /home/ros/docker_pronto_ws/install/pronto_ros/include/pronto_ros/pronto_ros_conversions.hpp
-- Up-to-date symlink: /home/ros/docker_pronto_ws/install/pronto_ros/include/pronto_ros/ros_frontend.hpp
-- Up-to-date symlink: /home/ros/docker_pronto_ws/install/pronto_ros/include/pronto_ros/scan_matcher_ros_handler.hpp
-- Up-to-date symlink: /home/ros/docker_pronto_ws/install/pronto_ros/include/pronto_ros/visibility_control.h
-- Up-to-date symlink: /home/ros/docker_pronto_ws/install/pronto_ros/share/pronto_ros/environment/library_path.sh
-- Up-to-date symlink: /home/ros/docker_pronto_ws/install/pronto_ros/share/pronto_ros/environment/library_path.dsv
-- Up-to-date symlink: /home/ros/docker_pronto_ws/install/pronto_ros/lib/pronto_ros/joint_state_with_acceleration_republisher
-- Up-to-date symlink: /home/ros/docker_pronto_ws/install/pronto_ros/lib/pronto_ros/pronto_ros_node
-- Up-to-date symlink: /home/ros/docker_pronto_ws/install/pronto_ros/share/pronto_ros//launch/pronto_ros.launch.py
-- Up-to-date symlink: /home/ros/docker_pronto_ws/install/pronto_ros/share/ament_index/resource_index/package_run_dependencies/pronto_ros
-- Up-to-date symlink: /home/ros/docker_pronto_ws/install/pronto_ros/share/ament_index/resource_index/parent_prefix_path/pronto_ros
-- Up-to-date symlink: /home/ros/docker_pronto_ws/install/pronto_ros/share/pronto_ros/environment/ament_prefix_path.sh
-- Up-to-date symlink: /home/ros/docker_pronto_ws/install/pronto_ros/share/pronto_ros/environment/ament_prefix_path.dsv
-- Up-to-date symlink: /home/ros/docker_pronto_ws/install/pronto_ros/share/pronto_ros/environment/path.sh
-- Up-to-date symlink: /home/ros/docker_pronto_ws/install/pronto_ros/share/pronto_ros/environment/path.dsv
-- Up-to-date symlink: /home/ros/docker_pronto_ws/install/pronto_ros/share/pronto_ros/local_setup.bash
-- Up-to-date symlink: /home/ros/docker_pronto_ws/install/pronto_ros/share/pronto_ros/local_setup.sh
-- Up-to-date symlink: /home/ros/docker_pronto_ws/install/pronto_ros/share/pronto_ros/local_setup.zsh
-- Up-to-date symlink: /home/ros/docker_pronto_ws/install/pronto_ros/share/pronto_ros/local_setup.dsv
-- Symlinking: /home/ros/docker_pronto_ws/install/pronto_ros/share/pronto_ros/package.dsv
-- Up-to-date symlink: /home/ros/docker_pronto_ws/install/pronto_ros/share/ament_index/resource_index/packages/pronto_ros
-- Up-to-date symlink: /home/ros/docker_pronto_ws/install/pronto_ros/share/pronto_ros/cmake/ament_cmake_export_include_directories-extras.cmake
-- Up-to-date symlink: /home/ros/docker_pronto_ws/install/pronto_ros/share/pronto_ros/cmake/ament_cmake_export_libraries-extras.cmake
-- Up-to-date symlink: /home/ros/docker_pronto_ws/install/pronto_ros/share/pronto_ros/cmake/ament_cmake_export_dependencies-extras.cmake
-- Up-to-date symlink: /home/ros/docker_pronto_ws/install/pronto_ros/share/pronto_ros/cmake/ament_cmake_export_targets-extras.cmake
-- Up-to-date symlink: /home/ros/docker_pronto_ws/install/pronto_ros/share/pronto_ros/cmake/pronto_rosConfig.cmake
-- Up-to-date symlink: /home/ros/docker_pronto_ws/install/pronto_ros/share/pronto_ros/cmake/pronto_rosConfig-version.cmake
-- Up-to-date symlink: /home/ros/docker_pronto_ws/install/pronto_ros/share/pronto_ros/package.xml
-- Up-to-date: /home/ros/docker_pronto_ws/install/pronto_ros/lib/libpronto_ros.so
-- Up-to-date: /home/ros/docker_pronto_ws/install/pronto_ros/share/pronto_ros/cmake/export_pronto_rosExport.cmake
-- Up-to-date: /home/ros/docker_pronto_ws/install/pronto_ros/share/pronto_ros/cmake/export_pronto_rosExport-release.cmake
