-- The C compiler identification is GNU 11.4.0
-- The CXX compiler identification is GNU 11.4.0
-- Detecting C compiler ABI info
-- Detecting C compiler ABI info - done
-- Check for working C compiler: /usr/bin/cc - skipped
-- Detecting C compile features
-- Detecting C compile features - done
-- Detecting CXX compiler ABI info
-- Detecting CXX compiler ABI info - done
-- Check for working CXX compiler: /usr/bin/c++ - skipped
-- Detecting CXX compile features
-- Detecting CXX compile features - done
-- Found ament_cmake: 1.3.6 (/opt/ros/humble/share/ament_cmake/cmake)
-- Found Python3: /usr/bin/python3.10 (found version "3.10.12") found components: Interpreter 
-- Override CMake install command with custom implementation using symlinks instead of copying resources
-- Found quadprog: 0.0.0 (/home/ros/docker_pronto_ws/install/quadprog/share/quadprog/cmake)
-- Found ament_cmake_gtest: 1.3.6 (/opt/ros/humble/share/ament_cmake_gtest/cmake)
-- Found gtest sources under '/opt/ros/humble/src/gtest_vendor': C++ tests using 'Google Test' will be built
-- Looking for pthread.h
-- Looking for pthread.h - found
-- Performing Test CMAKE_HAVE_LIBC_PTHREAD
-- Performing Test CMAKE_HAVE_LIBC_PTHREAD - Success
-- Found Threads: TRUE  
-- Configuring done
-- Generating done
-- Build files have been written to: /home/ros/docker_pronto_ws/build/hierarchical_optimization
[ 12%] [32mBuilding CXX object CMakeFiles/hierarchical_optimization.dir/src/hierarchical_qp.cpp.o[0m
[ 25%] [32mBuilding CXX object gtest/CMakeFiles/gtest_main.dir/src/gtest_main.cc.o[0m
[ 37%] [32mBuilding CXX object gtest/CMakeFiles/gtest.dir/src/gtest-all.cc.o[0m
[ 50%] [32m[1mLinking CXX static library libgtest_main.a[0m
[ 50%] Built target gtest_main
[ 62%] [32m[1mLinking CXX static library libgtest.a[0m
[ 62%] Built target gtest
[ 75%] [32m[1mLinking CXX shared library libhierarchical_optimization.so[0m
[ 75%] Built target hierarchical_optimization
[ 87%] [32mBuilding CXX object CMakeFiles/hierarchical_optimization_test.dir/test/test_hierarchical_optimization.cpp.o[0m
[100%] [32m[1mLinking CXX executable hierarchical_optimization_test[0m
[100%] Built target hierarchical_optimization_test
-- Install configuration: "Release"
-- Execute custom install script
-- Symlinking: /home/ros/docker_pronto_ws/install/hierarchical_optimization/share/hierarchical_optimization/environment/library_path.sh
-- Symlinking: /home/ros/docker_pronto_ws/install/hierarchical_optimization/share/hierarchical_optimization/environment/library_path.dsv
-- Symlinking: /home/ros/docker_pronto_ws/install/hierarchical_optimization/include/hierarchical_optimization/hierarchical_optimization/hierarchical_qp.hpp
-- Symlinking: /home/ros/docker_pronto_ws/install/hierarchical_optimization/share/ament_index/resource_index/package_run_dependencies/hierarchical_optimization
-- Symlinking: /home/ros/docker_pronto_ws/install/hierarchical_optimization/share/ament_index/resource_index/parent_prefix_path/hierarchical_optimization
-- Symlinking: /home/ros/docker_pronto_ws/install/hierarchical_optimization/share/hierarchical_optimization/environment/ament_prefix_path.sh
-- Symlinking: /home/ros/docker_pronto_ws/install/hierarchical_optimization/share/hierarchical_optimization/environment/ament_prefix_path.dsv
-- Symlinking: /home/ros/docker_pronto_ws/install/hierarchical_optimization/share/hierarchical_optimization/environment/path.sh
-- Symlinking: /home/ros/docker_pronto_ws/install/hierarchical_optimization/share/hierarchical_optimization/environment/path.dsv
-- Symlinking: /home/ros/docker_pronto_ws/install/hierarchical_optimization/share/hierarchical_optimization/local_setup.bash
-- Symlinking: /home/ros/docker_pronto_ws/install/hierarchical_optimization/share/hierarchical_optimization/local_setup.sh
-- Symlinking: /home/ros/docker_pronto_ws/install/hierarchical_optimization/share/hierarchical_optimization/local_setup.zsh
-- Symlinking: /home/ros/docker_pronto_ws/install/hierarchical_optimization/share/hierarchical_optimization/local_setup.dsv
-- Symlinking: /home/ros/docker_pronto_ws/install/hierarchical_optimization/share/hierarchical_optimization/package.dsv
-- Symlinking: /home/ros/docker_pronto_ws/install/hierarchical_optimization/share/ament_index/resource_index/packages/hierarchical_optimization
-- Symlinking: /home/ros/docker_pronto_ws/install/hierarchical_optimization/share/hierarchical_optimization/cmake/ament_cmake_export_targets-extras.cmake
-- Symlinking: /home/ros/docker_pronto_ws/install/hierarchical_optimization/share/hierarchical_optimization/cmake/ament_cmake_export_dependencies-extras.cmake
-- Symlinking: /home/ros/docker_pronto_ws/install/hierarchical_optimization/share/hierarchical_optimization/cmake/hierarchical_optimizationConfig.cmake
-- Symlinking: /home/ros/docker_pronto_ws/install/hierarchical_optimization/share/hierarchical_optimization/cmake/hierarchical_optimizationConfig-version.cmake
-- Symlinking: /home/ros/docker_pronto_ws/install/hierarchical_optimization/share/hierarchical_optimization/package.xml
-- Installing: /home/ros/docker_pronto_ws/install/hierarchical_optimization/lib/libhierarchical_optimization.so
-- Set runtime path of "/home/ros/docker_pronto_ws/install/hierarchical_optimization/lib/libhierarchical_optimization.so" to ""
-- Installing: /home/ros/docker_pronto_ws/install/hierarchical_optimization/share/hierarchical_optimization/cmake/hierarchical_optimization_targetsExport.cmake
-- Installing: /home/ros/docker_pronto_ws/install/hierarchical_optimization/share/hierarchical_optimization/cmake/hierarchical_optimization_targetsExport-release.cmake
