-- The C compiler identification is GNU 11.4.0
-- The CXX compiler identification is GNU 11.4.0
-- Detecting C compiler ABI info
-- Detecting C compiler ABI info - done
-- Check for working C compiler: /usr/bin/cc - skipped
-- Detecting C compile features
-- Detecting C compile features - done
-- Detecting CXX compiler ABI info
-- Detecting CXX compiler ABI info - done
-- Check for working CXX compiler: /usr/bin/c++ - skipped
-- Detecting CXX compile features
-- Detecting CXX compile features - done
-- Found ament_cmake: 1.3.6 (/opt/ros/humble/share/ament_cmake/cmake)
-- Found Python3: /usr/bin/python3.10 (found version "3.10.12") found components: Interpreter 
-- Override CMake install command with custom implementation using symlinks instead of copying resources
-- Found rosidl_default_generators: 1.2.0 (/opt/ros/humble/share/rosidl_default_generators/cmake)
-- Using all available rosidl_typesupport_c: rosidl_typesupport_fastrtps_c;rosidl_typesupport_introspection_c
-- Found rosidl_adapter: 3.1.5 (/opt/ros/humble/share/rosidl_adapter/cmake)
-- Using all available rosidl_typesupport_cpp: rosidl_typesupport_fastrtps_cpp;rosidl_typesupport_introspection_cpp
-- Found geometry_msgs: 4.2.3 (/opt/ros/humble/share/geometry_msgs/cmake)
-- Found ament_cmake_ros: 0.10.0 (/opt/ros/humble/share/ament_cmake_ros/cmake)
-- Using all available rosidl_typesupport_c: rosidl_typesupport_fastrtps_c;rosidl_typesupport_introspection_c
-- Using all available rosidl_typesupport_cpp: rosidl_typesupport_fastrtps_cpp;rosidl_typesupport_introspection_cpp
-- Found PythonInterp: /usr/bin/python3 (found suitable version "3.10.12", minimum required is "3.6") 
-- Found python_cmake_module: 0.10.0 (/opt/ros/humble/share/python_cmake_module/cmake)
-- Found PythonLibs: /usr/lib/x86_64-linux-gnu/libpython3.10.so (found suitable version "3.10.12", minimum required is "3.5") 
-- Using PYTHON_EXECUTABLE: /usr/bin/python3
-- Using PYTHON_INCLUDE_DIRS: /usr/include/python3.10
-- Using PYTHON_LIBRARIES: /usr/lib/x86_64-linux-gnu/libpython3.10.so
-- Found PythonExtra: .so  
-- Found ament_lint_auto: 0.12.9 (/opt/ros/humble/share/ament_lint_auto/cmake)
-- Added test 'copyright' to check source files copyright and LICENSE
-- Added test 'cppcheck' to perform static code analysis on C / C++ code
-- Configured cppcheck include dirs: 
-- Configured cppcheck exclude dirs and/or files: 
-- Added test 'cpplint' to check C / C++ code against the Google style
-- Configured cpplint exclude dirs and/or files: 
-- Added test 'lint_cmake' to check CMake code style
-- Added test 'uncrustify' to check C / C++ code style
-- Configured uncrustify additional arguments: 
-- Added test 'xmllint' to check XML markup files
-- Configuring done
-- Generating done
-- Build files have been written to: /home/ros/docker_pronto_ws/build/generalized_pose_msgs
[  2%] [34m[1mGenerating C code for ROS interfaces[0m
[  4%] [34m[1mGenerating C++ code for ROS interfaces[0m
[  4%] Built target ament_cmake_python_symlink_generalized_pose_msgs
running egg_info
creating generalized_pose_msgs.egg-info
writing generalized_pose_msgs.egg-info/PKG-INFO
writing dependency_links to generalized_pose_msgs.egg-info/dependency_links.txt
writing top-level names to generalized_pose_msgs.egg-info/top_level.txt
writing manifest file 'generalized_pose_msgs.egg-info/SOURCES.txt'
reading manifest file 'generalized_pose_msgs.egg-info/SOURCES.txt'
writing manifest file 'generalized_pose_msgs.egg-info/SOURCES.txt'
[  4%] Built target ament_cmake_python_build_generalized_pose_msgs_egg
[  4%] Built target generalized_pose_msgs__cpp
[  6%] [34m[1mGenerating C++ type support for eProsima Fast-RTPS[0m
[  8%] [34m[1mGenerating C++ type support dispatch for ROS interfaces[0m
[ 10%] [32mBuilding C object CMakeFiles/generalized_pose_msgs__rosidl_generator_c.dir/rosidl_generator_c/generalized_pose_msgs/msg/detail/generalized_pose__functions.c.o[0m
[ 12%] [32mBuilding C object CMakeFiles/generalized_pose_msgs__rosidl_generator_c.dir/rosidl_generator_c/generalized_pose_msgs/msg/detail/generalized_pose_with_time__functions.c.o[0m
[ 14%] [34m[1mGenerating C++ introspection for ROS interfaces[0m
[ 17%] [32mBuilding C object CMakeFiles/generalized_pose_msgs__rosidl_generator_c.dir/rosidl_generator_c/generalized_pose_msgs/msg/detail/generalized_poses_with_time__functions.c.o[0m
[ 19%] [32m[1mLinking C shared library libgeneralized_pose_msgs__rosidl_generator_c.so[0m
[ 19%] Built target generalized_pose_msgs__rosidl_generator_c
[ 21%] [34m[1mGenerating C introspection for ROS interfaces[0m
[ 23%] [34m[1mGenerating C type support dispatch for ROS interfaces[0m
[ 25%] [34m[1mGenerating C type support for eProsima Fast-RTPS[0m
[ 27%] [32mBuilding CXX object CMakeFiles/generalized_pose_msgs__rosidl_typesupport_cpp.dir/rosidl_typesupport_cpp/generalized_pose_msgs/msg/generalized_pose__type_support.cpp.o[0m
[ 29%] [32mBuilding CXX object CMakeFiles/generalized_pose_msgs__rosidl_typesupport_cpp.dir/rosidl_typesupport_cpp/generalized_pose_msgs/msg/generalized_poses_with_time__type_support.cpp.o[0m
[ 31%] [32mBuilding CXX object CMakeFiles/generalized_pose_msgs__rosidl_typesupport_cpp.dir/rosidl_typesupport_cpp/generalized_pose_msgs/msg/generalized_pose_with_time__type_support.cpp.o[0m
[ 34%] [32mBuilding CXX object CMakeFiles/generalized_pose_msgs__rosidl_typesupport_fastrtps_cpp.dir/rosidl_typesupport_fastrtps_cpp/generalized_pose_msgs/msg/detail/dds_fastrtps/generalized_pose__type_support.cpp.o[0m
[ 36%] [32mBuilding CXX object CMakeFiles/generalized_pose_msgs__rosidl_typesupport_fastrtps_cpp.dir/rosidl_typesupport_fastrtps_cpp/generalized_pose_msgs/msg/detail/dds_fastrtps/generalized_poses_with_time__type_support.cpp.o[0m
[ 38%] [32mBuilding CXX object CMakeFiles/generalized_pose_msgs__rosidl_typesupport_fastrtps_cpp.dir/rosidl_typesupport_fastrtps_cpp/generalized_pose_msgs/msg/detail/dds_fastrtps/generalized_pose_with_time__type_support.cpp.o[0m
[ 40%] [32mBuilding CXX object CMakeFiles/generalized_pose_msgs__rosidl_typesupport_introspection_cpp.dir/rosidl_typesupport_introspection_cpp/generalized_pose_msgs/msg/detail/generalized_pose__type_support.cpp.o[0m
[ 42%] [32mBuilding CXX object CMakeFiles/generalized_pose_msgs__rosidl_typesupport_introspection_cpp.dir/rosidl_typesupport_introspection_cpp/generalized_pose_msgs/msg/detail/generalized_poses_with_time__type_support.cpp.o[0m
[ 44%] [32mBuilding CXX object CMakeFiles/generalized_pose_msgs__rosidl_typesupport_introspection_cpp.dir/rosidl_typesupport_introspection_cpp/generalized_pose_msgs/msg/detail/generalized_pose_with_time__type_support.cpp.o[0m
[ 46%] [32mBuilding CXX object CMakeFiles/generalized_pose_msgs__rosidl_typesupport_fastrtps_c.dir/rosidl_typesupport_fastrtps_c/generalized_pose_msgs/msg/detail/generalized_pose__type_support_c.cpp.o[0m
[ 48%] [32mBuilding CXX object CMakeFiles/generalized_pose_msgs__rosidl_typesupport_fastrtps_c.dir/rosidl_typesupport_fastrtps_c/generalized_pose_msgs/msg/detail/generalized_pose_with_time__type_support_c.cpp.o[0m
[ 51%] [32mBuilding CXX object CMakeFiles/generalized_pose_msgs__rosidl_typesupport_fastrtps_c.dir/rosidl_typesupport_fastrtps_c/generalized_pose_msgs/msg/detail/generalized_poses_with_time__type_support_c.cpp.o[0m
[ 53%] [32m[1mLinking CXX shared library libgeneralized_pose_msgs__rosidl_typesupport_cpp.so[0m
[ 53%] Built target generalized_pose_msgs__rosidl_typesupport_cpp
[ 55%] [32mBuilding C object CMakeFiles/generalized_pose_msgs__rosidl_typesupport_introspection_c.dir/rosidl_typesupport_introspection_c/generalized_pose_msgs/msg/detail/generalized_pose__type_support.c.o[0m
[ 57%] [32mBuilding C object CMakeFiles/generalized_pose_msgs__rosidl_typesupport_introspection_c.dir/rosidl_typesupport_introspection_c/generalized_pose_msgs/msg/detail/generalized_pose_with_time__type_support.c.o[0m
[ 59%] [32mBuilding C object CMakeFiles/generalized_pose_msgs__rosidl_typesupport_introspection_c.dir/rosidl_typesupport_introspection_c/generalized_pose_msgs/msg/detail/generalized_poses_with_time__type_support.c.o[0m
[ 63%] [32mBuilding CXX object CMakeFiles/generalized_pose_msgs__rosidl_typesupport_c.dir/rosidl_typesupport_c/generalized_pose_msgs/msg/generalized_pose_with_time__type_support.cpp.o[0m
[ 63%] [32mBuilding CXX object CMakeFiles/generalized_pose_msgs__rosidl_typesupport_c.dir/rosidl_typesupport_c/generalized_pose_msgs/msg/generalized_pose__type_support.cpp.o[0m
[ 65%] [32mBuilding CXX object CMakeFiles/generalized_pose_msgs__rosidl_typesupport_c.dir/rosidl_typesupport_c/generalized_pose_msgs/msg/generalized_poses_with_time__type_support.cpp.o[0m
[ 68%] [32m[1mLinking CXX shared library libgeneralized_pose_msgs__rosidl_typesupport_c.so[0m
[ 70%] [32m[1mLinking C shared library libgeneralized_pose_msgs__rosidl_typesupport_introspection_c.so[0m
[ 70%] Built target generalized_pose_msgs__rosidl_typesupport_c
[ 70%] Built target generalized_pose_msgs__rosidl_typesupport_introspection_c
[ 72%] [32m[1mLinking CXX shared library libgeneralized_pose_msgs__rosidl_typesupport_fastrtps_c.so[0m
[ 74%] [32m[1mLinking CXX shared library libgeneralized_pose_msgs__rosidl_typesupport_fastrtps_cpp.so[0m
[ 76%] [32m[1mLinking CXX shared library libgeneralized_pose_msgs__rosidl_typesupport_introspection_cpp.so[0m
[ 76%] Built target generalized_pose_msgs__rosidl_typesupport_fastrtps_c
[ 76%] Built target generalized_pose_msgs__rosidl_typesupport_introspection_cpp
[ 76%] Built target generalized_pose_msgs__rosidl_typesupport_fastrtps_cpp
[ 76%] Built target generalized_pose_msgs
[ 78%] [34m[1mGenerating Python code for ROS interfaces[0m
[ 78%] Built target generalized_pose_msgs__py
[ 80%] [32mBuilding C object CMakeFiles/generalized_pose_msgs__rosidl_generator_py.dir/rosidl_generator_py/generalized_pose_msgs/msg/_generalized_pose_s.c.o[0m
[ 82%] [32mBuilding C object CMakeFiles/generalized_pose_msgs__rosidl_generator_py.dir/rosidl_generator_py/generalized_pose_msgs/msg/_generalized_poses_with_time_s.c.o[0m
[ 85%] [32mBuilding C object CMakeFiles/generalized_pose_msgs__rosidl_generator_py.dir/rosidl_generator_py/generalized_pose_msgs/msg/_generalized_pose_with_time_s.c.o[0m
[ 87%] [32m[1mLinking C shared library rosidl_generator_py/generalized_pose_msgs/libgeneralized_pose_msgs__rosidl_generator_py.so[0m
[ 87%] Built target generalized_pose_msgs__rosidl_generator_py
[ 89%] [32mBuilding C object CMakeFiles/generalized_pose_msgs__rosidl_typesupport_introspection_c__pyext.dir/rosidl_generator_py/generalized_pose_msgs/_generalized_pose_msgs_s.ep.rosidl_typesupport_introspection_c.c.o[0m
[ 91%] [32mBuilding C object CMakeFiles/generalized_pose_msgs__rosidl_typesupport_c__pyext.dir/rosidl_generator_py/generalized_pose_msgs/_generalized_pose_msgs_s.ep.rosidl_typesupport_c.c.o[0m
[ 93%] [32mBuilding C object CMakeFiles/generalized_pose_msgs__rosidl_typesupport_fastrtps_c__pyext.dir/rosidl_generator_py/generalized_pose_msgs/_generalized_pose_msgs_s.ep.rosidl_typesupport_fastrtps_c.c.o[0m
[ 95%] [32m[1mLinking C shared library rosidl_generator_py/generalized_pose_msgs/generalized_pose_msgs_s__rosidl_typesupport_introspection_c.cpython-310-x86_64-linux-gnu.so[0m
[ 97%] [32m[1mLinking C shared library rosidl_generator_py/generalized_pose_msgs/generalized_pose_msgs_s__rosidl_typesupport_fastrtps_c.cpython-310-x86_64-linux-gnu.so[0m
[100%] [32m[1mLinking C shared library rosidl_generator_py/generalized_pose_msgs/generalized_pose_msgs_s__rosidl_typesupport_c.cpython-310-x86_64-linux-gnu.so[0m
[100%] Built target generalized_pose_msgs__rosidl_typesupport_introspection_c__pyext
[100%] Built target generalized_pose_msgs__rosidl_typesupport_c__pyext
[100%] Built target generalized_pose_msgs__rosidl_typesupport_fastrtps_c__pyext
-- Install configuration: "Release"
-- Execute custom install script
-- Symlinking: /home/ros/docker_pronto_ws/install/generalized_pose_msgs/share/ament_index/resource_index/rosidl_interfaces/generalized_pose_msgs
-- Symlinking: /home/ros/docker_pronto_ws/install/generalized_pose_msgs/include/generalized_pose_msgs/generalized_pose_msgs/msg/detail/generalized_pose__functions.h
-- Symlinking: /home/ros/docker_pronto_ws/install/generalized_pose_msgs/include/generalized_pose_msgs/generalized_pose_msgs/msg/detail/generalized_pose__struct.h
-- Symlinking: /home/ros/docker_pronto_ws/install/generalized_pose_msgs/include/generalized_pose_msgs/generalized_pose_msgs/msg/detail/generalized_pose__type_support.h
-- Symlinking: /home/ros/docker_pronto_ws/install/generalized_pose_msgs/include/generalized_pose_msgs/generalized_pose_msgs/msg/detail/generalized_pose_with_time__functions.h
-- Symlinking: /home/ros/docker_pronto_ws/install/generalized_pose_msgs/include/generalized_pose_msgs/generalized_pose_msgs/msg/detail/generalized_pose_with_time__struct.h
-- Symlinking: /home/ros/docker_pronto_ws/install/generalized_pose_msgs/include/generalized_pose_msgs/generalized_pose_msgs/msg/detail/generalized_pose_with_time__type_support.h
-- Symlinking: /home/ros/docker_pronto_ws/install/generalized_pose_msgs/include/generalized_pose_msgs/generalized_pose_msgs/msg/detail/generalized_poses_with_time__functions.h
-- Symlinking: /home/ros/docker_pronto_ws/install/generalized_pose_msgs/include/generalized_pose_msgs/generalized_pose_msgs/msg/detail/generalized_poses_with_time__struct.h
-- Symlinking: /home/ros/docker_pronto_ws/install/generalized_pose_msgs/include/generalized_pose_msgs/generalized_pose_msgs/msg/detail/generalized_poses_with_time__type_support.h
-- Symlinking: /home/ros/docker_pronto_ws/install/generalized_pose_msgs/include/generalized_pose_msgs/generalized_pose_msgs/msg/generalized_pose.h
-- Symlinking: /home/ros/docker_pronto_ws/install/generalized_pose_msgs/include/generalized_pose_msgs/generalized_pose_msgs/msg/generalized_pose_with_time.h
-- Symlinking: /home/ros/docker_pronto_ws/install/generalized_pose_msgs/include/generalized_pose_msgs/generalized_pose_msgs/msg/generalized_poses_with_time.h
-- Symlinking: /home/ros/docker_pronto_ws/install/generalized_pose_msgs/include/generalized_pose_msgs/generalized_pose_msgs/msg/rosidl_generator_c__visibility_control.h
-- Symlinking: /home/ros/docker_pronto_ws/install/generalized_pose_msgs/share/generalized_pose_msgs/environment/library_path.sh
-- Symlinking: /home/ros/docker_pronto_ws/install/generalized_pose_msgs/share/generalized_pose_msgs/environment/library_path.dsv
-- Symlinking: /home/ros/docker_pronto_ws/install/generalized_pose_msgs/include/generalized_pose_msgs/generalized_pose_msgs/msg/detail/generalized_pose__rosidl_typesupport_fastrtps_c.h
-- Symlinking: /home/ros/docker_pronto_ws/install/generalized_pose_msgs/include/generalized_pose_msgs/generalized_pose_msgs/msg/detail/generalized_pose_with_time__rosidl_typesupport_fastrtps_c.h
-- Symlinking: /home/ros/docker_pronto_ws/install/generalized_pose_msgs/include/generalized_pose_msgs/generalized_pose_msgs/msg/detail/generalized_poses_with_time__rosidl_typesupport_fastrtps_c.h
-- Symlinking: /home/ros/docker_pronto_ws/install/generalized_pose_msgs/include/generalized_pose_msgs/generalized_pose_msgs/msg/rosidl_typesupport_fastrtps_c__visibility_control.h
-- Symlinking: /home/ros/docker_pronto_ws/install/generalized_pose_msgs/include/generalized_pose_msgs/generalized_pose_msgs/msg/detail/generalized_pose__rosidl_typesupport_introspection_c.h
-- Symlinking: /home/ros/docker_pronto_ws/install/generalized_pose_msgs/include/generalized_pose_msgs/generalized_pose_msgs/msg/detail/generalized_pose_with_time__rosidl_typesupport_introspection_c.h
-- Symlinking: /home/ros/docker_pronto_ws/install/generalized_pose_msgs/include/generalized_pose_msgs/generalized_pose_msgs/msg/detail/generalized_poses_with_time__rosidl_typesupport_introspection_c.h
-- Symlinking: /home/ros/docker_pronto_ws/install/generalized_pose_msgs/include/generalized_pose_msgs/generalized_pose_msgs/msg/rosidl_typesupport_introspection_c__visibility_control.h
-- Symlinking: /home/ros/docker_pronto_ws/install/generalized_pose_msgs/include/generalized_pose_msgs/generalized_pose_msgs/msg/detail/generalized_pose__builder.hpp
-- Symlinking: /home/ros/docker_pronto_ws/install/generalized_pose_msgs/include/generalized_pose_msgs/generalized_pose_msgs/msg/detail/generalized_pose__struct.hpp
-- Symlinking: /home/ros/docker_pronto_ws/install/generalized_pose_msgs/include/generalized_pose_msgs/generalized_pose_msgs/msg/detail/generalized_pose__traits.hpp
-- Symlinking: /home/ros/docker_pronto_ws/install/generalized_pose_msgs/include/generalized_pose_msgs/generalized_pose_msgs/msg/detail/generalized_pose_with_time__builder.hpp
-- Symlinking: /home/ros/docker_pronto_ws/install/generalized_pose_msgs/include/generalized_pose_msgs/generalized_pose_msgs/msg/detail/generalized_pose_with_time__struct.hpp
-- Symlinking: /home/ros/docker_pronto_ws/install/generalized_pose_msgs/include/generalized_pose_msgs/generalized_pose_msgs/msg/detail/generalized_pose_with_time__traits.hpp
-- Symlinking: /home/ros/docker_pronto_ws/install/generalized_pose_msgs/include/generalized_pose_msgs/generalized_pose_msgs/msg/detail/generalized_poses_with_time__builder.hpp
-- Symlinking: /home/ros/docker_pronto_ws/install/generalized_pose_msgs/include/generalized_pose_msgs/generalized_pose_msgs/msg/detail/generalized_poses_with_time__struct.hpp
-- Symlinking: /home/ros/docker_pronto_ws/install/generalized_pose_msgs/include/generalized_pose_msgs/generalized_pose_msgs/msg/detail/generalized_poses_with_time__traits.hpp
-- Symlinking: /home/ros/docker_pronto_ws/install/generalized_pose_msgs/include/generalized_pose_msgs/generalized_pose_msgs/msg/generalized_pose.hpp
-- Symlinking: /home/ros/docker_pronto_ws/install/generalized_pose_msgs/include/generalized_pose_msgs/generalized_pose_msgs/msg/generalized_pose_with_time.hpp
-- Symlinking: /home/ros/docker_pronto_ws/install/generalized_pose_msgs/include/generalized_pose_msgs/generalized_pose_msgs/msg/generalized_poses_with_time.hpp
-- Symlinking: /home/ros/docker_pronto_ws/install/generalized_pose_msgs/include/generalized_pose_msgs/generalized_pose_msgs/msg/detail/generalized_pose__rosidl_typesupport_fastrtps_cpp.hpp
-- Symlinking: /home/ros/docker_pronto_ws/install/generalized_pose_msgs/include/generalized_pose_msgs/generalized_pose_msgs/msg/detail/generalized_pose_with_time__rosidl_typesupport_fastrtps_cpp.hpp
-- Symlinking: /home/ros/docker_pronto_ws/install/generalized_pose_msgs/include/generalized_pose_msgs/generalized_pose_msgs/msg/detail/generalized_poses_with_time__rosidl_typesupport_fastrtps_cpp.hpp
-- Symlinking: /home/ros/docker_pronto_ws/install/generalized_pose_msgs/include/generalized_pose_msgs/generalized_pose_msgs/msg/rosidl_typesupport_fastrtps_cpp__visibility_control.h
-- Symlinking: /home/ros/docker_pronto_ws/install/generalized_pose_msgs/include/generalized_pose_msgs/generalized_pose_msgs/msg/detail/generalized_pose__rosidl_typesupport_introspection_cpp.hpp
-- Symlinking: /home/ros/docker_pronto_ws/install/generalized_pose_msgs/include/generalized_pose_msgs/generalized_pose_msgs/msg/detail/generalized_pose_with_time__rosidl_typesupport_introspection_cpp.hpp
-- Symlinking: /home/ros/docker_pronto_ws/install/generalized_pose_msgs/include/generalized_pose_msgs/generalized_pose_msgs/msg/detail/generalized_poses_with_time__rosidl_typesupport_introspection_cpp.hpp
-- Symlinking: /home/ros/docker_pronto_ws/install/generalized_pose_msgs/share/generalized_pose_msgs/environment/pythonpath.sh
-- Symlinking: /home/ros/docker_pronto_ws/install/generalized_pose_msgs/share/generalized_pose_msgs/environment/pythonpath.dsv
-- Symlinking: /home/ros/docker_pronto_ws/install/generalized_pose_msgs/local/lib/python3.10/dist-packages/generalized_pose_msgs-0.0.0-py3.10.egg-info/PKG-INFO
-- Symlinking: /home/ros/docker_pronto_ws/install/generalized_pose_msgs/local/lib/python3.10/dist-packages/generalized_pose_msgs-0.0.0-py3.10.egg-info/SOURCES.txt
-- Symlinking: /home/ros/docker_pronto_ws/install/generalized_pose_msgs/local/lib/python3.10/dist-packages/generalized_pose_msgs-0.0.0-py3.10.egg-info/dependency_links.txt
-- Symlinking: /home/ros/docker_pronto_ws/install/generalized_pose_msgs/local/lib/python3.10/dist-packages/generalized_pose_msgs-0.0.0-py3.10.egg-info/top_level.txt
-- Symlinking: /home/ros/docker_pronto_ws/install/generalized_pose_msgs/local/lib/python3.10/dist-packages/generalized_pose_msgs/__init__.py
-- Symlinking: /home/ros/docker_pronto_ws/install/generalized_pose_msgs/local/lib/python3.10/dist-packages/generalized_pose_msgs/_generalized_pose_msgs_s.ep.rosidl_typesupport_c.c
-- Symlinking: /home/ros/docker_pronto_ws/install/generalized_pose_msgs/local/lib/python3.10/dist-packages/generalized_pose_msgs/_generalized_pose_msgs_s.ep.rosidl_typesupport_fastrtps_c.c
-- Symlinking: /home/ros/docker_pronto_ws/install/generalized_pose_msgs/local/lib/python3.10/dist-packages/generalized_pose_msgs/_generalized_pose_msgs_s.ep.rosidl_typesupport_introspection_c.c
-- Symlinking: /home/ros/docker_pronto_ws/install/generalized_pose_msgs/local/lib/python3.10/dist-packages/generalized_pose_msgs/generalized_pose_msgs_s__rosidl_typesupport_c.cpython-310-x86_64-linux-gnu.so
-- Symlinking: /home/ros/docker_pronto_ws/install/generalized_pose_msgs/local/lib/python3.10/dist-packages/generalized_pose_msgs/generalized_pose_msgs_s__rosidl_typesupport_fastrtps_c.cpython-310-x86_64-linux-gnu.so
-- Symlinking: /home/ros/docker_pronto_ws/install/generalized_pose_msgs/local/lib/python3.10/dist-packages/generalized_pose_msgs/generalized_pose_msgs_s__rosidl_typesupport_introspection_c.cpython-310-x86_64-linux-gnu.so
-- Symlinking: /home/ros/docker_pronto_ws/install/generalized_pose_msgs/local/lib/python3.10/dist-packages/generalized_pose_msgs/libgeneralized_pose_msgs__rosidl_generator_py.so
-- Symlinking: /home/ros/docker_pronto_ws/install/generalized_pose_msgs/local/lib/python3.10/dist-packages/generalized_pose_msgs/msg/__init__.py
-- Symlinking: /home/ros/docker_pronto_ws/install/generalized_pose_msgs/local/lib/python3.10/dist-packages/generalized_pose_msgs/msg/_generalized_pose.py
-- Symlinking: /home/ros/docker_pronto_ws/install/generalized_pose_msgs/local/lib/python3.10/dist-packages/generalized_pose_msgs/msg/_generalized_pose_s.c
-- Symlinking: /home/ros/docker_pronto_ws/install/generalized_pose_msgs/local/lib/python3.10/dist-packages/generalized_pose_msgs/msg/_generalized_pose_with_time.py
-- Symlinking: /home/ros/docker_pronto_ws/install/generalized_pose_msgs/local/lib/python3.10/dist-packages/generalized_pose_msgs/msg/_generalized_pose_with_time_s.c
-- Symlinking: /home/ros/docker_pronto_ws/install/generalized_pose_msgs/local/lib/python3.10/dist-packages/generalized_pose_msgs/msg/_generalized_poses_with_time.py
-- Symlinking: /home/ros/docker_pronto_ws/install/generalized_pose_msgs/local/lib/python3.10/dist-packages/generalized_pose_msgs/msg/_generalized_poses_with_time_s.c
-- Up-to-date symlink: /home/ros/docker_pronto_ws/install/generalized_pose_msgs/local/lib/python3.10/dist-packages/generalized_pose_msgs/generalized_pose_msgs_s__rosidl_typesupport_fastrtps_c.cpython-310-x86_64-linux-gnu.so
-- Up-to-date symlink: /home/ros/docker_pronto_ws/install/generalized_pose_msgs/local/lib/python3.10/dist-packages/generalized_pose_msgs/generalized_pose_msgs_s__rosidl_typesupport_introspection_c.cpython-310-x86_64-linux-gnu.so
-- Up-to-date symlink: /home/ros/docker_pronto_ws/install/generalized_pose_msgs/local/lib/python3.10/dist-packages/generalized_pose_msgs/generalized_pose_msgs_s__rosidl_typesupport_c.cpython-310-x86_64-linux-gnu.so
-- Symlinking: /home/ros/docker_pronto_ws/install/generalized_pose_msgs/share/generalized_pose_msgs/msg/GeneralizedPose.idl
-- Symlinking: /home/ros/docker_pronto_ws/install/generalized_pose_msgs/share/generalized_pose_msgs/msg/GeneralizedPoseWithTime.idl
-- Symlinking: /home/ros/docker_pronto_ws/install/generalized_pose_msgs/share/generalized_pose_msgs/msg/GeneralizedPosesWithTime.idl
-- Symlinking: /home/ros/docker_pronto_ws/install/generalized_pose_msgs/share/generalized_pose_msgs/msg/GeneralizedPose.msg
-- Symlinking: /home/ros/docker_pronto_ws/install/generalized_pose_msgs/share/generalized_pose_msgs/msg/GeneralizedPoseWithTime.msg
-- Symlinking: /home/ros/docker_pronto_ws/install/generalized_pose_msgs/share/generalized_pose_msgs/msg/GeneralizedPosesWithTime.msg
-- Symlinking: /home/ros/docker_pronto_ws/install/generalized_pose_msgs/include/generalized_pose_msgs/generalized_pose_msgs/generalized_pose_struct.hpp
-- Symlinking: /home/ros/docker_pronto_ws/install/generalized_pose_msgs/share/ament_index/resource_index/package_run_dependencies/generalized_pose_msgs
-- Symlinking: /home/ros/docker_pronto_ws/install/generalized_pose_msgs/share/ament_index/resource_index/parent_prefix_path/generalized_pose_msgs
-- Symlinking: /home/ros/docker_pronto_ws/install/generalized_pose_msgs/share/generalized_pose_msgs/environment/ament_prefix_path.sh
-- Symlinking: /home/ros/docker_pronto_ws/install/generalized_pose_msgs/share/generalized_pose_msgs/environment/ament_prefix_path.dsv
-- Symlinking: /home/ros/docker_pronto_ws/install/generalized_pose_msgs/share/generalized_pose_msgs/environment/path.sh
-- Symlinking: /home/ros/docker_pronto_ws/install/generalized_pose_msgs/share/generalized_pose_msgs/environment/path.dsv
-- Symlinking: /home/ros/docker_pronto_ws/install/generalized_pose_msgs/share/generalized_pose_msgs/local_setup.bash
-- Symlinking: /home/ros/docker_pronto_ws/install/generalized_pose_msgs/share/generalized_pose_msgs/local_setup.sh
-- Symlinking: /home/ros/docker_pronto_ws/install/generalized_pose_msgs/share/generalized_pose_msgs/local_setup.zsh
-- Symlinking: /home/ros/docker_pronto_ws/install/generalized_pose_msgs/share/generalized_pose_msgs/local_setup.dsv
-- Symlinking: /home/ros/docker_pronto_ws/install/generalized_pose_msgs/share/generalized_pose_msgs/package.dsv
-- Symlinking: /home/ros/docker_pronto_ws/install/generalized_pose_msgs/share/ament_index/resource_index/packages/generalized_pose_msgs
-- Symlinking: /home/ros/docker_pronto_ws/install/generalized_pose_msgs/share/generalized_pose_msgs/cmake/rosidl_cmake-extras.cmake
-- Symlinking: /home/ros/docker_pronto_ws/install/generalized_pose_msgs/share/generalized_pose_msgs/cmake/ament_cmake_export_dependencies-extras.cmake
-- Symlinking: /home/ros/docker_pronto_ws/install/generalized_pose_msgs/share/generalized_pose_msgs/cmake/ament_cmake_export_include_directories-extras.cmake
-- Symlinking: /home/ros/docker_pronto_ws/install/generalized_pose_msgs/share/generalized_pose_msgs/cmake/ament_cmake_export_libraries-extras.cmake
-- Symlinking: /home/ros/docker_pronto_ws/install/generalized_pose_msgs/share/generalized_pose_msgs/cmake/ament_cmake_export_targets-extras.cmake
-- Symlinking: /home/ros/docker_pronto_ws/install/generalized_pose_msgs/share/generalized_pose_msgs/cmake/rosidl_cmake_export_typesupport_targets-extras.cmake
-- Symlinking: /home/ros/docker_pronto_ws/install/generalized_pose_msgs/share/generalized_pose_msgs/cmake/rosidl_cmake_export_typesupport_libraries-extras.cmake
-- Symlinking: /home/ros/docker_pronto_ws/install/generalized_pose_msgs/share/generalized_pose_msgs/cmake/generalized_pose_msgsConfig.cmake
-- Symlinking: /home/ros/docker_pronto_ws/install/generalized_pose_msgs/share/generalized_pose_msgs/cmake/generalized_pose_msgsConfig-version.cmake
-- Symlinking: /home/ros/docker_pronto_ws/install/generalized_pose_msgs/share/generalized_pose_msgs/package.xml
-- Installing: /home/ros/docker_pronto_ws/install/generalized_pose_msgs/lib/libgeneralized_pose_msgs__rosidl_generator_c.so
-- Set runtime path of "/home/ros/docker_pronto_ws/install/generalized_pose_msgs/lib/libgeneralized_pose_msgs__rosidl_generator_c.so" to ""
-- Installing: /home/ros/docker_pronto_ws/install/generalized_pose_msgs/lib/libgeneralized_pose_msgs__rosidl_typesupport_fastrtps_c.so
-- Set runtime path of "/home/ros/docker_pronto_ws/install/generalized_pose_msgs/lib/libgeneralized_pose_msgs__rosidl_typesupport_fastrtps_c.so" to ""
-- Installing: /home/ros/docker_pronto_ws/install/generalized_pose_msgs/lib/libgeneralized_pose_msgs__rosidl_typesupport_introspection_c.so
-- Set runtime path of "/home/ros/docker_pronto_ws/install/generalized_pose_msgs/lib/libgeneralized_pose_msgs__rosidl_typesupport_introspection_c.so" to ""
-- Installing: /home/ros/docker_pronto_ws/install/generalized_pose_msgs/lib/libgeneralized_pose_msgs__rosidl_typesupport_c.so
-- Set runtime path of "/home/ros/docker_pronto_ws/install/generalized_pose_msgs/lib/libgeneralized_pose_msgs__rosidl_typesupport_c.so" to ""
-- Installing: /home/ros/docker_pronto_ws/install/generalized_pose_msgs/lib/libgeneralized_pose_msgs__rosidl_typesupport_fastrtps_cpp.so
-- Set runtime path of "/home/ros/docker_pronto_ws/install/generalized_pose_msgs/lib/libgeneralized_pose_msgs__rosidl_typesupport_fastrtps_cpp.so" to ""
-- Installing: /home/ros/docker_pronto_ws/install/generalized_pose_msgs/lib/libgeneralized_pose_msgs__rosidl_typesupport_introspection_cpp.so
-- Set runtime path of "/home/ros/docker_pronto_ws/install/generalized_pose_msgs/lib/libgeneralized_pose_msgs__rosidl_typesupport_introspection_cpp.so" to ""
-- Installing: /home/ros/docker_pronto_ws/install/generalized_pose_msgs/lib/libgeneralized_pose_msgs__rosidl_typesupport_cpp.so
-- Set runtime path of "/home/ros/docker_pronto_ws/install/generalized_pose_msgs/lib/libgeneralized_pose_msgs__rosidl_typesupport_cpp.so" to ""
Listing '/home/ros/docker_pronto_ws/install/generalized_pose_msgs/local/lib/python3.10/dist-packages/generalized_pose_msgs'...
Compiling '/home/ros/docker_pronto_ws/install/generalized_pose_msgs/local/lib/python3.10/dist-packages/generalized_pose_msgs/__init__.py'...
Listing '/home/ros/docker_pronto_ws/install/generalized_pose_msgs/local/lib/python3.10/dist-packages/generalized_pose_msgs/msg'...
Compiling '/home/ros/docker_pronto_ws/install/generalized_pose_msgs/local/lib/python3.10/dist-packages/generalized_pose_msgs/msg/__init__.py'...
Compiling '/home/ros/docker_pronto_ws/install/generalized_pose_msgs/local/lib/python3.10/dist-packages/generalized_pose_msgs/msg/_generalized_pose.py'...
Compiling '/home/ros/docker_pronto_ws/install/generalized_pose_msgs/local/lib/python3.10/dist-packages/generalized_pose_msgs/msg/_generalized_pose_with_time.py'...
Compiling '/home/ros/docker_pronto_ws/install/generalized_pose_msgs/local/lib/python3.10/dist-packages/generalized_pose_msgs/msg/_generalized_poses_with_time.py'...
-- Installing: /home/ros/docker_pronto_ws/install/generalized_pose_msgs/lib/libgeneralized_pose_msgs__rosidl_generator_py.so
-- Set runtime path of "/home/ros/docker_pronto_ws/install/generalized_pose_msgs/lib/libgeneralized_pose_msgs__rosidl_generator_py.so" to ""
-- Installing: /home/ros/docker_pronto_ws/install/generalized_pose_msgs/share/generalized_pose_msgs/cmake/export_generalized_pose_msgs__rosidl_generator_cExport.cmake
-- Installing: /home/ros/docker_pronto_ws/install/generalized_pose_msgs/share/generalized_pose_msgs/cmake/export_generalized_pose_msgs__rosidl_generator_cExport-release.cmake
-- Installing: /home/ros/docker_pronto_ws/install/generalized_pose_msgs/share/generalized_pose_msgs/cmake/export_generalized_pose_msgs__rosidl_typesupport_fastrtps_cExport.cmake
-- Installing: /home/ros/docker_pronto_ws/install/generalized_pose_msgs/share/generalized_pose_msgs/cmake/export_generalized_pose_msgs__rosidl_typesupport_fastrtps_cExport-release.cmake
-- Installing: /home/ros/docker_pronto_ws/install/generalized_pose_msgs/share/generalized_pose_msgs/cmake/generalized_pose_msgs__rosidl_typesupport_introspection_cExport.cmake
-- Installing: /home/ros/docker_pronto_ws/install/generalized_pose_msgs/share/generalized_pose_msgs/cmake/generalized_pose_msgs__rosidl_typesupport_introspection_cExport-release.cmake
-- Installing: /home/ros/docker_pronto_ws/install/generalized_pose_msgs/share/generalized_pose_msgs/cmake/generalized_pose_msgs__rosidl_typesupport_cExport.cmake
-- Installing: /home/ros/docker_pronto_ws/install/generalized_pose_msgs/share/generalized_pose_msgs/cmake/generalized_pose_msgs__rosidl_typesupport_cExport-release.cmake
-- Installing: /home/ros/docker_pronto_ws/install/generalized_pose_msgs/share/generalized_pose_msgs/cmake/export_generalized_pose_msgs__rosidl_generator_cppExport.cmake
-- Installing: /home/ros/docker_pronto_ws/install/generalized_pose_msgs/share/generalized_pose_msgs/cmake/export_generalized_pose_msgs__rosidl_typesupport_fastrtps_cppExport.cmake
-- Installing: /home/ros/docker_pronto_ws/install/generalized_pose_msgs/share/generalized_pose_msgs/cmake/export_generalized_pose_msgs__rosidl_typesupport_fastrtps_cppExport-release.cmake
-- Installing: /home/ros/docker_pronto_ws/install/generalized_pose_msgs/share/generalized_pose_msgs/cmake/generalized_pose_msgs__rosidl_typesupport_introspection_cppExport.cmake
-- Installing: /home/ros/docker_pronto_ws/install/generalized_pose_msgs/share/generalized_pose_msgs/cmake/generalized_pose_msgs__rosidl_typesupport_introspection_cppExport-release.cmake
-- Installing: /home/ros/docker_pronto_ws/install/generalized_pose_msgs/share/generalized_pose_msgs/cmake/generalized_pose_msgs__rosidl_typesupport_cppExport.cmake
-- Installing: /home/ros/docker_pronto_ws/install/generalized_pose_msgs/share/generalized_pose_msgs/cmake/generalized_pose_msgs__rosidl_typesupport_cppExport-release.cmake
-- Installing: /home/ros/docker_pronto_ws/install/generalized_pose_msgs/share/generalized_pose_msgs/cmake/export_generalized_pose_msgs__rosidl_generator_pyExport.cmake
-- Installing: /home/ros/docker_pronto_ws/install/generalized_pose_msgs/share/generalized_pose_msgs/cmake/export_generalized_pose_msgs__rosidl_generator_pyExport-release.cmake
