[0.482s] Invoking command in '/home/ros/docker_pronto_ws/build/generalized_pose_msgs': CMAKE_PREFIX_PATH=${CMAKE_PREFIX_PATH}:/home/ros/docker_pronto_ws/install/planners_python:/home/ros/docker_pronto_ws/install/logger_gazebo:/home/ros/docker_pronto_ws/install/terrain_estimator:/home/ros/docker_pronto_ws/install/pose_estimator:/opt/ros/humble /usr/bin/cmake /home/ros/docker_pronto_ws/src/motion_control/generalized_pose_msgs -DCMAKE_BUILD_TYPE=Release -DCMAKE_EXPORT_COMPILE_COMMANDS=ON -DAMENT_CMAKE_SYMLINK_INSTALL=1 -DCMAKE_INSTALL_PREFIX=/home/ros/docker_pronto_ws/install/generalized_pose_msgs
[0.537s] -- The C compiler identification is GNU 11.4.0
[0.600s] -- The CXX compiler identification is GNU 11.4.0
[0.606s] -- Detecting C compiler ABI info
[0.680s] -- Detecting C compiler ABI info - done
[0.689s] -- Check for working C compiler: /usr/bin/cc - skipped
[0.689s] -- Detecting C compile features
[0.689s] -- Detecting C compile features - done
[0.694s] -- Detecting CXX compiler ABI info
[0.782s] -- Detecting CXX compiler ABI info - done
[0.791s] -- Check for working CXX compiler: /usr/bin/c++ - skipped
[0.792s] -- Detecting CXX compile features
[0.792s] -- Detecting CXX compile features - done
[0.795s] -- Found ament_cmake: 1.3.6 (/opt/ros/humble/share/ament_cmake/cmake)
[1.000s] -- Found Python3: /usr/bin/python3.10 (found version "3.10.12") found components: Interpreter 
[1.071s] -- Override CMake install command with custom implementation using symlinks instead of copying resources
[1.106s] -- Found rosidl_default_generators: 1.2.0 (/opt/ros/humble/share/rosidl_default_generators/cmake)
[1.113s] -- Using all available rosidl_typesupport_c: rosidl_typesupport_fastrtps_c;rosidl_typesupport_introspection_c
[1.122s] -- Found rosidl_adapter: 3.1.5 (/opt/ros/humble/share/rosidl_adapter/cmake)
[1.166s] -- Using all available rosidl_typesupport_cpp: rosidl_typesupport_fastrtps_cpp;rosidl_typesupport_introspection_cpp
[1.214s] -- Found geometry_msgs: 4.2.3 (/opt/ros/humble/share/geometry_msgs/cmake)
[2.232s] -- Found ament_cmake_ros: 0.10.0 (/opt/ros/humble/share/ament_cmake_ros/cmake)
[2.792s] -- Using all available rosidl_typesupport_c: rosidl_typesupport_fastrtps_c;rosidl_typesupport_introspection_c
[3.367s] -- Using all available rosidl_typesupport_cpp: rosidl_typesupport_fastrtps_cpp;rosidl_typesupport_introspection_cpp
[3.426s] -- Found PythonInterp: /usr/bin/python3 (found suitable version "3.10.12", minimum required is "3.6") 
[3.429s] -- Found python_cmake_module: 0.10.0 (/opt/ros/humble/share/python_cmake_module/cmake)
[3.474s] -- Found PythonLibs: /usr/lib/x86_64-linux-gnu/libpython3.10.so (found suitable version "3.10.12", minimum required is "3.5") 
[3.474s] -- Using PYTHON_EXECUTABLE: /usr/bin/python3
[3.474s] -- Using PYTHON_INCLUDE_DIRS: /usr/include/python3.10
[3.474s] -- Using PYTHON_LIBRARIES: /usr/lib/x86_64-linux-gnu/libpython3.10.so
[3.516s] -- Found PythonExtra: .so  
[3.632s] -- Found ament_lint_auto: 0.12.9 (/opt/ros/humble/share/ament_lint_auto/cmake)
[3.672s] -- Added test 'copyright' to check source files copyright and LICENSE
[3.675s] -- Added test 'cppcheck' to perform static code analysis on C / C++ code
[3.676s] -- Configured cppcheck include dirs: 
[3.676s] -- Configured cppcheck exclude dirs and/or files: 
[3.678s] -- Added test 'cpplint' to check C / C++ code against the Google style
[3.678s] -- Configured cpplint exclude dirs and/or files: 
[3.679s] -- Added test 'lint_cmake' to check CMake code style
[3.681s] -- Added test 'uncrustify' to check C / C++ code style
[3.682s] -- Configured uncrustify additional arguments: 
[3.683s] -- Added test 'xmllint' to check XML markup files
[3.688s] -- Configuring done
[3.786s] -- Generating done
[3.789s] -- Build files have been written to: /home/ros/docker_pronto_ws/build/generalized_pose_msgs
[3.824s] Invoked command in '/home/ros/docker_pronto_ws/build/generalized_pose_msgs' returned '0': CMAKE_PREFIX_PATH=${CMAKE_PREFIX_PATH}:/home/ros/docker_pronto_ws/install/planners_python:/home/ros/docker_pronto_ws/install/logger_gazebo:/home/ros/docker_pronto_ws/install/terrain_estimator:/home/ros/docker_pronto_ws/install/pose_estimator:/opt/ros/humble /usr/bin/cmake /home/ros/docker_pronto_ws/src/motion_control/generalized_pose_msgs -DCMAKE_BUILD_TYPE=Release -DCMAKE_EXPORT_COMPILE_COMMANDS=ON -DAMENT_CMAKE_SYMLINK_INSTALL=1 -DCMAKE_INSTALL_PREFIX=/home/ros/docker_pronto_ws/install/generalized_pose_msgs
[3.824s] Invoking command in '/home/ros/docker_pronto_ws/build/generalized_pose_msgs': CMAKE_PREFIX_PATH=${CMAKE_PREFIX_PATH}:/home/ros/docker_pronto_ws/install/planners_python:/home/ros/docker_pronto_ws/install/logger_gazebo:/home/ros/docker_pronto_ws/install/terrain_estimator:/home/ros/docker_pronto_ws/install/pose_estimator:/opt/ros/humble /usr/bin/cmake --build /home/ros/docker_pronto_ws/build/generalized_pose_msgs -- -j16 -l16
[4.008s] [  2%] [34m[1mGenerating C code for ROS interfaces[0m
[4.057s] [  4%] [34m[1mGenerating C++ code for ROS interfaces[0m
[4.132s] [  4%] Built target ament_cmake_python_symlink_generalized_pose_msgs
[4.832s] running egg_info
[4.833s] creating generalized_pose_msgs.egg-info
[4.834s] writing generalized_pose_msgs.egg-info/PKG-INFO
[4.834s] writing dependency_links to generalized_pose_msgs.egg-info/dependency_links.txt
[4.834s] writing top-level names to generalized_pose_msgs.egg-info/top_level.txt
[4.834s] writing manifest file 'generalized_pose_msgs.egg-info/SOURCES.txt'
[4.837s] reading manifest file 'generalized_pose_msgs.egg-info/SOURCES.txt'
[4.838s] writing manifest file 'generalized_pose_msgs.egg-info/SOURCES.txt'
[4.917s] [  4%] Built target ament_cmake_python_build_generalized_pose_msgs_egg
[5.543s] [  4%] Built target generalized_pose_msgs__cpp
[5.617s] [  6%] [34m[1mGenerating C++ type support for eProsima Fast-RTPS[0m
[5.627s] [  8%] [34m[1mGenerating C++ type support dispatch for ROS interfaces[0m
[5.631s] [ 10%] [32mBuilding C object CMakeFiles/generalized_pose_msgs__rosidl_generator_c.dir/rosidl_generator_c/generalized_pose_msgs/msg/detail/generalized_pose__functions.c.o[0m
[5.632s] [ 12%] [32mBuilding C object CMakeFiles/generalized_pose_msgs__rosidl_generator_c.dir/rosidl_generator_c/generalized_pose_msgs/msg/detail/generalized_pose_with_time__functions.c.o[0m
[5.653s] [ 14%] [34m[1mGenerating C++ introspection for ROS interfaces[0m
[5.704s] [ 17%] [32mBuilding C object CMakeFiles/generalized_pose_msgs__rosidl_generator_c.dir/rosidl_generator_c/generalized_pose_msgs/msg/detail/generalized_poses_with_time__functions.c.o[0m
[6.006s] [ 19%] [32m[1mLinking C shared library libgeneralized_pose_msgs__rosidl_generator_c.so[0m
[6.190s] [ 19%] Built target generalized_pose_msgs__rosidl_generator_c
[6.259s] [ 21%] [34m[1mGenerating C introspection for ROS interfaces[0m
[6.269s] [ 23%] [34m[1mGenerating C type support dispatch for ROS interfaces[0m
[6.290s] [ 25%] [34m[1mGenerating C type support for eProsima Fast-RTPS[0m
[6.450s] [ 27%] [32mBuilding CXX object CMakeFiles/generalized_pose_msgs__rosidl_typesupport_cpp.dir/rosidl_typesupport_cpp/generalized_pose_msgs/msg/generalized_pose__type_support.cpp.o[0m
[6.452s] [ 29%] [32mBuilding CXX object CMakeFiles/generalized_pose_msgs__rosidl_typesupport_cpp.dir/rosidl_typesupport_cpp/generalized_pose_msgs/msg/generalized_poses_with_time__type_support.cpp.o[0m
[6.461s] [ 31%] [32mBuilding CXX object CMakeFiles/generalized_pose_msgs__rosidl_typesupport_cpp.dir/rosidl_typesupport_cpp/generalized_pose_msgs/msg/generalized_pose_with_time__type_support.cpp.o[0m
[6.838s] [ 34%] [32mBuilding CXX object CMakeFiles/generalized_pose_msgs__rosidl_typesupport_fastrtps_cpp.dir/rosidl_typesupport_fastrtps_cpp/generalized_pose_msgs/msg/detail/dds_fastrtps/generalized_pose__type_support.cpp.o[0m
[6.849s] [ 36%] [32mBuilding CXX object CMakeFiles/generalized_pose_msgs__rosidl_typesupport_fastrtps_cpp.dir/rosidl_typesupport_fastrtps_cpp/generalized_pose_msgs/msg/detail/dds_fastrtps/generalized_poses_with_time__type_support.cpp.o[0m
[6.859s] [ 38%] [32mBuilding CXX object CMakeFiles/generalized_pose_msgs__rosidl_typesupport_fastrtps_cpp.dir/rosidl_typesupport_fastrtps_cpp/generalized_pose_msgs/msg/detail/dds_fastrtps/generalized_pose_with_time__type_support.cpp.o[0m
[7.140s] [ 40%] [32mBuilding CXX object CMakeFiles/generalized_pose_msgs__rosidl_typesupport_introspection_cpp.dir/rosidl_typesupport_introspection_cpp/generalized_pose_msgs/msg/detail/generalized_pose__type_support.cpp.o[0m
[7.177s] [ 42%] [32mBuilding CXX object CMakeFiles/generalized_pose_msgs__rosidl_typesupport_introspection_cpp.dir/rosidl_typesupport_introspection_cpp/generalized_pose_msgs/msg/detail/generalized_poses_with_time__type_support.cpp.o[0m
[7.181s] [ 44%] [32mBuilding CXX object CMakeFiles/generalized_pose_msgs__rosidl_typesupport_introspection_cpp.dir/rosidl_typesupport_introspection_cpp/generalized_pose_msgs/msg/detail/generalized_pose_with_time__type_support.cpp.o[0m
[7.308s] [ 46%] [32mBuilding CXX object CMakeFiles/generalized_pose_msgs__rosidl_typesupport_fastrtps_c.dir/rosidl_typesupport_fastrtps_c/generalized_pose_msgs/msg/detail/generalized_pose__type_support_c.cpp.o[0m
[7.318s] [ 48%] [32mBuilding CXX object CMakeFiles/generalized_pose_msgs__rosidl_typesupport_fastrtps_c.dir/rosidl_typesupport_fastrtps_c/generalized_pose_msgs/msg/detail/generalized_pose_with_time__type_support_c.cpp.o[0m
[7.340s] [ 51%] [32mBuilding CXX object CMakeFiles/generalized_pose_msgs__rosidl_typesupport_fastrtps_c.dir/rosidl_typesupport_fastrtps_c/generalized_pose_msgs/msg/detail/generalized_poses_with_time__type_support_c.cpp.o[0m
[7.581s] [ 53%] [32m[1mLinking CXX shared library libgeneralized_pose_msgs__rosidl_typesupport_cpp.so[0m
[7.769s] [ 53%] Built target generalized_pose_msgs__rosidl_typesupport_cpp
[7.841s] [ 55%] [32mBuilding C object CMakeFiles/generalized_pose_msgs__rosidl_typesupport_introspection_c.dir/rosidl_typesupport_introspection_c/generalized_pose_msgs/msg/detail/generalized_pose__type_support.c.o[0m
[7.868s] [ 57%] [32mBuilding C object CMakeFiles/generalized_pose_msgs__rosidl_typesupport_introspection_c.dir/rosidl_typesupport_introspection_c/generalized_pose_msgs/msg/detail/generalized_pose_with_time__type_support.c.o[0m
[7.883s] [ 59%] [32mBuilding C object CMakeFiles/generalized_pose_msgs__rosidl_typesupport_introspection_c.dir/rosidl_typesupport_introspection_c/generalized_pose_msgs/msg/detail/generalized_poses_with_time__type_support.c.o[0m
[7.932s] [ 63%] [32mBuilding CXX object CMakeFiles/generalized_pose_msgs__rosidl_typesupport_c.dir/rosidl_typesupport_c/generalized_pose_msgs/msg/generalized_pose_with_time__type_support.cpp.o[0m
[7.933s] [ 63%] [32mBuilding CXX object CMakeFiles/generalized_pose_msgs__rosidl_typesupport_c.dir/rosidl_typesupport_c/generalized_pose_msgs/msg/generalized_pose__type_support.cpp.o[0m
[7.968s] [ 65%] [32mBuilding CXX object CMakeFiles/generalized_pose_msgs__rosidl_typesupport_c.dir/rosidl_typesupport_c/generalized_pose_msgs/msg/generalized_poses_with_time__type_support.cpp.o[0m
[8.237s] [ 68%] [32m[1mLinking CXX shared library libgeneralized_pose_msgs__rosidl_typesupport_c.so[0m
[8.237s] [ 70%] [32m[1mLinking C shared library libgeneralized_pose_msgs__rosidl_typesupport_introspection_c.so[0m
[8.481s] [ 70%] Built target generalized_pose_msgs__rosidl_typesupport_c
[8.525s] [ 70%] Built target generalized_pose_msgs__rosidl_typesupport_introspection_c
[9.333s] [ 72%] [32m[1mLinking CXX shared library libgeneralized_pose_msgs__rosidl_typesupport_fastrtps_c.so[0m
[9.351s] [ 74%] [32m[1mLinking CXX shared library libgeneralized_pose_msgs__rosidl_typesupport_fastrtps_cpp.so[0m
[9.565s] [ 76%] [32m[1mLinking CXX shared library libgeneralized_pose_msgs__rosidl_typesupport_introspection_cpp.so[0m
[9.784s] [ 76%] Built target generalized_pose_msgs__rosidl_typesupport_fastrtps_c
[9.786s] [ 76%] Built target generalized_pose_msgs__rosidl_typesupport_introspection_cpp
[9.847s] [ 76%] Built target generalized_pose_msgs__rosidl_typesupport_fastrtps_cpp
[10.023s] [ 76%] Built target generalized_pose_msgs
[10.143s] [ 78%] [34m[1mGenerating Python code for ROS interfaces[0m
[12.559s] [ 78%] Built target generalized_pose_msgs__py
[12.602s] [ 80%] [32mBuilding C object CMakeFiles/generalized_pose_msgs__rosidl_generator_py.dir/rosidl_generator_py/generalized_pose_msgs/msg/_generalized_pose_s.c.o[0m
[12.632s] [ 82%] [32mBuilding C object CMakeFiles/generalized_pose_msgs__rosidl_generator_py.dir/rosidl_generator_py/generalized_pose_msgs/msg/_generalized_poses_with_time_s.c.o[0m
[12.661s] [ 85%] [32mBuilding C object CMakeFiles/generalized_pose_msgs__rosidl_generator_py.dir/rosidl_generator_py/generalized_pose_msgs/msg/_generalized_pose_with_time_s.c.o[0m
[13.101s] [ 87%] [32m[1mLinking C shared library rosidl_generator_py/generalized_pose_msgs/libgeneralized_pose_msgs__rosidl_generator_py.so[0m
[13.234s] [ 87%] Built target generalized_pose_msgs__rosidl_generator_py
[13.336s] [ 89%] [32mBuilding C object CMakeFiles/generalized_pose_msgs__rosidl_typesupport_introspection_c__pyext.dir/rosidl_generator_py/generalized_pose_msgs/_generalized_pose_msgs_s.ep.rosidl_typesupport_introspection_c.c.o[0m
[13.352s] [ 91%] [32mBuilding C object CMakeFiles/generalized_pose_msgs__rosidl_typesupport_c__pyext.dir/rosidl_generator_py/generalized_pose_msgs/_generalized_pose_msgs_s.ep.rosidl_typesupport_c.c.o[0m
[13.362s] [ 93%] [32mBuilding C object CMakeFiles/generalized_pose_msgs__rosidl_typesupport_fastrtps_c__pyext.dir/rosidl_generator_py/generalized_pose_msgs/_generalized_pose_msgs_s.ep.rosidl_typesupport_fastrtps_c.c.o[0m
[13.617s] [ 95%] [32m[1mLinking C shared library rosidl_generator_py/generalized_pose_msgs/generalized_pose_msgs_s__rosidl_typesupport_introspection_c.cpython-310-x86_64-linux-gnu.so[0m
[13.694s] [ 97%] [32m[1mLinking C shared library rosidl_generator_py/generalized_pose_msgs/generalized_pose_msgs_s__rosidl_typesupport_fastrtps_c.cpython-310-x86_64-linux-gnu.so[0m
[13.713s] [100%] [32m[1mLinking C shared library rosidl_generator_py/generalized_pose_msgs/generalized_pose_msgs_s__rosidl_typesupport_c.cpython-310-x86_64-linux-gnu.so[0m
[13.782s] [100%] Built target generalized_pose_msgs__rosidl_typesupport_introspection_c__pyext
[13.915s] [100%] Built target generalized_pose_msgs__rosidl_typesupport_c__pyext
[13.948s] [100%] Built target generalized_pose_msgs__rosidl_typesupport_fastrtps_c__pyext
[13.992s] Invoked command in '/home/ros/docker_pronto_ws/build/generalized_pose_msgs' returned '0': CMAKE_PREFIX_PATH=${CMAKE_PREFIX_PATH}:/home/ros/docker_pronto_ws/install/planners_python:/home/ros/docker_pronto_ws/install/logger_gazebo:/home/ros/docker_pronto_ws/install/terrain_estimator:/home/ros/docker_pronto_ws/install/pose_estimator:/opt/ros/humble /usr/bin/cmake --build /home/ros/docker_pronto_ws/build/generalized_pose_msgs -- -j16 -l16
[14.802s] Invoking command in '/home/ros/docker_pronto_ws/build/generalized_pose_msgs': CMAKE_PREFIX_PATH=${CMAKE_PREFIX_PATH}:/home/ros/docker_pronto_ws/install/planners_python:/home/ros/docker_pronto_ws/install/logger_gazebo:/home/ros/docker_pronto_ws/install/terrain_estimator:/home/ros/docker_pronto_ws/install/pose_estimator:/opt/ros/humble /usr/bin/cmake --install /home/ros/docker_pronto_ws/build/generalized_pose_msgs
[14.814s] -- Install configuration: "Release"
[14.814s] -- Execute custom install script
[14.815s] -- Symlinking: /home/ros/docker_pronto_ws/install/generalized_pose_msgs/share/ament_index/resource_index/rosidl_interfaces/generalized_pose_msgs
[14.832s] -- Symlinking: /home/ros/docker_pronto_ws/install/generalized_pose_msgs/include/generalized_pose_msgs/generalized_pose_msgs/msg/detail/generalized_pose__functions.h
[14.847s] -- Symlinking: /home/ros/docker_pronto_ws/install/generalized_pose_msgs/include/generalized_pose_msgs/generalized_pose_msgs/msg/detail/generalized_pose__struct.h
[14.860s] -- Symlinking: /home/ros/docker_pronto_ws/install/generalized_pose_msgs/include/generalized_pose_msgs/generalized_pose_msgs/msg/detail/generalized_pose__type_support.h
[14.872s] -- Symlinking: /home/ros/docker_pronto_ws/install/generalized_pose_msgs/include/generalized_pose_msgs/generalized_pose_msgs/msg/detail/generalized_pose_with_time__functions.h
[14.886s] -- Symlinking: /home/ros/docker_pronto_ws/install/generalized_pose_msgs/include/generalized_pose_msgs/generalized_pose_msgs/msg/detail/generalized_pose_with_time__struct.h
[14.899s] -- Symlinking: /home/ros/docker_pronto_ws/install/generalized_pose_msgs/include/generalized_pose_msgs/generalized_pose_msgs/msg/detail/generalized_pose_with_time__type_support.h
[14.913s] -- Symlinking: /home/ros/docker_pronto_ws/install/generalized_pose_msgs/include/generalized_pose_msgs/generalized_pose_msgs/msg/detail/generalized_poses_with_time__functions.h
[14.923s] -- Symlinking: /home/ros/docker_pronto_ws/install/generalized_pose_msgs/include/generalized_pose_msgs/generalized_pose_msgs/msg/detail/generalized_poses_with_time__struct.h
[14.936s] -- Symlinking: /home/ros/docker_pronto_ws/install/generalized_pose_msgs/include/generalized_pose_msgs/generalized_pose_msgs/msg/detail/generalized_poses_with_time__type_support.h
[14.950s] -- Symlinking: /home/ros/docker_pronto_ws/install/generalized_pose_msgs/include/generalized_pose_msgs/generalized_pose_msgs/msg/generalized_pose.h
[14.961s] -- Symlinking: /home/ros/docker_pronto_ws/install/generalized_pose_msgs/include/generalized_pose_msgs/generalized_pose_msgs/msg/generalized_pose_with_time.h
[14.972s] -- Symlinking: /home/ros/docker_pronto_ws/install/generalized_pose_msgs/include/generalized_pose_msgs/generalized_pose_msgs/msg/generalized_poses_with_time.h
[14.987s] -- Symlinking: /home/ros/docker_pronto_ws/install/generalized_pose_msgs/include/generalized_pose_msgs/generalized_pose_msgs/msg/rosidl_generator_c__visibility_control.h
[15.002s] -- Symlinking: /home/ros/docker_pronto_ws/install/generalized_pose_msgs/share/generalized_pose_msgs/environment/library_path.sh
[15.013s] -- Symlinking: /home/ros/docker_pronto_ws/install/generalized_pose_msgs/share/generalized_pose_msgs/environment/library_path.dsv
[15.026s] -- Symlinking: /home/ros/docker_pronto_ws/install/generalized_pose_msgs/include/generalized_pose_msgs/generalized_pose_msgs/msg/detail/generalized_pose__rosidl_typesupport_fastrtps_c.h
[15.038s] -- Symlinking: /home/ros/docker_pronto_ws/install/generalized_pose_msgs/include/generalized_pose_msgs/generalized_pose_msgs/msg/detail/generalized_pose_with_time__rosidl_typesupport_fastrtps_c.h
[15.051s] -- Symlinking: /home/ros/docker_pronto_ws/install/generalized_pose_msgs/include/generalized_pose_msgs/generalized_pose_msgs/msg/detail/generalized_poses_with_time__rosidl_typesupport_fastrtps_c.h
[15.062s] -- Symlinking: /home/ros/docker_pronto_ws/install/generalized_pose_msgs/include/generalized_pose_msgs/generalized_pose_msgs/msg/rosidl_typesupport_fastrtps_c__visibility_control.h
[15.074s] -- Symlinking: /home/ros/docker_pronto_ws/install/generalized_pose_msgs/include/generalized_pose_msgs/generalized_pose_msgs/msg/detail/generalized_pose__rosidl_typesupport_introspection_c.h
[15.104s] -- Symlinking: /home/ros/docker_pronto_ws/install/generalized_pose_msgs/include/generalized_pose_msgs/generalized_pose_msgs/msg/detail/generalized_pose_with_time__rosidl_typesupport_introspection_c.h
[15.129s] -- Symlinking: /home/ros/docker_pronto_ws/install/generalized_pose_msgs/include/generalized_pose_msgs/generalized_pose_msgs/msg/detail/generalized_poses_with_time__rosidl_typesupport_introspection_c.h
[15.167s] -- Symlinking: /home/ros/docker_pronto_ws/install/generalized_pose_msgs/include/generalized_pose_msgs/generalized_pose_msgs/msg/rosidl_typesupport_introspection_c__visibility_control.h
[15.187s] -- Symlinking: /home/ros/docker_pronto_ws/install/generalized_pose_msgs/include/generalized_pose_msgs/generalized_pose_msgs/msg/detail/generalized_pose__builder.hpp
[15.203s] -- Symlinking: /home/ros/docker_pronto_ws/install/generalized_pose_msgs/include/generalized_pose_msgs/generalized_pose_msgs/msg/detail/generalized_pose__struct.hpp
[15.217s] -- Symlinking: /home/ros/docker_pronto_ws/install/generalized_pose_msgs/include/generalized_pose_msgs/generalized_pose_msgs/msg/detail/generalized_pose__traits.hpp
[15.229s] -- Symlinking: /home/ros/docker_pronto_ws/install/generalized_pose_msgs/include/generalized_pose_msgs/generalized_pose_msgs/msg/detail/generalized_pose_with_time__builder.hpp
[15.241s] -- Symlinking: /home/ros/docker_pronto_ws/install/generalized_pose_msgs/include/generalized_pose_msgs/generalized_pose_msgs/msg/detail/generalized_pose_with_time__struct.hpp
[15.253s] -- Symlinking: /home/ros/docker_pronto_ws/install/generalized_pose_msgs/include/generalized_pose_msgs/generalized_pose_msgs/msg/detail/generalized_pose_with_time__traits.hpp
[15.262s] -- Symlinking: /home/ros/docker_pronto_ws/install/generalized_pose_msgs/include/generalized_pose_msgs/generalized_pose_msgs/msg/detail/generalized_poses_with_time__builder.hpp
[15.273s] -- Symlinking: /home/ros/docker_pronto_ws/install/generalized_pose_msgs/include/generalized_pose_msgs/generalized_pose_msgs/msg/detail/generalized_poses_with_time__struct.hpp
[15.282s] -- Symlinking: /home/ros/docker_pronto_ws/install/generalized_pose_msgs/include/generalized_pose_msgs/generalized_pose_msgs/msg/detail/generalized_poses_with_time__traits.hpp
[15.293s] -- Symlinking: /home/ros/docker_pronto_ws/install/generalized_pose_msgs/include/generalized_pose_msgs/generalized_pose_msgs/msg/generalized_pose.hpp
[15.334s] -- Symlinking: /home/ros/docker_pronto_ws/install/generalized_pose_msgs/include/generalized_pose_msgs/generalized_pose_msgs/msg/generalized_pose_with_time.hpp
[15.368s] -- Symlinking: /home/ros/docker_pronto_ws/install/generalized_pose_msgs/include/generalized_pose_msgs/generalized_pose_msgs/msg/generalized_poses_with_time.hpp
[15.400s] -- Symlinking: /home/ros/docker_pronto_ws/install/generalized_pose_msgs/include/generalized_pose_msgs/generalized_pose_msgs/msg/detail/generalized_pose__rosidl_typesupport_fastrtps_cpp.hpp
[15.415s] -- Symlinking: /home/ros/docker_pronto_ws/install/generalized_pose_msgs/include/generalized_pose_msgs/generalized_pose_msgs/msg/detail/generalized_pose_with_time__rosidl_typesupport_fastrtps_cpp.hpp
[15.428s] -- Symlinking: /home/ros/docker_pronto_ws/install/generalized_pose_msgs/include/generalized_pose_msgs/generalized_pose_msgs/msg/detail/generalized_poses_with_time__rosidl_typesupport_fastrtps_cpp.hpp
[15.439s] -- Symlinking: /home/ros/docker_pronto_ws/install/generalized_pose_msgs/include/generalized_pose_msgs/generalized_pose_msgs/msg/rosidl_typesupport_fastrtps_cpp__visibility_control.h
[15.451s] -- Symlinking: /home/ros/docker_pronto_ws/install/generalized_pose_msgs/include/generalized_pose_msgs/generalized_pose_msgs/msg/detail/generalized_pose__rosidl_typesupport_introspection_cpp.hpp
[15.463s] -- Symlinking: /home/ros/docker_pronto_ws/install/generalized_pose_msgs/include/generalized_pose_msgs/generalized_pose_msgs/msg/detail/generalized_pose_with_time__rosidl_typesupport_introspection_cpp.hpp
[15.473s] -- Symlinking: /home/ros/docker_pronto_ws/install/generalized_pose_msgs/include/generalized_pose_msgs/generalized_pose_msgs/msg/detail/generalized_poses_with_time__rosidl_typesupport_introspection_cpp.hpp
[15.485s] -- Symlinking: /home/ros/docker_pronto_ws/install/generalized_pose_msgs/share/generalized_pose_msgs/environment/pythonpath.sh
[15.496s] -- Symlinking: /home/ros/docker_pronto_ws/install/generalized_pose_msgs/share/generalized_pose_msgs/environment/pythonpath.dsv
[15.508s] -- Symlinking: /home/ros/docker_pronto_ws/install/generalized_pose_msgs/local/lib/python3.10/dist-packages/generalized_pose_msgs-0.0.0-py3.10.egg-info/PKG-INFO
[15.518s] -- Symlinking: /home/ros/docker_pronto_ws/install/generalized_pose_msgs/local/lib/python3.10/dist-packages/generalized_pose_msgs-0.0.0-py3.10.egg-info/SOURCES.txt
[15.530s] -- Symlinking: /home/ros/docker_pronto_ws/install/generalized_pose_msgs/local/lib/python3.10/dist-packages/generalized_pose_msgs-0.0.0-py3.10.egg-info/dependency_links.txt
[15.541s] -- Symlinking: /home/ros/docker_pronto_ws/install/generalized_pose_msgs/local/lib/python3.10/dist-packages/generalized_pose_msgs-0.0.0-py3.10.egg-info/top_level.txt
[15.552s] -- Symlinking: /home/ros/docker_pronto_ws/install/generalized_pose_msgs/local/lib/python3.10/dist-packages/generalized_pose_msgs/__init__.py
[15.561s] -- Symlinking: /home/ros/docker_pronto_ws/install/generalized_pose_msgs/local/lib/python3.10/dist-packages/generalized_pose_msgs/_generalized_pose_msgs_s.ep.rosidl_typesupport_c.c
[15.571s] -- Symlinking: /home/ros/docker_pronto_ws/install/generalized_pose_msgs/local/lib/python3.10/dist-packages/generalized_pose_msgs/_generalized_pose_msgs_s.ep.rosidl_typesupport_fastrtps_c.c
[15.581s] -- Symlinking: /home/ros/docker_pronto_ws/install/generalized_pose_msgs/local/lib/python3.10/dist-packages/generalized_pose_msgs/_generalized_pose_msgs_s.ep.rosidl_typesupport_introspection_c.c
[15.594s] -- Symlinking: /home/ros/docker_pronto_ws/install/generalized_pose_msgs/local/lib/python3.10/dist-packages/generalized_pose_msgs/generalized_pose_msgs_s__rosidl_typesupport_c.cpython-310-x86_64-linux-gnu.so
[15.623s] -- Symlinking: /home/ros/docker_pronto_ws/install/generalized_pose_msgs/local/lib/python3.10/dist-packages/generalized_pose_msgs/generalized_pose_msgs_s__rosidl_typesupport_fastrtps_c.cpython-310-x86_64-linux-gnu.so
[15.650s] -- Symlinking: /home/ros/docker_pronto_ws/install/generalized_pose_msgs/local/lib/python3.10/dist-packages/generalized_pose_msgs/generalized_pose_msgs_s__rosidl_typesupport_introspection_c.cpython-310-x86_64-linux-gnu.so
[15.678s] -- Symlinking: /home/ros/docker_pronto_ws/install/generalized_pose_msgs/local/lib/python3.10/dist-packages/generalized_pose_msgs/libgeneralized_pose_msgs__rosidl_generator_py.so
[15.712s] -- Symlinking: /home/ros/docker_pronto_ws/install/generalized_pose_msgs/local/lib/python3.10/dist-packages/generalized_pose_msgs/msg/__init__.py
[15.724s] -- Symlinking: /home/ros/docker_pronto_ws/install/generalized_pose_msgs/local/lib/python3.10/dist-packages/generalized_pose_msgs/msg/_generalized_pose.py
[15.736s] -- Symlinking: /home/ros/docker_pronto_ws/install/generalized_pose_msgs/local/lib/python3.10/dist-packages/generalized_pose_msgs/msg/_generalized_pose_s.c
[15.746s] -- Symlinking: /home/ros/docker_pronto_ws/install/generalized_pose_msgs/local/lib/python3.10/dist-packages/generalized_pose_msgs/msg/_generalized_pose_with_time.py
[15.757s] -- Symlinking: /home/ros/docker_pronto_ws/install/generalized_pose_msgs/local/lib/python3.10/dist-packages/generalized_pose_msgs/msg/_generalized_pose_with_time_s.c
[15.766s] -- Symlinking: /home/ros/docker_pronto_ws/install/generalized_pose_msgs/local/lib/python3.10/dist-packages/generalized_pose_msgs/msg/_generalized_poses_with_time.py
[15.775s] -- Symlinking: /home/ros/docker_pronto_ws/install/generalized_pose_msgs/local/lib/python3.10/dist-packages/generalized_pose_msgs/msg/_generalized_poses_with_time_s.c
[15.786s] -- Up-to-date symlink: /home/ros/docker_pronto_ws/install/generalized_pose_msgs/local/lib/python3.10/dist-packages/generalized_pose_msgs/generalized_pose_msgs_s__rosidl_typesupport_fastrtps_c.cpython-310-x86_64-linux-gnu.so
[15.786s] -- Up-to-date symlink: /home/ros/docker_pronto_ws/install/generalized_pose_msgs/local/lib/python3.10/dist-packages/generalized_pose_msgs/generalized_pose_msgs_s__rosidl_typesupport_introspection_c.cpython-310-x86_64-linux-gnu.so
[15.786s] -- Up-to-date symlink: /home/ros/docker_pronto_ws/install/generalized_pose_msgs/local/lib/python3.10/dist-packages/generalized_pose_msgs/generalized_pose_msgs_s__rosidl_typesupport_c.cpython-310-x86_64-linux-gnu.so
[15.787s] -- Symlinking: /home/ros/docker_pronto_ws/install/generalized_pose_msgs/share/generalized_pose_msgs/msg/GeneralizedPose.idl
[15.799s] -- Symlinking: /home/ros/docker_pronto_ws/install/generalized_pose_msgs/share/generalized_pose_msgs/msg/GeneralizedPoseWithTime.idl
[15.811s] -- Symlinking: /home/ros/docker_pronto_ws/install/generalized_pose_msgs/share/generalized_pose_msgs/msg/GeneralizedPosesWithTime.idl
[15.839s] -- Symlinking: /home/ros/docker_pronto_ws/install/generalized_pose_msgs/share/generalized_pose_msgs/msg/GeneralizedPose.msg
[15.864s] -- Symlinking: /home/ros/docker_pronto_ws/install/generalized_pose_msgs/share/generalized_pose_msgs/msg/GeneralizedPoseWithTime.msg
[15.891s] -- Symlinking: /home/ros/docker_pronto_ws/install/generalized_pose_msgs/share/generalized_pose_msgs/msg/GeneralizedPosesWithTime.msg
[15.917s] -- Symlinking: /home/ros/docker_pronto_ws/install/generalized_pose_msgs/include/generalized_pose_msgs/generalized_pose_msgs/generalized_pose_struct.hpp
[15.934s] -- Symlinking: /home/ros/docker_pronto_ws/install/generalized_pose_msgs/share/ament_index/resource_index/package_run_dependencies/generalized_pose_msgs
[15.948s] -- Symlinking: /home/ros/docker_pronto_ws/install/generalized_pose_msgs/share/ament_index/resource_index/parent_prefix_path/generalized_pose_msgs
[15.960s] -- Symlinking: /home/ros/docker_pronto_ws/install/generalized_pose_msgs/share/generalized_pose_msgs/environment/ament_prefix_path.sh
[15.971s] -- Symlinking: /home/ros/docker_pronto_ws/install/generalized_pose_msgs/share/generalized_pose_msgs/environment/ament_prefix_path.dsv
[15.980s] -- Symlinking: /home/ros/docker_pronto_ws/install/generalized_pose_msgs/share/generalized_pose_msgs/environment/path.sh
[15.990s] -- Symlinking: /home/ros/docker_pronto_ws/install/generalized_pose_msgs/share/generalized_pose_msgs/environment/path.dsv
[16.000s] -- Symlinking: /home/ros/docker_pronto_ws/install/generalized_pose_msgs/share/generalized_pose_msgs/local_setup.bash
[16.011s] -- Symlinking: /home/ros/docker_pronto_ws/install/generalized_pose_msgs/share/generalized_pose_msgs/local_setup.sh
[16.021s] -- Symlinking: /home/ros/docker_pronto_ws/install/generalized_pose_msgs/share/generalized_pose_msgs/local_setup.zsh
[16.030s] -- Symlinking: /home/ros/docker_pronto_ws/install/generalized_pose_msgs/share/generalized_pose_msgs/local_setup.dsv
[16.037s] -- Symlinking: /home/ros/docker_pronto_ws/install/generalized_pose_msgs/share/generalized_pose_msgs/package.dsv
[16.049s] -- Symlinking: /home/ros/docker_pronto_ws/install/generalized_pose_msgs/share/ament_index/resource_index/packages/generalized_pose_msgs
[16.061s] -- Symlinking: /home/ros/docker_pronto_ws/install/generalized_pose_msgs/share/generalized_pose_msgs/cmake/rosidl_cmake-extras.cmake
[16.071s] -- Symlinking: /home/ros/docker_pronto_ws/install/generalized_pose_msgs/share/generalized_pose_msgs/cmake/ament_cmake_export_dependencies-extras.cmake
[16.081s] -- Symlinking: /home/ros/docker_pronto_ws/install/generalized_pose_msgs/share/generalized_pose_msgs/cmake/ament_cmake_export_include_directories-extras.cmake
[16.093s] -- Symlinking: /home/ros/docker_pronto_ws/install/generalized_pose_msgs/share/generalized_pose_msgs/cmake/ament_cmake_export_libraries-extras.cmake
[16.104s] -- Symlinking: /home/ros/docker_pronto_ws/install/generalized_pose_msgs/share/generalized_pose_msgs/cmake/ament_cmake_export_targets-extras.cmake
[16.114s] -- Symlinking: /home/ros/docker_pronto_ws/install/generalized_pose_msgs/share/generalized_pose_msgs/cmake/rosidl_cmake_export_typesupport_targets-extras.cmake
[16.123s] -- Symlinking: /home/ros/docker_pronto_ws/install/generalized_pose_msgs/share/generalized_pose_msgs/cmake/rosidl_cmake_export_typesupport_libraries-extras.cmake
[16.133s] -- Symlinking: /home/ros/docker_pronto_ws/install/generalized_pose_msgs/share/generalized_pose_msgs/cmake/generalized_pose_msgsConfig.cmake
[16.144s] -- Symlinking: /home/ros/docker_pronto_ws/install/generalized_pose_msgs/share/generalized_pose_msgs/cmake/generalized_pose_msgsConfig-version.cmake
[16.155s] -- Symlinking: /home/ros/docker_pronto_ws/install/generalized_pose_msgs/share/generalized_pose_msgs/package.xml
[16.165s] -- Installing: /home/ros/docker_pronto_ws/install/generalized_pose_msgs/lib/libgeneralized_pose_msgs__rosidl_generator_c.so
[16.165s] -- Set runtime path of "/home/ros/docker_pronto_ws/install/generalized_pose_msgs/lib/libgeneralized_pose_msgs__rosidl_generator_c.so" to ""
[16.165s] -- Installing: /home/ros/docker_pronto_ws/install/generalized_pose_msgs/lib/libgeneralized_pose_msgs__rosidl_typesupport_fastrtps_c.so
[16.166s] -- Set runtime path of "/home/ros/docker_pronto_ws/install/generalized_pose_msgs/lib/libgeneralized_pose_msgs__rosidl_typesupport_fastrtps_c.so" to ""
[16.166s] -- Installing: /home/ros/docker_pronto_ws/install/generalized_pose_msgs/lib/libgeneralized_pose_msgs__rosidl_typesupport_introspection_c.so
[16.166s] -- Set runtime path of "/home/ros/docker_pronto_ws/install/generalized_pose_msgs/lib/libgeneralized_pose_msgs__rosidl_typesupport_introspection_c.so" to ""
[16.167s] -- Installing: /home/ros/docker_pronto_ws/install/generalized_pose_msgs/lib/libgeneralized_pose_msgs__rosidl_typesupport_c.so
[16.167s] -- Set runtime path of "/home/ros/docker_pronto_ws/install/generalized_pose_msgs/lib/libgeneralized_pose_msgs__rosidl_typesupport_c.so" to ""
[16.167s] -- Installing: /home/ros/docker_pronto_ws/install/generalized_pose_msgs/lib/libgeneralized_pose_msgs__rosidl_typesupport_fastrtps_cpp.so
[16.167s] -- Set runtime path of "/home/ros/docker_pronto_ws/install/generalized_pose_msgs/lib/libgeneralized_pose_msgs__rosidl_typesupport_fastrtps_cpp.so" to ""
[16.167s] -- Installing: /home/ros/docker_pronto_ws/install/generalized_pose_msgs/lib/libgeneralized_pose_msgs__rosidl_typesupport_introspection_cpp.so
[16.167s] -- Set runtime path of "/home/ros/docker_pronto_ws/install/generalized_pose_msgs/lib/libgeneralized_pose_msgs__rosidl_typesupport_introspection_cpp.so" to ""
[16.167s] -- Installing: /home/ros/docker_pronto_ws/install/generalized_pose_msgs/lib/libgeneralized_pose_msgs__rosidl_typesupport_cpp.so
[16.168s] -- Set runtime path of "/home/ros/docker_pronto_ws/install/generalized_pose_msgs/lib/libgeneralized_pose_msgs__rosidl_typesupport_cpp.so" to ""
[16.220s] Listing '/home/ros/docker_pronto_ws/install/generalized_pose_msgs/local/lib/python3.10/dist-packages/generalized_pose_msgs'...
[16.220s] Compiling '/home/ros/docker_pronto_ws/install/generalized_pose_msgs/local/lib/python3.10/dist-packages/generalized_pose_msgs/__init__.py'...
[16.220s] Listing '/home/ros/docker_pronto_ws/install/generalized_pose_msgs/local/lib/python3.10/dist-packages/generalized_pose_msgs/msg'...
[16.220s] Compiling '/home/ros/docker_pronto_ws/install/generalized_pose_msgs/local/lib/python3.10/dist-packages/generalized_pose_msgs/msg/__init__.py'...
[16.220s] Compiling '/home/ros/docker_pronto_ws/install/generalized_pose_msgs/local/lib/python3.10/dist-packages/generalized_pose_msgs/msg/_generalized_pose.py'...
[16.220s] Compiling '/home/ros/docker_pronto_ws/install/generalized_pose_msgs/local/lib/python3.10/dist-packages/generalized_pose_msgs/msg/_generalized_pose_with_time.py'...
[16.220s] Compiling '/home/ros/docker_pronto_ws/install/generalized_pose_msgs/local/lib/python3.10/dist-packages/generalized_pose_msgs/msg/_generalized_poses_with_time.py'...
[16.227s] -- Installing: /home/ros/docker_pronto_ws/install/generalized_pose_msgs/lib/libgeneralized_pose_msgs__rosidl_generator_py.so
[16.228s] -- Set runtime path of "/home/ros/docker_pronto_ws/install/generalized_pose_msgs/lib/libgeneralized_pose_msgs__rosidl_generator_py.so" to ""
[16.228s] -- Installing: /home/ros/docker_pronto_ws/install/generalized_pose_msgs/share/generalized_pose_msgs/cmake/export_generalized_pose_msgs__rosidl_generator_cExport.cmake
[16.228s] -- Installing: /home/ros/docker_pronto_ws/install/generalized_pose_msgs/share/generalized_pose_msgs/cmake/export_generalized_pose_msgs__rosidl_generator_cExport-release.cmake
[16.236s] -- Installing: /home/ros/docker_pronto_ws/install/generalized_pose_msgs/share/generalized_pose_msgs/cmake/export_generalized_pose_msgs__rosidl_typesupport_fastrtps_cExport.cmake
[16.236s] -- Installing: /home/ros/docker_pronto_ws/install/generalized_pose_msgs/share/generalized_pose_msgs/cmake/export_generalized_pose_msgs__rosidl_typesupport_fastrtps_cExport-release.cmake
[16.236s] -- Installing: /home/ros/docker_pronto_ws/install/generalized_pose_msgs/share/generalized_pose_msgs/cmake/generalized_pose_msgs__rosidl_typesupport_introspection_cExport.cmake
[16.236s] -- Installing: /home/ros/docker_pronto_ws/install/generalized_pose_msgs/share/generalized_pose_msgs/cmake/generalized_pose_msgs__rosidl_typesupport_introspection_cExport-release.cmake
[16.237s] -- Installing: /home/ros/docker_pronto_ws/install/generalized_pose_msgs/share/generalized_pose_msgs/cmake/generalized_pose_msgs__rosidl_typesupport_cExport.cmake
[16.237s] -- Installing: /home/ros/docker_pronto_ws/install/generalized_pose_msgs/share/generalized_pose_msgs/cmake/generalized_pose_msgs__rosidl_typesupport_cExport-release.cmake
[16.237s] -- Installing: /home/ros/docker_pronto_ws/install/generalized_pose_msgs/share/generalized_pose_msgs/cmake/export_generalized_pose_msgs__rosidl_generator_cppExport.cmake
[16.237s] -- Installing: /home/ros/docker_pronto_ws/install/generalized_pose_msgs/share/generalized_pose_msgs/cmake/export_generalized_pose_msgs__rosidl_typesupport_fastrtps_cppExport.cmake
[16.237s] -- Installing: /home/ros/docker_pronto_ws/install/generalized_pose_msgs/share/generalized_pose_msgs/cmake/export_generalized_pose_msgs__rosidl_typesupport_fastrtps_cppExport-release.cmake
[16.237s] -- Installing: /home/ros/docker_pronto_ws/install/generalized_pose_msgs/share/generalized_pose_msgs/cmake/generalized_pose_msgs__rosidl_typesupport_introspection_cppExport.cmake
[16.237s] -- Installing: /home/ros/docker_pronto_ws/install/generalized_pose_msgs/share/generalized_pose_msgs/cmake/generalized_pose_msgs__rosidl_typesupport_introspection_cppExport-release.cmake
[16.237s] -- Installing: /home/ros/docker_pronto_ws/install/generalized_pose_msgs/share/generalized_pose_msgs/cmake/generalized_pose_msgs__rosidl_typesupport_cppExport.cmake
[16.237s] -- Installing: /home/ros/docker_pronto_ws/install/generalized_pose_msgs/share/generalized_pose_msgs/cmake/generalized_pose_msgs__rosidl_typesupport_cppExport-release.cmake
[16.237s] -- Installing: /home/ros/docker_pronto_ws/install/generalized_pose_msgs/share/generalized_pose_msgs/cmake/export_generalized_pose_msgs__rosidl_generator_pyExport.cmake
[16.238s] -- Installing: /home/ros/docker_pronto_ws/install/generalized_pose_msgs/share/generalized_pose_msgs/cmake/export_generalized_pose_msgs__rosidl_generator_pyExport-release.cmake
[16.238s] Invoked command in '/home/ros/docker_pronto_ws/build/generalized_pose_msgs' returned '0': CMAKE_PREFIX_PATH=${CMAKE_PREFIX_PATH}:/home/ros/docker_pronto_ws/install/planners_python:/home/ros/docker_pronto_ws/install/logger_gazebo:/home/ros/docker_pronto_ws/install/terrain_estimator:/home/ros/docker_pronto_ws/install/pose_estimator:/opt/ros/humble /usr/bin/cmake --install /home/ros/docker_pronto_ws/build/generalized_pose_msgs
