[33mCMake Warning at /usr/share/cmake-3.22/Modules/FindBoost.cmake:2201 (message):
  No header defined for python310; skipping header check (note: header-only
  libraries have no designated component)
Call Stack (most recent call first):
  /opt/ros/humble/lib/x86_64-linux-gnu/cmake/eigenpy/boost.cmake:144 (find_package)
  /opt/ros/humble/lib/x86_64-linux-gnu/cmake/eigenpy/eigenpyConfig.cmake:149 (SEARCH_FOR_BOOST_PYTHON)
  /usr/share/cmake-3.22/Modules/CMakeFindDependencyMacro.cmake:47 (find_package)
  /opt/ros/humble/lib/x86_64-linux-gnu/cmake/pinocchio/pinocchioConfig.cmake:160 (find_dependency)
  CMakeLists.txt:14 (find_package)

[0m
[01m[K/home/ros/docker_pronto_ws/src/pronto_ros2_controller/src/quad_model_parser.cpp:[m[K In constructor ‘[01m[Kpronto_controller::Model_Parser::Model_Parser(std::string)[m[K’:
[01m[K/home/ros/docker_pronto_ws/src/pronto_ros2_controller/src/quad_model_parser.cpp:12:13:[m[K [01;35m[Kwarning: [m[Kunused variable ‘[01m[Kleg_jnt[m[K’ [[01;35m[K-Wunused-variable[m[K]
   12 |         int [01;35m[Kleg_jnt[m[K,parse_leg_count,parse_jnt_leg_count;
      |             [01;35m[K^~~~~~~[m[K
[01m[K/home/ros/docker_pronto_ws/src/pronto_ros2_controller/src/legodom_manager.cpp:[m[K In constructor ‘[01m[Kpronto_controller::LegOdom_Manager::LegOdom_Manager(rclcpp_lifecycle::LifecycleNode::SharedPtr, std::map<std::__cxx11::basic_string<char>, std::tuple<double, double, double> >&, std::string)[m[K’:
[01m[K/home/ros/docker_pronto_ws/src/pronto_ros2_controller/src/legodom_manager.cpp:17:21:[m[K [01;35m[Kwarning: [m[Kunused variable ‘[01m[Kfound[m[K’ [[01;35m[K-Wunused-variable[m[K]
   17 |         std::size_t [01;35m[Kfound[m[K;
      |                     [01;35m[K^~~~~[m[K
[01m[K/home/ros/docker_pronto_ws/src/pronto_ros2_controller/src/legodom_manager.cpp:18:13:[m[K [01;35m[Kwarning: [m[Kunused variable ‘[01m[Kind[m[K’ [[01;35m[K-Wunused-variable[m[K]
   18 |         int [01;35m[Kind[m[K = 0,DOF;
      |             [01;35m[K^~~[m[K
[01m[K/home/ros/docker_pronto_ws/src/pronto_ros2_controller/src/legodom_manager.cpp:19:23:[m[K [01;35m[Kwarning: [m[Kvariable ‘[01m[Kax[m[K’ set but not used [[01;35m[K-Wunused-but-set-variable[m[K]
   19 |         urdf::Vector3 [01;35m[Kax[m[K = urdf::Vector3(0.0,0.0,0.0);
      |                       [01;35m[K^~[m[K
[01m[K/home/ros/docker_pronto_ws/src/pronto_ros2_controller/src/legodom_manager.cpp:20:14:[m[K [01;35m[Kwarning: [m[Kunused variable ‘[01m[Kax_int[m[K’ [[01;35m[K-Wunused-variable[m[K]
   20 |         bool [01;35m[Kax_int[m[K = false;
      |              [01;35m[K^~~~~~[m[K
In file included from [01m[K/home/ros/docker_pronto_ws/src/pronto_ros2_controller/include/pronto_ros2_controller/pronto_controller.hpp:12[m[K,
                 from [01m[K/home/ros/docker_pronto_ws/src/pronto_ros2_controller/src/pronto_controller.cpp:1[m[K:
[01m[K/home/ros/docker_pronto_ws/src/pronto_ros2_controller/include/pronto_ros2_controller/exteroceptive_sensor_sensor_manager.hpp:[m[K In constructor ‘[01m[Kpronto_controller::Exte_Sensor_Manager::Exte_Sensor_Manager(rclcpp_lifecycle::LifecycleNode::SharedPtr)[m[K’:
[01m[K/home/ros/docker_pronto_ws/src/pronto_ros2_controller/include/pronto_ros2_controller/exteroceptive_sensor_sensor_manager.hpp:20:76:[m[K [01;35m[Kwarning: [m[Kunused parameter ‘[01m[Kcontroller[m[K’ [[01;35m[K-Wunused-parameter[m[K]
   20 |             Exte_Sensor_Manager([01;35m[Krclcpp_lifecycle::LifecycleNode::SharedPtr controller[m[K)
      |                                 [01;35m[K~~~~~~~~~~~~~~~~~~~~~~~~~~~~~~~~~~~~~~~~~~~^~~~~~~~~~[m[K
[01m[K/home/ros/docker_pronto_ws/src/pronto_ros2_controller/src/legodom_manager.cpp:[m[K In constructor ‘[01m[Kpronto_controller::LegOdom_Manager::LegOdom_Manager(rclcpp_lifecycle::LifecycleNode::SharedPtr, std::map<std::__cxx11::basic_string<char>, std::tuple<double, double, double> >&, std::string)[m[K’:
[01m[K/home/ros/docker_pronto_ws/src/pronto_ros2_controller/src/legodom_manager.cpp:18:21:[m[K [01;35m[Kwarning: [m[K‘[01m[KDOF[m[K’ may be used uninitialized in this function [[01;35m[K-Wmaybe-uninitialized[m[K]
   18 |         int ind = 0,[01;35m[KDOF[m[K;
      |                     [01;35m[K^~~[m[K
[01m[K/home/ros/docker_pronto_ws/src/pronto_ros2_controller/src/test_node.cpp:[m[K In function ‘[01m[Kint main(int, char**)[m[K’:
[01m[K/home/ros/docker_pronto_ws/src/pronto_ros2_controller/src/test_node.cpp:60:10:[m[K [01;35m[Kwarning: [m[Kvariable ‘[01m[Ka[m[K’ set but not used [[01;35m[K-Wunused-but-set-variable[m[K]
   60 |     auto [01;35m[Ka[m[K = J.block<1,2>(0,4);
      |          [01;35m[K^[m[K
