-- The C compiler identification is GNU 11.4.0
-- The CXX compiler identification is GNU 11.4.0
-- Detecting C compiler ABI info
-- Detecting C compiler ABI info - done
-- Check for working C compiler: /usr/bin/cc - skipped
-- Detecting C compile features
-- Detecting C compile features - done
-- Detecting CXX compiler ABI info
-- Detecting CXX compiler ABI info - done
-- Check for working CXX compiler: /usr/bin/c++ - skipped
-- Detecting CXX compile features
-- Detecting CXX compile features - done
-- Found ament_cmake: 1.3.6 (/opt/ros/humble/share/ament_cmake/cmake)
-- Found Python3: /usr/bin/python3.10 (found version "3.10.12") found components: Interpreter 
-- Override CMake install command with custom implementation using symlinks instead of copying resources
-- Found rclcpp: 16.0.7 (/opt/ros/humble/share/rclcpp/cmake)
-- Found rosidl_generator_c: 3.1.5 (/opt/ros/humble/share/rosidl_generator_c/cmake)
-- Found rosidl_adapter: 3.1.5 (/opt/ros/humble/share/rosidl_adapter/cmake)
-- Found rosidl_generator_cpp: 3.1.5 (/opt/ros/humble/share/rosidl_generator_cpp/cmake)
-- Using all available rosidl_typesupport_c: rosidl_typesupport_fastrtps_c;rosidl_typesupport_introspection_c
-- Using all available rosidl_typesupport_cpp: rosidl_typesupport_fastrtps_cpp;rosidl_typesupport_introspection_cpp
-- Found rmw_implementation_cmake: 6.1.1 (/opt/ros/humble/share/rmw_implementation_cmake/cmake)
-- Found rmw_fastrtps_cpp: 6.2.5 (/opt/ros/humble/share/rmw_fastrtps_cpp/cmake)
-- Found OpenSSL: /usr/lib/x86_64-linux-gnu/libcrypto.so (found version "3.0.2")  
-- Found FastRTPS: /opt/ros/humble/include  
-- Using RMW implementation 'rmw_fastrtps_cpp' as default
-- Looking for pthread.h
-- Looking for pthread.h - found
-- Performing Test CMAKE_HAVE_LIBC_PTHREAD
-- Performing Test CMAKE_HAVE_LIBC_PTHREAD - Success
-- Found Threads: TRUE  
-- Found rclcpp_lifecycle: 16.0.7 (/opt/ros/humble/share/rclcpp_lifecycle/cmake)
-- Found hardware_interface: 2.37.0 (/opt/ros/humble/share/hardware_interface/cmake)
-- pinocchio FOUND. pinocchio at /opt/ros/humble/lib/x86_64-linux-gnu/libpinocchio.so
-- boost_filesystem FOUND. boost_filesystem at /lib/x86_64-linux-gnu/libboost_filesystem.so
-- boost_serialization FOUND. boost_serialization at /lib/x86_64-linux-gnu/libboost_serialization.so
-- boost_system FOUND. boost_system at /lib/x86_64-linux-gnu/libboost_system.so
-- Found Boost: /usr/include (found version "1.74.0") found components: filesystem serialization system 
-- eigenpy FOUND. eigenpy at /opt/ros/humble/lib/x86_64-linux-gnu/libeigenpy.so
-- Found Python3: /usr/bin/python3.10 (found version "3.10.12") found components: Interpreter Development.Module NumPy 
-- PythonLibraryDirs: 
-- PythonLibVersionString: 3.10.12
-- Python site lib: lib/python3.10/dist-packages
-- Python include dirs: /usr/include/python3.10
-- Checking for NumPy
--   NUMPY_INCLUDE_DIRS=/home/ros/.local/lib/python3.10/site-packages/numpy/core/include
--   NUMPY_VERSION=1.26.4
-- NumPy include dir: /home/ros/.local/lib/python3.10/site-packages/numpy/core/include
[33mCMake Warning at /usr/share/cmake-3.22/Modules/FindBoost.cmake:2201 (message):
  No header defined for python310; skipping header check (note: header-only
  libraries have no designated component)
Call Stack (most recent call first):
  /opt/ros/humble/lib/x86_64-linux-gnu/cmake/eigenpy/boost.cmake:144 (find_package)
  /opt/ros/humble/lib/x86_64-linux-gnu/cmake/eigenpy/eigenpyConfig.cmake:149 (SEARCH_FOR_BOOST_PYTHON)
  /usr/share/cmake-3.22/Modules/CMakeFindDependencyMacro.cmake:47 (find_package)
  /opt/ros/humble/lib/x86_64-linux-gnu/cmake/pinocchio/pinocchioConfig.cmake:160 (find_dependency)
  CMakeLists.txt:14 (find_package)

[0m
-- Found Boost: /usr/include (found version "1.74.0") found components: python310 
-- Boost_PYTHON_LIBRARY: /usr/lib/x86_64-linux-gnu/libboost_python310.so
-- Default C++ standard: 201703
-- Minimal C++ standard upgraded to 11
-- C++ standard sufficient: Minimal required 11, currently defined: 17
-- CMAKE_CXX_STANDARD was not set: automatically set to currently defined standard 17
-- hpp-fcl FOUND. hpp-fcl at /opt/ros/humble/lib/x86_64-linux-gnu/libhpp-fcl.so
-- Found Boost: /usr/include (found version "1.74.0") found components: chrono serialization 
-- C++ standard sufficient: Minimal required 11, currently defined: 17
-- C++ standard sufficient: Minimal required 11, currently defined: 17
-- Found controller_interface: 2.37.0 (/opt/ros/humble/share/controller_interface/cmake)
-- Found pronto_core: 0.0.0 (/home/ros/docker_pronto_ws/install/pronto_core/share/pronto_core/cmake)
-- Found pronto_solo12: 0.0.0 (/home/ros/docker_pronto_ws/install/pronto_solo12/share/pronto_solo12/cmake)
-- Found eigen3_cmake_module: 0.1.1 (/opt/ros/humble/share/eigen3_cmake_module/cmake)
-- Found Eigen3: TRUE (found version "3.4.0") 
-- Ensuring Eigen3 include directory is part of orocos-kdl CMake target
-- Found urdf: 2.6.0 (/opt/ros/humble/share/urdf/cmake)
-- Found ament_lint_auto: 0.12.9 (/opt/ros/humble/share/ament_lint_auto/cmake)
-- Found ament_cmake_gtest: 1.3.6 (/opt/ros/humble/share/ament_cmake_gtest/cmake)
-- Added test 'cppcheck' to perform static code analysis on C / C++ code
-- Configured cppcheck include dirs: $<BUILD_INTERFACE:/home/ros/docker_pronto_ws/src/pronto_ros2_controller/include>
-- Configured cppcheck exclude dirs and/or files: 
-- Added test 'lint_cmake' to check CMake code style
-- Added test 'uncrustify' to check C / C++ code style
-- Configured uncrustify additional arguments: 
-- Added test 'xmllint' to check XML markup files
-- Configuring done
-- Generating done
-- Build files have been written to: /home/ros/docker_pronto_ws/build/pronto_ros2_controller
[ 14%] [32mBuilding CXX object CMakeFiles/pronto_ros2_controller.dir/src/pronto_controller.cpp.o[0m
[ 28%] [32mBuilding CXX object CMakeFiles/pronto_ros2_controller.dir/src/proprioceptive_sensor_manager.cpp.o[0m
[ 42%] [32mBuilding CXX object CMakeFiles/pronto_ros2_controller.dir/src/legodom_manager.cpp.o[0m
[ 57%] [32mBuilding CXX object CMakeFiles/pronto_ros2_controller.dir/src/quad_model_parser.cpp.o[0m
[01m[K/home/ros/docker_pronto_ws/src/pronto_ros2_controller/src/quad_model_parser.cpp:[m[K In constructor ‘[01m[Kpronto_controller::Model_Parser::Model_Parser(std::string)[m[K’:
[01m[K/home/ros/docker_pronto_ws/src/pronto_ros2_controller/src/quad_model_parser.cpp:12:13:[m[K [01;35m[Kwarning: [m[Kunused variable ‘[01m[Kleg_jnt[m[K’ [[01;35m[K-Wunused-variable[m[K]
   12 |         int [01;35m[Kleg_jnt[m[K,parse_leg_count,parse_jnt_leg_count;
      |             [01;35m[K^~~~~~~[m[K
[01m[K/home/ros/docker_pronto_ws/src/pronto_ros2_controller/src/legodom_manager.cpp:[m[K In constructor ‘[01m[Kpronto_controller::LegOdom_Manager::LegOdom_Manager(rclcpp_lifecycle::LifecycleNode::SharedPtr, std::map<std::__cxx11::basic_string<char>, std::tuple<double, double, double> >&, std::string)[m[K’:
[01m[K/home/ros/docker_pronto_ws/src/pronto_ros2_controller/src/legodom_manager.cpp:17:21:[m[K [01;35m[Kwarning: [m[Kunused variable ‘[01m[Kfound[m[K’ [[01;35m[K-Wunused-variable[m[K]
   17 |         std::size_t [01;35m[Kfound[m[K;
      |                     [01;35m[K^~~~~[m[K
[01m[K/home/ros/docker_pronto_ws/src/pronto_ros2_controller/src/legodom_manager.cpp:18:13:[m[K [01;35m[Kwarning: [m[Kunused variable ‘[01m[Kind[m[K’ [[01;35m[K-Wunused-variable[m[K]
   18 |         int [01;35m[Kind[m[K = 0,DOF;
      |             [01;35m[K^~~[m[K
[01m[K/home/ros/docker_pronto_ws/src/pronto_ros2_controller/src/legodom_manager.cpp:19:23:[m[K [01;35m[Kwarning: [m[Kvariable ‘[01m[Kax[m[K’ set but not used [[01;35m[K-Wunused-but-set-variable[m[K]
   19 |         urdf::Vector3 [01;35m[Kax[m[K = urdf::Vector3(0.0,0.0,0.0);
      |                       [01;35m[K^~[m[K
[01m[K/home/ros/docker_pronto_ws/src/pronto_ros2_controller/src/legodom_manager.cpp:20:14:[m[K [01;35m[Kwarning: [m[Kunused variable ‘[01m[Kax_int[m[K’ [[01;35m[K-Wunused-variable[m[K]
   20 |         bool [01;35m[Kax_int[m[K = false;
      |              [01;35m[K^~~~~~[m[K
In file included from [01m[K/home/ros/docker_pronto_ws/src/pronto_ros2_controller/include/pronto_ros2_controller/pronto_controller.hpp:12[m[K,
                 from [01m[K/home/ros/docker_pronto_ws/src/pronto_ros2_controller/src/pronto_controller.cpp:1[m[K:
[01m[K/home/ros/docker_pronto_ws/src/pronto_ros2_controller/include/pronto_ros2_controller/exteroceptive_sensor_sensor_manager.hpp:[m[K In constructor ‘[01m[Kpronto_controller::Exte_Sensor_Manager::Exte_Sensor_Manager(rclcpp_lifecycle::LifecycleNode::SharedPtr)[m[K’:
[01m[K/home/ros/docker_pronto_ws/src/pronto_ros2_controller/include/pronto_ros2_controller/exteroceptive_sensor_sensor_manager.hpp:20:76:[m[K [01;35m[Kwarning: [m[Kunused parameter ‘[01m[Kcontroller[m[K’ [[01;35m[K-Wunused-parameter[m[K]
   20 |             Exte_Sensor_Manager([01;35m[Krclcpp_lifecycle::LifecycleNode::SharedPtr controller[m[K)
      |                                 [01;35m[K~~~~~~~~~~~~~~~~~~~~~~~~~~~~~~~~~~~~~~~~~~~^~~~~~~~~~[m[K
[01m[K/home/ros/docker_pronto_ws/src/pronto_ros2_controller/src/legodom_manager.cpp:[m[K In constructor ‘[01m[Kpronto_controller::LegOdom_Manager::LegOdom_Manager(rclcpp_lifecycle::LifecycleNode::SharedPtr, std::map<std::__cxx11::basic_string<char>, std::tuple<double, double, double> >&, std::string)[m[K’:
[01m[K/home/ros/docker_pronto_ws/src/pronto_ros2_controller/src/legodom_manager.cpp:18:21:[m[K [01;35m[Kwarning: [m[K‘[01m[KDOF[m[K’ may be used uninitialized in this function [[01;35m[K-Wmaybe-uninitialized[m[K]
   18 |         int ind = 0,[01;35m[KDOF[m[K;
      |                     [01;35m[K^~~[m[K
[ 71%] [32m[1mLinking CXX shared library libpronto_ros2_controller.so[0m
[ 71%] Built target pronto_ros2_controller
[ 85%] [32mBuilding CXX object CMakeFiles/test_node.dir/src/test_node.cpp.o[0m
[01m[K/home/ros/docker_pronto_ws/src/pronto_ros2_controller/src/test_node.cpp:[m[K In function ‘[01m[Kint main(int, char**)[m[K’:
[01m[K/home/ros/docker_pronto_ws/src/pronto_ros2_controller/src/test_node.cpp:60:10:[m[K [01;35m[Kwarning: [m[Kvariable ‘[01m[Ka[m[K’ set but not used [[01;35m[K-Wunused-but-set-variable[m[K]
   60 |     auto [01;35m[Ka[m[K = J.block<1,2>(0,4);
      |          [01;35m[K^[m[K
[100%] [32m[1mLinking CXX executable test_node[0m
[100%] Built target test_node
-- Install configuration: "Release"
-- Execute custom install script
-- Symlinking: /home/ros/docker_pronto_ws/install/pronto_ros2_controller/share/pronto_ros2_controller//pronto_controller.xml
-- Symlinking: /home/ros/docker_pronto_ws/install/pronto_ros2_controller/share/pronto_ros2_controller/environment/library_path.sh
-- Symlinking: /home/ros/docker_pronto_ws/install/pronto_ros2_controller/share/pronto_ros2_controller/environment/library_path.dsv
-- Symlinking: /home/ros/docker_pronto_ws/install/pronto_ros2_controller/lib/pronto_ros2_controller/test_node
-- Symlinking: /home/ros/docker_pronto_ws/install/pronto_ros2_controller/share/ament_index/resource_index/package_run_dependencies/pronto_ros2_controller
-- Symlinking: /home/ros/docker_pronto_ws/install/pronto_ros2_controller/share/ament_index/resource_index/parent_prefix_path/pronto_ros2_controller
-- Symlinking: /home/ros/docker_pronto_ws/install/pronto_ros2_controller/share/pronto_ros2_controller/environment/ament_prefix_path.sh
-- Symlinking: /home/ros/docker_pronto_ws/install/pronto_ros2_controller/share/pronto_ros2_controller/environment/ament_prefix_path.dsv
-- Symlinking: /home/ros/docker_pronto_ws/install/pronto_ros2_controller/share/pronto_ros2_controller/environment/path.sh
-- Symlinking: /home/ros/docker_pronto_ws/install/pronto_ros2_controller/share/pronto_ros2_controller/environment/path.dsv
-- Symlinking: /home/ros/docker_pronto_ws/install/pronto_ros2_controller/share/pronto_ros2_controller/local_setup.bash
-- Symlinking: /home/ros/docker_pronto_ws/install/pronto_ros2_controller/share/pronto_ros2_controller/local_setup.sh
-- Symlinking: /home/ros/docker_pronto_ws/install/pronto_ros2_controller/share/pronto_ros2_controller/local_setup.zsh
-- Symlinking: /home/ros/docker_pronto_ws/install/pronto_ros2_controller/share/pronto_ros2_controller/local_setup.dsv
-- Symlinking: /home/ros/docker_pronto_ws/install/pronto_ros2_controller/share/pronto_ros2_controller/package.dsv
-- Symlinking: /home/ros/docker_pronto_ws/install/pronto_ros2_controller/share/ament_index/resource_index/packages/pronto_ros2_controller
-- Symlinking: /home/ros/docker_pronto_ws/install/pronto_ros2_controller/share/ament_index/resource_index/controller_interface__pluginlib__plugin/pronto_ros2_controller
-- Symlinking: /home/ros/docker_pronto_ws/install/pronto_ros2_controller/share/pronto_ros2_controller/cmake/ament_cmake_export_dependencies-extras.cmake
-- Symlinking: /home/ros/docker_pronto_ws/install/pronto_ros2_controller/share/pronto_ros2_controller/cmake/ament_cmake_export_include_directories-extras.cmake
-- Symlinking: /home/ros/docker_pronto_ws/install/pronto_ros2_controller/share/pronto_ros2_controller/cmake/ament_cmake_export_libraries-extras.cmake
-- Symlinking: /home/ros/docker_pronto_ws/install/pronto_ros2_controller/share/pronto_ros2_controller/cmake/pronto_ros2_controllerConfig.cmake
-- Symlinking: /home/ros/docker_pronto_ws/install/pronto_ros2_controller/share/pronto_ros2_controller/cmake/pronto_ros2_controllerConfig-version.cmake
-- Symlinking: /home/ros/docker_pronto_ws/install/pronto_ros2_controller/share/pronto_ros2_controller/package.xml
-- Installing: /home/ros/docker_pronto_ws/install/pronto_ros2_controller/lib/libpronto_ros2_controller.so
-- Set runtime path of "/home/ros/docker_pronto_ws/install/pronto_ros2_controller/lib/libpronto_ros2_controller.so" to ""
