[0.058s] Invoking command in '/home/ros/docker_pronto_ws/build/pronto_ros2_controller': CMAKE_PREFIX_PATH=/home/ros/docker_pronto_ws/install/pronto_solo12:/home/ros/docker_pronto_ws/install/pronto_quadruped_ros:/home/ros/docker_pronto_ws/install/pronto_ros:/home/ros/docker_pronto_ws/install/pronto_quadruped:/home/ros/docker_pronto_ws/install/pronto_utils:/home/ros/docker_pronto_ws/install/pronto_quadruped_commons:/home/ros/docker_pronto_ws/install/pronto_msgs:/home/ros/docker_pronto_ws/install/pronto_core:/home/ros/docker_pronto_ws/install/hqp_controller:/home/ros/docker_pronto_ws/install/whole_body_controller:/home/ros/docker_pronto_ws/install/teleoperate_robot:/home/ros/docker_pronto_ws/install/pronto_tuning:/home/ros/docker_pronto_ws/install/lip_walking_trot_planner:/home/ros/docker_pronto_ws/install/velocity_command_msgs:/home/ros/docker_pronto_ws/install/static_walk_planner:/home/ros/docker_pronto_ws/install/robot_gazebo:/home/ros/docker_pronto_ws/install/solo_description:/home/ros/docker_pronto_ws/install/robot_model:/home/ros/docker_pronto_ws/install/ryml:/home/ros/docker_pronto_ws/install/rviz_legged_plugins:/home/ros/docker_pronto_ws/install/rviz_legged_msgs:/home/ros/docker_pronto_ws/install/anymal_c_simple_description:/home/ros/docker_pronto_ws/install/robot_control:/home/ros/docker_pronto_ws/install/hierarchical_optimization:/home/ros/docker_pronto_ws/install/quadprog:/home/ros/docker_pronto_ws/install/pronto_ros2_controller:/home/ros/docker_pronto_ws/install/pi3hat_moteus_int_msgs:/home/ros/docker_pronto_ws/install/generalized_pose_msgs:/opt/openrobots:/home/ros/docker_pronto_ws/install/planners_python:/home/ros/docker_pronto_ws/install/logger_gazebo:/home/ros/docker_pronto_ws/install/terrain_estimator:/home/ros/docker_pronto_ws/install/pose_estimator:/opt/ros/humble LD_LIBRARY_PATH=/home/ros/docker_pronto_ws/install/pronto_solo12/lib:/home/ros/docker_pronto_ws/install/pronto_quadruped_ros/lib:/home/ros/docker_pronto_ws/install/pronto_ros/lib:/home/ros/docker_pronto_ws/install/pronto_quadruped/lib:/home/ros/docker_pronto_ws/install/pronto_utils/lib:/home/ros/docker_pronto_ws/install/pronto_msgs/lib:/home/ros/docker_pronto_ws/install/pronto_core/lib:/home/ros/docker_pronto_ws/install/hqp_controller/lib:/home/ros/docker_pronto_ws/install/whole_body_controller/lib:/home/ros/docker_pronto_ws/install/teleoperate_robot/lib:/home/ros/docker_pronto_ws/install/lip_walking_trot_planner/lib:/home/ros/docker_pronto_ws/install/velocity_command_msgs/lib:/home/ros/docker_pronto_ws/install/static_walk_planner/lib:/home/ros/docker_pronto_ws/install/robot_model/lib:/home/ros/docker_pronto_ws/install/ryml/lib:/home/ros/docker_pronto_ws/install/rviz_legged_plugins/lib:/home/ros/docker_pronto_ws/install/rviz_legged_msgs/lib:/home/ros/docker_pronto_ws/install/hierarchical_optimization/lib:/home/ros/docker_pronto_ws/install/quadprog/lib:/home/ros/docker_pronto_ws/install/pronto_ros2_controller/lib:/home/ros/docker_pronto_ws/install/pi3hat_moteus_int_msgs/lib:/home/ros/docker_pronto_ws/install/generalized_pose_msgs/lib:/usr/lib/x86_64-linux-gnu/gazebo-11/plugins:/opt/ros/humble/opt/rviz_ogre_vendor/lib:/opt/ros/humble/lib/x86_64-linux-gnu:/opt/ros/humble/lib:/opt/openrobots/lib:/usr/share/gazebo/../../lib/x86_64-linux-gnu/gazebo-11/plugins /usr/bin/cmake /home/ros/docker_pronto_ws/src/pronto_ros2_controller -DCMAKE_BUILD_TYPE=Release -DCMAKE_EXPORT_COMPILE_COMMANDS=ON -DAMENT_CMAKE_SYMLINK_INSTALL=1 -DCMAKE_INSTALL_PREFIX=/home/ros/docker_pronto_ws/install/pronto_ros2_controller
[0.160s] -- The C compiler identification is GNU 11.4.0
[0.267s] -- The CXX compiler identification is GNU 11.4.0
[0.280s] -- Detecting C compiler ABI info
[0.423s] -- Detecting C compiler ABI info - done
[0.437s] -- Check for working C compiler: /usr/bin/cc - skipped
[0.438s] -- Detecting C compile features
[0.438s] -- Detecting C compile features - done
[0.444s] -- Detecting CXX compiler ABI info
[0.608s] -- Detecting CXX compiler ABI info - done
[0.622s] -- Check for working CXX compiler: /usr/bin/c++ - skipped
[0.623s] -- Detecting CXX compile features
[0.624s] -- Detecting CXX compile features - done
[0.635s] -- Found ament_cmake: 1.3.6 (/opt/ros/humble/share/ament_cmake/cmake)
[1.009s] -- Found Python3: /usr/bin/python3.10 (found version "3.10.12") found components: Interpreter 
[1.111s] -- Override CMake install command with custom implementation using symlinks instead of copying resources
[1.196s] -- Found rclcpp: 16.0.7 (/opt/ros/humble/share/rclcpp/cmake)
[1.246s] -- Found rosidl_generator_c: 3.1.5 (/opt/ros/humble/share/rosidl_generator_c/cmake)
[1.253s] -- Found rosidl_adapter: 3.1.5 (/opt/ros/humble/share/rosidl_adapter/cmake)
[1.263s] -- Found rosidl_generator_cpp: 3.1.5 (/opt/ros/humble/share/rosidl_generator_cpp/cmake)
[1.276s] -- Using all available rosidl_typesupport_c: rosidl_typesupport_fastrtps_c;rosidl_typesupport_introspection_c
[1.295s] -- Using all available rosidl_typesupport_cpp: rosidl_typesupport_fastrtps_cpp;rosidl_typesupport_introspection_cpp
[1.361s] -- Found rmw_implementation_cmake: 6.1.1 (/opt/ros/humble/share/rmw_implementation_cmake/cmake)
[1.365s] -- Found rmw_fastrtps_cpp: 6.2.5 (/opt/ros/humble/share/rmw_fastrtps_cpp/cmake)
[1.457s] -- Found OpenSSL: /usr/lib/x86_64-linux-gnu/libcrypto.so (found version "3.0.2")  
[1.519s] -- Found FastRTPS: /opt/ros/humble/include  
[1.566s] -- Using RMW implementation 'rmw_fastrtps_cpp' as default
[1.578s] -- Looking for pthread.h
[1.685s] -- Looking for pthread.h - found
[1.685s] -- Performing Test CMAKE_HAVE_LIBC_PTHREAD
[1.834s] -- Performing Test CMAKE_HAVE_LIBC_PTHREAD - Success
[1.837s] -- Found Threads: TRUE  
[1.997s] -- Found rclcpp_lifecycle: 16.0.7 (/opt/ros/humble/share/rclcpp_lifecycle/cmake)
[2.030s] -- Found hardware_interface: 2.37.0 (/opt/ros/humble/share/hardware_interface/cmake)
[2.402s] -- pinocchio FOUND. pinocchio at /opt/ros/humble/lib/x86_64-linux-gnu/libpinocchio.so
[2.402s] -- boost_filesystem FOUND. boost_filesystem at /lib/x86_64-linux-gnu/libboost_filesystem.so
[2.403s] -- boost_serialization FOUND. boost_serialization at /lib/x86_64-linux-gnu/libboost_serialization.so
[2.403s] -- boost_system FOUND. boost_system at /lib/x86_64-linux-gnu/libboost_system.so
[2.474s] -- Found Boost: /usr/include (found version "1.74.0") found components: filesystem serialization system 
[2.477s] -- eigenpy FOUND. eigenpy at /opt/ros/humble/lib/x86_64-linux-gnu/libeigenpy.so
[2.869s] -- Found Python3: /usr/bin/python3.10 (found version "3.10.12") found components: Interpreter Development.Module NumPy 
[2.869s] -- PythonLibraryDirs: 
[2.869s] -- PythonLibVersionString: 3.10.12
[2.896s] -- Python site lib: lib/python3.10/dist-packages
[2.896s] -- Python include dirs: /usr/include/python3.10
[2.951s] -- Checking for NumPy
[3.084s] --   NUMPY_INCLUDE_DIRS=/home/ros/.local/lib/python3.10/site-packages/numpy/core/include
[3.206s] --   NUMPY_VERSION=1.26.4
[3.206s] -- NumPy include dir: /home/ros/.local/lib/python3.10/site-packages/numpy/core/include
[3.210s] [33mCMake Warning at /usr/share/cmake-3.22/Modules/FindBoost.cmake:2201 (message):
[3.210s]   No header defined for python310; skipping header check (note: header-only
[3.210s]   libraries have no designated component)
[3.210s] Call Stack (most recent call first):
[3.210s]   /opt/ros/humble/lib/x86_64-linux-gnu/cmake/eigenpy/boost.cmake:144 (find_package)
[3.210s]   /opt/ros/humble/lib/x86_64-linux-gnu/cmake/eigenpy/eigenpyConfig.cmake:149 (SEARCH_FOR_BOOST_PYTHON)
[3.210s]   /usr/share/cmake-3.22/Modules/CMakeFindDependencyMacro.cmake:47 (find_package)
[3.210s]   /opt/ros/humble/lib/x86_64-linux-gnu/cmake/pinocchio/pinocchioConfig.cmake:160 (find_dependency)
[3.210s]   CMakeLists.txt:14 (find_package)
[3.210s] 
[3.210s] [0m
[3.213s] -- Found Boost: /usr/include (found version "1.74.0") found components: python310 
[3.213s] -- Boost_PYTHON_LIBRARY: /usr/lib/x86_64-linux-gnu/libboost_python310.so
[3.482s] -- Default C++ standard: 201703
[3.482s] -- Minimal C++ standard upgraded to 11
[3.482s] -- C++ standard sufficient: Minimal required 11, currently defined: 17
[3.482s] -- CMAKE_CXX_STANDARD was not set: automatically set to currently defined standard 17
[3.487s] -- hpp-fcl FOUND. hpp-fcl at /opt/ros/humble/lib/x86_64-linux-gnu/libhpp-fcl.so
[3.497s] -- Found Boost: /usr/include (found version "1.74.0") found components: chrono serialization 
[3.502s] -- C++ standard sufficient: Minimal required 11, currently defined: 17
[3.503s] -- C++ standard sufficient: Minimal required 11, currently defined: 17
[3.506s] -- Found controller_interface: 2.37.0 (/opt/ros/humble/share/controller_interface/cmake)
[3.560s] -- Found pronto_core: 0.0.0 (/home/ros/docker_pronto_ws/install/pronto_core/share/pronto_core/cmake)
[3.562s] -- Found pronto_solo12: 0.0.0 (/home/ros/docker_pronto_ws/install/pronto_solo12/share/pronto_solo12/cmake)
[3.855s] -- Found eigen3_cmake_module: 0.1.1 (/opt/ros/humble/share/eigen3_cmake_module/cmake)
[3.856s] -- Found Eigen3: TRUE (found version "3.4.0") 
[3.856s] -- Ensuring Eigen3 include directory is part of orocos-kdl CMake target
[4.121s] -- Found urdf: 2.6.0 (/opt/ros/humble/share/urdf/cmake)
[5.236s] -- Found ament_lint_auto: 0.12.9 (/opt/ros/humble/share/ament_lint_auto/cmake)
[5.239s] -- Found ament_cmake_gtest: 1.3.6 (/opt/ros/humble/share/ament_cmake_gtest/cmake)
[5.345s] -- Added test 'cppcheck' to perform static code analysis on C / C++ code
[5.346s] -- Configured cppcheck include dirs: $<BUILD_INTERFACE:/home/ros/docker_pronto_ws/src/pronto_ros2_controller/include>
[5.346s] -- Configured cppcheck exclude dirs and/or files: 
[5.347s] -- Added test 'lint_cmake' to check CMake code style
[5.348s] -- Added test 'uncrustify' to check C / C++ code style
[5.348s] -- Configured uncrustify additional arguments: 
[5.349s] -- Added test 'xmllint' to check XML markup files
[5.351s] -- Configuring done
[5.420s] -- Generating done
[5.422s] -- Build files have been written to: /home/ros/docker_pronto_ws/build/pronto_ros2_controller
[5.435s] Invoked command in '/home/ros/docker_pronto_ws/build/pronto_ros2_controller' returned '0': CMAKE_PREFIX_PATH=/home/ros/docker_pronto_ws/install/pronto_solo12:/home/ros/docker_pronto_ws/install/pronto_quadruped_ros:/home/ros/docker_pronto_ws/install/pronto_ros:/home/ros/docker_pronto_ws/install/pronto_quadruped:/home/ros/docker_pronto_ws/install/pronto_utils:/home/ros/docker_pronto_ws/install/pronto_quadruped_commons:/home/ros/docker_pronto_ws/install/pronto_msgs:/home/ros/docker_pronto_ws/install/pronto_core:/home/ros/docker_pronto_ws/install/hqp_controller:/home/ros/docker_pronto_ws/install/whole_body_controller:/home/ros/docker_pronto_ws/install/teleoperate_robot:/home/ros/docker_pronto_ws/install/pronto_tuning:/home/ros/docker_pronto_ws/install/lip_walking_trot_planner:/home/ros/docker_pronto_ws/install/velocity_command_msgs:/home/ros/docker_pronto_ws/install/static_walk_planner:/home/ros/docker_pronto_ws/install/robot_gazebo:/home/ros/docker_pronto_ws/install/solo_description:/home/ros/docker_pronto_ws/install/robot_model:/home/ros/docker_pronto_ws/install/ryml:/home/ros/docker_pronto_ws/install/rviz_legged_plugins:/home/ros/docker_pronto_ws/install/rviz_legged_msgs:/home/ros/docker_pronto_ws/install/anymal_c_simple_description:/home/ros/docker_pronto_ws/install/robot_control:/home/ros/docker_pronto_ws/install/hierarchical_optimization:/home/ros/docker_pronto_ws/install/quadprog:/home/ros/docker_pronto_ws/install/pronto_ros2_controller:/home/ros/docker_pronto_ws/install/pi3hat_moteus_int_msgs:/home/ros/docker_pronto_ws/install/generalized_pose_msgs:/opt/openrobots:/home/ros/docker_pronto_ws/install/planners_python:/home/ros/docker_pronto_ws/install/logger_gazebo:/home/ros/docker_pronto_ws/install/terrain_estimator:/home/ros/docker_pronto_ws/install/pose_estimator:/opt/ros/humble LD_LIBRARY_PATH=/home/ros/docker_pronto_ws/install/pronto_solo12/lib:/home/ros/docker_pronto_ws/install/pronto_quadruped_ros/lib:/home/ros/docker_pronto_ws/install/pronto_ros/lib:/home/ros/docker_pronto_ws/install/pronto_quadruped/lib:/home/ros/docker_pronto_ws/install/pronto_utils/lib:/home/ros/docker_pronto_ws/install/pronto_msgs/lib:/home/ros/docker_pronto_ws/install/pronto_core/lib:/home/ros/docker_pronto_ws/install/hqp_controller/lib:/home/ros/docker_pronto_ws/install/whole_body_controller/lib:/home/ros/docker_pronto_ws/install/teleoperate_robot/lib:/home/ros/docker_pronto_ws/install/lip_walking_trot_planner/lib:/home/ros/docker_pronto_ws/install/velocity_command_msgs/lib:/home/ros/docker_pronto_ws/install/static_walk_planner/lib:/home/ros/docker_pronto_ws/install/robot_model/lib:/home/ros/docker_pronto_ws/install/ryml/lib:/home/ros/docker_pronto_ws/install/rviz_legged_plugins/lib:/home/ros/docker_pronto_ws/install/rviz_legged_msgs/lib:/home/ros/docker_pronto_ws/install/hierarchical_optimization/lib:/home/ros/docker_pronto_ws/install/quadprog/lib:/home/ros/docker_pronto_ws/install/pronto_ros2_controller/lib:/home/ros/docker_pronto_ws/install/pi3hat_moteus_int_msgs/lib:/home/ros/docker_pronto_ws/install/generalized_pose_msgs/lib:/usr/lib/x86_64-linux-gnu/gazebo-11/plugins:/opt/ros/humble/opt/rviz_ogre_vendor/lib:/opt/ros/humble/lib/x86_64-linux-gnu:/opt/ros/humble/lib:/opt/openrobots/lib:/usr/share/gazebo/../../lib/x86_64-linux-gnu/gazebo-11/plugins /usr/bin/cmake /home/ros/docker_pronto_ws/src/pronto_ros2_controller -DCMAKE_BUILD_TYPE=Release -DCMAKE_EXPORT_COMPILE_COMMANDS=ON -DAMENT_CMAKE_SYMLINK_INSTALL=1 -DCMAKE_INSTALL_PREFIX=/home/ros/docker_pronto_ws/install/pronto_ros2_controller
[5.436s] Invoking command in '/home/ros/docker_pronto_ws/build/pronto_ros2_controller': CMAKE_PREFIX_PATH=/home/ros/docker_pronto_ws/install/pronto_solo12:/home/ros/docker_pronto_ws/install/pronto_quadruped_ros:/home/ros/docker_pronto_ws/install/pronto_ros:/home/ros/docker_pronto_ws/install/pronto_quadruped:/home/ros/docker_pronto_ws/install/pronto_utils:/home/ros/docker_pronto_ws/install/pronto_quadruped_commons:/home/ros/docker_pronto_ws/install/pronto_msgs:/home/ros/docker_pronto_ws/install/pronto_core:/home/ros/docker_pronto_ws/install/hqp_controller:/home/ros/docker_pronto_ws/install/whole_body_controller:/home/ros/docker_pronto_ws/install/teleoperate_robot:/home/ros/docker_pronto_ws/install/pronto_tuning:/home/ros/docker_pronto_ws/install/lip_walking_trot_planner:/home/ros/docker_pronto_ws/install/velocity_command_msgs:/home/ros/docker_pronto_ws/install/static_walk_planner:/home/ros/docker_pronto_ws/install/robot_gazebo:/home/ros/docker_pronto_ws/install/solo_description:/home/ros/docker_pronto_ws/install/robot_model:/home/ros/docker_pronto_ws/install/ryml:/home/ros/docker_pronto_ws/install/rviz_legged_plugins:/home/ros/docker_pronto_ws/install/rviz_legged_msgs:/home/ros/docker_pronto_ws/install/anymal_c_simple_description:/home/ros/docker_pronto_ws/install/robot_control:/home/ros/docker_pronto_ws/install/hierarchical_optimization:/home/ros/docker_pronto_ws/install/quadprog:/home/ros/docker_pronto_ws/install/pronto_ros2_controller:/home/ros/docker_pronto_ws/install/pi3hat_moteus_int_msgs:/home/ros/docker_pronto_ws/install/generalized_pose_msgs:/opt/openrobots:/home/ros/docker_pronto_ws/install/planners_python:/home/ros/docker_pronto_ws/install/logger_gazebo:/home/ros/docker_pronto_ws/install/terrain_estimator:/home/ros/docker_pronto_ws/install/pose_estimator:/opt/ros/humble LD_LIBRARY_PATH=/home/ros/docker_pronto_ws/install/pronto_solo12/lib:/home/ros/docker_pronto_ws/install/pronto_quadruped_ros/lib:/home/ros/docker_pronto_ws/install/pronto_ros/lib:/home/ros/docker_pronto_ws/install/pronto_quadruped/lib:/home/ros/docker_pronto_ws/install/pronto_utils/lib:/home/ros/docker_pronto_ws/install/pronto_msgs/lib:/home/ros/docker_pronto_ws/install/pronto_core/lib:/home/ros/docker_pronto_ws/install/hqp_controller/lib:/home/ros/docker_pronto_ws/install/whole_body_controller/lib:/home/ros/docker_pronto_ws/install/teleoperate_robot/lib:/home/ros/docker_pronto_ws/install/lip_walking_trot_planner/lib:/home/ros/docker_pronto_ws/install/velocity_command_msgs/lib:/home/ros/docker_pronto_ws/install/static_walk_planner/lib:/home/ros/docker_pronto_ws/install/robot_model/lib:/home/ros/docker_pronto_ws/install/ryml/lib:/home/ros/docker_pronto_ws/install/rviz_legged_plugins/lib:/home/ros/docker_pronto_ws/install/rviz_legged_msgs/lib:/home/ros/docker_pronto_ws/install/hierarchical_optimization/lib:/home/ros/docker_pronto_ws/install/quadprog/lib:/home/ros/docker_pronto_ws/install/pronto_ros2_controller/lib:/home/ros/docker_pronto_ws/install/pi3hat_moteus_int_msgs/lib:/home/ros/docker_pronto_ws/install/generalized_pose_msgs/lib:/usr/lib/x86_64-linux-gnu/gazebo-11/plugins:/opt/ros/humble/opt/rviz_ogre_vendor/lib:/opt/ros/humble/lib/x86_64-linux-gnu:/opt/ros/humble/lib:/opt/openrobots/lib:/usr/share/gazebo/../../lib/x86_64-linux-gnu/gazebo-11/plugins /usr/bin/cmake --build /home/ros/docker_pronto_ws/build/pronto_ros2_controller -- -j16 -l16
[5.524s] [ 14%] [32mBuilding CXX object CMakeFiles/pronto_ros2_controller.dir/src/pronto_controller.cpp.o[0m
[5.525s] [ 28%] [32mBuilding CXX object CMakeFiles/pronto_ros2_controller.dir/src/proprioceptive_sensor_manager.cpp.o[0m
[5.528s] [ 42%] [32mBuilding CXX object CMakeFiles/pronto_ros2_controller.dir/src/legodom_manager.cpp.o[0m
[5.528s] [ 57%] [32mBuilding CXX object CMakeFiles/pronto_ros2_controller.dir/src/quad_model_parser.cpp.o[0m
[7.351s] [01m[K/home/ros/docker_pronto_ws/src/pronto_ros2_controller/src/quad_model_parser.cpp:[m[K In constructor ‘[01m[Kpronto_controller::Model_Parser::Model_Parser(std::string)[m[K’:
[7.351s] [01m[K/home/ros/docker_pronto_ws/src/pronto_ros2_controller/src/quad_model_parser.cpp:12:13:[m[K [01;35m[Kwarning: [m[Kunused variable ‘[01m[Kleg_jnt[m[K’ [[01;35m[K-Wunused-variable[m[K]
[7.351s]    12 |         int [01;35m[Kleg_jnt[m[K,parse_leg_count,parse_jnt_leg_count;
[7.351s]       |             [01;35m[K^~~~~~~[m[K
[10.943s] [01m[K/home/ros/docker_pronto_ws/src/pronto_ros2_controller/src/legodom_manager.cpp:[m[K In constructor ‘[01m[Kpronto_controller::LegOdom_Manager::LegOdom_Manager(rclcpp_lifecycle::LifecycleNode::SharedPtr, std::map<std::__cxx11::basic_string<char>, std::tuple<double, double, double> >&, std::string)[m[K’:
[10.943s] [01m[K/home/ros/docker_pronto_ws/src/pronto_ros2_controller/src/legodom_manager.cpp:17:21:[m[K [01;35m[Kwarning: [m[Kunused variable ‘[01m[Kfound[m[K’ [[01;35m[K-Wunused-variable[m[K]
[10.943s]    17 |         std::size_t [01;35m[Kfound[m[K;
[10.943s]       |                     [01;35m[K^~~~~[m[K
[10.943s] [01m[K/home/ros/docker_pronto_ws/src/pronto_ros2_controller/src/legodom_manager.cpp:18:13:[m[K [01;35m[Kwarning: [m[Kunused variable ‘[01m[Kind[m[K’ [[01;35m[K-Wunused-variable[m[K]
[10.943s]    18 |         int [01;35m[Kind[m[K = 0,DOF;
[10.943s]       |             [01;35m[K^~~[m[K
[10.943s] [01m[K/home/ros/docker_pronto_ws/src/pronto_ros2_controller/src/legodom_manager.cpp:19:23:[m[K [01;35m[Kwarning: [m[Kvariable ‘[01m[Kax[m[K’ set but not used [[01;35m[K-Wunused-but-set-variable[m[K]
[10.943s]    19 |         urdf::Vector3 [01;35m[Kax[m[K = urdf::Vector3(0.0,0.0,0.0);
[10.943s]       |                       [01;35m[K^~[m[K
[10.943s] [01m[K/home/ros/docker_pronto_ws/src/pronto_ros2_controller/src/legodom_manager.cpp:20:14:[m[K [01;35m[Kwarning: [m[Kunused variable ‘[01m[Kax_int[m[K’ [[01;35m[K-Wunused-variable[m[K]
[10.943s]    20 |         bool [01;35m[Kax_int[m[K = false;
[10.943s]       |              [01;35m[K^~~~~~[m[K
[11.058s] In file included from [01m[K/home/ros/docker_pronto_ws/src/pronto_ros2_controller/include/pronto_ros2_controller/pronto_controller.hpp:12[m[K,
[11.058s]                  from [01m[K/home/ros/docker_pronto_ws/src/pronto_ros2_controller/src/pronto_controller.cpp:1[m[K:
[11.058s] [01m[K/home/ros/docker_pronto_ws/src/pronto_ros2_controller/include/pronto_ros2_controller/exteroceptive_sensor_sensor_manager.hpp:[m[K In constructor ‘[01m[Kpronto_controller::Exte_Sensor_Manager::Exte_Sensor_Manager(rclcpp_lifecycle::LifecycleNode::SharedPtr)[m[K’:
[11.058s] [01m[K/home/ros/docker_pronto_ws/src/pronto_ros2_controller/include/pronto_ros2_controller/exteroceptive_sensor_sensor_manager.hpp:20:76:[m[K [01;35m[Kwarning: [m[Kunused parameter ‘[01m[Kcontroller[m[K’ [[01;35m[K-Wunused-parameter[m[K]
[11.058s]    20 |             Exte_Sensor_Manager([01;35m[Krclcpp_lifecycle::LifecycleNode::SharedPtr controller[m[K)
[11.058s]       |                                 [01;35m[K~~~~~~~~~~~~~~~~~~~~~~~~~~~~~~~~~~~~~~~~~~~^~~~~~~~~~[m[K
[21.094s] [01m[K/home/ros/docker_pronto_ws/src/pronto_ros2_controller/src/legodom_manager.cpp:[m[K In constructor ‘[01m[Kpronto_controller::LegOdom_Manager::LegOdom_Manager(rclcpp_lifecycle::LifecycleNode::SharedPtr, std::map<std::__cxx11::basic_string<char>, std::tuple<double, double, double> >&, std::string)[m[K’:
[21.094s] [01m[K/home/ros/docker_pronto_ws/src/pronto_ros2_controller/src/legodom_manager.cpp:18:21:[m[K [01;35m[Kwarning: [m[K‘[01m[KDOF[m[K’ may be used uninitialized in this function [[01;35m[K-Wmaybe-uninitialized[m[K]
[21.095s]    18 |         int ind = 0,[01;35m[KDOF[m[K;
[21.095s]       |                     [01;35m[K^~~[m[K
[21.906s] [ 71%] [32m[1mLinking CXX shared library libpronto_ros2_controller.so[0m
[22.068s] [ 71%] Built target pronto_ros2_controller
[22.086s] [ 85%] [32mBuilding CXX object CMakeFiles/test_node.dir/src/test_node.cpp.o[0m
[26.409s] [01m[K/home/ros/docker_pronto_ws/src/pronto_ros2_controller/src/test_node.cpp:[m[K In function ‘[01m[Kint main(int, char**)[m[K’:
[26.409s] [01m[K/home/ros/docker_pronto_ws/src/pronto_ros2_controller/src/test_node.cpp:60:10:[m[K [01;35m[Kwarning: [m[Kvariable ‘[01m[Ka[m[K’ set but not used [[01;35m[K-Wunused-but-set-variable[m[K]
[26.409s]    60 |     auto [01;35m[Ka[m[K = J.block<1,2>(0,4);
[26.409s]       |          [01;35m[K^[m[K
[37.512s] [100%] [32m[1mLinking CXX executable test_node[0m
[37.711s] [100%] Built target test_node
[37.720s] Invoked command in '/home/ros/docker_pronto_ws/build/pronto_ros2_controller' returned '0': CMAKE_PREFIX_PATH=/home/ros/docker_pronto_ws/install/pronto_solo12:/home/ros/docker_pronto_ws/install/pronto_quadruped_ros:/home/ros/docker_pronto_ws/install/pronto_ros:/home/ros/docker_pronto_ws/install/pronto_quadruped:/home/ros/docker_pronto_ws/install/pronto_utils:/home/ros/docker_pronto_ws/install/pronto_quadruped_commons:/home/ros/docker_pronto_ws/install/pronto_msgs:/home/ros/docker_pronto_ws/install/pronto_core:/home/ros/docker_pronto_ws/install/hqp_controller:/home/ros/docker_pronto_ws/install/whole_body_controller:/home/ros/docker_pronto_ws/install/teleoperate_robot:/home/ros/docker_pronto_ws/install/pronto_tuning:/home/ros/docker_pronto_ws/install/lip_walking_trot_planner:/home/ros/docker_pronto_ws/install/velocity_command_msgs:/home/ros/docker_pronto_ws/install/static_walk_planner:/home/ros/docker_pronto_ws/install/robot_gazebo:/home/ros/docker_pronto_ws/install/solo_description:/home/ros/docker_pronto_ws/install/robot_model:/home/ros/docker_pronto_ws/install/ryml:/home/ros/docker_pronto_ws/install/rviz_legged_plugins:/home/ros/docker_pronto_ws/install/rviz_legged_msgs:/home/ros/docker_pronto_ws/install/anymal_c_simple_description:/home/ros/docker_pronto_ws/install/robot_control:/home/ros/docker_pronto_ws/install/hierarchical_optimization:/home/ros/docker_pronto_ws/install/quadprog:/home/ros/docker_pronto_ws/install/pronto_ros2_controller:/home/ros/docker_pronto_ws/install/pi3hat_moteus_int_msgs:/home/ros/docker_pronto_ws/install/generalized_pose_msgs:/opt/openrobots:/home/ros/docker_pronto_ws/install/planners_python:/home/ros/docker_pronto_ws/install/logger_gazebo:/home/ros/docker_pronto_ws/install/terrain_estimator:/home/ros/docker_pronto_ws/install/pose_estimator:/opt/ros/humble LD_LIBRARY_PATH=/home/ros/docker_pronto_ws/install/pronto_solo12/lib:/home/ros/docker_pronto_ws/install/pronto_quadruped_ros/lib:/home/ros/docker_pronto_ws/install/pronto_ros/lib:/home/ros/docker_pronto_ws/install/pronto_quadruped/lib:/home/ros/docker_pronto_ws/install/pronto_utils/lib:/home/ros/docker_pronto_ws/install/pronto_msgs/lib:/home/ros/docker_pronto_ws/install/pronto_core/lib:/home/ros/docker_pronto_ws/install/hqp_controller/lib:/home/ros/docker_pronto_ws/install/whole_body_controller/lib:/home/ros/docker_pronto_ws/install/teleoperate_robot/lib:/home/ros/docker_pronto_ws/install/lip_walking_trot_planner/lib:/home/ros/docker_pronto_ws/install/velocity_command_msgs/lib:/home/ros/docker_pronto_ws/install/static_walk_planner/lib:/home/ros/docker_pronto_ws/install/robot_model/lib:/home/ros/docker_pronto_ws/install/ryml/lib:/home/ros/docker_pronto_ws/install/rviz_legged_plugins/lib:/home/ros/docker_pronto_ws/install/rviz_legged_msgs/lib:/home/ros/docker_pronto_ws/install/hierarchical_optimization/lib:/home/ros/docker_pronto_ws/install/quadprog/lib:/home/ros/docker_pronto_ws/install/pronto_ros2_controller/lib:/home/ros/docker_pronto_ws/install/pi3hat_moteus_int_msgs/lib:/home/ros/docker_pronto_ws/install/generalized_pose_msgs/lib:/usr/lib/x86_64-linux-gnu/gazebo-11/plugins:/opt/ros/humble/opt/rviz_ogre_vendor/lib:/opt/ros/humble/lib/x86_64-linux-gnu:/opt/ros/humble/lib:/opt/openrobots/lib:/usr/share/gazebo/../../lib/x86_64-linux-gnu/gazebo-11/plugins /usr/bin/cmake --build /home/ros/docker_pronto_ws/build/pronto_ros2_controller -- -j16 -l16
[37.796s] Invoking command in '/home/ros/docker_pronto_ws/build/pronto_ros2_controller': CMAKE_PREFIX_PATH=/home/ros/docker_pronto_ws/install/pronto_solo12:/home/ros/docker_pronto_ws/install/pronto_quadruped_ros:/home/ros/docker_pronto_ws/install/pronto_ros:/home/ros/docker_pronto_ws/install/pronto_quadruped:/home/ros/docker_pronto_ws/install/pronto_utils:/home/ros/docker_pronto_ws/install/pronto_quadruped_commons:/home/ros/docker_pronto_ws/install/pronto_msgs:/home/ros/docker_pronto_ws/install/pronto_core:/home/ros/docker_pronto_ws/install/hqp_controller:/home/ros/docker_pronto_ws/install/whole_body_controller:/home/ros/docker_pronto_ws/install/teleoperate_robot:/home/ros/docker_pronto_ws/install/pronto_tuning:/home/ros/docker_pronto_ws/install/lip_walking_trot_planner:/home/ros/docker_pronto_ws/install/velocity_command_msgs:/home/ros/docker_pronto_ws/install/static_walk_planner:/home/ros/docker_pronto_ws/install/robot_gazebo:/home/ros/docker_pronto_ws/install/solo_description:/home/ros/docker_pronto_ws/install/robot_model:/home/ros/docker_pronto_ws/install/ryml:/home/ros/docker_pronto_ws/install/rviz_legged_plugins:/home/ros/docker_pronto_ws/install/rviz_legged_msgs:/home/ros/docker_pronto_ws/install/anymal_c_simple_description:/home/ros/docker_pronto_ws/install/robot_control:/home/ros/docker_pronto_ws/install/hierarchical_optimization:/home/ros/docker_pronto_ws/install/quadprog:/home/ros/docker_pronto_ws/install/pronto_ros2_controller:/home/ros/docker_pronto_ws/install/pi3hat_moteus_int_msgs:/home/ros/docker_pronto_ws/install/generalized_pose_msgs:/opt/openrobots:/home/ros/docker_pronto_ws/install/planners_python:/home/ros/docker_pronto_ws/install/logger_gazebo:/home/ros/docker_pronto_ws/install/terrain_estimator:/home/ros/docker_pronto_ws/install/pose_estimator:/opt/ros/humble LD_LIBRARY_PATH=/home/ros/docker_pronto_ws/install/pronto_solo12/lib:/home/ros/docker_pronto_ws/install/pronto_quadruped_ros/lib:/home/ros/docker_pronto_ws/install/pronto_ros/lib:/home/ros/docker_pronto_ws/install/pronto_quadruped/lib:/home/ros/docker_pronto_ws/install/pronto_utils/lib:/home/ros/docker_pronto_ws/install/pronto_msgs/lib:/home/ros/docker_pronto_ws/install/pronto_core/lib:/home/ros/docker_pronto_ws/install/hqp_controller/lib:/home/ros/docker_pronto_ws/install/whole_body_controller/lib:/home/ros/docker_pronto_ws/install/teleoperate_robot/lib:/home/ros/docker_pronto_ws/install/lip_walking_trot_planner/lib:/home/ros/docker_pronto_ws/install/velocity_command_msgs/lib:/home/ros/docker_pronto_ws/install/static_walk_planner/lib:/home/ros/docker_pronto_ws/install/robot_model/lib:/home/ros/docker_pronto_ws/install/ryml/lib:/home/ros/docker_pronto_ws/install/rviz_legged_plugins/lib:/home/ros/docker_pronto_ws/install/rviz_legged_msgs/lib:/home/ros/docker_pronto_ws/install/hierarchical_optimization/lib:/home/ros/docker_pronto_ws/install/quadprog/lib:/home/ros/docker_pronto_ws/install/pronto_ros2_controller/lib:/home/ros/docker_pronto_ws/install/pi3hat_moteus_int_msgs/lib:/home/ros/docker_pronto_ws/install/generalized_pose_msgs/lib:/usr/lib/x86_64-linux-gnu/gazebo-11/plugins:/opt/ros/humble/opt/rviz_ogre_vendor/lib:/opt/ros/humble/lib/x86_64-linux-gnu:/opt/ros/humble/lib:/opt/openrobots/lib:/usr/share/gazebo/../../lib/x86_64-linux-gnu/gazebo-11/plugins /usr/bin/cmake --install /home/ros/docker_pronto_ws/build/pronto_ros2_controller
[37.810s] -- Install configuration: "Release"
[37.811s] -- Execute custom install script
[37.811s] -- Symlinking: /home/ros/docker_pronto_ws/install/pronto_ros2_controller/share/pronto_ros2_controller//pronto_controller.xml
[37.828s] -- Symlinking: /home/ros/docker_pronto_ws/install/pronto_ros2_controller/share/pronto_ros2_controller/environment/library_path.sh
[37.844s] -- Symlinking: /home/ros/docker_pronto_ws/install/pronto_ros2_controller/share/pronto_ros2_controller/environment/library_path.dsv
[37.859s] -- Symlinking: /home/ros/docker_pronto_ws/install/pronto_ros2_controller/lib/pronto_ros2_controller/test_node
[37.875s] -- Symlinking: /home/ros/docker_pronto_ws/install/pronto_ros2_controller/share/ament_index/resource_index/package_run_dependencies/pronto_ros2_controller
[37.891s] -- Symlinking: /home/ros/docker_pronto_ws/install/pronto_ros2_controller/share/ament_index/resource_index/parent_prefix_path/pronto_ros2_controller
[37.908s] -- Symlinking: /home/ros/docker_pronto_ws/install/pronto_ros2_controller/share/pronto_ros2_controller/environment/ament_prefix_path.sh
[37.924s] -- Symlinking: /home/ros/docker_pronto_ws/install/pronto_ros2_controller/share/pronto_ros2_controller/environment/ament_prefix_path.dsv
[37.940s] -- Symlinking: /home/ros/docker_pronto_ws/install/pronto_ros2_controller/share/pronto_ros2_controller/environment/path.sh
[37.956s] -- Symlinking: /home/ros/docker_pronto_ws/install/pronto_ros2_controller/share/pronto_ros2_controller/environment/path.dsv
[37.972s] -- Symlinking: /home/ros/docker_pronto_ws/install/pronto_ros2_controller/share/pronto_ros2_controller/local_setup.bash
[37.987s] -- Symlinking: /home/ros/docker_pronto_ws/install/pronto_ros2_controller/share/pronto_ros2_controller/local_setup.sh
[38.003s] -- Symlinking: /home/ros/docker_pronto_ws/install/pronto_ros2_controller/share/pronto_ros2_controller/local_setup.zsh
[38.018s] -- Symlinking: /home/ros/docker_pronto_ws/install/pronto_ros2_controller/share/pronto_ros2_controller/local_setup.dsv
[38.034s] -- Symlinking: /home/ros/docker_pronto_ws/install/pronto_ros2_controller/share/pronto_ros2_controller/package.dsv
[38.049s] -- Symlinking: /home/ros/docker_pronto_ws/install/pronto_ros2_controller/share/ament_index/resource_index/packages/pronto_ros2_controller
[38.065s] -- Symlinking: /home/ros/docker_pronto_ws/install/pronto_ros2_controller/share/ament_index/resource_index/controller_interface__pluginlib__plugin/pronto_ros2_controller
[38.082s] -- Symlinking: /home/ros/docker_pronto_ws/install/pronto_ros2_controller/share/pronto_ros2_controller/cmake/ament_cmake_export_dependencies-extras.cmake
[38.098s] -- Symlinking: /home/ros/docker_pronto_ws/install/pronto_ros2_controller/share/pronto_ros2_controller/cmake/ament_cmake_export_include_directories-extras.cmake
[38.113s] -- Symlinking: /home/ros/docker_pronto_ws/install/pronto_ros2_controller/share/pronto_ros2_controller/cmake/ament_cmake_export_libraries-extras.cmake
[38.129s] -- Symlinking: /home/ros/docker_pronto_ws/install/pronto_ros2_controller/share/pronto_ros2_controller/cmake/pronto_ros2_controllerConfig.cmake
[38.145s] -- Symlinking: /home/ros/docker_pronto_ws/install/pronto_ros2_controller/share/pronto_ros2_controller/cmake/pronto_ros2_controllerConfig-version.cmake
[38.161s] -- Symlinking: /home/ros/docker_pronto_ws/install/pronto_ros2_controller/share/pronto_ros2_controller/package.xml
[38.176s] -- Installing: /home/ros/docker_pronto_ws/install/pronto_ros2_controller/lib/libpronto_ros2_controller.so
[38.178s] -- Set runtime path of "/home/ros/docker_pronto_ws/install/pronto_ros2_controller/lib/libpronto_ros2_controller.so" to ""
[38.182s] Invoked command in '/home/ros/docker_pronto_ws/build/pronto_ros2_controller' returned '0': CMAKE_PREFIX_PATH=/home/ros/docker_pronto_ws/install/pronto_solo12:/home/ros/docker_pronto_ws/install/pronto_quadruped_ros:/home/ros/docker_pronto_ws/install/pronto_ros:/home/ros/docker_pronto_ws/install/pronto_quadruped:/home/ros/docker_pronto_ws/install/pronto_utils:/home/ros/docker_pronto_ws/install/pronto_quadruped_commons:/home/ros/docker_pronto_ws/install/pronto_msgs:/home/ros/docker_pronto_ws/install/pronto_core:/home/ros/docker_pronto_ws/install/hqp_controller:/home/ros/docker_pronto_ws/install/whole_body_controller:/home/ros/docker_pronto_ws/install/teleoperate_robot:/home/ros/docker_pronto_ws/install/pronto_tuning:/home/ros/docker_pronto_ws/install/lip_walking_trot_planner:/home/ros/docker_pronto_ws/install/velocity_command_msgs:/home/ros/docker_pronto_ws/install/static_walk_planner:/home/ros/docker_pronto_ws/install/robot_gazebo:/home/ros/docker_pronto_ws/install/solo_description:/home/ros/docker_pronto_ws/install/robot_model:/home/ros/docker_pronto_ws/install/ryml:/home/ros/docker_pronto_ws/install/rviz_legged_plugins:/home/ros/docker_pronto_ws/install/rviz_legged_msgs:/home/ros/docker_pronto_ws/install/anymal_c_simple_description:/home/ros/docker_pronto_ws/install/robot_control:/home/ros/docker_pronto_ws/install/hierarchical_optimization:/home/ros/docker_pronto_ws/install/quadprog:/home/ros/docker_pronto_ws/install/pronto_ros2_controller:/home/ros/docker_pronto_ws/install/pi3hat_moteus_int_msgs:/home/ros/docker_pronto_ws/install/generalized_pose_msgs:/opt/openrobots:/home/ros/docker_pronto_ws/install/planners_python:/home/ros/docker_pronto_ws/install/logger_gazebo:/home/ros/docker_pronto_ws/install/terrain_estimator:/home/ros/docker_pronto_ws/install/pose_estimator:/opt/ros/humble LD_LIBRARY_PATH=/home/ros/docker_pronto_ws/install/pronto_solo12/lib:/home/ros/docker_pronto_ws/install/pronto_quadruped_ros/lib:/home/ros/docker_pronto_ws/install/pronto_ros/lib:/home/ros/docker_pronto_ws/install/pronto_quadruped/lib:/home/ros/docker_pronto_ws/install/pronto_utils/lib:/home/ros/docker_pronto_ws/install/pronto_msgs/lib:/home/ros/docker_pronto_ws/install/pronto_core/lib:/home/ros/docker_pronto_ws/install/hqp_controller/lib:/home/ros/docker_pronto_ws/install/whole_body_controller/lib:/home/ros/docker_pronto_ws/install/teleoperate_robot/lib:/home/ros/docker_pronto_ws/install/lip_walking_trot_planner/lib:/home/ros/docker_pronto_ws/install/velocity_command_msgs/lib:/home/ros/docker_pronto_ws/install/static_walk_planner/lib:/home/ros/docker_pronto_ws/install/robot_model/lib:/home/ros/docker_pronto_ws/install/ryml/lib:/home/ros/docker_pronto_ws/install/rviz_legged_plugins/lib:/home/ros/docker_pronto_ws/install/rviz_legged_msgs/lib:/home/ros/docker_pronto_ws/install/hierarchical_optimization/lib:/home/ros/docker_pronto_ws/install/quadprog/lib:/home/ros/docker_pronto_ws/install/pronto_ros2_controller/lib:/home/ros/docker_pronto_ws/install/pi3hat_moteus_int_msgs/lib:/home/ros/docker_pronto_ws/install/generalized_pose_msgs/lib:/usr/lib/x86_64-linux-gnu/gazebo-11/plugins:/opt/ros/humble/opt/rviz_ogre_vendor/lib:/opt/ros/humble/lib/x86_64-linux-gnu:/opt/ros/humble/lib:/opt/openrobots/lib:/usr/share/gazebo/../../lib/x86_64-linux-gnu/gazebo-11/plugins /usr/bin/cmake --install /home/ros/docker_pronto_ws/build/pronto_ros2_controller
