[0.143s] Invoking command in '/home/ros/docker_pronto_ws/build/robot_control': CMAKE_PREFIX_PATH=${CMAKE_PREFIX_PATH}:/home/ros/docker_pronto_ws/install/planners_python:/home/ros/docker_pronto_ws/install/logger_gazebo:/home/ros/docker_pronto_ws/install/terrain_estimator:/home/ros/docker_pronto_ws/install/pose_estimator:/opt/ros/humble /usr/bin/cmake /home/ros/docker_pronto_ws/src/robot/robot_control -DCMAKE_BUILD_TYPE=Release -DCMAKE_EXPORT_COMPILE_COMMANDS=ON -DAMENT_CMAKE_SYMLINK_INSTALL=1 -DCMAKE_INSTALL_PREFIX=/home/ros/docker_pronto_ws/install/robot_control
[0.197s] -- The C compiler identification is GNU 11.4.0
[0.248s] -- The CXX compiler identification is GNU 11.4.0
[0.257s] -- Detecting C compiler ABI info
[0.333s] -- Detecting C compiler ABI info - done
[0.340s] -- Check for working C compiler: /usr/bin/cc - skipped
[0.340s] -- Detecting C compile features
[0.340s] -- Detecting C compile features - done
[0.342s] -- Detecting CXX compiler ABI info
[0.421s] -- Detecting CXX compiler ABI info - done
[0.430s] -- Check for working CXX compiler: /usr/bin/c++ - skipped
[0.430s] -- Detecting CXX compile features
[0.430s] -- Detecting CXX compile features - done
[0.433s] -- Found ament_cmake: 1.3.6 (/opt/ros/humble/share/ament_cmake/cmake)
[0.638s] -- Found Python3: /usr/bin/python3.10 (found version "3.10.12") found components: Interpreter 
[0.720s] -- Override CMake install command with custom implementation using symlinks instead of copying resources
[0.755s] -- Found ament_lint_auto: 0.12.9 (/opt/ros/humble/share/ament_lint_auto/cmake)
[0.861s] -- Added test 'copyright' to check source files copyright and LICENSE
[0.864s] -- Added test 'lint_cmake' to check CMake code style
[0.866s] -- Added test 'xmllint' to check XML markup files
[0.870s] -- Configuring done
[0.876s] -- Generating done
[0.878s] -- Build files have been written to: /home/ros/docker_pronto_ws/build/robot_control
[0.883s] Invoked command in '/home/ros/docker_pronto_ws/build/robot_control' returned '0': CMAKE_PREFIX_PATH=${CMAKE_PREFIX_PATH}:/home/ros/docker_pronto_ws/install/planners_python:/home/ros/docker_pronto_ws/install/logger_gazebo:/home/ros/docker_pronto_ws/install/terrain_estimator:/home/ros/docker_pronto_ws/install/pose_estimator:/opt/ros/humble /usr/bin/cmake /home/ros/docker_pronto_ws/src/robot/robot_control -DCMAKE_BUILD_TYPE=Release -DCMAKE_EXPORT_COMPILE_COMMANDS=ON -DAMENT_CMAKE_SYMLINK_INSTALL=1 -DCMAKE_INSTALL_PREFIX=/home/ros/docker_pronto_ws/install/robot_control
[0.908s] Invoking command in '/home/ros/docker_pronto_ws/build/robot_control': CMAKE_PREFIX_PATH=${CMAKE_PREFIX_PATH}:/home/ros/docker_pronto_ws/install/planners_python:/home/ros/docker_pronto_ws/install/logger_gazebo:/home/ros/docker_pronto_ws/install/terrain_estimator:/home/ros/docker_pronto_ws/install/pose_estimator:/opt/ros/humble /usr/bin/cmake --build /home/ros/docker_pronto_ws/build/robot_control -- -j16 -l16
[1.067s] Invoked command in '/home/ros/docker_pronto_ws/build/robot_control' returned '0': CMAKE_PREFIX_PATH=${CMAKE_PREFIX_PATH}:/home/ros/docker_pronto_ws/install/planners_python:/home/ros/docker_pronto_ws/install/logger_gazebo:/home/ros/docker_pronto_ws/install/terrain_estimator:/home/ros/docker_pronto_ws/install/pose_estimator:/opt/ros/humble /usr/bin/cmake --build /home/ros/docker_pronto_ws/build/robot_control -- -j16 -l16
[1.279s] Invoking command in '/home/ros/docker_pronto_ws/build/robot_control': CMAKE_PREFIX_PATH=${CMAKE_PREFIX_PATH}:/home/ros/docker_pronto_ws/install/planners_python:/home/ros/docker_pronto_ws/install/logger_gazebo:/home/ros/docker_pronto_ws/install/terrain_estimator:/home/ros/docker_pronto_ws/install/pose_estimator:/opt/ros/humble /usr/bin/cmake --install /home/ros/docker_pronto_ws/build/robot_control
[1.784s] -- Install configuration: "Release"
[1.784s] -- Execute custom install script
[1.784s] -- Symlinking: /home/ros/docker_pronto_ws/install/robot_control/share/robot_control/config/gazebo/anymal_c_controller_effort.yaml
[1.784s] -- Symlinking: /home/ros/docker_pronto_ws/install/robot_control/share/robot_control/config/gazebo/anymal_c_softfoot_q_controller_effort.yaml
[1.784s] -- Symlinking: /home/ros/docker_pronto_ws/install/robot_control/share/robot_control/config/gazebo/mulinex_controller_effort.yaml
[1.785s] -- Symlinking: /home/ros/docker_pronto_ws/install/robot_control/share/robot_control/config/gazebo/solo12_controller_effort.yaml
[1.785s] -- Symlinking: /home/ros/docker_pronto_ws/install/robot_control/share/ament_index/resource_index/package_run_dependencies/robot_control
[1.785s] -- Symlinking: /home/ros/docker_pronto_ws/install/robot_control/share/ament_index/resource_index/parent_prefix_path/robot_control
[1.785s] -- Symlinking: /home/ros/docker_pronto_ws/install/robot_control/share/robot_control/environment/ament_prefix_path.sh
[1.785s] -- Symlinking: /home/ros/docker_pronto_ws/install/robot_control/share/robot_control/environment/ament_prefix_path.dsv
[1.785s] -- Symlinking: /home/ros/docker_pronto_ws/install/robot_control/share/robot_control/environment/path.sh
[1.785s] -- Symlinking: /home/ros/docker_pronto_ws/install/robot_control/share/robot_control/environment/path.dsv
[1.785s] -- Symlinking: /home/ros/docker_pronto_ws/install/robot_control/share/robot_control/local_setup.bash
[1.785s] -- Symlinking: /home/ros/docker_pronto_ws/install/robot_control/share/robot_control/local_setup.sh
[1.795s] -- Symlinking: /home/ros/docker_pronto_ws/install/robot_control/share/robot_control/local_setup.zsh
[1.827s] -- Symlinking: /home/ros/docker_pronto_ws/install/robot_control/share/robot_control/local_setup.dsv
[1.861s] -- Symlinking: /home/ros/docker_pronto_ws/install/robot_control/share/robot_control/package.dsv
[1.900s] -- Symlinking: /home/ros/docker_pronto_ws/install/robot_control/share/ament_index/resource_index/packages/robot_control
[1.934s] -- Symlinking: /home/ros/docker_pronto_ws/install/robot_control/share/robot_control/cmake/robot_controlConfig.cmake
[1.980s] -- Symlinking: /home/ros/docker_pronto_ws/install/robot_control/share/robot_control/cmake/robot_controlConfig-version.cmake
[2.004s] -- Symlinking: /home/ros/docker_pronto_ws/install/robot_control/share/robot_control/package.xml
[2.043s] Invoked command in '/home/ros/docker_pronto_ws/build/robot_control' returned '0': CMAKE_PREFIX_PATH=${CMAKE_PREFIX_PATH}:/home/ros/docker_pronto_ws/install/planners_python:/home/ros/docker_pronto_ws/install/logger_gazebo:/home/ros/docker_pronto_ws/install/terrain_estimator:/home/ros/docker_pronto_ws/install/pose_estimator:/opt/ros/humble /usr/bin/cmake --install /home/ros/docker_pronto_ws/build/robot_control
