[0.276s] Invoking command in '/home/ros/docker_pronto_ws/build/quadprog': CMAKE_PREFIX_PATH=${CMAKE_PREFIX_PATH}:/home/ros/docker_pronto_ws/install/planners_python:/home/ros/docker_pronto_ws/install/logger_gazebo:/home/ros/docker_pronto_ws/install/terrain_estimator:/home/ros/docker_pronto_ws/install/pose_estimator:/opt/ros/humble /usr/bin/cmake --build /home/ros/docker_pronto_ws/build/quadprog -- -j16 -l16
[0.334s] [35m[1mConsolidate compiler generated dependencies of target quadprog[0m
[0.377s] [ 71%] Built target quadprog
[0.439s] [35m[1mConsolidate compiler generated dependencies of target Test[0m
[0.474s] [100%] Built target Test
[0.684s] Invoked command in '/home/ros/docker_pronto_ws/build/quadprog' returned '0': CMAKE_PREFIX_PATH=${CMAKE_PREFIX_PATH}:/home/ros/docker_pronto_ws/install/planners_python:/home/ros/docker_pronto_ws/install/logger_gazebo:/home/ros/docker_pronto_ws/install/terrain_estimator:/home/ros/docker_pronto_ws/install/pose_estimator:/opt/ros/humble /usr/bin/cmake --build /home/ros/docker_pronto_ws/build/quadprog -- -j16 -l16
[0.823s] Invoking command in '/home/ros/docker_pronto_ws/build/quadprog': CMAKE_PREFIX_PATH=${CMAKE_PREFIX_PATH}:/home/ros/docker_pronto_ws/install/planners_python:/home/ros/docker_pronto_ws/install/logger_gazebo:/home/ros/docker_pronto_ws/install/terrain_estimator:/home/ros/docker_pronto_ws/install/pose_estimator:/opt/ros/humble /usr/bin/cmake --install /home/ros/docker_pronto_ws/build/quadprog
[0.864s] -- Install configuration: "Release"
[0.864s] -- Execute custom install script
[0.865s] -- Up-to-date symlink: /home/ros/docker_pronto_ws/install/quadprog/share/quadprog/environment/library_path.sh
[0.865s] -- Up-to-date symlink: /home/ros/docker_pronto_ws/install/quadprog/share/quadprog/environment/library_path.dsv
[0.865s] -- Up-to-date symlink: /home/ros/docker_pronto_ws/install/quadprog/include/quadprog/quadprog/linear-algebra.hpp
[0.865s] -- Up-to-date symlink: /home/ros/docker_pronto_ws/install/quadprog/include/quadprog/quadprog/qr-update.hpp
[0.865s] -- Up-to-date symlink: /home/ros/docker_pronto_ws/install/quadprog/include/quadprog/quadprog/quadprog.hpp
[0.865s] -- Up-to-date symlink: /home/ros/docker_pronto_ws/install/quadprog/include/quadprog/quadprog/solve.QP.hpp
[0.865s] -- Up-to-date symlink: /home/ros/docker_pronto_ws/install/quadprog/share/ament_index/resource_index/package_run_dependencies/quadprog
[0.866s] -- Up-to-date symlink: /home/ros/docker_pronto_ws/install/quadprog/share/ament_index/resource_index/parent_prefix_path/quadprog
[0.866s] -- Up-to-date symlink: /home/ros/docker_pronto_ws/install/quadprog/share/quadprog/environment/ament_prefix_path.sh
[0.866s] -- Up-to-date symlink: /home/ros/docker_pronto_ws/install/quadprog/share/quadprog/environment/ament_prefix_path.dsv
[0.866s] -- Up-to-date symlink: /home/ros/docker_pronto_ws/install/quadprog/share/quadprog/environment/path.sh
[0.866s] -- Up-to-date symlink: /home/ros/docker_pronto_ws/install/quadprog/share/quadprog/environment/path.dsv
[0.866s] -- Up-to-date symlink: /home/ros/docker_pronto_ws/install/quadprog/share/quadprog/local_setup.bash
[0.866s] -- Up-to-date symlink: /home/ros/docker_pronto_ws/install/quadprog/share/quadprog/local_setup.sh
[0.866s] -- Up-to-date symlink: /home/ros/docker_pronto_ws/install/quadprog/share/quadprog/local_setup.zsh
[0.867s] -- Up-to-date symlink: /home/ros/docker_pronto_ws/install/quadprog/share/quadprog/local_setup.dsv
[0.867s] -- Symlinking: /home/ros/docker_pronto_ws/install/quadprog/share/quadprog/package.dsv
[0.867s] -- Up-to-date symlink: /home/ros/docker_pronto_ws/install/quadprog/share/ament_index/resource_index/packages/quadprog
[0.867s] -- Up-to-date symlink: /home/ros/docker_pronto_ws/install/quadprog/share/quadprog/cmake/ament_cmake_export_targets-extras.cmake
[0.867s] -- Up-to-date symlink: /home/ros/docker_pronto_ws/install/quadprog/share/quadprog/cmake/ament_cmake_export_dependencies-extras.cmake
[0.867s] -- Up-to-date symlink: /home/ros/docker_pronto_ws/install/quadprog/share/quadprog/cmake/quadprogConfig.cmake
[0.867s] -- Up-to-date symlink: /home/ros/docker_pronto_ws/install/quadprog/share/quadprog/cmake/quadprogConfig-version.cmake
[0.868s] -- Up-to-date symlink: /home/ros/docker_pronto_ws/install/quadprog/share/quadprog/package.xml
[0.868s] -- Up-to-date: /home/ros/docker_pronto_ws/install/quadprog/lib/libquadprog.so
[0.868s] -- Up-to-date: /home/ros/docker_pronto_ws/install/quadprog/share/quadprog/cmake/quadprog_targetsExport.cmake
[0.868s] -- Up-to-date: /home/ros/docker_pronto_ws/install/quadprog/share/quadprog/cmake/quadprog_targetsExport-release.cmake
[0.873s] Invoked command in '/home/ros/docker_pronto_ws/build/quadprog' returned '0': CMAKE_PREFIX_PATH=${CMAKE_PREFIX_PATH}:/home/ros/docker_pronto_ws/install/planners_python:/home/ros/docker_pronto_ws/install/logger_gazebo:/home/ros/docker_pronto_ws/install/terrain_estimator:/home/ros/docker_pronto_ws/install/pose_estimator:/opt/ros/humble /usr/bin/cmake --install /home/ros/docker_pronto_ws/build/quadprog
