[0.062s] Invoking command in '/home/ros/docker_pronto_ws/build/hqp_controller': CMAKE_PREFIX_PATH=/home/ros/docker_pronto_ws/install/whole_body_controller:/home/ros/docker_pronto_ws/install/robot_model:/home/ros/docker_pronto_ws/install/hierarchical_optimization:/home/ros/docker_pronto_ws/install/ryml:/home/ros/docker_pronto_ws/install/rviz_legged_msgs:/home/ros/docker_pronto_ws/install/quadprog:/home/ros/docker_pronto_ws/install/generalized_pose_msgs:/home/ros/docker_pronto_ws/install/hqp_controller:/home/ros/docker_pronto_ws/install/teleoperate_robot:/home/ros/docker_pronto_ws/install/pronto_tuning:/home/ros/docker_pronto_ws/install/lip_walking_trot_planner:/home/ros/docker_pronto_ws/install/velocity_command_msgs:/home/ros/docker_pronto_ws/install/static_walk_planner:/home/ros/docker_pronto_ws/install/robot_gazebo:/home/ros/docker_pronto_ws/install/solo_description:/home/ros/docker_pronto_ws/install/rviz_legged_plugins:/home/ros/docker_pronto_ws/install/anymal_c_simple_description:/home/ros/docker_pronto_ws/install/robot_control:/home/ros/docker_pronto_ws/install/pronto_ros2_controller:/home/ros/docker_pronto_ws/install/pronto_solo12:/home/ros/docker_pronto_ws/install/pronto_quadruped_ros:/home/ros/docker_pronto_ws/install/pronto_quadruped:/home/ros/docker_pronto_ws/install/pronto_utils:/home/ros/docker_pronto_ws/install/pronto_ros:/home/ros/docker_pronto_ws/install/pronto_quadruped_commons:/home/ros/docker_pronto_ws/install/pronto_msgs:/home/ros/docker_pronto_ws/install/pronto_core:/home/ros/docker_pronto_ws/install/pi3hat_moteus_int_msgs:/opt/openrobots:/home/ros/docker_pronto_ws/install/planners_python:/home/ros/docker_pronto_ws/install/logger_gazebo:/home/ros/docker_pronto_ws/install/terrain_estimator:/home/ros/docker_pronto_ws/install/pose_estimator:/opt/ros/humble LD_LIBRARY_PATH=/home/ros/docker_pronto_ws/install/whole_body_controller/lib:/home/ros/docker_pronto_ws/install/robot_model/lib:/home/ros/docker_pronto_ws/install/hierarchical_optimization/lib:/home/ros/docker_pronto_ws/install/ryml/lib:/home/ros/docker_pronto_ws/install/rviz_legged_msgs/lib:/home/ros/docker_pronto_ws/install/quadprog/lib:/home/ros/docker_pronto_ws/install/generalized_pose_msgs/lib:/home/ros/docker_pronto_ws/install/hqp_controller/lib:/home/ros/docker_pronto_ws/install/teleoperate_robot/lib:/home/ros/docker_pronto_ws/install/lip_walking_trot_planner/lib:/home/ros/docker_pronto_ws/install/velocity_command_msgs/lib:/home/ros/docker_pronto_ws/install/static_walk_planner/lib:/home/ros/docker_pronto_ws/install/rviz_legged_plugins/lib:/home/ros/docker_pronto_ws/install/pronto_ros2_controller/lib:/home/ros/docker_pronto_ws/install/pronto_solo12/lib:/home/ros/docker_pronto_ws/install/pronto_quadruped_ros/lib:/home/ros/docker_pronto_ws/install/pronto_quadruped/lib:/home/ros/docker_pronto_ws/install/pronto_utils/lib:/home/ros/docker_pronto_ws/install/pronto_ros/lib:/home/ros/docker_pronto_ws/install/pronto_msgs/lib:/home/ros/docker_pronto_ws/install/pronto_core/lib:/home/ros/docker_pronto_ws/install/pi3hat_moteus_int_msgs/lib:/usr/lib/x86_64-linux-gnu/gazebo-11/plugins:/opt/ros/humble/opt/rviz_ogre_vendor/lib:/opt/ros/humble/lib/x86_64-linux-gnu:/opt/ros/humble/lib:/opt/openrobots/lib:/usr/share/gazebo/../../lib/x86_64-linux-gnu/gazebo-11/plugins /usr/bin/cmake --build /home/ros/docker_pronto_ws/build/hqp_controller -- -j16 -l16
[0.114s] [35m[1mConsolidate compiler generated dependencies of target hqp_controller[0m
[0.147s] [ 33%] [32mBuilding CXX object CMakeFiles/hqp_controller.dir/src/hqp_controller.cpp.o[0m
[4.686s] [01m[K/home/ros/docker_pronto_ws/src/motion_control/whole_body_control/hqp_controller/src/hqp_controller.cpp:[m[K In member function ‘[01m[Kvirtual hqp_controller::CallbackReturn hqp_controller::HQPController::on_configure(const rclcpp_lifecycle::State&)[m[K’:
[4.686s] [01m[K/home/ros/docker_pronto_ws/src/motion_control/whole_body_control/hqp_controller/src/hqp_controller.cpp:345:44:[m[K [01;31m[Kerror: [m[K‘[01m[KQoS[m[K’ is not a member of ‘[01m[Kstd[m[K’; did you mean ‘[01m[Krclcpp::QoS[m[K’?
[4.686s]   345 |             "/pronto_estimator/pose", std::[01;31m[KQoS[m[K(QUEUE_SIZE),
[4.686s]       |                                            [01;31m[K^~~[m[K
[4.686s] In file included from [01m[K/opt/ros/humble/include/rclcpp/rclcpp/node_interfaces/node_graph_interface.hpp:32[m[K,
[4.686s]                  from [01m[K/opt/ros/humble/include/rclcpp/rclcpp/client.hpp:42[m[K,
[4.686s]                  from [01m[K/opt/ros/humble/include/rclcpp/rclcpp/callback_group.hpp:24[m[K,
[4.686s]                  from [01m[K/opt/ros/humble/include/rclcpp/rclcpp/any_executable.hpp:20[m[K,
[4.687s]                  from [01m[K/opt/ros/humble/include/rclcpp/rclcpp/memory_strategy.hpp:25[m[K,
[4.687s]                  from [01m[K/opt/ros/humble/include/rclcpp/rclcpp/memory_strategies.hpp:18[m[K,
[4.687s]                  from [01m[K/opt/ros/humble/include/rclcpp/rclcpp/executor_options.hpp:20[m[K,
[4.687s]                  from [01m[K/opt/ros/humble/include/rclcpp/rclcpp/executor.hpp:37[m[K,
[4.687s]                  from [01m[K/opt/ros/humble/include/rclcpp/rclcpp/executors/multi_threaded_executor.hpp:25[m[K,
[4.687s]                  from [01m[K/opt/ros/humble/include/rclcpp/rclcpp/executors.hpp:21[m[K,
[4.687s]                  from [01m[K/opt/ros/humble/include/rclcpp/rclcpp/rclcpp.hpp:155[m[K,
[4.687s]                  from [01m[K/home/ros/docker_pronto_ws/src/motion_control/whole_body_control/hqp_controller/include/hqp_controller/hqp_publisher.hpp:3[m[K,
[4.687s]                  from [01m[K/home/ros/docker_pronto_ws/src/motion_control/whole_body_control/hqp_controller/include/hqp_controller/hqp_controller.hpp:3[m[K,
[4.687s]                  from [01m[K/home/ros/docker_pronto_ws/src/motion_control/whole_body_control/hqp_controller/src/hqp_controller.cpp:1[m[K:
[4.687s] [01m[K/opt/ros/humble/include/rclcpp/rclcpp/qos.hpp:110:21:[m[K [01;36m[Knote: [m[K‘[01m[Krclcpp::QoS[m[K’ declared here
[4.687s]   110 | class RCLCPP_PUBLIC [01;36m[KQoS[m[K
[4.687s]       |                     [01;36m[K^~~[m[K
[4.692s] [01m[K/home/ros/docker_pronto_ws/src/motion_control/whole_body_control/hqp_controller/src/hqp_controller.cpp:355:45:[m[K [01;31m[Kerror: [m[K‘[01m[KQoS[m[K’ is not a member of ‘[01m[Kstd[m[K’; did you mean ‘[01m[Krclcpp::QoS[m[K’?
[4.692s]   355 |             "/pronto_estimator/twist", std::[01;31m[KQoS[m[K(QUEUE_SIZE),
[4.692s]       |                                             [01;31m[K^~~[m[K
[4.692s] In file included from [01m[K/opt/ros/humble/include/rclcpp/rclcpp/node_interfaces/node_graph_interface.hpp:32[m[K,
[4.692s]                  from [01m[K/opt/ros/humble/include/rclcpp/rclcpp/client.hpp:42[m[K,
[4.692s]                  from [01m[K/opt/ros/humble/include/rclcpp/rclcpp/callback_group.hpp:24[m[K,
[4.692s]                  from [01m[K/opt/ros/humble/include/rclcpp/rclcpp/any_executable.hpp:20[m[K,
[4.692s]                  from [01m[K/opt/ros/humble/include/rclcpp/rclcpp/memory_strategy.hpp:25[m[K,
[4.692s]                  from [01m[K/opt/ros/humble/include/rclcpp/rclcpp/memory_strategies.hpp:18[m[K,
[4.692s]                  from [01m[K/opt/ros/humble/include/rclcpp/rclcpp/executor_options.hpp:20[m[K,
[4.692s]                  from [01m[K/opt/ros/humble/include/rclcpp/rclcpp/executor.hpp:37[m[K,
[4.692s]                  from [01m[K/opt/ros/humble/include/rclcpp/rclcpp/executors/multi_threaded_executor.hpp:25[m[K,
[4.692s]                  from [01m[K/opt/ros/humble/include/rclcpp/rclcpp/executors.hpp:21[m[K,
[4.692s]                  from [01m[K/opt/ros/humble/include/rclcpp/rclcpp/rclcpp.hpp:155[m[K,
[4.692s]                  from [01m[K/home/ros/docker_pronto_ws/src/motion_control/whole_body_control/hqp_controller/include/hqp_controller/hqp_publisher.hpp:3[m[K,
[4.692s]                  from [01m[K/home/ros/docker_pronto_ws/src/motion_control/whole_body_control/hqp_controller/include/hqp_controller/hqp_controller.hpp:3[m[K,
[4.692s]                  from [01m[K/home/ros/docker_pronto_ws/src/motion_control/whole_body_control/hqp_controller/src/hqp_controller.cpp:1[m[K:
[4.692s] [01m[K/opt/ros/humble/include/rclcpp/rclcpp/qos.hpp:110:21:[m[K [01;36m[Knote: [m[K‘[01m[Krclcpp::QoS[m[K’ declared here
[4.693s]   110 | class RCLCPP_PUBLIC [01;36m[KQoS[m[K
[4.693s]       |                     [01;36m[K^~~[m[K
[8.013s] gmake[2]: *** [CMakeFiles/hqp_controller.dir/build.make:76: CMakeFiles/hqp_controller.dir/src/hqp_controller.cpp.o] Error 1
[8.014s] gmake[1]: *** [CMakeFiles/Makefile2:137: CMakeFiles/hqp_controller.dir/all] Error 2
[8.014s] gmake: *** [Makefile:146: all] Error 2
[8.015s] Invoked command in '/home/ros/docker_pronto_ws/build/hqp_controller' returned '2': CMAKE_PREFIX_PATH=/home/ros/docker_pronto_ws/install/whole_body_controller:/home/ros/docker_pronto_ws/install/robot_model:/home/ros/docker_pronto_ws/install/hierarchical_optimization:/home/ros/docker_pronto_ws/install/ryml:/home/ros/docker_pronto_ws/install/rviz_legged_msgs:/home/ros/docker_pronto_ws/install/quadprog:/home/ros/docker_pronto_ws/install/generalized_pose_msgs:/home/ros/docker_pronto_ws/install/hqp_controller:/home/ros/docker_pronto_ws/install/teleoperate_robot:/home/ros/docker_pronto_ws/install/pronto_tuning:/home/ros/docker_pronto_ws/install/lip_walking_trot_planner:/home/ros/docker_pronto_ws/install/velocity_command_msgs:/home/ros/docker_pronto_ws/install/static_walk_planner:/home/ros/docker_pronto_ws/install/robot_gazebo:/home/ros/docker_pronto_ws/install/solo_description:/home/ros/docker_pronto_ws/install/rviz_legged_plugins:/home/ros/docker_pronto_ws/install/anymal_c_simple_description:/home/ros/docker_pronto_ws/install/robot_control:/home/ros/docker_pronto_ws/install/pronto_ros2_controller:/home/ros/docker_pronto_ws/install/pronto_solo12:/home/ros/docker_pronto_ws/install/pronto_quadruped_ros:/home/ros/docker_pronto_ws/install/pronto_quadruped:/home/ros/docker_pronto_ws/install/pronto_utils:/home/ros/docker_pronto_ws/install/pronto_ros:/home/ros/docker_pronto_ws/install/pronto_quadruped_commons:/home/ros/docker_pronto_ws/install/pronto_msgs:/home/ros/docker_pronto_ws/install/pronto_core:/home/ros/docker_pronto_ws/install/pi3hat_moteus_int_msgs:/opt/openrobots:/home/ros/docker_pronto_ws/install/planners_python:/home/ros/docker_pronto_ws/install/logger_gazebo:/home/ros/docker_pronto_ws/install/terrain_estimator:/home/ros/docker_pronto_ws/install/pose_estimator:/opt/ros/humble LD_LIBRARY_PATH=/home/ros/docker_pronto_ws/install/whole_body_controller/lib:/home/ros/docker_pronto_ws/install/robot_model/lib:/home/ros/docker_pronto_ws/install/hierarchical_optimization/lib:/home/ros/docker_pronto_ws/install/ryml/lib:/home/ros/docker_pronto_ws/install/rviz_legged_msgs/lib:/home/ros/docker_pronto_ws/install/quadprog/lib:/home/ros/docker_pronto_ws/install/generalized_pose_msgs/lib:/home/ros/docker_pronto_ws/install/hqp_controller/lib:/home/ros/docker_pronto_ws/install/teleoperate_robot/lib:/home/ros/docker_pronto_ws/install/lip_walking_trot_planner/lib:/home/ros/docker_pronto_ws/install/velocity_command_msgs/lib:/home/ros/docker_pronto_ws/install/static_walk_planner/lib:/home/ros/docker_pronto_ws/install/rviz_legged_plugins/lib:/home/ros/docker_pronto_ws/install/pronto_ros2_controller/lib:/home/ros/docker_pronto_ws/install/pronto_solo12/lib:/home/ros/docker_pronto_ws/install/pronto_quadruped_ros/lib:/home/ros/docker_pronto_ws/install/pronto_quadruped/lib:/home/ros/docker_pronto_ws/install/pronto_utils/lib:/home/ros/docker_pronto_ws/install/pronto_ros/lib:/home/ros/docker_pronto_ws/install/pronto_msgs/lib:/home/ros/docker_pronto_ws/install/pronto_core/lib:/home/ros/docker_pronto_ws/install/pi3hat_moteus_int_msgs/lib:/usr/lib/x86_64-linux-gnu/gazebo-11/plugins:/opt/ros/humble/opt/rviz_ogre_vendor/lib:/opt/ros/humble/lib/x86_64-linux-gnu:/opt/ros/humble/lib:/opt/openrobots/lib:/usr/share/gazebo/../../lib/x86_64-linux-gnu/gazebo-11/plugins /usr/bin/cmake --build /home/ros/docker_pronto_ws/build/hqp_controller -- -j16 -l16
