[0.295s] Invoking command in '/home/ros/docker_pronto_ws/build/pronto_utils': CMAKE_PREFIX_PATH=${CMAKE_PREFIX_PATH}:/home/ros/docker_pronto_ws/install/planners_python:/home/ros/docker_pronto_ws/install/logger_gazebo:/home/ros/docker_pronto_ws/install/terrain_estimator:/home/ros/docker_pronto_ws/install/pose_estimator:/opt/ros/humble /usr/bin/cmake /home/ros/docker_pronto_ws/src/pronto_utils -DCMAKE_BUILD_TYPE=Release -DCMAKE_EXPORT_COMPILE_COMMANDS=ON -DAMENT_CMAKE_SYMLINK_INSTALL=1 -DCMAKE_INSTALL_PREFIX=/home/ros/docker_pronto_ws/install/pronto_utils
[0.351s] -- The C compiler identification is GNU 11.4.0
[0.414s] -- The CXX compiler identification is GNU 11.4.0
[0.422s] -- Detecting C compiler ABI info
[0.496s] -- Detecting C compiler ABI info - done
[0.505s] -- Check for working C compiler: /usr/bin/cc - skipped
[0.505s] -- Detecting C compile features
[0.505s] -- Detecting C compile features - done
[0.507s] -- Detecting CXX compiler ABI info
[0.598s] -- Detecting CXX compiler ABI info - done
[0.607s] -- Check for working CXX compiler: /usr/bin/c++ - skipped
[0.607s] -- Detecting CXX compile features
[0.608s] -- Detecting CXX compile features - done
[0.610s] -- Found ament_cmake: 1.3.6 (/opt/ros/humble/share/ament_cmake/cmake)
[0.804s] -- Found Python3: /usr/bin/python3.10 (found version "3.10.12") found components: Interpreter 
[0.886s] -- Override CMake install command with custom implementation using symlinks instead of copying resources
[0.937s] -- Found ament_lint_auto: 0.12.9 (/opt/ros/humble/share/ament_lint_auto/cmake)
[1.069s] -- Added test 'cppcheck' to perform static code analysis on C / C++ code
[1.069s] -- Configured cppcheck include dirs: $<BUILD_INTERFACE:/home/ros/docker_pronto_ws/src/pronto_utils/include>
[1.069s] -- Configured cppcheck exclude dirs and/or files: 
[1.069s] -- Added test 'lint_cmake' to check CMake code style
[1.069s] -- Added test 'uncrustify' to check C / C++ code style
[1.069s] -- Configured uncrustify additional arguments: 
[1.071s] -- Added test 'xmllint' to check XML markup files
[1.085s] -- Configuring done
[1.103s] -- Generating done
[1.106s] -- Build files have been written to: /home/ros/docker_pronto_ws/build/pronto_utils
[1.133s] Invoked command in '/home/ros/docker_pronto_ws/build/pronto_utils' returned '0': CMAKE_PREFIX_PATH=${CMAKE_PREFIX_PATH}:/home/ros/docker_pronto_ws/install/planners_python:/home/ros/docker_pronto_ws/install/logger_gazebo:/home/ros/docker_pronto_ws/install/terrain_estimator:/home/ros/docker_pronto_ws/install/pose_estimator:/opt/ros/humble /usr/bin/cmake /home/ros/docker_pronto_ws/src/pronto_utils -DCMAKE_BUILD_TYPE=Release -DCMAKE_EXPORT_COMPILE_COMMANDS=ON -DAMENT_CMAKE_SYMLINK_INSTALL=1 -DCMAKE_INSTALL_PREFIX=/home/ros/docker_pronto_ws/install/pronto_utils
[1.134s] Invoking command in '/home/ros/docker_pronto_ws/build/pronto_utils': CMAKE_PREFIX_PATH=${CMAKE_PREFIX_PATH}:/home/ros/docker_pronto_ws/install/planners_python:/home/ros/docker_pronto_ws/install/logger_gazebo:/home/ros/docker_pronto_ws/install/terrain_estimator:/home/ros/docker_pronto_ws/install/pose_estimator:/opt/ros/humble /usr/bin/cmake --build /home/ros/docker_pronto_ws/build/pronto_utils -- -j16 -l16
[1.322s] [  5%] [32mBuilding CXX object CMakeFiles/pronto_utils.dir/src/Filter.cpp.o[0m
[1.339s] [ 10%] [32mBuilding CXX object CMakeFiles/pronto_utils.dir/src/HeavyLowPassFilter.cpp.o[0m
[1.362s] [ 15%] [32mBuilding CXX object CMakeFiles/pronto_utils.dir/src/DataFileLogger.cpp.o[0m
[1.362s] [ 20%] [32mBuilding CXX object CMakeFiles/pronto_utils.dir/src/BipolarSchmittTrigger.cpp.o[0m
[1.377s] [ 25%] [32mBuilding CXX object CMakeFiles/pronto_utils.dir/src/RateChange.cpp.o[0m
[1.386s] [ 35%] [32mBuilding CXX object CMakeFiles/kalman_filter.dir/src/kalman_filter.cpp.o[0m
[1.391s] [ 30%] [32mBuilding CXX object CMakeFiles/pronto_utils.dir/src/MedianFilter.cpp.o[0m
[1.403s] [ 40%] [32mBuilding CXX object CMakeFiles/kalman_filter.dir/src/simple_kalman_filter.cpp.o[0m
[1.403s] [ 45%] [32mBuilding CXX object CMakeFiles/pronto_utils.dir/src/TrapezoidalInt.cpp.o[0m
[1.408s] [ 50%] [32mBuilding CXX object CMakeFiles/kalman_filter.dir/src/alpha_filter.cpp.o[0m
[1.446s] [ 55%] [32mBuilding CXX object CMakeFiles/pronto_utils.dir/src/DistributedDiff.cpp.o[0m
[1.451s] [ 60%] [32mBuilding CXX object CMakeFiles/pronto_utils.dir/src/ExpireTimer.cpp.o[0m
[1.452s] [ 65%] [32mBuilding CXX object CMakeFiles/pronto_utils.dir/src/NumericalDiff.cpp.o[0m
[1.464s] [ 70%] [32mBuilding CXX object CMakeFiles/pronto_utils.dir/src/SchmittTrigger.cpp.o[0m
[1.496s] [ 75%] [32mBuilding CXX object CMakeFiles/pronto_utils.dir/src/Gaussian.cpp.o[0m
[5.855s] [ 80%] [32m[1mLinking CXX shared library libpronto_utils.so[0m
[6.300s] [ 80%] Built target pronto_utils
[18.236s] [ 85%] [32m[1mLinking CXX shared library libkalman_filter.so[0m
[18.356s] [ 85%] Built target kalman_filter
[18.393s] [ 95%] [32mBuilding CXX object CMakeFiles/backlash_filter.dir/src/torque_adjustment.cpp.o[0m
[18.393s] [ 95%] [32mBuilding CXX object CMakeFiles/backlash_filter.dir/src/backlash_filter.cpp.o[0m
[19.631s] [100%] [32m[1mLinking CXX shared library libbacklash_filter.so[0m
[19.728s] [100%] Built target backlash_filter
[19.743s] Invoked command in '/home/ros/docker_pronto_ws/build/pronto_utils' returned '0': CMAKE_PREFIX_PATH=${CMAKE_PREFIX_PATH}:/home/ros/docker_pronto_ws/install/planners_python:/home/ros/docker_pronto_ws/install/logger_gazebo:/home/ros/docker_pronto_ws/install/terrain_estimator:/home/ros/docker_pronto_ws/install/pose_estimator:/opt/ros/humble /usr/bin/cmake --build /home/ros/docker_pronto_ws/build/pronto_utils -- -j16 -l16
[19.881s] Invoking command in '/home/ros/docker_pronto_ws/build/pronto_utils': CMAKE_PREFIX_PATH=${CMAKE_PREFIX_PATH}:/home/ros/docker_pronto_ws/install/planners_python:/home/ros/docker_pronto_ws/install/logger_gazebo:/home/ros/docker_pronto_ws/install/terrain_estimator:/home/ros/docker_pronto_ws/install/pose_estimator:/opt/ros/humble /usr/bin/cmake --install /home/ros/docker_pronto_ws/build/pronto_utils
[19.891s] -- Install configuration: "Release"
[19.891s] -- Execute custom install script
[19.891s] -- Symlinking: /home/ros/docker_pronto_ws/install/pronto_utils/share/pronto_utils/environment/library_path.sh
[19.900s] -- Symlinking: /home/ros/docker_pronto_ws/install/pronto_utils/share/pronto_utils/environment/library_path.dsv
[19.912s] -- Symlinking: /home/ros/docker_pronto_ws/install/pronto_utils/include/pronto_utils/BipolarSchmittTrigger.hpp
[19.925s] -- Symlinking: /home/ros/docker_pronto_ws/install/pronto_utils/include/pronto_utils/BlipFilter.hpp
[19.935s] -- Symlinking: /home/ros/docker_pronto_ws/install/pronto_utils/include/pronto_utils/CumulativeAverage.hpp
[19.957s] -- Symlinking: /home/ros/docker_pronto_ws/install/pronto_utils/include/pronto_utils/DataFileLogger.hpp
[19.968s] -- Symlinking: /home/ros/docker_pronto_ws/install/pronto_utils/include/pronto_utils/DistributedDiff.hpp
[19.979s] -- Symlinking: /home/ros/docker_pronto_ws/install/pronto_utils/include/pronto_utils/ExpireTimer.hpp
[19.991s] -- Symlinking: /home/ros/docker_pronto_ws/install/pronto_utils/include/pronto_utils/Filter.hpp
[20.003s] -- Symlinking: /home/ros/docker_pronto_ws/install/pronto_utils/include/pronto_utils/Gaussian.hpp
[20.019s] -- Symlinking: /home/ros/docker_pronto_ws/install/pronto_utils/include/pronto_utils/HeavyLowPassFilter.hpp
[20.028s] -- Symlinking: /home/ros/docker_pronto_ws/install/pronto_utils/include/pronto_utils/MedianFilter.hpp
[20.038s] -- Symlinking: /home/ros/docker_pronto_ws/install/pronto_utils/include/pronto_utils/NumericalDiff.hpp
[20.047s] -- Symlinking: /home/ros/docker_pronto_ws/install/pronto_utils/include/pronto_utils/RateChange.hpp
[20.056s] -- Symlinking: /home/ros/docker_pronto_ws/install/pronto_utils/include/pronto_utils/SchmittTrigger.hpp
[20.065s] -- Symlinking: /home/ros/docker_pronto_ws/install/pronto_utils/include/pronto_utils/SignalTap.hpp
[20.076s] -- Symlinking: /home/ros/docker_pronto_ws/install/pronto_utils/include/pronto_utils/TrapezoidalInt.hpp
[20.086s] -- Symlinking: /home/ros/docker_pronto_ws/install/pronto_utils/include/pronto_utils/alpha_filter.hpp
[20.094s] -- Symlinking: /home/ros/docker_pronto_ws/install/pronto_utils/include/pronto_utils/backlash_filter.hpp
[20.103s] -- Symlinking: /home/ros/docker_pronto_ws/install/pronto_utils/include/pronto_utils/kalman_filter.hpp
[20.112s] -- Symlinking: /home/ros/docker_pronto_ws/install/pronto_utils/include/pronto_utils/simple_kalman_filter.hpp
[20.124s] -- Symlinking: /home/ros/docker_pronto_ws/install/pronto_utils/include/pronto_utils/torque_adjustment.hpp
[20.135s] -- Symlinking: /home/ros/docker_pronto_ws/install/pronto_utils/include/pronto_utils/visibility_control.h
[20.146s] -- Up-to-date symlink: /home/ros/docker_pronto_ws/install/pronto_utils/include/pronto_utils/BipolarSchmittTrigger.hpp
[20.147s] -- Up-to-date symlink: /home/ros/docker_pronto_ws/install/pronto_utils/include/pronto_utils/BlipFilter.hpp
[20.147s] -- Up-to-date symlink: /home/ros/docker_pronto_ws/install/pronto_utils/include/pronto_utils/CumulativeAverage.hpp
[20.147s] -- Up-to-date symlink: /home/ros/docker_pronto_ws/install/pronto_utils/include/pronto_utils/DataFileLogger.hpp
[20.147s] -- Up-to-date symlink: /home/ros/docker_pronto_ws/install/pronto_utils/include/pronto_utils/DistributedDiff.hpp
[20.147s] -- Up-to-date symlink: /home/ros/docker_pronto_ws/install/pronto_utils/include/pronto_utils/ExpireTimer.hpp
[20.147s] -- Up-to-date symlink: /home/ros/docker_pronto_ws/install/pronto_utils/include/pronto_utils/Filter.hpp
[20.147s] -- Up-to-date symlink: /home/ros/docker_pronto_ws/install/pronto_utils/include/pronto_utils/Gaussian.hpp
[20.147s] -- Up-to-date symlink: /home/ros/docker_pronto_ws/install/pronto_utils/include/pronto_utils/HeavyLowPassFilter.hpp
[20.147s] -- Up-to-date symlink: /home/ros/docker_pronto_ws/install/pronto_utils/include/pronto_utils/MedianFilter.hpp
[20.147s] -- Up-to-date symlink: /home/ros/docker_pronto_ws/install/pronto_utils/include/pronto_utils/NumericalDiff.hpp
[20.147s] -- Up-to-date symlink: /home/ros/docker_pronto_ws/install/pronto_utils/include/pronto_utils/RateChange.hpp
[20.148s] -- Up-to-date symlink: /home/ros/docker_pronto_ws/install/pronto_utils/include/pronto_utils/SchmittTrigger.hpp
[20.148s] -- Up-to-date symlink: /home/ros/docker_pronto_ws/install/pronto_utils/include/pronto_utils/SignalTap.hpp
[20.148s] -- Up-to-date symlink: /home/ros/docker_pronto_ws/install/pronto_utils/include/pronto_utils/TrapezoidalInt.hpp
[20.148s] -- Up-to-date symlink: /home/ros/docker_pronto_ws/install/pronto_utils/include/pronto_utils/alpha_filter.hpp
[20.148s] -- Up-to-date symlink: /home/ros/docker_pronto_ws/install/pronto_utils/include/pronto_utils/backlash_filter.hpp
[20.148s] -- Up-to-date symlink: /home/ros/docker_pronto_ws/install/pronto_utils/include/pronto_utils/kalman_filter.hpp
[20.148s] -- Up-to-date symlink: /home/ros/docker_pronto_ws/install/pronto_utils/include/pronto_utils/simple_kalman_filter.hpp
[20.148s] -- Up-to-date symlink: /home/ros/docker_pronto_ws/install/pronto_utils/include/pronto_utils/torque_adjustment.hpp
[20.149s] -- Up-to-date symlink: /home/ros/docker_pronto_ws/install/pronto_utils/include/pronto_utils/visibility_control.h
[20.149s] -- Up-to-date symlink: /home/ros/docker_pronto_ws/install/pronto_utils/include/pronto_utils/BipolarSchmittTrigger.hpp
[20.149s] -- Up-to-date symlink: /home/ros/docker_pronto_ws/install/pronto_utils/include/pronto_utils/BlipFilter.hpp
[20.150s] -- Up-to-date symlink: /home/ros/docker_pronto_ws/install/pronto_utils/include/pronto_utils/CumulativeAverage.hpp
[20.150s] -- Up-to-date symlink: /home/ros/docker_pronto_ws/install/pronto_utils/include/pronto_utils/DataFileLogger.hpp
[20.150s] -- Up-to-date symlink: /home/ros/docker_pronto_ws/install/pronto_utils/include/pronto_utils/DistributedDiff.hpp
[20.150s] -- Up-to-date symlink: /home/ros/docker_pronto_ws/install/pronto_utils/include/pronto_utils/ExpireTimer.hpp
[20.150s] -- Up-to-date symlink: /home/ros/docker_pronto_ws/install/pronto_utils/include/pronto_utils/Filter.hpp
[20.150s] -- Up-to-date symlink: /home/ros/docker_pronto_ws/install/pronto_utils/include/pronto_utils/Gaussian.hpp
[20.150s] -- Up-to-date symlink: /home/ros/docker_pronto_ws/install/pronto_utils/include/pronto_utils/HeavyLowPassFilter.hpp
[20.150s] -- Up-to-date symlink: /home/ros/docker_pronto_ws/install/pronto_utils/include/pronto_utils/MedianFilter.hpp
[20.151s] -- Up-to-date symlink: /home/ros/docker_pronto_ws/install/pronto_utils/include/pronto_utils/NumericalDiff.hpp
[20.151s] -- Up-to-date symlink: /home/ros/docker_pronto_ws/install/pronto_utils/include/pronto_utils/RateChange.hpp
[20.151s] -- Up-to-date symlink: /home/ros/docker_pronto_ws/install/pronto_utils/include/pronto_utils/SchmittTrigger.hpp
[20.151s] -- Up-to-date symlink: /home/ros/docker_pronto_ws/install/pronto_utils/include/pronto_utils/SignalTap.hpp
[20.151s] -- Up-to-date symlink: /home/ros/docker_pronto_ws/install/pronto_utils/include/pronto_utils/TrapezoidalInt.hpp
[20.151s] -- Up-to-date symlink: /home/ros/docker_pronto_ws/install/pronto_utils/include/pronto_utils/alpha_filter.hpp
[20.151s] -- Up-to-date symlink: /home/ros/docker_pronto_ws/install/pronto_utils/include/pronto_utils/backlash_filter.hpp
[20.151s] -- Up-to-date symlink: /home/ros/docker_pronto_ws/install/pronto_utils/include/pronto_utils/kalman_filter.hpp
[20.151s] -- Up-to-date symlink: /home/ros/docker_pronto_ws/install/pronto_utils/include/pronto_utils/simple_kalman_filter.hpp
[20.151s] -- Up-to-date symlink: /home/ros/docker_pronto_ws/install/pronto_utils/include/pronto_utils/torque_adjustment.hpp
[20.152s] -- Up-to-date symlink: /home/ros/docker_pronto_ws/install/pronto_utils/include/pronto_utils/visibility_control.h
[20.152s] -- Symlinking: /home/ros/docker_pronto_ws/install/pronto_utils/share/ament_index/resource_index/package_run_dependencies/pronto_utils
[20.164s] -- Symlinking: /home/ros/docker_pronto_ws/install/pronto_utils/share/ament_index/resource_index/parent_prefix_path/pronto_utils
[20.172s] -- Symlinking: /home/ros/docker_pronto_ws/install/pronto_utils/share/pronto_utils/environment/ament_prefix_path.sh
[20.183s] -- Symlinking: /home/ros/docker_pronto_ws/install/pronto_utils/share/pronto_utils/environment/ament_prefix_path.dsv
[20.196s] -- Symlinking: /home/ros/docker_pronto_ws/install/pronto_utils/share/pronto_utils/environment/path.sh
[20.203s] -- Symlinking: /home/ros/docker_pronto_ws/install/pronto_utils/share/pronto_utils/environment/path.dsv
[20.212s] -- Symlinking: /home/ros/docker_pronto_ws/install/pronto_utils/share/pronto_utils/local_setup.bash
[20.221s] -- Symlinking: /home/ros/docker_pronto_ws/install/pronto_utils/share/pronto_utils/local_setup.sh
[20.233s] -- Symlinking: /home/ros/docker_pronto_ws/install/pronto_utils/share/pronto_utils/local_setup.zsh
[20.245s] -- Symlinking: /home/ros/docker_pronto_ws/install/pronto_utils/share/pronto_utils/local_setup.dsv
[20.256s] -- Symlinking: /home/ros/docker_pronto_ws/install/pronto_utils/share/pronto_utils/package.dsv
[20.267s] -- Symlinking: /home/ros/docker_pronto_ws/install/pronto_utils/share/ament_index/resource_index/packages/pronto_utils
[20.282s] -- Symlinking: /home/ros/docker_pronto_ws/install/pronto_utils/share/pronto_utils/cmake/ament_cmake_export_include_directories-extras.cmake
[20.291s] -- Symlinking: /home/ros/docker_pronto_ws/install/pronto_utils/share/pronto_utils/cmake/ament_cmake_export_libraries-extras.cmake
[20.303s] -- Symlinking: /home/ros/docker_pronto_ws/install/pronto_utils/share/pronto_utils/cmake/ament_cmake_export_dependencies-extras.cmake
[20.315s] -- Symlinking: /home/ros/docker_pronto_ws/install/pronto_utils/share/pronto_utils/cmake/ament_cmake_export_targets-extras.cmake
[20.326s] -- Symlinking: /home/ros/docker_pronto_ws/install/pronto_utils/share/pronto_utils/cmake/pronto_utilsConfig.cmake
[20.337s] -- Symlinking: /home/ros/docker_pronto_ws/install/pronto_utils/share/pronto_utils/cmake/pronto_utilsConfig-version.cmake
[20.348s] -- Symlinking: /home/ros/docker_pronto_ws/install/pronto_utils/share/pronto_utils/package.xml
[20.359s] -- Installing: /home/ros/docker_pronto_ws/install/pronto_utils/lib/libpronto_utils.so
[20.359s] -- Installing: /home/ros/docker_pronto_ws/install/pronto_utils/lib/libkalman_filter.so
[20.360s] -- Installing: /home/ros/docker_pronto_ws/install/pronto_utils/lib/libbacklash_filter.so
[20.360s] -- Set runtime path of "/home/ros/docker_pronto_ws/install/pronto_utils/lib/libbacklash_filter.so" to ""
[20.360s] -- Installing: /home/ros/docker_pronto_ws/install/pronto_utils/share/pronto_utils/cmake/export_pronto_utilsExport.cmake
[20.360s] -- Installing: /home/ros/docker_pronto_ws/install/pronto_utils/share/pronto_utils/cmake/export_pronto_utilsExport-release.cmake
[20.363s] Invoked command in '/home/ros/docker_pronto_ws/build/pronto_utils' returned '0': CMAKE_PREFIX_PATH=${CMAKE_PREFIX_PATH}:/home/ros/docker_pronto_ws/install/planners_python:/home/ros/docker_pronto_ws/install/logger_gazebo:/home/ros/docker_pronto_ws/install/terrain_estimator:/home/ros/docker_pronto_ws/install/pose_estimator:/opt/ros/humble /usr/bin/cmake --install /home/ros/docker_pronto_ws/build/pronto_utils
