[1.101s] Invoking command in '/home/ros/docker_pronto_ws/build/terrain_estimator': PYTHONPATH=/home/ros/docker_pronto_ws/build/terrain_estimator/prefix_override:/home/ros/docker_pronto_ws/install/terrain_estimator/lib/python3.10/site-packages:${PYTHONPATH} /usr/bin/python3 setup.py develop --editable --build-directory /home/ros/docker_pronto_ws/build/terrain_estimator/build --no-deps install_data
[1.313s] running develop
[1.314s] /usr/lib/python3/dist-packages/setuptools/command/easy_install.py:158: EasyInstallDeprecationWarning: easy_install command is deprecated. Use build and pip and other standards-based tools.
[1.314s]   warnings.warn(
[1.315s] /usr/lib/python3/dist-packages/setuptools/command/install.py:34: SetuptoolsDeprecationWarning: setup.py install is deprecated. Use build and pip and other standards-based tools.
[1.315s]   warnings.warn(
[1.428s] running egg_info
[1.428s] writing terrain_estimator.egg-info/PKG-INFO
[1.428s] writing dependency_links to terrain_estimator.egg-info/dependency_links.txt
[1.428s] writing entry points to terrain_estimator.egg-info/entry_points.txt
[1.428s] writing requirements to terrain_estimator.egg-info/requires.txt
[1.428s] writing top-level names to terrain_estimator.egg-info/top_level.txt
[1.430s] reading manifest file 'terrain_estimator.egg-info/SOURCES.txt'
[1.430s] writing manifest file 'terrain_estimator.egg-info/SOURCES.txt'
[1.431s] running build_ext
[1.432s] Creating /home/ros/docker_pronto_ws/install/terrain_estimator/lib/python3.10/site-packages/terrain-estimator.egg-link (link to .)
[1.432s] Installing terrain_estimator_node script to /home/ros/docker_pronto_ws/install/terrain_estimator/lib/terrain_estimator
[1.433s] 
[1.433s] Installed /home/ros/docker_pronto_ws/build/terrain_estimator
[1.433s] running install_data
[1.743s] Invoked command in '/home/ros/docker_pronto_ws/build/terrain_estimator' returned '0': PYTHONPATH=/home/ros/docker_pronto_ws/build/terrain_estimator/prefix_override:/home/ros/docker_pronto_ws/install/terrain_estimator/lib/python3.10/site-packages:${PYTHONPATH} /usr/bin/python3 setup.py develop --editable --build-directory /home/ros/docker_pronto_ws/build/terrain_estimator/build --no-deps install_data
