[0.387s] DEBUG:colcon:Command line arguments: ['/home/anymalopc/.matlab/R2023a/ros2/glnxa64/venv/bin/colcon', 'build', '--merge-install', '--cmake-args', '-DCMAKE_BUILD_TYPE=Release', '-DCMAKE_SHARED_LINKER_FLAGS=-Wl,-no-as-needed', '-DBUILD_TESTING=OFF', '-DALIAS_ROS2_TF2=1', '-DCMAKE_CXX_FLAGS_RELEASE=-O0', '-G', 'Ninja']
[0.387s] DEBUG:colcon:Parsed command line arguments: Namespace(ament_cmake_args=None, base_paths=['.'], build_base='build', catkin_cmake_args=None, catkin_skip_building_tests=False, cmake_args=['-DCMAKE_BUILD_TYPE=Release', '-DCMAKE_SHARED_LINKER_FLAGS=-Wl,-no-as-needed', '-DBUILD_TESTING=OFF', '-DALIAS_ROS2_TF2=1', '-DCMAKE_CXX_FLAGS_RELEASE=-O0', '-G', 'Ninja'], cmake_clean_cache=False, cmake_clean_first=False, cmake_force_configure=False, cmake_target=None, cmake_target_skip_unavailable=False, continue_on_error=False, event_handlers=None, executor='parallel', ignore_user_meta=False, install_base='install', log_base=None, log_level=None, main=<bound method BuildVerb.main of <colcon_core.verb.build.BuildVerb object at 0x7fc091352f70>>, merge_install=True, metas=['./colcon.meta'], packages_above=None, packages_above_and_dependencies=None, packages_above_depth=None, packages_end=None, packages_ignore=None, packages_ignore_regex=None, packages_select=None, packages_select_build_failed=False, packages_select_by_dep=None, packages_select_regex=None, packages_select_test_failures=False, packages_skip=None, packages_skip_build_finished=False, packages_skip_by_dep=None, packages_skip_regex=None, packages_skip_test_passed=False, packages_skip_up_to=None, packages_start=None, packages_up_to=None, packages_up_to_regex=None, parallel_workers=16, paths=None, symlink_install=False, test_result_base=None, verb_extension=<colcon_core.verb.build.BuildVerb object at 0x7fc091352f70>, verb_name='build', verb_parser=<colcon_defaults.argument_parser.defaults.DefaultArgumentsDecorator object at 0x7fc09123acd0>)
[0.398s] Level 1:colcon.colcon_core.package_discovery:discover_packages(colcon_meta) check parameters
[0.398s] Level 1:colcon.colcon_core.package_discovery:discover_packages(recursive) check parameters
[0.398s] Level 1:colcon.colcon_core.package_discovery:discover_packages(ignore) check parameters
[0.398s] Level 1:colcon.colcon_core.package_discovery:discover_packages(path) check parameters
[0.398s] Level 1:colcon.colcon_core.package_discovery:discover_packages(colcon_meta) discover
[0.398s] Level 1:colcon.colcon_core.package_discovery:discover_packages(recursive) discover
[0.398s] INFO:colcon.colcon_core.package_discovery:Crawling recursively for packages in '/home/anymalopc/docker_pronto_estimator/src/matlab_msg_gen/glnxa64'
[0.398s] Level 1:colcon.colcon_core.package_identification:_identify(.) by extensions ['ignore', 'ignore_ament_install']
[0.398s] Level 1:colcon.colcon_core.package_identification:_identify(.) by extension 'ignore'
[0.399s] Level 1:colcon.colcon_core.package_identification:_identify(.) by extension 'ignore_ament_install'
[0.399s] Level 1:colcon.colcon_core.package_identification:_identify(.) by extensions ['colcon_pkg']
[0.399s] Level 1:colcon.colcon_core.package_identification:_identify(.) by extension 'colcon_pkg'
[0.399s] Level 1:colcon.colcon_core.package_identification:_identify(.) by extensions ['colcon_meta']
[0.399s] Level 1:colcon.colcon_core.package_identification:_identify(.) by extension 'colcon_meta'
[0.399s] Level 1:colcon.colcon_core.package_identification:_identify(.) by extensions ['ros']
[0.399s] Level 1:colcon.colcon_core.package_identification:_identify(.) by extension 'ros'
[0.409s] Level 1:colcon.colcon_core.package_identification:_identify(.) by extensions ['cmake', 'python']
[0.409s] Level 1:colcon.colcon_core.package_identification:_identify(.) by extension 'cmake'
[0.409s] Level 1:colcon.colcon_core.package_identification:_identify(.) by extension 'python'
[0.409s] Level 1:colcon.colcon_core.package_identification:_identify(.) by extensions ['python_setup_py']
[0.409s] Level 1:colcon.colcon_core.package_identification:_identify(.) by extension 'python_setup_py'
[0.409s] Level 1:colcon.colcon_core.package_identification:_identify(build) by extensions ['ignore', 'ignore_ament_install']
[0.409s] Level 1:colcon.colcon_core.package_identification:_identify(build) by extension 'ignore'
[0.409s] Level 1:colcon.colcon_core.package_identification:_identify(build) ignored
[0.409s] Level 1:colcon.colcon_core.package_identification:_identify(install) by extensions ['ignore', 'ignore_ament_install']
[0.409s] Level 1:colcon.colcon_core.package_identification:_identify(install) by extension 'ignore'
[0.409s] Level 1:colcon.colcon_core.package_identification:_identify(install) ignored
[0.409s] Level 1:colcon.colcon_core.package_identification:_identify(log) by extensions ['ignore', 'ignore_ament_install']
[0.409s] Level 1:colcon.colcon_core.package_identification:_identify(log) by extension 'ignore'
[0.409s] Level 1:colcon.colcon_core.package_identification:_identify(log) ignored
[0.409s] Level 1:colcon.colcon_core.package_identification:_identify(src) by extensions ['ignore', 'ignore_ament_install']
[0.409s] Level 1:colcon.colcon_core.package_identification:_identify(src) by extension 'ignore'
[0.409s] Level 1:colcon.colcon_core.package_identification:_identify(src) by extension 'ignore_ament_install'
[0.409s] Level 1:colcon.colcon_core.package_identification:_identify(src) by extensions ['colcon_pkg']
[0.409s] Level 1:colcon.colcon_core.package_identification:_identify(src) by extension 'colcon_pkg'
[0.409s] Level 1:colcon.colcon_core.package_identification:_identify(src) by extensions ['colcon_meta']
[0.409s] Level 1:colcon.colcon_core.package_identification:_identify(src) by extension 'colcon_meta'
[0.409s] Level 1:colcon.colcon_core.package_identification:_identify(src) by extensions ['ros']
[0.409s] Level 1:colcon.colcon_core.package_identification:_identify(src) by extension 'ros'
[0.409s] Level 1:colcon.colcon_core.package_identification:_identify(src) by extensions ['cmake', 'python']
[0.409s] Level 1:colcon.colcon_core.package_identification:_identify(src) by extension 'cmake'
[0.410s] Level 1:colcon.colcon_core.package_identification:_identify(src) by extension 'python'
[0.410s] Level 1:colcon.colcon_core.package_identification:_identify(src) by extensions ['python_setup_py']
[0.410s] Level 1:colcon.colcon_core.package_identification:_identify(src) by extension 'python_setup_py'
[0.410s] Level 1:colcon.colcon_core.package_identification:_identify(src/pi3hat_moteus_int_msgs) by extensions ['ignore', 'ignore_ament_install']
[0.410s] Level 1:colcon.colcon_core.package_identification:_identify(src/pi3hat_moteus_int_msgs) by extension 'ignore'
[0.410s] Level 1:colcon.colcon_core.package_identification:_identify(src/pi3hat_moteus_int_msgs) by extension 'ignore_ament_install'
[0.410s] Level 1:colcon.colcon_core.package_identification:_identify(src/pi3hat_moteus_int_msgs) by extensions ['colcon_pkg']
[0.410s] Level 1:colcon.colcon_core.package_identification:_identify(src/pi3hat_moteus_int_msgs) by extension 'colcon_pkg'
[0.410s] Level 1:colcon.colcon_core.package_identification:_identify(src/pi3hat_moteus_int_msgs) by extensions ['colcon_meta']
[0.410s] Level 1:colcon.colcon_core.package_identification:_identify(src/pi3hat_moteus_int_msgs) by extension 'colcon_meta'
[0.410s] Level 1:colcon.colcon_core.package_identification:_identify(src/pi3hat_moteus_int_msgs) by extensions ['ros']
[0.410s] Level 1:colcon.colcon_core.package_identification:_identify(src/pi3hat_moteus_int_msgs) by extension 'ros'
[0.412s] DEBUG:colcon.colcon_core.package_identification:Package 'src/pi3hat_moteus_int_msgs' with type 'ros.ament_cmake' and name 'pi3hat_moteus_int_msgs'
[0.412s] Level 1:colcon.colcon_core.package_identification:_identify(src/pronto_msgs) by extensions ['ignore', 'ignore_ament_install']
[0.412s] Level 1:colcon.colcon_core.package_identification:_identify(src/pronto_msgs) by extension 'ignore'
[0.412s] Level 1:colcon.colcon_core.package_identification:_identify(src/pronto_msgs) by extension 'ignore_ament_install'
[0.412s] Level 1:colcon.colcon_core.package_identification:_identify(src/pronto_msgs) by extensions ['colcon_pkg']
[0.412s] Level 1:colcon.colcon_core.package_identification:_identify(src/pronto_msgs) by extension 'colcon_pkg'
[0.412s] Level 1:colcon.colcon_core.package_identification:_identify(src/pronto_msgs) by extensions ['colcon_meta']
[0.412s] Level 1:colcon.colcon_core.package_identification:_identify(src/pronto_msgs) by extension 'colcon_meta'
[0.412s] Level 1:colcon.colcon_core.package_identification:_identify(src/pronto_msgs) by extensions ['ros']
[0.412s] Level 1:colcon.colcon_core.package_identification:_identify(src/pronto_msgs) by extension 'ros'
[0.413s] DEBUG:colcon.colcon_core.package_identification:Package 'src/pronto_msgs' with type 'ros.ament_cmake' and name 'pronto_msgs'
[0.413s] Level 1:colcon.colcon_core.package_discovery:discover_packages(recursive) using defaults
[0.413s] Level 1:colcon.colcon_core.package_discovery:discover_packages(ignore) discover
[0.413s] Level 1:colcon.colcon_core.package_discovery:discover_packages(ignore) using defaults
[0.413s] Level 1:colcon.colcon_core.package_discovery:discover_packages(path) discover
[0.413s] Level 1:colcon.colcon_core.package_discovery:discover_packages(path) using defaults
[0.442s] Level 5:colcon.colcon_core.verb:set package 'pi3hat_moteus_int_msgs' build argument 'cmake_args' from command line to '['-DCMAKE_BUILD_TYPE=Release', '-DCMAKE_SHARED_LINKER_FLAGS=-Wl,-no-as-needed', '-DBUILD_TESTING=OFF', '-DALIAS_ROS2_TF2=1', '-DCMAKE_CXX_FLAGS_RELEASE=-O0', '-G', 'Ninja']'
[0.442s] Level 5:colcon.colcon_core.verb:set package 'pi3hat_moteus_int_msgs' build argument 'cmake_target' from command line to 'None'
[0.442s] Level 5:colcon.colcon_core.verb:set package 'pi3hat_moteus_int_msgs' build argument 'cmake_target_skip_unavailable' from command line to 'False'
[0.442s] Level 5:colcon.colcon_core.verb:set package 'pi3hat_moteus_int_msgs' build argument 'cmake_clean_cache' from command line to 'False'
[0.442s] Level 5:colcon.colcon_core.verb:set package 'pi3hat_moteus_int_msgs' build argument 'cmake_clean_first' from command line to 'False'
[0.442s] Level 5:colcon.colcon_core.verb:set package 'pi3hat_moteus_int_msgs' build argument 'cmake_force_configure' from command line to 'False'
[0.442s] Level 5:colcon.colcon_core.verb:set package 'pi3hat_moteus_int_msgs' build argument 'ament_cmake_args' from command line to 'None'
[0.442s] Level 5:colcon.colcon_core.verb:set package 'pi3hat_moteus_int_msgs' build argument 'catkin_cmake_args' from command line to 'None'
[0.442s] Level 5:colcon.colcon_core.verb:set package 'pi3hat_moteus_int_msgs' build argument 'catkin_skip_building_tests' from command line to 'False'
[0.442s] DEBUG:colcon.colcon_core.verb:Building package 'pi3hat_moteus_int_msgs' with the following arguments: {'ament_cmake_args': None, 'build_base': '/home/anymalopc/docker_pronto_estimator/src/matlab_msg_gen/glnxa64/build/pi3hat_moteus_int_msgs', 'catkin_cmake_args': None, 'catkin_skip_building_tests': False, 'cmake_args': ['-DCMAKE_BUILD_TYPE=Release', '-DCMAKE_SHARED_LINKER_FLAGS=-Wl,-no-as-needed', '-DBUILD_TESTING=OFF', '-DALIAS_ROS2_TF2=1', '-DCMAKE_CXX_FLAGS_RELEASE=-O0', '-G', 'Ninja'], 'cmake_clean_cache': False, 'cmake_clean_first': False, 'cmake_force_configure': False, 'cmake_target': None, 'cmake_target_skip_unavailable': False, 'install_base': '/home/anymalopc/docker_pronto_estimator/src/matlab_msg_gen/glnxa64/install', 'merge_install': True, 'path': '/home/anymalopc/docker_pronto_estimator/src/matlab_msg_gen/glnxa64/src/pi3hat_moteus_int_msgs', 'symlink_install': False, 'test_result_base': None}
[0.448s] Level 5:colcon.colcon_core.verb:set package 'pronto_msgs' build argument 'cmake_args' from command line to '['-DCMAKE_BUILD_TYPE=Release', '-DCMAKE_SHARED_LINKER_FLAGS=-Wl,-no-as-needed', '-DBUILD_TESTING=OFF', '-DALIAS_ROS2_TF2=1', '-DCMAKE_CXX_FLAGS_RELEASE=-O0', '-G', 'Ninja']'
[0.448s] Level 5:colcon.colcon_core.verb:set package 'pronto_msgs' build argument 'cmake_target' from command line to 'None'
[0.448s] Level 5:colcon.colcon_core.verb:set package 'pronto_msgs' build argument 'cmake_target_skip_unavailable' from command line to 'False'
[0.448s] Level 5:colcon.colcon_core.verb:set package 'pronto_msgs' build argument 'cmake_clean_cache' from command line to 'False'
[0.448s] Level 5:colcon.colcon_core.verb:set package 'pronto_msgs' build argument 'cmake_clean_first' from command line to 'False'
[0.448s] Level 5:colcon.colcon_core.verb:set package 'pronto_msgs' build argument 'cmake_force_configure' from command line to 'False'
[0.448s] Level 5:colcon.colcon_core.verb:set package 'pronto_msgs' build argument 'ament_cmake_args' from command line to 'None'
[0.448s] Level 5:colcon.colcon_core.verb:set package 'pronto_msgs' build argument 'catkin_cmake_args' from command line to 'None'
[0.448s] Level 5:colcon.colcon_core.verb:set package 'pronto_msgs' build argument 'catkin_skip_building_tests' from command line to 'False'
[0.448s] DEBUG:colcon.colcon_core.verb:Building package 'pronto_msgs' with the following arguments: {'ament_cmake_args': None, 'build_base': '/home/anymalopc/docker_pronto_estimator/src/matlab_msg_gen/glnxa64/build/pronto_msgs', 'catkin_cmake_args': None, 'catkin_skip_building_tests': False, 'cmake_args': ['-DCMAKE_BUILD_TYPE=Release', '-DCMAKE_SHARED_LINKER_FLAGS=-Wl,-no-as-needed', '-DBUILD_TESTING=OFF', '-DALIAS_ROS2_TF2=1', '-DCMAKE_CXX_FLAGS_RELEASE=-O0', '-G', 'Ninja'], 'cmake_clean_cache': False, 'cmake_clean_first': False, 'cmake_force_configure': False, 'cmake_target': None, 'cmake_target_skip_unavailable': False, 'install_base': '/home/anymalopc/docker_pronto_estimator/src/matlab_msg_gen/glnxa64/install', 'merge_install': True, 'path': '/home/anymalopc/docker_pronto_estimator/src/matlab_msg_gen/glnxa64/src/pronto_msgs', 'symlink_install': False, 'test_result_base': None}
[0.450s] INFO:colcon.colcon_core.executor:Executing jobs using 'parallel' executor
[0.460s] DEBUG:colcon.colcon_parallel_executor.executor.parallel:run_until_complete
[0.460s] INFO:colcon.colcon_ros.task.ament_cmake.build:Building ROS package in '/home/anymalopc/docker_pronto_estimator/src/matlab_msg_gen/glnxa64/src/pi3hat_moteus_int_msgs' with build type 'ament_cmake'
[0.460s] INFO:colcon.colcon_cmake.task.cmake.build:Building CMake package in '/home/anymalopc/docker_pronto_estimator/src/matlab_msg_gen/glnxa64/src/pi3hat_moteus_int_msgs'
[0.466s] INFO:colcon.colcon_core.plugin_system:Skipping extension 'colcon_core.shell.bat': Not used on non-Windows systems
[0.467s] INFO:colcon.colcon_core.shell:Skip shell extension 'powershell' for command environment: Not usable outside of PowerShell
[0.467s] DEBUG:colcon.colcon_core.shell:Skip shell extension 'dsv' for command environment
[0.475s] INFO:colcon.colcon_ros.task.ament_cmake.build:Building ROS package in '/home/anymalopc/docker_pronto_estimator/src/matlab_msg_gen/glnxa64/src/pronto_msgs' with build type 'ament_cmake'
[0.475s] INFO:colcon.colcon_cmake.task.cmake.build:Building CMake package in '/home/anymalopc/docker_pronto_estimator/src/matlab_msg_gen/glnxa64/src/pronto_msgs'
[0.480s] INFO:colcon.colcon_core.shell:Skip shell extension 'powershell' for command environment: Not usable outside of PowerShell
[0.480s] DEBUG:colcon.colcon_core.shell:Skip shell extension 'dsv' for command environment
[0.493s] DEBUG:colcon.colcon_core.event_handler.log_command:Invoking command in '/home/anymalopc/docker_pronto_estimator/src/matlab_msg_gen/glnxa64/build/pi3hat_moteus_int_msgs': PS1=(venv) /home/anymalopc/MATLAB/bin/glnxa64/cmake/bin/cmake --build /home/anymalopc/docker_pronto_estimator/src/matlab_msg_gen/glnxa64/build/pi3hat_moteus_int_msgs -- -j16 -l16
[0.500s] DEBUG:colcon.colcon_core.event_handler.log_command:Invoking command in '/home/anymalopc/docker_pronto_estimator/src/matlab_msg_gen/glnxa64/build/pronto_msgs': PS1=(venv) /home/anymalopc/MATLAB/bin/glnxa64/cmake/bin/cmake --build /home/anymalopc/docker_pronto_estimator/src/matlab_msg_gen/glnxa64/build/pronto_msgs -- -j16 -l16
[1.396s] DEBUG:colcon.colcon_core.event_handler.log_command:Invoked command in '/home/anymalopc/docker_pronto_estimator/src/matlab_msg_gen/glnxa64/build/pi3hat_moteus_int_msgs' returned '0': PS1=(venv) /home/anymalopc/MATLAB/bin/glnxa64/cmake/bin/cmake --build /home/anymalopc/docker_pronto_estimator/src/matlab_msg_gen/glnxa64/build/pi3hat_moteus_int_msgs -- -j16 -l16
[1.414s] DEBUG:colcon.colcon_core.event_handler.log_command:Invoking command in '/home/anymalopc/docker_pronto_estimator/src/matlab_msg_gen/glnxa64/build/pi3hat_moteus_int_msgs': PS1=(venv) /home/anymalopc/MATLAB/bin/glnxa64/cmake/bin/cmake --install /home/anymalopc/docker_pronto_estimator/src/matlab_msg_gen/glnxa64/build/pi3hat_moteus_int_msgs
[1.425s] Level 1:colcon.colcon_core.environment:create_environment_scripts_only(pi3hat_moteus_int_msgs)
[1.437s] DEBUG:colcon.colcon_core.event_handler.log_command:Invoked command in '/home/anymalopc/docker_pronto_estimator/src/matlab_msg_gen/glnxa64/build/pi3hat_moteus_int_msgs' returned '0': PS1=(venv) /home/anymalopc/MATLAB/bin/glnxa64/cmake/bin/cmake --install /home/anymalopc/docker_pronto_estimator/src/matlab_msg_gen/glnxa64/build/pi3hat_moteus_int_msgs
[1.439s] Level 1:colcon.colcon_core.environment:checking '/home/anymalopc/docker_pronto_estimator/src/matlab_msg_gen/glnxa64/install' for CMake module files
[1.439s] Level 1:colcon.colcon_core.environment:checking '/home/anymalopc/docker_pronto_estimator/src/matlab_msg_gen/glnxa64/install' for CMake config files
[1.440s] Level 1:colcon.colcon_core.shell:create_environment_hook('pi3hat_moteus_int_msgs', 'cmake_prefix_path')
[1.445s] INFO:colcon.colcon_core.shell:Creating environment hook '/home/anymalopc/docker_pronto_estimator/src/matlab_msg_gen/glnxa64/install/share/pi3hat_moteus_int_msgs/hook/cmake_prefix_path.ps1'
[1.445s] INFO:colcon.colcon_core.shell:Creating environment descriptor '/home/anymalopc/docker_pronto_estimator/src/matlab_msg_gen/glnxa64/install/share/pi3hat_moteus_int_msgs/hook/cmake_prefix_path.dsv'
[1.446s] INFO:colcon.colcon_core.shell:Creating environment hook '/home/anymalopc/docker_pronto_estimator/src/matlab_msg_gen/glnxa64/install/share/pi3hat_moteus_int_msgs/hook/cmake_prefix_path.sh'
[1.446s] Level 1:colcon.colcon_core.environment:checking '/home/anymalopc/docker_pronto_estimator/src/matlab_msg_gen/glnxa64/install/lib'
[1.447s] Level 1:colcon.colcon_core.shell:create_environment_hook('pi3hat_moteus_int_msgs', 'ld_library_path_lib')
[1.452s] INFO:colcon.colcon_core.shell:Creating environment hook '/home/anymalopc/docker_pronto_estimator/src/matlab_msg_gen/glnxa64/install/share/pi3hat_moteus_int_msgs/hook/ld_library_path_lib.ps1'
[1.452s] INFO:colcon.colcon_core.shell:Creating environment descriptor '/home/anymalopc/docker_pronto_estimator/src/matlab_msg_gen/glnxa64/install/share/pi3hat_moteus_int_msgs/hook/ld_library_path_lib.dsv'
[1.452s] INFO:colcon.colcon_core.shell:Creating environment hook '/home/anymalopc/docker_pronto_estimator/src/matlab_msg_gen/glnxa64/install/share/pi3hat_moteus_int_msgs/hook/ld_library_path_lib.sh'
[1.452s] Level 1:colcon.colcon_core.environment:checking '/home/anymalopc/docker_pronto_estimator/src/matlab_msg_gen/glnxa64/install/bin'
[1.452s] Level 1:colcon.colcon_core.environment:checking '/home/anymalopc/docker_pronto_estimator/src/matlab_msg_gen/glnxa64/install/lib/pkgconfig/pi3hat_moteus_int_msgs.pc'
[1.453s] Level 1:colcon.colcon_core.environment:checking '/home/anymalopc/docker_pronto_estimator/src/matlab_msg_gen/glnxa64/install/lib/python3.8/site-packages'
[1.457s] INFO:colcon.colcon_core.shell:Creating package script '/home/anymalopc/docker_pronto_estimator/src/matlab_msg_gen/glnxa64/install/share/pi3hat_moteus_int_msgs/package.ps1'
[1.458s] INFO:colcon.colcon_core.shell:Creating package descriptor '/home/anymalopc/docker_pronto_estimator/src/matlab_msg_gen/glnxa64/install/share/pi3hat_moteus_int_msgs/package.dsv'
[1.458s] INFO:colcon.colcon_core.shell:Creating package script '/home/anymalopc/docker_pronto_estimator/src/matlab_msg_gen/glnxa64/install/share/pi3hat_moteus_int_msgs/package.sh'
[1.459s] INFO:colcon.colcon_core.shell:Creating package script '/home/anymalopc/docker_pronto_estimator/src/matlab_msg_gen/glnxa64/install/share/pi3hat_moteus_int_msgs/package.bash'
[1.459s] INFO:colcon.colcon_core.shell:Creating package script '/home/anymalopc/docker_pronto_estimator/src/matlab_msg_gen/glnxa64/install/share/pi3hat_moteus_int_msgs/package.zsh'
[1.460s] Level 1:colcon.colcon_core.environment:create_file_with_runtime_dependencies(/home/anymalopc/docker_pronto_estimator/src/matlab_msg_gen/glnxa64/install/share/colcon-core/packages/pi3hat_moteus_int_msgs)
[1.480s] Level 1:colcon.colcon_core.environment:create_environment_scripts_only(pi3hat_moteus_int_msgs)
[1.484s] Level 1:colcon.colcon_core.environment:checking '/home/anymalopc/docker_pronto_estimator/src/matlab_msg_gen/glnxa64/install' for CMake module files
[1.485s] Level 1:colcon.colcon_core.environment:checking '/home/anymalopc/docker_pronto_estimator/src/matlab_msg_gen/glnxa64/install' for CMake config files
[1.485s] Level 1:colcon.colcon_core.shell:create_environment_hook('pi3hat_moteus_int_msgs', 'cmake_prefix_path')
[1.490s] INFO:colcon.colcon_core.shell:Creating environment hook '/home/anymalopc/docker_pronto_estimator/src/matlab_msg_gen/glnxa64/install/share/pi3hat_moteus_int_msgs/hook/cmake_prefix_path.ps1'
[1.490s] INFO:colcon.colcon_core.shell:Creating environment descriptor '/home/anymalopc/docker_pronto_estimator/src/matlab_msg_gen/glnxa64/install/share/pi3hat_moteus_int_msgs/hook/cmake_prefix_path.dsv'
[1.491s] INFO:colcon.colcon_core.shell:Creating environment hook '/home/anymalopc/docker_pronto_estimator/src/matlab_msg_gen/glnxa64/install/share/pi3hat_moteus_int_msgs/hook/cmake_prefix_path.sh'
[1.491s] Level 1:colcon.colcon_core.environment:checking '/home/anymalopc/docker_pronto_estimator/src/matlab_msg_gen/glnxa64/install/lib'
[1.491s] Level 1:colcon.colcon_core.shell:create_environment_hook('pi3hat_moteus_int_msgs', 'ld_library_path_lib')
[1.495s] INFO:colcon.colcon_core.shell:Creating environment hook '/home/anymalopc/docker_pronto_estimator/src/matlab_msg_gen/glnxa64/install/share/pi3hat_moteus_int_msgs/hook/ld_library_path_lib.ps1'
[1.496s] INFO:colcon.colcon_core.shell:Creating environment descriptor '/home/anymalopc/docker_pronto_estimator/src/matlab_msg_gen/glnxa64/install/share/pi3hat_moteus_int_msgs/hook/ld_library_path_lib.dsv'
[1.496s] INFO:colcon.colcon_core.shell:Creating environment hook '/home/anymalopc/docker_pronto_estimator/src/matlab_msg_gen/glnxa64/install/share/pi3hat_moteus_int_msgs/hook/ld_library_path_lib.sh'
[1.496s] Level 1:colcon.colcon_core.environment:checking '/home/anymalopc/docker_pronto_estimator/src/matlab_msg_gen/glnxa64/install/bin'
[1.496s] Level 1:colcon.colcon_core.environment:checking '/home/anymalopc/docker_pronto_estimator/src/matlab_msg_gen/glnxa64/install/lib/pkgconfig/pi3hat_moteus_int_msgs.pc'
[1.496s] Level 1:colcon.colcon_core.environment:checking '/home/anymalopc/docker_pronto_estimator/src/matlab_msg_gen/glnxa64/install/lib/python3.8/site-packages'
[1.501s] INFO:colcon.colcon_core.shell:Creating package script '/home/anymalopc/docker_pronto_estimator/src/matlab_msg_gen/glnxa64/install/share/pi3hat_moteus_int_msgs/package.ps1'
[1.501s] INFO:colcon.colcon_core.shell:Creating package descriptor '/home/anymalopc/docker_pronto_estimator/src/matlab_msg_gen/glnxa64/install/share/pi3hat_moteus_int_msgs/package.dsv'
[1.502s] INFO:colcon.colcon_core.shell:Creating package script '/home/anymalopc/docker_pronto_estimator/src/matlab_msg_gen/glnxa64/install/share/pi3hat_moteus_int_msgs/package.sh'
[1.502s] INFO:colcon.colcon_core.shell:Creating package script '/home/anymalopc/docker_pronto_estimator/src/matlab_msg_gen/glnxa64/install/share/pi3hat_moteus_int_msgs/package.bash'
[1.502s] INFO:colcon.colcon_core.shell:Creating package script '/home/anymalopc/docker_pronto_estimator/src/matlab_msg_gen/glnxa64/install/share/pi3hat_moteus_int_msgs/package.zsh'
[1.502s] Level 1:colcon.colcon_core.environment:create_file_with_runtime_dependencies(/home/anymalopc/docker_pronto_estimator/src/matlab_msg_gen/glnxa64/install/share/colcon-core/packages/pi3hat_moteus_int_msgs)
[1.593s] DEBUG:colcon.colcon_core.event_handler.log_command:Invoked command in '/home/anymalopc/docker_pronto_estimator/src/matlab_msg_gen/glnxa64/build/pronto_msgs' returned '0': PS1=(venv) /home/anymalopc/MATLAB/bin/glnxa64/cmake/bin/cmake --build /home/anymalopc/docker_pronto_estimator/src/matlab_msg_gen/glnxa64/build/pronto_msgs -- -j16 -l16
[1.616s] DEBUG:colcon.colcon_core.event_handler.log_command:Invoking command in '/home/anymalopc/docker_pronto_estimator/src/matlab_msg_gen/glnxa64/build/pronto_msgs': PS1=(venv) /home/anymalopc/MATLAB/bin/glnxa64/cmake/bin/cmake --install /home/anymalopc/docker_pronto_estimator/src/matlab_msg_gen/glnxa64/build/pronto_msgs
[1.631s] Level 1:colcon.colcon_core.environment:create_environment_scripts_only(pronto_msgs)
[1.635s] Level 1:colcon.colcon_core.environment:checking '/home/anymalopc/docker_pronto_estimator/src/matlab_msg_gen/glnxa64/install' for CMake module files
[1.637s] Level 1:colcon.colcon_core.environment:checking '/home/anymalopc/docker_pronto_estimator/src/matlab_msg_gen/glnxa64/install' for CMake config files
[1.645s] DEBUG:colcon.colcon_core.event_handler.log_command:Invoked command in '/home/anymalopc/docker_pronto_estimator/src/matlab_msg_gen/glnxa64/build/pronto_msgs' returned '0': PS1=(venv) /home/anymalopc/MATLAB/bin/glnxa64/cmake/bin/cmake --install /home/anymalopc/docker_pronto_estimator/src/matlab_msg_gen/glnxa64/build/pronto_msgs
[1.645s] Level 1:colcon.colcon_core.shell:create_environment_hook('pronto_msgs', 'cmake_prefix_path')
[1.649s] INFO:colcon.colcon_core.shell:Creating environment hook '/home/anymalopc/docker_pronto_estimator/src/matlab_msg_gen/glnxa64/install/share/pronto_msgs/hook/cmake_prefix_path.ps1'
[1.649s] INFO:colcon.colcon_core.shell:Creating environment descriptor '/home/anymalopc/docker_pronto_estimator/src/matlab_msg_gen/glnxa64/install/share/pronto_msgs/hook/cmake_prefix_path.dsv'
[1.650s] INFO:colcon.colcon_core.shell:Creating environment hook '/home/anymalopc/docker_pronto_estimator/src/matlab_msg_gen/glnxa64/install/share/pronto_msgs/hook/cmake_prefix_path.sh'
[1.650s] Level 1:colcon.colcon_core.environment:checking '/home/anymalopc/docker_pronto_estimator/src/matlab_msg_gen/glnxa64/install/lib'
[1.650s] Level 1:colcon.colcon_core.shell:create_environment_hook('pronto_msgs', 'ld_library_path_lib')
[1.654s] INFO:colcon.colcon_core.shell:Creating environment hook '/home/anymalopc/docker_pronto_estimator/src/matlab_msg_gen/glnxa64/install/share/pronto_msgs/hook/ld_library_path_lib.ps1'
[1.654s] INFO:colcon.colcon_core.shell:Creating environment descriptor '/home/anymalopc/docker_pronto_estimator/src/matlab_msg_gen/glnxa64/install/share/pronto_msgs/hook/ld_library_path_lib.dsv'
[1.655s] INFO:colcon.colcon_core.shell:Creating environment hook '/home/anymalopc/docker_pronto_estimator/src/matlab_msg_gen/glnxa64/install/share/pronto_msgs/hook/ld_library_path_lib.sh'
[1.655s] Level 1:colcon.colcon_core.environment:checking '/home/anymalopc/docker_pronto_estimator/src/matlab_msg_gen/glnxa64/install/bin'
[1.655s] Level 1:colcon.colcon_core.environment:checking '/home/anymalopc/docker_pronto_estimator/src/matlab_msg_gen/glnxa64/install/lib/pkgconfig/pronto_msgs.pc'
[1.655s] Level 1:colcon.colcon_core.environment:checking '/home/anymalopc/docker_pronto_estimator/src/matlab_msg_gen/glnxa64/install/lib/python3.8/site-packages'
[1.659s] INFO:colcon.colcon_core.shell:Creating package script '/home/anymalopc/docker_pronto_estimator/src/matlab_msg_gen/glnxa64/install/share/pronto_msgs/package.ps1'
[1.659s] INFO:colcon.colcon_core.shell:Creating package descriptor '/home/anymalopc/docker_pronto_estimator/src/matlab_msg_gen/glnxa64/install/share/pronto_msgs/package.dsv'
[1.659s] INFO:colcon.colcon_core.shell:Creating package script '/home/anymalopc/docker_pronto_estimator/src/matlab_msg_gen/glnxa64/install/share/pronto_msgs/package.sh'
[1.660s] INFO:colcon.colcon_core.shell:Creating package script '/home/anymalopc/docker_pronto_estimator/src/matlab_msg_gen/glnxa64/install/share/pronto_msgs/package.bash'
[1.660s] INFO:colcon.colcon_core.shell:Creating package script '/home/anymalopc/docker_pronto_estimator/src/matlab_msg_gen/glnxa64/install/share/pronto_msgs/package.zsh'
[1.660s] Level 1:colcon.colcon_core.environment:create_file_with_runtime_dependencies(/home/anymalopc/docker_pronto_estimator/src/matlab_msg_gen/glnxa64/install/share/colcon-core/packages/pronto_msgs)
[1.688s] Level 1:colcon.colcon_core.environment:create_environment_scripts_only(pronto_msgs)
[1.699s] Level 1:colcon.colcon_core.environment:checking '/home/anymalopc/docker_pronto_estimator/src/matlab_msg_gen/glnxa64/install' for CMake module files
[1.699s] Level 1:colcon.colcon_core.environment:checking '/home/anymalopc/docker_pronto_estimator/src/matlab_msg_gen/glnxa64/install' for CMake config files
[1.701s] Level 1:colcon.colcon_core.shell:create_environment_hook('pronto_msgs', 'cmake_prefix_path')
[1.710s] INFO:colcon.colcon_core.shell:Creating environment hook '/home/anymalopc/docker_pronto_estimator/src/matlab_msg_gen/glnxa64/install/share/pronto_msgs/hook/cmake_prefix_path.ps1'
[1.711s] INFO:colcon.colcon_core.shell:Creating environment descriptor '/home/anymalopc/docker_pronto_estimator/src/matlab_msg_gen/glnxa64/install/share/pronto_msgs/hook/cmake_prefix_path.dsv'
[1.711s] INFO:colcon.colcon_core.shell:Creating environment hook '/home/anymalopc/docker_pronto_estimator/src/matlab_msg_gen/glnxa64/install/share/pronto_msgs/hook/cmake_prefix_path.sh'
[1.712s] Level 1:colcon.colcon_core.environment:checking '/home/anymalopc/docker_pronto_estimator/src/matlab_msg_gen/glnxa64/install/lib'
[1.712s] Level 1:colcon.colcon_core.shell:create_environment_hook('pronto_msgs', 'ld_library_path_lib')
[1.720s] INFO:colcon.colcon_core.shell:Creating environment hook '/home/anymalopc/docker_pronto_estimator/src/matlab_msg_gen/glnxa64/install/share/pronto_msgs/hook/ld_library_path_lib.ps1'
[1.720s] INFO:colcon.colcon_core.shell:Creating environment descriptor '/home/anymalopc/docker_pronto_estimator/src/matlab_msg_gen/glnxa64/install/share/pronto_msgs/hook/ld_library_path_lib.dsv'
[1.721s] INFO:colcon.colcon_core.shell:Creating environment hook '/home/anymalopc/docker_pronto_estimator/src/matlab_msg_gen/glnxa64/install/share/pronto_msgs/hook/ld_library_path_lib.sh'
[1.721s] Level 1:colcon.colcon_core.environment:checking '/home/anymalopc/docker_pronto_estimator/src/matlab_msg_gen/glnxa64/install/bin'
[1.721s] Level 1:colcon.colcon_core.environment:checking '/home/anymalopc/docker_pronto_estimator/src/matlab_msg_gen/glnxa64/install/lib/pkgconfig/pronto_msgs.pc'
[1.721s] Level 1:colcon.colcon_core.environment:checking '/home/anymalopc/docker_pronto_estimator/src/matlab_msg_gen/glnxa64/install/lib/python3.8/site-packages'
[1.727s] INFO:colcon.colcon_core.shell:Creating package script '/home/anymalopc/docker_pronto_estimator/src/matlab_msg_gen/glnxa64/install/share/pronto_msgs/package.ps1'
[1.728s] INFO:colcon.colcon_core.shell:Creating package descriptor '/home/anymalopc/docker_pronto_estimator/src/matlab_msg_gen/glnxa64/install/share/pronto_msgs/package.dsv'
[1.728s] INFO:colcon.colcon_core.shell:Creating package script '/home/anymalopc/docker_pronto_estimator/src/matlab_msg_gen/glnxa64/install/share/pronto_msgs/package.sh'
[1.729s] INFO:colcon.colcon_core.shell:Creating package script '/home/anymalopc/docker_pronto_estimator/src/matlab_msg_gen/glnxa64/install/share/pronto_msgs/package.bash'
[1.729s] INFO:colcon.colcon_core.shell:Creating package script '/home/anymalopc/docker_pronto_estimator/src/matlab_msg_gen/glnxa64/install/share/pronto_msgs/package.zsh'
[1.730s] Level 1:colcon.colcon_core.environment:create_file_with_runtime_dependencies(/home/anymalopc/docker_pronto_estimator/src/matlab_msg_gen/glnxa64/install/share/colcon-core/packages/pronto_msgs)
[1.730s] DEBUG:colcon.colcon_parallel_executor.executor.parallel:closing loop
[1.730s] DEBUG:colcon.colcon_parallel_executor.executor.parallel:loop closed
[1.730s] DEBUG:colcon.colcon_parallel_executor.executor.parallel:run_until_complete finished with '0'
[1.731s] DEBUG:colcon.colcon_core.event_reactor:joining thread
[1.737s] INFO:colcon.colcon_core.plugin_system:Skipping extension 'colcon_notification.desktop_notification.notify2': 'notify2' not found
[1.737s] INFO:colcon.colcon_core.plugin_system:Skipping extension 'colcon_notification.desktop_notification.terminal_notifier': Not used on non-Darwin systems
[1.737s] INFO:colcon.colcon_core.plugin_system:Skipping extension 'colcon_notification.desktop_notification.win32': Not used on non-Windows systems
[1.737s] INFO:colcon.colcon_notification.desktop_notification:Sending desktop notification using 'notify_send'
[1.774s] DEBUG:colcon.colcon_core.event_reactor:joined thread
[1.786s] INFO:colcon.colcon_core.shell:Creating prefix script '/home/anymalopc/docker_pronto_estimator/src/matlab_msg_gen/glnxa64/install/local_setup.ps1'
[1.788s] INFO:colcon.colcon_core.shell:Creating prefix util module '/home/anymalopc/docker_pronto_estimator/src/matlab_msg_gen/glnxa64/install/_local_setup_util_ps1.py'
[1.791s] INFO:colcon.colcon_core.shell:Creating prefix chain script '/home/anymalopc/docker_pronto_estimator/src/matlab_msg_gen/glnxa64/install/setup.ps1'
[1.801s] INFO:colcon.colcon_core.shell:Creating prefix script '/home/anymalopc/docker_pronto_estimator/src/matlab_msg_gen/glnxa64/install/local_setup.sh'
[1.802s] INFO:colcon.colcon_core.shell:Creating prefix util module '/home/anymalopc/docker_pronto_estimator/src/matlab_msg_gen/glnxa64/install/_local_setup_util_sh.py'
[1.803s] INFO:colcon.colcon_core.shell:Creating prefix chain script '/home/anymalopc/docker_pronto_estimator/src/matlab_msg_gen/glnxa64/install/setup.sh'
[1.812s] INFO:colcon.colcon_core.shell:Creating prefix script '/home/anymalopc/docker_pronto_estimator/src/matlab_msg_gen/glnxa64/install/local_setup.bash'
[1.813s] INFO:colcon.colcon_core.shell:Creating prefix chain script '/home/anymalopc/docker_pronto_estimator/src/matlab_msg_gen/glnxa64/install/setup.bash'
[1.821s] INFO:colcon.colcon_core.shell:Creating prefix script '/home/anymalopc/docker_pronto_estimator/src/matlab_msg_gen/glnxa64/install/local_setup.zsh'
[1.822s] INFO:colcon.colcon_core.shell:Creating prefix chain script '/home/anymalopc/docker_pronto_estimator/src/matlab_msg_gen/glnxa64/install/setup.zsh'
