[100%] Built target hqp_controller
-- Install configuration: "Release"
-- Execute custom install script
-- Up-to-date symlink: /home/ros/docker_pronto_ws/install/hqp_controller/share/hqp_controller//hqp_controller.xml
-- Up-to-date symlink: /home/ros/docker_pronto_ws/install/hqp_controller/share/hqp_controller/environment/library_path.sh
-- Up-to-date symlink: /home/ros/docker_pronto_ws/install/hqp_controller/share/hqp_controller/environment/library_path.dsv
-- Up-to-date symlink: /home/ros/docker_pronto_ws/install/hqp_controller/include/hqp_controller/hqp_controller.hpp
-- Up-to-date symlink: /home/ros/docker_pronto_ws/install/hqp_controller/include/hqp_controller/hqp_publisher.hpp
-- Up-to-date symlink: /home/ros/docker_pronto_ws/install/hqp_controller/share/ament_index/resource_index/package_run_dependencies/hqp_controller
-- Up-to-date symlink: /home/ros/docker_pronto_ws/install/hqp_controller/share/ament_index/resource_index/parent_prefix_path/hqp_controller
-- Up-to-date symlink: /home/ros/docker_pronto_ws/install/hqp_controller/share/hqp_controller/environment/ament_prefix_path.sh
-- Up-to-date symlink: /home/ros/docker_pronto_ws/install/hqp_controller/share/hqp_controller/environment/ament_prefix_path.dsv
-- Up-to-date symlink: /home/ros/docker_pronto_ws/install/hqp_controller/share/hqp_controller/environment/path.sh
-- Up-to-date symlink: /home/ros/docker_pronto_ws/install/hqp_controller/share/hqp_controller/environment/path.dsv
-- Up-to-date symlink: /home/ros/docker_pronto_ws/install/hqp_controller/share/hqp_controller/local_setup.bash
-- Up-to-date symlink: /home/ros/docker_pronto_ws/install/hqp_controller/share/hqp_controller/local_setup.sh
-- Up-to-date symlink: /home/ros/docker_pronto_ws/install/hqp_controller/share/hqp_controller/local_setup.zsh
-- Up-to-date symlink: /home/ros/docker_pronto_ws/install/hqp_controller/share/hqp_controller/local_setup.dsv
-- Symlinking: /home/ros/docker_pronto_ws/install/hqp_controller/share/hqp_controller/package.dsv
-- Up-to-date symlink: /home/ros/docker_pronto_ws/install/hqp_controller/share/ament_index/resource_index/packages/hqp_controller
-- Up-to-date symlink: /home/ros/docker_pronto_ws/install/hqp_controller/share/ament_index/resource_index/controller_interface__pluginlib__plugin/hqp_controller
-- Up-to-date symlink: /home/ros/docker_pronto_ws/install/hqp_controller/share/hqp_controller/cmake/ament_cmake_export_targets-extras.cmake
-- Up-to-date symlink: /home/ros/docker_pronto_ws/install/hqp_controller/share/hqp_controller/cmake/ament_cmake_export_dependencies-extras.cmake
-- Up-to-date symlink: /home/ros/docker_pronto_ws/install/hqp_controller/share/hqp_controller/cmake/hqp_controllerConfig.cmake
-- Up-to-date symlink: /home/ros/docker_pronto_ws/install/hqp_controller/share/hqp_controller/cmake/hqp_controllerConfig-version.cmake
-- Up-to-date symlink: /home/ros/docker_pronto_ws/install/hqp_controller/share/hqp_controller/package.xml
-- Up-to-date: /home/ros/docker_pronto_ws/install/hqp_controller/lib/libhqp_controller.so
-- Up-to-date: /home/ros/docker_pronto_ws/install/hqp_controller/share/hqp_controller/cmake/hqp_controller_targetsExport.cmake
-- Up-to-date: /home/ros/docker_pronto_ws/install/hqp_controller/share/hqp_controller/cmake/hqp_controller_targetsExport-release.cmake
