[33mCMake Warning at /usr/share/cmake-3.22/Modules/FindBoost.cmake:2201 (message):
  No header defined for python310; skipping header check (note: header-only
  libraries have no designated component)
Call Stack (most recent call first):
  /opt/ros/humble/lib/x86_64-linux-gnu/cmake/eigenpy/boost.cmake:144 (find_package)
  /opt/ros/humble/lib/x86_64-linux-gnu/cmake/eigenpy/eigenpyConfig.cmake:149 (SEARCH_FOR_BOOST_PYTHON)
  /usr/share/cmake-3.22/Modules/CMakeFindDependencyMacro.cmake:47 (find_package)
  /opt/ros/humble/lib/x86_64-linux-gnu/cmake/pinocchio/pinocchioConfig.cmake:160 (find_dependency)
  CMakeLists.txt:35 (find_package)

[0m
In file included from [01m[K/usr/include/eigen3/Eigen/Core:294[m[K,
                 from [01m[K/opt/ros/humble/include/pinocchio/utils/cast.hpp:8[m[K,
                 from [01m[K/opt/ros/humble/include/pinocchio/fwd.hpp:23[m[K,
                 from [01m[K/opt/ros/humble/include/pinocchio/spatial/fwd.hpp:9[m[K,
                 from [01m[K/opt/ros/humble/include/pinocchio/multibody/model.hpp:9[m[K,
                 from [01m[K/opt/ros/humble/include/pinocchio/algorithm/kinematics.hpp:8[m[K,
                 from [01m[K/home/ros/docker_pronto_ws/src/robot/robot_model/include/robot_model/robot_model.hpp:3[m[K,
                 from [01m[K/home/ros/docker_pronto_ws/src/robot/robot_model/src/robot_model.cpp:1[m[K:
In copy constructor ‘[01m[KEigen::PlainObjectBase<Derived>::PlainObjectBase(const Eigen::PlainObjectBase<Derived>&) [with Derived = Eigen::Matrix<double, 3, 3>][m[K’,
    inlined from ‘[01m[KEigen::Matrix<_Scalar, _Rows, _Cols, _Options, _MaxRows, _MaxCols>::Matrix(const Eigen::Matrix<_Scalar, _Rows, _Cols, _Options, _MaxRows, _MaxCols>&) [with _Scalar = double; int _Rows = 3; int _Cols = 3; int _Options = 0; int _MaxRows = 3; int _MaxCols = 3][m[K’ at [01m[K/usr/include/eigen3/Eigen/src/Core/Matrix.h:414:65[m[K,
    inlined from ‘[01m[Kpinocchio::SE3Tpl<double, 0>::SE3Tpl(const pinocchio::SE3Tpl<double, 0>&)[m[K’ at [01m[K/opt/ros/humble/include/pinocchio/spatial/se3-tpl.hpp:47:10[m[K,
    inlined from ‘[01m[Kvoid __gnu_cxx::new_allocator<_Tp>::construct(_Up*, _Args&& ...) [with _Up = pinocchio::SE3Tpl<double, 0>; _Args = {const pinocchio::SE3Tpl<double, 0>&}; _Tp = pinocchio::SE3Tpl<double, 0>][m[K’ at [01m[K/usr/include/c++/11/ext/new_allocator.h:162:4[m[K,
    inlined from ‘[01m[Kstatic constexpr std::_Require<typename std::allocator_traits< <template-parameter-1-1> >::__construct_helper<_Tp, _Args>::type> std::allocator_traits< <template-parameter-1-1> >::_S_construct(_Alloc&, _Tp*, _Args&& ...) [with _Tp = pinocchio::SE3Tpl<double, 0>; _Args = {const pinocchio::SE3Tpl<double, 0>&}; _Alloc = Eigen::aligned_allocator<pinocchio::SE3Tpl<double, 0> >][m[K’ at [01m[K/usr/include/c++/11/bits/alloc_traits.h:251:17[m[K,
    inlined from ‘[01m[Kstatic decltype (std::allocator_traits< <template-parameter-1-1> >::_S_construct(__a, __p, (forward<_Args>)(std::allocator_traits< <template-parameter-1-1> >::construct::__args)...)) std::allocator_traits< <template-parameter-1-1> >::construct(_Alloc&, _Tp*, _Args&& ...) [with _Tp = pinocchio::SE3Tpl<double, 0>; _Args = {const pinocchio::SE3Tpl<double, 0>&}; _Alloc = Eigen::aligned_allocator<pinocchio::SE3Tpl<double, 0> >][m[K’ at [01m[K/usr/include/c++/11/bits/alloc_traits.h:364:16[m[K,
    inlined from ‘[01m[K_ForwardIterator std::__uninitialized_fill_n_a(_ForwardIterator, _Size, const _Tp&, _Allocator&) [with _ForwardIterator = pinocchio::SE3Tpl<double, 0>*; _Size = long unsigned int; _Tp = pinocchio::SE3Tpl<double, 0>; _Allocator = Eigen::aligned_allocator<pinocchio::SE3Tpl<double, 0> >][m[K’ at [01m[K/usr/include/c++/11/bits/stl_uninitialized.h:395:25[m[K,
    inlined from ‘[01m[Kvoid std::vector<_Tp, _Alloc>::_M_fill_initialize(std::vector<_Tp, _Alloc>::size_type, const value_type&) [with _Tp = pinocchio::SE3Tpl<double, 0>; _Alloc = Eigen::aligned_allocator<pinocchio::SE3Tpl<double, 0> >][m[K’ at [01m[K/usr/include/c++/11/bits/stl_vector.h:1596:33[m[K,
    inlined from ‘[01m[Kstd::vector<_Tp, _Alloc>::vector(std::vector<_Tp, _Alloc>::size_type, const value_type&, const allocator_type&) [with _Tp = pinocchio::SE3Tpl<double, 0>; _Alloc = Eigen::aligned_allocator<pinocchio::SE3Tpl<double, 0> >][m[K’ at [01m[K/usr/include/c++/11/bits/stl_vector.h:525:27[m[K,
    inlined from ‘[01m[Kpinocchio::container::aligned_vector<T>::aligned_vector(pinocchio::container::aligned_vector<T>::size_type, const value_type&) [with T = pinocchio::SE3Tpl<double, 0>][m[K’ at [01m[K/opt/ros/humble/include/pinocchio/container/aligned-vector.hpp:43:29[m[K,
    inlined from ‘[01m[Kpinocchio::JointDataCompositeTpl<Scalar, Options, JointCollectionTpl>::JointDataCompositeTpl(const JointDataVector&, int, int) [with _Scalar = double; int _Options = 0; JointCollectionTpl = pinocchio::JointCollectionDefaultTpl][m[K’ at [01m[K/opt/ros/humble/include/pinocchio/multibody/joint/joint-composite.hpp:92:27[m[K,
    inlined from ‘[01m[Kpinocchio::JointModelCompositeTpl<Scalar, Options, JointCollectionTpl>::JointDataDerived pinocchio::JointModelCompositeTpl<Scalar, Options, JointCollectionTpl>::createData() const [with _Scalar = double; int _Options = 0; JointCollectionTpl = pinocchio::JointCollectionDefaultTpl][m[K’ at [01m[K/opt/ros/humble/include/pinocchio/multibody/joint/joint-composite.hpp:260:46[m[K:
[01m[K/usr/include/eigen3/Eigen/src/Core/PlainObjectBase.h:512:17:[m[K [01;35m[Kwarning: [m[K‘[01m[K*(const Eigen::PlainObjectBase<Eigen::Matrix<double, 3, 3, 0, 3, 3> >*)((char*)&<unnamed> + offsetof(pinocchio::value_type, pinocchio::SE3Tpl<double, 0>::<unnamed>)).Eigen::PlainObjectBase<Eigen::Matrix<double, 3, 3> >::m_storage[m[K’ may be used uninitialized [[01;35m[K-Wmaybe-uninitialized[m[K]
  512 |       : Base(), [01;35m[Km_storage(other.m_storage)[m[K { }
      |                 [01;35m[K^~~~~~~~~~~~~~~~~~~~~~~~~~[m[K
In file included from [01m[K/opt/ros/humble/include/pinocchio/multibody/joint/joint-generic.hpp:9[m[K,
                 from [01m[K/opt/ros/humble/include/pinocchio/multibody/model.hpp:17[m[K,
                 from [01m[K/opt/ros/humble/include/pinocchio/algorithm/kinematics.hpp:8[m[K,
                 from [01m[K/home/ros/docker_pronto_ws/src/robot/robot_model/include/robot_model/robot_model.hpp:3[m[K,
                 from [01m[K/home/ros/docker_pronto_ws/src/robot/robot_model/src/robot_model.cpp:1[m[K:
[01m[K/opt/ros/humble/include/pinocchio/multibody/joint/joint-composite.hpp:[m[K In member function ‘[01m[Kpinocchio::JointModelCompositeTpl<Scalar, Options, JointCollectionTpl>::JointDataDerived pinocchio::JointModelCompositeTpl<Scalar, Options, JointCollectionTpl>::createData() const [with _Scalar = double; int _Options = 0; JointCollectionTpl = pinocchio::JointCollectionDefaultTpl][m[K’:
[01m[K/opt/ros/humble/include/pinocchio/multibody/joint/joint-composite.hpp:92:27:[m[K [01;36m[Knote: [m[K‘[01m[K<anonymous>[m[K’ declared here
   92 |     : joints(joint_data), [01;36m[KiMlast(joint_data.size())[m[K, pjMi(joint_data.size())
      |                           [01;36m[K^~~~~~~~~~~~~~~~~~~~~~~~~[m[K
In file included from [01m[K/usr/include/eigen3/Eigen/Core:294[m[K,
                 from [01m[K/opt/ros/humble/include/pinocchio/utils/cast.hpp:8[m[K,
                 from [01m[K/opt/ros/humble/include/pinocchio/fwd.hpp:23[m[K,
                 from [01m[K/opt/ros/humble/include/pinocchio/spatial/fwd.hpp:9[m[K,
                 from [01m[K/opt/ros/humble/include/pinocchio/multibody/model.hpp:9[m[K,
                 from [01m[K/opt/ros/humble/include/pinocchio/algorithm/kinematics.hpp:8[m[K,
                 from [01m[K/home/ros/docker_pronto_ws/src/robot/robot_model/include/robot_model/robot_model.hpp:3[m[K,
                 from [01m[K/home/ros/docker_pronto_ws/src/robot/robot_model/src/robot_model.cpp:1[m[K:
In copy constructor ‘[01m[KEigen::PlainObjectBase<Derived>::PlainObjectBase(const Eigen::PlainObjectBase<Derived>&) [with Derived = Eigen::Matrix<double, 3, 1>][m[K’,
    inlined from ‘[01m[KEigen::Matrix<_Scalar, _Rows, _Cols, _Options, _MaxRows, _MaxCols>::Matrix(const Eigen::Matrix<_Scalar, _Rows, _Cols, _Options, _MaxRows, _MaxCols>&) [with _Scalar = double; int _Rows = 3; int _Cols = 1; int _Options = 0; int _MaxRows = 3; int _MaxCols = 1][m[K’ at [01m[K/usr/include/eigen3/Eigen/src/Core/Matrix.h:414:65[m[K,
    inlined from ‘[01m[Kpinocchio::SE3Tpl<double, 0>::SE3Tpl(const pinocchio::SE3Tpl<double, 0>&)[m[K’ at [01m[K/opt/ros/humble/include/pinocchio/spatial/se3-tpl.hpp:47:10[m[K,
    inlined from ‘[01m[Kvoid __gnu_cxx::new_allocator<_Tp>::construct(_Up*, _Args&& ...) [with _Up = pinocchio::SE3Tpl<double, 0>; _Args = {const pinocchio::SE3Tpl<double, 0>&}; _Tp = pinocchio::SE3Tpl<double, 0>][m[K’ at [01m[K/usr/include/c++/11/ext/new_allocator.h:162:4[m[K,
    inlined from ‘[01m[Kstatic constexpr std::_Require<typename std::allocator_traits< <template-parameter-1-1> >::__construct_helper<_Tp, _Args>::type> std::allocator_traits< <template-parameter-1-1> >::_S_construct(_Alloc&, _Tp*, _Args&& ...) [with _Tp = pinocchio::SE3Tpl<double, 0>; _Args = {const pinocchio::SE3Tpl<double, 0>&}; _Alloc = Eigen::aligned_allocator<pinocchio::SE3Tpl<double, 0> >][m[K’ at [01m[K/usr/include/c++/11/bits/alloc_traits.h:251:17[m[K,
    inlined from ‘[01m[Kstatic decltype (std::allocator_traits< <template-parameter-1-1> >::_S_construct(__a, __p, (forward<_Args>)(std::allocator_traits< <template-parameter-1-1> >::construct::__args)...)) std::allocator_traits< <template-parameter-1-1> >::construct(_Alloc&, _Tp*, _Args&& ...) [with _Tp = pinocchio::SE3Tpl<double, 0>; _Args = {const pinocchio::SE3Tpl<double, 0>&}; _Alloc = Eigen::aligned_allocator<pinocchio::SE3Tpl<double, 0> >][m[K’ at [01m[K/usr/include/c++/11/bits/alloc_traits.h:364:16[m[K,
    inlined from ‘[01m[K_ForwardIterator std::__uninitialized_fill_n_a(_ForwardIterator, _Size, const _Tp&, _Allocator&) [with _ForwardIterator = pinocchio::SE3Tpl<double, 0>*; _Size = long unsigned int; _Tp = pinocchio::SE3Tpl<double, 0>; _Allocator = Eigen::aligned_allocator<pinocchio::SE3Tpl<double, 0> >][m[K’ at [01m[K/usr/include/c++/11/bits/stl_uninitialized.h:395:25[m[K,
    inlined from ‘[01m[Kvoid std::vector<_Tp, _Alloc>::_M_fill_initialize(std::vector<_Tp, _Alloc>::size_type, const value_type&) [with _Tp = pinocchio::SE3Tpl<double, 0>; _Alloc = Eigen::aligned_allocator<pinocchio::SE3Tpl<double, 0> >][m[K’ at [01m[K/usr/include/c++/11/bits/stl_vector.h:1596:33[m[K,
    inlined from ‘[01m[Kstd::vector<_Tp, _Alloc>::vector(std::vector<_Tp, _Alloc>::size_type, const value_type&, const allocator_type&) [with _Tp = pinocchio::SE3Tpl<double, 0>; _Alloc = Eigen::aligned_allocator<pinocchio::SE3Tpl<double, 0> >][m[K’ at [01m[K/usr/include/c++/11/bits/stl_vector.h:525:27[m[K,
    inlined from ‘[01m[Kpinocchio::container::aligned_vector<T>::aligned_vector(pinocchio::container::aligned_vector<T>::size_type, const value_type&) [with T = pinocchio::SE3Tpl<double, 0>][m[K’ at [01m[K/opt/ros/humble/include/pinocchio/container/aligned-vector.hpp:43:29[m[K,
    inlined from ‘[01m[Kpinocchio::JointDataCompositeTpl<Scalar, Options, JointCollectionTpl>::JointDataCompositeTpl(const JointDataVector&, int, int) [with _Scalar = double; int _Options = 0; JointCollectionTpl = pinocchio::JointCollectionDefaultTpl][m[K’ at [01m[K/opt/ros/humble/include/pinocchio/multibody/joint/joint-composite.hpp:92:27[m[K,
    inlined from ‘[01m[Kpinocchio::JointModelCompositeTpl<Scalar, Options, JointCollectionTpl>::JointDataDerived pinocchio::JointModelCompositeTpl<Scalar, Options, JointCollectionTpl>::createData() const [with _Scalar = double; int _Options = 0; JointCollectionTpl = pinocchio::JointCollectionDefaultTpl][m[K’ at [01m[K/opt/ros/humble/include/pinocchio/multibody/joint/joint-composite.hpp:260:46[m[K:
[01m[K/usr/include/eigen3/Eigen/src/Core/PlainObjectBase.h:512:17:[m[K [01;35m[Kwarning: [m[K‘[01m[K<unnamed>.pinocchio::SE3Tpl<double, 0>::trans.Eigen::Matrix<double, 3, 1, 0, 3, 1>::<unnamed>.Eigen::PlainObjectBase<Eigen::Matrix<double, 3, 1> >::m_storage[m[K’ may be used uninitialized [[01;35m[K-Wmaybe-uninitialized[m[K]
  512 |       : Base(), [01;35m[Km_storage(other.m_storage)[m[K { }
      |                 [01;35m[K^~~~~~~~~~~~~~~~~~~~~~~~~~[m[K
In file included from [01m[K/opt/ros/humble/include/pinocchio/multibody/joint/joint-generic.hpp:9[m[K,
                 from [01m[K/opt/ros/humble/include/pinocchio/multibody/model.hpp:17[m[K,
                 from [01m[K/opt/ros/humble/include/pinocchio/algorithm/kinematics.hpp:8[m[K,
                 from [01m[K/home/ros/docker_pronto_ws/src/robot/robot_model/include/robot_model/robot_model.hpp:3[m[K,
                 from [01m[K/home/ros/docker_pronto_ws/src/robot/robot_model/src/robot_model.cpp:1[m[K:
[01m[K/opt/ros/humble/include/pinocchio/multibody/joint/joint-composite.hpp:[m[K In member function ‘[01m[Kpinocchio::JointModelCompositeTpl<Scalar, Options, JointCollectionTpl>::JointDataDerived pinocchio::JointModelCompositeTpl<Scalar, Options, JointCollectionTpl>::createData() const [with _Scalar = double; int _Options = 0; JointCollectionTpl = pinocchio::JointCollectionDefaultTpl][m[K’:
[01m[K/opt/ros/humble/include/pinocchio/multibody/joint/joint-composite.hpp:92:27:[m[K [01;36m[Knote: [m[K‘[01m[K<anonymous>[m[K’ declared here
   92 |     : joints(joint_data), [01;36m[KiMlast(joint_data.size())[m[K, pjMi(joint_data.size())
      |                           [01;36m[K^~~~~~~~~~~~~~~~~~~~~~~~~[m[K
In file included from [01m[K/usr/include/eigen3/Eigen/Core:294[m[K,
                 from [01m[K/opt/ros/humble/include/pinocchio/utils/cast.hpp:8[m[K,
                 from [01m[K/opt/ros/humble/include/pinocchio/fwd.hpp:23[m[K,
                 from [01m[K/opt/ros/humble/include/pinocchio/spatial/fwd.hpp:9[m[K,
                 from [01m[K/opt/ros/humble/include/pinocchio/multibody/model.hpp:9[m[K,
                 from [01m[K/opt/ros/humble/include/pinocchio/algorithm/kinematics.hpp:8[m[K,
                 from [01m[K/home/ros/docker_pronto_ws/src/robot/robot_model/include/robot_model/robot_model.hpp:3[m[K,
                 from [01m[K/home/ros/docker_pronto_ws/src/robot/robot_model/src/robot_model.cpp:1[m[K:
In copy constructor ‘[01m[KEigen::PlainObjectBase<Derived>::PlainObjectBase(const Eigen::PlainObjectBase<Derived>&) [with Derived = Eigen::Matrix<double, 3, 3>][m[K’,
    inlined from ‘[01m[KEigen::Matrix<_Scalar, _Rows, _Cols, _Options, _MaxRows, _MaxCols>::Matrix(const Eigen::Matrix<_Scalar, _Rows, _Cols, _Options, _MaxRows, _MaxCols>&) [with _Scalar = double; int _Rows = 3; int _Cols = 3; int _Options = 0; int _MaxRows = 3; int _MaxCols = 3][m[K’ at [01m[K/usr/include/eigen3/Eigen/src/Core/Matrix.h:414:65[m[K,
    inlined from ‘[01m[Kpinocchio::SE3Tpl<double, 0>::SE3Tpl(const pinocchio::SE3Tpl<double, 0>&)[m[K’ at [01m[K/opt/ros/humble/include/pinocchio/spatial/se3-tpl.hpp:47:10[m[K,
    inlined from ‘[01m[Kvoid __gnu_cxx::new_allocator<_Tp>::construct(_Up*, _Args&& ...) [with _Up = pinocchio::SE3Tpl<double, 0>; _Args = {const pinocchio::SE3Tpl<double, 0>&}; _Tp = pinocchio::SE3Tpl<double, 0>][m[K’ at [01m[K/usr/include/c++/11/ext/new_allocator.h:162:4[m[K,
    inlined from ‘[01m[Kstatic constexpr std::_Require<typename std::allocator_traits< <template-parameter-1-1> >::__construct_helper<_Tp, _Args>::type> std::allocator_traits< <template-parameter-1-1> >::_S_construct(_Alloc&, _Tp*, _Args&& ...) [with _Tp = pinocchio::SE3Tpl<double, 0>; _Args = {const pinocchio::SE3Tpl<double, 0>&}; _Alloc = Eigen::aligned_allocator<pinocchio::SE3Tpl<double, 0> >][m[K’ at [01m[K/usr/include/c++/11/bits/alloc_traits.h:251:17[m[K,
    inlined from ‘[01m[Kstatic decltype (std::allocator_traits< <template-parameter-1-1> >::_S_construct(__a, __p, (forward<_Args>)(std::allocator_traits< <template-parameter-1-1> >::construct::__args)...)) std::allocator_traits< <template-parameter-1-1> >::construct(_Alloc&, _Tp*, _Args&& ...) [with _Tp = pinocchio::SE3Tpl<double, 0>; _Args = {const pinocchio::SE3Tpl<double, 0>&}; _Alloc = Eigen::aligned_allocator<pinocchio::SE3Tpl<double, 0> >][m[K’ at [01m[K/usr/include/c++/11/bits/alloc_traits.h:364:16[m[K,
    inlined from ‘[01m[K_ForwardIterator std::__uninitialized_fill_n_a(_ForwardIterator, _Size, const _Tp&, _Allocator&) [with _ForwardIterator = pinocchio::SE3Tpl<double, 0>*; _Size = long unsigned int; _Tp = pinocchio::SE3Tpl<double, 0>; _Allocator = Eigen::aligned_allocator<pinocchio::SE3Tpl<double, 0> >][m[K’ at [01m[K/usr/include/c++/11/bits/stl_uninitialized.h:395:25[m[K,
    inlined from ‘[01m[Kvoid std::vector<_Tp, _Alloc>::_M_fill_initialize(std::vector<_Tp, _Alloc>::size_type, const value_type&) [with _Tp = pinocchio::SE3Tpl<double, 0>; _Alloc = Eigen::aligned_allocator<pinocchio::SE3Tpl<double, 0> >][m[K’ at [01m[K/usr/include/c++/11/bits/stl_vector.h:1596:33[m[K,
    inlined from ‘[01m[Kstd::vector<_Tp, _Alloc>::vector(std::vector<_Tp, _Alloc>::size_type, const value_type&, const allocator_type&) [with _Tp = pinocchio::SE3Tpl<double, 0>; _Alloc = Eigen::aligned_allocator<pinocchio::SE3Tpl<double, 0> >][m[K’ at [01m[K/usr/include/c++/11/bits/stl_vector.h:525:27[m[K,
    inlined from ‘[01m[Kpinocchio::container::aligned_vector<T>::aligned_vector(pinocchio::container::aligned_vector<T>::size_type, const value_type&) [with T = pinocchio::SE3Tpl<double, 0>][m[K’ at [01m[K/opt/ros/humble/include/pinocchio/container/aligned-vector.hpp:43:29[m[K,
    inlined from ‘[01m[Kpinocchio::JointDataCompositeTpl<Scalar, Options, JointCollectionTpl>::JointDataCompositeTpl(const JointDataVector&, int, int) [with _Scalar = double; int _Options = 0; JointCollectionTpl = pinocchio::JointCollectionDefaultTpl][m[K’ at [01m[K/opt/ros/humble/include/pinocchio/multibody/joint/joint-composite.hpp:92:54[m[K,
    inlined from ‘[01m[Kpinocchio::JointModelCompositeTpl<Scalar, Options, JointCollectionTpl>::JointDataDerived pinocchio::JointModelCompositeTpl<Scalar, Options, JointCollectionTpl>::createData() const [with _Scalar = double; int _Options = 0; JointCollectionTpl = pinocchio::JointCollectionDefaultTpl][m[K’ at [01m[K/opt/ros/humble/include/pinocchio/multibody/joint/joint-composite.hpp:260:46[m[K:
[01m[K/usr/include/eigen3/Eigen/src/Core/PlainObjectBase.h:512:17:[m[K [01;35m[Kwarning: [m[K‘[01m[K*(const Eigen::PlainObjectBase<Eigen::Matrix<double, 3, 3, 0, 3, 3> >*)((char*)&<unnamed> + offsetof(pinocchio::value_type, pinocchio::SE3Tpl<double, 0>::<unnamed>)).Eigen::PlainObjectBase<Eigen::Matrix<double, 3, 3> >::m_storage[m[K’ may be used uninitialized [[01;35m[K-Wmaybe-uninitialized[m[K]
  512 |       : Base(), [01;35m[Km_storage(other.m_storage)[m[K { }
      |                 [01;35m[K^~~~~~~~~~~~~~~~~~~~~~~~~~[m[K
In file included from [01m[K/opt/ros/humble/include/pinocchio/multibody/joint/joint-generic.hpp:9[m[K,
                 from [01m[K/opt/ros/humble/include/pinocchio/multibody/model.hpp:17[m[K,
                 from [01m[K/opt/ros/humble/include/pinocchio/algorithm/kinematics.hpp:8[m[K,
                 from [01m[K/home/ros/docker_pronto_ws/src/robot/robot_model/include/robot_model/robot_model.hpp:3[m[K,
                 from [01m[K/home/ros/docker_pronto_ws/src/robot/robot_model/src/robot_model.cpp:1[m[K:
[01m[K/opt/ros/humble/include/pinocchio/multibody/joint/joint-composite.hpp:[m[K In member function ‘[01m[Kpinocchio::JointModelCompositeTpl<Scalar, Options, JointCollectionTpl>::JointDataDerived pinocchio::JointModelCompositeTpl<Scalar, Options, JointCollectionTpl>::createData() const [with _Scalar = double; int _Options = 0; JointCollectionTpl = pinocchio::JointCollectionDefaultTpl][m[K’:
[01m[K/opt/ros/humble/include/pinocchio/multibody/joint/joint-composite.hpp:92:54:[m[K [01;36m[Knote: [m[K‘[01m[K<anonymous>[m[K’ declared here
   92 |     : joints(joint_data), iMlast(joint_data.size()), [01;36m[KpjMi(joint_data.size())[m[K
      |                                                      [01;36m[K^~~~~~~~~~~~~~~~~~~~~~~[m[K
In file included from [01m[K/usr/include/eigen3/Eigen/Core:294[m[K,
                 from [01m[K/opt/ros/humble/include/pinocchio/utils/cast.hpp:8[m[K,
                 from [01m[K/opt/ros/humble/include/pinocchio/fwd.hpp:23[m[K,
                 from [01m[K/opt/ros/humble/include/pinocchio/spatial/fwd.hpp:9[m[K,
                 from [01m[K/opt/ros/humble/include/pinocchio/multibody/model.hpp:9[m[K,
                 from [01m[K/opt/ros/humble/include/pinocchio/algorithm/kinematics.hpp:8[m[K,
                 from [01m[K/home/ros/docker_pronto_ws/src/robot/robot_model/include/robot_model/robot_model.hpp:3[m[K,
                 from [01m[K/home/ros/docker_pronto_ws/src/robot/robot_model/src/robot_model.cpp:1[m[K:
In copy constructor ‘[01m[KEigen::PlainObjectBase<Derived>::PlainObjectBase(const Eigen::PlainObjectBase<Derived>&) [with Derived = Eigen::Matrix<double, 3, 1>][m[K’,
    inlined from ‘[01m[KEigen::Matrix<_Scalar, _Rows, _Cols, _Options, _MaxRows, _MaxCols>::Matrix(const Eigen::Matrix<_Scalar, _Rows, _Cols, _Options, _MaxRows, _MaxCols>&) [with _Scalar = double; int _Rows = 3; int _Cols = 1; int _Options = 0; int _MaxRows = 3; int _MaxCols = 1][m[K’ at [01m[K/usr/include/eigen3/Eigen/src/Core/Matrix.h:414:65[m[K,
    inlined from ‘[01m[Kpinocchio::SE3Tpl<double, 0>::SE3Tpl(const pinocchio::SE3Tpl<double, 0>&)[m[K’ at [01m[K/opt/ros/humble/include/pinocchio/spatial/se3-tpl.hpp:47:10[m[K,
    inlined from ‘[01m[Kvoid __gnu_cxx::new_allocator<_Tp>::construct(_Up*, _Args&& ...) [with _Up = pinocchio::SE3Tpl<double, 0>; _Args = {const pinocchio::SE3Tpl<double, 0>&}; _Tp = pinocchio::SE3Tpl<double, 0>][m[K’ at [01m[K/usr/include/c++/11/ext/new_allocator.h:162:4[m[K,
    inlined from ‘[01m[Kstatic constexpr std::_Require<typename std::allocator_traits< <template-parameter-1-1> >::__construct_helper<_Tp, _Args>::type> std::allocator_traits< <template-parameter-1-1> >::_S_construct(_Alloc&, _Tp*, _Args&& ...) [with _Tp = pinocchio::SE3Tpl<double, 0>; _Args = {const pinocchio::SE3Tpl<double, 0>&}; _Alloc = Eigen::aligned_allocator<pinocchio::SE3Tpl<double, 0> >][m[K’ at [01m[K/usr/include/c++/11/bits/alloc_traits.h:251:17[m[K,
    inlined from ‘[01m[Kstatic decltype (std::allocator_traits< <template-parameter-1-1> >::_S_construct(__a, __p, (forward<_Args>)(std::allocator_traits< <template-parameter-1-1> >::construct::__args)...)) std::allocator_traits< <template-parameter-1-1> >::construct(_Alloc&, _Tp*, _Args&& ...) [with _Tp = pinocchio::SE3Tpl<double, 0>; _Args = {const pinocchio::SE3Tpl<double, 0>&}; _Alloc = Eigen::aligned_allocator<pinocchio::SE3Tpl<double, 0> >][m[K’ at [01m[K/usr/include/c++/11/bits/alloc_traits.h:364:16[m[K,
    inlined from ‘[01m[K_ForwardIterator std::__uninitialized_fill_n_a(_ForwardIterator, _Size, const _Tp&, _Allocator&) [with _ForwardIterator = pinocchio::SE3Tpl<double, 0>*; _Size = long unsigned int; _Tp = pinocchio::SE3Tpl<double, 0>; _Allocator = Eigen::aligned_allocator<pinocchio::SE3Tpl<double, 0> >][m[K’ at [01m[K/usr/include/c++/11/bits/stl_uninitialized.h:395:25[m[K,
    inlined from ‘[01m[Kvoid std::vector<_Tp, _Alloc>::_M_fill_initialize(std::vector<_Tp, _Alloc>::size_type, const value_type&) [with _Tp = pinocchio::SE3Tpl<double, 0>; _Alloc = Eigen::aligned_allocator<pinocchio::SE3Tpl<double, 0> >][m[K’ at [01m[K/usr/include/c++/11/bits/stl_vector.h:1596:33[m[K,
    inlined from ‘[01m[Kstd::vector<_Tp, _Alloc>::vector(std::vector<_Tp, _Alloc>::size_type, const value_type&, const allocator_type&) [with _Tp = pinocchio::SE3Tpl<double, 0>; _Alloc = Eigen::aligned_allocator<pinocchio::SE3Tpl<double, 0> >][m[K’ at [01m[K/usr/include/c++/11/bits/stl_vector.h:525:27[m[K,
    inlined from ‘[01m[Kpinocchio::container::aligned_vector<T>::aligned_vector(pinocchio::container::aligned_vector<T>::size_type, const value_type&) [with T = pinocchio::SE3Tpl<double, 0>][m[K’ at [01m[K/opt/ros/humble/include/pinocchio/container/aligned-vector.hpp:43:29[m[K,
    inlined from ‘[01m[Kpinocchio::JointDataCompositeTpl<Scalar, Options, JointCollectionTpl>::JointDataCompositeTpl(const JointDataVector&, int, int) [with _Scalar = double; int _Options = 0; JointCollectionTpl = pinocchio::JointCollectionDefaultTpl][m[K’ at [01m[K/opt/ros/humble/include/pinocchio/multibody/joint/joint-composite.hpp:92:54[m[K,
    inlined from ‘[01m[Kpinocchio::JointModelCompositeTpl<Scalar, Options, JointCollectionTpl>::JointDataDerived pinocchio::JointModelCompositeTpl<Scalar, Options, JointCollectionTpl>::createData() const [with _Scalar = double; int _Options = 0; JointCollectionTpl = pinocchio::JointCollectionDefaultTpl][m[K’ at [01m[K/opt/ros/humble/include/pinocchio/multibody/joint/joint-composite.hpp:260:46[m[K:
[01m[K/usr/include/eigen3/Eigen/src/Core/PlainObjectBase.h:512:17:[m[K [01;35m[Kwarning: [m[K‘[01m[K<unnamed>.pinocchio::SE3Tpl<double, 0>::trans.Eigen::Matrix<double, 3, 1, 0, 3, 1>::<unnamed>.Eigen::PlainObjectBase<Eigen::Matrix<double, 3, 1> >::m_storage[m[K’ may be used uninitialized [[01;35m[K-Wmaybe-uninitialized[m[K]
  512 |       : Base(), [01;35m[Km_storage(other.m_storage)[m[K { }
      |                 [01;35m[K^~~~~~~~~~~~~~~~~~~~~~~~~~[m[K
In file included from [01m[K/opt/ros/humble/include/pinocchio/multibody/joint/joint-generic.hpp:9[m[K,
                 from [01m[K/opt/ros/humble/include/pinocchio/multibody/model.hpp:17[m[K,
                 from [01m[K/opt/ros/humble/include/pinocchio/algorithm/kinematics.hpp:8[m[K,
                 from [01m[K/home/ros/docker_pronto_ws/src/robot/robot_model/include/robot_model/robot_model.hpp:3[m[K,
                 from [01m[K/home/ros/docker_pronto_ws/src/robot/robot_model/src/robot_model.cpp:1[m[K:
[01m[K/opt/ros/humble/include/pinocchio/multibody/joint/joint-composite.hpp:[m[K In member function ‘[01m[Kpinocchio::JointModelCompositeTpl<Scalar, Options, JointCollectionTpl>::JointDataDerived pinocchio::JointModelCompositeTpl<Scalar, Options, JointCollectionTpl>::createData() const [with _Scalar = double; int _Options = 0; JointCollectionTpl = pinocchio::JointCollectionDefaultTpl][m[K’:
[01m[K/opt/ros/humble/include/pinocchio/multibody/joint/joint-composite.hpp:92:54:[m[K [01;36m[Knote: [m[K‘[01m[K<anonymous>[m[K’ declared here
   92 |     : joints(joint_data), iMlast(joint_data.size()), [01;36m[KpjMi(joint_data.size())[m[K
      |                                                      [01;36m[K^~~~~~~~~~~~~~~~~~~~~~~[m[K
