-- The C compiler identification is GNU 11.4.0
-- The CXX compiler identification is GNU 11.4.0
-- Detecting C compiler ABI info
-- Detecting C compiler ABI info - done
-- Check for working C compiler: /usr/bin/cc - skipped
-- Detecting C compile features
-- Detecting C compile features - done
-- Detecting CXX compiler ABI info
-- Detecting CXX compiler ABI info - done
-- Check for working CXX compiler: /usr/bin/c++ - skipped
-- Detecting CXX compile features
-- Detecting CXX compile features - done
-- Found ament_cmake: 1.3.6 (/opt/ros/humble/share/ament_cmake/cmake)
-- Found Python3: /usr/bin/python3.10 (found version "3.10.12") found components: Interpreter 
-- Override CMake install command with custom implementation using symlinks instead of copying resources
-- Found ament_index_cpp: 1.4.0 (/opt/ros/humble/share/ament_index_cpp/cmake)
-- pinocchio FOUND. pinocchio at /opt/ros/humble/lib/x86_64-linux-gnu/libpinocchio.so
-- boost_filesystem FOUND. boost_filesystem at /lib/x86_64-linux-gnu/libboost_filesystem.so
-- boost_serialization FOUND. boost_serialization at /lib/x86_64-linux-gnu/libboost_serialization.so
-- boost_system FOUND. boost_system at /lib/x86_64-linux-gnu/libboost_system.so
-- Found Boost: /usr/include (found version "1.74.0") found components: filesystem serialization system 
-- eigenpy FOUND. eigenpy at /opt/ros/humble/lib/x86_64-linux-gnu/libeigenpy.so
-- Found Python3: /usr/bin/python3.10 (found version "3.10.12") found components: Interpreter Development.Module NumPy 
-- PythonLibraryDirs: 
-- PythonLibVersionString: 3.10.12
-- Python site lib: lib/python3.10/dist-packages
-- Python include dirs: /usr/include/python3.10
-- Checking for NumPy
--   NUMPY_INCLUDE_DIRS=/home/ros/.local/lib/python3.10/site-packages/numpy/core/include
--   NUMPY_VERSION=1.26.4
-- NumPy include dir: /home/ros/.local/lib/python3.10/site-packages/numpy/core/include
-- Found Boost: /usr/include (found version "1.74.0") found components: python310 
-- Boost_PYTHON_LIBRARY: /usr/lib/x86_64-linux-gnu/libboost_python310.so
-- Default C++ standard: 201703
-- Minimal C++ standard upgraded to 11
-- C++ standard sufficient: Minimal required 11, currently defined: 17
-- hpp-fcl FOUND. hpp-fcl at /opt/ros/humble/lib/x86_64-linux-gnu/libhpp-fcl.so
-- Found Boost: /usr/include (found version "1.74.0") found components: chrono serialization 
-- C++ standard sufficient: Minimal required 11, currently defined: 17
-- C++ standard sufficient: Minimal required 11, currently defined: 17
-- Found ament_lint_auto: 0.12.9 (/opt/ros/humble/share/ament_lint_auto/cmake)
-- Added test 'copyright' to check source files copyright and LICENSE
-- Added test 'cppcheck' to perform static code analysis on C / C++ code
-- Configured cppcheck include dirs: $<BUILD_INTERFACE:/home/ros/docker_pronto_ws/src/robot/robot_model/include>
-- Configured cppcheck exclude dirs and/or files: 
-- Added test 'cpplint' to check C / C++ code against the Google style
-- Configured cpplint exclude dirs and/or files: 
-- Added test 'flake8' to check Python code syntax and style conventions
-- Added test 'lint_cmake' to check CMake code style
-- Added test 'pep257' to check Python code against some of the docstring style conventions in PEP 257
-- Added test 'uncrustify' to check C / C++ code style
-- Configured uncrustify additional arguments: 
-- Added test 'xmllint' to check XML markup files
-- Configuring done
-- Generating done
-- Build files have been written to: /home/ros/docker_pronto_ws/build/robot_model
[ 25%] [32mBuilding CXX object CMakeFiles/robot_model.dir/src/robot_model.cpp.o[0m
[ 25%] Built target ament_cmake_python_symlink_robot_model
running egg_info
creating robot_model.egg-info
writing robot_model.egg-info/PKG-INFO
writing dependency_links to robot_model.egg-info/dependency_links.txt
writing top-level names to robot_model.egg-info/top_level.txt
writing manifest file 'robot_model.egg-info/SOURCES.txt'
reading manifest file 'robot_model.egg-info/SOURCES.txt'
writing manifest file 'robot_model.egg-info/SOURCES.txt'
[ 25%] Built target ament_cmake_python_build_robot_model_egg
[ 50%] [32m[1mLinking CXX shared library librobot_model.so[0m
[ 50%] Built target robot_model
[ 75%] [32mBuilding CXX object CMakeFiles/TestRobotModel.dir/test/test_robot_model.cpp.o[0m
[100%] [32m[1mLinking CXX executable TestRobotModel[0m
[100%] Built target TestRobotModel
-- Install configuration: "Release"
-- Execute custom install script
-- Symlinking: /home/ros/docker_pronto_ws/install/robot_model/share/robot_model/environment/library_path.sh
-- Symlinking: /home/ros/docker_pronto_ws/install/robot_model/share/robot_model/environment/library_path.dsv
-- Symlinking: /home/ros/docker_pronto_ws/install/robot_model/include/robot_model/robot_model/robot_model.hpp
-- Symlinking: /home/ros/docker_pronto_ws/install/robot_model/share/robot_model/robots/all_robots.yaml
-- Symlinking: /home/ros/docker_pronto_ws/install/robot_model/share/robot_model/environment/pythonpath.sh
-- Symlinking: /home/ros/docker_pronto_ws/install/robot_model/share/robot_model/environment/pythonpath.dsv
-- Symlinking: /home/ros/docker_pronto_ws/install/robot_model/local/lib/python3.10/dist-packages/robot_model-0.0.0-py3.10.egg-info/PKG-INFO
-- Symlinking: /home/ros/docker_pronto_ws/install/robot_model/local/lib/python3.10/dist-packages/robot_model-0.0.0-py3.10.egg-info/SOURCES.txt
-- Symlinking: /home/ros/docker_pronto_ws/install/robot_model/local/lib/python3.10/dist-packages/robot_model-0.0.0-py3.10.egg-info/dependency_links.txt
-- Symlinking: /home/ros/docker_pronto_ws/install/robot_model/local/lib/python3.10/dist-packages/robot_model-0.0.0-py3.10.egg-info/top_level.txt
-- Symlinking: /home/ros/docker_pronto_ws/install/robot_model/local/lib/python3.10/dist-packages/robot_model/__init__.py
-- Symlinking: /home/ros/docker_pronto_ws/install/robot_model/local/lib/python3.10/dist-packages/robot_model/robot_model.py
-- Symlinking: /home/ros/docker_pronto_ws/install/robot_model/share/ament_index/resource_index/package_run_dependencies/robot_model
-- Symlinking: /home/ros/docker_pronto_ws/install/robot_model/share/ament_index/resource_index/parent_prefix_path/robot_model
-- Symlinking: /home/ros/docker_pronto_ws/install/robot_model/share/robot_model/environment/ament_prefix_path.sh
-- Symlinking: /home/ros/docker_pronto_ws/install/robot_model/share/robot_model/environment/ament_prefix_path.dsv
-- Symlinking: /home/ros/docker_pronto_ws/install/robot_model/share/robot_model/environment/path.sh
-- Symlinking: /home/ros/docker_pronto_ws/install/robot_model/share/robot_model/environment/path.dsv
-- Symlinking: /home/ros/docker_pronto_ws/install/robot_model/share/robot_model/local_setup.bash
-- Symlinking: /home/ros/docker_pronto_ws/install/robot_model/share/robot_model/local_setup.sh
-- Symlinking: /home/ros/docker_pronto_ws/install/robot_model/share/robot_model/local_setup.zsh
-- Symlinking: /home/ros/docker_pronto_ws/install/robot_model/share/robot_model/local_setup.dsv
-- Symlinking: /home/ros/docker_pronto_ws/install/robot_model/share/robot_model/package.dsv
-- Symlinking: /home/ros/docker_pronto_ws/install/robot_model/share/ament_index/resource_index/packages/robot_model
-- Symlinking: /home/ros/docker_pronto_ws/install/robot_model/share/robot_model/cmake/ament_cmake_export_targets-extras.cmake
-- Symlinking: /home/ros/docker_pronto_ws/install/robot_model/share/robot_model/cmake/ament_cmake_export_dependencies-extras.cmake
-- Symlinking: /home/ros/docker_pronto_ws/install/robot_model/share/robot_model/cmake/robot_modelConfig.cmake
-- Symlinking: /home/ros/docker_pronto_ws/install/robot_model/share/robot_model/cmake/robot_modelConfig-version.cmake
-- Symlinking: /home/ros/docker_pronto_ws/install/robot_model/share/robot_model/package.xml
-- Installing: /home/ros/docker_pronto_ws/install/robot_model/lib/librobot_model.so
-- Set runtime path of "/home/ros/docker_pronto_ws/install/robot_model/lib/librobot_model.so" to ""
Listing '/home/ros/docker_pronto_ws/install/robot_model/local/lib/python3.10/dist-packages/robot_model'...
Compiling '/home/ros/docker_pronto_ws/install/robot_model/local/lib/python3.10/dist-packages/robot_model/__init__.py'...
Compiling '/home/ros/docker_pronto_ws/install/robot_model/local/lib/python3.10/dist-packages/robot_model/robot_model.py'...
-- Installing: /home/ros/docker_pronto_ws/install/robot_model/share/robot_model/cmake/robot_model_targetsExport.cmake
-- Installing: /home/ros/docker_pronto_ws/install/robot_model/share/robot_model/cmake/robot_model_targetsExport-release.cmake
