[0.154s] Invoking command in '/home/ros/docker_pronto_ws/build/robot_model': CMAKE_PREFIX_PATH=/home/ros/docker_pronto_ws/install/ryml:/home/ros/docker_pronto_ws/install/hqp_controller:/home/ros/docker_pronto_ws/install/whole_body_controller:/home/ros/docker_pronto_ws/install/teleoperate_robot:/home/ros/docker_pronto_ws/install/pronto_tuning:/home/ros/docker_pronto_ws/install/lip_walking_trot_planner:/home/ros/docker_pronto_ws/install/velocity_command_msgs:/home/ros/docker_pronto_ws/install/static_walk_planner:/home/ros/docker_pronto_ws/install/robot_gazebo:/home/ros/docker_pronto_ws/install/solo_description:/home/ros/docker_pronto_ws/install/robot_model:/home/ros/docker_pronto_ws/install/rviz_legged_plugins:/home/ros/docker_pronto_ws/install/rviz_legged_msgs:/home/ros/docker_pronto_ws/install/anymal_c_simple_description:/home/ros/docker_pronto_ws/install/robot_control:/home/ros/docker_pronto_ws/install/hierarchical_optimization:/home/ros/docker_pronto_ws/install/quadprog:/home/ros/docker_pronto_ws/install/pronto_ros2_controller:/home/ros/docker_pronto_ws/install/pronto_solo12:/home/ros/docker_pronto_ws/install/pronto_quadruped_ros:/home/ros/docker_pronto_ws/install/pronto_quadruped:/home/ros/docker_pronto_ws/install/pronto_utils:/home/ros/docker_pronto_ws/install/pronto_ros:/home/ros/docker_pronto_ws/install/pronto_quadruped_commons:/home/ros/docker_pronto_ws/install/pronto_msgs:/home/ros/docker_pronto_ws/install/pronto_core:/home/ros/docker_pronto_ws/install/pi3hat_moteus_int_msgs:/home/ros/docker_pronto_ws/install/generalized_pose_msgs:/opt/openrobots:/home/ros/docker_pronto_ws/install/planners_python:/home/ros/docker_pronto_ws/install/logger_gazebo:/home/ros/docker_pronto_ws/install/terrain_estimator:/home/ros/docker_pronto_ws/install/pose_estimator:/opt/ros/humble LD_LIBRARY_PATH=/home/ros/docker_pronto_ws/install/ryml/lib:/home/ros/docker_pronto_ws/install/hqp_controller/lib:/home/ros/docker_pronto_ws/install/whole_body_controller/lib:/home/ros/docker_pronto_ws/install/teleoperate_robot/lib:/home/ros/docker_pronto_ws/install/lip_walking_trot_planner/lib:/home/ros/docker_pronto_ws/install/velocity_command_msgs/lib:/home/ros/docker_pronto_ws/install/static_walk_planner/lib:/home/ros/docker_pronto_ws/install/robot_model/lib:/home/ros/docker_pronto_ws/install/rviz_legged_plugins/lib:/home/ros/docker_pronto_ws/install/rviz_legged_msgs/lib:/home/ros/docker_pronto_ws/install/hierarchical_optimization/lib:/home/ros/docker_pronto_ws/install/quadprog/lib:/home/ros/docker_pronto_ws/install/pronto_ros2_controller/lib:/home/ros/docker_pronto_ws/install/pronto_solo12/lib:/home/ros/docker_pronto_ws/install/pronto_quadruped_ros/lib:/home/ros/docker_pronto_ws/install/pronto_quadruped/lib:/home/ros/docker_pronto_ws/install/pronto_utils/lib:/home/ros/docker_pronto_ws/install/pronto_ros/lib:/home/ros/docker_pronto_ws/install/pronto_msgs/lib:/home/ros/docker_pronto_ws/install/pronto_core/lib:/home/ros/docker_pronto_ws/install/pi3hat_moteus_int_msgs/lib:/home/ros/docker_pronto_ws/install/generalized_pose_msgs/lib:/usr/lib/x86_64-linux-gnu/gazebo-11/plugins:/opt/ros/humble/opt/rviz_ogre_vendor/lib:/opt/ros/humble/lib/x86_64-linux-gnu:/opt/ros/humble/lib:/opt/openrobots/lib:/usr/share/gazebo/../../lib/x86_64-linux-gnu/gazebo-11/plugins /usr/bin/cmake /home/ros/docker_pronto_ws/src/robot/robot_model -DCMAKE_BUILD_TYPE=Release -DCMAKE_EXPORT_COMPILE_COMMANDS=ON -DAMENT_CMAKE_SYMLINK_INSTALL=1 -DCMAKE_INSTALL_PREFIX=/home/ros/docker_pronto_ws/install/robot_model
[0.291s] -- The C compiler identification is GNU 11.4.0
[0.375s] -- The CXX compiler identification is GNU 11.4.0
[0.386s] -- Detecting C compiler ABI info
[0.678s] -- Detecting C compiler ABI info - done
[0.689s] -- Check for working C compiler: /usr/bin/cc - skipped
[0.697s] -- Detecting C compile features
[0.698s] -- Detecting C compile features - done
[0.702s] -- Detecting CXX compiler ABI info
[1.069s] -- Detecting CXX compiler ABI info - done
[1.073s] -- Check for working CXX compiler: /usr/bin/c++ - skipped
[1.073s] -- Detecting CXX compile features
[1.080s] -- Detecting CXX compile features - done
[1.085s] -- Found ament_cmake: 1.3.6 (/opt/ros/humble/share/ament_cmake/cmake)
[1.770s] -- Found Python3: /usr/bin/python3.10 (found version "3.10.12") found components: Interpreter 
[1.896s] -- Override CMake install command with custom implementation using symlinks instead of copying resources
[1.972s] -- Found ament_index_cpp: 1.4.0 (/opt/ros/humble/share/ament_index_cpp/cmake)
[1.988s] -- pinocchio FOUND. pinocchio at /opt/ros/humble/lib/x86_64-linux-gnu/libpinocchio.so
[1.998s] -- boost_filesystem FOUND. boost_filesystem at /lib/x86_64-linux-gnu/libboost_filesystem.so
[2.000s] -- boost_serialization FOUND. boost_serialization at /lib/x86_64-linux-gnu/libboost_serialization.so
[2.000s] -- boost_system FOUND. boost_system at /lib/x86_64-linux-gnu/libboost_system.so
[2.160s] -- Found Boost: /usr/include (found version "1.74.0") found components: filesystem serialization system 
[2.164s] -- eigenpy FOUND. eigenpy at /opt/ros/humble/lib/x86_64-linux-gnu/libeigenpy.so
[2.700s] -- Found Python3: /usr/bin/python3.10 (found version "3.10.12") found components: Interpreter Development.Module NumPy 
[2.700s] -- PythonLibraryDirs: 
[2.701s] -- PythonLibVersionString: 3.10.12
[2.739s] -- Python site lib: lib/python3.10/dist-packages
[2.740s] -- Python include dirs: /usr/include/python3.10
[2.800s] -- Checking for NumPy
[3.010s] --   NUMPY_INCLUDE_DIRS=/home/ros/.local/lib/python3.10/site-packages/numpy/core/include
[3.205s] --   NUMPY_VERSION=1.26.4
[3.205s] -- NumPy include dir: /home/ros/.local/lib/python3.10/site-packages/numpy/core/include
[3.210s] [33mCMake Warning at /usr/share/cmake-3.22/Modules/FindBoost.cmake:2201 (message):
[3.210s]   No header defined for python310; skipping header check (note: header-only
[3.210s]   libraries have no designated component)
[3.210s] Call Stack (most recent call first):
[3.210s]   /opt/ros/humble/lib/x86_64-linux-gnu/cmake/eigenpy/boost.cmake:144 (find_package)
[3.210s]   /opt/ros/humble/lib/x86_64-linux-gnu/cmake/eigenpy/eigenpyConfig.cmake:149 (SEARCH_FOR_BOOST_PYTHON)
[3.210s]   /usr/share/cmake-3.22/Modules/CMakeFindDependencyMacro.cmake:47 (find_package)
[3.210s]   /opt/ros/humble/lib/x86_64-linux-gnu/cmake/pinocchio/pinocchioConfig.cmake:160 (find_dependency)
[3.210s]   CMakeLists.txt:35 (find_package)
[3.211s] 
[3.211s] [0m
[3.215s] -- Found Boost: /usr/include (found version "1.74.0") found components: python310 
[3.215s] -- Boost_PYTHON_LIBRARY: /usr/lib/x86_64-linux-gnu/libboost_python310.so
[3.637s] -- Default C++ standard: 201703
[3.638s] -- Minimal C++ standard upgraded to 11
[3.638s] -- C++ standard sufficient: Minimal required 11, currently defined: 17
[3.641s] -- hpp-fcl FOUND. hpp-fcl at /opt/ros/humble/lib/x86_64-linux-gnu/libhpp-fcl.so
[3.653s] -- Found Boost: /usr/include (found version "1.74.0") found components: chrono serialization 
[3.657s] -- C++ standard sufficient: Minimal required 11, currently defined: 17
[3.658s] -- C++ standard sufficient: Minimal required 11, currently defined: 17
[3.784s] -- Found ament_lint_auto: 0.12.9 (/opt/ros/humble/share/ament_lint_auto/cmake)
[3.905s] -- Added test 'copyright' to check source files copyright and LICENSE
[3.907s] -- Added test 'cppcheck' to perform static code analysis on C / C++ code
[3.907s] -- Configured cppcheck include dirs: $<BUILD_INTERFACE:/home/ros/docker_pronto_ws/src/robot/robot_model/include>
[3.908s] -- Configured cppcheck exclude dirs and/or files: 
[3.910s] -- Added test 'cpplint' to check C / C++ code against the Google style
[3.910s] -- Configured cpplint exclude dirs and/or files: 
[3.911s] -- Added test 'flake8' to check Python code syntax and style conventions
[3.914s] -- Added test 'lint_cmake' to check CMake code style
[3.915s] -- Added test 'pep257' to check Python code against some of the docstring style conventions in PEP 257
[3.917s] -- Added test 'uncrustify' to check C / C++ code style
[3.917s] -- Configured uncrustify additional arguments: 
[3.918s] -- Added test 'xmllint' to check XML markup files
[3.923s] -- Configuring done
[3.933s] -- Generating done
[3.935s] -- Build files have been written to: /home/ros/docker_pronto_ws/build/robot_model
[4.199s] Invoked command in '/home/ros/docker_pronto_ws/build/robot_model' returned '0': CMAKE_PREFIX_PATH=/home/ros/docker_pronto_ws/install/ryml:/home/ros/docker_pronto_ws/install/hqp_controller:/home/ros/docker_pronto_ws/install/whole_body_controller:/home/ros/docker_pronto_ws/install/teleoperate_robot:/home/ros/docker_pronto_ws/install/pronto_tuning:/home/ros/docker_pronto_ws/install/lip_walking_trot_planner:/home/ros/docker_pronto_ws/install/velocity_command_msgs:/home/ros/docker_pronto_ws/install/static_walk_planner:/home/ros/docker_pronto_ws/install/robot_gazebo:/home/ros/docker_pronto_ws/install/solo_description:/home/ros/docker_pronto_ws/install/robot_model:/home/ros/docker_pronto_ws/install/rviz_legged_plugins:/home/ros/docker_pronto_ws/install/rviz_legged_msgs:/home/ros/docker_pronto_ws/install/anymal_c_simple_description:/home/ros/docker_pronto_ws/install/robot_control:/home/ros/docker_pronto_ws/install/hierarchical_optimization:/home/ros/docker_pronto_ws/install/quadprog:/home/ros/docker_pronto_ws/install/pronto_ros2_controller:/home/ros/docker_pronto_ws/install/pronto_solo12:/home/ros/docker_pronto_ws/install/pronto_quadruped_ros:/home/ros/docker_pronto_ws/install/pronto_quadruped:/home/ros/docker_pronto_ws/install/pronto_utils:/home/ros/docker_pronto_ws/install/pronto_ros:/home/ros/docker_pronto_ws/install/pronto_quadruped_commons:/home/ros/docker_pronto_ws/install/pronto_msgs:/home/ros/docker_pronto_ws/install/pronto_core:/home/ros/docker_pronto_ws/install/pi3hat_moteus_int_msgs:/home/ros/docker_pronto_ws/install/generalized_pose_msgs:/opt/openrobots:/home/ros/docker_pronto_ws/install/planners_python:/home/ros/docker_pronto_ws/install/logger_gazebo:/home/ros/docker_pronto_ws/install/terrain_estimator:/home/ros/docker_pronto_ws/install/pose_estimator:/opt/ros/humble LD_LIBRARY_PATH=/home/ros/docker_pronto_ws/install/ryml/lib:/home/ros/docker_pronto_ws/install/hqp_controller/lib:/home/ros/docker_pronto_ws/install/whole_body_controller/lib:/home/ros/docker_pronto_ws/install/teleoperate_robot/lib:/home/ros/docker_pronto_ws/install/lip_walking_trot_planner/lib:/home/ros/docker_pronto_ws/install/velocity_command_msgs/lib:/home/ros/docker_pronto_ws/install/static_walk_planner/lib:/home/ros/docker_pronto_ws/install/robot_model/lib:/home/ros/docker_pronto_ws/install/rviz_legged_plugins/lib:/home/ros/docker_pronto_ws/install/rviz_legged_msgs/lib:/home/ros/docker_pronto_ws/install/hierarchical_optimization/lib:/home/ros/docker_pronto_ws/install/quadprog/lib:/home/ros/docker_pronto_ws/install/pronto_ros2_controller/lib:/home/ros/docker_pronto_ws/install/pronto_solo12/lib:/home/ros/docker_pronto_ws/install/pronto_quadruped_ros/lib:/home/ros/docker_pronto_ws/install/pronto_quadruped/lib:/home/ros/docker_pronto_ws/install/pronto_utils/lib:/home/ros/docker_pronto_ws/install/pronto_ros/lib:/home/ros/docker_pronto_ws/install/pronto_msgs/lib:/home/ros/docker_pronto_ws/install/pronto_core/lib:/home/ros/docker_pronto_ws/install/pi3hat_moteus_int_msgs/lib:/home/ros/docker_pronto_ws/install/generalized_pose_msgs/lib:/usr/lib/x86_64-linux-gnu/gazebo-11/plugins:/opt/ros/humble/opt/rviz_ogre_vendor/lib:/opt/ros/humble/lib/x86_64-linux-gnu:/opt/ros/humble/lib:/opt/openrobots/lib:/usr/share/gazebo/../../lib/x86_64-linux-gnu/gazebo-11/plugins /usr/bin/cmake /home/ros/docker_pronto_ws/src/robot/robot_model -DCMAKE_BUILD_TYPE=Release -DCMAKE_EXPORT_COMPILE_COMMANDS=ON -DAMENT_CMAKE_SYMLINK_INSTALL=1 -DCMAKE_INSTALL_PREFIX=/home/ros/docker_pronto_ws/install/robot_model
[4.201s] Invoking command in '/home/ros/docker_pronto_ws/build/robot_model': CMAKE_PREFIX_PATH=/home/ros/docker_pronto_ws/install/ryml:/home/ros/docker_pronto_ws/install/hqp_controller:/home/ros/docker_pronto_ws/install/whole_body_controller:/home/ros/docker_pronto_ws/install/teleoperate_robot:/home/ros/docker_pronto_ws/install/pronto_tuning:/home/ros/docker_pronto_ws/install/lip_walking_trot_planner:/home/ros/docker_pronto_ws/install/velocity_command_msgs:/home/ros/docker_pronto_ws/install/static_walk_planner:/home/ros/docker_pronto_ws/install/robot_gazebo:/home/ros/docker_pronto_ws/install/solo_description:/home/ros/docker_pronto_ws/install/robot_model:/home/ros/docker_pronto_ws/install/rviz_legged_plugins:/home/ros/docker_pronto_ws/install/rviz_legged_msgs:/home/ros/docker_pronto_ws/install/anymal_c_simple_description:/home/ros/docker_pronto_ws/install/robot_control:/home/ros/docker_pronto_ws/install/hierarchical_optimization:/home/ros/docker_pronto_ws/install/quadprog:/home/ros/docker_pronto_ws/install/pronto_ros2_controller:/home/ros/docker_pronto_ws/install/pronto_solo12:/home/ros/docker_pronto_ws/install/pronto_quadruped_ros:/home/ros/docker_pronto_ws/install/pronto_quadruped:/home/ros/docker_pronto_ws/install/pronto_utils:/home/ros/docker_pronto_ws/install/pronto_ros:/home/ros/docker_pronto_ws/install/pronto_quadruped_commons:/home/ros/docker_pronto_ws/install/pronto_msgs:/home/ros/docker_pronto_ws/install/pronto_core:/home/ros/docker_pronto_ws/install/pi3hat_moteus_int_msgs:/home/ros/docker_pronto_ws/install/generalized_pose_msgs:/opt/openrobots:/home/ros/docker_pronto_ws/install/planners_python:/home/ros/docker_pronto_ws/install/logger_gazebo:/home/ros/docker_pronto_ws/install/terrain_estimator:/home/ros/docker_pronto_ws/install/pose_estimator:/opt/ros/humble LD_LIBRARY_PATH=/home/ros/docker_pronto_ws/install/ryml/lib:/home/ros/docker_pronto_ws/install/hqp_controller/lib:/home/ros/docker_pronto_ws/install/whole_body_controller/lib:/home/ros/docker_pronto_ws/install/teleoperate_robot/lib:/home/ros/docker_pronto_ws/install/lip_walking_trot_planner/lib:/home/ros/docker_pronto_ws/install/velocity_command_msgs/lib:/home/ros/docker_pronto_ws/install/static_walk_planner/lib:/home/ros/docker_pronto_ws/install/robot_model/lib:/home/ros/docker_pronto_ws/install/rviz_legged_plugins/lib:/home/ros/docker_pronto_ws/install/rviz_legged_msgs/lib:/home/ros/docker_pronto_ws/install/hierarchical_optimization/lib:/home/ros/docker_pronto_ws/install/quadprog/lib:/home/ros/docker_pronto_ws/install/pronto_ros2_controller/lib:/home/ros/docker_pronto_ws/install/pronto_solo12/lib:/home/ros/docker_pronto_ws/install/pronto_quadruped_ros/lib:/home/ros/docker_pronto_ws/install/pronto_quadruped/lib:/home/ros/docker_pronto_ws/install/pronto_utils/lib:/home/ros/docker_pronto_ws/install/pronto_ros/lib:/home/ros/docker_pronto_ws/install/pronto_msgs/lib:/home/ros/docker_pronto_ws/install/pronto_core/lib:/home/ros/docker_pronto_ws/install/pi3hat_moteus_int_msgs/lib:/home/ros/docker_pronto_ws/install/generalized_pose_msgs/lib:/usr/lib/x86_64-linux-gnu/gazebo-11/plugins:/opt/ros/humble/opt/rviz_ogre_vendor/lib:/opt/ros/humble/lib/x86_64-linux-gnu:/opt/ros/humble/lib:/opt/openrobots/lib:/usr/share/gazebo/../../lib/x86_64-linux-gnu/gazebo-11/plugins /usr/bin/cmake --build /home/ros/docker_pronto_ws/build/robot_model -- -j16 -l16
[4.434s] [ 25%] [32mBuilding CXX object CMakeFiles/robot_model.dir/src/robot_model.cpp.o[0m
[4.456s] [ 25%] Built target ament_cmake_python_symlink_robot_model
[4.600s] running egg_info
[4.601s] creating robot_model.egg-info
[4.602s] writing robot_model.egg-info/PKG-INFO
[4.602s] writing dependency_links to robot_model.egg-info/dependency_links.txt
[4.602s] writing top-level names to robot_model.egg-info/top_level.txt
[4.602s] writing manifest file 'robot_model.egg-info/SOURCES.txt'
[4.605s] reading manifest file 'robot_model.egg-info/SOURCES.txt'
[4.606s] writing manifest file 'robot_model.egg-info/SOURCES.txt'
[4.646s] [ 25%] Built target ament_cmake_python_build_robot_model_egg
[45.797s] In file included from [01m[K/usr/include/eigen3/Eigen/Core:294[m[K,
[45.798s]                  from [01m[K/opt/ros/humble/include/pinocchio/utils/cast.hpp:8[m[K,
[45.798s]                  from [01m[K/opt/ros/humble/include/pinocchio/fwd.hpp:23[m[K,
[45.798s]                  from [01m[K/opt/ros/humble/include/pinocchio/spatial/fwd.hpp:9[m[K,
[45.798s]                  from [01m[K/opt/ros/humble/include/pinocchio/multibody/model.hpp:9[m[K,
[45.798s]                  from [01m[K/opt/ros/humble/include/pinocchio/algorithm/kinematics.hpp:8[m[K,
[45.798s]                  from [01m[K/home/ros/docker_pronto_ws/src/robot/robot_model/include/robot_model/robot_model.hpp:3[m[K,
[45.798s]                  from [01m[K/home/ros/docker_pronto_ws/src/robot/robot_model/src/robot_model.cpp:1[m[K:
[45.798s] In copy constructor ‘[01m[KEigen::PlainObjectBase<Derived>::PlainObjectBase(const Eigen::PlainObjectBase<Derived>&) [with Derived = Eigen::Matrix<double, 3, 3>][m[K’,
[45.798s]     inlined from ‘[01m[KEigen::Matrix<_Scalar, _Rows, _Cols, _Options, _MaxRows, _MaxCols>::Matrix(const Eigen::Matrix<_Scalar, _Rows, _Cols, _Options, _MaxRows, _MaxCols>&) [with _Scalar = double; int _Rows = 3; int _Cols = 3; int _Options = 0; int _MaxRows = 3; int _MaxCols = 3][m[K’ at [01m[K/usr/include/eigen3/Eigen/src/Core/Matrix.h:414:65[m[K,
[45.798s]     inlined from ‘[01m[Kpinocchio::SE3Tpl<double, 0>::SE3Tpl(const pinocchio::SE3Tpl<double, 0>&)[m[K’ at [01m[K/opt/ros/humble/include/pinocchio/spatial/se3-tpl.hpp:47:10[m[K,
[45.798s]     inlined from ‘[01m[Kvoid __gnu_cxx::new_allocator<_Tp>::construct(_Up*, _Args&& ...) [with _Up = pinocchio::SE3Tpl<double, 0>; _Args = {const pinocchio::SE3Tpl<double, 0>&}; _Tp = pinocchio::SE3Tpl<double, 0>][m[K’ at [01m[K/usr/include/c++/11/ext/new_allocator.h:162:4[m[K,
[45.798s]     inlined from ‘[01m[Kstatic constexpr std::_Require<typename std::allocator_traits< <template-parameter-1-1> >::__construct_helper<_Tp, _Args>::type> std::allocator_traits< <template-parameter-1-1> >::_S_construct(_Alloc&, _Tp*, _Args&& ...) [with _Tp = pinocchio::SE3Tpl<double, 0>; _Args = {const pinocchio::SE3Tpl<double, 0>&}; _Alloc = Eigen::aligned_allocator<pinocchio::SE3Tpl<double, 0> >][m[K’ at [01m[K/usr/include/c++/11/bits/alloc_traits.h:251:17[m[K,
[45.798s]     inlined from ‘[01m[Kstatic decltype (std::allocator_traits< <template-parameter-1-1> >::_S_construct(__a, __p, (forward<_Args>)(std::allocator_traits< <template-parameter-1-1> >::construct::__args)...)) std::allocator_traits< <template-parameter-1-1> >::construct(_Alloc&, _Tp*, _Args&& ...) [with _Tp = pinocchio::SE3Tpl<double, 0>; _Args = {const pinocchio::SE3Tpl<double, 0>&}; _Alloc = Eigen::aligned_allocator<pinocchio::SE3Tpl<double, 0> >][m[K’ at [01m[K/usr/include/c++/11/bits/alloc_traits.h:364:16[m[K,
[45.798s]     inlined from ‘[01m[K_ForwardIterator std::__uninitialized_fill_n_a(_ForwardIterator, _Size, const _Tp&, _Allocator&) [with _ForwardIterator = pinocchio::SE3Tpl<double, 0>*; _Size = long unsigned int; _Tp = pinocchio::SE3Tpl<double, 0>; _Allocator = Eigen::aligned_allocator<pinocchio::SE3Tpl<double, 0> >][m[K’ at [01m[K/usr/include/c++/11/bits/stl_uninitialized.h:395:25[m[K,
[45.799s]     inlined from ‘[01m[Kvoid std::vector<_Tp, _Alloc>::_M_fill_initialize(std::vector<_Tp, _Alloc>::size_type, const value_type&) [with _Tp = pinocchio::SE3Tpl<double, 0>; _Alloc = Eigen::aligned_allocator<pinocchio::SE3Tpl<double, 0> >][m[K’ at [01m[K/usr/include/c++/11/bits/stl_vector.h:1596:33[m[K,
[45.799s]     inlined from ‘[01m[Kstd::vector<_Tp, _Alloc>::vector(std::vector<_Tp, _Alloc>::size_type, const value_type&, const allocator_type&) [with _Tp = pinocchio::SE3Tpl<double, 0>; _Alloc = Eigen::aligned_allocator<pinocchio::SE3Tpl<double, 0> >][m[K’ at [01m[K/usr/include/c++/11/bits/stl_vector.h:525:27[m[K,
[45.799s]     inlined from ‘[01m[Kpinocchio::container::aligned_vector<T>::aligned_vector(pinocchio::container::aligned_vector<T>::size_type, const value_type&) [with T = pinocchio::SE3Tpl<double, 0>][m[K’ at [01m[K/opt/ros/humble/include/pinocchio/container/aligned-vector.hpp:43:29[m[K,
[45.799s]     inlined from ‘[01m[Kpinocchio::JointDataCompositeTpl<Scalar, Options, JointCollectionTpl>::JointDataCompositeTpl(const JointDataVector&, int, int) [with _Scalar = double; int _Options = 0; JointCollectionTpl = pinocchio::JointCollectionDefaultTpl][m[K’ at [01m[K/opt/ros/humble/include/pinocchio/multibody/joint/joint-composite.hpp:92:27[m[K,
[45.799s]     inlined from ‘[01m[Kpinocchio::JointModelCompositeTpl<Scalar, Options, JointCollectionTpl>::JointDataDerived pinocchio::JointModelCompositeTpl<Scalar, Options, JointCollectionTpl>::createData() const [with _Scalar = double; int _Options = 0; JointCollectionTpl = pinocchio::JointCollectionDefaultTpl][m[K’ at [01m[K/opt/ros/humble/include/pinocchio/multibody/joint/joint-composite.hpp:260:46[m[K:
[45.799s] [01m[K/usr/include/eigen3/Eigen/src/Core/PlainObjectBase.h:512:17:[m[K [01;35m[Kwarning: [m[K‘[01m[K*(const Eigen::PlainObjectBase<Eigen::Matrix<double, 3, 3, 0, 3, 3> >*)((char*)&<unnamed> + offsetof(pinocchio::value_type, pinocchio::SE3Tpl<double, 0>::<unnamed>)).Eigen::PlainObjectBase<Eigen::Matrix<double, 3, 3> >::m_storage[m[K’ may be used uninitialized [[01;35m[K-Wmaybe-uninitialized[m[K]
[45.799s]   512 |       : Base(), [01;35m[Km_storage(other.m_storage)[m[K { }
[45.799s]       |                 [01;35m[K^~~~~~~~~~~~~~~~~~~~~~~~~~[m[K
[45.799s] In file included from [01m[K/opt/ros/humble/include/pinocchio/multibody/joint/joint-generic.hpp:9[m[K,
[45.799s]                  from [01m[K/opt/ros/humble/include/pinocchio/multibody/model.hpp:17[m[K,
[45.799s]                  from [01m[K/opt/ros/humble/include/pinocchio/algorithm/kinematics.hpp:8[m[K,
[45.799s]                  from [01m[K/home/ros/docker_pronto_ws/src/robot/robot_model/include/robot_model/robot_model.hpp:3[m[K,
[45.800s]                  from [01m[K/home/ros/docker_pronto_ws/src/robot/robot_model/src/robot_model.cpp:1[m[K:
[45.800s] [01m[K/opt/ros/humble/include/pinocchio/multibody/joint/joint-composite.hpp:[m[K In member function ‘[01m[Kpinocchio::JointModelCompositeTpl<Scalar, Options, JointCollectionTpl>::JointDataDerived pinocchio::JointModelCompositeTpl<Scalar, Options, JointCollectionTpl>::createData() const [with _Scalar = double; int _Options = 0; JointCollectionTpl = pinocchio::JointCollectionDefaultTpl][m[K’:
[45.800s] [01m[K/opt/ros/humble/include/pinocchio/multibody/joint/joint-composite.hpp:92:27:[m[K [01;36m[Knote: [m[K‘[01m[K<anonymous>[m[K’ declared here
[45.800s]    92 |     : joints(joint_data), [01;36m[KiMlast(joint_data.size())[m[K, pjMi(joint_data.size())
[45.800s]       |                           [01;36m[K^~~~~~~~~~~~~~~~~~~~~~~~~[m[K
[45.800s] In file included from [01m[K/usr/include/eigen3/Eigen/Core:294[m[K,
[45.800s]                  from [01m[K/opt/ros/humble/include/pinocchio/utils/cast.hpp:8[m[K,
[45.800s]                  from [01m[K/opt/ros/humble/include/pinocchio/fwd.hpp:23[m[K,
[45.800s]                  from [01m[K/opt/ros/humble/include/pinocchio/spatial/fwd.hpp:9[m[K,
[45.800s]                  from [01m[K/opt/ros/humble/include/pinocchio/multibody/model.hpp:9[m[K,
[45.800s]                  from [01m[K/opt/ros/humble/include/pinocchio/algorithm/kinematics.hpp:8[m[K,
[45.800s]                  from [01m[K/home/ros/docker_pronto_ws/src/robot/robot_model/include/robot_model/robot_model.hpp:3[m[K,
[45.800s]                  from [01m[K/home/ros/docker_pronto_ws/src/robot/robot_model/src/robot_model.cpp:1[m[K:
[45.800s] In copy constructor ‘[01m[KEigen::PlainObjectBase<Derived>::PlainObjectBase(const Eigen::PlainObjectBase<Derived>&) [with Derived = Eigen::Matrix<double, 3, 1>][m[K’,
[45.801s]     inlined from ‘[01m[KEigen::Matrix<_Scalar, _Rows, _Cols, _Options, _MaxRows, _MaxCols>::Matrix(const Eigen::Matrix<_Scalar, _Rows, _Cols, _Options, _MaxRows, _MaxCols>&) [with _Scalar = double; int _Rows = 3; int _Cols = 1; int _Options = 0; int _MaxRows = 3; int _MaxCols = 1][m[K’ at [01m[K/usr/include/eigen3/Eigen/src/Core/Matrix.h:414:65[m[K,
[45.801s]     inlined from ‘[01m[Kpinocchio::SE3Tpl<double, 0>::SE3Tpl(const pinocchio::SE3Tpl<double, 0>&)[m[K’ at [01m[K/opt/ros/humble/include/pinocchio/spatial/se3-tpl.hpp:47:10[m[K,
[45.801s]     inlined from ‘[01m[Kvoid __gnu_cxx::new_allocator<_Tp>::construct(_Up*, _Args&& ...) [with _Up = pinocchio::SE3Tpl<double, 0>; _Args = {const pinocchio::SE3Tpl<double, 0>&}; _Tp = pinocchio::SE3Tpl<double, 0>][m[K’ at [01m[K/usr/include/c++/11/ext/new_allocator.h:162:4[m[K,
[45.801s]     inlined from ‘[01m[Kstatic constexpr std::_Require<typename std::allocator_traits< <template-parameter-1-1> >::__construct_helper<_Tp, _Args>::type> std::allocator_traits< <template-parameter-1-1> >::_S_construct(_Alloc&, _Tp*, _Args&& ...) [with _Tp = pinocchio::SE3Tpl<double, 0>; _Args = {const pinocchio::SE3Tpl<double, 0>&}; _Alloc = Eigen::aligned_allocator<pinocchio::SE3Tpl<double, 0> >][m[K’ at [01m[K/usr/include/c++/11/bits/alloc_traits.h:251:17[m[K,
[45.801s]     inlined from ‘[01m[Kstatic decltype (std::allocator_traits< <template-parameter-1-1> >::_S_construct(__a, __p, (forward<_Args>)(std::allocator_traits< <template-parameter-1-1> >::construct::__args)...)) std::allocator_traits< <template-parameter-1-1> >::construct(_Alloc&, _Tp*, _Args&& ...) [with _Tp = pinocchio::SE3Tpl<double, 0>; _Args = {const pinocchio::SE3Tpl<double, 0>&}; _Alloc = Eigen::aligned_allocator<pinocchio::SE3Tpl<double, 0> >][m[K’ at [01m[K/usr/include/c++/11/bits/alloc_traits.h:364:16[m[K,
[45.801s]     inlined from ‘[01m[K_ForwardIterator std::__uninitialized_fill_n_a(_ForwardIterator, _Size, const _Tp&, _Allocator&) [with _ForwardIterator = pinocchio::SE3Tpl<double, 0>*; _Size = long unsigned int; _Tp = pinocchio::SE3Tpl<double, 0>; _Allocator = Eigen::aligned_allocator<pinocchio::SE3Tpl<double, 0> >][m[K’ at [01m[K/usr/include/c++/11/bits/stl_uninitialized.h:395:25[m[K,
[45.801s]     inlined from ‘[01m[Kvoid std::vector<_Tp, _Alloc>::_M_fill_initialize(std::vector<_Tp, _Alloc>::size_type, const value_type&) [with _Tp = pinocchio::SE3Tpl<double, 0>; _Alloc = Eigen::aligned_allocator<pinocchio::SE3Tpl<double, 0> >][m[K’ at [01m[K/usr/include/c++/11/bits/stl_vector.h:1596:33[m[K,
[45.801s]     inlined from ‘[01m[Kstd::vector<_Tp, _Alloc>::vector(std::vector<_Tp, _Alloc>::size_type, const value_type&, const allocator_type&) [with _Tp = pinocchio::SE3Tpl<double, 0>; _Alloc = Eigen::aligned_allocator<pinocchio::SE3Tpl<double, 0> >][m[K’ at [01m[K/usr/include/c++/11/bits/stl_vector.h:525:27[m[K,
[45.801s]     inlined from ‘[01m[Kpinocchio::container::aligned_vector<T>::aligned_vector(pinocchio::container::aligned_vector<T>::size_type, const value_type&) [with T = pinocchio::SE3Tpl<double, 0>][m[K’ at [01m[K/opt/ros/humble/include/pinocchio/container/aligned-vector.hpp:43:29[m[K,
[45.801s]     inlined from ‘[01m[Kpinocchio::JointDataCompositeTpl<Scalar, Options, JointCollectionTpl>::JointDataCompositeTpl(const JointDataVector&, int, int) [with _Scalar = double; int _Options = 0; JointCollectionTpl = pinocchio::JointCollectionDefaultTpl][m[K’ at [01m[K/opt/ros/humble/include/pinocchio/multibody/joint/joint-composite.hpp:92:27[m[K,
[45.801s]     inlined from ‘[01m[Kpinocchio::JointModelCompositeTpl<Scalar, Options, JointCollectionTpl>::JointDataDerived pinocchio::JointModelCompositeTpl<Scalar, Options, JointCollectionTpl>::createData() const [with _Scalar = double; int _Options = 0; JointCollectionTpl = pinocchio::JointCollectionDefaultTpl][m[K’ at [01m[K/opt/ros/humble/include/pinocchio/multibody/joint/joint-composite.hpp:260:46[m[K:
[45.801s] [01m[K/usr/include/eigen3/Eigen/src/Core/PlainObjectBase.h:512:17:[m[K [01;35m[Kwarning: [m[K‘[01m[K<unnamed>.pinocchio::SE3Tpl<double, 0>::trans.Eigen::Matrix<double, 3, 1, 0, 3, 1>::<unnamed>.Eigen::PlainObjectBase<Eigen::Matrix<double, 3, 1> >::m_storage[m[K’ may be used uninitialized [[01;35m[K-Wmaybe-uninitialized[m[K]
[45.801s]   512 |       : Base(), [01;35m[Km_storage(other.m_storage)[m[K { }
[45.801s]       |                 [01;35m[K^~~~~~~~~~~~~~~~~~~~~~~~~~[m[K
[45.801s] In file included from [01m[K/opt/ros/humble/include/pinocchio/multibody/joint/joint-generic.hpp:9[m[K,
[45.801s]                  from [01m[K/opt/ros/humble/include/pinocchio/multibody/model.hpp:17[m[K,
[45.801s]                  from [01m[K/opt/ros/humble/include/pinocchio/algorithm/kinematics.hpp:8[m[K,
[45.801s]                  from [01m[K/home/ros/docker_pronto_ws/src/robot/robot_model/include/robot_model/robot_model.hpp:3[m[K,
[45.802s]                  from [01m[K/home/ros/docker_pronto_ws/src/robot/robot_model/src/robot_model.cpp:1[m[K:
[45.802s] [01m[K/opt/ros/humble/include/pinocchio/multibody/joint/joint-composite.hpp:[m[K In member function ‘[01m[Kpinocchio::JointModelCompositeTpl<Scalar, Options, JointCollectionTpl>::JointDataDerived pinocchio::JointModelCompositeTpl<Scalar, Options, JointCollectionTpl>::createData() const [with _Scalar = double; int _Options = 0; JointCollectionTpl = pinocchio::JointCollectionDefaultTpl][m[K’:
[45.802s] [01m[K/opt/ros/humble/include/pinocchio/multibody/joint/joint-composite.hpp:92:27:[m[K [01;36m[Knote: [m[K‘[01m[K<anonymous>[m[K’ declared here
[45.802s]    92 |     : joints(joint_data), [01;36m[KiMlast(joint_data.size())[m[K, pjMi(joint_data.size())
[45.802s]       |                           [01;36m[K^~~~~~~~~~~~~~~~~~~~~~~~~[m[K
[45.802s] In file included from [01m[K/usr/include/eigen3/Eigen/Core:294[m[K,
[45.802s]                  from [01m[K/opt/ros/humble/include/pinocchio/utils/cast.hpp:8[m[K,
[45.802s]                  from [01m[K/opt/ros/humble/include/pinocchio/fwd.hpp:23[m[K,
[45.802s]                  from [01m[K/opt/ros/humble/include/pinocchio/spatial/fwd.hpp:9[m[K,
[45.802s]                  from [01m[K/opt/ros/humble/include/pinocchio/multibody/model.hpp:9[m[K,
[45.802s]                  from [01m[K/opt/ros/humble/include/pinocchio/algorithm/kinematics.hpp:8[m[K,
[45.802s]                  from [01m[K/home/ros/docker_pronto_ws/src/robot/robot_model/include/robot_model/robot_model.hpp:3[m[K,
[45.802s]                  from [01m[K/home/ros/docker_pronto_ws/src/robot/robot_model/src/robot_model.cpp:1[m[K:
[45.802s] In copy constructor ‘[01m[KEigen::PlainObjectBase<Derived>::PlainObjectBase(const Eigen::PlainObjectBase<Derived>&) [with Derived = Eigen::Matrix<double, 3, 3>][m[K’,
[45.802s]     inlined from ‘[01m[KEigen::Matrix<_Scalar, _Rows, _Cols, _Options, _MaxRows, _MaxCols>::Matrix(const Eigen::Matrix<_Scalar, _Rows, _Cols, _Options, _MaxRows, _MaxCols>&) [with _Scalar = double; int _Rows = 3; int _Cols = 3; int _Options = 0; int _MaxRows = 3; int _MaxCols = 3][m[K’ at [01m[K/usr/include/eigen3/Eigen/src/Core/Matrix.h:414:65[m[K,
[45.802s]     inlined from ‘[01m[Kpinocchio::SE3Tpl<double, 0>::SE3Tpl(const pinocchio::SE3Tpl<double, 0>&)[m[K’ at [01m[K/opt/ros/humble/include/pinocchio/spatial/se3-tpl.hpp:47:10[m[K,
[45.802s]     inlined from ‘[01m[Kvoid __gnu_cxx::new_allocator<_Tp>::construct(_Up*, _Args&& ...) [with _Up = pinocchio::SE3Tpl<double, 0>; _Args = {const pinocchio::SE3Tpl<double, 0>&}; _Tp = pinocchio::SE3Tpl<double, 0>][m[K’ at [01m[K/usr/include/c++/11/ext/new_allocator.h:162:4[m[K,
[45.802s]     inlined from ‘[01m[Kstatic constexpr std::_Require<typename std::allocator_traits< <template-parameter-1-1> >::__construct_helper<_Tp, _Args>::type> std::allocator_traits< <template-parameter-1-1> >::_S_construct(_Alloc&, _Tp*, _Args&& ...) [with _Tp = pinocchio::SE3Tpl<double, 0>; _Args = {const pinocchio::SE3Tpl<double, 0>&}; _Alloc = Eigen::aligned_allocator<pinocchio::SE3Tpl<double, 0> >][m[K’ at [01m[K/usr/include/c++/11/bits/alloc_traits.h:251:17[m[K,
[45.802s]     inlined from ‘[01m[Kstatic decltype (std::allocator_traits< <template-parameter-1-1> >::_S_construct(__a, __p, (forward<_Args>)(std::allocator_traits< <template-parameter-1-1> >::construct::__args)...)) std::allocator_traits< <template-parameter-1-1> >::construct(_Alloc&, _Tp*, _Args&& ...) [with _Tp = pinocchio::SE3Tpl<double, 0>; _Args = {const pinocchio::SE3Tpl<double, 0>&}; _Alloc = Eigen::aligned_allocator<pinocchio::SE3Tpl<double, 0> >][m[K’ at [01m[K/usr/include/c++/11/bits/alloc_traits.h:364:16[m[K,
[45.803s]     inlined from ‘[01m[K_ForwardIterator std::__uninitialized_fill_n_a(_ForwardIterator, _Size, const _Tp&, _Allocator&) [with _ForwardIterator = pinocchio::SE3Tpl<double, 0>*; _Size = long unsigned int; _Tp = pinocchio::SE3Tpl<double, 0>; _Allocator = Eigen::aligned_allocator<pinocchio::SE3Tpl<double, 0> >][m[K’ at [01m[K/usr/include/c++/11/bits/stl_uninitialized.h:395:25[m[K,
[45.803s]     inlined from ‘[01m[Kvoid std::vector<_Tp, _Alloc>::_M_fill_initialize(std::vector<_Tp, _Alloc>::size_type, const value_type&) [with _Tp = pinocchio::SE3Tpl<double, 0>; _Alloc = Eigen::aligned_allocator<pinocchio::SE3Tpl<double, 0> >][m[K’ at [01m[K/usr/include/c++/11/bits/stl_vector.h:1596:33[m[K,
[45.803s]     inlined from ‘[01m[Kstd::vector<_Tp, _Alloc>::vector(std::vector<_Tp, _Alloc>::size_type, const value_type&, const allocator_type&) [with _Tp = pinocchio::SE3Tpl<double, 0>; _Alloc = Eigen::aligned_allocator<pinocchio::SE3Tpl<double, 0> >][m[K’ at [01m[K/usr/include/c++/11/bits/stl_vector.h:525:27[m[K,
[45.803s]     inlined from ‘[01m[Kpinocchio::container::aligned_vector<T>::aligned_vector(pinocchio::container::aligned_vector<T>::size_type, const value_type&) [with T = pinocchio::SE3Tpl<double, 0>][m[K’ at [01m[K/opt/ros/humble/include/pinocchio/container/aligned-vector.hpp:43:29[m[K,
[45.803s]     inlined from ‘[01m[Kpinocchio::JointDataCompositeTpl<Scalar, Options, JointCollectionTpl>::JointDataCompositeTpl(const JointDataVector&, int, int) [with _Scalar = double; int _Options = 0; JointCollectionTpl = pinocchio::JointCollectionDefaultTpl][m[K’ at [01m[K/opt/ros/humble/include/pinocchio/multibody/joint/joint-composite.hpp:92:54[m[K,
[45.803s]     inlined from ‘[01m[Kpinocchio::JointModelCompositeTpl<Scalar, Options, JointCollectionTpl>::JointDataDerived pinocchio::JointModelCompositeTpl<Scalar, Options, JointCollectionTpl>::createData() const [with _Scalar = double; int _Options = 0; JointCollectionTpl = pinocchio::JointCollectionDefaultTpl][m[K’ at [01m[K/opt/ros/humble/include/pinocchio/multibody/joint/joint-composite.hpp:260:46[m[K:
[45.803s] [01m[K/usr/include/eigen3/Eigen/src/Core/PlainObjectBase.h:512:17:[m[K [01;35m[Kwarning: [m[K‘[01m[K*(const Eigen::PlainObjectBase<Eigen::Matrix<double, 3, 3, 0, 3, 3> >*)((char*)&<unnamed> + offsetof(pinocchio::value_type, pinocchio::SE3Tpl<double, 0>::<unnamed>)).Eigen::PlainObjectBase<Eigen::Matrix<double, 3, 3> >::m_storage[m[K’ may be used uninitialized [[01;35m[K-Wmaybe-uninitialized[m[K]
[45.803s]   512 |       : Base(), [01;35m[Km_storage(other.m_storage)[m[K { }
[45.803s]       |                 [01;35m[K^~~~~~~~~~~~~~~~~~~~~~~~~~[m[K
[45.803s] In file included from [01m[K/opt/ros/humble/include/pinocchio/multibody/joint/joint-generic.hpp:9[m[K,
[45.803s]                  from [01m[K/opt/ros/humble/include/pinocchio/multibody/model.hpp:17[m[K,
[45.803s]                  from [01m[K/opt/ros/humble/include/pinocchio/algorithm/kinematics.hpp:8[m[K,
[45.803s]                  from [01m[K/home/ros/docker_pronto_ws/src/robot/robot_model/include/robot_model/robot_model.hpp:3[m[K,
[45.803s]                  from [01m[K/home/ros/docker_pronto_ws/src/robot/robot_model/src/robot_model.cpp:1[m[K:
[45.803s] [01m[K/opt/ros/humble/include/pinocchio/multibody/joint/joint-composite.hpp:[m[K In member function ‘[01m[Kpinocchio::JointModelCompositeTpl<Scalar, Options, JointCollectionTpl>::JointDataDerived pinocchio::JointModelCompositeTpl<Scalar, Options, JointCollectionTpl>::createData() const [with _Scalar = double; int _Options = 0; JointCollectionTpl = pinocchio::JointCollectionDefaultTpl][m[K’:
[45.803s] [01m[K/opt/ros/humble/include/pinocchio/multibody/joint/joint-composite.hpp:92:54:[m[K [01;36m[Knote: [m[K‘[01m[K<anonymous>[m[K’ declared here
[45.803s]    92 |     : joints(joint_data), iMlast(joint_data.size()), [01;36m[KpjMi(joint_data.size())[m[K
[45.803s]       |                                                      [01;36m[K^~~~~~~~~~~~~~~~~~~~~~~[m[K
[45.803s] In file included from [01m[K/usr/include/eigen3/Eigen/Core:294[m[K,
[45.804s]                  from [01m[K/opt/ros/humble/include/pinocchio/utils/cast.hpp:8[m[K,
[45.804s]                  from [01m[K/opt/ros/humble/include/pinocchio/fwd.hpp:23[m[K,
[45.804s]                  from [01m[K/opt/ros/humble/include/pinocchio/spatial/fwd.hpp:9[m[K,
[45.804s]                  from [01m[K/opt/ros/humble/include/pinocchio/multibody/model.hpp:9[m[K,
[45.804s]                  from [01m[K/opt/ros/humble/include/pinocchio/algorithm/kinematics.hpp:8[m[K,
[45.804s]                  from [01m[K/home/ros/docker_pronto_ws/src/robot/robot_model/include/robot_model/robot_model.hpp:3[m[K,
[45.804s]                  from [01m[K/home/ros/docker_pronto_ws/src/robot/robot_model/src/robot_model.cpp:1[m[K:
[45.804s] In copy constructor ‘[01m[KEigen::PlainObjectBase<Derived>::PlainObjectBase(const Eigen::PlainObjectBase<Derived>&) [with Derived = Eigen::Matrix<double, 3, 1>][m[K’,
[45.804s]     inlined from ‘[01m[KEigen::Matrix<_Scalar, _Rows, _Cols, _Options, _MaxRows, _MaxCols>::Matrix(const Eigen::Matrix<_Scalar, _Rows, _Cols, _Options, _MaxRows, _MaxCols>&) [with _Scalar = double; int _Rows = 3; int _Cols = 1; int _Options = 0; int _MaxRows = 3; int _MaxCols = 1][m[K’ at [01m[K/usr/include/eigen3/Eigen/src/Core/Matrix.h:414:65[m[K,
[45.804s]     inlined from ‘[01m[Kpinocchio::SE3Tpl<double, 0>::SE3Tpl(const pinocchio::SE3Tpl<double, 0>&)[m[K’ at [01m[K/opt/ros/humble/include/pinocchio/spatial/se3-tpl.hpp:47:10[m[K,
[45.804s]     inlined from ‘[01m[Kvoid __gnu_cxx::new_allocator<_Tp>::construct(_Up*, _Args&& ...) [with _Up = pinocchio::SE3Tpl<double, 0>; _Args = {const pinocchio::SE3Tpl<double, 0>&}; _Tp = pinocchio::SE3Tpl<double, 0>][m[K’ at [01m[K/usr/include/c++/11/ext/new_allocator.h:162:4[m[K,
[45.804s]     inlined from ‘[01m[Kstatic constexpr std::_Require<typename std::allocator_traits< <template-parameter-1-1> >::__construct_helper<_Tp, _Args>::type> std::allocator_traits< <template-parameter-1-1> >::_S_construct(_Alloc&, _Tp*, _Args&& ...) [with _Tp = pinocchio::SE3Tpl<double, 0>; _Args = {const pinocchio::SE3Tpl<double, 0>&}; _Alloc = Eigen::aligned_allocator<pinocchio::SE3Tpl<double, 0> >][m[K’ at [01m[K/usr/include/c++/11/bits/alloc_traits.h:251:17[m[K,
[45.804s]     inlined from ‘[01m[Kstatic decltype (std::allocator_traits< <template-parameter-1-1> >::_S_construct(__a, __p, (forward<_Args>)(std::allocator_traits< <template-parameter-1-1> >::construct::__args)...)) std::allocator_traits< <template-parameter-1-1> >::construct(_Alloc&, _Tp*, _Args&& ...) [with _Tp = pinocchio::SE3Tpl<double, 0>; _Args = {const pinocchio::SE3Tpl<double, 0>&}; _Alloc = Eigen::aligned_allocator<pinocchio::SE3Tpl<double, 0> >][m[K’ at [01m[K/usr/include/c++/11/bits/alloc_traits.h:364:16[m[K,
[45.804s]     inlined from ‘[01m[K_ForwardIterator std::__uninitialized_fill_n_a(_ForwardIterator, _Size, const _Tp&, _Allocator&) [with _ForwardIterator = pinocchio::SE3Tpl<double, 0>*; _Size = long unsigned int; _Tp = pinocchio::SE3Tpl<double, 0>; _Allocator = Eigen::aligned_allocator<pinocchio::SE3Tpl<double, 0> >][m[K’ at [01m[K/usr/include/c++/11/bits/stl_uninitialized.h:395:25[m[K,
[45.804s]     inlined from ‘[01m[Kvoid std::vector<_Tp, _Alloc>::_M_fill_initialize(std::vector<_Tp, _Alloc>::size_type, const value_type&) [with _Tp = pinocchio::SE3Tpl<double, 0>; _Alloc = Eigen::aligned_allocator<pinocchio::SE3Tpl<double, 0> >][m[K’ at [01m[K/usr/include/c++/11/bits/stl_vector.h:1596:33[m[K,
[45.804s]     inlined from ‘[01m[Kstd::vector<_Tp, _Alloc>::vector(std::vector<_Tp, _Alloc>::size_type, const value_type&, const allocator_type&) [with _Tp = pinocchio::SE3Tpl<double, 0>; _Alloc = Eigen::aligned_allocator<pinocchio::SE3Tpl<double, 0> >][m[K’ at [01m[K/usr/include/c++/11/bits/stl_vector.h:525:27[m[K,
[45.804s]     inlined from ‘[01m[Kpinocchio::container::aligned_vector<T>::aligned_vector(pinocchio::container::aligned_vector<T>::size_type, const value_type&) [with T = pinocchio::SE3Tpl<double, 0>][m[K’ at [01m[K/opt/ros/humble/include/pinocchio/container/aligned-vector.hpp:43:29[m[K,
[45.804s]     inlined from ‘[01m[Kpinocchio::JointDataCompositeTpl<Scalar, Options, JointCollectionTpl>::JointDataCompositeTpl(const JointDataVector&, int, int) [with _Scalar = double; int _Options = 0; JointCollectionTpl = pinocchio::JointCollectionDefaultTpl][m[K’ at [01m[K/opt/ros/humble/include/pinocchio/multibody/joint/joint-composite.hpp:92:54[m[K,
[45.804s]     inlined from ‘[01m[Kpinocchio::JointModelCompositeTpl<Scalar, Options, JointCollectionTpl>::JointDataDerived pinocchio::JointModelCompositeTpl<Scalar, Options, JointCollectionTpl>::createData() const [with _Scalar = double; int _Options = 0; JointCollectionTpl = pinocchio::JointCollectionDefaultTpl][m[K’ at [01m[K/opt/ros/humble/include/pinocchio/multibody/joint/joint-composite.hpp:260:46[m[K:
[45.805s] [01m[K/usr/include/eigen3/Eigen/src/Core/PlainObjectBase.h:512:17:[m[K [01;35m[Kwarning: [m[K‘[01m[K<unnamed>.pinocchio::SE3Tpl<double, 0>::trans.Eigen::Matrix<double, 3, 1, 0, 3, 1>::<unnamed>.Eigen::PlainObjectBase<Eigen::Matrix<double, 3, 1> >::m_storage[m[K’ may be used uninitialized [[01;35m[K-Wmaybe-uninitialized[m[K]
[45.805s]   512 |       : Base(), [01;35m[Km_storage(other.m_storage)[m[K { }
[45.805s]       |                 [01;35m[K^~~~~~~~~~~~~~~~~~~~~~~~~~[m[K
[45.805s] In file included from [01m[K/opt/ros/humble/include/pinocchio/multibody/joint/joint-generic.hpp:9[m[K,
[45.805s]                  from [01m[K/opt/ros/humble/include/pinocchio/multibody/model.hpp:17[m[K,
[45.805s]                  from [01m[K/opt/ros/humble/include/pinocchio/algorithm/kinematics.hpp:8[m[K,
[45.805s]                  from [01m[K/home/ros/docker_pronto_ws/src/robot/robot_model/include/robot_model/robot_model.hpp:3[m[K,
[45.805s]                  from [01m[K/home/ros/docker_pronto_ws/src/robot/robot_model/src/robot_model.cpp:1[m[K:
[45.805s] [01m[K/opt/ros/humble/include/pinocchio/multibody/joint/joint-composite.hpp:[m[K In member function ‘[01m[Kpinocchio::JointModelCompositeTpl<Scalar, Options, JointCollectionTpl>::JointDataDerived pinocchio::JointModelCompositeTpl<Scalar, Options, JointCollectionTpl>::createData() const [with _Scalar = double; int _Options = 0; JointCollectionTpl = pinocchio::JointCollectionDefaultTpl][m[K’:
[45.805s] [01m[K/opt/ros/humble/include/pinocchio/multibody/joint/joint-composite.hpp:92:54:[m[K [01;36m[Knote: [m[K‘[01m[K<anonymous>[m[K’ declared here
[45.805s]    92 |     : joints(joint_data), iMlast(joint_data.size()), [01;36m[KpjMi(joint_data.size())[m[K
[45.805s]       |                                                      [01;36m[K^~~~~~~~~~~~~~~~~~~~~~~[m[K
[49.350s] [ 50%] [32m[1mLinking CXX shared library librobot_model.so[0m
[49.426s] [ 50%] Built target robot_model
[49.445s] [ 75%] [32mBuilding CXX object CMakeFiles/TestRobotModel.dir/test/test_robot_model.cpp.o[0m
[58.965s] [100%] [32m[1mLinking CXX executable TestRobotModel[0m
[59.033s] [100%] Built target TestRobotModel
[59.044s] Invoked command in '/home/ros/docker_pronto_ws/build/robot_model' returned '0': CMAKE_PREFIX_PATH=/home/ros/docker_pronto_ws/install/ryml:/home/ros/docker_pronto_ws/install/hqp_controller:/home/ros/docker_pronto_ws/install/whole_body_controller:/home/ros/docker_pronto_ws/install/teleoperate_robot:/home/ros/docker_pronto_ws/install/pronto_tuning:/home/ros/docker_pronto_ws/install/lip_walking_trot_planner:/home/ros/docker_pronto_ws/install/velocity_command_msgs:/home/ros/docker_pronto_ws/install/static_walk_planner:/home/ros/docker_pronto_ws/install/robot_gazebo:/home/ros/docker_pronto_ws/install/solo_description:/home/ros/docker_pronto_ws/install/robot_model:/home/ros/docker_pronto_ws/install/rviz_legged_plugins:/home/ros/docker_pronto_ws/install/rviz_legged_msgs:/home/ros/docker_pronto_ws/install/anymal_c_simple_description:/home/ros/docker_pronto_ws/install/robot_control:/home/ros/docker_pronto_ws/install/hierarchical_optimization:/home/ros/docker_pronto_ws/install/quadprog:/home/ros/docker_pronto_ws/install/pronto_ros2_controller:/home/ros/docker_pronto_ws/install/pronto_solo12:/home/ros/docker_pronto_ws/install/pronto_quadruped_ros:/home/ros/docker_pronto_ws/install/pronto_quadruped:/home/ros/docker_pronto_ws/install/pronto_utils:/home/ros/docker_pronto_ws/install/pronto_ros:/home/ros/docker_pronto_ws/install/pronto_quadruped_commons:/home/ros/docker_pronto_ws/install/pronto_msgs:/home/ros/docker_pronto_ws/install/pronto_core:/home/ros/docker_pronto_ws/install/pi3hat_moteus_int_msgs:/home/ros/docker_pronto_ws/install/generalized_pose_msgs:/opt/openrobots:/home/ros/docker_pronto_ws/install/planners_python:/home/ros/docker_pronto_ws/install/logger_gazebo:/home/ros/docker_pronto_ws/install/terrain_estimator:/home/ros/docker_pronto_ws/install/pose_estimator:/opt/ros/humble LD_LIBRARY_PATH=/home/ros/docker_pronto_ws/install/ryml/lib:/home/ros/docker_pronto_ws/install/hqp_controller/lib:/home/ros/docker_pronto_ws/install/whole_body_controller/lib:/home/ros/docker_pronto_ws/install/teleoperate_robot/lib:/home/ros/docker_pronto_ws/install/lip_walking_trot_planner/lib:/home/ros/docker_pronto_ws/install/velocity_command_msgs/lib:/home/ros/docker_pronto_ws/install/static_walk_planner/lib:/home/ros/docker_pronto_ws/install/robot_model/lib:/home/ros/docker_pronto_ws/install/rviz_legged_plugins/lib:/home/ros/docker_pronto_ws/install/rviz_legged_msgs/lib:/home/ros/docker_pronto_ws/install/hierarchical_optimization/lib:/home/ros/docker_pronto_ws/install/quadprog/lib:/home/ros/docker_pronto_ws/install/pronto_ros2_controller/lib:/home/ros/docker_pronto_ws/install/pronto_solo12/lib:/home/ros/docker_pronto_ws/install/pronto_quadruped_ros/lib:/home/ros/docker_pronto_ws/install/pronto_quadruped/lib:/home/ros/docker_pronto_ws/install/pronto_utils/lib:/home/ros/docker_pronto_ws/install/pronto_ros/lib:/home/ros/docker_pronto_ws/install/pronto_msgs/lib:/home/ros/docker_pronto_ws/install/pronto_core/lib:/home/ros/docker_pronto_ws/install/pi3hat_moteus_int_msgs/lib:/home/ros/docker_pronto_ws/install/generalized_pose_msgs/lib:/usr/lib/x86_64-linux-gnu/gazebo-11/plugins:/opt/ros/humble/opt/rviz_ogre_vendor/lib:/opt/ros/humble/lib/x86_64-linux-gnu:/opt/ros/humble/lib:/opt/openrobots/lib:/usr/share/gazebo/../../lib/x86_64-linux-gnu/gazebo-11/plugins /usr/bin/cmake --build /home/ros/docker_pronto_ws/build/robot_model -- -j16 -l16
[59.077s] Invoking command in '/home/ros/docker_pronto_ws/build/robot_model': CMAKE_PREFIX_PATH=/home/ros/docker_pronto_ws/install/ryml:/home/ros/docker_pronto_ws/install/hqp_controller:/home/ros/docker_pronto_ws/install/whole_body_controller:/home/ros/docker_pronto_ws/install/teleoperate_robot:/home/ros/docker_pronto_ws/install/pronto_tuning:/home/ros/docker_pronto_ws/install/lip_walking_trot_planner:/home/ros/docker_pronto_ws/install/velocity_command_msgs:/home/ros/docker_pronto_ws/install/static_walk_planner:/home/ros/docker_pronto_ws/install/robot_gazebo:/home/ros/docker_pronto_ws/install/solo_description:/home/ros/docker_pronto_ws/install/robot_model:/home/ros/docker_pronto_ws/install/rviz_legged_plugins:/home/ros/docker_pronto_ws/install/rviz_legged_msgs:/home/ros/docker_pronto_ws/install/anymal_c_simple_description:/home/ros/docker_pronto_ws/install/robot_control:/home/ros/docker_pronto_ws/install/hierarchical_optimization:/home/ros/docker_pronto_ws/install/quadprog:/home/ros/docker_pronto_ws/install/pronto_ros2_controller:/home/ros/docker_pronto_ws/install/pronto_solo12:/home/ros/docker_pronto_ws/install/pronto_quadruped_ros:/home/ros/docker_pronto_ws/install/pronto_quadruped:/home/ros/docker_pronto_ws/install/pronto_utils:/home/ros/docker_pronto_ws/install/pronto_ros:/home/ros/docker_pronto_ws/install/pronto_quadruped_commons:/home/ros/docker_pronto_ws/install/pronto_msgs:/home/ros/docker_pronto_ws/install/pronto_core:/home/ros/docker_pronto_ws/install/pi3hat_moteus_int_msgs:/home/ros/docker_pronto_ws/install/generalized_pose_msgs:/opt/openrobots:/home/ros/docker_pronto_ws/install/planners_python:/home/ros/docker_pronto_ws/install/logger_gazebo:/home/ros/docker_pronto_ws/install/terrain_estimator:/home/ros/docker_pronto_ws/install/pose_estimator:/opt/ros/humble LD_LIBRARY_PATH=/home/ros/docker_pronto_ws/install/ryml/lib:/home/ros/docker_pronto_ws/install/hqp_controller/lib:/home/ros/docker_pronto_ws/install/whole_body_controller/lib:/home/ros/docker_pronto_ws/install/teleoperate_robot/lib:/home/ros/docker_pronto_ws/install/lip_walking_trot_planner/lib:/home/ros/docker_pronto_ws/install/velocity_command_msgs/lib:/home/ros/docker_pronto_ws/install/static_walk_planner/lib:/home/ros/docker_pronto_ws/install/robot_model/lib:/home/ros/docker_pronto_ws/install/rviz_legged_plugins/lib:/home/ros/docker_pronto_ws/install/rviz_legged_msgs/lib:/home/ros/docker_pronto_ws/install/hierarchical_optimization/lib:/home/ros/docker_pronto_ws/install/quadprog/lib:/home/ros/docker_pronto_ws/install/pronto_ros2_controller/lib:/home/ros/docker_pronto_ws/install/pronto_solo12/lib:/home/ros/docker_pronto_ws/install/pronto_quadruped_ros/lib:/home/ros/docker_pronto_ws/install/pronto_quadruped/lib:/home/ros/docker_pronto_ws/install/pronto_utils/lib:/home/ros/docker_pronto_ws/install/pronto_ros/lib:/home/ros/docker_pronto_ws/install/pronto_msgs/lib:/home/ros/docker_pronto_ws/install/pronto_core/lib:/home/ros/docker_pronto_ws/install/pi3hat_moteus_int_msgs/lib:/home/ros/docker_pronto_ws/install/generalized_pose_msgs/lib:/usr/lib/x86_64-linux-gnu/gazebo-11/plugins:/opt/ros/humble/opt/rviz_ogre_vendor/lib:/opt/ros/humble/lib/x86_64-linux-gnu:/opt/ros/humble/lib:/opt/openrobots/lib:/usr/share/gazebo/../../lib/x86_64-linux-gnu/gazebo-11/plugins /usr/bin/cmake --install /home/ros/docker_pronto_ws/build/robot_model
[59.082s] -- Install configuration: "Release"
[59.083s] -- Execute custom install script
[59.083s] -- Symlinking: /home/ros/docker_pronto_ws/install/robot_model/share/robot_model/environment/library_path.sh
[59.089s] -- Symlinking: /home/ros/docker_pronto_ws/install/robot_model/share/robot_model/environment/library_path.dsv
[59.094s] -- Symlinking: /home/ros/docker_pronto_ws/install/robot_model/include/robot_model/robot_model/robot_model.hpp
[59.100s] -- Symlinking: /home/ros/docker_pronto_ws/install/robot_model/share/robot_model/robots/all_robots.yaml
[59.105s] -- Symlinking: /home/ros/docker_pronto_ws/install/robot_model/share/robot_model/environment/pythonpath.sh
[59.111s] -- Symlinking: /home/ros/docker_pronto_ws/install/robot_model/share/robot_model/environment/pythonpath.dsv
[59.117s] -- Symlinking: /home/ros/docker_pronto_ws/install/robot_model/local/lib/python3.10/dist-packages/robot_model-0.0.0-py3.10.egg-info/PKG-INFO
[59.122s] -- Symlinking: /home/ros/docker_pronto_ws/install/robot_model/local/lib/python3.10/dist-packages/robot_model-0.0.0-py3.10.egg-info/SOURCES.txt
[59.127s] -- Symlinking: /home/ros/docker_pronto_ws/install/robot_model/local/lib/python3.10/dist-packages/robot_model-0.0.0-py3.10.egg-info/dependency_links.txt
[59.133s] -- Symlinking: /home/ros/docker_pronto_ws/install/robot_model/local/lib/python3.10/dist-packages/robot_model-0.0.0-py3.10.egg-info/top_level.txt
[59.138s] -- Symlinking: /home/ros/docker_pronto_ws/install/robot_model/local/lib/python3.10/dist-packages/robot_model/__init__.py
[59.143s] -- Symlinking: /home/ros/docker_pronto_ws/install/robot_model/local/lib/python3.10/dist-packages/robot_model/robot_model.py
[59.149s] -- Symlinking: /home/ros/docker_pronto_ws/install/robot_model/share/ament_index/resource_index/package_run_dependencies/robot_model
[59.155s] -- Symlinking: /home/ros/docker_pronto_ws/install/robot_model/share/ament_index/resource_index/parent_prefix_path/robot_model
[59.160s] -- Symlinking: /home/ros/docker_pronto_ws/install/robot_model/share/robot_model/environment/ament_prefix_path.sh
[59.166s] -- Symlinking: /home/ros/docker_pronto_ws/install/robot_model/share/robot_model/environment/ament_prefix_path.dsv
[59.171s] -- Symlinking: /home/ros/docker_pronto_ws/install/robot_model/share/robot_model/environment/path.sh
[59.176s] -- Symlinking: /home/ros/docker_pronto_ws/install/robot_model/share/robot_model/environment/path.dsv
[59.181s] -- Symlinking: /home/ros/docker_pronto_ws/install/robot_model/share/robot_model/local_setup.bash
[59.187s] -- Symlinking: /home/ros/docker_pronto_ws/install/robot_model/share/robot_model/local_setup.sh
[59.192s] -- Symlinking: /home/ros/docker_pronto_ws/install/robot_model/share/robot_model/local_setup.zsh
[59.197s] -- Symlinking: /home/ros/docker_pronto_ws/install/robot_model/share/robot_model/local_setup.dsv
[59.202s] -- Symlinking: /home/ros/docker_pronto_ws/install/robot_model/share/robot_model/package.dsv
[59.209s] -- Symlinking: /home/ros/docker_pronto_ws/install/robot_model/share/ament_index/resource_index/packages/robot_model
[59.215s] -- Symlinking: /home/ros/docker_pronto_ws/install/robot_model/share/robot_model/cmake/ament_cmake_export_targets-extras.cmake
[59.220s] -- Symlinking: /home/ros/docker_pronto_ws/install/robot_model/share/robot_model/cmake/ament_cmake_export_dependencies-extras.cmake
[59.226s] -- Symlinking: /home/ros/docker_pronto_ws/install/robot_model/share/robot_model/cmake/robot_modelConfig.cmake
[59.231s] -- Symlinking: /home/ros/docker_pronto_ws/install/robot_model/share/robot_model/cmake/robot_modelConfig-version.cmake
[59.237s] -- Symlinking: /home/ros/docker_pronto_ws/install/robot_model/share/robot_model/package.xml
[59.243s] -- Installing: /home/ros/docker_pronto_ws/install/robot_model/lib/librobot_model.so
[59.243s] -- Set runtime path of "/home/ros/docker_pronto_ws/install/robot_model/lib/librobot_model.so" to ""
[59.275s] Listing '/home/ros/docker_pronto_ws/install/robot_model/local/lib/python3.10/dist-packages/robot_model'...
[59.275s] Compiling '/home/ros/docker_pronto_ws/install/robot_model/local/lib/python3.10/dist-packages/robot_model/__init__.py'...
[59.275s] Compiling '/home/ros/docker_pronto_ws/install/robot_model/local/lib/python3.10/dist-packages/robot_model/robot_model.py'...
[59.279s] -- Installing: /home/ros/docker_pronto_ws/install/robot_model/share/robot_model/cmake/robot_model_targetsExport.cmake
[59.279s] -- Installing: /home/ros/docker_pronto_ws/install/robot_model/share/robot_model/cmake/robot_model_targetsExport-release.cmake
[59.280s] Invoked command in '/home/ros/docker_pronto_ws/build/robot_model' returned '0': CMAKE_PREFIX_PATH=/home/ros/docker_pronto_ws/install/ryml:/home/ros/docker_pronto_ws/install/hqp_controller:/home/ros/docker_pronto_ws/install/whole_body_controller:/home/ros/docker_pronto_ws/install/teleoperate_robot:/home/ros/docker_pronto_ws/install/pronto_tuning:/home/ros/docker_pronto_ws/install/lip_walking_trot_planner:/home/ros/docker_pronto_ws/install/velocity_command_msgs:/home/ros/docker_pronto_ws/install/static_walk_planner:/home/ros/docker_pronto_ws/install/robot_gazebo:/home/ros/docker_pronto_ws/install/solo_description:/home/ros/docker_pronto_ws/install/robot_model:/home/ros/docker_pronto_ws/install/rviz_legged_plugins:/home/ros/docker_pronto_ws/install/rviz_legged_msgs:/home/ros/docker_pronto_ws/install/anymal_c_simple_description:/home/ros/docker_pronto_ws/install/robot_control:/home/ros/docker_pronto_ws/install/hierarchical_optimization:/home/ros/docker_pronto_ws/install/quadprog:/home/ros/docker_pronto_ws/install/pronto_ros2_controller:/home/ros/docker_pronto_ws/install/pronto_solo12:/home/ros/docker_pronto_ws/install/pronto_quadruped_ros:/home/ros/docker_pronto_ws/install/pronto_quadruped:/home/ros/docker_pronto_ws/install/pronto_utils:/home/ros/docker_pronto_ws/install/pronto_ros:/home/ros/docker_pronto_ws/install/pronto_quadruped_commons:/home/ros/docker_pronto_ws/install/pronto_msgs:/home/ros/docker_pronto_ws/install/pronto_core:/home/ros/docker_pronto_ws/install/pi3hat_moteus_int_msgs:/home/ros/docker_pronto_ws/install/generalized_pose_msgs:/opt/openrobots:/home/ros/docker_pronto_ws/install/planners_python:/home/ros/docker_pronto_ws/install/logger_gazebo:/home/ros/docker_pronto_ws/install/terrain_estimator:/home/ros/docker_pronto_ws/install/pose_estimator:/opt/ros/humble LD_LIBRARY_PATH=/home/ros/docker_pronto_ws/install/ryml/lib:/home/ros/docker_pronto_ws/install/hqp_controller/lib:/home/ros/docker_pronto_ws/install/whole_body_controller/lib:/home/ros/docker_pronto_ws/install/teleoperate_robot/lib:/home/ros/docker_pronto_ws/install/lip_walking_trot_planner/lib:/home/ros/docker_pronto_ws/install/velocity_command_msgs/lib:/home/ros/docker_pronto_ws/install/static_walk_planner/lib:/home/ros/docker_pronto_ws/install/robot_model/lib:/home/ros/docker_pronto_ws/install/rviz_legged_plugins/lib:/home/ros/docker_pronto_ws/install/rviz_legged_msgs/lib:/home/ros/docker_pronto_ws/install/hierarchical_optimization/lib:/home/ros/docker_pronto_ws/install/quadprog/lib:/home/ros/docker_pronto_ws/install/pronto_ros2_controller/lib:/home/ros/docker_pronto_ws/install/pronto_solo12/lib:/home/ros/docker_pronto_ws/install/pronto_quadruped_ros/lib:/home/ros/docker_pronto_ws/install/pronto_quadruped/lib:/home/ros/docker_pronto_ws/install/pronto_utils/lib:/home/ros/docker_pronto_ws/install/pronto_ros/lib:/home/ros/docker_pronto_ws/install/pronto_msgs/lib:/home/ros/docker_pronto_ws/install/pronto_core/lib:/home/ros/docker_pronto_ws/install/pi3hat_moteus_int_msgs/lib:/home/ros/docker_pronto_ws/install/generalized_pose_msgs/lib:/usr/lib/x86_64-linux-gnu/gazebo-11/plugins:/opt/ros/humble/opt/rviz_ogre_vendor/lib:/opt/ros/humble/lib/x86_64-linux-gnu:/opt/ros/humble/lib:/opt/openrobots/lib:/usr/share/gazebo/../../lib/x86_64-linux-gnu/gazebo-11/plugins /usr/bin/cmake --install /home/ros/docker_pronto_ws/build/robot_model
