[0/1] Re-running CMake...
-- Found ament_cmake: 0.9.8 (/home/anymalopc/MATLAB/sys/ros2/glnxa64/ros2/share/ament_cmake/cmake)
-- Found PythonInterp: /home/anymalopc/.matlab/R2023a/ros2/glnxa64/venv/bin/python3 (found suitable version "3.8.10", minimum required is "3") 
-- Using PYTHON_EXECUTABLE: /home/anymalopc/.matlab/R2023a/ros2/glnxa64/venv/bin/python3
-- Found ament_cmake_ros: 0.9.2 (/home/anymalopc/MATLAB/sys/ros2/glnxa64/ros2/share/ament_cmake_ros/cmake)
-- Found rosidl_typesupport_c: 1.0.2 (/home/anymalopc/MATLAB/sys/ros2/glnxa64/ros2/share/rosidl_typesupport_c/cmake)
-- Using all available rosidl_typesupport_c: rosidl_typesupport_fastrtps_c;rosidl_typesupport_introspection_c
-- Found rosidl_adapter: 1.2.1 (/home/anymalopc/MATLAB/sys/ros2/glnxa64/ros2/share/rosidl_adapter/cmake)
-- Found rosidl_typesupport_cpp: 1.0.2 (/home/anymalopc/MATLAB/sys/ros2/glnxa64/ros2/share/rosidl_typesupport_cpp/cmake)
-- Using all available rosidl_typesupport_cpp: rosidl_typesupport_fastrtps_cpp;rosidl_typesupport_introspection_cpp
-- Found rosidl_default_generators: 1.0.1 (/home/anymalopc/MATLAB/sys/ros2/glnxa64/ros2/share/rosidl_default_generators/cmake)
-- Found builtin_interfaces: 1.0.0 (/home/anymalopc/MATLAB/sys/ros2/glnxa64/ros2/share/builtin_interfaces/cmake)
-- Found class_loader: 2.0.2 (/home/anymalopc/MATLAB/sys/ros2/glnxa64/ros2/share/class_loader/cmake)
-- Found geometry_msgs: 2.0.4 (/home/anymalopc/MATLAB/sys/ros2/glnxa64/ros2/share/geometry_msgs/cmake)
-- Found rclcpp: 2.3.1 (/home/anymalopc/MATLAB/sys/ros2/glnxa64/ros2/share/rclcpp/cmake)
-- Found rmw_implementation_cmake: 1.0.3 (/home/anymalopc/MATLAB/sys/ros2/glnxa64/ros2/share/rmw_implementation_cmake/cmake)
-- Using RMW implementation 'rmw_fastrtps_cpp' as default
-- Found PythonInterp: /home/anymalopc/.matlab/R2023a/ros2/glnxa64/venv/bin/python3 (found version "3.8.10") 
-- Using all available rosidl_typesupport_c: rosidl_typesupport_fastrtps_c;rosidl_typesupport_introspection_c
-- Using all available rosidl_typesupport_cpp: rosidl_typesupport_fastrtps_cpp;rosidl_typesupport_introspection_cpp
-- Configuring done
-- Generating done
-- Build files have been written to: /home/anymalopc/docker_pronto_estimator/src/matlab_msg_gen/glnxa64/build/pronto_msgs
ninja: no work to do.
-- Install configuration: "Release"
-- Up-to-date: /home/anymalopc/docker_pronto_estimator/src/matlab_msg_gen/glnxa64/install/share/ament_index/resource_index/rosidl_interfaces/pronto_msgs
-- Up-to-date: /home/anymalopc/docker_pronto_estimator/src/matlab_msg_gen/glnxa64/install/include/pronto_msgs
-- Up-to-date: /home/anymalopc/docker_pronto_estimator/src/matlab_msg_gen/glnxa64/install/include/pronto_msgs/msg
-- Up-to-date: /home/anymalopc/docker_pronto_estimator/src/matlab_msg_gen/glnxa64/install/include/pronto_msgs/msg/rosidl_generator_c__visibility_control.h
-- Up-to-date: /home/anymalopc/docker_pronto_estimator/src/matlab_msg_gen/glnxa64/install/include/pronto_msgs/msg/biped_force_torque_sensors.h
-- Up-to-date: /home/anymalopc/docker_pronto_estimator/src/matlab_msg_gen/glnxa64/install/include/pronto_msgs/msg/joint_state_with_acceleration.h
-- Up-to-date: /home/anymalopc/docker_pronto_estimator/src/matlab_msg_gen/glnxa64/install/include/pronto_msgs/msg/visual_odometry_update.h
-- Up-to-date: /home/anymalopc/docker_pronto_estimator/src/matlab_msg_gen/glnxa64/install/include/pronto_msgs/msg/detail
-- Up-to-date: /home/anymalopc/docker_pronto_estimator/src/matlab_msg_gen/glnxa64/install/include/pronto_msgs/msg/detail/lidar_odometry_update__functions.h
-- Up-to-date: /home/anymalopc/docker_pronto_estimator/src/matlab_msg_gen/glnxa64/install/include/pronto_msgs/msg/detail/joint_state_with_acceleration__struct.h
-- Up-to-date: /home/anymalopc/docker_pronto_estimator/src/matlab_msg_gen/glnxa64/install/include/pronto_msgs/msg/detail/biped_force_torque_sensors__functions.h
-- Up-to-date: /home/anymalopc/docker_pronto_estimator/src/matlab_msg_gen/glnxa64/install/include/pronto_msgs/msg/detail/indexed_measurement__functions.h
-- Up-to-date: /home/anymalopc/docker_pronto_estimator/src/matlab_msg_gen/glnxa64/install/include/pronto_msgs/msg/detail/biped_force_torque_sensors__type_support.h
-- Up-to-date: /home/anymalopc/docker_pronto_estimator/src/matlab_msg_gen/glnxa64/install/include/pronto_msgs/msg/detail/quadruped_force_torque_sensors__struct.h
-- Up-to-date: /home/anymalopc/docker_pronto_estimator/src/matlab_msg_gen/glnxa64/install/include/pronto_msgs/msg/detail/gps_data__struct.h
-- Up-to-date: /home/anymalopc/docker_pronto_estimator/src/matlab_msg_gen/glnxa64/install/include/pronto_msgs/msg/detail/biped_force_torque_sensors__struct.h
-- Up-to-date: /home/anymalopc/docker_pronto_estimator/src/matlab_msg_gen/glnxa64/install/include/pronto_msgs/msg/detail/filter_state__functions.h
-- Up-to-date: /home/anymalopc/docker_pronto_estimator/src/matlab_msg_gen/glnxa64/install/include/pronto_msgs/msg/detail/filter_state__struct.h
-- Up-to-date: /home/anymalopc/docker_pronto_estimator/src/matlab_msg_gen/glnxa64/install/include/pronto_msgs/msg/detail/controller_foot_contact__functions.h
-- Up-to-date: /home/anymalopc/docker_pronto_estimator/src/matlab_msg_gen/glnxa64/install/include/pronto_msgs/msg/detail/quadruped_force_torque_sensors__functions.c
-- Up-to-date: /home/anymalopc/docker_pronto_estimator/src/matlab_msg_gen/glnxa64/install/include/pronto_msgs/msg/detail/gps_data__functions.c
-- Up-to-date: /home/anymalopc/docker_pronto_estimator/src/matlab_msg_gen/glnxa64/install/include/pronto_msgs/msg/detail/controller_foot_contact__functions.c
-- Up-to-date: /home/anymalopc/docker_pronto_estimator/src/matlab_msg_gen/glnxa64/install/include/pronto_msgs/msg/detail/visual_odometry_update__struct.h
-- Up-to-date: /home/anymalopc/docker_pronto_estimator/src/matlab_msg_gen/glnxa64/install/include/pronto_msgs/msg/detail/lidar_odometry_update__type_support.h
-- Up-to-date: /home/anymalopc/docker_pronto_estimator/src/matlab_msg_gen/glnxa64/install/include/pronto_msgs/msg/detail/lidar_odometry_update__functions.c
-- Up-to-date: /home/anymalopc/docker_pronto_estimator/src/matlab_msg_gen/glnxa64/install/include/pronto_msgs/msg/detail/quadruped_stance__type_support.h
-- Up-to-date: /home/anymalopc/docker_pronto_estimator/src/matlab_msg_gen/glnxa64/install/include/pronto_msgs/msg/detail/gps_data__functions.h
-- Up-to-date: /home/anymalopc/docker_pronto_estimator/src/matlab_msg_gen/glnxa64/install/include/pronto_msgs/msg/detail/controller_foot_contact__type_support.h
-- Up-to-date: /home/anymalopc/docker_pronto_estimator/src/matlab_msg_gen/glnxa64/install/include/pronto_msgs/msg/detail/velocity_with_sigma_bounds__type_support.h
-- Up-to-date: /home/anymalopc/docker_pronto_estimator/src/matlab_msg_gen/glnxa64/install/include/pronto_msgs/msg/detail/quadruped_force_torque_sensors__functions.h
-- Up-to-date: /home/anymalopc/docker_pronto_estimator/src/matlab_msg_gen/glnxa64/install/include/pronto_msgs/msg/detail/velocity_with_sigma_bounds__functions.c
-- Up-to-date: /home/anymalopc/docker_pronto_estimator/src/matlab_msg_gen/glnxa64/install/include/pronto_msgs/msg/detail/visual_odometry_update__functions.h
-- Up-to-date: /home/anymalopc/docker_pronto_estimator/src/matlab_msg_gen/glnxa64/install/include/pronto_msgs/msg/detail/indexed_measurement__type_support.h
-- Up-to-date: /home/anymalopc/docker_pronto_estimator/src/matlab_msg_gen/glnxa64/install/include/pronto_msgs/msg/detail/quadruped_stance__functions.c
-- Up-to-date: /home/anymalopc/docker_pronto_estimator/src/matlab_msg_gen/glnxa64/install/include/pronto_msgs/msg/detail/filter_state__type_support.h
-- Up-to-date: /home/anymalopc/docker_pronto_estimator/src/matlab_msg_gen/glnxa64/install/include/pronto_msgs/msg/detail/biped_force_torque_sensors__functions.c
-- Up-to-date: /home/anymalopc/docker_pronto_estimator/src/matlab_msg_gen/glnxa64/install/include/pronto_msgs/msg/detail/joint_state_with_acceleration__functions.h
-- Up-to-date: /home/anymalopc/docker_pronto_estimator/src/matlab_msg_gen/glnxa64/install/include/pronto_msgs/msg/detail/filter_state__functions.c
-- Up-to-date: /home/anymalopc/docker_pronto_estimator/src/matlab_msg_gen/glnxa64/install/include/pronto_msgs/msg/detail/indexed_measurement__struct.h
-- Up-to-date: /home/anymalopc/docker_pronto_estimator/src/matlab_msg_gen/glnxa64/install/include/pronto_msgs/msg/detail/controller_foot_contact__struct.h
-- Up-to-date: /home/anymalopc/docker_pronto_estimator/src/matlab_msg_gen/glnxa64/install/include/pronto_msgs/msg/detail/indexed_measurement__functions.c
-- Up-to-date: /home/anymalopc/docker_pronto_estimator/src/matlab_msg_gen/glnxa64/install/include/pronto_msgs/msg/detail/velocity_with_sigma_bounds__struct.h
-- Up-to-date: /home/anymalopc/docker_pronto_estimator/src/matlab_msg_gen/glnxa64/install/include/pronto_msgs/msg/detail/lidar_odometry_update__struct.h
-- Up-to-date: /home/anymalopc/docker_pronto_estimator/src/matlab_msg_gen/glnxa64/install/include/pronto_msgs/msg/detail/velocity_with_sigma_bounds__functions.h
-- Up-to-date: /home/anymalopc/docker_pronto_estimator/src/matlab_msg_gen/glnxa64/install/include/pronto_msgs/msg/detail/joint_state_with_acceleration__type_support.h
-- Up-to-date: /home/anymalopc/docker_pronto_estimator/src/matlab_msg_gen/glnxa64/install/include/pronto_msgs/msg/detail/quadruped_force_torque_sensors__type_support.h
-- Up-to-date: /home/anymalopc/docker_pronto_estimator/src/matlab_msg_gen/glnxa64/install/include/pronto_msgs/msg/detail/gps_data__type_support.h
-- Up-to-date: /home/anymalopc/docker_pronto_estimator/src/matlab_msg_gen/glnxa64/install/include/pronto_msgs/msg/detail/visual_odometry_update__type_support.h
-- Up-to-date: /home/anymalopc/docker_pronto_estimator/src/matlab_msg_gen/glnxa64/install/include/pronto_msgs/msg/detail/joint_state_with_acceleration__functions.c
-- Up-to-date: /home/anymalopc/docker_pronto_estimator/src/matlab_msg_gen/glnxa64/install/include/pronto_msgs/msg/detail/visual_odometry_update__functions.c
-- Up-to-date: /home/anymalopc/docker_pronto_estimator/src/matlab_msg_gen/glnxa64/install/include/pronto_msgs/msg/detail/quadruped_stance__struct.h
-- Up-to-date: /home/anymalopc/docker_pronto_estimator/src/matlab_msg_gen/glnxa64/install/include/pronto_msgs/msg/detail/quadruped_stance__functions.h
-- Up-to-date: /home/anymalopc/docker_pronto_estimator/src/matlab_msg_gen/glnxa64/install/include/pronto_msgs/msg/controller_foot_contact.h
-- Up-to-date: /home/anymalopc/docker_pronto_estimator/src/matlab_msg_gen/glnxa64/install/include/pronto_msgs/msg/quadruped_force_torque_sensors.h
-- Up-to-date: /home/anymalopc/docker_pronto_estimator/src/matlab_msg_gen/glnxa64/install/include/pronto_msgs/msg/indexed_measurement.h
-- Up-to-date: /home/anymalopc/docker_pronto_estimator/src/matlab_msg_gen/glnxa64/install/include/pronto_msgs/msg/filter_state.h
-- Up-to-date: /home/anymalopc/docker_pronto_estimator/src/matlab_msg_gen/glnxa64/install/include/pronto_msgs/msg/gps_data.h
-- Up-to-date: /home/anymalopc/docker_pronto_estimator/src/matlab_msg_gen/glnxa64/install/include/pronto_msgs/msg/quadruped_stance.h
-- Up-to-date: /home/anymalopc/docker_pronto_estimator/src/matlab_msg_gen/glnxa64/install/include/pronto_msgs/msg/lidar_odometry_update.h
-- Up-to-date: /home/anymalopc/docker_pronto_estimator/src/matlab_msg_gen/glnxa64/install/include/pronto_msgs/msg/velocity_with_sigma_bounds.h
-- Up-to-date: /home/anymalopc/docker_pronto_estimator/src/matlab_msg_gen/glnxa64/install/share/pronto_msgs/environment/library_path.sh
-- Installing: /home/anymalopc/docker_pronto_estimator/src/matlab_msg_gen/glnxa64/install/share/pronto_msgs/environment/library_path.dsv
-- Up-to-date: /home/anymalopc/docker_pronto_estimator/src/matlab_msg_gen/glnxa64/install/lib/libpronto_msgs__rosidl_generator_c.so
-- Up-to-date: /home/anymalopc/docker_pronto_estimator/src/matlab_msg_gen/glnxa64/install/include/pronto_msgs
-- Up-to-date: /home/anymalopc/docker_pronto_estimator/src/matlab_msg_gen/glnxa64/install/include/pronto_msgs/msg
-- Up-to-date: /home/anymalopc/docker_pronto_estimator/src/matlab_msg_gen/glnxa64/install/include/pronto_msgs/msg/detail
-- Up-to-date: /home/anymalopc/docker_pronto_estimator/src/matlab_msg_gen/glnxa64/install/include/pronto_msgs/msg/detail/indexed_measurement__rosidl_typesupport_fastrtps_c.h
-- Up-to-date: /home/anymalopc/docker_pronto_estimator/src/matlab_msg_gen/glnxa64/install/include/pronto_msgs/msg/detail/visual_odometry_update__rosidl_typesupport_fastrtps_c.h
-- Up-to-date: /home/anymalopc/docker_pronto_estimator/src/matlab_msg_gen/glnxa64/install/include/pronto_msgs/msg/detail/controller_foot_contact__rosidl_typesupport_fastrtps_c.h
-- Up-to-date: /home/anymalopc/docker_pronto_estimator/src/matlab_msg_gen/glnxa64/install/include/pronto_msgs/msg/detail/filter_state__rosidl_typesupport_fastrtps_c.h
-- Up-to-date: /home/anymalopc/docker_pronto_estimator/src/matlab_msg_gen/glnxa64/install/include/pronto_msgs/msg/detail/quadruped_force_torque_sensors__rosidl_typesupport_fastrtps_c.h
-- Up-to-date: /home/anymalopc/docker_pronto_estimator/src/matlab_msg_gen/glnxa64/install/include/pronto_msgs/msg/detail/velocity_with_sigma_bounds__rosidl_typesupport_fastrtps_c.h
-- Up-to-date: /home/anymalopc/docker_pronto_estimator/src/matlab_msg_gen/glnxa64/install/include/pronto_msgs/msg/detail/biped_force_torque_sensors__rosidl_typesupport_fastrtps_c.h
-- Up-to-date: /home/anymalopc/docker_pronto_estimator/src/matlab_msg_gen/glnxa64/install/include/pronto_msgs/msg/detail/gps_data__rosidl_typesupport_fastrtps_c.h
-- Up-to-date: /home/anymalopc/docker_pronto_estimator/src/matlab_msg_gen/glnxa64/install/include/pronto_msgs/msg/detail/joint_state_with_acceleration__rosidl_typesupport_fastrtps_c.h
-- Up-to-date: /home/anymalopc/docker_pronto_estimator/src/matlab_msg_gen/glnxa64/install/include/pronto_msgs/msg/detail/quadruped_stance__rosidl_typesupport_fastrtps_c.h
-- Up-to-date: /home/anymalopc/docker_pronto_estimator/src/matlab_msg_gen/glnxa64/install/include/pronto_msgs/msg/detail/lidar_odometry_update__rosidl_typesupport_fastrtps_c.h
-- Up-to-date: /home/anymalopc/docker_pronto_estimator/src/matlab_msg_gen/glnxa64/install/include/pronto_msgs/msg/rosidl_typesupport_fastrtps_c__visibility_control.h
-- Up-to-date: /home/anymalopc/docker_pronto_estimator/src/matlab_msg_gen/glnxa64/install/lib/libpronto_msgs__rosidl_typesupport_fastrtps_c.so
-- Up-to-date: /home/anymalopc/docker_pronto_estimator/src/matlab_msg_gen/glnxa64/install/include/pronto_msgs
-- Up-to-date: /home/anymalopc/docker_pronto_estimator/src/matlab_msg_gen/glnxa64/install/include/pronto_msgs/msg
-- Up-to-date: /home/anymalopc/docker_pronto_estimator/src/matlab_msg_gen/glnxa64/install/include/pronto_msgs/msg/detail
-- Up-to-date: /home/anymalopc/docker_pronto_estimator/src/matlab_msg_gen/glnxa64/install/include/pronto_msgs/msg/detail/dds_fastrtps
-- Up-to-date: /home/anymalopc/docker_pronto_estimator/src/matlab_msg_gen/glnxa64/install/include/pronto_msgs/msg/detail/quadruped_stance__rosidl_typesupport_fastrtps_cpp.hpp
-- Up-to-date: /home/anymalopc/docker_pronto_estimator/src/matlab_msg_gen/glnxa64/install/include/pronto_msgs/msg/detail/gps_data__rosidl_typesupport_fastrtps_cpp.hpp
-- Up-to-date: /home/anymalopc/docker_pronto_estimator/src/matlab_msg_gen/glnxa64/install/include/pronto_msgs/msg/detail/lidar_odometry_update__rosidl_typesupport_fastrtps_cpp.hpp
-- Up-to-date: /home/anymalopc/docker_pronto_estimator/src/matlab_msg_gen/glnxa64/install/include/pronto_msgs/msg/detail/indexed_measurement__rosidl_typesupport_fastrtps_cpp.hpp
-- Up-to-date: /home/anymalopc/docker_pronto_estimator/src/matlab_msg_gen/glnxa64/install/include/pronto_msgs/msg/detail/controller_foot_contact__rosidl_typesupport_fastrtps_cpp.hpp
-- Up-to-date: /home/anymalopc/docker_pronto_estimator/src/matlab_msg_gen/glnxa64/install/include/pronto_msgs/msg/detail/joint_state_with_acceleration__rosidl_typesupport_fastrtps_cpp.hpp
-- Up-to-date: /home/anymalopc/docker_pronto_estimator/src/matlab_msg_gen/glnxa64/install/include/pronto_msgs/msg/detail/filter_state__rosidl_typesupport_fastrtps_cpp.hpp
-- Up-to-date: /home/anymalopc/docker_pronto_estimator/src/matlab_msg_gen/glnxa64/install/include/pronto_msgs/msg/detail/quadruped_force_torque_sensors__rosidl_typesupport_fastrtps_cpp.hpp
-- Up-to-date: /home/anymalopc/docker_pronto_estimator/src/matlab_msg_gen/glnxa64/install/include/pronto_msgs/msg/detail/visual_odometry_update__rosidl_typesupport_fastrtps_cpp.hpp
-- Up-to-date: /home/anymalopc/docker_pronto_estimator/src/matlab_msg_gen/glnxa64/install/include/pronto_msgs/msg/detail/velocity_with_sigma_bounds__rosidl_typesupport_fastrtps_cpp.hpp
-- Up-to-date: /home/anymalopc/docker_pronto_estimator/src/matlab_msg_gen/glnxa64/install/include/pronto_msgs/msg/detail/biped_force_torque_sensors__rosidl_typesupport_fastrtps_cpp.hpp
-- Up-to-date: /home/anymalopc/docker_pronto_estimator/src/matlab_msg_gen/glnxa64/install/include/pronto_msgs/msg/rosidl_typesupport_fastrtps_cpp__visibility_control.h
-- Up-to-date: /home/anymalopc/docker_pronto_estimator/src/matlab_msg_gen/glnxa64/install/lib/libpronto_msgs__rosidl_typesupport_fastrtps_cpp.so
-- Up-to-date: /home/anymalopc/docker_pronto_estimator/src/matlab_msg_gen/glnxa64/install/include/pronto_msgs
-- Up-to-date: /home/anymalopc/docker_pronto_estimator/src/matlab_msg_gen/glnxa64/install/include/pronto_msgs/msg
-- Up-to-date: /home/anymalopc/docker_pronto_estimator/src/matlab_msg_gen/glnxa64/install/include/pronto_msgs/msg/detail
-- Up-to-date: /home/anymalopc/docker_pronto_estimator/src/matlab_msg_gen/glnxa64/install/include/pronto_msgs/msg/detail/quadruped_stance__rosidl_typesupport_introspection_c.h
-- Up-to-date: /home/anymalopc/docker_pronto_estimator/src/matlab_msg_gen/glnxa64/install/include/pronto_msgs/msg/detail/filter_state__type_support.c
-- Up-to-date: /home/anymalopc/docker_pronto_estimator/src/matlab_msg_gen/glnxa64/install/include/pronto_msgs/msg/detail/biped_force_torque_sensors__type_support.c
-- Up-to-date: /home/anymalopc/docker_pronto_estimator/src/matlab_msg_gen/glnxa64/install/include/pronto_msgs/msg/detail/quadruped_stance__type_support.c
-- Up-to-date: /home/anymalopc/docker_pronto_estimator/src/matlab_msg_gen/glnxa64/install/include/pronto_msgs/msg/detail/controller_foot_contact__rosidl_typesupport_introspection_c.h
-- Up-to-date: /home/anymalopc/docker_pronto_estimator/src/matlab_msg_gen/glnxa64/install/include/pronto_msgs/msg/detail/joint_state_with_acceleration__type_support.c
-- Up-to-date: /home/anymalopc/docker_pronto_estimator/src/matlab_msg_gen/glnxa64/install/include/pronto_msgs/msg/detail/joint_state_with_acceleration__rosidl_typesupport_introspection_c.h
-- Up-to-date: /home/anymalopc/docker_pronto_estimator/src/matlab_msg_gen/glnxa64/install/include/pronto_msgs/msg/detail/indexed_measurement__rosidl_typesupport_introspection_c.h
-- Up-to-date: /home/anymalopc/docker_pronto_estimator/src/matlab_msg_gen/glnxa64/install/include/pronto_msgs/msg/detail/controller_foot_contact__type_support.c
-- Up-to-date: /home/anymalopc/docker_pronto_estimator/src/matlab_msg_gen/glnxa64/install/include/pronto_msgs/msg/detail/visual_odometry_update__rosidl_typesupport_introspection_c.h
-- Up-to-date: /home/anymalopc/docker_pronto_estimator/src/matlab_msg_gen/glnxa64/install/include/pronto_msgs/msg/detail/quadruped_force_torque_sensors__type_support.c
-- Up-to-date: /home/anymalopc/docker_pronto_estimator/src/matlab_msg_gen/glnxa64/install/include/pronto_msgs/msg/detail/indexed_measurement__type_support.c
-- Up-to-date: /home/anymalopc/docker_pronto_estimator/src/matlab_msg_gen/glnxa64/install/include/pronto_msgs/msg/detail/lidar_odometry_update__rosidl_typesupport_introspection_c.h
-- Up-to-date: /home/anymalopc/docker_pronto_estimator/src/matlab_msg_gen/glnxa64/install/include/pronto_msgs/msg/detail/lidar_odometry_update__type_support.c
-- Up-to-date: /home/anymalopc/docker_pronto_estimator/src/matlab_msg_gen/glnxa64/install/include/pronto_msgs/msg/detail/biped_force_torque_sensors__rosidl_typesupport_introspection_c.h
-- Up-to-date: /home/anymalopc/docker_pronto_estimator/src/matlab_msg_gen/glnxa64/install/include/pronto_msgs/msg/detail/quadruped_force_torque_sensors__rosidl_typesupport_introspection_c.h
-- Up-to-date: /home/anymalopc/docker_pronto_estimator/src/matlab_msg_gen/glnxa64/install/include/pronto_msgs/msg/detail/gps_data__rosidl_typesupport_introspection_c.h
-- Up-to-date: /home/anymalopc/docker_pronto_estimator/src/matlab_msg_gen/glnxa64/install/include/pronto_msgs/msg/detail/visual_odometry_update__type_support.c
-- Up-to-date: /home/anymalopc/docker_pronto_estimator/src/matlab_msg_gen/glnxa64/install/include/pronto_msgs/msg/detail/gps_data__type_support.c
-- Up-to-date: /home/anymalopc/docker_pronto_estimator/src/matlab_msg_gen/glnxa64/install/include/pronto_msgs/msg/detail/velocity_with_sigma_bounds__type_support.c
-- Up-to-date: /home/anymalopc/docker_pronto_estimator/src/matlab_msg_gen/glnxa64/install/include/pronto_msgs/msg/detail/filter_state__rosidl_typesupport_introspection_c.h
-- Up-to-date: /home/anymalopc/docker_pronto_estimator/src/matlab_msg_gen/glnxa64/install/include/pronto_msgs/msg/detail/velocity_with_sigma_bounds__rosidl_typesupport_introspection_c.h
-- Up-to-date: /home/anymalopc/docker_pronto_estimator/src/matlab_msg_gen/glnxa64/install/include/pronto_msgs/msg/rosidl_typesupport_introspection_c__visibility_control.h
-- Up-to-date: /home/anymalopc/docker_pronto_estimator/src/matlab_msg_gen/glnxa64/install/lib/libpronto_msgs__rosidl_typesupport_introspection_c.so
-- Up-to-date: /home/anymalopc/docker_pronto_estimator/src/matlab_msg_gen/glnxa64/install/lib/libpronto_msgs__rosidl_typesupport_c.so
-- Up-to-date: /home/anymalopc/docker_pronto_estimator/src/matlab_msg_gen/glnxa64/install/include/pronto_msgs
-- Up-to-date: /home/anymalopc/docker_pronto_estimator/src/matlab_msg_gen/glnxa64/install/include/pronto_msgs/msg
-- Up-to-date: /home/anymalopc/docker_pronto_estimator/src/matlab_msg_gen/glnxa64/install/include/pronto_msgs/msg/biped_force_torque_sensors.hpp
-- Up-to-date: /home/anymalopc/docker_pronto_estimator/src/matlab_msg_gen/glnxa64/install/include/pronto_msgs/msg/quadruped_stance.hpp
-- Up-to-date: /home/anymalopc/docker_pronto_estimator/src/matlab_msg_gen/glnxa64/install/include/pronto_msgs/msg/detail
-- Up-to-date: /home/anymalopc/docker_pronto_estimator/src/matlab_msg_gen/glnxa64/install/include/pronto_msgs/msg/detail/filter_state__builder.hpp
-- Up-to-date: /home/anymalopc/docker_pronto_estimator/src/matlab_msg_gen/glnxa64/install/include/pronto_msgs/msg/detail/quadruped_stance__builder.hpp
-- Up-to-date: /home/anymalopc/docker_pronto_estimator/src/matlab_msg_gen/glnxa64/install/include/pronto_msgs/msg/detail/gps_data__traits.hpp
-- Up-to-date: /home/anymalopc/docker_pronto_estimator/src/matlab_msg_gen/glnxa64/install/include/pronto_msgs/msg/detail/biped_force_torque_sensors__struct.hpp
-- Up-to-date: /home/anymalopc/docker_pronto_estimator/src/matlab_msg_gen/glnxa64/install/include/pronto_msgs/msg/detail/filter_state__traits.hpp
-- Up-to-date: /home/anymalopc/docker_pronto_estimator/src/matlab_msg_gen/glnxa64/install/include/pronto_msgs/msg/detail/biped_force_torque_sensors__builder.hpp
-- Up-to-date: /home/anymalopc/docker_pronto_estimator/src/matlab_msg_gen/glnxa64/install/include/pronto_msgs/msg/detail/visual_odometry_update__struct.hpp
-- Up-to-date: /home/anymalopc/docker_pronto_estimator/src/matlab_msg_gen/glnxa64/install/include/pronto_msgs/msg/detail/lidar_odometry_update__struct.hpp
-- Up-to-date: /home/anymalopc/docker_pronto_estimator/src/matlab_msg_gen/glnxa64/install/include/pronto_msgs/msg/detail/lidar_odometry_update__builder.hpp
-- Up-to-date: /home/anymalopc/docker_pronto_estimator/src/matlab_msg_gen/glnxa64/install/include/pronto_msgs/msg/detail/controller_foot_contact__struct.hpp
-- Up-to-date: /home/anymalopc/docker_pronto_estimator/src/matlab_msg_gen/glnxa64/install/include/pronto_msgs/msg/detail/indexed_measurement__struct.hpp
-- Up-to-date: /home/anymalopc/docker_pronto_estimator/src/matlab_msg_gen/glnxa64/install/include/pronto_msgs/msg/detail/controller_foot_contact__builder.hpp
-- Up-to-date: /home/anymalopc/docker_pronto_estimator/src/matlab_msg_gen/glnxa64/install/include/pronto_msgs/msg/detail/quadruped_force_torque_sensors__struct.hpp
-- Up-to-date: /home/anymalopc/docker_pronto_estimator/src/matlab_msg_gen/glnxa64/install/include/pronto_msgs/msg/detail/quadruped_stance__struct.hpp
-- Up-to-date: /home/anymalopc/docker_pronto_estimator/src/matlab_msg_gen/glnxa64/install/include/pronto_msgs/msg/detail/quadruped_force_torque_sensors__builder.hpp
-- Up-to-date: /home/anymalopc/docker_pronto_estimator/src/matlab_msg_gen/glnxa64/install/include/pronto_msgs/msg/detail/quadruped_stance__traits.hpp
-- Up-to-date: /home/anymalopc/docker_pronto_estimator/src/matlab_msg_gen/glnxa64/install/include/pronto_msgs/msg/detail/joint_state_with_acceleration__builder.hpp
-- Up-to-date: /home/anymalopc/docker_pronto_estimator/src/matlab_msg_gen/glnxa64/install/include/pronto_msgs/msg/detail/gps_data__struct.hpp
-- Up-to-date: /home/anymalopc/docker_pronto_estimator/src/matlab_msg_gen/glnxa64/install/include/pronto_msgs/msg/detail/gps_data__builder.hpp
-- Up-to-date: /home/anymalopc/docker_pronto_estimator/src/matlab_msg_gen/glnxa64/install/include/pronto_msgs/msg/detail/lidar_odometry_update__traits.hpp
-- Up-to-date: /home/anymalopc/docker_pronto_estimator/src/matlab_msg_gen/glnxa64/install/include/pronto_msgs/msg/detail/joint_state_with_acceleration__struct.hpp
-- Up-to-date: /home/anymalopc/docker_pronto_estimator/src/matlab_msg_gen/glnxa64/install/include/pronto_msgs/msg/detail/indexed_measurement__builder.hpp
-- Up-to-date: /home/anymalopc/docker_pronto_estimator/src/matlab_msg_gen/glnxa64/install/include/pronto_msgs/msg/detail/velocity_with_sigma_bounds__builder.hpp
-- Up-to-date: /home/anymalopc/docker_pronto_estimator/src/matlab_msg_gen/glnxa64/install/include/pronto_msgs/msg/detail/visual_odometry_update__builder.hpp
-- Up-to-date: /home/anymalopc/docker_pronto_estimator/src/matlab_msg_gen/glnxa64/install/include/pronto_msgs/msg/detail/velocity_with_sigma_bounds__struct.hpp
-- Up-to-date: /home/anymalopc/docker_pronto_estimator/src/matlab_msg_gen/glnxa64/install/include/pronto_msgs/msg/detail/velocity_with_sigma_bounds__traits.hpp
-- Up-to-date: /home/anymalopc/docker_pronto_estimator/src/matlab_msg_gen/glnxa64/install/include/pronto_msgs/msg/detail/quadruped_force_torque_sensors__traits.hpp
-- Up-to-date: /home/anymalopc/docker_pronto_estimator/src/matlab_msg_gen/glnxa64/install/include/pronto_msgs/msg/detail/joint_state_with_acceleration__traits.hpp
-- Up-to-date: /home/anymalopc/docker_pronto_estimator/src/matlab_msg_gen/glnxa64/install/include/pronto_msgs/msg/detail/filter_state__struct.hpp
-- Up-to-date: /home/anymalopc/docker_pronto_estimator/src/matlab_msg_gen/glnxa64/install/include/pronto_msgs/msg/detail/indexed_measurement__traits.hpp
-- Up-to-date: /home/anymalopc/docker_pronto_estimator/src/matlab_msg_gen/glnxa64/install/include/pronto_msgs/msg/detail/visual_odometry_update__traits.hpp
-- Up-to-date: /home/anymalopc/docker_pronto_estimator/src/matlab_msg_gen/glnxa64/install/include/pronto_msgs/msg/detail/controller_foot_contact__traits.hpp
-- Up-to-date: /home/anymalopc/docker_pronto_estimator/src/matlab_msg_gen/glnxa64/install/include/pronto_msgs/msg/detail/biped_force_torque_sensors__traits.hpp
-- Up-to-date: /home/anymalopc/docker_pronto_estimator/src/matlab_msg_gen/glnxa64/install/include/pronto_msgs/msg/quadruped_force_torque_sensors.hpp
-- Up-to-date: /home/anymalopc/docker_pronto_estimator/src/matlab_msg_gen/glnxa64/install/include/pronto_msgs/msg/velocity_with_sigma_bounds.hpp
-- Up-to-date: /home/anymalopc/docker_pronto_estimator/src/matlab_msg_gen/glnxa64/install/include/pronto_msgs/msg/lidar_odometry_update.hpp
-- Up-to-date: /home/anymalopc/docker_pronto_estimator/src/matlab_msg_gen/glnxa64/install/include/pronto_msgs/msg/joint_state_with_acceleration.hpp
-- Up-to-date: /home/anymalopc/docker_pronto_estimator/src/matlab_msg_gen/glnxa64/install/include/pronto_msgs/msg/visual_odometry_update.hpp
-- Up-to-date: /home/anymalopc/docker_pronto_estimator/src/matlab_msg_gen/glnxa64/install/include/pronto_msgs/msg/gps_data.hpp
-- Up-to-date: /home/anymalopc/docker_pronto_estimator/src/matlab_msg_gen/glnxa64/install/include/pronto_msgs/msg/filter_state.hpp
-- Up-to-date: /home/anymalopc/docker_pronto_estimator/src/matlab_msg_gen/glnxa64/install/include/pronto_msgs/msg/controller_foot_contact.hpp
-- Up-to-date: /home/anymalopc/docker_pronto_estimator/src/matlab_msg_gen/glnxa64/install/include/pronto_msgs/msg/indexed_measurement.hpp
-- Up-to-date: /home/anymalopc/docker_pronto_estimator/src/matlab_msg_gen/glnxa64/install/include/pronto_msgs
-- Up-to-date: /home/anymalopc/docker_pronto_estimator/src/matlab_msg_gen/glnxa64/install/include/pronto_msgs/msg
-- Up-to-date: /home/anymalopc/docker_pronto_estimator/src/matlab_msg_gen/glnxa64/install/include/pronto_msgs/msg/detail
-- Up-to-date: /home/anymalopc/docker_pronto_estimator/src/matlab_msg_gen/glnxa64/install/include/pronto_msgs/msg/detail/gps_data__type_support.cpp
-- Up-to-date: /home/anymalopc/docker_pronto_estimator/src/matlab_msg_gen/glnxa64/install/include/pronto_msgs/msg/detail/filter_state__type_support.cpp
-- Up-to-date: /home/anymalopc/docker_pronto_estimator/src/matlab_msg_gen/glnxa64/install/include/pronto_msgs/msg/detail/biped_force_torque_sensors__type_support.cpp
-- Up-to-date: /home/anymalopc/docker_pronto_estimator/src/matlab_msg_gen/glnxa64/install/include/pronto_msgs/msg/detail/lidar_odometry_update__rosidl_typesupport_introspection_cpp.hpp
-- Up-to-date: /home/anymalopc/docker_pronto_estimator/src/matlab_msg_gen/glnxa64/install/include/pronto_msgs/msg/detail/quadruped_stance__type_support.cpp
-- Up-to-date: /home/anymalopc/docker_pronto_estimator/src/matlab_msg_gen/glnxa64/install/include/pronto_msgs/msg/detail/visual_odometry_update__type_support.cpp
-- Up-to-date: /home/anymalopc/docker_pronto_estimator/src/matlab_msg_gen/glnxa64/install/include/pronto_msgs/msg/detail/quadruped_force_torque_sensors__type_support.cpp
-- Up-to-date: /home/anymalopc/docker_pronto_estimator/src/matlab_msg_gen/glnxa64/install/include/pronto_msgs/msg/detail/joint_state_with_acceleration__rosidl_typesupport_introspection_cpp.hpp
-- Up-to-date: /home/anymalopc/docker_pronto_estimator/src/matlab_msg_gen/glnxa64/install/include/pronto_msgs/msg/detail/gps_data__rosidl_typesupport_introspection_cpp.hpp
-- Up-to-date: /home/anymalopc/docker_pronto_estimator/src/matlab_msg_gen/glnxa64/install/include/pronto_msgs/msg/detail/visual_odometry_update__rosidl_typesupport_introspection_cpp.hpp
-- Up-to-date: /home/anymalopc/docker_pronto_estimator/src/matlab_msg_gen/glnxa64/install/include/pronto_msgs/msg/detail/biped_force_torque_sensors__rosidl_typesupport_introspection_cpp.hpp
-- Up-to-date: /home/anymalopc/docker_pronto_estimator/src/matlab_msg_gen/glnxa64/install/include/pronto_msgs/msg/detail/velocity_with_sigma_bounds__rosidl_typesupport_introspection_cpp.hpp
-- Up-to-date: /home/anymalopc/docker_pronto_estimator/src/matlab_msg_gen/glnxa64/install/include/pronto_msgs/msg/detail/filter_state__rosidl_typesupport_introspection_cpp.hpp
-- Up-to-date: /home/anymalopc/docker_pronto_estimator/src/matlab_msg_gen/glnxa64/install/include/pronto_msgs/msg/detail/quadruped_force_torque_sensors__rosidl_typesupport_introspection_cpp.hpp
-- Up-to-date: /home/anymalopc/docker_pronto_estimator/src/matlab_msg_gen/glnxa64/install/include/pronto_msgs/msg/detail/controller_foot_contact__type_support.cpp
-- Up-to-date: /home/anymalopc/docker_pronto_estimator/src/matlab_msg_gen/glnxa64/install/include/pronto_msgs/msg/detail/quadruped_stance__rosidl_typesupport_introspection_cpp.hpp
-- Up-to-date: /home/anymalopc/docker_pronto_estimator/src/matlab_msg_gen/glnxa64/install/include/pronto_msgs/msg/detail/indexed_measurement__type_support.cpp
-- Up-to-date: /home/anymalopc/docker_pronto_estimator/src/matlab_msg_gen/glnxa64/install/include/pronto_msgs/msg/detail/joint_state_with_acceleration__type_support.cpp
-- Up-to-date: /home/anymalopc/docker_pronto_estimator/src/matlab_msg_gen/glnxa64/install/include/pronto_msgs/msg/detail/lidar_odometry_update__type_support.cpp
-- Up-to-date: /home/anymalopc/docker_pronto_estimator/src/matlab_msg_gen/glnxa64/install/include/pronto_msgs/msg/detail/indexed_measurement__rosidl_typesupport_introspection_cpp.hpp
-- Up-to-date: /home/anymalopc/docker_pronto_estimator/src/matlab_msg_gen/glnxa64/install/include/pronto_msgs/msg/detail/controller_foot_contact__rosidl_typesupport_introspection_cpp.hpp
-- Up-to-date: /home/anymalopc/docker_pronto_estimator/src/matlab_msg_gen/glnxa64/install/include/pronto_msgs/msg/detail/velocity_with_sigma_bounds__type_support.cpp
-- Up-to-date: /home/anymalopc/docker_pronto_estimator/src/matlab_msg_gen/glnxa64/install/lib/libpronto_msgs__rosidl_typesupport_introspection_cpp.so
-- Up-to-date: /home/anymalopc/docker_pronto_estimator/src/matlab_msg_gen/glnxa64/install/lib/libpronto_msgs__rosidl_typesupport_cpp.so
-- Up-to-date: /home/anymalopc/docker_pronto_estimator/src/matlab_msg_gen/glnxa64/install/share/pronto_msgs/msg/BipedForceTorqueSensors.idl
-- Up-to-date: /home/anymalopc/docker_pronto_estimator/src/matlab_msg_gen/glnxa64/install/share/pronto_msgs/msg/ControllerFootContact.idl
-- Up-to-date: /home/anymalopc/docker_pronto_estimator/src/matlab_msg_gen/glnxa64/install/share/pronto_msgs/msg/FilterState.idl
-- Up-to-date: /home/anymalopc/docker_pronto_estimator/src/matlab_msg_gen/glnxa64/install/share/pronto_msgs/msg/GPSData.idl
-- Up-to-date: /home/anymalopc/docker_pronto_estimator/src/matlab_msg_gen/glnxa64/install/share/pronto_msgs/msg/IndexedMeasurement.idl
-- Up-to-date: /home/anymalopc/docker_pronto_estimator/src/matlab_msg_gen/glnxa64/install/share/pronto_msgs/msg/JointStateWithAcceleration.idl
-- Up-to-date: /home/anymalopc/docker_pronto_estimator/src/matlab_msg_gen/glnxa64/install/share/pronto_msgs/msg/LidarOdometryUpdate.idl
-- Up-to-date: /home/anymalopc/docker_pronto_estimator/src/matlab_msg_gen/glnxa64/install/share/pronto_msgs/msg/QuadrupedForceTorqueSensors.idl
-- Up-to-date: /home/anymalopc/docker_pronto_estimator/src/matlab_msg_gen/glnxa64/install/share/pronto_msgs/msg/QuadrupedStance.idl
-- Up-to-date: /home/anymalopc/docker_pronto_estimator/src/matlab_msg_gen/glnxa64/install/share/pronto_msgs/msg/VelocityWithSigmaBounds.idl
-- Up-to-date: /home/anymalopc/docker_pronto_estimator/src/matlab_msg_gen/glnxa64/install/share/pronto_msgs/msg/VisualOdometryUpdate.idl
-- Up-to-date: /home/anymalopc/docker_pronto_estimator/src/matlab_msg_gen/glnxa64/install/share/pronto_msgs/msg/BipedForceTorqueSensors.msg
-- Up-to-date: /home/anymalopc/docker_pronto_estimator/src/matlab_msg_gen/glnxa64/install/share/pronto_msgs/msg/ControllerFootContact.msg
-- Up-to-date: /home/anymalopc/docker_pronto_estimator/src/matlab_msg_gen/glnxa64/install/share/pronto_msgs/msg/FilterState.msg
-- Up-to-date: /home/anymalopc/docker_pronto_estimator/src/matlab_msg_gen/glnxa64/install/share/pronto_msgs/msg/GPSData.msg
-- Up-to-date: /home/anymalopc/docker_pronto_estimator/src/matlab_msg_gen/glnxa64/install/share/pronto_msgs/msg/IndexedMeasurement.msg
-- Up-to-date: /home/anymalopc/docker_pronto_estimator/src/matlab_msg_gen/glnxa64/install/share/pronto_msgs/msg/JointStateWithAcceleration.msg
-- Up-to-date: /home/anymalopc/docker_pronto_estimator/src/matlab_msg_gen/glnxa64/install/share/pronto_msgs/msg/LidarOdometryUpdate.msg
-- Up-to-date: /home/anymalopc/docker_pronto_estimator/src/matlab_msg_gen/glnxa64/install/share/pronto_msgs/msg/QuadrupedForceTorqueSensors.msg
-- Up-to-date: /home/anymalopc/docker_pronto_estimator/src/matlab_msg_gen/glnxa64/install/share/pronto_msgs/msg/QuadrupedStance.msg
-- Up-to-date: /home/anymalopc/docker_pronto_estimator/src/matlab_msg_gen/glnxa64/install/share/pronto_msgs/msg/VelocityWithSigmaBounds.msg
-- Up-to-date: /home/anymalopc/docker_pronto_estimator/src/matlab_msg_gen/glnxa64/install/share/pronto_msgs/msg/VisualOdometryUpdate.msg
-- Up-to-date: /home/anymalopc/docker_pronto_estimator/src/matlab_msg_gen/glnxa64/install/include
-- Up-to-date: /home/anymalopc/docker_pronto_estimator/src/matlab_msg_gen/glnxa64/install/include/pronto_msgs
-- Up-to-date: /home/anymalopc/docker_pronto_estimator/src/matlab_msg_gen/glnxa64/install/include/pronto_msgs/visibility_control.h
-- Up-to-date: /home/anymalopc/docker_pronto_estimator/src/matlab_msg_gen/glnxa64/install/lib/libpronto_msgs_matlab.so
-- Up-to-date: /home/anymalopc/docker_pronto_estimator/src/matlab_msg_gen/glnxa64/install/m/
-- Up-to-date: /home/anymalopc/docker_pronto_estimator/src/matlab_msg_gen/glnxa64/install/m//+ros
-- Up-to-date: /home/anymalopc/docker_pronto_estimator/src/matlab_msg_gen/glnxa64/install/m//+ros/+internal
-- Up-to-date: /home/anymalopc/docker_pronto_estimator/src/matlab_msg_gen/glnxa64/install/m//+ros/+internal/+ros2
-- Up-to-date: /home/anymalopc/docker_pronto_estimator/src/matlab_msg_gen/glnxa64/install/m//+ros/+internal/+ros2/+custommessages
-- Up-to-date: /home/anymalopc/docker_pronto_estimator/src/matlab_msg_gen/glnxa64/install/m//+ros/+internal/+ros2/+custommessages/+pronto_msgs
-- Up-to-date: /home/anymalopc/docker_pronto_estimator/src/matlab_msg_gen/glnxa64/install/m//+ros/+internal/+ros2/+custommessages/+pronto_msgs/pronto_msgs_msg_GPSData_1To2_Converter.m
-- Up-to-date: /home/anymalopc/docker_pronto_estimator/src/matlab_msg_gen/glnxa64/install/m//+ros/+internal/+ros2/+custommessages/+pronto_msgs/filterState.m
-- Up-to-date: /home/anymalopc/docker_pronto_estimator/src/matlab_msg_gen/glnxa64/install/m//+ros/+internal/+ros2/+custommessages/+pronto_msgs/pronto_msgs_msg_IndexedMeasurement_2To1_Converter.m
-- Up-to-date: /home/anymalopc/docker_pronto_estimator/src/matlab_msg_gen/glnxa64/install/m//+ros/+internal/+ros2/+custommessages/+pronto_msgs/pronto_msgs_msg_VelocityWithSigmaBounds_1To2_Converter.m
-- Up-to-date: /home/anymalopc/docker_pronto_estimator/src/matlab_msg_gen/glnxa64/install/m//+ros/+internal/+ros2/+custommessages/+pronto_msgs/pronto_msgs_msg_FilterState_1To2_Converter.m
-- Up-to-date: /home/anymalopc/docker_pronto_estimator/src/matlab_msg_gen/glnxa64/install/m//+ros/+internal/+ros2/+custommessages/+pronto_msgs/gPSData.m
-- Up-to-date: /home/anymalopc/docker_pronto_estimator/src/matlab_msg_gen/glnxa64/install/m//+ros/+internal/+ros2/+custommessages/+pronto_msgs/pronto_msgs_msg_QuadrupedStance_2To1_Converter.m
-- Up-to-date: /home/anymalopc/docker_pronto_estimator/src/matlab_msg_gen/glnxa64/install/m//+ros/+internal/+ros2/+custommessages/+pronto_msgs/quadrupedStance.m
-- Up-to-date: /home/anymalopc/docker_pronto_estimator/src/matlab_msg_gen/glnxa64/install/m//+ros/+internal/+ros2/+custommessages/+pronto_msgs/pronto_msgs_msg_BipedForceTorqueSensors_2To1_Converter.m
-- Up-to-date: /home/anymalopc/docker_pronto_estimator/src/matlab_msg_gen/glnxa64/install/m//+ros/+internal/+ros2/+custommessages/+pronto_msgs/quadrupedForceTorqueSensors.m
-- Up-to-date: /home/anymalopc/docker_pronto_estimator/src/matlab_msg_gen/glnxa64/install/m//+ros/+internal/+ros2/+custommessages/+pronto_msgs/pronto_msgs_msg_BipedForceTorqueSensors_1To2_Converter.m
-- Up-to-date: /home/anymalopc/docker_pronto_estimator/src/matlab_msg_gen/glnxa64/install/m//+ros/+internal/+ros2/+custommessages/+pronto_msgs/jointStateWithAcceleration.m
-- Up-to-date: /home/anymalopc/docker_pronto_estimator/src/matlab_msg_gen/glnxa64/install/m//+ros/+internal/+ros2/+custommessages/+pronto_msgs/pronto_msgs_msg_QuadrupedForceTorqueSensors_2To1_Converter.m
-- Up-to-date: /home/anymalopc/docker_pronto_estimator/src/matlab_msg_gen/glnxa64/install/m//+ros/+internal/+ros2/+custommessages/+pronto_msgs/pronto_msgs_msg_GPSData_2To1_Converter.m
-- Up-to-date: /home/anymalopc/docker_pronto_estimator/src/matlab_msg_gen/glnxa64/install/m//+ros/+internal/+ros2/+custommessages/+pronto_msgs/pronto_msgs_msg_JointStateWithAcceleration_2To1_Converter.m
-- Up-to-date: /home/anymalopc/docker_pronto_estimator/src/matlab_msg_gen/glnxa64/install/m//+ros/+internal/+ros2/+custommessages/+pronto_msgs/pronto_msgs_msg_VelocityWithSigmaBounds_2To1_Converter.m
-- Up-to-date: /home/anymalopc/docker_pronto_estimator/src/matlab_msg_gen/glnxa64/install/m//+ros/+internal/+ros2/+custommessages/+pronto_msgs/pronto_msgs_msg_LidarOdometryUpdate_2To1_Converter.m
-- Up-to-date: /home/anymalopc/docker_pronto_estimator/src/matlab_msg_gen/glnxa64/install/m//+ros/+internal/+ros2/+custommessages/+pronto_msgs/pronto_msgs_msg_QuadrupedStance_1To2_Converter.m
-- Up-to-date: /home/anymalopc/docker_pronto_estimator/src/matlab_msg_gen/glnxa64/install/m//+ros/+internal/+ros2/+custommessages/+pronto_msgs/pronto_msgs_msg_ControllerFootContact_1To2_Converter.m
-- Up-to-date: /home/anymalopc/docker_pronto_estimator/src/matlab_msg_gen/glnxa64/install/m//+ros/+internal/+ros2/+custommessages/+pronto_msgs/pronto_msgs_msg_VisualOdometryUpdate_1To2_Converter.m
-- Up-to-date: /home/anymalopc/docker_pronto_estimator/src/matlab_msg_gen/glnxa64/install/m//+ros/+internal/+ros2/+custommessages/+pronto_msgs/controllerFootContact.m
-- Up-to-date: /home/anymalopc/docker_pronto_estimator/src/matlab_msg_gen/glnxa64/install/m//+ros/+internal/+ros2/+custommessages/+pronto_msgs/pronto_msgs_msg_JointStateWithAcceleration_1To2_Converter.m
-- Up-to-date: /home/anymalopc/docker_pronto_estimator/src/matlab_msg_gen/glnxa64/install/m//+ros/+internal/+ros2/+custommessages/+pronto_msgs/pronto_msgs_msg_LidarOdometryUpdate_1To2_Converter.m
-- Up-to-date: /home/anymalopc/docker_pronto_estimator/src/matlab_msg_gen/glnxa64/install/m//+ros/+internal/+ros2/+custommessages/+pronto_msgs/pronto_msgs_msg_ControllerFootContact_2To1_Converter.m
-- Up-to-date: /home/anymalopc/docker_pronto_estimator/src/matlab_msg_gen/glnxa64/install/m//+ros/+internal/+ros2/+custommessages/+pronto_msgs/lidarOdometryUpdate.m
-- Up-to-date: /home/anymalopc/docker_pronto_estimator/src/matlab_msg_gen/glnxa64/install/m//+ros/+internal/+ros2/+custommessages/+pronto_msgs/velocityWithSigmaBounds.m
-- Up-to-date: /home/anymalopc/docker_pronto_estimator/src/matlab_msg_gen/glnxa64/install/m//+ros/+internal/+ros2/+custommessages/+pronto_msgs/visualOdometryUpdate.m
-- Up-to-date: /home/anymalopc/docker_pronto_estimator/src/matlab_msg_gen/glnxa64/install/m//+ros/+internal/+ros2/+custommessages/+pronto_msgs/pronto_msgs_msg_QuadrupedForceTorqueSensors_1To2_Converter.m
-- Up-to-date: /home/anymalopc/docker_pronto_estimator/src/matlab_msg_gen/glnxa64/install/m//+ros/+internal/+ros2/+custommessages/+pronto_msgs/pronto_msgs_msg_IndexedMeasurement_1To2_Converter.m
-- Up-to-date: /home/anymalopc/docker_pronto_estimator/src/matlab_msg_gen/glnxa64/install/m//+ros/+internal/+ros2/+custommessages/+pronto_msgs/pronto_msgs_msg_VisualOdometryUpdate_2To1_Converter.m
-- Up-to-date: /home/anymalopc/docker_pronto_estimator/src/matlab_msg_gen/glnxa64/install/m//+ros/+internal/+ros2/+custommessages/+pronto_msgs/pronto_msgs_msg_FilterState_2To1_Converter.m
-- Up-to-date: /home/anymalopc/docker_pronto_estimator/src/matlab_msg_gen/glnxa64/install/m//+ros/+internal/+ros2/+custommessages/+pronto_msgs/indexedMeasurement.m
-- Up-to-date: /home/anymalopc/docker_pronto_estimator/src/matlab_msg_gen/glnxa64/install/m//+ros/+internal/+ros2/+custommessages/+pronto_msgs/bipedForceTorqueSensors.m
-- Up-to-date: /home/anymalopc/docker_pronto_estimator/src/matlab_msg_gen/glnxa64/install/share/ament_index/resource_index/package_run_dependencies/pronto_msgs
-- Installing: /home/anymalopc/docker_pronto_estimator/src/matlab_msg_gen/glnxa64/install/share/ament_index/resource_index/parent_prefix_path/pronto_msgs
-- Up-to-date: /home/anymalopc/docker_pronto_estimator/src/matlab_msg_gen/glnxa64/install/share/pronto_msgs/environment/ament_prefix_path.sh
-- Installing: /home/anymalopc/docker_pronto_estimator/src/matlab_msg_gen/glnxa64/install/share/pronto_msgs/environment/ament_prefix_path.dsv
-- Up-to-date: /home/anymalopc/docker_pronto_estimator/src/matlab_msg_gen/glnxa64/install/share/pronto_msgs/environment/path.sh
-- Installing: /home/anymalopc/docker_pronto_estimator/src/matlab_msg_gen/glnxa64/install/share/pronto_msgs/environment/path.dsv
-- Up-to-date: /home/anymalopc/docker_pronto_estimator/src/matlab_msg_gen/glnxa64/install/share/pronto_msgs/local_setup.bash
-- Up-to-date: /home/anymalopc/docker_pronto_estimator/src/matlab_msg_gen/glnxa64/install/share/pronto_msgs/local_setup.sh
-- Up-to-date: /home/anymalopc/docker_pronto_estimator/src/matlab_msg_gen/glnxa64/install/share/pronto_msgs/local_setup.zsh
-- Installing: /home/anymalopc/docker_pronto_estimator/src/matlab_msg_gen/glnxa64/install/share/pronto_msgs/local_setup.dsv
-- Installing: /home/anymalopc/docker_pronto_estimator/src/matlab_msg_gen/glnxa64/install/share/pronto_msgs/package.dsv
-- Up-to-date: /home/anymalopc/docker_pronto_estimator/src/matlab_msg_gen/glnxa64/install/share/ament_index/resource_index/packages/pronto_msgs
-- Up-to-date: /home/anymalopc/docker_pronto_estimator/src/matlab_msg_gen/glnxa64/install/share/pronto_msgs/cmake/pronto_msgs__rosidl_generator_cExport.cmake
-- Installing: /home/anymalopc/docker_pronto_estimator/src/matlab_msg_gen/glnxa64/install/share/pronto_msgs/cmake/pronto_msgs__rosidl_generator_cExport-release.cmake
-- Up-to-date: /home/anymalopc/docker_pronto_estimator/src/matlab_msg_gen/glnxa64/install/share/pronto_msgs/cmake/pronto_msgs__rosidl_typesupport_introspection_cExport.cmake
-- Installing: /home/anymalopc/docker_pronto_estimator/src/matlab_msg_gen/glnxa64/install/share/pronto_msgs/cmake/pronto_msgs__rosidl_typesupport_introspection_cExport-release.cmake
-- Up-to-date: /home/anymalopc/docker_pronto_estimator/src/matlab_msg_gen/glnxa64/install/share/pronto_msgs/cmake/pronto_msgs__rosidl_typesupport_cExport.cmake
-- Installing: /home/anymalopc/docker_pronto_estimator/src/matlab_msg_gen/glnxa64/install/share/pronto_msgs/cmake/pronto_msgs__rosidl_typesupport_cExport-release.cmake
-- Up-to-date: /home/anymalopc/docker_pronto_estimator/src/matlab_msg_gen/glnxa64/install/share/pronto_msgs/cmake/pronto_msgs__rosidl_generator_cppExport.cmake
-- Up-to-date: /home/anymalopc/docker_pronto_estimator/src/matlab_msg_gen/glnxa64/install/share/pronto_msgs/cmake/pronto_msgs__rosidl_typesupport_introspection_cppExport.cmake
-- Installing: /home/anymalopc/docker_pronto_estimator/src/matlab_msg_gen/glnxa64/install/share/pronto_msgs/cmake/pronto_msgs__rosidl_typesupport_introspection_cppExport-release.cmake
-- Up-to-date: /home/anymalopc/docker_pronto_estimator/src/matlab_msg_gen/glnxa64/install/share/pronto_msgs/cmake/pronto_msgs__rosidl_typesupport_cppExport.cmake
-- Installing: /home/anymalopc/docker_pronto_estimator/src/matlab_msg_gen/glnxa64/install/share/pronto_msgs/cmake/pronto_msgs__rosidl_typesupport_cppExport-release.cmake
-- Up-to-date: /home/anymalopc/docker_pronto_estimator/src/matlab_msg_gen/glnxa64/install/share/pronto_msgs/cmake/rosidl_cmake-extras.cmake
-- Up-to-date: /home/anymalopc/docker_pronto_estimator/src/matlab_msg_gen/glnxa64/install/share/pronto_msgs/cmake/ament_cmake_export_dependencies-extras.cmake
-- Up-to-date: /home/anymalopc/docker_pronto_estimator/src/matlab_msg_gen/glnxa64/install/share/pronto_msgs/cmake/ament_cmake_export_libraries-extras.cmake
-- Up-to-date: /home/anymalopc/docker_pronto_estimator/src/matlab_msg_gen/glnxa64/install/share/pronto_msgs/cmake/ament_cmake_export_targets-extras.cmake
-- Up-to-date: /home/anymalopc/docker_pronto_estimator/src/matlab_msg_gen/glnxa64/install/share/pronto_msgs/cmake/ament_cmake_export_include_directories-extras.cmake
-- Up-to-date: /home/anymalopc/docker_pronto_estimator/src/matlab_msg_gen/glnxa64/install/share/pronto_msgs/cmake/rosidl_cmake_export_typesupport_libraries-extras.cmake
-- Up-to-date: /home/anymalopc/docker_pronto_estimator/src/matlab_msg_gen/glnxa64/install/share/pronto_msgs/cmake/rosidl_cmake_export_typesupport_targets-extras.cmake
-- Up-to-date: /home/anymalopc/docker_pronto_estimator/src/matlab_msg_gen/glnxa64/install/share/pronto_msgs/cmake/pronto_msgsConfig.cmake
-- Up-to-date: /home/anymalopc/docker_pronto_estimator/src/matlab_msg_gen/glnxa64/install/share/pronto_msgs/cmake/pronto_msgsConfig-version.cmake
-- Installing: /home/anymalopc/docker_pronto_estimator/src/matlab_msg_gen/glnxa64/install/share/pronto_msgs/package.xml
