[0.028s] Invoking command in '/home/anymalopc/docker_pronto_estimator/src/matlab_msg_gen/glnxa64/build/pi3hat_moteus_int_msgs': PS1=(venv) /home/anymalopc/MATLAB/bin/glnxa64/cmake/bin/cmake --build /home/anymalopc/docker_pronto_estimator/src/matlab_msg_gen/glnxa64/build/pi3hat_moteus_int_msgs -- -j16 -l16
[0.033s] [0/1] Re-running CMake...
[0.039s] -- Found ament_cmake: 0.9.8 (/home/anymalopc/MATLAB/sys/ros2/glnxa64/ros2/share/ament_cmake/cmake)
[0.051s] -- Found PythonInterp: /home/anymalopc/.matlab/R2023a/ros2/glnxa64/venv/bin/python3 (found suitable version "3.8.10", minimum required is "3") 
[0.051s] -- Using PYTHON_EXECUTABLE: /home/anymalopc/.matlab/R2023a/ros2/glnxa64/venv/bin/python3
[0.177s] -- Found ament_cmake_ros: 0.9.2 (/home/anymalopc/MATLAB/sys/ros2/glnxa64/ros2/share/ament_cmake_ros/cmake)
[0.179s] -- Found rosidl_typesupport_c: 1.0.2 (/home/anymalopc/MATLAB/sys/ros2/glnxa64/ros2/share/rosidl_typesupport_c/cmake)
[0.179s] -- Using all available rosidl_typesupport_c: rosidl_typesupport_fastrtps_c;rosidl_typesupport_introspection_c
[0.182s] -- Found rosidl_adapter: 1.2.1 (/home/anymalopc/MATLAB/sys/ros2/glnxa64/ros2/share/rosidl_adapter/cmake)
[0.265s] -- Found rosidl_typesupport_cpp: 1.0.2 (/home/anymalopc/MATLAB/sys/ros2/glnxa64/ros2/share/rosidl_typesupport_cpp/cmake)
[0.265s] -- Using all available rosidl_typesupport_cpp: rosidl_typesupport_fastrtps_cpp;rosidl_typesupport_introspection_cpp
[0.276s] -- Found rosidl_default_generators: 1.0.1 (/home/anymalopc/MATLAB/sys/ros2/glnxa64/ros2/share/rosidl_default_generators/cmake)
[0.278s] -- Found class_loader: 2.0.2 (/home/anymalopc/MATLAB/sys/ros2/glnxa64/ros2/share/class_loader/cmake)
[0.280s] -- Found rclcpp: 2.3.1 (/home/anymalopc/MATLAB/sys/ros2/glnxa64/ros2/share/rclcpp/cmake)
[0.306s] -- Found rmw_implementation_cmake: 1.0.3 (/home/anymalopc/MATLAB/sys/ros2/glnxa64/ros2/share/rmw_implementation_cmake/cmake)
[0.306s] -- Using RMW implementation 'rmw_fastrtps_cpp' as default
[0.356s] -- Found std_msgs: 2.0.4 (/home/anymalopc/MATLAB/sys/ros2/glnxa64/ros2/share/std_msgs/cmake)
[0.376s] -- Found PythonInterp: /home/anymalopc/.matlab/R2023a/ros2/glnxa64/venv/bin/python3 (found version "3.8.10") 
[0.624s] -- Using all available rosidl_typesupport_c: rosidl_typesupport_fastrtps_c;rosidl_typesupport_introspection_c
[0.669s] -- Using all available rosidl_typesupport_cpp: rosidl_typesupport_fastrtps_cpp;rosidl_typesupport_introspection_cpp
[0.674s] -- Configuring done
[0.688s] -- Generating done
[0.695s] -- Build files have been written to: /home/anymalopc/docker_pronto_estimator/src/matlab_msg_gen/glnxa64/build/pi3hat_moteus_int_msgs
[0.703s] ninja: no work to do.
[0.704s] Invoked command in '/home/anymalopc/docker_pronto_estimator/src/matlab_msg_gen/glnxa64/build/pi3hat_moteus_int_msgs' returned '0': PS1=(venv) /home/anymalopc/MATLAB/bin/glnxa64/cmake/bin/cmake --build /home/anymalopc/docker_pronto_estimator/src/matlab_msg_gen/glnxa64/build/pi3hat_moteus_int_msgs -- -j16 -l16
[0.718s] Invoking command in '/home/anymalopc/docker_pronto_estimator/src/matlab_msg_gen/glnxa64/build/pi3hat_moteus_int_msgs': PS1=(venv) /home/anymalopc/MATLAB/bin/glnxa64/cmake/bin/cmake --install /home/anymalopc/docker_pronto_estimator/src/matlab_msg_gen/glnxa64/build/pi3hat_moteus_int_msgs
[0.720s] -- Install configuration: "Release"
[0.720s] -- Up-to-date: /home/anymalopc/docker_pronto_estimator/src/matlab_msg_gen/glnxa64/install/share/ament_index/resource_index/rosidl_interfaces/pi3hat_moteus_int_msgs
[0.720s] -- Up-to-date: /home/anymalopc/docker_pronto_estimator/src/matlab_msg_gen/glnxa64/install/include/pi3hat_moteus_int_msgs
[0.720s] -- Up-to-date: /home/anymalopc/docker_pronto_estimator/src/matlab_msg_gen/glnxa64/install/include/pi3hat_moteus_int_msgs/msg
[0.720s] -- Up-to-date: /home/anymalopc/docker_pronto_estimator/src/matlab_msg_gen/glnxa64/install/include/pi3hat_moteus_int_msgs/msg/rosidl_generator_c__visibility_control.h
[0.720s] -- Up-to-date: /home/anymalopc/docker_pronto_estimator/src/matlab_msg_gen/glnxa64/install/include/pi3hat_moteus_int_msgs/msg/joints_command.h
[0.720s] -- Up-to-date: /home/anymalopc/docker_pronto_estimator/src/matlab_msg_gen/glnxa64/install/include/pi3hat_moteus_int_msgs/msg/joints_states.h
[0.720s] -- Up-to-date: /home/anymalopc/docker_pronto_estimator/src/matlab_msg_gen/glnxa64/install/include/pi3hat_moteus_int_msgs/msg/detail
[0.720s] -- Up-to-date: /home/anymalopc/docker_pronto_estimator/src/matlab_msg_gen/glnxa64/install/include/pi3hat_moteus_int_msgs/msg/detail/omni_mulinex_command__type_support.h
[0.720s] -- Up-to-date: /home/anymalopc/docker_pronto_estimator/src/matlab_msg_gen/glnxa64/install/include/pi3hat_moteus_int_msgs/msg/detail/joints_command__struct.h
[0.720s] -- Up-to-date: /home/anymalopc/docker_pronto_estimator/src/matlab_msg_gen/glnxa64/install/include/pi3hat_moteus_int_msgs/msg/detail/joints_command__type_support.h
[0.720s] -- Up-to-date: /home/anymalopc/docker_pronto_estimator/src/matlab_msg_gen/glnxa64/install/include/pi3hat_moteus_int_msgs/msg/detail/packet_pass__functions.h
[0.720s] -- Up-to-date: /home/anymalopc/docker_pronto_estimator/src/matlab_msg_gen/glnxa64/install/include/pi3hat_moteus_int_msgs/msg/detail/omni_mulinex_command__functions.c
[0.720s] -- Up-to-date: /home/anymalopc/docker_pronto_estimator/src/matlab_msg_gen/glnxa64/install/include/pi3hat_moteus_int_msgs/msg/detail/packet_pass__type_support.h
[0.720s] -- Up-to-date: /home/anymalopc/docker_pronto_estimator/src/matlab_msg_gen/glnxa64/install/include/pi3hat_moteus_int_msgs/msg/detail/joints_states__struct.h
[0.720s] -- Up-to-date: /home/anymalopc/docker_pronto_estimator/src/matlab_msg_gen/glnxa64/install/include/pi3hat_moteus_int_msgs/msg/detail/packet_pass__functions.c
[0.720s] -- Up-to-date: /home/anymalopc/docker_pronto_estimator/src/matlab_msg_gen/glnxa64/install/include/pi3hat_moteus_int_msgs/msg/detail/joints_states__functions.c
[0.721s] -- Up-to-date: /home/anymalopc/docker_pronto_estimator/src/matlab_msg_gen/glnxa64/install/include/pi3hat_moteus_int_msgs/msg/detail/joints_states__type_support.h
[0.721s] -- Up-to-date: /home/anymalopc/docker_pronto_estimator/src/matlab_msg_gen/glnxa64/install/include/pi3hat_moteus_int_msgs/msg/detail/joints_command__functions.c
[0.721s] -- Up-to-date: /home/anymalopc/docker_pronto_estimator/src/matlab_msg_gen/glnxa64/install/include/pi3hat_moteus_int_msgs/msg/detail/omni_mulinex_command__functions.h
[0.721s] -- Up-to-date: /home/anymalopc/docker_pronto_estimator/src/matlab_msg_gen/glnxa64/install/include/pi3hat_moteus_int_msgs/msg/detail/joints_states__functions.h
[0.721s] -- Up-to-date: /home/anymalopc/docker_pronto_estimator/src/matlab_msg_gen/glnxa64/install/include/pi3hat_moteus_int_msgs/msg/detail/joints_command__functions.h
[0.721s] -- Up-to-date: /home/anymalopc/docker_pronto_estimator/src/matlab_msg_gen/glnxa64/install/include/pi3hat_moteus_int_msgs/msg/detail/packet_pass__struct.h
[0.721s] -- Up-to-date: /home/anymalopc/docker_pronto_estimator/src/matlab_msg_gen/glnxa64/install/include/pi3hat_moteus_int_msgs/msg/detail/omni_mulinex_command__struct.h
[0.721s] -- Up-to-date: /home/anymalopc/docker_pronto_estimator/src/matlab_msg_gen/glnxa64/install/include/pi3hat_moteus_int_msgs/msg/omni_mulinex_command.h
[0.721s] -- Up-to-date: /home/anymalopc/docker_pronto_estimator/src/matlab_msg_gen/glnxa64/install/include/pi3hat_moteus_int_msgs/msg/packet_pass.h
[0.721s] -- Up-to-date: /home/anymalopc/docker_pronto_estimator/src/matlab_msg_gen/glnxa64/install/share/pi3hat_moteus_int_msgs/environment/library_path.sh
[0.721s] -- Installing: /home/anymalopc/docker_pronto_estimator/src/matlab_msg_gen/glnxa64/install/share/pi3hat_moteus_int_msgs/environment/library_path.dsv
[0.721s] -- Up-to-date: /home/anymalopc/docker_pronto_estimator/src/matlab_msg_gen/glnxa64/install/lib/libpi3hat_moteus_int_msgs__rosidl_generator_c.so
[0.721s] -- Up-to-date: /home/anymalopc/docker_pronto_estimator/src/matlab_msg_gen/glnxa64/install/include/pi3hat_moteus_int_msgs
[0.721s] -- Up-to-date: /home/anymalopc/docker_pronto_estimator/src/matlab_msg_gen/glnxa64/install/include/pi3hat_moteus_int_msgs/msg
[0.721s] -- Up-to-date: /home/anymalopc/docker_pronto_estimator/src/matlab_msg_gen/glnxa64/install/include/pi3hat_moteus_int_msgs/msg/detail
[0.721s] -- Up-to-date: /home/anymalopc/docker_pronto_estimator/src/matlab_msg_gen/glnxa64/install/include/pi3hat_moteus_int_msgs/msg/detail/joints_command__rosidl_typesupport_fastrtps_c.h
[0.721s] -- Up-to-date: /home/anymalopc/docker_pronto_estimator/src/matlab_msg_gen/glnxa64/install/include/pi3hat_moteus_int_msgs/msg/detail/omni_mulinex_command__rosidl_typesupport_fastrtps_c.h
[0.721s] -- Up-to-date: /home/anymalopc/docker_pronto_estimator/src/matlab_msg_gen/glnxa64/install/include/pi3hat_moteus_int_msgs/msg/detail/packet_pass__rosidl_typesupport_fastrtps_c.h
[0.721s] -- Up-to-date: /home/anymalopc/docker_pronto_estimator/src/matlab_msg_gen/glnxa64/install/include/pi3hat_moteus_int_msgs/msg/detail/joints_states__rosidl_typesupport_fastrtps_c.h
[0.722s] -- Up-to-date: /home/anymalopc/docker_pronto_estimator/src/matlab_msg_gen/glnxa64/install/include/pi3hat_moteus_int_msgs/msg/rosidl_typesupport_fastrtps_c__visibility_control.h
[0.722s] -- Up-to-date: /home/anymalopc/docker_pronto_estimator/src/matlab_msg_gen/glnxa64/install/lib/libpi3hat_moteus_int_msgs__rosidl_typesupport_fastrtps_c.so
[0.722s] -- Up-to-date: /home/anymalopc/docker_pronto_estimator/src/matlab_msg_gen/glnxa64/install/include/pi3hat_moteus_int_msgs
[0.722s] -- Up-to-date: /home/anymalopc/docker_pronto_estimator/src/matlab_msg_gen/glnxa64/install/include/pi3hat_moteus_int_msgs/msg
[0.722s] -- Up-to-date: /home/anymalopc/docker_pronto_estimator/src/matlab_msg_gen/glnxa64/install/include/pi3hat_moteus_int_msgs/msg/detail
[0.722s] -- Up-to-date: /home/anymalopc/docker_pronto_estimator/src/matlab_msg_gen/glnxa64/install/include/pi3hat_moteus_int_msgs/msg/detail/dds_fastrtps
[0.722s] -- Up-to-date: /home/anymalopc/docker_pronto_estimator/src/matlab_msg_gen/glnxa64/install/include/pi3hat_moteus_int_msgs/msg/detail/joints_states__rosidl_typesupport_fastrtps_cpp.hpp
[0.722s] -- Up-to-date: /home/anymalopc/docker_pronto_estimator/src/matlab_msg_gen/glnxa64/install/include/pi3hat_moteus_int_msgs/msg/detail/joints_command__rosidl_typesupport_fastrtps_cpp.hpp
[0.722s] -- Up-to-date: /home/anymalopc/docker_pronto_estimator/src/matlab_msg_gen/glnxa64/install/include/pi3hat_moteus_int_msgs/msg/detail/omni_mulinex_command__rosidl_typesupport_fastrtps_cpp.hpp
[0.722s] -- Up-to-date: /home/anymalopc/docker_pronto_estimator/src/matlab_msg_gen/glnxa64/install/include/pi3hat_moteus_int_msgs/msg/detail/packet_pass__rosidl_typesupport_fastrtps_cpp.hpp
[0.722s] -- Up-to-date: /home/anymalopc/docker_pronto_estimator/src/matlab_msg_gen/glnxa64/install/include/pi3hat_moteus_int_msgs/msg/rosidl_typesupport_fastrtps_cpp__visibility_control.h
[0.722s] -- Up-to-date: /home/anymalopc/docker_pronto_estimator/src/matlab_msg_gen/glnxa64/install/lib/libpi3hat_moteus_int_msgs__rosidl_typesupport_fastrtps_cpp.so
[0.722s] -- Up-to-date: /home/anymalopc/docker_pronto_estimator/src/matlab_msg_gen/glnxa64/install/include/pi3hat_moteus_int_msgs
[0.722s] -- Up-to-date: /home/anymalopc/docker_pronto_estimator/src/matlab_msg_gen/glnxa64/install/include/pi3hat_moteus_int_msgs/msg
[0.722s] -- Up-to-date: /home/anymalopc/docker_pronto_estimator/src/matlab_msg_gen/glnxa64/install/include/pi3hat_moteus_int_msgs/msg/detail
[0.722s] -- Up-to-date: /home/anymalopc/docker_pronto_estimator/src/matlab_msg_gen/glnxa64/install/include/pi3hat_moteus_int_msgs/msg/detail/packet_pass__type_support.c
[0.722s] -- Up-to-date: /home/anymalopc/docker_pronto_estimator/src/matlab_msg_gen/glnxa64/install/include/pi3hat_moteus_int_msgs/msg/detail/joints_command__rosidl_typesupport_introspection_c.h
[0.722s] -- Up-to-date: /home/anymalopc/docker_pronto_estimator/src/matlab_msg_gen/glnxa64/install/include/pi3hat_moteus_int_msgs/msg/detail/joints_command__type_support.c
[0.722s] -- Up-to-date: /home/anymalopc/docker_pronto_estimator/src/matlab_msg_gen/glnxa64/install/include/pi3hat_moteus_int_msgs/msg/detail/omni_mulinex_command__rosidl_typesupport_introspection_c.h
[0.722s] -- Up-to-date: /home/anymalopc/docker_pronto_estimator/src/matlab_msg_gen/glnxa64/install/include/pi3hat_moteus_int_msgs/msg/detail/joints_states__type_support.c
[0.722s] -- Up-to-date: /home/anymalopc/docker_pronto_estimator/src/matlab_msg_gen/glnxa64/install/include/pi3hat_moteus_int_msgs/msg/detail/packet_pass__rosidl_typesupport_introspection_c.h
[0.723s] -- Up-to-date: /home/anymalopc/docker_pronto_estimator/src/matlab_msg_gen/glnxa64/install/include/pi3hat_moteus_int_msgs/msg/detail/joints_states__rosidl_typesupport_introspection_c.h
[0.723s] -- Up-to-date: /home/anymalopc/docker_pronto_estimator/src/matlab_msg_gen/glnxa64/install/include/pi3hat_moteus_int_msgs/msg/detail/omni_mulinex_command__type_support.c
[0.723s] -- Up-to-date: /home/anymalopc/docker_pronto_estimator/src/matlab_msg_gen/glnxa64/install/include/pi3hat_moteus_int_msgs/msg/rosidl_typesupport_introspection_c__visibility_control.h
[0.723s] -- Up-to-date: /home/anymalopc/docker_pronto_estimator/src/matlab_msg_gen/glnxa64/install/lib/libpi3hat_moteus_int_msgs__rosidl_typesupport_introspection_c.so
[0.723s] -- Up-to-date: /home/anymalopc/docker_pronto_estimator/src/matlab_msg_gen/glnxa64/install/lib/libpi3hat_moteus_int_msgs__rosidl_typesupport_c.so
[0.723s] -- Up-to-date: /home/anymalopc/docker_pronto_estimator/src/matlab_msg_gen/glnxa64/install/include/pi3hat_moteus_int_msgs
[0.723s] -- Up-to-date: /home/anymalopc/docker_pronto_estimator/src/matlab_msg_gen/glnxa64/install/include/pi3hat_moteus_int_msgs/msg
[0.723s] -- Up-to-date: /home/anymalopc/docker_pronto_estimator/src/matlab_msg_gen/glnxa64/install/include/pi3hat_moteus_int_msgs/msg/detail
[0.723s] -- Up-to-date: /home/anymalopc/docker_pronto_estimator/src/matlab_msg_gen/glnxa64/install/include/pi3hat_moteus_int_msgs/msg/detail/joints_states__builder.hpp
[0.723s] -- Up-to-date: /home/anymalopc/docker_pronto_estimator/src/matlab_msg_gen/glnxa64/install/include/pi3hat_moteus_int_msgs/msg/detail/joints_states__struct.hpp
[0.723s] -- Up-to-date: /home/anymalopc/docker_pronto_estimator/src/matlab_msg_gen/glnxa64/install/include/pi3hat_moteus_int_msgs/msg/detail/packet_pass__traits.hpp
[0.723s] -- Up-to-date: /home/anymalopc/docker_pronto_estimator/src/matlab_msg_gen/glnxa64/install/include/pi3hat_moteus_int_msgs/msg/detail/joints_command__builder.hpp
[0.723s] -- Up-to-date: /home/anymalopc/docker_pronto_estimator/src/matlab_msg_gen/glnxa64/install/include/pi3hat_moteus_int_msgs/msg/detail/omni_mulinex_command__traits.hpp
[0.723s] -- Up-to-date: /home/anymalopc/docker_pronto_estimator/src/matlab_msg_gen/glnxa64/install/include/pi3hat_moteus_int_msgs/msg/detail/packet_pass__builder.hpp
[0.723s] -- Up-to-date: /home/anymalopc/docker_pronto_estimator/src/matlab_msg_gen/glnxa64/install/include/pi3hat_moteus_int_msgs/msg/detail/joints_states__traits.hpp
[0.723s] -- Up-to-date: /home/anymalopc/docker_pronto_estimator/src/matlab_msg_gen/glnxa64/install/include/pi3hat_moteus_int_msgs/msg/detail/omni_mulinex_command__builder.hpp
[0.723s] -- Up-to-date: /home/anymalopc/docker_pronto_estimator/src/matlab_msg_gen/glnxa64/install/include/pi3hat_moteus_int_msgs/msg/detail/joints_command__struct.hpp
[0.723s] -- Up-to-date: /home/anymalopc/docker_pronto_estimator/src/matlab_msg_gen/glnxa64/install/include/pi3hat_moteus_int_msgs/msg/detail/packet_pass__struct.hpp
[0.723s] -- Up-to-date: /home/anymalopc/docker_pronto_estimator/src/matlab_msg_gen/glnxa64/install/include/pi3hat_moteus_int_msgs/msg/detail/omni_mulinex_command__struct.hpp
[0.723s] -- Up-to-date: /home/anymalopc/docker_pronto_estimator/src/matlab_msg_gen/glnxa64/install/include/pi3hat_moteus_int_msgs/msg/detail/joints_command__traits.hpp
[0.723s] -- Up-to-date: /home/anymalopc/docker_pronto_estimator/src/matlab_msg_gen/glnxa64/install/include/pi3hat_moteus_int_msgs/msg/joints_command.hpp
[0.723s] -- Up-to-date: /home/anymalopc/docker_pronto_estimator/src/matlab_msg_gen/glnxa64/install/include/pi3hat_moteus_int_msgs/msg/packet_pass.hpp
[0.723s] -- Up-to-date: /home/anymalopc/docker_pronto_estimator/src/matlab_msg_gen/glnxa64/install/include/pi3hat_moteus_int_msgs/msg/joints_states.hpp
[0.723s] -- Up-to-date: /home/anymalopc/docker_pronto_estimator/src/matlab_msg_gen/glnxa64/install/include/pi3hat_moteus_int_msgs/msg/omni_mulinex_command.hpp
[0.723s] -- Up-to-date: /home/anymalopc/docker_pronto_estimator/src/matlab_msg_gen/glnxa64/install/include/pi3hat_moteus_int_msgs
[0.724s] -- Up-to-date: /home/anymalopc/docker_pronto_estimator/src/matlab_msg_gen/glnxa64/install/include/pi3hat_moteus_int_msgs/msg
[0.724s] -- Up-to-date: /home/anymalopc/docker_pronto_estimator/src/matlab_msg_gen/glnxa64/install/include/pi3hat_moteus_int_msgs/msg/detail
[0.724s] -- Up-to-date: /home/anymalopc/docker_pronto_estimator/src/matlab_msg_gen/glnxa64/install/include/pi3hat_moteus_int_msgs/msg/detail/omni_mulinex_command__rosidl_typesupport_introspection_cpp.hpp
[0.724s] -- Up-to-date: /home/anymalopc/docker_pronto_estimator/src/matlab_msg_gen/glnxa64/install/include/pi3hat_moteus_int_msgs/msg/detail/joints_states__rosidl_typesupport_introspection_cpp.hpp
[0.724s] -- Up-to-date: /home/anymalopc/docker_pronto_estimator/src/matlab_msg_gen/glnxa64/install/include/pi3hat_moteus_int_msgs/msg/detail/joints_states__type_support.cpp
[0.724s] -- Up-to-date: /home/anymalopc/docker_pronto_estimator/src/matlab_msg_gen/glnxa64/install/include/pi3hat_moteus_int_msgs/msg/detail/packet_pass__rosidl_typesupport_introspection_cpp.hpp
[0.724s] -- Up-to-date: /home/anymalopc/docker_pronto_estimator/src/matlab_msg_gen/glnxa64/install/include/pi3hat_moteus_int_msgs/msg/detail/packet_pass__type_support.cpp
[0.724s] -- Up-to-date: /home/anymalopc/docker_pronto_estimator/src/matlab_msg_gen/glnxa64/install/include/pi3hat_moteus_int_msgs/msg/detail/joints_command__rosidl_typesupport_introspection_cpp.hpp
[0.724s] -- Up-to-date: /home/anymalopc/docker_pronto_estimator/src/matlab_msg_gen/glnxa64/install/include/pi3hat_moteus_int_msgs/msg/detail/joints_command__type_support.cpp
[0.724s] -- Up-to-date: /home/anymalopc/docker_pronto_estimator/src/matlab_msg_gen/glnxa64/install/include/pi3hat_moteus_int_msgs/msg/detail/omni_mulinex_command__type_support.cpp
[0.724s] -- Up-to-date: /home/anymalopc/docker_pronto_estimator/src/matlab_msg_gen/glnxa64/install/lib/libpi3hat_moteus_int_msgs__rosidl_typesupport_introspection_cpp.so
[0.724s] -- Up-to-date: /home/anymalopc/docker_pronto_estimator/src/matlab_msg_gen/glnxa64/install/lib/libpi3hat_moteus_int_msgs__rosidl_typesupport_cpp.so
[0.724s] -- Up-to-date: /home/anymalopc/docker_pronto_estimator/src/matlab_msg_gen/glnxa64/install/share/pi3hat_moteus_int_msgs/msg/JointsCommand.idl
[0.724s] -- Up-to-date: /home/anymalopc/docker_pronto_estimator/src/matlab_msg_gen/glnxa64/install/share/pi3hat_moteus_int_msgs/msg/JointsStates.idl
[0.724s] -- Up-to-date: /home/anymalopc/docker_pronto_estimator/src/matlab_msg_gen/glnxa64/install/share/pi3hat_moteus_int_msgs/msg/OmniMulinexCommand.idl
[0.724s] -- Up-to-date: /home/anymalopc/docker_pronto_estimator/src/matlab_msg_gen/glnxa64/install/share/pi3hat_moteus_int_msgs/msg/PacketPass.idl
[0.724s] -- Up-to-date: /home/anymalopc/docker_pronto_estimator/src/matlab_msg_gen/glnxa64/install/share/pi3hat_moteus_int_msgs/msg/JointsCommand.msg
[0.724s] -- Up-to-date: /home/anymalopc/docker_pronto_estimator/src/matlab_msg_gen/glnxa64/install/share/pi3hat_moteus_int_msgs/msg/JointsStates.msg
[0.724s] -- Up-to-date: /home/anymalopc/docker_pronto_estimator/src/matlab_msg_gen/glnxa64/install/share/pi3hat_moteus_int_msgs/msg/OmniMulinexCommand.msg
[0.724s] -- Up-to-date: /home/anymalopc/docker_pronto_estimator/src/matlab_msg_gen/glnxa64/install/share/pi3hat_moteus_int_msgs/msg/PacketPass.msg
[0.725s] -- Up-to-date: /home/anymalopc/docker_pronto_estimator/src/matlab_msg_gen/glnxa64/install/include
[0.725s] -- Up-to-date: /home/anymalopc/docker_pronto_estimator/src/matlab_msg_gen/glnxa64/install/include/pi3hat_moteus_int_msgs
[0.725s] -- Up-to-date: /home/anymalopc/docker_pronto_estimator/src/matlab_msg_gen/glnxa64/install/include/pi3hat_moteus_int_msgs/visibility_control.h
[0.725s] -- Up-to-date: /home/anymalopc/docker_pronto_estimator/src/matlab_msg_gen/glnxa64/install/lib/libpi3hat_moteus_int_msgs_matlab.so
[0.725s] -- Up-to-date: /home/anymalopc/docker_pronto_estimator/src/matlab_msg_gen/glnxa64/install/m/
[0.725s] -- Up-to-date: /home/anymalopc/docker_pronto_estimator/src/matlab_msg_gen/glnxa64/install/m//+ros
[0.725s] -- Up-to-date: /home/anymalopc/docker_pronto_estimator/src/matlab_msg_gen/glnxa64/install/m//+ros/+internal
[0.725s] -- Up-to-date: /home/anymalopc/docker_pronto_estimator/src/matlab_msg_gen/glnxa64/install/m//+ros/+internal/+ros2
[0.725s] -- Up-to-date: /home/anymalopc/docker_pronto_estimator/src/matlab_msg_gen/glnxa64/install/m//+ros/+internal/+ros2/+custommessages
[0.725s] -- Up-to-date: /home/anymalopc/docker_pronto_estimator/src/matlab_msg_gen/glnxa64/install/m//+ros/+internal/+ros2/+custommessages/+pi3hat_moteus_int_msgs
[0.725s] -- Up-to-date: /home/anymalopc/docker_pronto_estimator/src/matlab_msg_gen/glnxa64/install/m//+ros/+internal/+ros2/+custommessages/+pi3hat_moteus_int_msgs/packetPass.m
[0.725s] -- Up-to-date: /home/anymalopc/docker_pronto_estimator/src/matlab_msg_gen/glnxa64/install/m//+ros/+internal/+ros2/+custommessages/+pi3hat_moteus_int_msgs/omniMulinexCommand.m
[0.725s] -- Up-to-date: /home/anymalopc/docker_pronto_estimator/src/matlab_msg_gen/glnxa64/install/m//+ros/+internal/+ros2/+custommessages/+pi3hat_moteus_int_msgs/pi3hat_moteus_int_msgs_msg_OmniMulinexCommand_2To1_Converter.m
[0.725s] -- Up-to-date: /home/anymalopc/docker_pronto_estimator/src/matlab_msg_gen/glnxa64/install/m//+ros/+internal/+ros2/+custommessages/+pi3hat_moteus_int_msgs/pi3hat_moteus_int_msgs_msg_JointsCommand_2To1_Converter.m
[0.725s] -- Up-to-date: /home/anymalopc/docker_pronto_estimator/src/matlab_msg_gen/glnxa64/install/m//+ros/+internal/+ros2/+custommessages/+pi3hat_moteus_int_msgs/pi3hat_moteus_int_msgs_msg_JointsStates_2To1_Converter.m
[0.725s] -- Up-to-date: /home/anymalopc/docker_pronto_estimator/src/matlab_msg_gen/glnxa64/install/m//+ros/+internal/+ros2/+custommessages/+pi3hat_moteus_int_msgs/jointsStates.m
[0.725s] -- Up-to-date: /home/anymalopc/docker_pronto_estimator/src/matlab_msg_gen/glnxa64/install/m//+ros/+internal/+ros2/+custommessages/+pi3hat_moteus_int_msgs/pi3hat_moteus_int_msgs_msg_JointsCommand_1To2_Converter.m
[0.727s] -- Up-to-date: /home/anymalopc/docker_pronto_estimator/src/matlab_msg_gen/glnxa64/install/m//+ros/+internal/+ros2/+custommessages/+pi3hat_moteus_int_msgs/pi3hat_moteus_int_msgs_msg_PacketPass_2To1_Converter.m
[0.727s] -- Up-to-date: /home/anymalopc/docker_pronto_estimator/src/matlab_msg_gen/glnxa64/install/m//+ros/+internal/+ros2/+custommessages/+pi3hat_moteus_int_msgs/pi3hat_moteus_int_msgs_msg_OmniMulinexCommand_1To2_Converter.m
[0.727s] -- Up-to-date: /home/anymalopc/docker_pronto_estimator/src/matlab_msg_gen/glnxa64/install/m//+ros/+internal/+ros2/+custommessages/+pi3hat_moteus_int_msgs/pi3hat_moteus_int_msgs_msg_PacketPass_1To2_Converter.m
[0.727s] -- Up-to-date: /home/anymalopc/docker_pronto_estimator/src/matlab_msg_gen/glnxa64/install/m//+ros/+internal/+ros2/+custommessages/+pi3hat_moteus_int_msgs/jointsCommand.m
[0.727s] -- Up-to-date: /home/anymalopc/docker_pronto_estimator/src/matlab_msg_gen/glnxa64/install/m//+ros/+internal/+ros2/+custommessages/+pi3hat_moteus_int_msgs/pi3hat_moteus_int_msgs_msg_JointsStates_1To2_Converter.m
[0.727s] -- Up-to-date: /home/anymalopc/docker_pronto_estimator/src/matlab_msg_gen/glnxa64/install/share/ament_index/resource_index/package_run_dependencies/pi3hat_moteus_int_msgs
[0.727s] -- Up-to-date: /home/anymalopc/docker_pronto_estimator/src/matlab_msg_gen/glnxa64/install/share/ament_index/resource_index/parent_prefix_path/pi3hat_moteus_int_msgs
[0.727s] -- Up-to-date: /home/anymalopc/docker_pronto_estimator/src/matlab_msg_gen/glnxa64/install/share/pi3hat_moteus_int_msgs/environment/ament_prefix_path.sh
[0.727s] -- Installing: /home/anymalopc/docker_pronto_estimator/src/matlab_msg_gen/glnxa64/install/share/pi3hat_moteus_int_msgs/environment/ament_prefix_path.dsv
[0.727s] -- Up-to-date: /home/anymalopc/docker_pronto_estimator/src/matlab_msg_gen/glnxa64/install/share/pi3hat_moteus_int_msgs/environment/path.sh
[0.727s] -- Installing: /home/anymalopc/docker_pronto_estimator/src/matlab_msg_gen/glnxa64/install/share/pi3hat_moteus_int_msgs/environment/path.dsv
[0.727s] -- Up-to-date: /home/anymalopc/docker_pronto_estimator/src/matlab_msg_gen/glnxa64/install/share/pi3hat_moteus_int_msgs/local_setup.bash
[0.727s] -- Up-to-date: /home/anymalopc/docker_pronto_estimator/src/matlab_msg_gen/glnxa64/install/share/pi3hat_moteus_int_msgs/local_setup.sh
[0.727s] -- Up-to-date: /home/anymalopc/docker_pronto_estimator/src/matlab_msg_gen/glnxa64/install/share/pi3hat_moteus_int_msgs/local_setup.zsh
[0.727s] -- Installing: /home/anymalopc/docker_pronto_estimator/src/matlab_msg_gen/glnxa64/install/share/pi3hat_moteus_int_msgs/local_setup.dsv
[0.727s] -- Installing: /home/anymalopc/docker_pronto_estimator/src/matlab_msg_gen/glnxa64/install/share/pi3hat_moteus_int_msgs/package.dsv
[0.727s] -- Up-to-date: /home/anymalopc/docker_pronto_estimator/src/matlab_msg_gen/glnxa64/install/share/ament_index/resource_index/packages/pi3hat_moteus_int_msgs
[0.727s] -- Up-to-date: /home/anymalopc/docker_pronto_estimator/src/matlab_msg_gen/glnxa64/install/share/pi3hat_moteus_int_msgs/cmake/pi3hat_moteus_int_msgs__rosidl_generator_cExport.cmake
[0.727s] -- Installing: /home/anymalopc/docker_pronto_estimator/src/matlab_msg_gen/glnxa64/install/share/pi3hat_moteus_int_msgs/cmake/pi3hat_moteus_int_msgs__rosidl_generator_cExport-release.cmake
[0.727s] -- Up-to-date: /home/anymalopc/docker_pronto_estimator/src/matlab_msg_gen/glnxa64/install/share/pi3hat_moteus_int_msgs/cmake/pi3hat_moteus_int_msgs__rosidl_typesupport_introspection_cExport.cmake
[0.727s] -- Installing: /home/anymalopc/docker_pronto_estimator/src/matlab_msg_gen/glnxa64/install/share/pi3hat_moteus_int_msgs/cmake/pi3hat_moteus_int_msgs__rosidl_typesupport_introspection_cExport-release.cmake
[0.727s] -- Up-to-date: /home/anymalopc/docker_pronto_estimator/src/matlab_msg_gen/glnxa64/install/share/pi3hat_moteus_int_msgs/cmake/pi3hat_moteus_int_msgs__rosidl_typesupport_cExport.cmake
[0.728s] -- Installing: /home/anymalopc/docker_pronto_estimator/src/matlab_msg_gen/glnxa64/install/share/pi3hat_moteus_int_msgs/cmake/pi3hat_moteus_int_msgs__rosidl_typesupport_cExport-release.cmake
[0.728s] -- Up-to-date: /home/anymalopc/docker_pronto_estimator/src/matlab_msg_gen/glnxa64/install/share/pi3hat_moteus_int_msgs/cmake/pi3hat_moteus_int_msgs__rosidl_generator_cppExport.cmake
[0.728s] -- Up-to-date: /home/anymalopc/docker_pronto_estimator/src/matlab_msg_gen/glnxa64/install/share/pi3hat_moteus_int_msgs/cmake/pi3hat_moteus_int_msgs__rosidl_typesupport_introspection_cppExport.cmake
[0.728s] -- Installing: /home/anymalopc/docker_pronto_estimator/src/matlab_msg_gen/glnxa64/install/share/pi3hat_moteus_int_msgs/cmake/pi3hat_moteus_int_msgs__rosidl_typesupport_introspection_cppExport-release.cmake
[0.728s] -- Up-to-date: /home/anymalopc/docker_pronto_estimator/src/matlab_msg_gen/glnxa64/install/share/pi3hat_moteus_int_msgs/cmake/pi3hat_moteus_int_msgs__rosidl_typesupport_cppExport.cmake
[0.728s] -- Installing: /home/anymalopc/docker_pronto_estimator/src/matlab_msg_gen/glnxa64/install/share/pi3hat_moteus_int_msgs/cmake/pi3hat_moteus_int_msgs__rosidl_typesupport_cppExport-release.cmake
[0.728s] -- Up-to-date: /home/anymalopc/docker_pronto_estimator/src/matlab_msg_gen/glnxa64/install/share/pi3hat_moteus_int_msgs/cmake/rosidl_cmake-extras.cmake
[0.728s] -- Up-to-date: /home/anymalopc/docker_pronto_estimator/src/matlab_msg_gen/glnxa64/install/share/pi3hat_moteus_int_msgs/cmake/ament_cmake_export_dependencies-extras.cmake
[0.728s] -- Up-to-date: /home/anymalopc/docker_pronto_estimator/src/matlab_msg_gen/glnxa64/install/share/pi3hat_moteus_int_msgs/cmake/ament_cmake_export_libraries-extras.cmake
[0.728s] -- Up-to-date: /home/anymalopc/docker_pronto_estimator/src/matlab_msg_gen/glnxa64/install/share/pi3hat_moteus_int_msgs/cmake/ament_cmake_export_targets-extras.cmake
[0.728s] -- Up-to-date: /home/anymalopc/docker_pronto_estimator/src/matlab_msg_gen/glnxa64/install/share/pi3hat_moteus_int_msgs/cmake/ament_cmake_export_include_directories-extras.cmake
[0.728s] -- Up-to-date: /home/anymalopc/docker_pronto_estimator/src/matlab_msg_gen/glnxa64/install/share/pi3hat_moteus_int_msgs/cmake/rosidl_cmake_export_typesupport_libraries-extras.cmake
[0.728s] -- Up-to-date: /home/anymalopc/docker_pronto_estimator/src/matlab_msg_gen/glnxa64/install/share/pi3hat_moteus_int_msgs/cmake/rosidl_cmake_export_typesupport_targets-extras.cmake
[0.728s] -- Up-to-date: /home/anymalopc/docker_pronto_estimator/src/matlab_msg_gen/glnxa64/install/share/pi3hat_moteus_int_msgs/cmake/pi3hat_moteus_int_msgsConfig.cmake
[0.728s] -- Up-to-date: /home/anymalopc/docker_pronto_estimator/src/matlab_msg_gen/glnxa64/install/share/pi3hat_moteus_int_msgs/cmake/pi3hat_moteus_int_msgsConfig-version.cmake
[0.728s] -- Installing: /home/anymalopc/docker_pronto_estimator/src/matlab_msg_gen/glnxa64/install/share/pi3hat_moteus_int_msgs/package.xml
[0.728s] Invoked command in '/home/anymalopc/docker_pronto_estimator/src/matlab_msg_gen/glnxa64/build/pi3hat_moteus_int_msgs' returned '0': PS1=(venv) /home/anymalopc/MATLAB/bin/glnxa64/cmake/bin/cmake --install /home/anymalopc/docker_pronto_estimator/src/matlab_msg_gen/glnxa64/build/pi3hat_moteus_int_msgs
