[0.512s] Invoking command in '/home/ros/docker_pronto_ws/build/generalized_pose_msgs': CMAKE_PREFIX_PATH=${CMAKE_PREFIX_PATH}:/home/ros/docker_pronto_ws/install/planners_python:/home/ros/docker_pronto_ws/install/logger_gazebo:/home/ros/docker_pronto_ws/install/terrain_estimator:/home/ros/docker_pronto_ws/install/pose_estimator:/opt/ros/humble /usr/bin/cmake --build /home/ros/docker_pronto_ws/build/generalized_pose_msgs -- -j16 -l16
[0.592s] [  2%] Built target generalized_pose_msgs__cpp
[0.600s] [  2%] Built target ament_cmake_python_symlink_generalized_pose_msgs
[0.607s] [ 12%] Built target generalized_pose_msgs__rosidl_generator_c
[0.671s] [ 23%] Built target generalized_pose_msgs__rosidl_typesupport_fastrtps_cpp
[0.681s] [ 34%] Built target generalized_pose_msgs__rosidl_typesupport_cpp
[0.682s] [ 44%] Built target generalized_pose_msgs__rosidl_typesupport_introspection_cpp
[0.688s] [ 55%] Built target generalized_pose_msgs__rosidl_typesupport_fastrtps_c
[0.689s] [ 65%] Built target generalized_pose_msgs__rosidl_typesupport_c
[0.697s] [ 76%] Built target generalized_pose_msgs__rosidl_typesupport_introspection_c
[0.729s] [ 76%] Built target generalized_pose_msgs
[0.762s] [ 78%] Built target generalized_pose_msgs__py
[0.792s] [ 87%] Built target generalized_pose_msgs__rosidl_generator_py
[0.861s] [ 91%] Built target generalized_pose_msgs__rosidl_typesupport_c__pyext
[0.865s] [100%] Built target generalized_pose_msgs__rosidl_typesupport_introspection_c__pyext
[0.865s] [100%] Built target generalized_pose_msgs__rosidl_typesupport_fastrtps_c__pyext
[0.922s] running egg_info
[0.923s] writing generalized_pose_msgs.egg-info/PKG-INFO
[0.923s] writing dependency_links to generalized_pose_msgs.egg-info/dependency_links.txt
[0.923s] writing top-level names to generalized_pose_msgs.egg-info/top_level.txt
[0.925s] reading manifest file 'generalized_pose_msgs.egg-info/SOURCES.txt'
[0.926s] writing manifest file 'generalized_pose_msgs.egg-info/SOURCES.txt'
[0.958s] [100%] Built target ament_cmake_python_build_generalized_pose_msgs_egg
[0.976s] Invoked command in '/home/ros/docker_pronto_ws/build/generalized_pose_msgs' returned '0': CMAKE_PREFIX_PATH=${CMAKE_PREFIX_PATH}:/home/ros/docker_pronto_ws/install/planners_python:/home/ros/docker_pronto_ws/install/logger_gazebo:/home/ros/docker_pronto_ws/install/terrain_estimator:/home/ros/docker_pronto_ws/install/pose_estimator:/opt/ros/humble /usr/bin/cmake --build /home/ros/docker_pronto_ws/build/generalized_pose_msgs -- -j16 -l16
[1.562s] Invoking command in '/home/ros/docker_pronto_ws/build/generalized_pose_msgs': CMAKE_PREFIX_PATH=${CMAKE_PREFIX_PATH}:/home/ros/docker_pronto_ws/install/planners_python:/home/ros/docker_pronto_ws/install/logger_gazebo:/home/ros/docker_pronto_ws/install/terrain_estimator:/home/ros/docker_pronto_ws/install/pose_estimator:/opt/ros/humble /usr/bin/cmake --install /home/ros/docker_pronto_ws/build/generalized_pose_msgs
[1.608s] -- Install configuration: "Release"
[1.609s] -- Execute custom install script
[1.609s] -- Up-to-date symlink: /home/ros/docker_pronto_ws/install/generalized_pose_msgs/share/ament_index/resource_index/rosidl_interfaces/generalized_pose_msgs
[1.609s] -- Up-to-date symlink: /home/ros/docker_pronto_ws/install/generalized_pose_msgs/include/generalized_pose_msgs/generalized_pose_msgs/msg/detail/generalized_pose__functions.h
[1.609s] -- Up-to-date symlink: /home/ros/docker_pronto_ws/install/generalized_pose_msgs/include/generalized_pose_msgs/generalized_pose_msgs/msg/detail/generalized_pose__struct.h
[1.609s] -- Up-to-date symlink: /home/ros/docker_pronto_ws/install/generalized_pose_msgs/include/generalized_pose_msgs/generalized_pose_msgs/msg/detail/generalized_pose__type_support.h
[1.609s] -- Up-to-date symlink: /home/ros/docker_pronto_ws/install/generalized_pose_msgs/include/generalized_pose_msgs/generalized_pose_msgs/msg/detail/generalized_pose_with_time__functions.h
[1.609s] -- Up-to-date symlink: /home/ros/docker_pronto_ws/install/generalized_pose_msgs/include/generalized_pose_msgs/generalized_pose_msgs/msg/detail/generalized_pose_with_time__struct.h
[1.609s] -- Up-to-date symlink: /home/ros/docker_pronto_ws/install/generalized_pose_msgs/include/generalized_pose_msgs/generalized_pose_msgs/msg/detail/generalized_pose_with_time__type_support.h
[1.610s] -- Up-to-date symlink: /home/ros/docker_pronto_ws/install/generalized_pose_msgs/include/generalized_pose_msgs/generalized_pose_msgs/msg/detail/generalized_poses_with_time__functions.h
[1.610s] -- Up-to-date symlink: /home/ros/docker_pronto_ws/install/generalized_pose_msgs/include/generalized_pose_msgs/generalized_pose_msgs/msg/detail/generalized_poses_with_time__struct.h
[1.610s] -- Up-to-date symlink: /home/ros/docker_pronto_ws/install/generalized_pose_msgs/include/generalized_pose_msgs/generalized_pose_msgs/msg/detail/generalized_poses_with_time__type_support.h
[1.610s] -- Up-to-date symlink: /home/ros/docker_pronto_ws/install/generalized_pose_msgs/include/generalized_pose_msgs/generalized_pose_msgs/msg/generalized_pose.h
[1.610s] -- Up-to-date symlink: /home/ros/docker_pronto_ws/install/generalized_pose_msgs/include/generalized_pose_msgs/generalized_pose_msgs/msg/generalized_pose_with_time.h
[1.610s] -- Up-to-date symlink: /home/ros/docker_pronto_ws/install/generalized_pose_msgs/include/generalized_pose_msgs/generalized_pose_msgs/msg/generalized_poses_with_time.h
[1.610s] -- Up-to-date symlink: /home/ros/docker_pronto_ws/install/generalized_pose_msgs/include/generalized_pose_msgs/generalized_pose_msgs/msg/rosidl_generator_c__visibility_control.h
[1.610s] -- Up-to-date symlink: /home/ros/docker_pronto_ws/install/generalized_pose_msgs/share/generalized_pose_msgs/environment/library_path.sh
[1.610s] -- Up-to-date symlink: /home/ros/docker_pronto_ws/install/generalized_pose_msgs/share/generalized_pose_msgs/environment/library_path.dsv
[1.611s] -- Up-to-date symlink: /home/ros/docker_pronto_ws/install/generalized_pose_msgs/include/generalized_pose_msgs/generalized_pose_msgs/msg/detail/generalized_pose__rosidl_typesupport_fastrtps_c.h
[1.611s] -- Up-to-date symlink: /home/ros/docker_pronto_ws/install/generalized_pose_msgs/include/generalized_pose_msgs/generalized_pose_msgs/msg/detail/generalized_pose_with_time__rosidl_typesupport_fastrtps_c.h
[1.611s] -- Up-to-date symlink: /home/ros/docker_pronto_ws/install/generalized_pose_msgs/include/generalized_pose_msgs/generalized_pose_msgs/msg/detail/generalized_poses_with_time__rosidl_typesupport_fastrtps_c.h
[1.611s] -- Up-to-date symlink: /home/ros/docker_pronto_ws/install/generalized_pose_msgs/include/generalized_pose_msgs/generalized_pose_msgs/msg/rosidl_typesupport_fastrtps_c__visibility_control.h
[1.611s] -- Up-to-date symlink: /home/ros/docker_pronto_ws/install/generalized_pose_msgs/include/generalized_pose_msgs/generalized_pose_msgs/msg/detail/generalized_pose__rosidl_typesupport_introspection_c.h
[1.611s] -- Up-to-date symlink: /home/ros/docker_pronto_ws/install/generalized_pose_msgs/include/generalized_pose_msgs/generalized_pose_msgs/msg/detail/generalized_pose_with_time__rosidl_typesupport_introspection_c.h
[1.611s] -- Up-to-date symlink: /home/ros/docker_pronto_ws/install/generalized_pose_msgs/include/generalized_pose_msgs/generalized_pose_msgs/msg/detail/generalized_poses_with_time__rosidl_typesupport_introspection_c.h
[1.611s] -- Up-to-date symlink: /home/ros/docker_pronto_ws/install/generalized_pose_msgs/include/generalized_pose_msgs/generalized_pose_msgs/msg/rosidl_typesupport_introspection_c__visibility_control.h
[1.611s] -- Up-to-date symlink: /home/ros/docker_pronto_ws/install/generalized_pose_msgs/include/generalized_pose_msgs/generalized_pose_msgs/msg/detail/generalized_pose__builder.hpp
[1.612s] -- Up-to-date symlink: /home/ros/docker_pronto_ws/install/generalized_pose_msgs/include/generalized_pose_msgs/generalized_pose_msgs/msg/detail/generalized_pose__struct.hpp
[1.612s] -- Up-to-date symlink: /home/ros/docker_pronto_ws/install/generalized_pose_msgs/include/generalized_pose_msgs/generalized_pose_msgs/msg/detail/generalized_pose__traits.hpp
[1.612s] -- Up-to-date symlink: /home/ros/docker_pronto_ws/install/generalized_pose_msgs/include/generalized_pose_msgs/generalized_pose_msgs/msg/detail/generalized_pose_with_time__builder.hpp
[1.612s] -- Up-to-date symlink: /home/ros/docker_pronto_ws/install/generalized_pose_msgs/include/generalized_pose_msgs/generalized_pose_msgs/msg/detail/generalized_pose_with_time__struct.hpp
[1.612s] -- Up-to-date symlink: /home/ros/docker_pronto_ws/install/generalized_pose_msgs/include/generalized_pose_msgs/generalized_pose_msgs/msg/detail/generalized_pose_with_time__traits.hpp
[1.612s] -- Up-to-date symlink: /home/ros/docker_pronto_ws/install/generalized_pose_msgs/include/generalized_pose_msgs/generalized_pose_msgs/msg/detail/generalized_poses_with_time__builder.hpp
[1.612s] -- Up-to-date symlink: /home/ros/docker_pronto_ws/install/generalized_pose_msgs/include/generalized_pose_msgs/generalized_pose_msgs/msg/detail/generalized_poses_with_time__struct.hpp
[1.612s] -- Up-to-date symlink: /home/ros/docker_pronto_ws/install/generalized_pose_msgs/include/generalized_pose_msgs/generalized_pose_msgs/msg/detail/generalized_poses_with_time__traits.hpp
[1.613s] -- Up-to-date symlink: /home/ros/docker_pronto_ws/install/generalized_pose_msgs/include/generalized_pose_msgs/generalized_pose_msgs/msg/generalized_pose.hpp
[1.613s] -- Up-to-date symlink: /home/ros/docker_pronto_ws/install/generalized_pose_msgs/include/generalized_pose_msgs/generalized_pose_msgs/msg/generalized_pose_with_time.hpp
[1.613s] -- Up-to-date symlink: /home/ros/docker_pronto_ws/install/generalized_pose_msgs/include/generalized_pose_msgs/generalized_pose_msgs/msg/generalized_poses_with_time.hpp
[1.613s] -- Up-to-date symlink: /home/ros/docker_pronto_ws/install/generalized_pose_msgs/include/generalized_pose_msgs/generalized_pose_msgs/msg/detail/generalized_pose__rosidl_typesupport_fastrtps_cpp.hpp
[1.613s] -- Up-to-date symlink: /home/ros/docker_pronto_ws/install/generalized_pose_msgs/include/generalized_pose_msgs/generalized_pose_msgs/msg/detail/generalized_pose_with_time__rosidl_typesupport_fastrtps_cpp.hpp
[1.613s] -- Up-to-date symlink: /home/ros/docker_pronto_ws/install/generalized_pose_msgs/include/generalized_pose_msgs/generalized_pose_msgs/msg/detail/generalized_poses_with_time__rosidl_typesupport_fastrtps_cpp.hpp
[1.613s] -- Up-to-date symlink: /home/ros/docker_pronto_ws/install/generalized_pose_msgs/include/generalized_pose_msgs/generalized_pose_msgs/msg/rosidl_typesupport_fastrtps_cpp__visibility_control.h
[1.613s] -- Up-to-date symlink: /home/ros/docker_pronto_ws/install/generalized_pose_msgs/include/generalized_pose_msgs/generalized_pose_msgs/msg/detail/generalized_pose__rosidl_typesupport_introspection_cpp.hpp
[1.613s] -- Up-to-date symlink: /home/ros/docker_pronto_ws/install/generalized_pose_msgs/include/generalized_pose_msgs/generalized_pose_msgs/msg/detail/generalized_pose_with_time__rosidl_typesupport_introspection_cpp.hpp
[1.614s] -- Up-to-date symlink: /home/ros/docker_pronto_ws/install/generalized_pose_msgs/include/generalized_pose_msgs/generalized_pose_msgs/msg/detail/generalized_poses_with_time__rosidl_typesupport_introspection_cpp.hpp
[1.614s] -- Up-to-date symlink: /home/ros/docker_pronto_ws/install/generalized_pose_msgs/share/generalized_pose_msgs/environment/pythonpath.sh
[1.614s] -- Up-to-date symlink: /home/ros/docker_pronto_ws/install/generalized_pose_msgs/share/generalized_pose_msgs/environment/pythonpath.dsv
[1.614s] -- Up-to-date symlink: /home/ros/docker_pronto_ws/install/generalized_pose_msgs/local/lib/python3.10/dist-packages/generalized_pose_msgs-0.0.0-py3.10.egg-info/PKG-INFO
[1.614s] -- Up-to-date symlink: /home/ros/docker_pronto_ws/install/generalized_pose_msgs/local/lib/python3.10/dist-packages/generalized_pose_msgs-0.0.0-py3.10.egg-info/SOURCES.txt
[1.614s] -- Up-to-date symlink: /home/ros/docker_pronto_ws/install/generalized_pose_msgs/local/lib/python3.10/dist-packages/generalized_pose_msgs-0.0.0-py3.10.egg-info/dependency_links.txt
[1.614s] -- Up-to-date symlink: /home/ros/docker_pronto_ws/install/generalized_pose_msgs/local/lib/python3.10/dist-packages/generalized_pose_msgs-0.0.0-py3.10.egg-info/top_level.txt
[1.614s] -- Up-to-date symlink: /home/ros/docker_pronto_ws/install/generalized_pose_msgs/local/lib/python3.10/dist-packages/generalized_pose_msgs/__init__.py
[1.614s] -- Up-to-date symlink: /home/ros/docker_pronto_ws/install/generalized_pose_msgs/local/lib/python3.10/dist-packages/generalized_pose_msgs/_generalized_pose_msgs_s.ep.rosidl_typesupport_c.c
[1.615s] -- Up-to-date symlink: /home/ros/docker_pronto_ws/install/generalized_pose_msgs/local/lib/python3.10/dist-packages/generalized_pose_msgs/_generalized_pose_msgs_s.ep.rosidl_typesupport_fastrtps_c.c
[1.615s] -- Up-to-date symlink: /home/ros/docker_pronto_ws/install/generalized_pose_msgs/local/lib/python3.10/dist-packages/generalized_pose_msgs/_generalized_pose_msgs_s.ep.rosidl_typesupport_introspection_c.c
[1.615s] -- Up-to-date symlink: /home/ros/docker_pronto_ws/install/generalized_pose_msgs/local/lib/python3.10/dist-packages/generalized_pose_msgs/generalized_pose_msgs_s__rosidl_typesupport_c.cpython-310-x86_64-linux-gnu.so
[1.615s] -- Up-to-date symlink: /home/ros/docker_pronto_ws/install/generalized_pose_msgs/local/lib/python3.10/dist-packages/generalized_pose_msgs/generalized_pose_msgs_s__rosidl_typesupport_fastrtps_c.cpython-310-x86_64-linux-gnu.so
[1.615s] -- Up-to-date symlink: /home/ros/docker_pronto_ws/install/generalized_pose_msgs/local/lib/python3.10/dist-packages/generalized_pose_msgs/generalized_pose_msgs_s__rosidl_typesupport_introspection_c.cpython-310-x86_64-linux-gnu.so
[1.615s] -- Up-to-date symlink: /home/ros/docker_pronto_ws/install/generalized_pose_msgs/local/lib/python3.10/dist-packages/generalized_pose_msgs/libgeneralized_pose_msgs__rosidl_generator_py.so
[1.615s] -- Up-to-date symlink: /home/ros/docker_pronto_ws/install/generalized_pose_msgs/local/lib/python3.10/dist-packages/generalized_pose_msgs/msg/__init__.py
[1.615s] -- Up-to-date symlink: /home/ros/docker_pronto_ws/install/generalized_pose_msgs/local/lib/python3.10/dist-packages/generalized_pose_msgs/msg/_generalized_pose.py
[1.615s] -- Up-to-date symlink: /home/ros/docker_pronto_ws/install/generalized_pose_msgs/local/lib/python3.10/dist-packages/generalized_pose_msgs/msg/_generalized_pose_s.c
[1.616s] -- Up-to-date symlink: /home/ros/docker_pronto_ws/install/generalized_pose_msgs/local/lib/python3.10/dist-packages/generalized_pose_msgs/msg/_generalized_pose_with_time.py
[1.616s] -- Up-to-date symlink: /home/ros/docker_pronto_ws/install/generalized_pose_msgs/local/lib/python3.10/dist-packages/generalized_pose_msgs/msg/_generalized_pose_with_time_s.c
[1.616s] -- Up-to-date symlink: /home/ros/docker_pronto_ws/install/generalized_pose_msgs/local/lib/python3.10/dist-packages/generalized_pose_msgs/msg/_generalized_poses_with_time.py
[1.616s] -- Up-to-date symlink: /home/ros/docker_pronto_ws/install/generalized_pose_msgs/local/lib/python3.10/dist-packages/generalized_pose_msgs/msg/_generalized_poses_with_time_s.c
[1.616s] -- Up-to-date symlink: /home/ros/docker_pronto_ws/install/generalized_pose_msgs/local/lib/python3.10/dist-packages/generalized_pose_msgs/generalized_pose_msgs_s__rosidl_typesupport_fastrtps_c.cpython-310-x86_64-linux-gnu.so
[1.616s] -- Up-to-date symlink: /home/ros/docker_pronto_ws/install/generalized_pose_msgs/local/lib/python3.10/dist-packages/generalized_pose_msgs/generalized_pose_msgs_s__rosidl_typesupport_introspection_c.cpython-310-x86_64-linux-gnu.so
[1.616s] -- Up-to-date symlink: /home/ros/docker_pronto_ws/install/generalized_pose_msgs/local/lib/python3.10/dist-packages/generalized_pose_msgs/generalized_pose_msgs_s__rosidl_typesupport_c.cpython-310-x86_64-linux-gnu.so
[1.616s] -- Up-to-date symlink: /home/ros/docker_pronto_ws/install/generalized_pose_msgs/share/generalized_pose_msgs/msg/GeneralizedPose.idl
[1.616s] -- Up-to-date symlink: /home/ros/docker_pronto_ws/install/generalized_pose_msgs/share/generalized_pose_msgs/msg/GeneralizedPoseWithTime.idl
[1.617s] -- Up-to-date symlink: /home/ros/docker_pronto_ws/install/generalized_pose_msgs/share/generalized_pose_msgs/msg/GeneralizedPosesWithTime.idl
[1.617s] -- Up-to-date symlink: /home/ros/docker_pronto_ws/install/generalized_pose_msgs/share/generalized_pose_msgs/msg/GeneralizedPose.msg
[1.617s] -- Up-to-date symlink: /home/ros/docker_pronto_ws/install/generalized_pose_msgs/share/generalized_pose_msgs/msg/GeneralizedPoseWithTime.msg
[1.617s] -- Up-to-date symlink: /home/ros/docker_pronto_ws/install/generalized_pose_msgs/share/generalized_pose_msgs/msg/GeneralizedPosesWithTime.msg
[1.617s] -- Up-to-date symlink: /home/ros/docker_pronto_ws/install/generalized_pose_msgs/include/generalized_pose_msgs/generalized_pose_msgs/generalized_pose_struct.hpp
[1.617s] -- Up-to-date symlink: /home/ros/docker_pronto_ws/install/generalized_pose_msgs/share/ament_index/resource_index/package_run_dependencies/generalized_pose_msgs
[1.617s] -- Up-to-date symlink: /home/ros/docker_pronto_ws/install/generalized_pose_msgs/share/ament_index/resource_index/parent_prefix_path/generalized_pose_msgs
[1.617s] -- Up-to-date symlink: /home/ros/docker_pronto_ws/install/generalized_pose_msgs/share/generalized_pose_msgs/environment/ament_prefix_path.sh
[1.617s] -- Up-to-date symlink: /home/ros/docker_pronto_ws/install/generalized_pose_msgs/share/generalized_pose_msgs/environment/ament_prefix_path.dsv
[1.618s] -- Up-to-date symlink: /home/ros/docker_pronto_ws/install/generalized_pose_msgs/share/generalized_pose_msgs/environment/path.sh
[1.618s] -- Up-to-date symlink: /home/ros/docker_pronto_ws/install/generalized_pose_msgs/share/generalized_pose_msgs/environment/path.dsv
[1.618s] -- Up-to-date symlink: /home/ros/docker_pronto_ws/install/generalized_pose_msgs/share/generalized_pose_msgs/local_setup.bash
[1.618s] -- Up-to-date symlink: /home/ros/docker_pronto_ws/install/generalized_pose_msgs/share/generalized_pose_msgs/local_setup.sh
[1.618s] -- Up-to-date symlink: /home/ros/docker_pronto_ws/install/generalized_pose_msgs/share/generalized_pose_msgs/local_setup.zsh
[1.618s] -- Up-to-date symlink: /home/ros/docker_pronto_ws/install/generalized_pose_msgs/share/generalized_pose_msgs/local_setup.dsv
[1.618s] -- Symlinking: /home/ros/docker_pronto_ws/install/generalized_pose_msgs/share/generalized_pose_msgs/package.dsv
[1.618s] -- Up-to-date symlink: /home/ros/docker_pronto_ws/install/generalized_pose_msgs/share/ament_index/resource_index/packages/generalized_pose_msgs
[1.619s] -- Up-to-date symlink: /home/ros/docker_pronto_ws/install/generalized_pose_msgs/share/generalized_pose_msgs/cmake/rosidl_cmake-extras.cmake
[1.619s] -- Up-to-date symlink: /home/ros/docker_pronto_ws/install/generalized_pose_msgs/share/generalized_pose_msgs/cmake/ament_cmake_export_dependencies-extras.cmake
[1.619s] -- Up-to-date symlink: /home/ros/docker_pronto_ws/install/generalized_pose_msgs/share/generalized_pose_msgs/cmake/ament_cmake_export_include_directories-extras.cmake
[1.619s] -- Up-to-date symlink: /home/ros/docker_pronto_ws/install/generalized_pose_msgs/share/generalized_pose_msgs/cmake/ament_cmake_export_libraries-extras.cmake
[1.619s] -- Up-to-date symlink: /home/ros/docker_pronto_ws/install/generalized_pose_msgs/share/generalized_pose_msgs/cmake/ament_cmake_export_targets-extras.cmake
[1.619s] -- Up-to-date symlink: /home/ros/docker_pronto_ws/install/generalized_pose_msgs/share/generalized_pose_msgs/cmake/rosidl_cmake_export_typesupport_targets-extras.cmake
[1.619s] -- Up-to-date symlink: /home/ros/docker_pronto_ws/install/generalized_pose_msgs/share/generalized_pose_msgs/cmake/rosidl_cmake_export_typesupport_libraries-extras.cmake
[1.619s] -- Up-to-date symlink: /home/ros/docker_pronto_ws/install/generalized_pose_msgs/share/generalized_pose_msgs/cmake/generalized_pose_msgsConfig.cmake
[1.620s] -- Up-to-date symlink: /home/ros/docker_pronto_ws/install/generalized_pose_msgs/share/generalized_pose_msgs/cmake/generalized_pose_msgsConfig-version.cmake
[1.620s] -- Up-to-date symlink: /home/ros/docker_pronto_ws/install/generalized_pose_msgs/share/generalized_pose_msgs/package.xml
[1.620s] -- Up-to-date: /home/ros/docker_pronto_ws/install/generalized_pose_msgs/lib/libgeneralized_pose_msgs__rosidl_generator_c.so
[1.620s] -- Up-to-date: /home/ros/docker_pronto_ws/install/generalized_pose_msgs/lib/libgeneralized_pose_msgs__rosidl_typesupport_fastrtps_c.so
[1.620s] -- Up-to-date: /home/ros/docker_pronto_ws/install/generalized_pose_msgs/lib/libgeneralized_pose_msgs__rosidl_typesupport_introspection_c.so
[1.620s] -- Up-to-date: /home/ros/docker_pronto_ws/install/generalized_pose_msgs/lib/libgeneralized_pose_msgs__rosidl_typesupport_c.so
[1.621s] -- Up-to-date: /home/ros/docker_pronto_ws/install/generalized_pose_msgs/lib/libgeneralized_pose_msgs__rosidl_typesupport_fastrtps_cpp.so
[1.621s] -- Up-to-date: /home/ros/docker_pronto_ws/install/generalized_pose_msgs/lib/libgeneralized_pose_msgs__rosidl_typesupport_introspection_cpp.so
[1.621s] -- Up-to-date: /home/ros/docker_pronto_ws/install/generalized_pose_msgs/lib/libgeneralized_pose_msgs__rosidl_typesupport_cpp.so
[1.649s] Listing '/home/ros/docker_pronto_ws/install/generalized_pose_msgs/local/lib/python3.10/dist-packages/generalized_pose_msgs'...
[1.649s] Listing '/home/ros/docker_pronto_ws/install/generalized_pose_msgs/local/lib/python3.10/dist-packages/generalized_pose_msgs/msg'...
[1.653s] -- Up-to-date: /home/ros/docker_pronto_ws/install/generalized_pose_msgs/lib/libgeneralized_pose_msgs__rosidl_generator_py.so
[1.653s] -- Up-to-date: /home/ros/docker_pronto_ws/install/generalized_pose_msgs/share/generalized_pose_msgs/cmake/export_generalized_pose_msgs__rosidl_generator_cExport.cmake
[1.653s] -- Up-to-date: /home/ros/docker_pronto_ws/install/generalized_pose_msgs/share/generalized_pose_msgs/cmake/export_generalized_pose_msgs__rosidl_generator_cExport-release.cmake
[1.653s] -- Up-to-date: /home/ros/docker_pronto_ws/install/generalized_pose_msgs/share/generalized_pose_msgs/cmake/export_generalized_pose_msgs__rosidl_typesupport_fastrtps_cExport.cmake
[1.653s] -- Up-to-date: /home/ros/docker_pronto_ws/install/generalized_pose_msgs/share/generalized_pose_msgs/cmake/export_generalized_pose_msgs__rosidl_typesupport_fastrtps_cExport-release.cmake
[1.653s] -- Up-to-date: /home/ros/docker_pronto_ws/install/generalized_pose_msgs/share/generalized_pose_msgs/cmake/generalized_pose_msgs__rosidl_typesupport_introspection_cExport.cmake
[1.653s] -- Up-to-date: /home/ros/docker_pronto_ws/install/generalized_pose_msgs/share/generalized_pose_msgs/cmake/generalized_pose_msgs__rosidl_typesupport_introspection_cExport-release.cmake
[1.654s] -- Up-to-date: /home/ros/docker_pronto_ws/install/generalized_pose_msgs/share/generalized_pose_msgs/cmake/generalized_pose_msgs__rosidl_typesupport_cExport.cmake
[1.654s] -- Up-to-date: /home/ros/docker_pronto_ws/install/generalized_pose_msgs/share/generalized_pose_msgs/cmake/generalized_pose_msgs__rosidl_typesupport_cExport-release.cmake
[1.654s] -- Up-to-date: /home/ros/docker_pronto_ws/install/generalized_pose_msgs/share/generalized_pose_msgs/cmake/export_generalized_pose_msgs__rosidl_generator_cppExport.cmake
[1.654s] -- Up-to-date: /home/ros/docker_pronto_ws/install/generalized_pose_msgs/share/generalized_pose_msgs/cmake/export_generalized_pose_msgs__rosidl_typesupport_fastrtps_cppExport.cmake
[1.654s] -- Up-to-date: /home/ros/docker_pronto_ws/install/generalized_pose_msgs/share/generalized_pose_msgs/cmake/export_generalized_pose_msgs__rosidl_typesupport_fastrtps_cppExport-release.cmake
[1.654s] -- Up-to-date: /home/ros/docker_pronto_ws/install/generalized_pose_msgs/share/generalized_pose_msgs/cmake/generalized_pose_msgs__rosidl_typesupport_introspection_cppExport.cmake
[1.654s] -- Up-to-date: /home/ros/docker_pronto_ws/install/generalized_pose_msgs/share/generalized_pose_msgs/cmake/generalized_pose_msgs__rosidl_typesupport_introspection_cppExport-release.cmake
[1.654s] -- Up-to-date: /home/ros/docker_pronto_ws/install/generalized_pose_msgs/share/generalized_pose_msgs/cmake/generalized_pose_msgs__rosidl_typesupport_cppExport.cmake
[1.654s] -- Up-to-date: /home/ros/docker_pronto_ws/install/generalized_pose_msgs/share/generalized_pose_msgs/cmake/generalized_pose_msgs__rosidl_typesupport_cppExport-release.cmake
[1.654s] -- Up-to-date: /home/ros/docker_pronto_ws/install/generalized_pose_msgs/share/generalized_pose_msgs/cmake/export_generalized_pose_msgs__rosidl_generator_pyExport.cmake
[1.654s] -- Up-to-date: /home/ros/docker_pronto_ws/install/generalized_pose_msgs/share/generalized_pose_msgs/cmake/export_generalized_pose_msgs__rosidl_generator_pyExport-release.cmake
[1.919s] Invoked command in '/home/ros/docker_pronto_ws/build/generalized_pose_msgs' returned '0': CMAKE_PREFIX_PATH=${CMAKE_PREFIX_PATH}:/home/ros/docker_pronto_ws/install/planners_python:/home/ros/docker_pronto_ws/install/logger_gazebo:/home/ros/docker_pronto_ws/install/terrain_estimator:/home/ros/docker_pronto_ws/install/pose_estimator:/opt/ros/humble /usr/bin/cmake --install /home/ros/docker_pronto_ws/build/generalized_pose_msgs
