[0.316s] Invoking command in '/home/ros/docker_pronto_ws/build/pronto_utils': CMAKE_PREFIX_PATH=${CMAKE_PREFIX_PATH}:/home/ros/docker_pronto_ws/install/planners_python:/home/ros/docker_pronto_ws/install/logger_gazebo:/home/ros/docker_pronto_ws/install/terrain_estimator:/home/ros/docker_pronto_ws/install/pose_estimator:/opt/ros/humble /usr/bin/cmake --build /home/ros/docker_pronto_ws/build/pronto_utils -- -j16 -l16
[0.383s] [35m[1mConsolidate compiler generated dependencies of target pronto_utils[0m
[0.389s] [35m[1mConsolidate compiler generated dependencies of target kalman_filter[0m
[0.443s] [ 20%] Built target kalman_filter
[0.455s] [ 85%] Built target pronto_utils
[0.494s] [35m[1mConsolidate compiler generated dependencies of target backlash_filter[0m
[0.527s] [100%] Built target backlash_filter
[0.724s] Invoked command in '/home/ros/docker_pronto_ws/build/pronto_utils' returned '0': CMAKE_PREFIX_PATH=${CMAKE_PREFIX_PATH}:/home/ros/docker_pronto_ws/install/planners_python:/home/ros/docker_pronto_ws/install/logger_gazebo:/home/ros/docker_pronto_ws/install/terrain_estimator:/home/ros/docker_pronto_ws/install/pose_estimator:/opt/ros/humble /usr/bin/cmake --build /home/ros/docker_pronto_ws/build/pronto_utils -- -j16 -l16
[0.911s] Invoking command in '/home/ros/docker_pronto_ws/build/pronto_utils': CMAKE_PREFIX_PATH=${CMAKE_PREFIX_PATH}:/home/ros/docker_pronto_ws/install/planners_python:/home/ros/docker_pronto_ws/install/logger_gazebo:/home/ros/docker_pronto_ws/install/terrain_estimator:/home/ros/docker_pronto_ws/install/pose_estimator:/opt/ros/humble /usr/bin/cmake --install /home/ros/docker_pronto_ws/build/pronto_utils
[0.915s] -- Install configuration: "Release"
[0.915s] -- Execute custom install script
[0.915s] -- Up-to-date symlink: /home/ros/docker_pronto_ws/install/pronto_utils/share/pronto_utils/environment/library_path.sh
[0.915s] -- Up-to-date symlink: /home/ros/docker_pronto_ws/install/pronto_utils/share/pronto_utils/environment/library_path.dsv
[0.915s] -- Up-to-date symlink: /home/ros/docker_pronto_ws/install/pronto_utils/include/pronto_utils/BipolarSchmittTrigger.hpp
[0.915s] -- Up-to-date symlink: /home/ros/docker_pronto_ws/install/pronto_utils/include/pronto_utils/BlipFilter.hpp
[0.915s] -- Up-to-date symlink: /home/ros/docker_pronto_ws/install/pronto_utils/include/pronto_utils/CumulativeAverage.hpp
[0.916s] -- Up-to-date symlink: /home/ros/docker_pronto_ws/install/pronto_utils/include/pronto_utils/DataFileLogger.hpp
[0.916s] -- Up-to-date symlink: /home/ros/docker_pronto_ws/install/pronto_utils/include/pronto_utils/DistributedDiff.hpp
[0.916s] -- Up-to-date symlink: /home/ros/docker_pronto_ws/install/pronto_utils/include/pronto_utils/ExpireTimer.hpp
[0.916s] -- Up-to-date symlink: /home/ros/docker_pronto_ws/install/pronto_utils/include/pronto_utils/Filter.hpp
[0.916s] -- Up-to-date symlink: /home/ros/docker_pronto_ws/install/pronto_utils/include/pronto_utils/Gaussian.hpp
[0.917s] -- Up-to-date symlink: /home/ros/docker_pronto_ws/install/pronto_utils/include/pronto_utils/HeavyLowPassFilter.hpp
[0.919s] -- Up-to-date symlink: /home/ros/docker_pronto_ws/install/pronto_utils/include/pronto_utils/MedianFilter.hpp
[0.919s] -- Up-to-date symlink: /home/ros/docker_pronto_ws/install/pronto_utils/include/pronto_utils/NumericalDiff.hpp
[0.920s] -- Up-to-date symlink: /home/ros/docker_pronto_ws/install/pronto_utils/include/pronto_utils/RateChange.hpp
[0.920s] -- Up-to-date symlink: /home/ros/docker_pronto_ws/install/pronto_utils/include/pronto_utils/SchmittTrigger.hpp
[0.920s] -- Up-to-date symlink: /home/ros/docker_pronto_ws/install/pronto_utils/include/pronto_utils/SignalTap.hpp
[0.920s] -- Up-to-date symlink: /home/ros/docker_pronto_ws/install/pronto_utils/include/pronto_utils/TrapezoidalInt.hpp
[0.920s] -- Up-to-date symlink: /home/ros/docker_pronto_ws/install/pronto_utils/include/pronto_utils/alpha_filter.hpp
[0.920s] -- Up-to-date symlink: /home/ros/docker_pronto_ws/install/pronto_utils/include/pronto_utils/backlash_filter.hpp
[0.920s] -- Up-to-date symlink: /home/ros/docker_pronto_ws/install/pronto_utils/include/pronto_utils/kalman_filter.hpp
[0.921s] -- Up-to-date symlink: /home/ros/docker_pronto_ws/install/pronto_utils/include/pronto_utils/simple_kalman_filter.hpp
[0.923s] -- Up-to-date symlink: /home/ros/docker_pronto_ws/install/pronto_utils/include/pronto_utils/torque_adjustment.hpp
[0.923s] -- Up-to-date symlink: /home/ros/docker_pronto_ws/install/pronto_utils/include/pronto_utils/visibility_control.h
[0.925s] -- Up-to-date symlink: /home/ros/docker_pronto_ws/install/pronto_utils/include/pronto_utils/BipolarSchmittTrigger.hpp
[0.925s] -- Up-to-date symlink: /home/ros/docker_pronto_ws/install/pronto_utils/include/pronto_utils/BlipFilter.hpp
[0.926s] -- Up-to-date symlink: /home/ros/docker_pronto_ws/install/pronto_utils/include/pronto_utils/CumulativeAverage.hpp
[0.926s] -- Up-to-date symlink: /home/ros/docker_pronto_ws/install/pronto_utils/include/pronto_utils/DataFileLogger.hpp
[0.927s] -- Up-to-date symlink: /home/ros/docker_pronto_ws/install/pronto_utils/include/pronto_utils/DistributedDiff.hpp
[0.927s] -- Up-to-date symlink: /home/ros/docker_pronto_ws/install/pronto_utils/include/pronto_utils/ExpireTimer.hpp
[0.927s] -- Up-to-date symlink: /home/ros/docker_pronto_ws/install/pronto_utils/include/pronto_utils/Filter.hpp
[0.927s] -- Up-to-date symlink: /home/ros/docker_pronto_ws/install/pronto_utils/include/pronto_utils/Gaussian.hpp
[0.928s] -- Up-to-date symlink: /home/ros/docker_pronto_ws/install/pronto_utils/include/pronto_utils/HeavyLowPassFilter.hpp
[0.928s] -- Up-to-date symlink: /home/ros/docker_pronto_ws/install/pronto_utils/include/pronto_utils/MedianFilter.hpp
[0.928s] -- Up-to-date symlink: /home/ros/docker_pronto_ws/install/pronto_utils/include/pronto_utils/NumericalDiff.hpp
[0.930s] -- Up-to-date symlink: /home/ros/docker_pronto_ws/install/pronto_utils/include/pronto_utils/RateChange.hpp
[0.931s] -- Up-to-date symlink: /home/ros/docker_pronto_ws/install/pronto_utils/include/pronto_utils/SchmittTrigger.hpp
[0.931s] -- Up-to-date symlink: /home/ros/docker_pronto_ws/install/pronto_utils/include/pronto_utils/SignalTap.hpp
[0.931s] -- Up-to-date symlink: /home/ros/docker_pronto_ws/install/pronto_utils/include/pronto_utils/TrapezoidalInt.hpp
[0.931s] -- Up-to-date symlink: /home/ros/docker_pronto_ws/install/pronto_utils/include/pronto_utils/alpha_filter.hpp
[0.932s] -- Up-to-date symlink: /home/ros/docker_pronto_ws/install/pronto_utils/include/pronto_utils/backlash_filter.hpp
[0.932s] -- Up-to-date symlink: /home/ros/docker_pronto_ws/install/pronto_utils/include/pronto_utils/kalman_filter.hpp
[0.932s] -- Up-to-date symlink: /home/ros/docker_pronto_ws/install/pronto_utils/include/pronto_utils/simple_kalman_filter.hpp
[0.932s] -- Up-to-date symlink: /home/ros/docker_pronto_ws/install/pronto_utils/include/pronto_utils/torque_adjustment.hpp
[0.933s] -- Up-to-date symlink: /home/ros/docker_pronto_ws/install/pronto_utils/include/pronto_utils/visibility_control.h
[0.933s] -- Up-to-date symlink: /home/ros/docker_pronto_ws/install/pronto_utils/include/pronto_utils/BipolarSchmittTrigger.hpp
[0.933s] -- Up-to-date symlink: /home/ros/docker_pronto_ws/install/pronto_utils/include/pronto_utils/BlipFilter.hpp
[0.933s] -- Up-to-date symlink: /home/ros/docker_pronto_ws/install/pronto_utils/include/pronto_utils/CumulativeAverage.hpp
[0.933s] -- Up-to-date symlink: /home/ros/docker_pronto_ws/install/pronto_utils/include/pronto_utils/DataFileLogger.hpp
[0.933s] -- Up-to-date symlink: /home/ros/docker_pronto_ws/install/pronto_utils/include/pronto_utils/DistributedDiff.hpp
[0.934s] -- Up-to-date symlink: /home/ros/docker_pronto_ws/install/pronto_utils/include/pronto_utils/ExpireTimer.hpp
[0.934s] -- Up-to-date symlink: /home/ros/docker_pronto_ws/install/pronto_utils/include/pronto_utils/Filter.hpp
[0.934s] -- Up-to-date symlink: /home/ros/docker_pronto_ws/install/pronto_utils/include/pronto_utils/Gaussian.hpp
[0.934s] -- Up-to-date symlink: /home/ros/docker_pronto_ws/install/pronto_utils/include/pronto_utils/HeavyLowPassFilter.hpp
[0.935s] -- Up-to-date symlink: /home/ros/docker_pronto_ws/install/pronto_utils/include/pronto_utils/MedianFilter.hpp
[0.935s] -- Up-to-date symlink: /home/ros/docker_pronto_ws/install/pronto_utils/include/pronto_utils/NumericalDiff.hpp
[0.935s] -- Up-to-date symlink: /home/ros/docker_pronto_ws/install/pronto_utils/include/pronto_utils/RateChange.hpp
[0.936s] -- Up-to-date symlink: /home/ros/docker_pronto_ws/install/pronto_utils/include/pronto_utils/SchmittTrigger.hpp
[0.936s] -- Up-to-date symlink: /home/ros/docker_pronto_ws/install/pronto_utils/include/pronto_utils/SignalTap.hpp
[0.936s] -- Up-to-date symlink: /home/ros/docker_pronto_ws/install/pronto_utils/include/pronto_utils/TrapezoidalInt.hpp
[0.936s] -- Up-to-date symlink: /home/ros/docker_pronto_ws/install/pronto_utils/include/pronto_utils/alpha_filter.hpp
[0.936s] -- Up-to-date symlink: /home/ros/docker_pronto_ws/install/pronto_utils/include/pronto_utils/backlash_filter.hpp
[0.937s] -- Up-to-date symlink: /home/ros/docker_pronto_ws/install/pronto_utils/include/pronto_utils/kalman_filter.hpp
[0.937s] -- Up-to-date symlink: /home/ros/docker_pronto_ws/install/pronto_utils/include/pronto_utils/simple_kalman_filter.hpp
[0.937s] -- Up-to-date symlink: /home/ros/docker_pronto_ws/install/pronto_utils/include/pronto_utils/torque_adjustment.hpp
[0.937s] -- Up-to-date symlink: /home/ros/docker_pronto_ws/install/pronto_utils/include/pronto_utils/visibility_control.h
[0.937s] -- Up-to-date symlink: /home/ros/docker_pronto_ws/install/pronto_utils/share/ament_index/resource_index/package_run_dependencies/pronto_utils
[0.937s] -- Up-to-date symlink: /home/ros/docker_pronto_ws/install/pronto_utils/share/ament_index/resource_index/parent_prefix_path/pronto_utils
[0.937s] -- Up-to-date symlink: /home/ros/docker_pronto_ws/install/pronto_utils/share/pronto_utils/environment/ament_prefix_path.sh
[0.938s] -- Up-to-date symlink: /home/ros/docker_pronto_ws/install/pronto_utils/share/pronto_utils/environment/ament_prefix_path.dsv
[0.938s] -- Up-to-date symlink: /home/ros/docker_pronto_ws/install/pronto_utils/share/pronto_utils/environment/path.sh
[0.938s] -- Up-to-date symlink: /home/ros/docker_pronto_ws/install/pronto_utils/share/pronto_utils/environment/path.dsv
[0.938s] -- Up-to-date symlink: /home/ros/docker_pronto_ws/install/pronto_utils/share/pronto_utils/local_setup.bash
[0.938s] -- Up-to-date symlink: /home/ros/docker_pronto_ws/install/pronto_utils/share/pronto_utils/local_setup.sh
[0.938s] -- Up-to-date symlink: /home/ros/docker_pronto_ws/install/pronto_utils/share/pronto_utils/local_setup.zsh
[0.938s] -- Up-to-date symlink: /home/ros/docker_pronto_ws/install/pronto_utils/share/pronto_utils/local_setup.dsv
[0.938s] -- Symlinking: /home/ros/docker_pronto_ws/install/pronto_utils/share/pronto_utils/package.dsv
[0.942s] -- Up-to-date symlink: /home/ros/docker_pronto_ws/install/pronto_utils/share/ament_index/resource_index/packages/pronto_utils
[0.943s] -- Up-to-date symlink: /home/ros/docker_pronto_ws/install/pronto_utils/share/pronto_utils/cmake/ament_cmake_export_include_directories-extras.cmake
[0.943s] -- Up-to-date symlink: /home/ros/docker_pronto_ws/install/pronto_utils/share/pronto_utils/cmake/ament_cmake_export_libraries-extras.cmake
[0.944s] -- Up-to-date symlink: /home/ros/docker_pronto_ws/install/pronto_utils/share/pronto_utils/cmake/ament_cmake_export_dependencies-extras.cmake
[0.944s] -- Up-to-date symlink: /home/ros/docker_pronto_ws/install/pronto_utils/share/pronto_utils/cmake/ament_cmake_export_targets-extras.cmake
[0.944s] -- Up-to-date symlink: /home/ros/docker_pronto_ws/install/pronto_utils/share/pronto_utils/cmake/pronto_utilsConfig.cmake
[0.945s] -- Up-to-date symlink: /home/ros/docker_pronto_ws/install/pronto_utils/share/pronto_utils/cmake/pronto_utilsConfig-version.cmake
[0.945s] -- Up-to-date symlink: /home/ros/docker_pronto_ws/install/pronto_utils/share/pronto_utils/package.xml
[0.945s] -- Up-to-date: /home/ros/docker_pronto_ws/install/pronto_utils/lib/libpronto_utils.so
[0.945s] -- Up-to-date: /home/ros/docker_pronto_ws/install/pronto_utils/lib/libkalman_filter.so
[0.945s] -- Up-to-date: /home/ros/docker_pronto_ws/install/pronto_utils/lib/libbacklash_filter.so
[0.945s] -- Up-to-date: /home/ros/docker_pronto_ws/install/pronto_utils/share/pronto_utils/cmake/export_pronto_utilsExport.cmake
[0.945s] -- Up-to-date: /home/ros/docker_pronto_ws/install/pronto_utils/share/pronto_utils/cmake/export_pronto_utilsExport-release.cmake
[1.228s] Invoked command in '/home/ros/docker_pronto_ws/build/pronto_utils' returned '0': CMAKE_PREFIX_PATH=${CMAKE_PREFIX_PATH}:/home/ros/docker_pronto_ws/install/planners_python:/home/ros/docker_pronto_ws/install/logger_gazebo:/home/ros/docker_pronto_ws/install/terrain_estimator:/home/ros/docker_pronto_ws/install/pose_estimator:/opt/ros/humble /usr/bin/cmake --install /home/ros/docker_pronto_ws/build/pronto_utils
