[0.170s] Invoking command in '/home/ros/docker_pronto_ws/build/robot_control': CMAKE_PREFIX_PATH=${CMAKE_PREFIX_PATH}:/home/ros/docker_pronto_ws/install/planners_python:/home/ros/docker_pronto_ws/install/logger_gazebo:/home/ros/docker_pronto_ws/install/terrain_estimator:/home/ros/docker_pronto_ws/install/pose_estimator:/opt/ros/humble /usr/bin/cmake --build /home/ros/docker_pronto_ws/build/robot_control -- -j16 -l16
[0.594s] Invoked command in '/home/ros/docker_pronto_ws/build/robot_control' returned '0': CMAKE_PREFIX_PATH=${CMAKE_PREFIX_PATH}:/home/ros/docker_pronto_ws/install/planners_python:/home/ros/docker_pronto_ws/install/logger_gazebo:/home/ros/docker_pronto_ws/install/terrain_estimator:/home/ros/docker_pronto_ws/install/pose_estimator:/opt/ros/humble /usr/bin/cmake --build /home/ros/docker_pronto_ws/build/robot_control -- -j16 -l16
[0.654s] Invoking command in '/home/ros/docker_pronto_ws/build/robot_control': CMAKE_PREFIX_PATH=${CMAKE_PREFIX_PATH}:/home/ros/docker_pronto_ws/install/planners_python:/home/ros/docker_pronto_ws/install/logger_gazebo:/home/ros/docker_pronto_ws/install/terrain_estimator:/home/ros/docker_pronto_ws/install/pose_estimator:/opt/ros/humble /usr/bin/cmake --install /home/ros/docker_pronto_ws/build/robot_control
[0.668s] -- Install configuration: "Release"
[0.668s] -- Execute custom install script
[0.668s] -- Up-to-date symlink: /home/ros/docker_pronto_ws/install/robot_control/share/robot_control/config/gazebo/anymal_c_controller_effort.yaml
[0.669s] -- Up-to-date symlink: /home/ros/docker_pronto_ws/install/robot_control/share/robot_control/config/gazebo/anymal_c_softfoot_q_controller_effort.yaml
[0.669s] -- Up-to-date symlink: /home/ros/docker_pronto_ws/install/robot_control/share/robot_control/config/gazebo/mulinex_controller_effort.yaml
[0.670s] -- Up-to-date symlink: /home/ros/docker_pronto_ws/install/robot_control/share/robot_control/config/gazebo/solo12_controller_effort.yaml
[0.670s] -- Up-to-date symlink: /home/ros/docker_pronto_ws/install/robot_control/share/ament_index/resource_index/package_run_dependencies/robot_control
[0.670s] -- Up-to-date symlink: /home/ros/docker_pronto_ws/install/robot_control/share/ament_index/resource_index/parent_prefix_path/robot_control
[0.671s] -- Up-to-date symlink: /home/ros/docker_pronto_ws/install/robot_control/share/robot_control/environment/ament_prefix_path.sh
[0.671s] -- Up-to-date symlink: /home/ros/docker_pronto_ws/install/robot_control/share/robot_control/environment/ament_prefix_path.dsv
[0.671s] -- Up-to-date symlink: /home/ros/docker_pronto_ws/install/robot_control/share/robot_control/environment/path.sh
[0.671s] -- Up-to-date symlink: /home/ros/docker_pronto_ws/install/robot_control/share/robot_control/environment/path.dsv
[0.671s] -- Up-to-date symlink: /home/ros/docker_pronto_ws/install/robot_control/share/robot_control/local_setup.bash
[0.672s] -- Up-to-date symlink: /home/ros/docker_pronto_ws/install/robot_control/share/robot_control/local_setup.sh
[0.672s] -- Up-to-date symlink: /home/ros/docker_pronto_ws/install/robot_control/share/robot_control/local_setup.zsh
[0.672s] -- Up-to-date symlink: /home/ros/docker_pronto_ws/install/robot_control/share/robot_control/local_setup.dsv
[0.672s] -- Symlinking: /home/ros/docker_pronto_ws/install/robot_control/share/robot_control/package.dsv
[0.685s] -- Up-to-date symlink: /home/ros/docker_pronto_ws/install/robot_control/share/ament_index/resource_index/packages/robot_control
[0.685s] -- Up-to-date symlink: /home/ros/docker_pronto_ws/install/robot_control/share/robot_control/cmake/robot_controlConfig.cmake
[0.685s] -- Up-to-date symlink: /home/ros/docker_pronto_ws/install/robot_control/share/robot_control/cmake/robot_controlConfig-version.cmake
[0.685s] -- Up-to-date symlink: /home/ros/docker_pronto_ws/install/robot_control/share/robot_control/package.xml
[0.687s] Invoked command in '/home/ros/docker_pronto_ws/build/robot_control' returned '0': CMAKE_PREFIX_PATH=${CMAKE_PREFIX_PATH}:/home/ros/docker_pronto_ws/install/planners_python:/home/ros/docker_pronto_ws/install/logger_gazebo:/home/ros/docker_pronto_ws/install/terrain_estimator:/home/ros/docker_pronto_ws/install/pose_estimator:/opt/ros/humble /usr/bin/cmake --install /home/ros/docker_pronto_ws/build/robot_control
