[0.036s] Invoking command in '/home/anymalopc/docker_pronto_estimator/src/matlab_msg_gen/glnxa64/build/pronto_msgs': PS1=(venv) /home/anymalopc/MATLAB/bin/glnxa64/cmake/bin/cmake --build /home/anymalopc/docker_pronto_estimator/src/matlab_msg_gen/glnxa64/build/pronto_msgs -- -j16 -l16
[0.043s] [0/1] Re-running CMake...
[0.057s] -- Found ament_cmake: 0.9.8 (/home/anymalopc/MATLAB/sys/ros2/glnxa64/ros2/share/ament_cmake/cmake)
[0.071s] -- Found PythonInterp: /home/anymalopc/.matlab/R2023a/ros2/glnxa64/venv/bin/python3 (found suitable version "3.8.10", minimum required is "3") 
[0.071s] -- Using PYTHON_EXECUTABLE: /home/anymalopc/.matlab/R2023a/ros2/glnxa64/venv/bin/python3
[0.217s] -- Found ament_cmake_ros: 0.9.2 (/home/anymalopc/MATLAB/sys/ros2/glnxa64/ros2/share/ament_cmake_ros/cmake)
[0.219s] -- Found rosidl_typesupport_c: 1.0.2 (/home/anymalopc/MATLAB/sys/ros2/glnxa64/ros2/share/rosidl_typesupport_c/cmake)
[0.219s] -- Using all available rosidl_typesupport_c: rosidl_typesupport_fastrtps_c;rosidl_typesupport_introspection_c
[0.222s] -- Found rosidl_adapter: 1.2.1 (/home/anymalopc/MATLAB/sys/ros2/glnxa64/ros2/share/rosidl_adapter/cmake)
[0.335s] -- Found rosidl_typesupport_cpp: 1.0.2 (/home/anymalopc/MATLAB/sys/ros2/glnxa64/ros2/share/rosidl_typesupport_cpp/cmake)
[0.336s] -- Using all available rosidl_typesupport_cpp: rosidl_typesupport_fastrtps_cpp;rosidl_typesupport_introspection_cpp
[0.349s] -- Found rosidl_default_generators: 1.0.1 (/home/anymalopc/MATLAB/sys/ros2/glnxa64/ros2/share/rosidl_default_generators/cmake)
[0.351s] -- Found builtin_interfaces: 1.0.0 (/home/anymalopc/MATLAB/sys/ros2/glnxa64/ros2/share/builtin_interfaces/cmake)
[0.364s] -- Found class_loader: 2.0.2 (/home/anymalopc/MATLAB/sys/ros2/glnxa64/ros2/share/class_loader/cmake)
[0.369s] -- Found geometry_msgs: 2.0.4 (/home/anymalopc/MATLAB/sys/ros2/glnxa64/ros2/share/geometry_msgs/cmake)
[0.416s] -- Found rclcpp: 2.3.1 (/home/anymalopc/MATLAB/sys/ros2/glnxa64/ros2/share/rclcpp/cmake)
[0.436s] -- Found rmw_implementation_cmake: 1.0.3 (/home/anymalopc/MATLAB/sys/ros2/glnxa64/ros2/share/rmw_implementation_cmake/cmake)
[0.437s] -- Using RMW implementation 'rmw_fastrtps_cpp' as default
[0.523s] -- Found PythonInterp: /home/anymalopc/.matlab/R2023a/ros2/glnxa64/venv/bin/python3 (found version "3.8.10") 
[0.973s] -- Using all available rosidl_typesupport_c: rosidl_typesupport_fastrtps_c;rosidl_typesupport_introspection_c
[1.080s] -- Using all available rosidl_typesupport_cpp: rosidl_typesupport_fastrtps_cpp;rosidl_typesupport_introspection_cpp
[1.089s] -- Configuring done
[1.113s] -- Generating done
[1.122s] -- Build files have been written to: /home/anymalopc/docker_pronto_estimator/src/matlab_msg_gen/glnxa64/build/pronto_msgs
[1.131s] ninja: no work to do.
[1.133s] Invoked command in '/home/anymalopc/docker_pronto_estimator/src/matlab_msg_gen/glnxa64/build/pronto_msgs' returned '0': PS1=(venv) /home/anymalopc/MATLAB/bin/glnxa64/cmake/bin/cmake --build /home/anymalopc/docker_pronto_estimator/src/matlab_msg_gen/glnxa64/build/pronto_msgs -- -j16 -l16
[1.149s] Invoking command in '/home/anymalopc/docker_pronto_estimator/src/matlab_msg_gen/glnxa64/build/pronto_msgs': PS1=(venv) /home/anymalopc/MATLAB/bin/glnxa64/cmake/bin/cmake --install /home/anymalopc/docker_pronto_estimator/src/matlab_msg_gen/glnxa64/build/pronto_msgs
[1.151s] -- Install configuration: "Release"
[1.151s] -- Up-to-date: /home/anymalopc/docker_pronto_estimator/src/matlab_msg_gen/glnxa64/install/share/ament_index/resource_index/rosidl_interfaces/pronto_msgs
[1.151s] -- Up-to-date: /home/anymalopc/docker_pronto_estimator/src/matlab_msg_gen/glnxa64/install/include/pronto_msgs
[1.151s] -- Up-to-date: /home/anymalopc/docker_pronto_estimator/src/matlab_msg_gen/glnxa64/install/include/pronto_msgs/msg
[1.151s] -- Up-to-date: /home/anymalopc/docker_pronto_estimator/src/matlab_msg_gen/glnxa64/install/include/pronto_msgs/msg/rosidl_generator_c__visibility_control.h
[1.151s] -- Up-to-date: /home/anymalopc/docker_pronto_estimator/src/matlab_msg_gen/glnxa64/install/include/pronto_msgs/msg/biped_force_torque_sensors.h
[1.151s] -- Up-to-date: /home/anymalopc/docker_pronto_estimator/src/matlab_msg_gen/glnxa64/install/include/pronto_msgs/msg/joint_state_with_acceleration.h
[1.152s] -- Up-to-date: /home/anymalopc/docker_pronto_estimator/src/matlab_msg_gen/glnxa64/install/include/pronto_msgs/msg/visual_odometry_update.h
[1.152s] -- Up-to-date: /home/anymalopc/docker_pronto_estimator/src/matlab_msg_gen/glnxa64/install/include/pronto_msgs/msg/detail
[1.152s] -- Up-to-date: /home/anymalopc/docker_pronto_estimator/src/matlab_msg_gen/glnxa64/install/include/pronto_msgs/msg/detail/lidar_odometry_update__functions.h
[1.152s] -- Up-to-date: /home/anymalopc/docker_pronto_estimator/src/matlab_msg_gen/glnxa64/install/include/pronto_msgs/msg/detail/joint_state_with_acceleration__struct.h
[1.152s] -- Up-to-date: /home/anymalopc/docker_pronto_estimator/src/matlab_msg_gen/glnxa64/install/include/pronto_msgs/msg/detail/biped_force_torque_sensors__functions.h
[1.152s] -- Up-to-date: /home/anymalopc/docker_pronto_estimator/src/matlab_msg_gen/glnxa64/install/include/pronto_msgs/msg/detail/indexed_measurement__functions.h
[1.152s] -- Up-to-date: /home/anymalopc/docker_pronto_estimator/src/matlab_msg_gen/glnxa64/install/include/pronto_msgs/msg/detail/biped_force_torque_sensors__type_support.h
[1.152s] -- Up-to-date: /home/anymalopc/docker_pronto_estimator/src/matlab_msg_gen/glnxa64/install/include/pronto_msgs/msg/detail/quadruped_force_torque_sensors__struct.h
[1.152s] -- Up-to-date: /home/anymalopc/docker_pronto_estimator/src/matlab_msg_gen/glnxa64/install/include/pronto_msgs/msg/detail/gps_data__struct.h
[1.152s] -- Up-to-date: /home/anymalopc/docker_pronto_estimator/src/matlab_msg_gen/glnxa64/install/include/pronto_msgs/msg/detail/biped_force_torque_sensors__struct.h
[1.152s] -- Up-to-date: /home/anymalopc/docker_pronto_estimator/src/matlab_msg_gen/glnxa64/install/include/pronto_msgs/msg/detail/filter_state__functions.h
[1.152s] -- Up-to-date: /home/anymalopc/docker_pronto_estimator/src/matlab_msg_gen/glnxa64/install/include/pronto_msgs/msg/detail/filter_state__struct.h
[1.152s] -- Up-to-date: /home/anymalopc/docker_pronto_estimator/src/matlab_msg_gen/glnxa64/install/include/pronto_msgs/msg/detail/controller_foot_contact__functions.h
[1.153s] -- Up-to-date: /home/anymalopc/docker_pronto_estimator/src/matlab_msg_gen/glnxa64/install/include/pronto_msgs/msg/detail/quadruped_force_torque_sensors__functions.c
[1.153s] -- Up-to-date: /home/anymalopc/docker_pronto_estimator/src/matlab_msg_gen/glnxa64/install/include/pronto_msgs/msg/detail/gps_data__functions.c
[1.153s] -- Up-to-date: /home/anymalopc/docker_pronto_estimator/src/matlab_msg_gen/glnxa64/install/include/pronto_msgs/msg/detail/controller_foot_contact__functions.c
[1.153s] -- Up-to-date: /home/anymalopc/docker_pronto_estimator/src/matlab_msg_gen/glnxa64/install/include/pronto_msgs/msg/detail/visual_odometry_update__struct.h
[1.153s] -- Up-to-date: /home/anymalopc/docker_pronto_estimator/src/matlab_msg_gen/glnxa64/install/include/pronto_msgs/msg/detail/lidar_odometry_update__type_support.h
[1.153s] -- Up-to-date: /home/anymalopc/docker_pronto_estimator/src/matlab_msg_gen/glnxa64/install/include/pronto_msgs/msg/detail/lidar_odometry_update__functions.c
[1.153s] -- Up-to-date: /home/anymalopc/docker_pronto_estimator/src/matlab_msg_gen/glnxa64/install/include/pronto_msgs/msg/detail/quadruped_stance__type_support.h
[1.153s] -- Up-to-date: /home/anymalopc/docker_pronto_estimator/src/matlab_msg_gen/glnxa64/install/include/pronto_msgs/msg/detail/gps_data__functions.h
[1.153s] -- Up-to-date: /home/anymalopc/docker_pronto_estimator/src/matlab_msg_gen/glnxa64/install/include/pronto_msgs/msg/detail/controller_foot_contact__type_support.h
[1.153s] -- Up-to-date: /home/anymalopc/docker_pronto_estimator/src/matlab_msg_gen/glnxa64/install/include/pronto_msgs/msg/detail/velocity_with_sigma_bounds__type_support.h
[1.153s] -- Up-to-date: /home/anymalopc/docker_pronto_estimator/src/matlab_msg_gen/glnxa64/install/include/pronto_msgs/msg/detail/quadruped_force_torque_sensors__functions.h
[1.153s] -- Up-to-date: /home/anymalopc/docker_pronto_estimator/src/matlab_msg_gen/glnxa64/install/include/pronto_msgs/msg/detail/velocity_with_sigma_bounds__functions.c
[1.153s] -- Up-to-date: /home/anymalopc/docker_pronto_estimator/src/matlab_msg_gen/glnxa64/install/include/pronto_msgs/msg/detail/visual_odometry_update__functions.h
[1.154s] -- Up-to-date: /home/anymalopc/docker_pronto_estimator/src/matlab_msg_gen/glnxa64/install/include/pronto_msgs/msg/detail/indexed_measurement__type_support.h
[1.154s] -- Up-to-date: /home/anymalopc/docker_pronto_estimator/src/matlab_msg_gen/glnxa64/install/include/pronto_msgs/msg/detail/quadruped_stance__functions.c
[1.154s] -- Up-to-date: /home/anymalopc/docker_pronto_estimator/src/matlab_msg_gen/glnxa64/install/include/pronto_msgs/msg/detail/filter_state__type_support.h
[1.154s] -- Up-to-date: /home/anymalopc/docker_pronto_estimator/src/matlab_msg_gen/glnxa64/install/include/pronto_msgs/msg/detail/biped_force_torque_sensors__functions.c
[1.154s] -- Up-to-date: /home/anymalopc/docker_pronto_estimator/src/matlab_msg_gen/glnxa64/install/include/pronto_msgs/msg/detail/joint_state_with_acceleration__functions.h
[1.154s] -- Up-to-date: /home/anymalopc/docker_pronto_estimator/src/matlab_msg_gen/glnxa64/install/include/pronto_msgs/msg/detail/filter_state__functions.c
[1.154s] -- Up-to-date: /home/anymalopc/docker_pronto_estimator/src/matlab_msg_gen/glnxa64/install/include/pronto_msgs/msg/detail/indexed_measurement__struct.h
[1.154s] -- Up-to-date: /home/anymalopc/docker_pronto_estimator/src/matlab_msg_gen/glnxa64/install/include/pronto_msgs/msg/detail/controller_foot_contact__struct.h
[1.154s] -- Up-to-date: /home/anymalopc/docker_pronto_estimator/src/matlab_msg_gen/glnxa64/install/include/pronto_msgs/msg/detail/indexed_measurement__functions.c
[1.154s] -- Up-to-date: /home/anymalopc/docker_pronto_estimator/src/matlab_msg_gen/glnxa64/install/include/pronto_msgs/msg/detail/velocity_with_sigma_bounds__struct.h
[1.155s] -- Up-to-date: /home/anymalopc/docker_pronto_estimator/src/matlab_msg_gen/glnxa64/install/include/pronto_msgs/msg/detail/lidar_odometry_update__struct.h
[1.155s] -- Up-to-date: /home/anymalopc/docker_pronto_estimator/src/matlab_msg_gen/glnxa64/install/include/pronto_msgs/msg/detail/velocity_with_sigma_bounds__functions.h
[1.155s] -- Up-to-date: /home/anymalopc/docker_pronto_estimator/src/matlab_msg_gen/glnxa64/install/include/pronto_msgs/msg/detail/joint_state_with_acceleration__type_support.h
[1.155s] -- Up-to-date: /home/anymalopc/docker_pronto_estimator/src/matlab_msg_gen/glnxa64/install/include/pronto_msgs/msg/detail/quadruped_force_torque_sensors__type_support.h
[1.155s] -- Up-to-date: /home/anymalopc/docker_pronto_estimator/src/matlab_msg_gen/glnxa64/install/include/pronto_msgs/msg/detail/gps_data__type_support.h
[1.155s] -- Up-to-date: /home/anymalopc/docker_pronto_estimator/src/matlab_msg_gen/glnxa64/install/include/pronto_msgs/msg/detail/visual_odometry_update__type_support.h
[1.155s] -- Up-to-date: /home/anymalopc/docker_pronto_estimator/src/matlab_msg_gen/glnxa64/install/include/pronto_msgs/msg/detail/joint_state_with_acceleration__functions.c
[1.155s] -- Up-to-date: /home/anymalopc/docker_pronto_estimator/src/matlab_msg_gen/glnxa64/install/include/pronto_msgs/msg/detail/visual_odometry_update__functions.c
[1.155s] -- Up-to-date: /home/anymalopc/docker_pronto_estimator/src/matlab_msg_gen/glnxa64/install/include/pronto_msgs/msg/detail/quadruped_stance__struct.h
[1.155s] -- Up-to-date: /home/anymalopc/docker_pronto_estimator/src/matlab_msg_gen/glnxa64/install/include/pronto_msgs/msg/detail/quadruped_stance__functions.h
[1.155s] -- Up-to-date: /home/anymalopc/docker_pronto_estimator/src/matlab_msg_gen/glnxa64/install/include/pronto_msgs/msg/controller_foot_contact.h
[1.155s] -- Up-to-date: /home/anymalopc/docker_pronto_estimator/src/matlab_msg_gen/glnxa64/install/include/pronto_msgs/msg/quadruped_force_torque_sensors.h
[1.155s] -- Up-to-date: /home/anymalopc/docker_pronto_estimator/src/matlab_msg_gen/glnxa64/install/include/pronto_msgs/msg/indexed_measurement.h
[1.155s] -- Up-to-date: /home/anymalopc/docker_pronto_estimator/src/matlab_msg_gen/glnxa64/install/include/pronto_msgs/msg/filter_state.h
[1.156s] -- Up-to-date: /home/anymalopc/docker_pronto_estimator/src/matlab_msg_gen/glnxa64/install/include/pronto_msgs/msg/gps_data.h
[1.156s] -- Up-to-date: /home/anymalopc/docker_pronto_estimator/src/matlab_msg_gen/glnxa64/install/include/pronto_msgs/msg/quadruped_stance.h
[1.156s] -- Up-to-date: /home/anymalopc/docker_pronto_estimator/src/matlab_msg_gen/glnxa64/install/include/pronto_msgs/msg/lidar_odometry_update.h
[1.156s] -- Up-to-date: /home/anymalopc/docker_pronto_estimator/src/matlab_msg_gen/glnxa64/install/include/pronto_msgs/msg/velocity_with_sigma_bounds.h
[1.156s] -- Up-to-date: /home/anymalopc/docker_pronto_estimator/src/matlab_msg_gen/glnxa64/install/share/pronto_msgs/environment/library_path.sh
[1.156s] -- Installing: /home/anymalopc/docker_pronto_estimator/src/matlab_msg_gen/glnxa64/install/share/pronto_msgs/environment/library_path.dsv
[1.156s] -- Up-to-date: /home/anymalopc/docker_pronto_estimator/src/matlab_msg_gen/glnxa64/install/lib/libpronto_msgs__rosidl_generator_c.so
[1.156s] -- Up-to-date: /home/anymalopc/docker_pronto_estimator/src/matlab_msg_gen/glnxa64/install/include/pronto_msgs
[1.156s] -- Up-to-date: /home/anymalopc/docker_pronto_estimator/src/matlab_msg_gen/glnxa64/install/include/pronto_msgs/msg
[1.156s] -- Up-to-date: /home/anymalopc/docker_pronto_estimator/src/matlab_msg_gen/glnxa64/install/include/pronto_msgs/msg/detail
[1.156s] -- Up-to-date: /home/anymalopc/docker_pronto_estimator/src/matlab_msg_gen/glnxa64/install/include/pronto_msgs/msg/detail/indexed_measurement__rosidl_typesupport_fastrtps_c.h
[1.156s] -- Up-to-date: /home/anymalopc/docker_pronto_estimator/src/matlab_msg_gen/glnxa64/install/include/pronto_msgs/msg/detail/visual_odometry_update__rosidl_typesupport_fastrtps_c.h
[1.156s] -- Up-to-date: /home/anymalopc/docker_pronto_estimator/src/matlab_msg_gen/glnxa64/install/include/pronto_msgs/msg/detail/controller_foot_contact__rosidl_typesupport_fastrtps_c.h
[1.156s] -- Up-to-date: /home/anymalopc/docker_pronto_estimator/src/matlab_msg_gen/glnxa64/install/include/pronto_msgs/msg/detail/filter_state__rosidl_typesupport_fastrtps_c.h
[1.156s] -- Up-to-date: /home/anymalopc/docker_pronto_estimator/src/matlab_msg_gen/glnxa64/install/include/pronto_msgs/msg/detail/quadruped_force_torque_sensors__rosidl_typesupport_fastrtps_c.h
[1.157s] -- Up-to-date: /home/anymalopc/docker_pronto_estimator/src/matlab_msg_gen/glnxa64/install/include/pronto_msgs/msg/detail/velocity_with_sigma_bounds__rosidl_typesupport_fastrtps_c.h
[1.157s] -- Up-to-date: /home/anymalopc/docker_pronto_estimator/src/matlab_msg_gen/glnxa64/install/include/pronto_msgs/msg/detail/biped_force_torque_sensors__rosidl_typesupport_fastrtps_c.h
[1.157s] -- Up-to-date: /home/anymalopc/docker_pronto_estimator/src/matlab_msg_gen/glnxa64/install/include/pronto_msgs/msg/detail/gps_data__rosidl_typesupport_fastrtps_c.h
[1.158s] -- Up-to-date: /home/anymalopc/docker_pronto_estimator/src/matlab_msg_gen/glnxa64/install/include/pronto_msgs/msg/detail/joint_state_with_acceleration__rosidl_typesupport_fastrtps_c.h
[1.158s] -- Up-to-date: /home/anymalopc/docker_pronto_estimator/src/matlab_msg_gen/glnxa64/install/include/pronto_msgs/msg/detail/quadruped_stance__rosidl_typesupport_fastrtps_c.h
[1.158s] -- Up-to-date: /home/anymalopc/docker_pronto_estimator/src/matlab_msg_gen/glnxa64/install/include/pronto_msgs/msg/detail/lidar_odometry_update__rosidl_typesupport_fastrtps_c.h
[1.158s] -- Up-to-date: /home/anymalopc/docker_pronto_estimator/src/matlab_msg_gen/glnxa64/install/include/pronto_msgs/msg/rosidl_typesupport_fastrtps_c__visibility_control.h
[1.158s] -- Up-to-date: /home/anymalopc/docker_pronto_estimator/src/matlab_msg_gen/glnxa64/install/lib/libpronto_msgs__rosidl_typesupport_fastrtps_c.so
[1.158s] -- Up-to-date: /home/anymalopc/docker_pronto_estimator/src/matlab_msg_gen/glnxa64/install/include/pronto_msgs
[1.158s] -- Up-to-date: /home/anymalopc/docker_pronto_estimator/src/matlab_msg_gen/glnxa64/install/include/pronto_msgs/msg
[1.159s] -- Up-to-date: /home/anymalopc/docker_pronto_estimator/src/matlab_msg_gen/glnxa64/install/include/pronto_msgs/msg/detail
[1.159s] -- Up-to-date: /home/anymalopc/docker_pronto_estimator/src/matlab_msg_gen/glnxa64/install/include/pronto_msgs/msg/detail/dds_fastrtps
[1.159s] -- Up-to-date: /home/anymalopc/docker_pronto_estimator/src/matlab_msg_gen/glnxa64/install/include/pronto_msgs/msg/detail/quadruped_stance__rosidl_typesupport_fastrtps_cpp.hpp
[1.159s] -- Up-to-date: /home/anymalopc/docker_pronto_estimator/src/matlab_msg_gen/glnxa64/install/include/pronto_msgs/msg/detail/gps_data__rosidl_typesupport_fastrtps_cpp.hpp
[1.159s] -- Up-to-date: /home/anymalopc/docker_pronto_estimator/src/matlab_msg_gen/glnxa64/install/include/pronto_msgs/msg/detail/lidar_odometry_update__rosidl_typesupport_fastrtps_cpp.hpp
[1.159s] -- Up-to-date: /home/anymalopc/docker_pronto_estimator/src/matlab_msg_gen/glnxa64/install/include/pronto_msgs/msg/detail/indexed_measurement__rosidl_typesupport_fastrtps_cpp.hpp
[1.159s] -- Up-to-date: /home/anymalopc/docker_pronto_estimator/src/matlab_msg_gen/glnxa64/install/include/pronto_msgs/msg/detail/controller_foot_contact__rosidl_typesupport_fastrtps_cpp.hpp
[1.159s] -- Up-to-date: /home/anymalopc/docker_pronto_estimator/src/matlab_msg_gen/glnxa64/install/include/pronto_msgs/msg/detail/joint_state_with_acceleration__rosidl_typesupport_fastrtps_cpp.hpp
[1.159s] -- Up-to-date: /home/anymalopc/docker_pronto_estimator/src/matlab_msg_gen/glnxa64/install/include/pronto_msgs/msg/detail/filter_state__rosidl_typesupport_fastrtps_cpp.hpp
[1.159s] -- Up-to-date: /home/anymalopc/docker_pronto_estimator/src/matlab_msg_gen/glnxa64/install/include/pronto_msgs/msg/detail/quadruped_force_torque_sensors__rosidl_typesupport_fastrtps_cpp.hpp
[1.159s] -- Up-to-date: /home/anymalopc/docker_pronto_estimator/src/matlab_msg_gen/glnxa64/install/include/pronto_msgs/msg/detail/visual_odometry_update__rosidl_typesupport_fastrtps_cpp.hpp
[1.159s] -- Up-to-date: /home/anymalopc/docker_pronto_estimator/src/matlab_msg_gen/glnxa64/install/include/pronto_msgs/msg/detail/velocity_with_sigma_bounds__rosidl_typesupport_fastrtps_cpp.hpp
[1.159s] -- Up-to-date: /home/anymalopc/docker_pronto_estimator/src/matlab_msg_gen/glnxa64/install/include/pronto_msgs/msg/detail/biped_force_torque_sensors__rosidl_typesupport_fastrtps_cpp.hpp
[1.159s] -- Up-to-date: /home/anymalopc/docker_pronto_estimator/src/matlab_msg_gen/glnxa64/install/include/pronto_msgs/msg/rosidl_typesupport_fastrtps_cpp__visibility_control.h
[1.160s] -- Up-to-date: /home/anymalopc/docker_pronto_estimator/src/matlab_msg_gen/glnxa64/install/lib/libpronto_msgs__rosidl_typesupport_fastrtps_cpp.so
[1.160s] -- Up-to-date: /home/anymalopc/docker_pronto_estimator/src/matlab_msg_gen/glnxa64/install/include/pronto_msgs
[1.160s] -- Up-to-date: /home/anymalopc/docker_pronto_estimator/src/matlab_msg_gen/glnxa64/install/include/pronto_msgs/msg
[1.160s] -- Up-to-date: /home/anymalopc/docker_pronto_estimator/src/matlab_msg_gen/glnxa64/install/include/pronto_msgs/msg/detail
[1.160s] -- Up-to-date: /home/anymalopc/docker_pronto_estimator/src/matlab_msg_gen/glnxa64/install/include/pronto_msgs/msg/detail/quadruped_stance__rosidl_typesupport_introspection_c.h
[1.160s] -- Up-to-date: /home/anymalopc/docker_pronto_estimator/src/matlab_msg_gen/glnxa64/install/include/pronto_msgs/msg/detail/filter_state__type_support.c
[1.160s] -- Up-to-date: /home/anymalopc/docker_pronto_estimator/src/matlab_msg_gen/glnxa64/install/include/pronto_msgs/msg/detail/biped_force_torque_sensors__type_support.c
[1.160s] -- Up-to-date: /home/anymalopc/docker_pronto_estimator/src/matlab_msg_gen/glnxa64/install/include/pronto_msgs/msg/detail/quadruped_stance__type_support.c
[1.160s] -- Up-to-date: /home/anymalopc/docker_pronto_estimator/src/matlab_msg_gen/glnxa64/install/include/pronto_msgs/msg/detail/controller_foot_contact__rosidl_typesupport_introspection_c.h
[1.160s] -- Up-to-date: /home/anymalopc/docker_pronto_estimator/src/matlab_msg_gen/glnxa64/install/include/pronto_msgs/msg/detail/joint_state_with_acceleration__type_support.c
[1.160s] -- Up-to-date: /home/anymalopc/docker_pronto_estimator/src/matlab_msg_gen/glnxa64/install/include/pronto_msgs/msg/detail/joint_state_with_acceleration__rosidl_typesupport_introspection_c.h
[1.160s] -- Up-to-date: /home/anymalopc/docker_pronto_estimator/src/matlab_msg_gen/glnxa64/install/include/pronto_msgs/msg/detail/indexed_measurement__rosidl_typesupport_introspection_c.h
[1.161s] -- Up-to-date: /home/anymalopc/docker_pronto_estimator/src/matlab_msg_gen/glnxa64/install/include/pronto_msgs/msg/detail/controller_foot_contact__type_support.c
[1.161s] -- Up-to-date: /home/anymalopc/docker_pronto_estimator/src/matlab_msg_gen/glnxa64/install/include/pronto_msgs/msg/detail/visual_odometry_update__rosidl_typesupport_introspection_c.h
[1.161s] -- Up-to-date: /home/anymalopc/docker_pronto_estimator/src/matlab_msg_gen/glnxa64/install/include/pronto_msgs/msg/detail/quadruped_force_torque_sensors__type_support.c
[1.161s] -- Up-to-date: /home/anymalopc/docker_pronto_estimator/src/matlab_msg_gen/glnxa64/install/include/pronto_msgs/msg/detail/indexed_measurement__type_support.c
[1.161s] -- Up-to-date: /home/anymalopc/docker_pronto_estimator/src/matlab_msg_gen/glnxa64/install/include/pronto_msgs/msg/detail/lidar_odometry_update__rosidl_typesupport_introspection_c.h
[1.161s] -- Up-to-date: /home/anymalopc/docker_pronto_estimator/src/matlab_msg_gen/glnxa64/install/include/pronto_msgs/msg/detail/lidar_odometry_update__type_support.c
[1.161s] -- Up-to-date: /home/anymalopc/docker_pronto_estimator/src/matlab_msg_gen/glnxa64/install/include/pronto_msgs/msg/detail/biped_force_torque_sensors__rosidl_typesupport_introspection_c.h
[1.161s] -- Up-to-date: /home/anymalopc/docker_pronto_estimator/src/matlab_msg_gen/glnxa64/install/include/pronto_msgs/msg/detail/quadruped_force_torque_sensors__rosidl_typesupport_introspection_c.h
[1.161s] -- Up-to-date: /home/anymalopc/docker_pronto_estimator/src/matlab_msg_gen/glnxa64/install/include/pronto_msgs/msg/detail/gps_data__rosidl_typesupport_introspection_c.h
[1.161s] -- Up-to-date: /home/anymalopc/docker_pronto_estimator/src/matlab_msg_gen/glnxa64/install/include/pronto_msgs/msg/detail/visual_odometry_update__type_support.c
[1.161s] -- Up-to-date: /home/anymalopc/docker_pronto_estimator/src/matlab_msg_gen/glnxa64/install/include/pronto_msgs/msg/detail/gps_data__type_support.c
[1.161s] -- Up-to-date: /home/anymalopc/docker_pronto_estimator/src/matlab_msg_gen/glnxa64/install/include/pronto_msgs/msg/detail/velocity_with_sigma_bounds__type_support.c
[1.162s] -- Up-to-date: /home/anymalopc/docker_pronto_estimator/src/matlab_msg_gen/glnxa64/install/include/pronto_msgs/msg/detail/filter_state__rosidl_typesupport_introspection_c.h
[1.162s] -- Up-to-date: /home/anymalopc/docker_pronto_estimator/src/matlab_msg_gen/glnxa64/install/include/pronto_msgs/msg/detail/velocity_with_sigma_bounds__rosidl_typesupport_introspection_c.h
[1.162s] -- Up-to-date: /home/anymalopc/docker_pronto_estimator/src/matlab_msg_gen/glnxa64/install/include/pronto_msgs/msg/rosidl_typesupport_introspection_c__visibility_control.h
[1.162s] -- Up-to-date: /home/anymalopc/docker_pronto_estimator/src/matlab_msg_gen/glnxa64/install/lib/libpronto_msgs__rosidl_typesupport_introspection_c.so
[1.162s] -- Up-to-date: /home/anymalopc/docker_pronto_estimator/src/matlab_msg_gen/glnxa64/install/lib/libpronto_msgs__rosidl_typesupport_c.so
[1.163s] -- Up-to-date: /home/anymalopc/docker_pronto_estimator/src/matlab_msg_gen/glnxa64/install/include/pronto_msgs
[1.163s] -- Up-to-date: /home/anymalopc/docker_pronto_estimator/src/matlab_msg_gen/glnxa64/install/include/pronto_msgs/msg
[1.163s] -- Up-to-date: /home/anymalopc/docker_pronto_estimator/src/matlab_msg_gen/glnxa64/install/include/pronto_msgs/msg/biped_force_torque_sensors.hpp
[1.163s] -- Up-to-date: /home/anymalopc/docker_pronto_estimator/src/matlab_msg_gen/glnxa64/install/include/pronto_msgs/msg/quadruped_stance.hpp
[1.163s] -- Up-to-date: /home/anymalopc/docker_pronto_estimator/src/matlab_msg_gen/glnxa64/install/include/pronto_msgs/msg/detail
[1.163s] -- Up-to-date: /home/anymalopc/docker_pronto_estimator/src/matlab_msg_gen/glnxa64/install/include/pronto_msgs/msg/detail/filter_state__builder.hpp
[1.163s] -- Up-to-date: /home/anymalopc/docker_pronto_estimator/src/matlab_msg_gen/glnxa64/install/include/pronto_msgs/msg/detail/quadruped_stance__builder.hpp
[1.163s] -- Up-to-date: /home/anymalopc/docker_pronto_estimator/src/matlab_msg_gen/glnxa64/install/include/pronto_msgs/msg/detail/gps_data__traits.hpp
[1.163s] -- Up-to-date: /home/anymalopc/docker_pronto_estimator/src/matlab_msg_gen/glnxa64/install/include/pronto_msgs/msg/detail/biped_force_torque_sensors__struct.hpp
[1.164s] -- Up-to-date: /home/anymalopc/docker_pronto_estimator/src/matlab_msg_gen/glnxa64/install/include/pronto_msgs/msg/detail/filter_state__traits.hpp
[1.164s] -- Up-to-date: /home/anymalopc/docker_pronto_estimator/src/matlab_msg_gen/glnxa64/install/include/pronto_msgs/msg/detail/biped_force_torque_sensors__builder.hpp
[1.164s] -- Up-to-date: /home/anymalopc/docker_pronto_estimator/src/matlab_msg_gen/glnxa64/install/include/pronto_msgs/msg/detail/visual_odometry_update__struct.hpp
[1.164s] -- Up-to-date: /home/anymalopc/docker_pronto_estimator/src/matlab_msg_gen/glnxa64/install/include/pronto_msgs/msg/detail/lidar_odometry_update__struct.hpp
[1.164s] -- Up-to-date: /home/anymalopc/docker_pronto_estimator/src/matlab_msg_gen/glnxa64/install/include/pronto_msgs/msg/detail/lidar_odometry_update__builder.hpp
[1.164s] -- Up-to-date: /home/anymalopc/docker_pronto_estimator/src/matlab_msg_gen/glnxa64/install/include/pronto_msgs/msg/detail/controller_foot_contact__struct.hpp
[1.164s] -- Up-to-date: /home/anymalopc/docker_pronto_estimator/src/matlab_msg_gen/glnxa64/install/include/pronto_msgs/msg/detail/indexed_measurement__struct.hpp
[1.164s] -- Up-to-date: /home/anymalopc/docker_pronto_estimator/src/matlab_msg_gen/glnxa64/install/include/pronto_msgs/msg/detail/controller_foot_contact__builder.hpp
[1.164s] -- Up-to-date: /home/anymalopc/docker_pronto_estimator/src/matlab_msg_gen/glnxa64/install/include/pronto_msgs/msg/detail/quadruped_force_torque_sensors__struct.hpp
[1.164s] -- Up-to-date: /home/anymalopc/docker_pronto_estimator/src/matlab_msg_gen/glnxa64/install/include/pronto_msgs/msg/detail/quadruped_stance__struct.hpp
[1.164s] -- Up-to-date: /home/anymalopc/docker_pronto_estimator/src/matlab_msg_gen/glnxa64/install/include/pronto_msgs/msg/detail/quadruped_force_torque_sensors__builder.hpp
[1.165s] -- Up-to-date: /home/anymalopc/docker_pronto_estimator/src/matlab_msg_gen/glnxa64/install/include/pronto_msgs/msg/detail/quadruped_stance__traits.hpp
[1.165s] -- Up-to-date: /home/anymalopc/docker_pronto_estimator/src/matlab_msg_gen/glnxa64/install/include/pronto_msgs/msg/detail/joint_state_with_acceleration__builder.hpp
[1.165s] -- Up-to-date: /home/anymalopc/docker_pronto_estimator/src/matlab_msg_gen/glnxa64/install/include/pronto_msgs/msg/detail/gps_data__struct.hpp
[1.165s] -- Up-to-date: /home/anymalopc/docker_pronto_estimator/src/matlab_msg_gen/glnxa64/install/include/pronto_msgs/msg/detail/gps_data__builder.hpp
[1.165s] -- Up-to-date: /home/anymalopc/docker_pronto_estimator/src/matlab_msg_gen/glnxa64/install/include/pronto_msgs/msg/detail/lidar_odometry_update__traits.hpp
[1.165s] -- Up-to-date: /home/anymalopc/docker_pronto_estimator/src/matlab_msg_gen/glnxa64/install/include/pronto_msgs/msg/detail/joint_state_with_acceleration__struct.hpp
[1.165s] -- Up-to-date: /home/anymalopc/docker_pronto_estimator/src/matlab_msg_gen/glnxa64/install/include/pronto_msgs/msg/detail/indexed_measurement__builder.hpp
[1.165s] -- Up-to-date: /home/anymalopc/docker_pronto_estimator/src/matlab_msg_gen/glnxa64/install/include/pronto_msgs/msg/detail/velocity_with_sigma_bounds__builder.hpp
[1.165s] -- Up-to-date: /home/anymalopc/docker_pronto_estimator/src/matlab_msg_gen/glnxa64/install/include/pronto_msgs/msg/detail/visual_odometry_update__builder.hpp
[1.165s] -- Up-to-date: /home/anymalopc/docker_pronto_estimator/src/matlab_msg_gen/glnxa64/install/include/pronto_msgs/msg/detail/velocity_with_sigma_bounds__struct.hpp
[1.165s] -- Up-to-date: /home/anymalopc/docker_pronto_estimator/src/matlab_msg_gen/glnxa64/install/include/pronto_msgs/msg/detail/velocity_with_sigma_bounds__traits.hpp
[1.165s] -- Up-to-date: /home/anymalopc/docker_pronto_estimator/src/matlab_msg_gen/glnxa64/install/include/pronto_msgs/msg/detail/quadruped_force_torque_sensors__traits.hpp
[1.165s] -- Up-to-date: /home/anymalopc/docker_pronto_estimator/src/matlab_msg_gen/glnxa64/install/include/pronto_msgs/msg/detail/joint_state_with_acceleration__traits.hpp
[1.166s] -- Up-to-date: /home/anymalopc/docker_pronto_estimator/src/matlab_msg_gen/glnxa64/install/include/pronto_msgs/msg/detail/filter_state__struct.hpp
[1.166s] -- Up-to-date: /home/anymalopc/docker_pronto_estimator/src/matlab_msg_gen/glnxa64/install/include/pronto_msgs/msg/detail/indexed_measurement__traits.hpp
[1.166s] -- Up-to-date: /home/anymalopc/docker_pronto_estimator/src/matlab_msg_gen/glnxa64/install/include/pronto_msgs/msg/detail/visual_odometry_update__traits.hpp
[1.166s] -- Up-to-date: /home/anymalopc/docker_pronto_estimator/src/matlab_msg_gen/glnxa64/install/include/pronto_msgs/msg/detail/controller_foot_contact__traits.hpp
[1.166s] -- Up-to-date: /home/anymalopc/docker_pronto_estimator/src/matlab_msg_gen/glnxa64/install/include/pronto_msgs/msg/detail/biped_force_torque_sensors__traits.hpp
[1.166s] -- Up-to-date: /home/anymalopc/docker_pronto_estimator/src/matlab_msg_gen/glnxa64/install/include/pronto_msgs/msg/quadruped_force_torque_sensors.hpp
[1.166s] -- Up-to-date: /home/anymalopc/docker_pronto_estimator/src/matlab_msg_gen/glnxa64/install/include/pronto_msgs/msg/velocity_with_sigma_bounds.hpp
[1.166s] -- Up-to-date: /home/anymalopc/docker_pronto_estimator/src/matlab_msg_gen/glnxa64/install/include/pronto_msgs/msg/lidar_odometry_update.hpp
[1.166s] -- Up-to-date: /home/anymalopc/docker_pronto_estimator/src/matlab_msg_gen/glnxa64/install/include/pronto_msgs/msg/joint_state_with_acceleration.hpp
[1.166s] -- Up-to-date: /home/anymalopc/docker_pronto_estimator/src/matlab_msg_gen/glnxa64/install/include/pronto_msgs/msg/visual_odometry_update.hpp
[1.166s] -- Up-to-date: /home/anymalopc/docker_pronto_estimator/src/matlab_msg_gen/glnxa64/install/include/pronto_msgs/msg/gps_data.hpp
[1.166s] -- Up-to-date: /home/anymalopc/docker_pronto_estimator/src/matlab_msg_gen/glnxa64/install/include/pronto_msgs/msg/filter_state.hpp
[1.167s] -- Up-to-date: /home/anymalopc/docker_pronto_estimator/src/matlab_msg_gen/glnxa64/install/include/pronto_msgs/msg/controller_foot_contact.hpp
[1.183s] -- Up-to-date: /home/anymalopc/docker_pronto_estimator/src/matlab_msg_gen/glnxa64/install/include/pronto_msgs/msg/indexed_measurement.hpp
[1.183s] -- Up-to-date: /home/anymalopc/docker_pronto_estimator/src/matlab_msg_gen/glnxa64/install/include/pronto_msgs
[1.183s] -- Up-to-date: /home/anymalopc/docker_pronto_estimator/src/matlab_msg_gen/glnxa64/install/include/pronto_msgs/msg
[1.183s] -- Up-to-date: /home/anymalopc/docker_pronto_estimator/src/matlab_msg_gen/glnxa64/install/include/pronto_msgs/msg/detail
[1.183s] -- Up-to-date: /home/anymalopc/docker_pronto_estimator/src/matlab_msg_gen/glnxa64/install/include/pronto_msgs/msg/detail/gps_data__type_support.cpp
[1.183s] -- Up-to-date: /home/anymalopc/docker_pronto_estimator/src/matlab_msg_gen/glnxa64/install/include/pronto_msgs/msg/detail/filter_state__type_support.cpp
[1.183s] -- Up-to-date: /home/anymalopc/docker_pronto_estimator/src/matlab_msg_gen/glnxa64/install/include/pronto_msgs/msg/detail/biped_force_torque_sensors__type_support.cpp
[1.183s] -- Up-to-date: /home/anymalopc/docker_pronto_estimator/src/matlab_msg_gen/glnxa64/install/include/pronto_msgs/msg/detail/lidar_odometry_update__rosidl_typesupport_introspection_cpp.hpp
[1.184s] -- Up-to-date: /home/anymalopc/docker_pronto_estimator/src/matlab_msg_gen/glnxa64/install/include/pronto_msgs/msg/detail/quadruped_stance__type_support.cpp
[1.184s] -- Up-to-date: /home/anymalopc/docker_pronto_estimator/src/matlab_msg_gen/glnxa64/install/include/pronto_msgs/msg/detail/visual_odometry_update__type_support.cpp
[1.184s] -- Up-to-date: /home/anymalopc/docker_pronto_estimator/src/matlab_msg_gen/glnxa64/install/include/pronto_msgs/msg/detail/quadruped_force_torque_sensors__type_support.cpp
[1.184s] -- Up-to-date: /home/anymalopc/docker_pronto_estimator/src/matlab_msg_gen/glnxa64/install/include/pronto_msgs/msg/detail/joint_state_with_acceleration__rosidl_typesupport_introspection_cpp.hpp
[1.184s] -- Up-to-date: /home/anymalopc/docker_pronto_estimator/src/matlab_msg_gen/glnxa64/install/include/pronto_msgs/msg/detail/gps_data__rosidl_typesupport_introspection_cpp.hpp
[1.184s] -- Up-to-date: /home/anymalopc/docker_pronto_estimator/src/matlab_msg_gen/glnxa64/install/include/pronto_msgs/msg/detail/visual_odometry_update__rosidl_typesupport_introspection_cpp.hpp
[1.184s] -- Up-to-date: /home/anymalopc/docker_pronto_estimator/src/matlab_msg_gen/glnxa64/install/include/pronto_msgs/msg/detail/biped_force_torque_sensors__rosidl_typesupport_introspection_cpp.hpp
[1.184s] -- Up-to-date: /home/anymalopc/docker_pronto_estimator/src/matlab_msg_gen/glnxa64/install/include/pronto_msgs/msg/detail/velocity_with_sigma_bounds__rosidl_typesupport_introspection_cpp.hpp
[1.184s] -- Up-to-date: /home/anymalopc/docker_pronto_estimator/src/matlab_msg_gen/glnxa64/install/include/pronto_msgs/msg/detail/filter_state__rosidl_typesupport_introspection_cpp.hpp
[1.184s] -- Up-to-date: /home/anymalopc/docker_pronto_estimator/src/matlab_msg_gen/glnxa64/install/include/pronto_msgs/msg/detail/quadruped_force_torque_sensors__rosidl_typesupport_introspection_cpp.hpp
[1.184s] -- Up-to-date: /home/anymalopc/docker_pronto_estimator/src/matlab_msg_gen/glnxa64/install/include/pronto_msgs/msg/detail/controller_foot_contact__type_support.cpp
[1.185s] -- Up-to-date: /home/anymalopc/docker_pronto_estimator/src/matlab_msg_gen/glnxa64/install/include/pronto_msgs/msg/detail/quadruped_stance__rosidl_typesupport_introspection_cpp.hpp
[1.185s] -- Up-to-date: /home/anymalopc/docker_pronto_estimator/src/matlab_msg_gen/glnxa64/install/include/pronto_msgs/msg/detail/indexed_measurement__type_support.cpp
[1.185s] -- Up-to-date: /home/anymalopc/docker_pronto_estimator/src/matlab_msg_gen/glnxa64/install/include/pronto_msgs/msg/detail/joint_state_with_acceleration__type_support.cpp
[1.185s] -- Up-to-date: /home/anymalopc/docker_pronto_estimator/src/matlab_msg_gen/glnxa64/install/include/pronto_msgs/msg/detail/lidar_odometry_update__type_support.cpp
[1.185s] -- Up-to-date: /home/anymalopc/docker_pronto_estimator/src/matlab_msg_gen/glnxa64/install/include/pronto_msgs/msg/detail/indexed_measurement__rosidl_typesupport_introspection_cpp.hpp
[1.185s] -- Up-to-date: /home/anymalopc/docker_pronto_estimator/src/matlab_msg_gen/glnxa64/install/include/pronto_msgs/msg/detail/controller_foot_contact__rosidl_typesupport_introspection_cpp.hpp
[1.186s] -- Up-to-date: /home/anymalopc/docker_pronto_estimator/src/matlab_msg_gen/glnxa64/install/include/pronto_msgs/msg/detail/velocity_with_sigma_bounds__type_support.cpp
[1.186s] -- Up-to-date: /home/anymalopc/docker_pronto_estimator/src/matlab_msg_gen/glnxa64/install/lib/libpronto_msgs__rosidl_typesupport_introspection_cpp.so
[1.186s] -- Up-to-date: /home/anymalopc/docker_pronto_estimator/src/matlab_msg_gen/glnxa64/install/lib/libpronto_msgs__rosidl_typesupport_cpp.so
[1.186s] -- Up-to-date: /home/anymalopc/docker_pronto_estimator/src/matlab_msg_gen/glnxa64/install/share/pronto_msgs/msg/BipedForceTorqueSensors.idl
[1.187s] -- Up-to-date: /home/anymalopc/docker_pronto_estimator/src/matlab_msg_gen/glnxa64/install/share/pronto_msgs/msg/ControllerFootContact.idl
[1.187s] -- Up-to-date: /home/anymalopc/docker_pronto_estimator/src/matlab_msg_gen/glnxa64/install/share/pronto_msgs/msg/FilterState.idl
[1.187s] -- Up-to-date: /home/anymalopc/docker_pronto_estimator/src/matlab_msg_gen/glnxa64/install/share/pronto_msgs/msg/GPSData.idl
[1.187s] -- Up-to-date: /home/anymalopc/docker_pronto_estimator/src/matlab_msg_gen/glnxa64/install/share/pronto_msgs/msg/IndexedMeasurement.idl
[1.188s] -- Up-to-date: /home/anymalopc/docker_pronto_estimator/src/matlab_msg_gen/glnxa64/install/share/pronto_msgs/msg/JointStateWithAcceleration.idl
[1.188s] -- Up-to-date: /home/anymalopc/docker_pronto_estimator/src/matlab_msg_gen/glnxa64/install/share/pronto_msgs/msg/LidarOdometryUpdate.idl
[1.188s] -- Up-to-date: /home/anymalopc/docker_pronto_estimator/src/matlab_msg_gen/glnxa64/install/share/pronto_msgs/msg/QuadrupedForceTorqueSensors.idl
[1.188s] -- Up-to-date: /home/anymalopc/docker_pronto_estimator/src/matlab_msg_gen/glnxa64/install/share/pronto_msgs/msg/QuadrupedStance.idl
[1.188s] -- Up-to-date: /home/anymalopc/docker_pronto_estimator/src/matlab_msg_gen/glnxa64/install/share/pronto_msgs/msg/VelocityWithSigmaBounds.idl
[1.189s] -- Up-to-date: /home/anymalopc/docker_pronto_estimator/src/matlab_msg_gen/glnxa64/install/share/pronto_msgs/msg/VisualOdometryUpdate.idl
[1.189s] -- Up-to-date: /home/anymalopc/docker_pronto_estimator/src/matlab_msg_gen/glnxa64/install/share/pronto_msgs/msg/BipedForceTorqueSensors.msg
[1.189s] -- Up-to-date: /home/anymalopc/docker_pronto_estimator/src/matlab_msg_gen/glnxa64/install/share/pronto_msgs/msg/ControllerFootContact.msg
[1.189s] -- Up-to-date: /home/anymalopc/docker_pronto_estimator/src/matlab_msg_gen/glnxa64/install/share/pronto_msgs/msg/FilterState.msg
[1.189s] -- Up-to-date: /home/anymalopc/docker_pronto_estimator/src/matlab_msg_gen/glnxa64/install/share/pronto_msgs/msg/GPSData.msg
[1.189s] -- Up-to-date: /home/anymalopc/docker_pronto_estimator/src/matlab_msg_gen/glnxa64/install/share/pronto_msgs/msg/IndexedMeasurement.msg
[1.190s] -- Up-to-date: /home/anymalopc/docker_pronto_estimator/src/matlab_msg_gen/glnxa64/install/share/pronto_msgs/msg/JointStateWithAcceleration.msg
[1.190s] -- Up-to-date: /home/anymalopc/docker_pronto_estimator/src/matlab_msg_gen/glnxa64/install/share/pronto_msgs/msg/LidarOdometryUpdate.msg
[1.190s] -- Up-to-date: /home/anymalopc/docker_pronto_estimator/src/matlab_msg_gen/glnxa64/install/share/pronto_msgs/msg/QuadrupedForceTorqueSensors.msg
[1.190s] -- Up-to-date: /home/anymalopc/docker_pronto_estimator/src/matlab_msg_gen/glnxa64/install/share/pronto_msgs/msg/QuadrupedStance.msg
[1.190s] -- Up-to-date: /home/anymalopc/docker_pronto_estimator/src/matlab_msg_gen/glnxa64/install/share/pronto_msgs/msg/VelocityWithSigmaBounds.msg
[1.190s] -- Up-to-date: /home/anymalopc/docker_pronto_estimator/src/matlab_msg_gen/glnxa64/install/share/pronto_msgs/msg/VisualOdometryUpdate.msg
[1.190s] -- Up-to-date: /home/anymalopc/docker_pronto_estimator/src/matlab_msg_gen/glnxa64/install/include
[1.190s] -- Up-to-date: /home/anymalopc/docker_pronto_estimator/src/matlab_msg_gen/glnxa64/install/include/pronto_msgs
[1.191s] -- Up-to-date: /home/anymalopc/docker_pronto_estimator/src/matlab_msg_gen/glnxa64/install/include/pronto_msgs/visibility_control.h
[1.191s] -- Up-to-date: /home/anymalopc/docker_pronto_estimator/src/matlab_msg_gen/glnxa64/install/lib/libpronto_msgs_matlab.so
[1.191s] -- Up-to-date: /home/anymalopc/docker_pronto_estimator/src/matlab_msg_gen/glnxa64/install/m/
[1.191s] -- Up-to-date: /home/anymalopc/docker_pronto_estimator/src/matlab_msg_gen/glnxa64/install/m//+ros
[1.191s] -- Up-to-date: /home/anymalopc/docker_pronto_estimator/src/matlab_msg_gen/glnxa64/install/m//+ros/+internal
[1.191s] -- Up-to-date: /home/anymalopc/docker_pronto_estimator/src/matlab_msg_gen/glnxa64/install/m//+ros/+internal/+ros2
[1.191s] -- Up-to-date: /home/anymalopc/docker_pronto_estimator/src/matlab_msg_gen/glnxa64/install/m//+ros/+internal/+ros2/+custommessages
[1.191s] -- Up-to-date: /home/anymalopc/docker_pronto_estimator/src/matlab_msg_gen/glnxa64/install/m//+ros/+internal/+ros2/+custommessages/+pronto_msgs
[1.192s] -- Up-to-date: /home/anymalopc/docker_pronto_estimator/src/matlab_msg_gen/glnxa64/install/m//+ros/+internal/+ros2/+custommessages/+pronto_msgs/pronto_msgs_msg_GPSData_1To2_Converter.m
[1.192s] -- Up-to-date: /home/anymalopc/docker_pronto_estimator/src/matlab_msg_gen/glnxa64/install/m//+ros/+internal/+ros2/+custommessages/+pronto_msgs/filterState.m
[1.192s] -- Up-to-date: /home/anymalopc/docker_pronto_estimator/src/matlab_msg_gen/glnxa64/install/m//+ros/+internal/+ros2/+custommessages/+pronto_msgs/pronto_msgs_msg_IndexedMeasurement_2To1_Converter.m
[1.192s] -- Up-to-date: /home/anymalopc/docker_pronto_estimator/src/matlab_msg_gen/glnxa64/install/m//+ros/+internal/+ros2/+custommessages/+pronto_msgs/pronto_msgs_msg_VelocityWithSigmaBounds_1To2_Converter.m
[1.192s] -- Up-to-date: /home/anymalopc/docker_pronto_estimator/src/matlab_msg_gen/glnxa64/install/m//+ros/+internal/+ros2/+custommessages/+pronto_msgs/pronto_msgs_msg_FilterState_1To2_Converter.m
[1.197s] -- Up-to-date: /home/anymalopc/docker_pronto_estimator/src/matlab_msg_gen/glnxa64/install/m//+ros/+internal/+ros2/+custommessages/+pronto_msgs/gPSData.m
[1.197s] -- Up-to-date: /home/anymalopc/docker_pronto_estimator/src/matlab_msg_gen/glnxa64/install/m//+ros/+internal/+ros2/+custommessages/+pronto_msgs/pronto_msgs_msg_QuadrupedStance_2To1_Converter.m
[1.197s] -- Up-to-date: /home/anymalopc/docker_pronto_estimator/src/matlab_msg_gen/glnxa64/install/m//+ros/+internal/+ros2/+custommessages/+pronto_msgs/quadrupedStance.m
[1.197s] -- Up-to-date: /home/anymalopc/docker_pronto_estimator/src/matlab_msg_gen/glnxa64/install/m//+ros/+internal/+ros2/+custommessages/+pronto_msgs/pronto_msgs_msg_BipedForceTorqueSensors_2To1_Converter.m
[1.197s] -- Up-to-date: /home/anymalopc/docker_pronto_estimator/src/matlab_msg_gen/glnxa64/install/m//+ros/+internal/+ros2/+custommessages/+pronto_msgs/quadrupedForceTorqueSensors.m
[1.197s] -- Up-to-date: /home/anymalopc/docker_pronto_estimator/src/matlab_msg_gen/glnxa64/install/m//+ros/+internal/+ros2/+custommessages/+pronto_msgs/pronto_msgs_msg_BipedForceTorqueSensors_1To2_Converter.m
[1.198s] -- Up-to-date: /home/anymalopc/docker_pronto_estimator/src/matlab_msg_gen/glnxa64/install/m//+ros/+internal/+ros2/+custommessages/+pronto_msgs/jointStateWithAcceleration.m
[1.198s] -- Up-to-date: /home/anymalopc/docker_pronto_estimator/src/matlab_msg_gen/glnxa64/install/m//+ros/+internal/+ros2/+custommessages/+pronto_msgs/pronto_msgs_msg_QuadrupedForceTorqueSensors_2To1_Converter.m
[1.198s] -- Up-to-date: /home/anymalopc/docker_pronto_estimator/src/matlab_msg_gen/glnxa64/install/m//+ros/+internal/+ros2/+custommessages/+pronto_msgs/pronto_msgs_msg_GPSData_2To1_Converter.m
[1.198s] -- Up-to-date: /home/anymalopc/docker_pronto_estimator/src/matlab_msg_gen/glnxa64/install/m//+ros/+internal/+ros2/+custommessages/+pronto_msgs/pronto_msgs_msg_JointStateWithAcceleration_2To1_Converter.m
[1.198s] -- Up-to-date: /home/anymalopc/docker_pronto_estimator/src/matlab_msg_gen/glnxa64/install/m//+ros/+internal/+ros2/+custommessages/+pronto_msgs/pronto_msgs_msg_VelocityWithSigmaBounds_2To1_Converter.m
[1.198s] -- Up-to-date: /home/anymalopc/docker_pronto_estimator/src/matlab_msg_gen/glnxa64/install/m//+ros/+internal/+ros2/+custommessages/+pronto_msgs/pronto_msgs_msg_LidarOdometryUpdate_2To1_Converter.m
[1.198s] -- Up-to-date: /home/anymalopc/docker_pronto_estimator/src/matlab_msg_gen/glnxa64/install/m//+ros/+internal/+ros2/+custommessages/+pronto_msgs/pronto_msgs_msg_QuadrupedStance_1To2_Converter.m
[1.198s] -- Up-to-date: /home/anymalopc/docker_pronto_estimator/src/matlab_msg_gen/glnxa64/install/m//+ros/+internal/+ros2/+custommessages/+pronto_msgs/pronto_msgs_msg_ControllerFootContact_1To2_Converter.m
[1.198s] -- Up-to-date: /home/anymalopc/docker_pronto_estimator/src/matlab_msg_gen/glnxa64/install/m//+ros/+internal/+ros2/+custommessages/+pronto_msgs/pronto_msgs_msg_VisualOdometryUpdate_1To2_Converter.m
[1.198s] -- Up-to-date: /home/anymalopc/docker_pronto_estimator/src/matlab_msg_gen/glnxa64/install/m//+ros/+internal/+ros2/+custommessages/+pronto_msgs/controllerFootContact.m
[1.198s] -- Up-to-date: /home/anymalopc/docker_pronto_estimator/src/matlab_msg_gen/glnxa64/install/m//+ros/+internal/+ros2/+custommessages/+pronto_msgs/pronto_msgs_msg_JointStateWithAcceleration_1To2_Converter.m
[1.198s] -- Up-to-date: /home/anymalopc/docker_pronto_estimator/src/matlab_msg_gen/glnxa64/install/m//+ros/+internal/+ros2/+custommessages/+pronto_msgs/pronto_msgs_msg_LidarOdometryUpdate_1To2_Converter.m
[1.198s] -- Up-to-date: /home/anymalopc/docker_pronto_estimator/src/matlab_msg_gen/glnxa64/install/m//+ros/+internal/+ros2/+custommessages/+pronto_msgs/pronto_msgs_msg_ControllerFootContact_2To1_Converter.m
[1.198s] -- Up-to-date: /home/anymalopc/docker_pronto_estimator/src/matlab_msg_gen/glnxa64/install/m//+ros/+internal/+ros2/+custommessages/+pronto_msgs/lidarOdometryUpdate.m
[1.198s] -- Up-to-date: /home/anymalopc/docker_pronto_estimator/src/matlab_msg_gen/glnxa64/install/m//+ros/+internal/+ros2/+custommessages/+pronto_msgs/velocityWithSigmaBounds.m
[1.198s] -- Up-to-date: /home/anymalopc/docker_pronto_estimator/src/matlab_msg_gen/glnxa64/install/m//+ros/+internal/+ros2/+custommessages/+pronto_msgs/visualOdometryUpdate.m
[1.198s] -- Up-to-date: /home/anymalopc/docker_pronto_estimator/src/matlab_msg_gen/glnxa64/install/m//+ros/+internal/+ros2/+custommessages/+pronto_msgs/pronto_msgs_msg_QuadrupedForceTorqueSensors_1To2_Converter.m
[1.198s] -- Up-to-date: /home/anymalopc/docker_pronto_estimator/src/matlab_msg_gen/glnxa64/install/m//+ros/+internal/+ros2/+custommessages/+pronto_msgs/pronto_msgs_msg_IndexedMeasurement_1To2_Converter.m
[1.198s] -- Up-to-date: /home/anymalopc/docker_pronto_estimator/src/matlab_msg_gen/glnxa64/install/m//+ros/+internal/+ros2/+custommessages/+pronto_msgs/pronto_msgs_msg_VisualOdometryUpdate_2To1_Converter.m
[1.199s] -- Up-to-date: /home/anymalopc/docker_pronto_estimator/src/matlab_msg_gen/glnxa64/install/m//+ros/+internal/+ros2/+custommessages/+pronto_msgs/pronto_msgs_msg_FilterState_2To1_Converter.m
[1.199s] -- Up-to-date: /home/anymalopc/docker_pronto_estimator/src/matlab_msg_gen/glnxa64/install/m//+ros/+internal/+ros2/+custommessages/+pronto_msgs/indexedMeasurement.m
[1.199s] -- Up-to-date: /home/anymalopc/docker_pronto_estimator/src/matlab_msg_gen/glnxa64/install/m//+ros/+internal/+ros2/+custommessages/+pronto_msgs/bipedForceTorqueSensors.m
[1.199s] -- Up-to-date: /home/anymalopc/docker_pronto_estimator/src/matlab_msg_gen/glnxa64/install/share/ament_index/resource_index/package_run_dependencies/pronto_msgs
[1.199s] -- Up-to-date: /home/anymalopc/docker_pronto_estimator/src/matlab_msg_gen/glnxa64/install/share/ament_index/resource_index/parent_prefix_path/pronto_msgs
[1.199s] -- Up-to-date: /home/anymalopc/docker_pronto_estimator/src/matlab_msg_gen/glnxa64/install/share/pronto_msgs/environment/ament_prefix_path.sh
[1.199s] -- Installing: /home/anymalopc/docker_pronto_estimator/src/matlab_msg_gen/glnxa64/install/share/pronto_msgs/environment/ament_prefix_path.dsv
[1.199s] -- Up-to-date: /home/anymalopc/docker_pronto_estimator/src/matlab_msg_gen/glnxa64/install/share/pronto_msgs/environment/path.sh
[1.199s] -- Installing: /home/anymalopc/docker_pronto_estimator/src/matlab_msg_gen/glnxa64/install/share/pronto_msgs/environment/path.dsv
[1.199s] -- Up-to-date: /home/anymalopc/docker_pronto_estimator/src/matlab_msg_gen/glnxa64/install/share/pronto_msgs/local_setup.bash
[1.199s] -- Up-to-date: /home/anymalopc/docker_pronto_estimator/src/matlab_msg_gen/glnxa64/install/share/pronto_msgs/local_setup.sh
[1.199s] -- Up-to-date: /home/anymalopc/docker_pronto_estimator/src/matlab_msg_gen/glnxa64/install/share/pronto_msgs/local_setup.zsh
[1.199s] -- Installing: /home/anymalopc/docker_pronto_estimator/src/matlab_msg_gen/glnxa64/install/share/pronto_msgs/local_setup.dsv
[1.199s] -- Installing: /home/anymalopc/docker_pronto_estimator/src/matlab_msg_gen/glnxa64/install/share/pronto_msgs/package.dsv
[1.199s] -- Up-to-date: /home/anymalopc/docker_pronto_estimator/src/matlab_msg_gen/glnxa64/install/share/ament_index/resource_index/packages/pronto_msgs
[1.199s] -- Up-to-date: /home/anymalopc/docker_pronto_estimator/src/matlab_msg_gen/glnxa64/install/share/pronto_msgs/cmake/pronto_msgs__rosidl_generator_cExport.cmake
[1.200s] -- Installing: /home/anymalopc/docker_pronto_estimator/src/matlab_msg_gen/glnxa64/install/share/pronto_msgs/cmake/pronto_msgs__rosidl_generator_cExport-release.cmake
[1.200s] -- Up-to-date: /home/anymalopc/docker_pronto_estimator/src/matlab_msg_gen/glnxa64/install/share/pronto_msgs/cmake/pronto_msgs__rosidl_typesupport_introspection_cExport.cmake
[1.200s] -- Installing: /home/anymalopc/docker_pronto_estimator/src/matlab_msg_gen/glnxa64/install/share/pronto_msgs/cmake/pronto_msgs__rosidl_typesupport_introspection_cExport-release.cmake
[1.200s] -- Up-to-date: /home/anymalopc/docker_pronto_estimator/src/matlab_msg_gen/glnxa64/install/share/pronto_msgs/cmake/pronto_msgs__rosidl_typesupport_cExport.cmake
[1.200s] -- Installing: /home/anymalopc/docker_pronto_estimator/src/matlab_msg_gen/glnxa64/install/share/pronto_msgs/cmake/pronto_msgs__rosidl_typesupport_cExport-release.cmake
[1.200s] -- Up-to-date: /home/anymalopc/docker_pronto_estimator/src/matlab_msg_gen/glnxa64/install/share/pronto_msgs/cmake/pronto_msgs__rosidl_generator_cppExport.cmake
[1.200s] -- Up-to-date: /home/anymalopc/docker_pronto_estimator/src/matlab_msg_gen/glnxa64/install/share/pronto_msgs/cmake/pronto_msgs__rosidl_typesupport_introspection_cppExport.cmake
[1.200s] -- Installing: /home/anymalopc/docker_pronto_estimator/src/matlab_msg_gen/glnxa64/install/share/pronto_msgs/cmake/pronto_msgs__rosidl_typesupport_introspection_cppExport-release.cmake
[1.200s] -- Up-to-date: /home/anymalopc/docker_pronto_estimator/src/matlab_msg_gen/glnxa64/install/share/pronto_msgs/cmake/pronto_msgs__rosidl_typesupport_cppExport.cmake
[1.200s] -- Installing: /home/anymalopc/docker_pronto_estimator/src/matlab_msg_gen/glnxa64/install/share/pronto_msgs/cmake/pronto_msgs__rosidl_typesupport_cppExport-release.cmake
[1.200s] -- Up-to-date: /home/anymalopc/docker_pronto_estimator/src/matlab_msg_gen/glnxa64/install/share/pronto_msgs/cmake/rosidl_cmake-extras.cmake
[1.200s] -- Up-to-date: /home/anymalopc/docker_pronto_estimator/src/matlab_msg_gen/glnxa64/install/share/pronto_msgs/cmake/ament_cmake_export_dependencies-extras.cmake
[1.200s] -- Up-to-date: /home/anymalopc/docker_pronto_estimator/src/matlab_msg_gen/glnxa64/install/share/pronto_msgs/cmake/ament_cmake_export_libraries-extras.cmake
[1.200s] -- Up-to-date: /home/anymalopc/docker_pronto_estimator/src/matlab_msg_gen/glnxa64/install/share/pronto_msgs/cmake/ament_cmake_export_targets-extras.cmake
[1.201s] -- Up-to-date: /home/anymalopc/docker_pronto_estimator/src/matlab_msg_gen/glnxa64/install/share/pronto_msgs/cmake/ament_cmake_export_include_directories-extras.cmake
[1.201s] -- Up-to-date: /home/anymalopc/docker_pronto_estimator/src/matlab_msg_gen/glnxa64/install/share/pronto_msgs/cmake/rosidl_cmake_export_typesupport_libraries-extras.cmake
[1.201s] -- Up-to-date: /home/anymalopc/docker_pronto_estimator/src/matlab_msg_gen/glnxa64/install/share/pronto_msgs/cmake/rosidl_cmake_export_typesupport_targets-extras.cmake
[1.201s] -- Up-to-date: /home/anymalopc/docker_pronto_estimator/src/matlab_msg_gen/glnxa64/install/share/pronto_msgs/cmake/pronto_msgsConfig.cmake
[1.201s] -- Up-to-date: /home/anymalopc/docker_pronto_estimator/src/matlab_msg_gen/glnxa64/install/share/pronto_msgs/cmake/pronto_msgsConfig-version.cmake
[1.201s] -- Installing: /home/anymalopc/docker_pronto_estimator/src/matlab_msg_gen/glnxa64/install/share/pronto_msgs/package.xml
[1.201s] Invoked command in '/home/anymalopc/docker_pronto_estimator/src/matlab_msg_gen/glnxa64/build/pronto_msgs' returned '0': PS1=(venv) /home/anymalopc/MATLAB/bin/glnxa64/cmake/bin/cmake --install /home/anymalopc/docker_pronto_estimator/src/matlab_msg_gen/glnxa64/build/pronto_msgs
