[0.108s] Invoking command in '/home/ros/docker_pronto_ws/build/pi3hat_moteus_int_msgs': CMAKE_PREFIX_PATH=${CMAKE_PREFIX_PATH}:/home/ros/docker_pronto_ws/install/planners_python:/home/ros/docker_pronto_ws/install/logger_gazebo:/home/ros/docker_pronto_ws/install/terrain_estimator:/home/ros/docker_pronto_ws/install/pose_estimator:/opt/ros/humble /usr/bin/cmake /home/ros/docker_pronto_ws/src/pi3hat_moteus_int_msgs -DCMAKE_BUILD_TYPE=Release -DCMAKE_EXPORT_COMPILE_COMMANDS=ON -DAMENT_CMAKE_SYMLINK_INSTALL=1 -DCMAKE_INSTALL_PREFIX=/home/ros/docker_pronto_ws/install/pi3hat_moteus_int_msgs
[0.752s] -- The C compiler identification is GNU 11.4.0
[0.752s] -- The CXX compiler identification is GNU 11.4.0
[0.752s] -- Detecting C compiler ABI info
[0.752s] -- Detecting C compiler ABI info - done
[0.753s] -- Check for working C compiler: /usr/bin/cc - skipped
[0.753s] -- Detecting C compile features
[0.753s] -- Detecting C compile features - done
[0.753s] -- Detecting CXX compiler ABI info
[0.753s] -- Detecting CXX compiler ABI info - done
[0.753s] -- Check for working CXX compiler: /usr/bin/c++ - skipped
[0.753s] -- Detecting CXX compile features
[0.753s] -- Detecting CXX compile features - done
[0.753s] -- Found ament_cmake: 1.3.6 (/opt/ros/humble/share/ament_cmake/cmake)
[0.753s] -- Found Python3: /usr/bin/python3.10 (found version "3.10.12") found components: Interpreter 
[0.753s] -- Override CMake install command with custom implementation using symlinks instead of copying resources
[0.760s] -- Found builtin_interfaces: 1.2.1 (/opt/ros/humble/share/builtin_interfaces/cmake)
[0.806s] -- Found rosidl_generator_c: 3.1.5 (/opt/ros/humble/share/rosidl_generator_c/cmake)
[0.814s] -- Found rosidl_adapter: 3.1.5 (/opt/ros/humble/share/rosidl_adapter/cmake)
[0.829s] -- Found rosidl_generator_cpp: 3.1.5 (/opt/ros/humble/share/rosidl_generator_cpp/cmake)
[0.871s] -- Using all available rosidl_typesupport_c: rosidl_typesupport_fastrtps_c;rosidl_typesupport_introspection_c
[0.936s] -- Using all available rosidl_typesupport_cpp: rosidl_typesupport_fastrtps_cpp;rosidl_typesupport_introspection_cpp
[0.980s] -- Found rosidl_default_generators: 1.2.0 (/opt/ros/humble/share/rosidl_default_generators/cmake)
[1.002s] -- Found std_msgs: 4.2.3 (/opt/ros/humble/share/std_msgs/cmake)
[1.986s] -- Found ament_cmake_cppcheck: 0.12.9 (/opt/ros/humble/share/ament_cmake_cppcheck/cmake)
[2.005s] -- Found ament_cmake_cpplint: 0.12.9 (/opt/ros/humble/share/ament_cmake_cpplint/cmake)
[2.007s] -- Found ament_cmake_uncrustify: 0.12.9 (/opt/ros/humble/share/ament_cmake_uncrustify/cmake)
[2.014s] -- Found ament_cmake_ros: 0.10.0 (/opt/ros/humble/share/ament_cmake_ros/cmake)
[2.794s] -- Using all available rosidl_typesupport_c: rosidl_typesupport_fastrtps_c;rosidl_typesupport_introspection_c
[3.063s] -- Using all available rosidl_typesupport_cpp: rosidl_typesupport_fastrtps_cpp;rosidl_typesupport_introspection_cpp
[3.111s] -- Found PythonInterp: /usr/bin/python3 (found suitable version "3.10.12", minimum required is "3.6") 
[3.121s] -- Found python_cmake_module: 0.10.0 (/opt/ros/humble/share/python_cmake_module/cmake)
[3.151s] -- Found PythonLibs: /usr/lib/x86_64-linux-gnu/libpython3.10.so (found suitable version "3.10.12", minimum required is "3.5") 
[3.151s] -- Using PYTHON_EXECUTABLE: /usr/bin/python3
[3.151s] -- Using PYTHON_INCLUDE_DIRS: /usr/include/python3.10
[3.152s] -- Using PYTHON_LIBRARIES: /usr/lib/x86_64-linux-gnu/libpython3.10.so
[3.185s] -- Found PythonExtra: .so  
[3.299s] -- Found ament_cmake_flake8: 0.12.9 (/opt/ros/humble/share/ament_cmake_flake8/cmake)
[3.303s] -- Found ament_cmake_pep257: 0.12.9 (/opt/ros/humble/share/ament_cmake_pep257/cmake)
[3.334s] -- Configuring done
[3.447s] -- Generating done
[3.450s] -- Build files have been written to: /home/ros/docker_pronto_ws/build/pi3hat_moteus_int_msgs
[3.490s] Invoked command in '/home/ros/docker_pronto_ws/build/pi3hat_moteus_int_msgs' returned '0': CMAKE_PREFIX_PATH=${CMAKE_PREFIX_PATH}:/home/ros/docker_pronto_ws/install/planners_python:/home/ros/docker_pronto_ws/install/logger_gazebo:/home/ros/docker_pronto_ws/install/terrain_estimator:/home/ros/docker_pronto_ws/install/pose_estimator:/opt/ros/humble /usr/bin/cmake /home/ros/docker_pronto_ws/src/pi3hat_moteus_int_msgs -DCMAKE_BUILD_TYPE=Release -DCMAKE_EXPORT_COMPILE_COMMANDS=ON -DAMENT_CMAKE_SYMLINK_INSTALL=1 -DCMAKE_INSTALL_PREFIX=/home/ros/docker_pronto_ws/install/pi3hat_moteus_int_msgs
[3.490s] Invoking command in '/home/ros/docker_pronto_ws/build/pi3hat_moteus_int_msgs': CMAKE_PREFIX_PATH=${CMAKE_PREFIX_PATH}:/home/ros/docker_pronto_ws/install/planners_python:/home/ros/docker_pronto_ws/install/logger_gazebo:/home/ros/docker_pronto_ws/install/terrain_estimator:/home/ros/docker_pronto_ws/install/pose_estimator:/opt/ros/humble /usr/bin/cmake --build /home/ros/docker_pronto_ws/build/pi3hat_moteus_int_msgs -- -j16 -l16
[3.717s] [  1%] [34m[1mGenerating C code for ROS interfaces[0m
[3.735s] [  3%] [34m[1mGenerating C++ code for ROS interfaces[0m
[3.879s] [  3%] Built target ament_cmake_python_symlink_pi3hat_moteus_int_msgs
[4.578s] running egg_info
[4.579s] creating pi3hat_moteus_int_msgs.egg-info
[4.580s] writing pi3hat_moteus_int_msgs.egg-info/PKG-INFO
[4.580s] writing dependency_links to pi3hat_moteus_int_msgs.egg-info/dependency_links.txt
[4.580s] writing top-level names to pi3hat_moteus_int_msgs.egg-info/top_level.txt
[4.580s] writing manifest file 'pi3hat_moteus_int_msgs.egg-info/SOURCES.txt'
[4.592s] reading manifest file 'pi3hat_moteus_int_msgs.egg-info/SOURCES.txt'
[4.592s] writing manifest file 'pi3hat_moteus_int_msgs.egg-info/SOURCES.txt'
[4.738s] [  3%] Built target ament_cmake_python_build_pi3hat_moteus_int_msgs_egg
[4.955s] [  5%] [32mBuilding C object CMakeFiles/pi3hat_moteus_int_msgs__rosidl_generator_c.dir/rosidl_generator_c/pi3hat_moteus_int_msgs/msg/detail/packet_pass__functions.c.o[0m
[4.983s] [  7%] [32mBuilding C object CMakeFiles/pi3hat_moteus_int_msgs__rosidl_generator_c.dir/rosidl_generator_c/pi3hat_moteus_int_msgs/msg/detail/omni_mulinex_command__functions.c.o[0m
[4.989s] [  9%] [32mBuilding C object CMakeFiles/pi3hat_moteus_int_msgs__rosidl_generator_c.dir/rosidl_generator_c/pi3hat_moteus_int_msgs/msg/detail/joints_command__functions.c.o[0m
[4.996s] [ 10%] [32mBuilding C object CMakeFiles/pi3hat_moteus_int_msgs__rosidl_generator_c.dir/rosidl_generator_c/pi3hat_moteus_int_msgs/msg/detail/joints_states__functions.c.o[0m
[5.407s] [ 10%] Built target pi3hat_moteus_int_msgs__cpp
[5.444s] [ 12%] [32m[1mLinking C shared library libpi3hat_moteus_int_msgs__rosidl_generator_c.so[0m
[5.467s] [ 14%] [34m[1mGenerating C++ type support dispatch for ROS interfaces[0m
[5.493s] [ 16%] [34m[1mGenerating C++ type support for eProsima Fast-RTPS[0m
[5.503s] [ 18%] [34m[1mGenerating C++ introspection for ROS interfaces[0m
[5.665s] [ 18%] Built target pi3hat_moteus_int_msgs__rosidl_generator_c
[5.774s] [ 20%] [34m[1mGenerating C type support for eProsima Fast-RTPS[0m
[5.793s] [ 23%] [34m[1mGenerating C type support dispatch for ROS interfaces[0m
[5.793s] [ 21%] [34m[1mGenerating C introspection for ROS interfaces[0m
[6.859s] [ 25%] [32mBuilding CXX object CMakeFiles/pi3hat_moteus_int_msgs__rosidl_typesupport_c.dir/rosidl_typesupport_c/pi3hat_moteus_int_msgs/msg/packet_pass__type_support.cpp.o[0m
[6.879s] [ 27%] [32mBuilding CXX object CMakeFiles/pi3hat_moteus_int_msgs__rosidl_typesupport_c.dir/rosidl_typesupport_c/pi3hat_moteus_int_msgs/msg/joints_states__type_support.cpp.o[0m
[6.890s] [ 29%] [32mBuilding CXX object CMakeFiles/pi3hat_moteus_int_msgs__rosidl_typesupport_c.dir/rosidl_typesupport_c/pi3hat_moteus_int_msgs/msg/joints_command__type_support.cpp.o[0m
[6.904s] [ 30%] [32mBuilding CXX object CMakeFiles/pi3hat_moteus_int_msgs__rosidl_typesupport_c.dir/rosidl_typesupport_c/pi3hat_moteus_int_msgs/msg/omni_mulinex_command__type_support.cpp.o[0m
[7.051s] [ 32%] [32mBuilding CXX object CMakeFiles/pi3hat_moteus_int_msgs__rosidl_typesupport_cpp.dir/rosidl_typesupport_cpp/pi3hat_moteus_int_msgs/msg/joints_states__type_support.cpp.o[0m
[7.059s] [ 34%] [32mBuilding CXX object CMakeFiles/pi3hat_moteus_int_msgs__rosidl_typesupport_cpp.dir/rosidl_typesupport_cpp/pi3hat_moteus_int_msgs/msg/packet_pass__type_support.cpp.o[0m
[7.076s] [ 36%] [32mBuilding CXX object CMakeFiles/pi3hat_moteus_int_msgs__rosidl_typesupport_cpp.dir/rosidl_typesupport_cpp/pi3hat_moteus_int_msgs/msg/joints_command__type_support.cpp.o[0m
[7.103s] [ 38%] [32mBuilding CXX object CMakeFiles/pi3hat_moteus_int_msgs__rosidl_typesupport_cpp.dir/rosidl_typesupport_cpp/pi3hat_moteus_int_msgs/msg/omni_mulinex_command__type_support.cpp.o[0m
[7.132s] [ 40%] [32m[1mLinking CXX shared library libpi3hat_moteus_int_msgs__rosidl_typesupport_c.so[0m
[7.399s] [ 40%] Built target pi3hat_moteus_int_msgs__rosidl_typesupport_c
[7.494s] [ 41%] [32mBuilding CXX object CMakeFiles/pi3hat_moteus_int_msgs__rosidl_typesupport_introspection_cpp.dir/rosidl_typesupport_introspection_cpp/pi3hat_moteus_int_msgs/msg/detail/packet_pass__type_support.cpp.o[0m
[7.494s] [ 43%] [32mBuilding CXX object CMakeFiles/pi3hat_moteus_int_msgs__rosidl_typesupport_introspection_cpp.dir/rosidl_typesupport_introspection_cpp/pi3hat_moteus_int_msgs/msg/detail/joints_states__type_support.cpp.o[0m
[7.527s] [ 45%] [32mBuilding CXX object CMakeFiles/pi3hat_moteus_int_msgs__rosidl_typesupport_introspection_cpp.dir/rosidl_typesupport_introspection_cpp/pi3hat_moteus_int_msgs/msg/detail/omni_mulinex_command__type_support.cpp.o[0m
[7.569s] [ 47%] [32mBuilding CXX object CMakeFiles/pi3hat_moteus_int_msgs__rosidl_typesupport_introspection_cpp.dir/rosidl_typesupport_introspection_cpp/pi3hat_moteus_int_msgs/msg/detail/joints_command__type_support.cpp.o[0m
[7.734s] [ 49%] [32mBuilding C object CMakeFiles/pi3hat_moteus_int_msgs__rosidl_typesupport_introspection_c.dir/rosidl_typesupport_introspection_c/pi3hat_moteus_int_msgs/msg/detail/packet_pass__type_support.c.o[0m
[7.774s] [ 50%] [32mBuilding C object CMakeFiles/pi3hat_moteus_int_msgs__rosidl_typesupport_introspection_c.dir/rosidl_typesupport_introspection_c/pi3hat_moteus_int_msgs/msg/detail/joints_states__type_support.c.o[0m
[7.783s] [ 52%] [32mBuilding C object CMakeFiles/pi3hat_moteus_int_msgs__rosidl_typesupport_introspection_c.dir/rosidl_typesupport_introspection_c/pi3hat_moteus_int_msgs/msg/detail/joints_command__type_support.c.o[0m
[7.818s] [ 54%] [32mBuilding CXX object CMakeFiles/pi3hat_moteus_int_msgs__rosidl_typesupport_fastrtps_cpp.dir/rosidl_typesupport_fastrtps_cpp/pi3hat_moteus_int_msgs/msg/detail/dds_fastrtps/packet_pass__type_support.cpp.o[0m
[7.838s] [ 56%] [32mBuilding CXX object CMakeFiles/pi3hat_moteus_int_msgs__rosidl_typesupport_fastrtps_cpp.dir/rosidl_typesupport_fastrtps_cpp/pi3hat_moteus_int_msgs/msg/detail/dds_fastrtps/joints_states__type_support.cpp.o[0m
[7.850s] [ 58%] [32mBuilding CXX object CMakeFiles/pi3hat_moteus_int_msgs__rosidl_typesupport_fastrtps_cpp.dir/rosidl_typesupport_fastrtps_cpp/pi3hat_moteus_int_msgs/msg/detail/dds_fastrtps/joints_command__type_support.cpp.o[0m
[7.884s] [ 60%] [32mBuilding CXX object CMakeFiles/pi3hat_moteus_int_msgs__rosidl_typesupport_fastrtps_cpp.dir/rosidl_typesupport_fastrtps_cpp/pi3hat_moteus_int_msgs/msg/detail/dds_fastrtps/omni_mulinex_command__type_support.cpp.o[0m
[7.893s] [ 61%] [32mBuilding C object CMakeFiles/pi3hat_moteus_int_msgs__rosidl_typesupport_introspection_c.dir/rosidl_typesupport_introspection_c/pi3hat_moteus_int_msgs/msg/detail/omni_mulinex_command__type_support.c.o[0m
[8.297s] [ 63%] [32m[1mLinking C shared library libpi3hat_moteus_int_msgs__rosidl_typesupport_introspection_c.so[0m
[8.324s] [ 65%] [32mBuilding CXX object CMakeFiles/pi3hat_moteus_int_msgs__rosidl_typesupport_fastrtps_c.dir/rosidl_typesupport_fastrtps_c/pi3hat_moteus_int_msgs/msg/detail/packet_pass__type_support_c.cpp.o[0m
[8.330s] [ 67%] [32mBuilding CXX object CMakeFiles/pi3hat_moteus_int_msgs__rosidl_typesupport_fastrtps_c.dir/rosidl_typesupport_fastrtps_c/pi3hat_moteus_int_msgs/msg/detail/joints_states__type_support_c.cpp.o[0m
[8.343s] [ 69%] [32mBuilding CXX object CMakeFiles/pi3hat_moteus_int_msgs__rosidl_typesupport_fastrtps_c.dir/rosidl_typesupport_fastrtps_c/pi3hat_moteus_int_msgs/msg/detail/joints_command__type_support_c.cpp.o[0m
[8.389s] [ 70%] [32mBuilding CXX object CMakeFiles/pi3hat_moteus_int_msgs__rosidl_typesupport_fastrtps_c.dir/rosidl_typesupport_fastrtps_c/pi3hat_moteus_int_msgs/msg/detail/omni_mulinex_command__type_support_c.cpp.o[0m
[8.550s] [ 70%] Built target pi3hat_moteus_int_msgs__rosidl_typesupport_introspection_c
[8.560s] [ 72%] [32m[1mLinking CXX shared library libpi3hat_moteus_int_msgs__rosidl_typesupport_cpp.so[0m
[8.878s] [ 72%] Built target pi3hat_moteus_int_msgs__rosidl_typesupport_cpp
[10.386s] [ 74%] [32m[1mLinking CXX shared library libpi3hat_moteus_int_msgs__rosidl_typesupport_fastrtps_c.so[0m
[10.459s] [ 76%] [32m[1mLinking CXX shared library libpi3hat_moteus_int_msgs__rosidl_typesupport_introspection_cpp.so[0m
[10.668s] [ 78%] [32m[1mLinking CXX shared library libpi3hat_moteus_int_msgs__rosidl_typesupport_fastrtps_cpp.so[0m
[10.707s] [ 78%] Built target pi3hat_moteus_int_msgs__rosidl_typesupport_fastrtps_c
[10.861s] [ 78%] Built target pi3hat_moteus_int_msgs__rosidl_typesupport_introspection_cpp
[11.039s] [ 78%] Built target pi3hat_moteus_int_msgs__rosidl_typesupport_fastrtps_cpp
[11.178s] [ 78%] Built target pi3hat_moteus_int_msgs
[11.325s] [ 80%] [34m[1mGenerating Python code for ROS interfaces[0m
[13.453s] [ 80%] Built target pi3hat_moteus_int_msgs__py
[13.615s] [ 81%] [32mBuilding C object CMakeFiles/pi3hat_moteus_int_msgs__rosidl_generator_py.dir/rosidl_generator_py/pi3hat_moteus_int_msgs/msg/_packet_pass_s.c.o[0m
[13.628s] [ 83%] [32mBuilding C object CMakeFiles/pi3hat_moteus_int_msgs__rosidl_generator_py.dir/rosidl_generator_py/pi3hat_moteus_int_msgs/msg/_joints_states_s.c.o[0m
[13.642s] [ 85%] [32mBuilding C object CMakeFiles/pi3hat_moteus_int_msgs__rosidl_generator_py.dir/rosidl_generator_py/pi3hat_moteus_int_msgs/msg/_joints_command_s.c.o[0m
[13.661s] [ 87%] [32mBuilding C object CMakeFiles/pi3hat_moteus_int_msgs__rosidl_generator_py.dir/rosidl_generator_py/pi3hat_moteus_int_msgs/msg/_omni_mulinex_command_s.c.o[0m
[14.216s] [ 89%] [32m[1mLinking C shared library rosidl_generator_py/pi3hat_moteus_int_msgs/libpi3hat_moteus_int_msgs__rosidl_generator_py.so[0m
[14.314s] [ 89%] Built target pi3hat_moteus_int_msgs__rosidl_generator_py
[14.348s] [ 90%] [32mBuilding C object CMakeFiles/pi3hat_moteus_int_msgs__rosidl_typesupport_fastrtps_c__pyext.dir/rosidl_generator_py/pi3hat_moteus_int_msgs/_pi3hat_moteus_int_msgs_s.ep.rosidl_typesupport_fastrtps_c.c.o[0m
[14.356s] [ 92%] [32mBuilding C object CMakeFiles/pi3hat_moteus_int_msgs__rosidl_typesupport_c__pyext.dir/rosidl_generator_py/pi3hat_moteus_int_msgs/_pi3hat_moteus_int_msgs_s.ep.rosidl_typesupport_c.c.o[0m
[14.360s] [ 94%] [32mBuilding C object CMakeFiles/pi3hat_moteus_int_msgs__rosidl_typesupport_introspection_c__pyext.dir/rosidl_generator_py/pi3hat_moteus_int_msgs/_pi3hat_moteus_int_msgs_s.ep.rosidl_typesupport_introspection_c.c.o[0m
[14.556s] [ 96%] [32m[1mLinking C shared library rosidl_generator_py/pi3hat_moteus_int_msgs/pi3hat_moteus_int_msgs_s__rosidl_typesupport_fastrtps_c.cpython-310-x86_64-linux-gnu.so[0m
[14.566s] [ 98%] [32m[1mLinking C shared library rosidl_generator_py/pi3hat_moteus_int_msgs/pi3hat_moteus_int_msgs_s__rosidl_typesupport_introspection_c.cpython-310-x86_64-linux-gnu.so[0m
[14.567s] [100%] [32m[1mLinking C shared library rosidl_generator_py/pi3hat_moteus_int_msgs/pi3hat_moteus_int_msgs_s__rosidl_typesupport_c.cpython-310-x86_64-linux-gnu.so[0m
[14.612s] [100%] Built target pi3hat_moteus_int_msgs__rosidl_typesupport_fastrtps_c__pyext
[14.622s] [100%] Built target pi3hat_moteus_int_msgs__rosidl_typesupport_introspection_c__pyext
[14.622s] [100%] Built target pi3hat_moteus_int_msgs__rosidl_typesupport_c__pyext
[14.720s] Invoked command in '/home/ros/docker_pronto_ws/build/pi3hat_moteus_int_msgs' returned '0': CMAKE_PREFIX_PATH=${CMAKE_PREFIX_PATH}:/home/ros/docker_pronto_ws/install/planners_python:/home/ros/docker_pronto_ws/install/logger_gazebo:/home/ros/docker_pronto_ws/install/terrain_estimator:/home/ros/docker_pronto_ws/install/pose_estimator:/opt/ros/humble /usr/bin/cmake --build /home/ros/docker_pronto_ws/build/pi3hat_moteus_int_msgs -- -j16 -l16
[15.111s] Invoking command in '/home/ros/docker_pronto_ws/build/pi3hat_moteus_int_msgs': CMAKE_PREFIX_PATH=${CMAKE_PREFIX_PATH}:/home/ros/docker_pronto_ws/install/planners_python:/home/ros/docker_pronto_ws/install/logger_gazebo:/home/ros/docker_pronto_ws/install/terrain_estimator:/home/ros/docker_pronto_ws/install/pose_estimator:/opt/ros/humble /usr/bin/cmake --install /home/ros/docker_pronto_ws/build/pi3hat_moteus_int_msgs
[15.120s] -- Install configuration: "Release"
[15.120s] -- Execute custom install script
[15.121s] -- Symlinking: /home/ros/docker_pronto_ws/install/pi3hat_moteus_int_msgs/share/ament_index/resource_index/rosidl_interfaces/pi3hat_moteus_int_msgs
[15.133s] -- Symlinking: /home/ros/docker_pronto_ws/install/pi3hat_moteus_int_msgs/include/pi3hat_moteus_int_msgs/pi3hat_moteus_int_msgs/msg/detail/joints_command__functions.h
[15.144s] -- Symlinking: /home/ros/docker_pronto_ws/install/pi3hat_moteus_int_msgs/include/pi3hat_moteus_int_msgs/pi3hat_moteus_int_msgs/msg/detail/joints_command__struct.h
[15.156s] -- Symlinking: /home/ros/docker_pronto_ws/install/pi3hat_moteus_int_msgs/include/pi3hat_moteus_int_msgs/pi3hat_moteus_int_msgs/msg/detail/joints_command__type_support.h
[15.166s] -- Symlinking: /home/ros/docker_pronto_ws/install/pi3hat_moteus_int_msgs/include/pi3hat_moteus_int_msgs/pi3hat_moteus_int_msgs/msg/detail/joints_states__functions.h
[15.176s] -- Symlinking: /home/ros/docker_pronto_ws/install/pi3hat_moteus_int_msgs/include/pi3hat_moteus_int_msgs/pi3hat_moteus_int_msgs/msg/detail/joints_states__struct.h
[15.186s] -- Symlinking: /home/ros/docker_pronto_ws/install/pi3hat_moteus_int_msgs/include/pi3hat_moteus_int_msgs/pi3hat_moteus_int_msgs/msg/detail/joints_states__type_support.h
[15.196s] -- Symlinking: /home/ros/docker_pronto_ws/install/pi3hat_moteus_int_msgs/include/pi3hat_moteus_int_msgs/pi3hat_moteus_int_msgs/msg/detail/omni_mulinex_command__functions.h
[15.206s] -- Symlinking: /home/ros/docker_pronto_ws/install/pi3hat_moteus_int_msgs/include/pi3hat_moteus_int_msgs/pi3hat_moteus_int_msgs/msg/detail/omni_mulinex_command__struct.h
[15.229s] -- Symlinking: /home/ros/docker_pronto_ws/install/pi3hat_moteus_int_msgs/include/pi3hat_moteus_int_msgs/pi3hat_moteus_int_msgs/msg/detail/omni_mulinex_command__type_support.h
[15.249s] -- Symlinking: /home/ros/docker_pronto_ws/install/pi3hat_moteus_int_msgs/include/pi3hat_moteus_int_msgs/pi3hat_moteus_int_msgs/msg/detail/packet_pass__functions.h
[15.270s] -- Symlinking: /home/ros/docker_pronto_ws/install/pi3hat_moteus_int_msgs/include/pi3hat_moteus_int_msgs/pi3hat_moteus_int_msgs/msg/detail/packet_pass__struct.h
[15.296s] -- Symlinking: /home/ros/docker_pronto_ws/install/pi3hat_moteus_int_msgs/include/pi3hat_moteus_int_msgs/pi3hat_moteus_int_msgs/msg/detail/packet_pass__type_support.h
[15.320s] -- Symlinking: /home/ros/docker_pronto_ws/install/pi3hat_moteus_int_msgs/include/pi3hat_moteus_int_msgs/pi3hat_moteus_int_msgs/msg/joints_command.h
[15.334s] -- Symlinking: /home/ros/docker_pronto_ws/install/pi3hat_moteus_int_msgs/include/pi3hat_moteus_int_msgs/pi3hat_moteus_int_msgs/msg/joints_states.h
[15.346s] -- Symlinking: /home/ros/docker_pronto_ws/install/pi3hat_moteus_int_msgs/include/pi3hat_moteus_int_msgs/pi3hat_moteus_int_msgs/msg/omni_mulinex_command.h
[15.357s] -- Symlinking: /home/ros/docker_pronto_ws/install/pi3hat_moteus_int_msgs/include/pi3hat_moteus_int_msgs/pi3hat_moteus_int_msgs/msg/packet_pass.h
[15.366s] -- Symlinking: /home/ros/docker_pronto_ws/install/pi3hat_moteus_int_msgs/include/pi3hat_moteus_int_msgs/pi3hat_moteus_int_msgs/msg/rosidl_generator_c__visibility_control.h
[15.378s] -- Symlinking: /home/ros/docker_pronto_ws/install/pi3hat_moteus_int_msgs/share/pi3hat_moteus_int_msgs/environment/library_path.sh
[15.389s] -- Symlinking: /home/ros/docker_pronto_ws/install/pi3hat_moteus_int_msgs/share/pi3hat_moteus_int_msgs/environment/library_path.dsv
[15.400s] -- Symlinking: /home/ros/docker_pronto_ws/install/pi3hat_moteus_int_msgs/include/pi3hat_moteus_int_msgs/pi3hat_moteus_int_msgs/msg/detail/joints_command__rosidl_typesupport_fastrtps_c.h
[15.410s] -- Symlinking: /home/ros/docker_pronto_ws/install/pi3hat_moteus_int_msgs/include/pi3hat_moteus_int_msgs/pi3hat_moteus_int_msgs/msg/detail/joints_states__rosidl_typesupport_fastrtps_c.h
[15.420s] -- Symlinking: /home/ros/docker_pronto_ws/install/pi3hat_moteus_int_msgs/include/pi3hat_moteus_int_msgs/pi3hat_moteus_int_msgs/msg/detail/omni_mulinex_command__rosidl_typesupport_fastrtps_c.h
[15.450s] -- Symlinking: /home/ros/docker_pronto_ws/install/pi3hat_moteus_int_msgs/include/pi3hat_moteus_int_msgs/pi3hat_moteus_int_msgs/msg/detail/packet_pass__rosidl_typesupport_fastrtps_c.h
[15.473s] -- Symlinking: /home/ros/docker_pronto_ws/install/pi3hat_moteus_int_msgs/include/pi3hat_moteus_int_msgs/pi3hat_moteus_int_msgs/msg/rosidl_typesupport_fastrtps_c__visibility_control.h
[15.499s] -- Symlinking: /home/ros/docker_pronto_ws/install/pi3hat_moteus_int_msgs/include/pi3hat_moteus_int_msgs/pi3hat_moteus_int_msgs/msg/detail/joints_command__builder.hpp
[15.531s] -- Symlinking: /home/ros/docker_pronto_ws/install/pi3hat_moteus_int_msgs/include/pi3hat_moteus_int_msgs/pi3hat_moteus_int_msgs/msg/detail/joints_command__struct.hpp
[15.545s] -- Symlinking: /home/ros/docker_pronto_ws/install/pi3hat_moteus_int_msgs/include/pi3hat_moteus_int_msgs/pi3hat_moteus_int_msgs/msg/detail/joints_command__traits.hpp
[15.558s] -- Symlinking: /home/ros/docker_pronto_ws/install/pi3hat_moteus_int_msgs/include/pi3hat_moteus_int_msgs/pi3hat_moteus_int_msgs/msg/detail/joints_states__builder.hpp
[15.569s] -- Symlinking: /home/ros/docker_pronto_ws/install/pi3hat_moteus_int_msgs/include/pi3hat_moteus_int_msgs/pi3hat_moteus_int_msgs/msg/detail/joints_states__struct.hpp
[15.581s] -- Symlinking: /home/ros/docker_pronto_ws/install/pi3hat_moteus_int_msgs/include/pi3hat_moteus_int_msgs/pi3hat_moteus_int_msgs/msg/detail/joints_states__traits.hpp
[15.592s] -- Symlinking: /home/ros/docker_pronto_ws/install/pi3hat_moteus_int_msgs/include/pi3hat_moteus_int_msgs/pi3hat_moteus_int_msgs/msg/detail/omni_mulinex_command__builder.hpp
[15.602s] -- Symlinking: /home/ros/docker_pronto_ws/install/pi3hat_moteus_int_msgs/include/pi3hat_moteus_int_msgs/pi3hat_moteus_int_msgs/msg/detail/omni_mulinex_command__struct.hpp
[15.613s] -- Symlinking: /home/ros/docker_pronto_ws/install/pi3hat_moteus_int_msgs/include/pi3hat_moteus_int_msgs/pi3hat_moteus_int_msgs/msg/detail/omni_mulinex_command__traits.hpp
[15.623s] -- Symlinking: /home/ros/docker_pronto_ws/install/pi3hat_moteus_int_msgs/include/pi3hat_moteus_int_msgs/pi3hat_moteus_int_msgs/msg/detail/packet_pass__builder.hpp
[15.635s] -- Symlinking: /home/ros/docker_pronto_ws/install/pi3hat_moteus_int_msgs/include/pi3hat_moteus_int_msgs/pi3hat_moteus_int_msgs/msg/detail/packet_pass__struct.hpp
[15.647s] -- Symlinking: /home/ros/docker_pronto_ws/install/pi3hat_moteus_int_msgs/include/pi3hat_moteus_int_msgs/pi3hat_moteus_int_msgs/msg/detail/packet_pass__traits.hpp
[15.659s] -- Symlinking: /home/ros/docker_pronto_ws/install/pi3hat_moteus_int_msgs/include/pi3hat_moteus_int_msgs/pi3hat_moteus_int_msgs/msg/joints_command.hpp
[15.671s] -- Symlinking: /home/ros/docker_pronto_ws/install/pi3hat_moteus_int_msgs/include/pi3hat_moteus_int_msgs/pi3hat_moteus_int_msgs/msg/joints_states.hpp
[15.681s] -- Symlinking: /home/ros/docker_pronto_ws/install/pi3hat_moteus_int_msgs/include/pi3hat_moteus_int_msgs/pi3hat_moteus_int_msgs/msg/omni_mulinex_command.hpp
[15.691s] -- Symlinking: /home/ros/docker_pronto_ws/install/pi3hat_moteus_int_msgs/include/pi3hat_moteus_int_msgs/pi3hat_moteus_int_msgs/msg/packet_pass.hpp
[15.703s] -- Symlinking: /home/ros/docker_pronto_ws/install/pi3hat_moteus_int_msgs/include/pi3hat_moteus_int_msgs/pi3hat_moteus_int_msgs/msg/detail/joints_command__rosidl_typesupport_fastrtps_cpp.hpp
[15.711s] -- Symlinking: /home/ros/docker_pronto_ws/install/pi3hat_moteus_int_msgs/include/pi3hat_moteus_int_msgs/pi3hat_moteus_int_msgs/msg/detail/joints_states__rosidl_typesupport_fastrtps_cpp.hpp
[15.721s] -- Symlinking: /home/ros/docker_pronto_ws/install/pi3hat_moteus_int_msgs/include/pi3hat_moteus_int_msgs/pi3hat_moteus_int_msgs/msg/detail/omni_mulinex_command__rosidl_typesupport_fastrtps_cpp.hpp
[15.732s] -- Symlinking: /home/ros/docker_pronto_ws/install/pi3hat_moteus_int_msgs/include/pi3hat_moteus_int_msgs/pi3hat_moteus_int_msgs/msg/detail/packet_pass__rosidl_typesupport_fastrtps_cpp.hpp
[15.743s] -- Symlinking: /home/ros/docker_pronto_ws/install/pi3hat_moteus_int_msgs/include/pi3hat_moteus_int_msgs/pi3hat_moteus_int_msgs/msg/rosidl_typesupport_fastrtps_cpp__visibility_control.h
[15.755s] -- Symlinking: /home/ros/docker_pronto_ws/install/pi3hat_moteus_int_msgs/include/pi3hat_moteus_int_msgs/pi3hat_moteus_int_msgs/msg/detail/joints_command__rosidl_typesupport_introspection_c.h
[15.766s] -- Symlinking: /home/ros/docker_pronto_ws/install/pi3hat_moteus_int_msgs/include/pi3hat_moteus_int_msgs/pi3hat_moteus_int_msgs/msg/detail/joints_states__rosidl_typesupport_introspection_c.h
[15.777s] -- Symlinking: /home/ros/docker_pronto_ws/install/pi3hat_moteus_int_msgs/include/pi3hat_moteus_int_msgs/pi3hat_moteus_int_msgs/msg/detail/omni_mulinex_command__rosidl_typesupport_introspection_c.h
[15.788s] -- Symlinking: /home/ros/docker_pronto_ws/install/pi3hat_moteus_int_msgs/include/pi3hat_moteus_int_msgs/pi3hat_moteus_int_msgs/msg/detail/packet_pass__rosidl_typesupport_introspection_c.h
[15.801s] -- Symlinking: /home/ros/docker_pronto_ws/install/pi3hat_moteus_int_msgs/include/pi3hat_moteus_int_msgs/pi3hat_moteus_int_msgs/msg/rosidl_typesupport_introspection_c__visibility_control.h
[15.812s] -- Symlinking: /home/ros/docker_pronto_ws/install/pi3hat_moteus_int_msgs/include/pi3hat_moteus_int_msgs/pi3hat_moteus_int_msgs/msg/detail/joints_command__rosidl_typesupport_introspection_cpp.hpp
[15.822s] -- Symlinking: /home/ros/docker_pronto_ws/install/pi3hat_moteus_int_msgs/include/pi3hat_moteus_int_msgs/pi3hat_moteus_int_msgs/msg/detail/joints_states__rosidl_typesupport_introspection_cpp.hpp
[15.833s] -- Symlinking: /home/ros/docker_pronto_ws/install/pi3hat_moteus_int_msgs/include/pi3hat_moteus_int_msgs/pi3hat_moteus_int_msgs/msg/detail/omni_mulinex_command__rosidl_typesupport_introspection_cpp.hpp
[15.844s] -- Symlinking: /home/ros/docker_pronto_ws/install/pi3hat_moteus_int_msgs/include/pi3hat_moteus_int_msgs/pi3hat_moteus_int_msgs/msg/detail/packet_pass__rosidl_typesupport_introspection_cpp.hpp
[15.855s] -- Symlinking: /home/ros/docker_pronto_ws/install/pi3hat_moteus_int_msgs/share/pi3hat_moteus_int_msgs/environment/pythonpath.sh
[15.867s] -- Symlinking: /home/ros/docker_pronto_ws/install/pi3hat_moteus_int_msgs/share/pi3hat_moteus_int_msgs/environment/pythonpath.dsv
[15.880s] -- Symlinking: /home/ros/docker_pronto_ws/install/pi3hat_moteus_int_msgs/local/lib/python3.10/dist-packages/pi3hat_moteus_int_msgs-0.0.0-py3.10.egg-info/PKG-INFO
[15.892s] -- Symlinking: /home/ros/docker_pronto_ws/install/pi3hat_moteus_int_msgs/local/lib/python3.10/dist-packages/pi3hat_moteus_int_msgs-0.0.0-py3.10.egg-info/SOURCES.txt
[15.903s] -- Symlinking: /home/ros/docker_pronto_ws/install/pi3hat_moteus_int_msgs/local/lib/python3.10/dist-packages/pi3hat_moteus_int_msgs-0.0.0-py3.10.egg-info/dependency_links.txt
[15.915s] -- Symlinking: /home/ros/docker_pronto_ws/install/pi3hat_moteus_int_msgs/local/lib/python3.10/dist-packages/pi3hat_moteus_int_msgs-0.0.0-py3.10.egg-info/top_level.txt
[15.927s] -- Symlinking: /home/ros/docker_pronto_ws/install/pi3hat_moteus_int_msgs/local/lib/python3.10/dist-packages/pi3hat_moteus_int_msgs/__init__.py
[15.939s] -- Symlinking: /home/ros/docker_pronto_ws/install/pi3hat_moteus_int_msgs/local/lib/python3.10/dist-packages/pi3hat_moteus_int_msgs/_pi3hat_moteus_int_msgs_s.ep.rosidl_typesupport_c.c
[15.950s] -- Symlinking: /home/ros/docker_pronto_ws/install/pi3hat_moteus_int_msgs/local/lib/python3.10/dist-packages/pi3hat_moteus_int_msgs/_pi3hat_moteus_int_msgs_s.ep.rosidl_typesupport_fastrtps_c.c
[15.962s] -- Symlinking: /home/ros/docker_pronto_ws/install/pi3hat_moteus_int_msgs/local/lib/python3.10/dist-packages/pi3hat_moteus_int_msgs/_pi3hat_moteus_int_msgs_s.ep.rosidl_typesupport_introspection_c.c
[15.974s] -- Symlinking: /home/ros/docker_pronto_ws/install/pi3hat_moteus_int_msgs/local/lib/python3.10/dist-packages/pi3hat_moteus_int_msgs/libpi3hat_moteus_int_msgs__rosidl_generator_py.so
[15.985s] -- Symlinking: /home/ros/docker_pronto_ws/install/pi3hat_moteus_int_msgs/local/lib/python3.10/dist-packages/pi3hat_moteus_int_msgs/msg/__init__.py
[15.994s] -- Symlinking: /home/ros/docker_pronto_ws/install/pi3hat_moteus_int_msgs/local/lib/python3.10/dist-packages/pi3hat_moteus_int_msgs/msg/_joints_command.py
[16.005s] -- Symlinking: /home/ros/docker_pronto_ws/install/pi3hat_moteus_int_msgs/local/lib/python3.10/dist-packages/pi3hat_moteus_int_msgs/msg/_joints_command_s.c
[16.016s] -- Symlinking: /home/ros/docker_pronto_ws/install/pi3hat_moteus_int_msgs/local/lib/python3.10/dist-packages/pi3hat_moteus_int_msgs/msg/_joints_states.py
[16.028s] -- Symlinking: /home/ros/docker_pronto_ws/install/pi3hat_moteus_int_msgs/local/lib/python3.10/dist-packages/pi3hat_moteus_int_msgs/msg/_joints_states_s.c
[16.039s] -- Symlinking: /home/ros/docker_pronto_ws/install/pi3hat_moteus_int_msgs/local/lib/python3.10/dist-packages/pi3hat_moteus_int_msgs/msg/_omni_mulinex_command.py
[16.051s] -- Symlinking: /home/ros/docker_pronto_ws/install/pi3hat_moteus_int_msgs/local/lib/python3.10/dist-packages/pi3hat_moteus_int_msgs/msg/_omni_mulinex_command_s.c
[16.064s] -- Symlinking: /home/ros/docker_pronto_ws/install/pi3hat_moteus_int_msgs/local/lib/python3.10/dist-packages/pi3hat_moteus_int_msgs/msg/_packet_pass.py
[16.075s] -- Symlinking: /home/ros/docker_pronto_ws/install/pi3hat_moteus_int_msgs/local/lib/python3.10/dist-packages/pi3hat_moteus_int_msgs/msg/_packet_pass_s.c
[16.087s] -- Symlinking: /home/ros/docker_pronto_ws/install/pi3hat_moteus_int_msgs/local/lib/python3.10/dist-packages/pi3hat_moteus_int_msgs/pi3hat_moteus_int_msgs_s__rosidl_typesupport_c.cpython-310-x86_64-linux-gnu.so
[16.098s] -- Symlinking: /home/ros/docker_pronto_ws/install/pi3hat_moteus_int_msgs/local/lib/python3.10/dist-packages/pi3hat_moteus_int_msgs/pi3hat_moteus_int_msgs_s__rosidl_typesupport_fastrtps_c.cpython-310-x86_64-linux-gnu.so
[16.111s] -- Symlinking: /home/ros/docker_pronto_ws/install/pi3hat_moteus_int_msgs/local/lib/python3.10/dist-packages/pi3hat_moteus_int_msgs/pi3hat_moteus_int_msgs_s__rosidl_typesupport_introspection_c.cpython-310-x86_64-linux-gnu.so
[16.123s] -- Up-to-date symlink: /home/ros/docker_pronto_ws/install/pi3hat_moteus_int_msgs/local/lib/python3.10/dist-packages/pi3hat_moteus_int_msgs/pi3hat_moteus_int_msgs_s__rosidl_typesupport_fastrtps_c.cpython-310-x86_64-linux-gnu.so
[16.123s] -- Up-to-date symlink: /home/ros/docker_pronto_ws/install/pi3hat_moteus_int_msgs/local/lib/python3.10/dist-packages/pi3hat_moteus_int_msgs/pi3hat_moteus_int_msgs_s__rosidl_typesupport_introspection_c.cpython-310-x86_64-linux-gnu.so
[16.123s] -- Up-to-date symlink: /home/ros/docker_pronto_ws/install/pi3hat_moteus_int_msgs/local/lib/python3.10/dist-packages/pi3hat_moteus_int_msgs/pi3hat_moteus_int_msgs_s__rosidl_typesupport_c.cpython-310-x86_64-linux-gnu.so
[16.124s] -- Symlinking: /home/ros/docker_pronto_ws/install/pi3hat_moteus_int_msgs/share/pi3hat_moteus_int_msgs/msg/PacketPass.idl
[16.137s] -- Symlinking: /home/ros/docker_pronto_ws/install/pi3hat_moteus_int_msgs/share/pi3hat_moteus_int_msgs/msg/JointsStates.idl
[16.149s] -- Symlinking: /home/ros/docker_pronto_ws/install/pi3hat_moteus_int_msgs/share/pi3hat_moteus_int_msgs/msg/JointsCommand.idl
[16.162s] -- Symlinking: /home/ros/docker_pronto_ws/install/pi3hat_moteus_int_msgs/share/pi3hat_moteus_int_msgs/msg/OmniMulinexCommand.idl
[16.174s] -- Symlinking: /home/ros/docker_pronto_ws/install/pi3hat_moteus_int_msgs/share/pi3hat_moteus_int_msgs/msg/PacketPass.msg
[16.186s] -- Symlinking: /home/ros/docker_pronto_ws/install/pi3hat_moteus_int_msgs/share/pi3hat_moteus_int_msgs/msg/JointsStates.msg
[16.198s] -- Symlinking: /home/ros/docker_pronto_ws/install/pi3hat_moteus_int_msgs/share/pi3hat_moteus_int_msgs/msg/JointsCommand.msg
[16.211s] -- Symlinking: /home/ros/docker_pronto_ws/install/pi3hat_moteus_int_msgs/share/pi3hat_moteus_int_msgs/msg/OmniMulinexCommand.msg
[16.223s] -- Symlinking: /home/ros/docker_pronto_ws/install/pi3hat_moteus_int_msgs/share/ament_index/resource_index/package_run_dependencies/pi3hat_moteus_int_msgs
[16.235s] -- Symlinking: /home/ros/docker_pronto_ws/install/pi3hat_moteus_int_msgs/share/ament_index/resource_index/parent_prefix_path/pi3hat_moteus_int_msgs
[16.247s] -- Symlinking: /home/ros/docker_pronto_ws/install/pi3hat_moteus_int_msgs/share/pi3hat_moteus_int_msgs/environment/ament_prefix_path.sh
[16.259s] -- Symlinking: /home/ros/docker_pronto_ws/install/pi3hat_moteus_int_msgs/share/pi3hat_moteus_int_msgs/environment/ament_prefix_path.dsv
[16.270s] -- Symlinking: /home/ros/docker_pronto_ws/install/pi3hat_moteus_int_msgs/share/pi3hat_moteus_int_msgs/environment/path.sh
[16.282s] -- Symlinking: /home/ros/docker_pronto_ws/install/pi3hat_moteus_int_msgs/share/pi3hat_moteus_int_msgs/environment/path.dsv
[16.295s] -- Symlinking: /home/ros/docker_pronto_ws/install/pi3hat_moteus_int_msgs/share/pi3hat_moteus_int_msgs/local_setup.bash
[16.308s] -- Symlinking: /home/ros/docker_pronto_ws/install/pi3hat_moteus_int_msgs/share/pi3hat_moteus_int_msgs/local_setup.sh
[16.321s] -- Symlinking: /home/ros/docker_pronto_ws/install/pi3hat_moteus_int_msgs/share/pi3hat_moteus_int_msgs/local_setup.zsh
[16.334s] -- Symlinking: /home/ros/docker_pronto_ws/install/pi3hat_moteus_int_msgs/share/pi3hat_moteus_int_msgs/local_setup.dsv
[16.347s] -- Symlinking: /home/ros/docker_pronto_ws/install/pi3hat_moteus_int_msgs/share/pi3hat_moteus_int_msgs/package.dsv
[16.356s] -- Symlinking: /home/ros/docker_pronto_ws/install/pi3hat_moteus_int_msgs/share/ament_index/resource_index/packages/pi3hat_moteus_int_msgs
[16.364s] -- Symlinking: /home/ros/docker_pronto_ws/install/pi3hat_moteus_int_msgs/share/pi3hat_moteus_int_msgs/cmake/rosidl_cmake-extras.cmake
[16.378s] -- Symlinking: /home/ros/docker_pronto_ws/install/pi3hat_moteus_int_msgs/share/pi3hat_moteus_int_msgs/cmake/ament_cmake_export_dependencies-extras.cmake
[16.389s] -- Symlinking: /home/ros/docker_pronto_ws/install/pi3hat_moteus_int_msgs/share/pi3hat_moteus_int_msgs/cmake/ament_cmake_export_include_directories-extras.cmake
[16.402s] -- Symlinking: /home/ros/docker_pronto_ws/install/pi3hat_moteus_int_msgs/share/pi3hat_moteus_int_msgs/cmake/ament_cmake_export_libraries-extras.cmake
[16.411s] -- Symlinking: /home/ros/docker_pronto_ws/install/pi3hat_moteus_int_msgs/share/pi3hat_moteus_int_msgs/cmake/ament_cmake_export_targets-extras.cmake
[16.420s] -- Symlinking: /home/ros/docker_pronto_ws/install/pi3hat_moteus_int_msgs/share/pi3hat_moteus_int_msgs/cmake/rosidl_cmake_export_typesupport_targets-extras.cmake
[16.451s] -- Symlinking: /home/ros/docker_pronto_ws/install/pi3hat_moteus_int_msgs/share/pi3hat_moteus_int_msgs/cmake/rosidl_cmake_export_typesupport_libraries-extras.cmake
[16.451s] -- Symlinking: /home/ros/docker_pronto_ws/install/pi3hat_moteus_int_msgs/share/pi3hat_moteus_int_msgs/cmake/pi3hat_moteus_int_msgsConfig.cmake
[16.451s] -- Symlinking: /home/ros/docker_pronto_ws/install/pi3hat_moteus_int_msgs/share/pi3hat_moteus_int_msgs/cmake/pi3hat_moteus_int_msgsConfig-version.cmake
[16.459s] -- Symlinking: /home/ros/docker_pronto_ws/install/pi3hat_moteus_int_msgs/share/pi3hat_moteus_int_msgs/package.xml
[16.467s] -- Installing: /home/ros/docker_pronto_ws/install/pi3hat_moteus_int_msgs/lib/libpi3hat_moteus_int_msgs__rosidl_generator_c.so
[16.467s] -- Set runtime path of "/home/ros/docker_pronto_ws/install/pi3hat_moteus_int_msgs/lib/libpi3hat_moteus_int_msgs__rosidl_generator_c.so" to ""
[16.468s] -- Installing: /home/ros/docker_pronto_ws/install/pi3hat_moteus_int_msgs/lib/libpi3hat_moteus_int_msgs__rosidl_typesupport_fastrtps_c.so
[16.468s] -- Set runtime path of "/home/ros/docker_pronto_ws/install/pi3hat_moteus_int_msgs/lib/libpi3hat_moteus_int_msgs__rosidl_typesupport_fastrtps_c.so" to ""
[16.468s] -- Installing: /home/ros/docker_pronto_ws/install/pi3hat_moteus_int_msgs/lib/libpi3hat_moteus_int_msgs__rosidl_typesupport_fastrtps_cpp.so
[16.468s] -- Set runtime path of "/home/ros/docker_pronto_ws/install/pi3hat_moteus_int_msgs/lib/libpi3hat_moteus_int_msgs__rosidl_typesupport_fastrtps_cpp.so" to ""
[16.468s] -- Installing: /home/ros/docker_pronto_ws/install/pi3hat_moteus_int_msgs/lib/libpi3hat_moteus_int_msgs__rosidl_typesupport_introspection_c.so
[16.469s] -- Set runtime path of "/home/ros/docker_pronto_ws/install/pi3hat_moteus_int_msgs/lib/libpi3hat_moteus_int_msgs__rosidl_typesupport_introspection_c.so" to ""
[16.469s] -- Installing: /home/ros/docker_pronto_ws/install/pi3hat_moteus_int_msgs/lib/libpi3hat_moteus_int_msgs__rosidl_typesupport_c.so
[16.469s] -- Set runtime path of "/home/ros/docker_pronto_ws/install/pi3hat_moteus_int_msgs/lib/libpi3hat_moteus_int_msgs__rosidl_typesupport_c.so" to ""
[16.469s] -- Installing: /home/ros/docker_pronto_ws/install/pi3hat_moteus_int_msgs/lib/libpi3hat_moteus_int_msgs__rosidl_typesupport_introspection_cpp.so
[16.469s] -- Set runtime path of "/home/ros/docker_pronto_ws/install/pi3hat_moteus_int_msgs/lib/libpi3hat_moteus_int_msgs__rosidl_typesupport_introspection_cpp.so" to ""
[16.469s] -- Installing: /home/ros/docker_pronto_ws/install/pi3hat_moteus_int_msgs/lib/libpi3hat_moteus_int_msgs__rosidl_typesupport_cpp.so
[16.470s] -- Set runtime path of "/home/ros/docker_pronto_ws/install/pi3hat_moteus_int_msgs/lib/libpi3hat_moteus_int_msgs__rosidl_typesupport_cpp.so" to ""
[16.510s] Listing '/home/ros/docker_pronto_ws/install/pi3hat_moteus_int_msgs/local/lib/python3.10/dist-packages/pi3hat_moteus_int_msgs'...
[16.510s] Compiling '/home/ros/docker_pronto_ws/install/pi3hat_moteus_int_msgs/local/lib/python3.10/dist-packages/pi3hat_moteus_int_msgs/__init__.py'...
[16.511s] Listing '/home/ros/docker_pronto_ws/install/pi3hat_moteus_int_msgs/local/lib/python3.10/dist-packages/pi3hat_moteus_int_msgs/msg'...
[16.511s] Compiling '/home/ros/docker_pronto_ws/install/pi3hat_moteus_int_msgs/local/lib/python3.10/dist-packages/pi3hat_moteus_int_msgs/msg/__init__.py'...
[16.511s] Compiling '/home/ros/docker_pronto_ws/install/pi3hat_moteus_int_msgs/local/lib/python3.10/dist-packages/pi3hat_moteus_int_msgs/msg/_joints_command.py'...
[16.511s] Compiling '/home/ros/docker_pronto_ws/install/pi3hat_moteus_int_msgs/local/lib/python3.10/dist-packages/pi3hat_moteus_int_msgs/msg/_joints_states.py'...
[16.511s] Compiling '/home/ros/docker_pronto_ws/install/pi3hat_moteus_int_msgs/local/lib/python3.10/dist-packages/pi3hat_moteus_int_msgs/msg/_omni_mulinex_command.py'...
[16.511s] Compiling '/home/ros/docker_pronto_ws/install/pi3hat_moteus_int_msgs/local/lib/python3.10/dist-packages/pi3hat_moteus_int_msgs/msg/_packet_pass.py'...
[16.517s] -- Installing: /home/ros/docker_pronto_ws/install/pi3hat_moteus_int_msgs/lib/libpi3hat_moteus_int_msgs__rosidl_generator_py.so
[16.518s] -- Set runtime path of "/home/ros/docker_pronto_ws/install/pi3hat_moteus_int_msgs/lib/libpi3hat_moteus_int_msgs__rosidl_generator_py.so" to ""
[16.518s] -- Installing: /home/ros/docker_pronto_ws/install/pi3hat_moteus_int_msgs/share/pi3hat_moteus_int_msgs/cmake/export_pi3hat_moteus_int_msgs__rosidl_generator_cExport.cmake
[16.518s] -- Installing: /home/ros/docker_pronto_ws/install/pi3hat_moteus_int_msgs/share/pi3hat_moteus_int_msgs/cmake/export_pi3hat_moteus_int_msgs__rosidl_generator_cExport-release.cmake
[16.518s] -- Installing: /home/ros/docker_pronto_ws/install/pi3hat_moteus_int_msgs/share/pi3hat_moteus_int_msgs/cmake/export_pi3hat_moteus_int_msgs__rosidl_typesupport_fastrtps_cExport.cmake
[16.518s] -- Installing: /home/ros/docker_pronto_ws/install/pi3hat_moteus_int_msgs/share/pi3hat_moteus_int_msgs/cmake/export_pi3hat_moteus_int_msgs__rosidl_typesupport_fastrtps_cExport-release.cmake
[16.518s] -- Installing: /home/ros/docker_pronto_ws/install/pi3hat_moteus_int_msgs/share/pi3hat_moteus_int_msgs/cmake/export_pi3hat_moteus_int_msgs__rosidl_generator_cppExport.cmake
[16.518s] -- Installing: /home/ros/docker_pronto_ws/install/pi3hat_moteus_int_msgs/share/pi3hat_moteus_int_msgs/cmake/export_pi3hat_moteus_int_msgs__rosidl_typesupport_fastrtps_cppExport.cmake
[16.519s] -- Installing: /home/ros/docker_pronto_ws/install/pi3hat_moteus_int_msgs/share/pi3hat_moteus_int_msgs/cmake/export_pi3hat_moteus_int_msgs__rosidl_typesupport_fastrtps_cppExport-release.cmake
[16.519s] -- Installing: /home/ros/docker_pronto_ws/install/pi3hat_moteus_int_msgs/share/pi3hat_moteus_int_msgs/cmake/pi3hat_moteus_int_msgs__rosidl_typesupport_introspection_cExport.cmake
[16.519s] -- Installing: /home/ros/docker_pronto_ws/install/pi3hat_moteus_int_msgs/share/pi3hat_moteus_int_msgs/cmake/pi3hat_moteus_int_msgs__rosidl_typesupport_introspection_cExport-release.cmake
[16.519s] -- Installing: /home/ros/docker_pronto_ws/install/pi3hat_moteus_int_msgs/share/pi3hat_moteus_int_msgs/cmake/pi3hat_moteus_int_msgs__rosidl_typesupport_cExport.cmake
[16.519s] -- Installing: /home/ros/docker_pronto_ws/install/pi3hat_moteus_int_msgs/share/pi3hat_moteus_int_msgs/cmake/pi3hat_moteus_int_msgs__rosidl_typesupport_cExport-release.cmake
[16.519s] -- Installing: /home/ros/docker_pronto_ws/install/pi3hat_moteus_int_msgs/share/pi3hat_moteus_int_msgs/cmake/pi3hat_moteus_int_msgs__rosidl_typesupport_introspection_cppExport.cmake
[16.519s] -- Installing: /home/ros/docker_pronto_ws/install/pi3hat_moteus_int_msgs/share/pi3hat_moteus_int_msgs/cmake/pi3hat_moteus_int_msgs__rosidl_typesupport_introspection_cppExport-release.cmake
[16.520s] -- Installing: /home/ros/docker_pronto_ws/install/pi3hat_moteus_int_msgs/share/pi3hat_moteus_int_msgs/cmake/pi3hat_moteus_int_msgs__rosidl_typesupport_cppExport.cmake
[16.520s] -- Installing: /home/ros/docker_pronto_ws/install/pi3hat_moteus_int_msgs/share/pi3hat_moteus_int_msgs/cmake/pi3hat_moteus_int_msgs__rosidl_typesupport_cppExport-release.cmake
[16.520s] -- Installing: /home/ros/docker_pronto_ws/install/pi3hat_moteus_int_msgs/share/pi3hat_moteus_int_msgs/cmake/export_pi3hat_moteus_int_msgs__rosidl_generator_pyExport.cmake
[16.520s] -- Installing: /home/ros/docker_pronto_ws/install/pi3hat_moteus_int_msgs/share/pi3hat_moteus_int_msgs/cmake/export_pi3hat_moteus_int_msgs__rosidl_generator_pyExport-release.cmake
[16.689s] Invoked command in '/home/ros/docker_pronto_ws/build/pi3hat_moteus_int_msgs' returned '0': CMAKE_PREFIX_PATH=${CMAKE_PREFIX_PATH}:/home/ros/docker_pronto_ws/install/planners_python:/home/ros/docker_pronto_ws/install/logger_gazebo:/home/ros/docker_pronto_ws/install/terrain_estimator:/home/ros/docker_pronto_ws/install/pose_estimator:/opt/ros/humble /usr/bin/cmake --install /home/ros/docker_pronto_ws/build/pi3hat_moteus_int_msgs
