-- The CXX compiler identification is GNU 11.4.0
-- Detecting CXX compiler ABI info
-- Detecting CXX compiler ABI info - done
-- Check for working CXX compiler: /usr/bin/c++ - skipped
-- Detecting CXX compile features
-- Detecting CXX compile features - done
-- ryml: using C++ standard: C++11
-- ryml: setting C++ standard: 11
-- ryml: setting C++ standard required: ON
-- ryml: importing subproject c4core (SUBDIRECTORY)... /home/ros/docker_pronto_ws/src/external/rapidyaml/ext/c4core
-- c4core: using C++ standard: C++11
-- ryml: -----> target ryml PUBLIC incorporating lib c4core
-- ryml: packing the project: 
-- ryml: cpack tag: -
-- Found ament_cmake: 1.3.6 (/opt/ros/humble/share/ament_cmake/cmake)
-- Found Python3: /usr/bin/python3.10 (found version "3.10.12") found components: Interpreter 
-- Override CMake install command with custom implementation using symlinks instead of copying resources
-- Configuring done
-- Generating done
-- Build files have been written to: /home/ros/docker_pronto_ws/build/ryml
[  4%] [32mBuilding CXX object CMakeFiles/ryml.dir/src/c4/yml/node.cpp.o[0m
[  8%] [32mBuilding CXX object CMakeFiles/ryml.dir/src/c4/yml/preprocess.cpp.o[0m
[ 13%] [32mBuilding CXX object CMakeFiles/ryml.dir/src/c4/yml/parse.cpp.o[0m
[ 21%] [32mBuilding CXX object CMakeFiles/ryml.dir/src/c4/yml/tree.cpp.o[0m
[ 21%] [32mBuilding CXX object CMakeFiles/ryml.dir/src/c4/yml/common.cpp.o[0m
[ 26%] [32mBuilding CXX object CMakeFiles/ryml.dir/ext/c4core/src/c4/base64.cpp.o[0m
[ 30%] [32mBuilding CXX object subprojects/c4core/build/CMakeFiles/c4core.dir/src/c4/base64.cpp.o[0m
[ 34%] [32mBuilding CXX object subprojects/c4core/build/CMakeFiles/c4core.dir/src/c4/error.cpp.o[0m
[ 39%] [32mBuilding CXX object subprojects/c4core/build/CMakeFiles/c4core.dir/src/c4/char_traits.cpp.o[0m
[ 43%] [32mBuilding CXX object subprojects/c4core/build/CMakeFiles/c4core.dir/src/c4/format.cpp.o[0m
[ 47%] [32mBuilding CXX object subprojects/c4core/build/CMakeFiles/c4core.dir/src/c4/language.cpp.o[0m
[ 52%] [32mBuilding CXX object subprojects/c4core/build/CMakeFiles/c4core.dir/src/c4/memory_resource.cpp.o[0m
[ 60%] [32mBuilding CXX object CMakeFiles/ryml.dir/ext/c4core/src/c4/char_traits.cpp.o[0m
[ 60%] [32mBuilding CXX object subprojects/c4core/build/CMakeFiles/c4core.dir/src/c4/memory_util.cpp.o[0m
[ 65%] [32mBuilding CXX object subprojects/c4core/build/CMakeFiles/c4core.dir/src/c4/utf.cpp.o[0m
[ 69%] [32mBuilding CXX object CMakeFiles/ryml.dir/ext/c4core/src/c4/error.cpp.o[0m
[ 73%] [32mBuilding CXX object CMakeFiles/ryml.dir/ext/c4core/src/c4/format.cpp.o[0m
[ 78%] [32mBuilding CXX object CMakeFiles/ryml.dir/ext/c4core/src/c4/memory_resource.cpp.o[0m
[ 82%] [32mBuilding CXX object CMakeFiles/ryml.dir/ext/c4core/src/c4/language.cpp.o[0m
[ 86%] [32mBuilding CXX object CMakeFiles/ryml.dir/ext/c4core/src/c4/utf.cpp.o[0m
[ 91%] [32mBuilding CXX object CMakeFiles/ryml.dir/ext/c4core/src/c4/memory_util.cpp.o[0m
[ 95%] [32m[1mLinking CXX static library libc4core.a[0m
[ 95%] Built target c4core
[100%] [32m[1mLinking CXX shared library libryml.so[0m
[100%] Built target ryml
-- Install configuration: "Release"
-- Installing: /home/ros/docker_pronto_ws/install/ryml/lib/libryml.so
-- Installing: /home/ros/docker_pronto_ws/install/ryml/include/c4/allocator.hpp
-- Installing: /home/ros/docker_pronto_ws/install/ryml/include/c4/base64.hpp
-- Installing: /home/ros/docker_pronto_ws/install/ryml/include/c4/blob.hpp
-- Installing: /home/ros/docker_pronto_ws/install/ryml/include/c4/bitmask.hpp
-- Installing: /home/ros/docker_pronto_ws/install/ryml/include/c4/charconv.hpp
-- Installing: /home/ros/docker_pronto_ws/install/ryml/include/c4/c4_pop.hpp
-- Installing: /home/ros/docker_pronto_ws/install/ryml/include/c4/c4_push.hpp
-- Installing: /home/ros/docker_pronto_ws/install/ryml/include/c4/char_traits.hpp
-- Installing: /home/ros/docker_pronto_ws/install/ryml/include/c4/common.hpp
-- Installing: /home/ros/docker_pronto_ws/install/ryml/include/c4/compiler.hpp
-- Installing: /home/ros/docker_pronto_ws/install/ryml/include/c4/config.hpp
-- Installing: /home/ros/docker_pronto_ws/install/ryml/include/c4/cpu.hpp
-- Installing: /home/ros/docker_pronto_ws/install/ryml/include/c4/ctor_dtor.hpp
-- Installing: /home/ros/docker_pronto_ws/install/ryml/include/c4/dump.hpp
-- Installing: /home/ros/docker_pronto_ws/install/ryml/include/c4/enum.hpp
-- Installing: /home/ros/docker_pronto_ws/install/ryml/include/c4/error.hpp
-- Installing: /home/ros/docker_pronto_ws/install/ryml/include/c4/export.hpp
-- Installing: /home/ros/docker_pronto_ws/install/ryml/include/c4/format.hpp
-- Installing: /home/ros/docker_pronto_ws/install/ryml/include/c4/hash.hpp
-- Installing: /home/ros/docker_pronto_ws/install/ryml/include/c4/language.hpp
-- Installing: /home/ros/docker_pronto_ws/install/ryml/include/c4/memory_resource.hpp
-- Installing: /home/ros/docker_pronto_ws/install/ryml/include/c4/memory_util.hpp
-- Installing: /home/ros/docker_pronto_ws/install/ryml/include/c4/platform.hpp
-- Installing: /home/ros/docker_pronto_ws/install/ryml/include/c4/preprocessor.hpp
-- Installing: /home/ros/docker_pronto_ws/install/ryml/include/c4/restrict.hpp
-- Installing: /home/ros/docker_pronto_ws/install/ryml/include/c4/span.hpp
-- Installing: /home/ros/docker_pronto_ws/install/ryml/include/c4/std/std.hpp
-- Installing: /home/ros/docker_pronto_ws/install/ryml/include/c4/std/std_fwd.hpp
-- Installing: /home/ros/docker_pronto_ws/install/ryml/include/c4/std/string.hpp
-- Installing: /home/ros/docker_pronto_ws/install/ryml/include/c4/std/string_fwd.hpp
-- Installing: /home/ros/docker_pronto_ws/install/ryml/include/c4/std/tuple.hpp
-- Installing: /home/ros/docker_pronto_ws/install/ryml/include/c4/std/vector.hpp
-- Installing: /home/ros/docker_pronto_ws/install/ryml/include/c4/std/vector_fwd.hpp
-- Installing: /home/ros/docker_pronto_ws/install/ryml/include/c4/substr.hpp
-- Installing: /home/ros/docker_pronto_ws/install/ryml/include/c4/substr_fwd.hpp
-- Installing: /home/ros/docker_pronto_ws/install/ryml/include/c4/szconv.hpp
-- Installing: /home/ros/docker_pronto_ws/install/ryml/include/c4/type_name.hpp
-- Installing: /home/ros/docker_pronto_ws/install/ryml/include/c4/types.hpp
-- Installing: /home/ros/docker_pronto_ws/install/ryml/include/c4/unrestrict.hpp
-- Installing: /home/ros/docker_pronto_ws/install/ryml/include/c4/utf.hpp
-- Installing: /home/ros/docker_pronto_ws/install/ryml/include/c4/windows.hpp
-- Installing: /home/ros/docker_pronto_ws/install/ryml/include/c4/windows_pop.hpp
-- Installing: /home/ros/docker_pronto_ws/install/ryml/include/c4/windows_push.hpp
-- Installing: /home/ros/docker_pronto_ws/install/ryml/include/c4/ext/debugbreak/debugbreak.h
-- Installing: /home/ros/docker_pronto_ws/install/ryml/include/c4/ext/rng/rng.hpp
-- Installing: /home/ros/docker_pronto_ws/install/ryml/include/c4/ext/sg14/inplace_function.h
-- Installing: /home/ros/docker_pronto_ws/install/ryml/include/c4/ext/fast_float.hpp
-- Installing: /home/ros/docker_pronto_ws/install/ryml/include/c4/ext/fast_float_all.h
-- Installing: /home/ros/docker_pronto_ws/install/ryml/include/c4/c4core.natvis
-- Installing: /home/ros/docker_pronto_ws/install/ryml/include/ryml.hpp
-- Installing: /home/ros/docker_pronto_ws/install/ryml/include/ryml_std.hpp
-- Installing: /home/ros/docker_pronto_ws/install/ryml/include/c4/yml/detail/checks.hpp
-- Installing: /home/ros/docker_pronto_ws/install/ryml/include/c4/yml/detail/parser_dbg.hpp
-- Installing: /home/ros/docker_pronto_ws/install/ryml/include/c4/yml/detail/print.hpp
-- Installing: /home/ros/docker_pronto_ws/install/ryml/include/c4/yml/detail/stack.hpp
-- Installing: /home/ros/docker_pronto_ws/install/ryml/include/c4/yml/common.hpp
-- Installing: /home/ros/docker_pronto_ws/install/ryml/include/c4/yml/emit.def.hpp
-- Installing: /home/ros/docker_pronto_ws/install/ryml/include/c4/yml/emit.hpp
-- Installing: /home/ros/docker_pronto_ws/install/ryml/include/c4/yml/export.hpp
-- Installing: /home/ros/docker_pronto_ws/install/ryml/include/c4/yml/node.hpp
-- Installing: /home/ros/docker_pronto_ws/install/ryml/include/c4/yml/parse.hpp
-- Installing: /home/ros/docker_pronto_ws/install/ryml/include/c4/yml/preprocess.hpp
-- Installing: /home/ros/docker_pronto_ws/install/ryml/include/c4/yml/std/map.hpp
-- Installing: /home/ros/docker_pronto_ws/install/ryml/include/c4/yml/std/std.hpp
-- Installing: /home/ros/docker_pronto_ws/install/ryml/include/c4/yml/std/string.hpp
-- Installing: /home/ros/docker_pronto_ws/install/ryml/include/c4/yml/std/vector.hpp
-- Installing: /home/ros/docker_pronto_ws/install/ryml/include/c4/yml/tree.hpp
-- Installing: /home/ros/docker_pronto_ws/install/ryml/include/c4/yml/writer.hpp
-- Installing: /home/ros/docker_pronto_ws/install/ryml/include/c4/yml/yml.hpp
-- Installing: /home/ros/docker_pronto_ws/install/ryml/include/ryml.natvis
-- Installing: /home/ros/docker_pronto_ws/install/ryml/lib/cmake/ryml/rymlTargets.cmake
-- Installing: /home/ros/docker_pronto_ws/install/ryml/lib/cmake/ryml/rymlTargets-release.cmake
-- Installing: /home/ros/docker_pronto_ws/install/ryml/lib/cmake/ryml/rymlConfig.cmake
-- Installing: /home/ros/docker_pronto_ws/install/ryml/lib/cmake/ryml/rymlConfigVersion.cmake
-- Execute custom install script
-- Symlinking: /home/ros/docker_pronto_ws/install/ryml/share/ament_index/resource_index/package_run_dependencies/ryml
-- Symlinking: /home/ros/docker_pronto_ws/install/ryml/share/ament_index/resource_index/parent_prefix_path/ryml
-- Symlinking: /home/ros/docker_pronto_ws/install/ryml/share/ryml/environment/ament_prefix_path.sh
-- Symlinking: /home/ros/docker_pronto_ws/install/ryml/share/ryml/environment/ament_prefix_path.dsv
-- Symlinking: /home/ros/docker_pronto_ws/install/ryml/share/ryml/environment/path.sh
-- Symlinking: /home/ros/docker_pronto_ws/install/ryml/share/ryml/environment/path.dsv
-- Symlinking: /home/ros/docker_pronto_ws/install/ryml/share/ryml/local_setup.bash
-- Symlinking: /home/ros/docker_pronto_ws/install/ryml/share/ryml/local_setup.sh
-- Symlinking: /home/ros/docker_pronto_ws/install/ryml/share/ryml/local_setup.zsh
-- Symlinking: /home/ros/docker_pronto_ws/install/ryml/share/ryml/local_setup.dsv
-- Symlinking: /home/ros/docker_pronto_ws/install/ryml/share/ryml/package.dsv
-- Symlinking: /home/ros/docker_pronto_ws/install/ryml/share/ament_index/resource_index/packages/ryml
-- Symlinking: /home/ros/docker_pronto_ws/install/ryml/share/ryml/cmake/rymlConfig.cmake
-- Symlinking: /home/ros/docker_pronto_ws/install/ryml/share/ryml/cmake/rymlConfig-version.cmake
-- Symlinking: /home/ros/docker_pronto_ws/install/ryml/share/ryml/package.xml
-- Installing: /home/ros/docker_pronto_ws/install/ryml/lib/libc4core.a
-- Up-to-date: /home/ros/docker_pronto_ws/install/ryml/include/c4/allocator.hpp
-- Up-to-date: /home/ros/docker_pronto_ws/install/ryml/include/c4/base64.hpp
-- Up-to-date: /home/ros/docker_pronto_ws/install/ryml/include/c4/blob.hpp
-- Up-to-date: /home/ros/docker_pronto_ws/install/ryml/include/c4/bitmask.hpp
-- Up-to-date: /home/ros/docker_pronto_ws/install/ryml/include/c4/charconv.hpp
-- Up-to-date: /home/ros/docker_pronto_ws/install/ryml/include/c4/c4_pop.hpp
-- Up-to-date: /home/ros/docker_pronto_ws/install/ryml/include/c4/c4_push.hpp
-- Up-to-date: /home/ros/docker_pronto_ws/install/ryml/include/c4/char_traits.hpp
-- Up-to-date: /home/ros/docker_pronto_ws/install/ryml/include/c4/common.hpp
-- Up-to-date: /home/ros/docker_pronto_ws/install/ryml/include/c4/compiler.hpp
-- Up-to-date: /home/ros/docker_pronto_ws/install/ryml/include/c4/config.hpp
-- Up-to-date: /home/ros/docker_pronto_ws/install/ryml/include/c4/cpu.hpp
-- Up-to-date: /home/ros/docker_pronto_ws/install/ryml/include/c4/ctor_dtor.hpp
-- Up-to-date: /home/ros/docker_pronto_ws/install/ryml/include/c4/dump.hpp
-- Up-to-date: /home/ros/docker_pronto_ws/install/ryml/include/c4/enum.hpp
-- Up-to-date: /home/ros/docker_pronto_ws/install/ryml/include/c4/error.hpp
-- Up-to-date: /home/ros/docker_pronto_ws/install/ryml/include/c4/export.hpp
-- Up-to-date: /home/ros/docker_pronto_ws/install/ryml/include/c4/format.hpp
-- Up-to-date: /home/ros/docker_pronto_ws/install/ryml/include/c4/hash.hpp
-- Up-to-date: /home/ros/docker_pronto_ws/install/ryml/include/c4/language.hpp
-- Up-to-date: /home/ros/docker_pronto_ws/install/ryml/include/c4/memory_resource.hpp
-- Up-to-date: /home/ros/docker_pronto_ws/install/ryml/include/c4/memory_util.hpp
-- Up-to-date: /home/ros/docker_pronto_ws/install/ryml/include/c4/platform.hpp
-- Up-to-date: /home/ros/docker_pronto_ws/install/ryml/include/c4/preprocessor.hpp
-- Up-to-date: /home/ros/docker_pronto_ws/install/ryml/include/c4/restrict.hpp
-- Up-to-date: /home/ros/docker_pronto_ws/install/ryml/include/c4/span.hpp
-- Up-to-date: /home/ros/docker_pronto_ws/install/ryml/include/c4/std/std.hpp
-- Up-to-date: /home/ros/docker_pronto_ws/install/ryml/include/c4/std/std_fwd.hpp
-- Up-to-date: /home/ros/docker_pronto_ws/install/ryml/include/c4/std/string.hpp
-- Up-to-date: /home/ros/docker_pronto_ws/install/ryml/include/c4/std/string_fwd.hpp
-- Up-to-date: /home/ros/docker_pronto_ws/install/ryml/include/c4/std/tuple.hpp
-- Up-to-date: /home/ros/docker_pronto_ws/install/ryml/include/c4/std/vector.hpp
-- Up-to-date: /home/ros/docker_pronto_ws/install/ryml/include/c4/std/vector_fwd.hpp
-- Up-to-date: /home/ros/docker_pronto_ws/install/ryml/include/c4/substr.hpp
-- Up-to-date: /home/ros/docker_pronto_ws/install/ryml/include/c4/substr_fwd.hpp
-- Up-to-date: /home/ros/docker_pronto_ws/install/ryml/include/c4/szconv.hpp
-- Up-to-date: /home/ros/docker_pronto_ws/install/ryml/include/c4/type_name.hpp
-- Up-to-date: /home/ros/docker_pronto_ws/install/ryml/include/c4/types.hpp
-- Up-to-date: /home/ros/docker_pronto_ws/install/ryml/include/c4/unrestrict.hpp
-- Up-to-date: /home/ros/docker_pronto_ws/install/ryml/include/c4/utf.hpp
-- Up-to-date: /home/ros/docker_pronto_ws/install/ryml/include/c4/windows.hpp
-- Up-to-date: /home/ros/docker_pronto_ws/install/ryml/include/c4/windows_pop.hpp
-- Up-to-date: /home/ros/docker_pronto_ws/install/ryml/include/c4/windows_push.hpp
-- Up-to-date: /home/ros/docker_pronto_ws/install/ryml/include/c4/ext/debugbreak/debugbreak.h
-- Up-to-date: /home/ros/docker_pronto_ws/install/ryml/include/c4/ext/rng/rng.hpp
-- Up-to-date: /home/ros/docker_pronto_ws/install/ryml/include/c4/ext/sg14/inplace_function.h
-- Up-to-date: /home/ros/docker_pronto_ws/install/ryml/include/c4/ext/fast_float.hpp
-- Up-to-date: /home/ros/docker_pronto_ws/install/ryml/include/c4/ext/fast_float_all.h
-- Up-to-date: /home/ros/docker_pronto_ws/install/ryml/include/c4/c4core.natvis
-- Installing: /home/ros/docker_pronto_ws/install/ryml/lib/cmake/c4core/c4coreTargets.cmake
-- Installing: /home/ros/docker_pronto_ws/install/ryml/lib/cmake/c4core/c4coreTargets-release.cmake
-- Installing: /home/ros/docker_pronto_ws/install/ryml/lib/cmake/c4core/c4coreConfig.cmake
-- Installing: /home/ros/docker_pronto_ws/install/ryml/lib/cmake/c4core/c4coreConfigVersion.cmake
