[0.178s] Invoking command in '/home/ros/docker_pronto_ws/build/ryml': CMAKE_PREFIX_PATH=${CMAKE_PREFIX_PATH}:/home/ros/docker_pronto_ws/install/planners_python:/home/ros/docker_pronto_ws/install/logger_gazebo:/home/ros/docker_pronto_ws/install/terrain_estimator:/home/ros/docker_pronto_ws/install/pose_estimator:/opt/ros/humble /usr/bin/cmake /home/ros/docker_pronto_ws/src/external/rapidyaml -DCMAKE_BUILD_TYPE=Release -DCMAKE_EXPORT_COMPILE_COMMANDS=ON -DAMENT_CMAKE_SYMLINK_INSTALL=1 -DCMAKE_INSTALL_PREFIX=/home/ros/docker_pronto_ws/install/ryml
[0.255s] -- The CXX compiler identification is GNU 11.4.0
[0.263s] -- Detecting CXX compiler ABI info
[0.357s] -- Detecting CXX compiler ABI info - done
[0.365s] -- Check for working CXX compiler: /usr/bin/c++ - skipped
[0.365s] -- Detecting CXX compile features
[0.366s] -- Detecting CXX compile features - done
[0.366s] -- ryml: using C++ standard: C++11
[0.367s] -- ryml: setting C++ standard: 11
[0.367s] -- ryml: setting C++ standard required: ON
[0.369s] -- ryml: importing subproject c4core (SUBDIRECTORY)... /home/ros/docker_pronto_ws/src/external/rapidyaml/ext/c4core
[0.373s] -- c4core: using C++ standard: C++11
[0.385s] -- ryml: -----> target ryml PUBLIC incorporating lib c4core
[0.397s] -- ryml: packing the project: 
[0.411s] -- ryml: cpack tag: -
[0.423s] -- Found ament_cmake: 1.3.6 (/opt/ros/humble/share/ament_cmake/cmake)
[0.613s] -- Found Python3: /usr/bin/python3.10 (found version "3.10.12") found components: Interpreter 
[0.676s] -- Override CMake install command with custom implementation using symlinks instead of copying resources
[0.800s] -- Configuring done
[0.818s] -- Generating done
[0.819s] -- Build files have been written to: /home/ros/docker_pronto_ws/build/ryml
[0.825s] Invoked command in '/home/ros/docker_pronto_ws/build/ryml' returned '0': CMAKE_PREFIX_PATH=${CMAKE_PREFIX_PATH}:/home/ros/docker_pronto_ws/install/planners_python:/home/ros/docker_pronto_ws/install/logger_gazebo:/home/ros/docker_pronto_ws/install/terrain_estimator:/home/ros/docker_pronto_ws/install/pose_estimator:/opt/ros/humble /usr/bin/cmake /home/ros/docker_pronto_ws/src/external/rapidyaml -DCMAKE_BUILD_TYPE=Release -DCMAKE_EXPORT_COMPILE_COMMANDS=ON -DAMENT_CMAKE_SYMLINK_INSTALL=1 -DCMAKE_INSTALL_PREFIX=/home/ros/docker_pronto_ws/install/ryml
[0.829s] Invoking command in '/home/ros/docker_pronto_ws/build/ryml': CMAKE_PREFIX_PATH=${CMAKE_PREFIX_PATH}:/home/ros/docker_pronto_ws/install/planners_python:/home/ros/docker_pronto_ws/install/logger_gazebo:/home/ros/docker_pronto_ws/install/terrain_estimator:/home/ros/docker_pronto_ws/install/pose_estimator:/opt/ros/humble /usr/bin/cmake --build /home/ros/docker_pronto_ws/build/ryml -- -j16 -l16
[0.898s] [  4%] [32mBuilding CXX object CMakeFiles/ryml.dir/src/c4/yml/node.cpp.o[0m
[0.898s] [  8%] [32mBuilding CXX object CMakeFiles/ryml.dir/src/c4/yml/preprocess.cpp.o[0m
[0.898s] [ 13%] [32mBuilding CXX object CMakeFiles/ryml.dir/src/c4/yml/parse.cpp.o[0m
[0.898s] [ 21%] [32mBuilding CXX object CMakeFiles/ryml.dir/src/c4/yml/tree.cpp.o[0m
[0.898s] [ 21%] [32mBuilding CXX object CMakeFiles/ryml.dir/src/c4/yml/common.cpp.o[0m
[0.898s] [ 26%] [32mBuilding CXX object CMakeFiles/ryml.dir/ext/c4core/src/c4/base64.cpp.o[0m
[0.898s] [ 30%] [32mBuilding CXX object subprojects/c4core/build/CMakeFiles/c4core.dir/src/c4/base64.cpp.o[0m
[0.898s] [ 34%] [32mBuilding CXX object subprojects/c4core/build/CMakeFiles/c4core.dir/src/c4/error.cpp.o[0m
[0.898s] [ 39%] [32mBuilding CXX object subprojects/c4core/build/CMakeFiles/c4core.dir/src/c4/char_traits.cpp.o[0m
[0.898s] [ 43%] [32mBuilding CXX object subprojects/c4core/build/CMakeFiles/c4core.dir/src/c4/format.cpp.o[0m
[0.900s] [ 47%] [32mBuilding CXX object subprojects/c4core/build/CMakeFiles/c4core.dir/src/c4/language.cpp.o[0m
[0.900s] [ 52%] [32mBuilding CXX object subprojects/c4core/build/CMakeFiles/c4core.dir/src/c4/memory_resource.cpp.o[0m
[0.907s] [ 60%] [32mBuilding CXX object CMakeFiles/ryml.dir/ext/c4core/src/c4/char_traits.cpp.o[0m
[0.908s] [ 60%] [32mBuilding CXX object subprojects/c4core/build/CMakeFiles/c4core.dir/src/c4/memory_util.cpp.o[0m
[0.956s] [ 65%] [32mBuilding CXX object subprojects/c4core/build/CMakeFiles/c4core.dir/src/c4/utf.cpp.o[0m
[0.963s] [ 69%] [32mBuilding CXX object CMakeFiles/ryml.dir/ext/c4core/src/c4/error.cpp.o[0m
[1.013s] [ 73%] [32mBuilding CXX object CMakeFiles/ryml.dir/ext/c4core/src/c4/format.cpp.o[0m
[1.147s] [ 78%] [32mBuilding CXX object CMakeFiles/ryml.dir/ext/c4core/src/c4/memory_resource.cpp.o[0m
[1.160s] [ 82%] [32mBuilding CXX object CMakeFiles/ryml.dir/ext/c4core/src/c4/language.cpp.o[0m
[1.163s] [ 86%] [32mBuilding CXX object CMakeFiles/ryml.dir/ext/c4core/src/c4/utf.cpp.o[0m
[1.185s] [ 91%] [32mBuilding CXX object CMakeFiles/ryml.dir/ext/c4core/src/c4/memory_util.cpp.o[0m
[1.986s] [ 95%] [32m[1mLinking CXX static library libc4core.a[0m
[2.165s] [ 95%] Built target c4core
[8.353s] [100%] [32m[1mLinking CXX shared library libryml.so[0m
[8.889s] [100%] Built target ryml
[8.938s] Invoked command in '/home/ros/docker_pronto_ws/build/ryml' returned '0': CMAKE_PREFIX_PATH=${CMAKE_PREFIX_PATH}:/home/ros/docker_pronto_ws/install/planners_python:/home/ros/docker_pronto_ws/install/logger_gazebo:/home/ros/docker_pronto_ws/install/terrain_estimator:/home/ros/docker_pronto_ws/install/pose_estimator:/opt/ros/humble /usr/bin/cmake --build /home/ros/docker_pronto_ws/build/ryml -- -j16 -l16
[10.492s] Invoking command in '/home/ros/docker_pronto_ws/build/ryml': CMAKE_PREFIX_PATH=${CMAKE_PREFIX_PATH}:/home/ros/docker_pronto_ws/install/planners_python:/home/ros/docker_pronto_ws/install/logger_gazebo:/home/ros/docker_pronto_ws/install/terrain_estimator:/home/ros/docker_pronto_ws/install/pose_estimator:/opt/ros/humble /usr/bin/cmake --install /home/ros/docker_pronto_ws/build/ryml
[10.513s] -- Install configuration: "Release"
[10.514s] -- Installing: /home/ros/docker_pronto_ws/install/ryml/lib/libryml.so
[10.514s] -- Installing: /home/ros/docker_pronto_ws/install/ryml/include/c4/allocator.hpp
[10.514s] -- Installing: /home/ros/docker_pronto_ws/install/ryml/include/c4/base64.hpp
[10.514s] -- Installing: /home/ros/docker_pronto_ws/install/ryml/include/c4/blob.hpp
[10.514s] -- Installing: /home/ros/docker_pronto_ws/install/ryml/include/c4/bitmask.hpp
[10.514s] -- Installing: /home/ros/docker_pronto_ws/install/ryml/include/c4/charconv.hpp
[10.529s] -- Installing: /home/ros/docker_pronto_ws/install/ryml/include/c4/c4_pop.hpp
[10.529s] -- Installing: /home/ros/docker_pronto_ws/install/ryml/include/c4/c4_push.hpp
[10.529s] -- Installing: /home/ros/docker_pronto_ws/install/ryml/include/c4/char_traits.hpp
[10.530s] -- Installing: /home/ros/docker_pronto_ws/install/ryml/include/c4/common.hpp
[10.530s] -- Installing: /home/ros/docker_pronto_ws/install/ryml/include/c4/compiler.hpp
[10.530s] -- Installing: /home/ros/docker_pronto_ws/install/ryml/include/c4/config.hpp
[10.530s] -- Installing: /home/ros/docker_pronto_ws/install/ryml/include/c4/cpu.hpp
[10.530s] -- Installing: /home/ros/docker_pronto_ws/install/ryml/include/c4/ctor_dtor.hpp
[10.530s] -- Installing: /home/ros/docker_pronto_ws/install/ryml/include/c4/dump.hpp
[10.530s] -- Installing: /home/ros/docker_pronto_ws/install/ryml/include/c4/enum.hpp
[10.531s] -- Installing: /home/ros/docker_pronto_ws/install/ryml/include/c4/error.hpp
[10.531s] -- Installing: /home/ros/docker_pronto_ws/install/ryml/include/c4/export.hpp
[10.531s] -- Installing: /home/ros/docker_pronto_ws/install/ryml/include/c4/format.hpp
[10.532s] -- Installing: /home/ros/docker_pronto_ws/install/ryml/include/c4/hash.hpp
[10.532s] -- Installing: /home/ros/docker_pronto_ws/install/ryml/include/c4/language.hpp
[10.533s] -- Installing: /home/ros/docker_pronto_ws/install/ryml/include/c4/memory_resource.hpp
[10.533s] -- Installing: /home/ros/docker_pronto_ws/install/ryml/include/c4/memory_util.hpp
[10.533s] -- Installing: /home/ros/docker_pronto_ws/install/ryml/include/c4/platform.hpp
[10.534s] -- Installing: /home/ros/docker_pronto_ws/install/ryml/include/c4/preprocessor.hpp
[10.534s] -- Installing: /home/ros/docker_pronto_ws/install/ryml/include/c4/restrict.hpp
[10.534s] -- Installing: /home/ros/docker_pronto_ws/install/ryml/include/c4/span.hpp
[10.535s] -- Installing: /home/ros/docker_pronto_ws/install/ryml/include/c4/std/std.hpp
[10.535s] -- Installing: /home/ros/docker_pronto_ws/install/ryml/include/c4/std/std_fwd.hpp
[10.536s] -- Installing: /home/ros/docker_pronto_ws/install/ryml/include/c4/std/string.hpp
[10.536s] -- Installing: /home/ros/docker_pronto_ws/install/ryml/include/c4/std/string_fwd.hpp
[10.536s] -- Installing: /home/ros/docker_pronto_ws/install/ryml/include/c4/std/tuple.hpp
[10.537s] -- Installing: /home/ros/docker_pronto_ws/install/ryml/include/c4/std/vector.hpp
[10.537s] -- Installing: /home/ros/docker_pronto_ws/install/ryml/include/c4/std/vector_fwd.hpp
[10.537s] -- Installing: /home/ros/docker_pronto_ws/install/ryml/include/c4/substr.hpp
[10.538s] -- Installing: /home/ros/docker_pronto_ws/install/ryml/include/c4/substr_fwd.hpp
[10.538s] -- Installing: /home/ros/docker_pronto_ws/install/ryml/include/c4/szconv.hpp
[10.538s] -- Installing: /home/ros/docker_pronto_ws/install/ryml/include/c4/type_name.hpp
[10.539s] -- Installing: /home/ros/docker_pronto_ws/install/ryml/include/c4/types.hpp
[10.539s] -- Installing: /home/ros/docker_pronto_ws/install/ryml/include/c4/unrestrict.hpp
[10.539s] -- Installing: /home/ros/docker_pronto_ws/install/ryml/include/c4/utf.hpp
[10.540s] -- Installing: /home/ros/docker_pronto_ws/install/ryml/include/c4/windows.hpp
[10.540s] -- Installing: /home/ros/docker_pronto_ws/install/ryml/include/c4/windows_pop.hpp
[10.540s] -- Installing: /home/ros/docker_pronto_ws/install/ryml/include/c4/windows_push.hpp
[10.541s] -- Installing: /home/ros/docker_pronto_ws/install/ryml/include/c4/ext/debugbreak/debugbreak.h
[10.541s] -- Installing: /home/ros/docker_pronto_ws/install/ryml/include/c4/ext/rng/rng.hpp
[10.542s] -- Installing: /home/ros/docker_pronto_ws/install/ryml/include/c4/ext/sg14/inplace_function.h
[10.542s] -- Installing: /home/ros/docker_pronto_ws/install/ryml/include/c4/ext/fast_float.hpp
[10.542s] -- Installing: /home/ros/docker_pronto_ws/install/ryml/include/c4/ext/fast_float_all.h
[10.543s] -- Installing: /home/ros/docker_pronto_ws/install/ryml/include/c4/c4core.natvis
[10.544s] -- Installing: /home/ros/docker_pronto_ws/install/ryml/include/ryml.hpp
[10.545s] -- Installing: /home/ros/docker_pronto_ws/install/ryml/include/ryml_std.hpp
[10.545s] -- Installing: /home/ros/docker_pronto_ws/install/ryml/include/c4/yml/detail/checks.hpp
[10.569s] -- Installing: /home/ros/docker_pronto_ws/install/ryml/include/c4/yml/detail/parser_dbg.hpp
[10.570s] -- Installing: /home/ros/docker_pronto_ws/install/ryml/include/c4/yml/detail/print.hpp
[10.571s] -- Installing: /home/ros/docker_pronto_ws/install/ryml/include/c4/yml/detail/stack.hpp
[10.571s] -- Installing: /home/ros/docker_pronto_ws/install/ryml/include/c4/yml/common.hpp
[10.571s] -- Installing: /home/ros/docker_pronto_ws/install/ryml/include/c4/yml/emit.def.hpp
[10.571s] -- Installing: /home/ros/docker_pronto_ws/install/ryml/include/c4/yml/emit.hpp
[10.571s] -- Installing: /home/ros/docker_pronto_ws/install/ryml/include/c4/yml/export.hpp
[10.571s] -- Installing: /home/ros/docker_pronto_ws/install/ryml/include/c4/yml/node.hpp
[10.571s] -- Installing: /home/ros/docker_pronto_ws/install/ryml/include/c4/yml/parse.hpp
[10.571s] -- Installing: /home/ros/docker_pronto_ws/install/ryml/include/c4/yml/preprocess.hpp
[10.571s] -- Installing: /home/ros/docker_pronto_ws/install/ryml/include/c4/yml/std/map.hpp
[10.571s] -- Installing: /home/ros/docker_pronto_ws/install/ryml/include/c4/yml/std/std.hpp
[10.572s] -- Installing: /home/ros/docker_pronto_ws/install/ryml/include/c4/yml/std/string.hpp
[10.572s] -- Installing: /home/ros/docker_pronto_ws/install/ryml/include/c4/yml/std/vector.hpp
[10.572s] -- Installing: /home/ros/docker_pronto_ws/install/ryml/include/c4/yml/tree.hpp
[10.572s] -- Installing: /home/ros/docker_pronto_ws/install/ryml/include/c4/yml/writer.hpp
[10.572s] -- Installing: /home/ros/docker_pronto_ws/install/ryml/include/c4/yml/yml.hpp
[10.572s] -- Installing: /home/ros/docker_pronto_ws/install/ryml/include/ryml.natvis
[10.572s] -- Installing: /home/ros/docker_pronto_ws/install/ryml/lib/cmake/ryml/rymlTargets.cmake
[10.572s] -- Installing: /home/ros/docker_pronto_ws/install/ryml/lib/cmake/ryml/rymlTargets-release.cmake
[10.572s] -- Installing: /home/ros/docker_pronto_ws/install/ryml/lib/cmake/ryml/rymlConfig.cmake
[10.572s] -- Installing: /home/ros/docker_pronto_ws/install/ryml/lib/cmake/ryml/rymlConfigVersion.cmake
[10.572s] -- Execute custom install script
[10.572s] -- Symlinking: /home/ros/docker_pronto_ws/install/ryml/share/ament_index/resource_index/package_run_dependencies/ryml
[10.596s] -- Symlinking: /home/ros/docker_pronto_ws/install/ryml/share/ament_index/resource_index/parent_prefix_path/ryml
[10.621s] -- Symlinking: /home/ros/docker_pronto_ws/install/ryml/share/ryml/environment/ament_prefix_path.sh
[10.670s] -- Symlinking: /home/ros/docker_pronto_ws/install/ryml/share/ryml/environment/ament_prefix_path.dsv
[10.697s] -- Symlinking: /home/ros/docker_pronto_ws/install/ryml/share/ryml/environment/path.sh
[10.750s] -- Symlinking: /home/ros/docker_pronto_ws/install/ryml/share/ryml/environment/path.dsv
[10.810s] -- Symlinking: /home/ros/docker_pronto_ws/install/ryml/share/ryml/local_setup.bash
[10.865s] -- Symlinking: /home/ros/docker_pronto_ws/install/ryml/share/ryml/local_setup.sh
[10.902s] -- Symlinking: /home/ros/docker_pronto_ws/install/ryml/share/ryml/local_setup.zsh
[10.919s] -- Symlinking: /home/ros/docker_pronto_ws/install/ryml/share/ryml/local_setup.dsv
[10.936s] -- Symlinking: /home/ros/docker_pronto_ws/install/ryml/share/ryml/package.dsv
[10.972s] -- Symlinking: /home/ros/docker_pronto_ws/install/ryml/share/ament_index/resource_index/packages/ryml
[11.017s] -- Symlinking: /home/ros/docker_pronto_ws/install/ryml/share/ryml/cmake/rymlConfig.cmake
[11.054s] -- Symlinking: /home/ros/docker_pronto_ws/install/ryml/share/ryml/cmake/rymlConfig-version.cmake
[11.105s] -- Symlinking: /home/ros/docker_pronto_ws/install/ryml/share/ryml/package.xml
[11.124s] -- Installing: /home/ros/docker_pronto_ws/install/ryml/lib/libc4core.a
[11.124s] -- Up-to-date: /home/ros/docker_pronto_ws/install/ryml/include/c4/allocator.hpp
[11.125s] -- Up-to-date: /home/ros/docker_pronto_ws/install/ryml/include/c4/base64.hpp
[11.125s] -- Up-to-date: /home/ros/docker_pronto_ws/install/ryml/include/c4/blob.hpp
[11.125s] -- Up-to-date: /home/ros/docker_pronto_ws/install/ryml/include/c4/bitmask.hpp
[11.125s] -- Up-to-date: /home/ros/docker_pronto_ws/install/ryml/include/c4/charconv.hpp
[11.125s] -- Up-to-date: /home/ros/docker_pronto_ws/install/ryml/include/c4/c4_pop.hpp
[11.126s] -- Up-to-date: /home/ros/docker_pronto_ws/install/ryml/include/c4/c4_push.hpp
[11.126s] -- Up-to-date: /home/ros/docker_pronto_ws/install/ryml/include/c4/char_traits.hpp
[11.126s] -- Up-to-date: /home/ros/docker_pronto_ws/install/ryml/include/c4/common.hpp
[11.126s] -- Up-to-date: /home/ros/docker_pronto_ws/install/ryml/include/c4/compiler.hpp
[11.127s] -- Up-to-date: /home/ros/docker_pronto_ws/install/ryml/include/c4/config.hpp
[11.127s] -- Up-to-date: /home/ros/docker_pronto_ws/install/ryml/include/c4/cpu.hpp
[11.127s] -- Up-to-date: /home/ros/docker_pronto_ws/install/ryml/include/c4/ctor_dtor.hpp
[11.127s] -- Up-to-date: /home/ros/docker_pronto_ws/install/ryml/include/c4/dump.hpp
[11.128s] -- Up-to-date: /home/ros/docker_pronto_ws/install/ryml/include/c4/enum.hpp
[11.128s] -- Up-to-date: /home/ros/docker_pronto_ws/install/ryml/include/c4/error.hpp
[11.128s] -- Up-to-date: /home/ros/docker_pronto_ws/install/ryml/include/c4/export.hpp
[11.128s] -- Up-to-date: /home/ros/docker_pronto_ws/install/ryml/include/c4/format.hpp
[11.128s] -- Up-to-date: /home/ros/docker_pronto_ws/install/ryml/include/c4/hash.hpp
[11.129s] -- Up-to-date: /home/ros/docker_pronto_ws/install/ryml/include/c4/language.hpp
[11.129s] -- Up-to-date: /home/ros/docker_pronto_ws/install/ryml/include/c4/memory_resource.hpp
[11.129s] -- Up-to-date: /home/ros/docker_pronto_ws/install/ryml/include/c4/memory_util.hpp
[11.130s] -- Up-to-date: /home/ros/docker_pronto_ws/install/ryml/include/c4/platform.hpp
[11.130s] -- Up-to-date: /home/ros/docker_pronto_ws/install/ryml/include/c4/preprocessor.hpp
[11.130s] -- Up-to-date: /home/ros/docker_pronto_ws/install/ryml/include/c4/restrict.hpp
[11.130s] -- Up-to-date: /home/ros/docker_pronto_ws/install/ryml/include/c4/span.hpp
[11.130s] -- Up-to-date: /home/ros/docker_pronto_ws/install/ryml/include/c4/std/std.hpp
[11.131s] -- Up-to-date: /home/ros/docker_pronto_ws/install/ryml/include/c4/std/std_fwd.hpp
[11.131s] -- Up-to-date: /home/ros/docker_pronto_ws/install/ryml/include/c4/std/string.hpp
[11.131s] -- Up-to-date: /home/ros/docker_pronto_ws/install/ryml/include/c4/std/string_fwd.hpp
[11.131s] -- Up-to-date: /home/ros/docker_pronto_ws/install/ryml/include/c4/std/tuple.hpp
[11.131s] -- Up-to-date: /home/ros/docker_pronto_ws/install/ryml/include/c4/std/vector.hpp
[11.132s] -- Up-to-date: /home/ros/docker_pronto_ws/install/ryml/include/c4/std/vector_fwd.hpp
[11.132s] -- Up-to-date: /home/ros/docker_pronto_ws/install/ryml/include/c4/substr.hpp
[11.132s] -- Up-to-date: /home/ros/docker_pronto_ws/install/ryml/include/c4/substr_fwd.hpp
[11.132s] -- Up-to-date: /home/ros/docker_pronto_ws/install/ryml/include/c4/szconv.hpp
[11.132s] -- Up-to-date: /home/ros/docker_pronto_ws/install/ryml/include/c4/type_name.hpp
[11.133s] -- Up-to-date: /home/ros/docker_pronto_ws/install/ryml/include/c4/types.hpp
[11.133s] -- Up-to-date: /home/ros/docker_pronto_ws/install/ryml/include/c4/unrestrict.hpp
[11.133s] -- Up-to-date: /home/ros/docker_pronto_ws/install/ryml/include/c4/utf.hpp
[11.133s] -- Up-to-date: /home/ros/docker_pronto_ws/install/ryml/include/c4/windows.hpp
[11.134s] -- Up-to-date: /home/ros/docker_pronto_ws/install/ryml/include/c4/windows_pop.hpp
[11.134s] -- Up-to-date: /home/ros/docker_pronto_ws/install/ryml/include/c4/windows_push.hpp
[11.134s] -- Up-to-date: /home/ros/docker_pronto_ws/install/ryml/include/c4/ext/debugbreak/debugbreak.h
[11.134s] -- Up-to-date: /home/ros/docker_pronto_ws/install/ryml/include/c4/ext/rng/rng.hpp
[11.134s] -- Up-to-date: /home/ros/docker_pronto_ws/install/ryml/include/c4/ext/sg14/inplace_function.h
[11.134s] -- Up-to-date: /home/ros/docker_pronto_ws/install/ryml/include/c4/ext/fast_float.hpp
[11.136s] -- Up-to-date: /home/ros/docker_pronto_ws/install/ryml/include/c4/ext/fast_float_all.h
[11.136s] -- Up-to-date: /home/ros/docker_pronto_ws/install/ryml/include/c4/c4core.natvis
[11.136s] -- Installing: /home/ros/docker_pronto_ws/install/ryml/lib/cmake/c4core/c4coreTargets.cmake
[11.137s] -- Installing: /home/ros/docker_pronto_ws/install/ryml/lib/cmake/c4core/c4coreTargets-release.cmake
[11.137s] -- Installing: /home/ros/docker_pronto_ws/install/ryml/lib/cmake/c4core/c4coreConfig.cmake
[11.137s] -- Installing: /home/ros/docker_pronto_ws/install/ryml/lib/cmake/c4core/c4coreConfigVersion.cmake
[11.139s] Invoked command in '/home/ros/docker_pronto_ws/build/ryml' returned '0': CMAKE_PREFIX_PATH=${CMAKE_PREFIX_PATH}:/home/ros/docker_pronto_ws/install/planners_python:/home/ros/docker_pronto_ws/install/logger_gazebo:/home/ros/docker_pronto_ws/install/terrain_estimator:/home/ros/docker_pronto_ws/install/pose_estimator:/opt/ros/humble /usr/bin/cmake --install /home/ros/docker_pronto_ws/build/ryml
