[0.231s] Invoking command in '/home/ros/docker_pronto_ws/build/rviz_legged_msgs': CMAKE_PREFIX_PATH=${CMAKE_PREFIX_PATH}:/home/ros/docker_pronto_ws/install/planners_python:/home/ros/docker_pronto_ws/install/logger_gazebo:/home/ros/docker_pronto_ws/install/terrain_estimator:/home/ros/docker_pronto_ws/install/pose_estimator:/opt/ros/humble /usr/bin/cmake --build /home/ros/docker_pronto_ws/build/rviz_legged_msgs -- -j16 -l16
[0.319s] [  1%] Built target rviz_legged_msgs__cpp
[0.336s] [ 12%] Built target rviz_legged_msgs__rosidl_generator_c
[0.361s] [ 12%] Built target ament_cmake_python_symlink_rviz_legged_msgs
[0.395s] [ 23%] Built target rviz_legged_msgs__rosidl_typesupport_cpp
[0.404s] [ 34%] Built target rviz_legged_msgs__rosidl_typesupport_fastrtps_cpp
[0.410s] [ 45%] Built target rviz_legged_msgs__rosidl_typesupport_introspection_cpp
[0.421s] [ 56%] Built target rviz_legged_msgs__rosidl_typesupport_fastrtps_c
[0.421s] [ 67%] Built target rviz_legged_msgs__rosidl_typesupport_introspection_c
[0.422s] [ 78%] Built target rviz_legged_msgs__rosidl_typesupport_c
[0.450s] [ 78%] Built target rviz_legged_msgs
[0.480s] [ 80%] Built target rviz_legged_msgs__py
[0.518s] [ 89%] Built target rviz_legged_msgs__rosidl_generator_py
[0.560s] [ 92%] Built target rviz_legged_msgs__rosidl_typesupport_introspection_c__pyext
[0.566s] [ 96%] Built target rviz_legged_msgs__rosidl_typesupport_c__pyext
[0.575s] [100%] Built target rviz_legged_msgs__rosidl_typesupport_fastrtps_c__pyext
[0.693s] running egg_info
[0.694s] writing rviz_legged_msgs.egg-info/PKG-INFO
[0.694s] writing dependency_links to rviz_legged_msgs.egg-info/dependency_links.txt
[0.694s] writing top-level names to rviz_legged_msgs.egg-info/top_level.txt
[0.698s] reading manifest file 'rviz_legged_msgs.egg-info/SOURCES.txt'
[0.699s] writing manifest file 'rviz_legged_msgs.egg-info/SOURCES.txt'
[0.729s] [100%] Built target ament_cmake_python_build_rviz_legged_msgs_egg
[0.798s] Invoked command in '/home/ros/docker_pronto_ws/build/rviz_legged_msgs' returned '0': CMAKE_PREFIX_PATH=${CMAKE_PREFIX_PATH}:/home/ros/docker_pronto_ws/install/planners_python:/home/ros/docker_pronto_ws/install/logger_gazebo:/home/ros/docker_pronto_ws/install/terrain_estimator:/home/ros/docker_pronto_ws/install/pose_estimator:/opt/ros/humble /usr/bin/cmake --build /home/ros/docker_pronto_ws/build/rviz_legged_msgs -- -j16 -l16
[1.264s] Invoking command in '/home/ros/docker_pronto_ws/build/rviz_legged_msgs': CMAKE_PREFIX_PATH=${CMAKE_PREFIX_PATH}:/home/ros/docker_pronto_ws/install/planners_python:/home/ros/docker_pronto_ws/install/logger_gazebo:/home/ros/docker_pronto_ws/install/terrain_estimator:/home/ros/docker_pronto_ws/install/pose_estimator:/opt/ros/humble /usr/bin/cmake --install /home/ros/docker_pronto_ws/build/rviz_legged_msgs
[1.280s] -- Install configuration: "Release"
[1.281s] -- Execute custom install script
[1.281s] -- Up-to-date symlink: /home/ros/docker_pronto_ws/install/rviz_legged_msgs/share/ament_index/resource_index/rosidl_interfaces/rviz_legged_msgs
[1.281s] -- Up-to-date symlink: /home/ros/docker_pronto_ws/install/rviz_legged_msgs/include/rviz_legged_msgs/rviz_legged_msgs/msg/detail/friction_cone__functions.h
[1.281s] -- Up-to-date symlink: /home/ros/docker_pronto_ws/install/rviz_legged_msgs/include/rviz_legged_msgs/rviz_legged_msgs/msg/detail/friction_cone__struct.h
[1.281s] -- Up-to-date symlink: /home/ros/docker_pronto_ws/install/rviz_legged_msgs/include/rviz_legged_msgs/rviz_legged_msgs/msg/detail/friction_cone__type_support.h
[1.281s] -- Up-to-date symlink: /home/ros/docker_pronto_ws/install/rviz_legged_msgs/include/rviz_legged_msgs/rviz_legged_msgs/msg/detail/friction_cones__functions.h
[1.281s] -- Up-to-date symlink: /home/ros/docker_pronto_ws/install/rviz_legged_msgs/include/rviz_legged_msgs/rviz_legged_msgs/msg/detail/friction_cones__struct.h
[1.282s] -- Up-to-date symlink: /home/ros/docker_pronto_ws/install/rviz_legged_msgs/include/rviz_legged_msgs/rviz_legged_msgs/msg/detail/friction_cones__type_support.h
[1.282s] -- Up-to-date symlink: /home/ros/docker_pronto_ws/install/rviz_legged_msgs/include/rviz_legged_msgs/rviz_legged_msgs/msg/detail/paths__functions.h
[1.282s] -- Up-to-date symlink: /home/ros/docker_pronto_ws/install/rviz_legged_msgs/include/rviz_legged_msgs/rviz_legged_msgs/msg/detail/paths__struct.h
[1.282s] -- Up-to-date symlink: /home/ros/docker_pronto_ws/install/rviz_legged_msgs/include/rviz_legged_msgs/rviz_legged_msgs/msg/detail/paths__type_support.h
[1.282s] -- Up-to-date symlink: /home/ros/docker_pronto_ws/install/rviz_legged_msgs/include/rviz_legged_msgs/rviz_legged_msgs/msg/detail/wrenches_stamped__functions.h
[1.282s] -- Up-to-date symlink: /home/ros/docker_pronto_ws/install/rviz_legged_msgs/include/rviz_legged_msgs/rviz_legged_msgs/msg/detail/wrenches_stamped__struct.h
[1.282s] -- Up-to-date symlink: /home/ros/docker_pronto_ws/install/rviz_legged_msgs/include/rviz_legged_msgs/rviz_legged_msgs/msg/detail/wrenches_stamped__type_support.h
[1.282s] -- Up-to-date symlink: /home/ros/docker_pronto_ws/install/rviz_legged_msgs/include/rviz_legged_msgs/rviz_legged_msgs/msg/friction_cone.h
[1.282s] -- Up-to-date symlink: /home/ros/docker_pronto_ws/install/rviz_legged_msgs/include/rviz_legged_msgs/rviz_legged_msgs/msg/friction_cones.h
[1.283s] -- Up-to-date symlink: /home/ros/docker_pronto_ws/install/rviz_legged_msgs/include/rviz_legged_msgs/rviz_legged_msgs/msg/paths.h
[1.283s] -- Up-to-date symlink: /home/ros/docker_pronto_ws/install/rviz_legged_msgs/include/rviz_legged_msgs/rviz_legged_msgs/msg/rosidl_generator_c__visibility_control.h
[1.283s] -- Up-to-date symlink: /home/ros/docker_pronto_ws/install/rviz_legged_msgs/include/rviz_legged_msgs/rviz_legged_msgs/msg/wrenches_stamped.h
[1.283s] -- Up-to-date symlink: /home/ros/docker_pronto_ws/install/rviz_legged_msgs/share/rviz_legged_msgs/environment/library_path.sh
[1.283s] -- Up-to-date symlink: /home/ros/docker_pronto_ws/install/rviz_legged_msgs/share/rviz_legged_msgs/environment/library_path.dsv
[1.284s] -- Up-to-date symlink: /home/ros/docker_pronto_ws/install/rviz_legged_msgs/include/rviz_legged_msgs/rviz_legged_msgs/msg/detail/friction_cone__rosidl_typesupport_fastrtps_c.h
[1.284s] -- Up-to-date symlink: /home/ros/docker_pronto_ws/install/rviz_legged_msgs/include/rviz_legged_msgs/rviz_legged_msgs/msg/detail/friction_cones__rosidl_typesupport_fastrtps_c.h
[1.284s] -- Up-to-date symlink: /home/ros/docker_pronto_ws/install/rviz_legged_msgs/include/rviz_legged_msgs/rviz_legged_msgs/msg/detail/paths__rosidl_typesupport_fastrtps_c.h
[1.284s] -- Up-to-date symlink: /home/ros/docker_pronto_ws/install/rviz_legged_msgs/include/rviz_legged_msgs/rviz_legged_msgs/msg/detail/wrenches_stamped__rosidl_typesupport_fastrtps_c.h
[1.284s] -- Up-to-date symlink: /home/ros/docker_pronto_ws/install/rviz_legged_msgs/include/rviz_legged_msgs/rviz_legged_msgs/msg/rosidl_typesupport_fastrtps_c__visibility_control.h
[1.285s] -- Up-to-date symlink: /home/ros/docker_pronto_ws/install/rviz_legged_msgs/include/rviz_legged_msgs/rviz_legged_msgs/msg/detail/friction_cone__rosidl_typesupport_introspection_c.h
[1.285s] -- Up-to-date symlink: /home/ros/docker_pronto_ws/install/rviz_legged_msgs/include/rviz_legged_msgs/rviz_legged_msgs/msg/detail/friction_cones__rosidl_typesupport_introspection_c.h
[1.285s] -- Up-to-date symlink: /home/ros/docker_pronto_ws/install/rviz_legged_msgs/include/rviz_legged_msgs/rviz_legged_msgs/msg/detail/paths__rosidl_typesupport_introspection_c.h
[1.285s] -- Up-to-date symlink: /home/ros/docker_pronto_ws/install/rviz_legged_msgs/include/rviz_legged_msgs/rviz_legged_msgs/msg/detail/wrenches_stamped__rosidl_typesupport_introspection_c.h
[1.285s] -- Up-to-date symlink: /home/ros/docker_pronto_ws/install/rviz_legged_msgs/include/rviz_legged_msgs/rviz_legged_msgs/msg/rosidl_typesupport_introspection_c__visibility_control.h
[1.285s] -- Up-to-date symlink: /home/ros/docker_pronto_ws/install/rviz_legged_msgs/include/rviz_legged_msgs/rviz_legged_msgs/msg/detail/friction_cone__builder.hpp
[1.285s] -- Up-to-date symlink: /home/ros/docker_pronto_ws/install/rviz_legged_msgs/include/rviz_legged_msgs/rviz_legged_msgs/msg/detail/friction_cone__struct.hpp
[1.285s] -- Up-to-date symlink: /home/ros/docker_pronto_ws/install/rviz_legged_msgs/include/rviz_legged_msgs/rviz_legged_msgs/msg/detail/friction_cone__traits.hpp
[1.285s] -- Up-to-date symlink: /home/ros/docker_pronto_ws/install/rviz_legged_msgs/include/rviz_legged_msgs/rviz_legged_msgs/msg/detail/friction_cones__builder.hpp
[1.285s] -- Up-to-date symlink: /home/ros/docker_pronto_ws/install/rviz_legged_msgs/include/rviz_legged_msgs/rviz_legged_msgs/msg/detail/friction_cones__struct.hpp
[1.286s] -- Up-to-date symlink: /home/ros/docker_pronto_ws/install/rviz_legged_msgs/include/rviz_legged_msgs/rviz_legged_msgs/msg/detail/friction_cones__traits.hpp
[1.286s] -- Up-to-date symlink: /home/ros/docker_pronto_ws/install/rviz_legged_msgs/include/rviz_legged_msgs/rviz_legged_msgs/msg/detail/paths__builder.hpp
[1.286s] -- Up-to-date symlink: /home/ros/docker_pronto_ws/install/rviz_legged_msgs/include/rviz_legged_msgs/rviz_legged_msgs/msg/detail/paths__struct.hpp
[1.286s] -- Up-to-date symlink: /home/ros/docker_pronto_ws/install/rviz_legged_msgs/include/rviz_legged_msgs/rviz_legged_msgs/msg/detail/paths__traits.hpp
[1.286s] -- Up-to-date symlink: /home/ros/docker_pronto_ws/install/rviz_legged_msgs/include/rviz_legged_msgs/rviz_legged_msgs/msg/detail/wrenches_stamped__builder.hpp
[1.286s] -- Up-to-date symlink: /home/ros/docker_pronto_ws/install/rviz_legged_msgs/include/rviz_legged_msgs/rviz_legged_msgs/msg/detail/wrenches_stamped__struct.hpp
[1.286s] -- Up-to-date symlink: /home/ros/docker_pronto_ws/install/rviz_legged_msgs/include/rviz_legged_msgs/rviz_legged_msgs/msg/detail/wrenches_stamped__traits.hpp
[1.289s] -- Up-to-date symlink: /home/ros/docker_pronto_ws/install/rviz_legged_msgs/include/rviz_legged_msgs/rviz_legged_msgs/msg/friction_cone.hpp
[1.289s] -- Up-to-date symlink: /home/ros/docker_pronto_ws/install/rviz_legged_msgs/include/rviz_legged_msgs/rviz_legged_msgs/msg/friction_cones.hpp
[1.289s] -- Up-to-date symlink: /home/ros/docker_pronto_ws/install/rviz_legged_msgs/include/rviz_legged_msgs/rviz_legged_msgs/msg/paths.hpp
[1.289s] -- Up-to-date symlink: /home/ros/docker_pronto_ws/install/rviz_legged_msgs/include/rviz_legged_msgs/rviz_legged_msgs/msg/wrenches_stamped.hpp
[1.290s] -- Up-to-date symlink: /home/ros/docker_pronto_ws/install/rviz_legged_msgs/include/rviz_legged_msgs/rviz_legged_msgs/msg/detail/friction_cone__rosidl_typesupport_fastrtps_cpp.hpp
[1.290s] -- Up-to-date symlink: /home/ros/docker_pronto_ws/install/rviz_legged_msgs/include/rviz_legged_msgs/rviz_legged_msgs/msg/detail/friction_cones__rosidl_typesupport_fastrtps_cpp.hpp
[1.290s] -- Up-to-date symlink: /home/ros/docker_pronto_ws/install/rviz_legged_msgs/include/rviz_legged_msgs/rviz_legged_msgs/msg/detail/paths__rosidl_typesupport_fastrtps_cpp.hpp
[1.290s] -- Up-to-date symlink: /home/ros/docker_pronto_ws/install/rviz_legged_msgs/include/rviz_legged_msgs/rviz_legged_msgs/msg/detail/wrenches_stamped__rosidl_typesupport_fastrtps_cpp.hpp
[1.290s] -- Up-to-date symlink: /home/ros/docker_pronto_ws/install/rviz_legged_msgs/include/rviz_legged_msgs/rviz_legged_msgs/msg/rosidl_typesupport_fastrtps_cpp__visibility_control.h
[1.291s] -- Up-to-date symlink: /home/ros/docker_pronto_ws/install/rviz_legged_msgs/include/rviz_legged_msgs/rviz_legged_msgs/msg/detail/friction_cone__rosidl_typesupport_introspection_cpp.hpp
[1.291s] -- Up-to-date symlink: /home/ros/docker_pronto_ws/install/rviz_legged_msgs/include/rviz_legged_msgs/rviz_legged_msgs/msg/detail/friction_cones__rosidl_typesupport_introspection_cpp.hpp
[1.291s] -- Up-to-date symlink: /home/ros/docker_pronto_ws/install/rviz_legged_msgs/include/rviz_legged_msgs/rviz_legged_msgs/msg/detail/paths__rosidl_typesupport_introspection_cpp.hpp
[1.291s] -- Up-to-date symlink: /home/ros/docker_pronto_ws/install/rviz_legged_msgs/include/rviz_legged_msgs/rviz_legged_msgs/msg/detail/wrenches_stamped__rosidl_typesupport_introspection_cpp.hpp
[1.291s] -- Up-to-date symlink: /home/ros/docker_pronto_ws/install/rviz_legged_msgs/share/rviz_legged_msgs/environment/pythonpath.sh
[1.291s] -- Up-to-date symlink: /home/ros/docker_pronto_ws/install/rviz_legged_msgs/share/rviz_legged_msgs/environment/pythonpath.dsv
[1.291s] -- Up-to-date symlink: /home/ros/docker_pronto_ws/install/rviz_legged_msgs/local/lib/python3.10/dist-packages/rviz_legged_msgs-0.0.0-py3.10.egg-info/PKG-INFO
[1.292s] -- Up-to-date symlink: /home/ros/docker_pronto_ws/install/rviz_legged_msgs/local/lib/python3.10/dist-packages/rviz_legged_msgs-0.0.0-py3.10.egg-info/SOURCES.txt
[1.292s] -- Up-to-date symlink: /home/ros/docker_pronto_ws/install/rviz_legged_msgs/local/lib/python3.10/dist-packages/rviz_legged_msgs-0.0.0-py3.10.egg-info/dependency_links.txt
[1.292s] -- Up-to-date symlink: /home/ros/docker_pronto_ws/install/rviz_legged_msgs/local/lib/python3.10/dist-packages/rviz_legged_msgs-0.0.0-py3.10.egg-info/top_level.txt
[1.293s] -- Up-to-date symlink: /home/ros/docker_pronto_ws/install/rviz_legged_msgs/local/lib/python3.10/dist-packages/rviz_legged_msgs/__init__.py
[1.293s] -- Up-to-date symlink: /home/ros/docker_pronto_ws/install/rviz_legged_msgs/local/lib/python3.10/dist-packages/rviz_legged_msgs/_rviz_legged_msgs_s.ep.rosidl_typesupport_c.c
[1.293s] -- Up-to-date symlink: /home/ros/docker_pronto_ws/install/rviz_legged_msgs/local/lib/python3.10/dist-packages/rviz_legged_msgs/_rviz_legged_msgs_s.ep.rosidl_typesupport_fastrtps_c.c
[1.293s] -- Up-to-date symlink: /home/ros/docker_pronto_ws/install/rviz_legged_msgs/local/lib/python3.10/dist-packages/rviz_legged_msgs/_rviz_legged_msgs_s.ep.rosidl_typesupport_introspection_c.c
[1.293s] -- Up-to-date symlink: /home/ros/docker_pronto_ws/install/rviz_legged_msgs/local/lib/python3.10/dist-packages/rviz_legged_msgs/librviz_legged_msgs__rosidl_generator_py.so
[1.293s] -- Up-to-date symlink: /home/ros/docker_pronto_ws/install/rviz_legged_msgs/local/lib/python3.10/dist-packages/rviz_legged_msgs/msg/__init__.py
[1.293s] -- Up-to-date symlink: /home/ros/docker_pronto_ws/install/rviz_legged_msgs/local/lib/python3.10/dist-packages/rviz_legged_msgs/msg/_friction_cone.py
[1.294s] -- Up-to-date symlink: /home/ros/docker_pronto_ws/install/rviz_legged_msgs/local/lib/python3.10/dist-packages/rviz_legged_msgs/msg/_friction_cone_s.c
[1.294s] -- Up-to-date symlink: /home/ros/docker_pronto_ws/install/rviz_legged_msgs/local/lib/python3.10/dist-packages/rviz_legged_msgs/msg/_friction_cones.py
[1.294s] -- Up-to-date symlink: /home/ros/docker_pronto_ws/install/rviz_legged_msgs/local/lib/python3.10/dist-packages/rviz_legged_msgs/msg/_friction_cones_s.c
[1.294s] -- Up-to-date symlink: /home/ros/docker_pronto_ws/install/rviz_legged_msgs/local/lib/python3.10/dist-packages/rviz_legged_msgs/msg/_paths.py
[1.294s] -- Up-to-date symlink: /home/ros/docker_pronto_ws/install/rviz_legged_msgs/local/lib/python3.10/dist-packages/rviz_legged_msgs/msg/_paths_s.c
[1.294s] -- Up-to-date symlink: /home/ros/docker_pronto_ws/install/rviz_legged_msgs/local/lib/python3.10/dist-packages/rviz_legged_msgs/msg/_wrenches_stamped.py
[1.294s] -- Up-to-date symlink: /home/ros/docker_pronto_ws/install/rviz_legged_msgs/local/lib/python3.10/dist-packages/rviz_legged_msgs/msg/_wrenches_stamped_s.c
[1.294s] -- Up-to-date symlink: /home/ros/docker_pronto_ws/install/rviz_legged_msgs/local/lib/python3.10/dist-packages/rviz_legged_msgs/rviz_legged_msgs_s__rosidl_typesupport_c.cpython-310-x86_64-linux-gnu.so
[1.294s] -- Up-to-date symlink: /home/ros/docker_pronto_ws/install/rviz_legged_msgs/local/lib/python3.10/dist-packages/rviz_legged_msgs/rviz_legged_msgs_s__rosidl_typesupport_fastrtps_c.cpython-310-x86_64-linux-gnu.so
[1.294s] -- Up-to-date symlink: /home/ros/docker_pronto_ws/install/rviz_legged_msgs/local/lib/python3.10/dist-packages/rviz_legged_msgs/rviz_legged_msgs_s__rosidl_typesupport_introspection_c.cpython-310-x86_64-linux-gnu.so
[1.295s] -- Up-to-date symlink: /home/ros/docker_pronto_ws/install/rviz_legged_msgs/local/lib/python3.10/dist-packages/rviz_legged_msgs/rviz_legged_msgs_s__rosidl_typesupport_fastrtps_c.cpython-310-x86_64-linux-gnu.so
[1.295s] -- Up-to-date symlink: /home/ros/docker_pronto_ws/install/rviz_legged_msgs/local/lib/python3.10/dist-packages/rviz_legged_msgs/rviz_legged_msgs_s__rosidl_typesupport_introspection_c.cpython-310-x86_64-linux-gnu.so
[1.295s] -- Up-to-date symlink: /home/ros/docker_pronto_ws/install/rviz_legged_msgs/local/lib/python3.10/dist-packages/rviz_legged_msgs/rviz_legged_msgs_s__rosidl_typesupport_c.cpython-310-x86_64-linux-gnu.so
[1.295s] -- Up-to-date symlink: /home/ros/docker_pronto_ws/install/rviz_legged_msgs/share/rviz_legged_msgs/msg/WrenchesStamped.idl
[1.296s] -- Up-to-date symlink: /home/ros/docker_pronto_ws/install/rviz_legged_msgs/share/rviz_legged_msgs/msg/FrictionCone.idl
[1.296s] -- Up-to-date symlink: /home/ros/docker_pronto_ws/install/rviz_legged_msgs/share/rviz_legged_msgs/msg/FrictionCones.idl
[1.296s] -- Up-to-date symlink: /home/ros/docker_pronto_ws/install/rviz_legged_msgs/share/rviz_legged_msgs/msg/Paths.idl
[1.296s] -- Up-to-date symlink: /home/ros/docker_pronto_ws/install/rviz_legged_msgs/share/rviz_legged_msgs/msg/WrenchesStamped.msg
[1.296s] -- Up-to-date symlink: /home/ros/docker_pronto_ws/install/rviz_legged_msgs/share/rviz_legged_msgs/msg/FrictionCone.msg
[1.296s] -- Up-to-date symlink: /home/ros/docker_pronto_ws/install/rviz_legged_msgs/share/rviz_legged_msgs/msg/FrictionCones.msg
[1.296s] -- Up-to-date symlink: /home/ros/docker_pronto_ws/install/rviz_legged_msgs/share/rviz_legged_msgs/msg/Paths.msg
[1.297s] -- Up-to-date symlink: /home/ros/docker_pronto_ws/install/rviz_legged_msgs/share/ament_index/resource_index/package_run_dependencies/rviz_legged_msgs
[1.297s] -- Up-to-date symlink: /home/ros/docker_pronto_ws/install/rviz_legged_msgs/share/ament_index/resource_index/parent_prefix_path/rviz_legged_msgs
[1.297s] -- Up-to-date symlink: /home/ros/docker_pronto_ws/install/rviz_legged_msgs/share/rviz_legged_msgs/environment/ament_prefix_path.sh
[1.297s] -- Up-to-date symlink: /home/ros/docker_pronto_ws/install/rviz_legged_msgs/share/rviz_legged_msgs/environment/ament_prefix_path.dsv
[1.297s] -- Up-to-date symlink: /home/ros/docker_pronto_ws/install/rviz_legged_msgs/share/rviz_legged_msgs/environment/path.sh
[1.297s] -- Up-to-date symlink: /home/ros/docker_pronto_ws/install/rviz_legged_msgs/share/rviz_legged_msgs/environment/path.dsv
[1.297s] -- Up-to-date symlink: /home/ros/docker_pronto_ws/install/rviz_legged_msgs/share/rviz_legged_msgs/local_setup.bash
[1.298s] -- Up-to-date symlink: /home/ros/docker_pronto_ws/install/rviz_legged_msgs/share/rviz_legged_msgs/local_setup.sh
[1.298s] -- Up-to-date symlink: /home/ros/docker_pronto_ws/install/rviz_legged_msgs/share/rviz_legged_msgs/local_setup.zsh
[1.298s] -- Up-to-date symlink: /home/ros/docker_pronto_ws/install/rviz_legged_msgs/share/rviz_legged_msgs/local_setup.dsv
[1.298s] -- Symlinking: /home/ros/docker_pronto_ws/install/rviz_legged_msgs/share/rviz_legged_msgs/package.dsv
[1.299s] -- Up-to-date symlink: /home/ros/docker_pronto_ws/install/rviz_legged_msgs/share/ament_index/resource_index/packages/rviz_legged_msgs
[1.299s] -- Up-to-date symlink: /home/ros/docker_pronto_ws/install/rviz_legged_msgs/share/rviz_legged_msgs/cmake/rosidl_cmake-extras.cmake
[1.299s] -- Up-to-date symlink: /home/ros/docker_pronto_ws/install/rviz_legged_msgs/share/rviz_legged_msgs/cmake/ament_cmake_export_dependencies-extras.cmake
[1.300s] -- Up-to-date symlink: /home/ros/docker_pronto_ws/install/rviz_legged_msgs/share/rviz_legged_msgs/cmake/ament_cmake_export_include_directories-extras.cmake
[1.300s] -- Up-to-date symlink: /home/ros/docker_pronto_ws/install/rviz_legged_msgs/share/rviz_legged_msgs/cmake/ament_cmake_export_libraries-extras.cmake
[1.300s] -- Up-to-date symlink: /home/ros/docker_pronto_ws/install/rviz_legged_msgs/share/rviz_legged_msgs/cmake/ament_cmake_export_targets-extras.cmake
[1.300s] -- Up-to-date symlink: /home/ros/docker_pronto_ws/install/rviz_legged_msgs/share/rviz_legged_msgs/cmake/rosidl_cmake_export_typesupport_targets-extras.cmake
[1.300s] -- Up-to-date symlink: /home/ros/docker_pronto_ws/install/rviz_legged_msgs/share/rviz_legged_msgs/cmake/rosidl_cmake_export_typesupport_libraries-extras.cmake
[1.300s] -- Up-to-date symlink: /home/ros/docker_pronto_ws/install/rviz_legged_msgs/share/rviz_legged_msgs/cmake/rviz_legged_msgsConfig.cmake
[1.300s] -- Up-to-date symlink: /home/ros/docker_pronto_ws/install/rviz_legged_msgs/share/rviz_legged_msgs/cmake/rviz_legged_msgsConfig-version.cmake
[1.300s] -- Up-to-date symlink: /home/ros/docker_pronto_ws/install/rviz_legged_msgs/share/rviz_legged_msgs/package.xml
[1.300s] -- Up-to-date: /home/ros/docker_pronto_ws/install/rviz_legged_msgs/lib/librviz_legged_msgs__rosidl_generator_c.so
[1.300s] -- Up-to-date: /home/ros/docker_pronto_ws/install/rviz_legged_msgs/lib/librviz_legged_msgs__rosidl_typesupport_fastrtps_c.so
[1.300s] -- Up-to-date: /home/ros/docker_pronto_ws/install/rviz_legged_msgs/lib/librviz_legged_msgs__rosidl_typesupport_introspection_c.so
[1.300s] -- Up-to-date: /home/ros/docker_pronto_ws/install/rviz_legged_msgs/lib/librviz_legged_msgs__rosidl_typesupport_c.so
[1.300s] -- Up-to-date: /home/ros/docker_pronto_ws/install/rviz_legged_msgs/lib/librviz_legged_msgs__rosidl_typesupport_fastrtps_cpp.so
[1.300s] -- Up-to-date: /home/ros/docker_pronto_ws/install/rviz_legged_msgs/lib/librviz_legged_msgs__rosidl_typesupport_introspection_cpp.so
[1.300s] -- Up-to-date: /home/ros/docker_pronto_ws/install/rviz_legged_msgs/lib/librviz_legged_msgs__rosidl_typesupport_cpp.so
[1.335s] Listing '/home/ros/docker_pronto_ws/install/rviz_legged_msgs/local/lib/python3.10/dist-packages/rviz_legged_msgs'...
[1.336s] Listing '/home/ros/docker_pronto_ws/install/rviz_legged_msgs/local/lib/python3.10/dist-packages/rviz_legged_msgs/msg'...
[1.339s] -- Up-to-date: /home/ros/docker_pronto_ws/install/rviz_legged_msgs/lib/librviz_legged_msgs__rosidl_generator_py.so
[1.339s] -- Up-to-date: /home/ros/docker_pronto_ws/install/rviz_legged_msgs/share/rviz_legged_msgs/cmake/export_rviz_legged_msgs__rosidl_generator_cExport.cmake
[1.339s] -- Up-to-date: /home/ros/docker_pronto_ws/install/rviz_legged_msgs/share/rviz_legged_msgs/cmake/export_rviz_legged_msgs__rosidl_generator_cExport-release.cmake
[1.339s] -- Up-to-date: /home/ros/docker_pronto_ws/install/rviz_legged_msgs/share/rviz_legged_msgs/cmake/export_rviz_legged_msgs__rosidl_typesupport_fastrtps_cExport.cmake
[1.339s] -- Up-to-date: /home/ros/docker_pronto_ws/install/rviz_legged_msgs/share/rviz_legged_msgs/cmake/export_rviz_legged_msgs__rosidl_typesupport_fastrtps_cExport-release.cmake
[1.339s] -- Up-to-date: /home/ros/docker_pronto_ws/install/rviz_legged_msgs/share/rviz_legged_msgs/cmake/rviz_legged_msgs__rosidl_typesupport_introspection_cExport.cmake
[1.339s] -- Up-to-date: /home/ros/docker_pronto_ws/install/rviz_legged_msgs/share/rviz_legged_msgs/cmake/rviz_legged_msgs__rosidl_typesupport_introspection_cExport-release.cmake
[1.339s] -- Up-to-date: /home/ros/docker_pronto_ws/install/rviz_legged_msgs/share/rviz_legged_msgs/cmake/rviz_legged_msgs__rosidl_typesupport_cExport.cmake
[1.340s] -- Up-to-date: /home/ros/docker_pronto_ws/install/rviz_legged_msgs/share/rviz_legged_msgs/cmake/rviz_legged_msgs__rosidl_typesupport_cExport-release.cmake
[1.340s] -- Up-to-date: /home/ros/docker_pronto_ws/install/rviz_legged_msgs/share/rviz_legged_msgs/cmake/export_rviz_legged_msgs__rosidl_generator_cppExport.cmake
[1.340s] -- Up-to-date: /home/ros/docker_pronto_ws/install/rviz_legged_msgs/share/rviz_legged_msgs/cmake/export_rviz_legged_msgs__rosidl_typesupport_fastrtps_cppExport.cmake
[1.340s] -- Up-to-date: /home/ros/docker_pronto_ws/install/rviz_legged_msgs/share/rviz_legged_msgs/cmake/export_rviz_legged_msgs__rosidl_typesupport_fastrtps_cppExport-release.cmake
[1.340s] -- Up-to-date: /home/ros/docker_pronto_ws/install/rviz_legged_msgs/share/rviz_legged_msgs/cmake/rviz_legged_msgs__rosidl_typesupport_introspection_cppExport.cmake
[1.340s] -- Up-to-date: /home/ros/docker_pronto_ws/install/rviz_legged_msgs/share/rviz_legged_msgs/cmake/rviz_legged_msgs__rosidl_typesupport_introspection_cppExport-release.cmake
[1.340s] -- Up-to-date: /home/ros/docker_pronto_ws/install/rviz_legged_msgs/share/rviz_legged_msgs/cmake/rviz_legged_msgs__rosidl_typesupport_cppExport.cmake
[1.340s] -- Up-to-date: /home/ros/docker_pronto_ws/install/rviz_legged_msgs/share/rviz_legged_msgs/cmake/rviz_legged_msgs__rosidl_typesupport_cppExport-release.cmake
[1.340s] -- Up-to-date: /home/ros/docker_pronto_ws/install/rviz_legged_msgs/share/rviz_legged_msgs/cmake/export_rviz_legged_msgs__rosidl_generator_pyExport.cmake
[1.340s] -- Up-to-date: /home/ros/docker_pronto_ws/install/rviz_legged_msgs/share/rviz_legged_msgs/cmake/export_rviz_legged_msgs__rosidl_generator_pyExport-release.cmake
[1.790s] Invoked command in '/home/ros/docker_pronto_ws/build/rviz_legged_msgs' returned '0': CMAKE_PREFIX_PATH=${CMAKE_PREFIX_PATH}:/home/ros/docker_pronto_ws/install/planners_python:/home/ros/docker_pronto_ws/install/logger_gazebo:/home/ros/docker_pronto_ws/install/terrain_estimator:/home/ros/docker_pronto_ws/install/pose_estimator:/opt/ros/humble /usr/bin/cmake --install /home/ros/docker_pronto_ws/build/rviz_legged_msgs
