-- The C compiler identification is GNU 11.4.0
-- The CXX compiler identification is GNU 11.4.0
-- Detecting C compiler ABI info
-- Detecting C compiler ABI info - done
-- Check for working C compiler: /usr/bin/cc - skipped
-- Detecting C compile features
-- Detecting C compile features - done
-- Detecting CXX compiler ABI info
-- Detecting CXX compiler ABI info - done
-- Check for working CXX compiler: /usr/bin/c++ - skipped
-- Detecting CXX compile features
-- Detecting CXX compile features - done
-- Found ament_cmake: 1.3.6 (/opt/ros/humble/share/ament_cmake/cmake)
-- Found Python3: /usr/bin/python3.10 (found version "3.10.12") found components: Interpreter 
-- Override CMake install command with custom implementation using symlinks instead of copying resources
-- Found builtin_interfaces: 1.2.1 (/opt/ros/humble/share/builtin_interfaces/cmake)
-- Found rosidl_generator_c: 3.1.5 (/opt/ros/humble/share/rosidl_generator_c/cmake)
-- Found rosidl_adapter: 3.1.5 (/opt/ros/humble/share/rosidl_adapter/cmake)
-- Found rosidl_generator_cpp: 3.1.5 (/opt/ros/humble/share/rosidl_generator_cpp/cmake)
-- Using all available rosidl_typesupport_c: rosidl_typesupport_fastrtps_c;rosidl_typesupport_introspection_c
-- Using all available rosidl_typesupport_cpp: rosidl_typesupport_fastrtps_cpp;rosidl_typesupport_introspection_cpp
-- Found rosidl_default_generators: 1.2.0 (/opt/ros/humble/share/rosidl_default_generators/cmake)
-- Found geometry_msgs: 4.2.3 (/opt/ros/humble/share/geometry_msgs/cmake)
-- Found ament_cmake_cppcheck: 0.12.9 (/opt/ros/humble/share/ament_cmake_cppcheck/cmake)
-- Found ament_cmake_cpplint: 0.12.9 (/opt/ros/humble/share/ament_cmake_cpplint/cmake)
-- Found ament_cmake_uncrustify: 0.12.9 (/opt/ros/humble/share/ament_cmake_uncrustify/cmake)
-- Found ament_cmake_ros: 0.10.0 (/opt/ros/humble/share/ament_cmake_ros/cmake)
-- Using all available rosidl_typesupport_c: rosidl_typesupport_fastrtps_c;rosidl_typesupport_introspection_c
-- Using all available rosidl_typesupport_cpp: rosidl_typesupport_fastrtps_cpp;rosidl_typesupport_introspection_cpp
-- Found PythonInterp: /usr/bin/python3 (found suitable version "3.10.12", minimum required is "3.6") 
-- Found python_cmake_module: 0.10.0 (/opt/ros/humble/share/python_cmake_module/cmake)
-- Found PythonLibs: /usr/lib/x86_64-linux-gnu/libpython3.10.so (found suitable version "3.10.12", minimum required is "3.5") 
-- Using PYTHON_EXECUTABLE: /usr/bin/python3
-- Using PYTHON_INCLUDE_DIRS: /usr/include/python3.10
-- Using PYTHON_LIBRARIES: /usr/lib/x86_64-linux-gnu/libpython3.10.so
-- Found PythonExtra: .so  
-- Found ament_cmake_flake8: 0.12.9 (/opt/ros/humble/share/ament_cmake_flake8/cmake)
-- Found ament_cmake_pep257: 0.12.9 (/opt/ros/humble/share/ament_cmake_pep257/cmake)
-- Configuring done
-- Generating done
-- Build files have been written to: /home/ros/docker_pronto_ws/build/pronto_msgs
[  1%] [34m[1mGenerating C code for ROS interfaces[0m
[  1%] [34m[1mGenerating C++ code for ROS interfaces[0m
[  1%] Built target ament_cmake_python_symlink_pronto_msgs
running egg_info
creating pronto_msgs.egg-info
writing pronto_msgs.egg-info/PKG-INFO
writing dependency_links to pronto_msgs.egg-info/dependency_links.txt
writing top-level names to pronto_msgs.egg-info/top_level.txt
writing manifest file 'pronto_msgs.egg-info/SOURCES.txt'
reading manifest file 'pronto_msgs.egg-info/SOURCES.txt'
writing manifest file 'pronto_msgs.egg-info/SOURCES.txt'
[  1%] Built target ament_cmake_python_build_pronto_msgs_egg
[  1%] Built target pronto_msgs__cpp
[  2%] [34m[1mGenerating C++ type support dispatch for ROS interfaces[0m
[  2%] [34m[1mGenerating C++ type support for eProsima Fast-RTPS[0m
[  3%] [34m[1mGenerating C++ introspection for ROS interfaces[0m
[  4%] [32mBuilding C object CMakeFiles/pronto_msgs__rosidl_generator_c.dir/rosidl_generator_c/pronto_msgs/msg/detail/filter_state__functions.c.o[0m
[  5%] [32mBuilding C object CMakeFiles/pronto_msgs__rosidl_generator_c.dir/rosidl_generator_c/pronto_msgs/msg/detail/indexed_measurement__functions.c.o[0m
[  6%] [32mBuilding C object CMakeFiles/pronto_msgs__rosidl_generator_c.dir/rosidl_generator_c/pronto_msgs/msg/detail/joint_state_with_acceleration__functions.c.o[0m
[  7%] [32mBuilding C object CMakeFiles/pronto_msgs__rosidl_generator_c.dir/rosidl_generator_c/pronto_msgs/msg/detail/quadruped_stance__functions.c.o[0m
[  8%] [32mBuilding C object CMakeFiles/pronto_msgs__rosidl_generator_c.dir/rosidl_generator_c/pronto_msgs/msg/detail/controller_foot_contact__functions.c.o[0m
[  9%] [32mBuilding C object CMakeFiles/pronto_msgs__rosidl_generator_c.dir/rosidl_generator_c/pronto_msgs/msg/detail/quadruped_force_torque_sensors__functions.c.o[0m
[ 10%] [32mBuilding C object CMakeFiles/pronto_msgs__rosidl_generator_c.dir/rosidl_generator_c/pronto_msgs/msg/detail/velocity_with_sigma_bounds__functions.c.o[0m
[ 10%] [32mBuilding C object CMakeFiles/pronto_msgs__rosidl_generator_c.dir/rosidl_generator_c/pronto_msgs/msg/detail/visual_odometry_update__functions.c.o[0m
[ 11%] [32mBuilding C object CMakeFiles/pronto_msgs__rosidl_generator_c.dir/rosidl_generator_c/pronto_msgs/msg/detail/gps_data__functions.c.o[0m
[ 12%] [32mBuilding C object CMakeFiles/pronto_msgs__rosidl_generator_c.dir/rosidl_generator_c/pronto_msgs/msg/detail/lidar_odometry_update__functions.c.o[0m
[ 13%] [32mBuilding C object CMakeFiles/pronto_msgs__rosidl_generator_c.dir/rosidl_generator_c/pronto_msgs/msg/detail/biped_force_torque_sensors__functions.c.o[0m
[ 14%] [32mBuilding CXX object CMakeFiles/pronto_msgs__rosidl_typesupport_introspection_cpp.dir/rosidl_typesupport_introspection_cpp/pronto_msgs/msg/detail/filter_state__type_support.cpp.o[0m
[ 15%] [32mBuilding CXX object CMakeFiles/pronto_msgs__rosidl_typesupport_fastrtps_cpp.dir/rosidl_typesupport_fastrtps_cpp/pronto_msgs/msg/detail/dds_fastrtps/filter_state__type_support.cpp.o[0m
[ 16%] [32mBuilding CXX object CMakeFiles/pronto_msgs__rosidl_typesupport_introspection_cpp.dir/rosidl_typesupport_introspection_cpp/pronto_msgs/msg/detail/quadruped_stance__type_support.cpp.o[0m
[ 17%] [32mBuilding CXX object CMakeFiles/pronto_msgs__rosidl_typesupport_fastrtps_cpp.dir/rosidl_typesupport_fastrtps_cpp/pronto_msgs/msg/detail/dds_fastrtps/indexed_measurement__type_support.cpp.o[0m
[ 18%] [32mBuilding CXX object CMakeFiles/pronto_msgs__rosidl_typesupport_introspection_cpp.dir/rosidl_typesupport_introspection_cpp/pronto_msgs/msg/detail/joint_state_with_acceleration__type_support.cpp.o[0m
[ 19%] [32m[1mLinking C shared library libpronto_msgs__rosidl_generator_c.so[0m
[ 19%] [32mBuilding CXX object CMakeFiles/pronto_msgs__rosidl_typesupport_introspection_cpp.dir/rosidl_typesupport_introspection_cpp/pronto_msgs/msg/detail/indexed_measurement__type_support.cpp.o[0m
[ 20%] [32mBuilding CXX object CMakeFiles/pronto_msgs__rosidl_typesupport_fastrtps_cpp.dir/rosidl_typesupport_fastrtps_cpp/pronto_msgs/msg/detail/dds_fastrtps/quadruped_stance__type_support.cpp.o[0m
[ 21%] [32mBuilding CXX object CMakeFiles/pronto_msgs__rosidl_typesupport_introspection_cpp.dir/rosidl_typesupport_introspection_cpp/pronto_msgs/msg/detail/controller_foot_contact__type_support.cpp.o[0m
[ 22%] [32mBuilding CXX object CMakeFiles/pronto_msgs__rosidl_typesupport_introspection_cpp.dir/rosidl_typesupport_introspection_cpp/pronto_msgs/msg/detail/quadruped_force_torque_sensors__type_support.cpp.o[0m
[ 23%] [32mBuilding CXX object CMakeFiles/pronto_msgs__rosidl_typesupport_fastrtps_cpp.dir/rosidl_typesupport_fastrtps_cpp/pronto_msgs/msg/detail/dds_fastrtps/joint_state_with_acceleration__type_support.cpp.o[0m
[ 24%] [32mBuilding CXX object CMakeFiles/pronto_msgs__rosidl_typesupport_introspection_cpp.dir/rosidl_typesupport_introspection_cpp/pronto_msgs/msg/detail/velocity_with_sigma_bounds__type_support.cpp.o[0m
[ 25%] [32mBuilding CXX object CMakeFiles/pronto_msgs__rosidl_typesupport_fastrtps_cpp.dir/rosidl_typesupport_fastrtps_cpp/pronto_msgs/msg/detail/dds_fastrtps/quadruped_force_torque_sensors__type_support.cpp.o[0m
[ 26%] [32mBuilding CXX object CMakeFiles/pronto_msgs__rosidl_typesupport_fastrtps_cpp.dir/rosidl_typesupport_fastrtps_cpp/pronto_msgs/msg/detail/dds_fastrtps/controller_foot_contact__type_support.cpp.o[0m
[ 27%] [32mBuilding CXX object CMakeFiles/pronto_msgs__rosidl_typesupport_introspection_cpp.dir/rosidl_typesupport_introspection_cpp/pronto_msgs/msg/detail/visual_odometry_update__type_support.cpp.o[0m
[ 27%] Built target pronto_msgs__rosidl_generator_c
[ 28%] [32mBuilding CXX object CMakeFiles/pronto_msgs__rosidl_typesupport_cpp.dir/rosidl_typesupport_cpp/pronto_msgs/msg/filter_state__type_support.cpp.o[0m
[ 29%] [34m[1mGenerating C type support for eProsima Fast-RTPS[0m
[ 30%] [32mBuilding CXX object CMakeFiles/pronto_msgs__rosidl_typesupport_fastrtps_cpp.dir/rosidl_typesupport_fastrtps_cpp/pronto_msgs/msg/detail/dds_fastrtps/velocity_with_sigma_bounds__type_support.cpp.o[0m
[ 31%] [32mBuilding CXX object CMakeFiles/pronto_msgs__rosidl_typesupport_introspection_cpp.dir/rosidl_typesupport_introspection_cpp/pronto_msgs/msg/detail/gps_data__type_support.cpp.o[0m
[ 32%] [32mBuilding CXX object CMakeFiles/pronto_msgs__rosidl_typesupport_fastrtps_cpp.dir/rosidl_typesupport_fastrtps_cpp/pronto_msgs/msg/detail/dds_fastrtps/visual_odometry_update__type_support.cpp.o[0m
[ 33%] [32mBuilding CXX object CMakeFiles/pronto_msgs__rosidl_typesupport_introspection_cpp.dir/rosidl_typesupport_introspection_cpp/pronto_msgs/msg/detail/lidar_odometry_update__type_support.cpp.o[0m
[ 34%] [32mBuilding CXX object CMakeFiles/pronto_msgs__rosidl_typesupport_cpp.dir/rosidl_typesupport_cpp/pronto_msgs/msg/indexed_measurement__type_support.cpp.o[0m
[ 35%] [32mBuilding CXX object CMakeFiles/pronto_msgs__rosidl_typesupport_fastrtps_cpp.dir/rosidl_typesupport_fastrtps_cpp/pronto_msgs/msg/detail/dds_fastrtps/gps_data__type_support.cpp.o[0m
[ 36%] [32mBuilding CXX object CMakeFiles/pronto_msgs__rosidl_typesupport_introspection_cpp.dir/rosidl_typesupport_introspection_cpp/pronto_msgs/msg/detail/biped_force_torque_sensors__type_support.cpp.o[0m
[ 37%] [32mBuilding CXX object CMakeFiles/pronto_msgs__rosidl_typesupport_cpp.dir/rosidl_typesupport_cpp/pronto_msgs/msg/quadruped_stance__type_support.cpp.o[0m
[ 37%] [32mBuilding CXX object CMakeFiles/pronto_msgs__rosidl_typesupport_fastrtps_cpp.dir/rosidl_typesupport_fastrtps_cpp/pronto_msgs/msg/detail/dds_fastrtps/lidar_odometry_update__type_support.cpp.o[0m
[ 38%] [32mBuilding CXX object CMakeFiles/pronto_msgs__rosidl_typesupport_fastrtps_cpp.dir/rosidl_typesupport_fastrtps_cpp/pronto_msgs/msg/detail/dds_fastrtps/biped_force_torque_sensors__type_support.cpp.o[0m
[ 39%] [32mBuilding CXX object CMakeFiles/pronto_msgs__rosidl_typesupport_cpp.dir/rosidl_typesupport_cpp/pronto_msgs/msg/joint_state_with_acceleration__type_support.cpp.o[0m
[ 40%] [34m[1mGenerating C introspection for ROS interfaces[0m
[ 41%] [34m[1mGenerating C type support dispatch for ROS interfaces[0m
[ 42%] [32mBuilding CXX object CMakeFiles/pronto_msgs__rosidl_typesupport_cpp.dir/rosidl_typesupport_cpp/pronto_msgs/msg/controller_foot_contact__type_support.cpp.o[0m
[ 43%] [32mBuilding CXX object CMakeFiles/pronto_msgs__rosidl_typesupport_cpp.dir/rosidl_typesupport_cpp/pronto_msgs/msg/quadruped_force_torque_sensors__type_support.cpp.o[0m
[ 44%] [32mBuilding CXX object CMakeFiles/pronto_msgs__rosidl_typesupport_cpp.dir/rosidl_typesupport_cpp/pronto_msgs/msg/velocity_with_sigma_bounds__type_support.cpp.o[0m
[ 44%] [32mBuilding CXX object CMakeFiles/pronto_msgs__rosidl_typesupport_cpp.dir/rosidl_typesupport_cpp/pronto_msgs/msg/visual_odometry_update__type_support.cpp.o[0m
[ 45%] [32mBuilding CXX object CMakeFiles/pronto_msgs__rosidl_typesupport_cpp.dir/rosidl_typesupport_cpp/pronto_msgs/msg/gps_data__type_support.cpp.o[0m
[ 46%] [32mBuilding CXX object CMakeFiles/pronto_msgs__rosidl_typesupport_cpp.dir/rosidl_typesupport_cpp/pronto_msgs/msg/lidar_odometry_update__type_support.cpp.o[0m
[ 47%] [32mBuilding CXX object CMakeFiles/pronto_msgs__rosidl_typesupport_cpp.dir/rosidl_typesupport_cpp/pronto_msgs/msg/biped_force_torque_sensors__type_support.cpp.o[0m
[ 48%] [32m[1mLinking CXX shared library libpronto_msgs__rosidl_typesupport_introspection_cpp.so[0m
[ 48%] Built target pronto_msgs__rosidl_typesupport_introspection_cpp
[ 49%] [32m[1mLinking CXX shared library libpronto_msgs__rosidl_typesupport_fastrtps_cpp.so[0m
[ 49%] Built target pronto_msgs__rosidl_typesupport_fastrtps_cpp
[ 50%] [32m[1mLinking CXX shared library libpronto_msgs__rosidl_typesupport_cpp.so[0m
[ 50%] Built target pronto_msgs__rosidl_typesupport_cpp
[ 51%] [32mBuilding C object CMakeFiles/pronto_msgs__rosidl_typesupport_introspection_c.dir/rosidl_typesupport_introspection_c/pronto_msgs/msg/detail/filter_state__type_support.c.o[0m
[ 52%] [32mBuilding C object CMakeFiles/pronto_msgs__rosidl_typesupport_introspection_c.dir/rosidl_typesupport_introspection_c/pronto_msgs/msg/detail/indexed_measurement__type_support.c.o[0m
[ 53%] [32mBuilding C object CMakeFiles/pronto_msgs__rosidl_typesupport_introspection_c.dir/rosidl_typesupport_introspection_c/pronto_msgs/msg/detail/quadruped_stance__type_support.c.o[0m
[ 54%] [32mBuilding C object CMakeFiles/pronto_msgs__rosidl_typesupport_introspection_c.dir/rosidl_typesupport_introspection_c/pronto_msgs/msg/detail/controller_foot_contact__type_support.c.o[0m
[ 55%] [32mBuilding C object CMakeFiles/pronto_msgs__rosidl_typesupport_introspection_c.dir/rosidl_typesupport_introspection_c/pronto_msgs/msg/detail/quadruped_force_torque_sensors__type_support.c.o[0m
[ 56%] [32mBuilding C object CMakeFiles/pronto_msgs__rosidl_typesupport_introspection_c.dir/rosidl_typesupport_introspection_c/pronto_msgs/msg/detail/joint_state_with_acceleration__type_support.c.o[0m
[ 57%] [32mBuilding CXX object CMakeFiles/pronto_msgs__rosidl_typesupport_c.dir/rosidl_typesupport_c/pronto_msgs/msg/filter_state__type_support.cpp.o[0m
[ 57%] [32mBuilding C object CMakeFiles/pronto_msgs__rosidl_typesupport_introspection_c.dir/rosidl_typesupport_introspection_c/pronto_msgs/msg/detail/velocity_with_sigma_bounds__type_support.c.o[0m
[ 58%] [32mBuilding C object CMakeFiles/pronto_msgs__rosidl_typesupport_introspection_c.dir/rosidl_typesupport_introspection_c/pronto_msgs/msg/detail/visual_odometry_update__type_support.c.o[0m
[ 59%] [32mBuilding CXX object CMakeFiles/pronto_msgs__rosidl_typesupport_c.dir/rosidl_typesupport_c/pronto_msgs/msg/indexed_measurement__type_support.cpp.o[0m
[ 60%] [32mBuilding C object CMakeFiles/pronto_msgs__rosidl_typesupport_introspection_c.dir/rosidl_typesupport_introspection_c/pronto_msgs/msg/detail/gps_data__type_support.c.o[0m
[ 60%] [32mBuilding CXX object CMakeFiles/pronto_msgs__rosidl_typesupport_c.dir/rosidl_typesupport_c/pronto_msgs/msg/quadruped_stance__type_support.cpp.o[0m
[ 61%] [32mBuilding C object CMakeFiles/pronto_msgs__rosidl_typesupport_introspection_c.dir/rosidl_typesupport_introspection_c/pronto_msgs/msg/detail/lidar_odometry_update__type_support.c.o[0m
[ 62%] [32mBuilding CXX object CMakeFiles/pronto_msgs__rosidl_typesupport_fastrtps_c.dir/rosidl_typesupport_fastrtps_c/pronto_msgs/msg/detail/filter_state__type_support_c.cpp.o[0m
[ 63%] [32mBuilding CXX object CMakeFiles/pronto_msgs__rosidl_typesupport_c.dir/rosidl_typesupport_c/pronto_msgs/msg/joint_state_with_acceleration__type_support.cpp.o[0m
[ 64%] [32mBuilding C object CMakeFiles/pronto_msgs__rosidl_typesupport_introspection_c.dir/rosidl_typesupport_introspection_c/pronto_msgs/msg/detail/biped_force_torque_sensors__type_support.c.o[0m
[ 65%] [32mBuilding CXX object CMakeFiles/pronto_msgs__rosidl_typesupport_fastrtps_c.dir/rosidl_typesupport_fastrtps_c/pronto_msgs/msg/detail/quadruped_stance__type_support_c.cpp.o[0m
[ 66%] [32mBuilding CXX object CMakeFiles/pronto_msgs__rosidl_typesupport_fastrtps_c.dir/rosidl_typesupport_fastrtps_c/pronto_msgs/msg/detail/indexed_measurement__type_support_c.cpp.o[0m
[ 67%] [32mBuilding CXX object CMakeFiles/pronto_msgs__rosidl_typesupport_c.dir/rosidl_typesupport_c/pronto_msgs/msg/controller_foot_contact__type_support.cpp.o[0m
[ 68%] [32mBuilding CXX object CMakeFiles/pronto_msgs__rosidl_typesupport_fastrtps_c.dir/rosidl_typesupport_fastrtps_c/pronto_msgs/msg/detail/joint_state_with_acceleration__type_support_c.cpp.o[0m
[ 69%] [32mBuilding CXX object CMakeFiles/pronto_msgs__rosidl_typesupport_c.dir/rosidl_typesupport_c/pronto_msgs/msg/quadruped_force_torque_sensors__type_support.cpp.o[0m
[ 69%] [32mBuilding CXX object CMakeFiles/pronto_msgs__rosidl_typesupport_fastrtps_c.dir/rosidl_typesupport_fastrtps_c/pronto_msgs/msg/detail/controller_foot_contact__type_support_c.cpp.o[0m
[ 70%] [32mBuilding CXX object CMakeFiles/pronto_msgs__rosidl_typesupport_fastrtps_c.dir/rosidl_typesupport_fastrtps_c/pronto_msgs/msg/detail/quadruped_force_torque_sensors__type_support_c.cpp.o[0m
[ 71%] [32mBuilding CXX object CMakeFiles/pronto_msgs__rosidl_typesupport_c.dir/rosidl_typesupport_c/pronto_msgs/msg/visual_odometry_update__type_support.cpp.o[0m
[ 72%] [32mBuilding CXX object CMakeFiles/pronto_msgs__rosidl_typesupport_c.dir/rosidl_typesupport_c/pronto_msgs/msg/velocity_with_sigma_bounds__type_support.cpp.o[0m
[ 73%] [32mBuilding CXX object CMakeFiles/pronto_msgs__rosidl_typesupport_fastrtps_c.dir/rosidl_typesupport_fastrtps_c/pronto_msgs/msg/detail/velocity_with_sigma_bounds__type_support_c.cpp.o[0m
[ 74%] [32mBuilding CXX object CMakeFiles/pronto_msgs__rosidl_typesupport_fastrtps_c.dir/rosidl_typesupport_fastrtps_c/pronto_msgs/msg/detail/visual_odometry_update__type_support_c.cpp.o[0m
[ 75%] [32mBuilding CXX object CMakeFiles/pronto_msgs__rosidl_typesupport_c.dir/rosidl_typesupport_c/pronto_msgs/msg/gps_data__type_support.cpp.o[0m
[ 76%] [32m[1mLinking C shared library libpronto_msgs__rosidl_typesupport_introspection_c.so[0m
[ 77%] [32mBuilding CXX object CMakeFiles/pronto_msgs__rosidl_typesupport_c.dir/rosidl_typesupport_c/pronto_msgs/msg/lidar_odometry_update__type_support.cpp.o[0m
[ 78%] [32mBuilding CXX object CMakeFiles/pronto_msgs__rosidl_typesupport_fastrtps_c.dir/rosidl_typesupport_fastrtps_c/pronto_msgs/msg/detail/gps_data__type_support_c.cpp.o[0m
[ 79%] [32mBuilding CXX object CMakeFiles/pronto_msgs__rosidl_typesupport_c.dir/rosidl_typesupport_c/pronto_msgs/msg/biped_force_torque_sensors__type_support.cpp.o[0m
[ 80%] [32mBuilding CXX object CMakeFiles/pronto_msgs__rosidl_typesupport_fastrtps_c.dir/rosidl_typesupport_fastrtps_c/pronto_msgs/msg/detail/lidar_odometry_update__type_support_c.cpp.o[0m
[ 81%] [32mBuilding CXX object CMakeFiles/pronto_msgs__rosidl_typesupport_fastrtps_c.dir/rosidl_typesupport_fastrtps_c/pronto_msgs/msg/detail/biped_force_torque_sensors__type_support_c.cpp.o[0m
[ 81%] Built target pronto_msgs__rosidl_typesupport_introspection_c
[ 82%] [32m[1mLinking CXX shared library libpronto_msgs__rosidl_typesupport_c.so[0m
[ 82%] Built target pronto_msgs__rosidl_typesupport_c
[ 83%] [32m[1mLinking CXX shared library libpronto_msgs__rosidl_typesupport_fastrtps_c.so[0m
[ 83%] Built target pronto_msgs__rosidl_typesupport_fastrtps_c
[ 83%] Built target pronto_msgs
[ 84%] [34m[1mGenerating Python code for ROS interfaces[0m
[ 84%] Built target pronto_msgs__py
[ 85%] [32mBuilding C object CMakeFiles/pronto_msgs__rosidl_generator_py.dir/rosidl_generator_py/pronto_msgs/msg/_filter_state_s.c.o[0m
[ 85%] [32mBuilding C object CMakeFiles/pronto_msgs__rosidl_generator_py.dir/rosidl_generator_py/pronto_msgs/msg/_quadruped_force_torque_sensors_s.c.o[0m
[ 86%] [32mBuilding C object CMakeFiles/pronto_msgs__rosidl_generator_py.dir/rosidl_generator_py/pronto_msgs/msg/_quadruped_stance_s.c.o[0m
[ 87%] [32mBuilding C object CMakeFiles/pronto_msgs__rosidl_generator_py.dir/rosidl_generator_py/pronto_msgs/msg/_joint_state_with_acceleration_s.c.o[0m
[ 88%] [32mBuilding C object CMakeFiles/pronto_msgs__rosidl_generator_py.dir/rosidl_generator_py/pronto_msgs/msg/_velocity_with_sigma_bounds_s.c.o[0m
[ 89%] [32mBuilding C object CMakeFiles/pronto_msgs__rosidl_generator_py.dir/rosidl_generator_py/pronto_msgs/msg/_indexed_measurement_s.c.o[0m
[ 90%] [32mBuilding C object CMakeFiles/pronto_msgs__rosidl_generator_py.dir/rosidl_generator_py/pronto_msgs/msg/_visual_odometry_update_s.c.o[0m
[ 91%] [32mBuilding C object CMakeFiles/pronto_msgs__rosidl_generator_py.dir/rosidl_generator_py/pronto_msgs/msg/_controller_foot_contact_s.c.o[0m
[ 92%] [32mBuilding C object CMakeFiles/pronto_msgs__rosidl_generator_py.dir/rosidl_generator_py/pronto_msgs/msg/_gps_data_s.c.o[0m
[ 93%] [32mBuilding C object CMakeFiles/pronto_msgs__rosidl_generator_py.dir/rosidl_generator_py/pronto_msgs/msg/_lidar_odometry_update_s.c.o[0m
[ 94%] [32mBuilding C object CMakeFiles/pronto_msgs__rosidl_generator_py.dir/rosidl_generator_py/pronto_msgs/msg/_biped_force_torque_sensors_s.c.o[0m
[ 95%] [32m[1mLinking C shared library rosidl_generator_py/pronto_msgs/libpronto_msgs__rosidl_generator_py.so[0m
[ 95%] Built target pronto_msgs__rosidl_generator_py
[ 95%] [32mBuilding C object CMakeFiles/pronto_msgs__rosidl_typesupport_c__pyext.dir/rosidl_generator_py/pronto_msgs/_pronto_msgs_s.ep.rosidl_typesupport_c.c.o[0m
[ 96%] [32mBuilding C object CMakeFiles/pronto_msgs__rosidl_typesupport_fastrtps_c__pyext.dir/rosidl_generator_py/pronto_msgs/_pronto_msgs_s.ep.rosidl_typesupport_fastrtps_c.c.o[0m
[ 97%] [32mBuilding C object CMakeFiles/pronto_msgs__rosidl_typesupport_introspection_c__pyext.dir/rosidl_generator_py/pronto_msgs/_pronto_msgs_s.ep.rosidl_typesupport_introspection_c.c.o[0m
[ 98%] [32m[1mLinking C shared library rosidl_generator_py/pronto_msgs/pronto_msgs_s__rosidl_typesupport_c.cpython-310-x86_64-linux-gnu.so[0m
[ 99%] [32m[1mLinking C shared library rosidl_generator_py/pronto_msgs/pronto_msgs_s__rosidl_typesupport_fastrtps_c.cpython-310-x86_64-linux-gnu.so[0m
[100%] [32m[1mLinking C shared library rosidl_generator_py/pronto_msgs/pronto_msgs_s__rosidl_typesupport_introspection_c.cpython-310-x86_64-linux-gnu.so[0m
[100%] Built target pronto_msgs__rosidl_typesupport_c__pyext
[100%] Built target pronto_msgs__rosidl_typesupport_fastrtps_c__pyext
[100%] Built target pronto_msgs__rosidl_typesupport_introspection_c__pyext
-- Install configuration: "Release"
-- Execute custom install script
-- Symlinking: /home/ros/docker_pronto_ws/install/pronto_msgs/share/ament_index/resource_index/rosidl_interfaces/pronto_msgs
-- Symlinking: /home/ros/docker_pronto_ws/install/pronto_msgs/include/pronto_msgs/pronto_msgs/msg/biped_force_torque_sensors.h
-- Symlinking: /home/ros/docker_pronto_ws/install/pronto_msgs/include/pronto_msgs/pronto_msgs/msg/controller_foot_contact.h
-- Symlinking: /home/ros/docker_pronto_ws/install/pronto_msgs/include/pronto_msgs/pronto_msgs/msg/detail/biped_force_torque_sensors__functions.h
-- Symlinking: /home/ros/docker_pronto_ws/install/pronto_msgs/include/pronto_msgs/pronto_msgs/msg/detail/biped_force_torque_sensors__struct.h
-- Symlinking: /home/ros/docker_pronto_ws/install/pronto_msgs/include/pronto_msgs/pronto_msgs/msg/detail/biped_force_torque_sensors__type_support.h
-- Symlinking: /home/ros/docker_pronto_ws/install/pronto_msgs/include/pronto_msgs/pronto_msgs/msg/detail/controller_foot_contact__functions.h
-- Symlinking: /home/ros/docker_pronto_ws/install/pronto_msgs/include/pronto_msgs/pronto_msgs/msg/detail/controller_foot_contact__struct.h
-- Symlinking: /home/ros/docker_pronto_ws/install/pronto_msgs/include/pronto_msgs/pronto_msgs/msg/detail/controller_foot_contact__type_support.h
-- Symlinking: /home/ros/docker_pronto_ws/install/pronto_msgs/include/pronto_msgs/pronto_msgs/msg/detail/filter_state__functions.h
-- Symlinking: /home/ros/docker_pronto_ws/install/pronto_msgs/include/pronto_msgs/pronto_msgs/msg/detail/filter_state__struct.h
-- Symlinking: /home/ros/docker_pronto_ws/install/pronto_msgs/include/pronto_msgs/pronto_msgs/msg/detail/filter_state__type_support.h
-- Symlinking: /home/ros/docker_pronto_ws/install/pronto_msgs/include/pronto_msgs/pronto_msgs/msg/detail/gps_data__functions.h
-- Symlinking: /home/ros/docker_pronto_ws/install/pronto_msgs/include/pronto_msgs/pronto_msgs/msg/detail/gps_data__struct.h
-- Symlinking: /home/ros/docker_pronto_ws/install/pronto_msgs/include/pronto_msgs/pronto_msgs/msg/detail/gps_data__type_support.h
-- Symlinking: /home/ros/docker_pronto_ws/install/pronto_msgs/include/pronto_msgs/pronto_msgs/msg/detail/indexed_measurement__functions.h
-- Symlinking: /home/ros/docker_pronto_ws/install/pronto_msgs/include/pronto_msgs/pronto_msgs/msg/detail/indexed_measurement__struct.h
-- Symlinking: /home/ros/docker_pronto_ws/install/pronto_msgs/include/pronto_msgs/pronto_msgs/msg/detail/indexed_measurement__type_support.h
-- Symlinking: /home/ros/docker_pronto_ws/install/pronto_msgs/include/pronto_msgs/pronto_msgs/msg/detail/joint_state_with_acceleration__functions.h
-- Symlinking: /home/ros/docker_pronto_ws/install/pronto_msgs/include/pronto_msgs/pronto_msgs/msg/detail/joint_state_with_acceleration__struct.h
-- Symlinking: /home/ros/docker_pronto_ws/install/pronto_msgs/include/pronto_msgs/pronto_msgs/msg/detail/joint_state_with_acceleration__type_support.h
-- Symlinking: /home/ros/docker_pronto_ws/install/pronto_msgs/include/pronto_msgs/pronto_msgs/msg/detail/lidar_odometry_update__functions.h
-- Symlinking: /home/ros/docker_pronto_ws/install/pronto_msgs/include/pronto_msgs/pronto_msgs/msg/detail/lidar_odometry_update__struct.h
-- Symlinking: /home/ros/docker_pronto_ws/install/pronto_msgs/include/pronto_msgs/pronto_msgs/msg/detail/lidar_odometry_update__type_support.h
-- Symlinking: /home/ros/docker_pronto_ws/install/pronto_msgs/include/pronto_msgs/pronto_msgs/msg/detail/quadruped_force_torque_sensors__functions.h
-- Symlinking: /home/ros/docker_pronto_ws/install/pronto_msgs/include/pronto_msgs/pronto_msgs/msg/detail/quadruped_force_torque_sensors__struct.h
-- Symlinking: /home/ros/docker_pronto_ws/install/pronto_msgs/include/pronto_msgs/pronto_msgs/msg/detail/quadruped_force_torque_sensors__type_support.h
-- Symlinking: /home/ros/docker_pronto_ws/install/pronto_msgs/include/pronto_msgs/pronto_msgs/msg/detail/quadruped_stance__functions.h
-- Symlinking: /home/ros/docker_pronto_ws/install/pronto_msgs/include/pronto_msgs/pronto_msgs/msg/detail/quadruped_stance__struct.h
-- Symlinking: /home/ros/docker_pronto_ws/install/pronto_msgs/include/pronto_msgs/pronto_msgs/msg/detail/quadruped_stance__type_support.h
-- Symlinking: /home/ros/docker_pronto_ws/install/pronto_msgs/include/pronto_msgs/pronto_msgs/msg/detail/velocity_with_sigma_bounds__functions.h
-- Symlinking: /home/ros/docker_pronto_ws/install/pronto_msgs/include/pronto_msgs/pronto_msgs/msg/detail/velocity_with_sigma_bounds__struct.h
-- Symlinking: /home/ros/docker_pronto_ws/install/pronto_msgs/include/pronto_msgs/pronto_msgs/msg/detail/velocity_with_sigma_bounds__type_support.h
-- Symlinking: /home/ros/docker_pronto_ws/install/pronto_msgs/include/pronto_msgs/pronto_msgs/msg/detail/visual_odometry_update__functions.h
-- Symlinking: /home/ros/docker_pronto_ws/install/pronto_msgs/include/pronto_msgs/pronto_msgs/msg/detail/visual_odometry_update__struct.h
-- Symlinking: /home/ros/docker_pronto_ws/install/pronto_msgs/include/pronto_msgs/pronto_msgs/msg/detail/visual_odometry_update__type_support.h
-- Symlinking: /home/ros/docker_pronto_ws/install/pronto_msgs/include/pronto_msgs/pronto_msgs/msg/filter_state.h
-- Symlinking: /home/ros/docker_pronto_ws/install/pronto_msgs/include/pronto_msgs/pronto_msgs/msg/gps_data.h
-- Symlinking: /home/ros/docker_pronto_ws/install/pronto_msgs/include/pronto_msgs/pronto_msgs/msg/indexed_measurement.h
-- Symlinking: /home/ros/docker_pronto_ws/install/pronto_msgs/include/pronto_msgs/pronto_msgs/msg/joint_state_with_acceleration.h
-- Symlinking: /home/ros/docker_pronto_ws/install/pronto_msgs/include/pronto_msgs/pronto_msgs/msg/lidar_odometry_update.h
-- Symlinking: /home/ros/docker_pronto_ws/install/pronto_msgs/include/pronto_msgs/pronto_msgs/msg/quadruped_force_torque_sensors.h
-- Symlinking: /home/ros/docker_pronto_ws/install/pronto_msgs/include/pronto_msgs/pronto_msgs/msg/quadruped_stance.h
-- Symlinking: /home/ros/docker_pronto_ws/install/pronto_msgs/include/pronto_msgs/pronto_msgs/msg/rosidl_generator_c__visibility_control.h
-- Symlinking: /home/ros/docker_pronto_ws/install/pronto_msgs/include/pronto_msgs/pronto_msgs/msg/velocity_with_sigma_bounds.h
-- Symlinking: /home/ros/docker_pronto_ws/install/pronto_msgs/include/pronto_msgs/pronto_msgs/msg/visual_odometry_update.h
-- Symlinking: /home/ros/docker_pronto_ws/install/pronto_msgs/share/pronto_msgs/environment/library_path.sh
-- Symlinking: /home/ros/docker_pronto_ws/install/pronto_msgs/share/pronto_msgs/environment/library_path.dsv
-- Symlinking: /home/ros/docker_pronto_ws/install/pronto_msgs/include/pronto_msgs/pronto_msgs/msg/detail/biped_force_torque_sensors__rosidl_typesupport_fastrtps_c.h
-- Symlinking: /home/ros/docker_pronto_ws/install/pronto_msgs/include/pronto_msgs/pronto_msgs/msg/detail/controller_foot_contact__rosidl_typesupport_fastrtps_c.h
-- Symlinking: /home/ros/docker_pronto_ws/install/pronto_msgs/include/pronto_msgs/pronto_msgs/msg/detail/filter_state__rosidl_typesupport_fastrtps_c.h
-- Symlinking: /home/ros/docker_pronto_ws/install/pronto_msgs/include/pronto_msgs/pronto_msgs/msg/detail/gps_data__rosidl_typesupport_fastrtps_c.h
-- Symlinking: /home/ros/docker_pronto_ws/install/pronto_msgs/include/pronto_msgs/pronto_msgs/msg/detail/indexed_measurement__rosidl_typesupport_fastrtps_c.h
-- Symlinking: /home/ros/docker_pronto_ws/install/pronto_msgs/include/pronto_msgs/pronto_msgs/msg/detail/joint_state_with_acceleration__rosidl_typesupport_fastrtps_c.h
-- Symlinking: /home/ros/docker_pronto_ws/install/pronto_msgs/include/pronto_msgs/pronto_msgs/msg/detail/lidar_odometry_update__rosidl_typesupport_fastrtps_c.h
-- Symlinking: /home/ros/docker_pronto_ws/install/pronto_msgs/include/pronto_msgs/pronto_msgs/msg/detail/quadruped_force_torque_sensors__rosidl_typesupport_fastrtps_c.h
-- Symlinking: /home/ros/docker_pronto_ws/install/pronto_msgs/include/pronto_msgs/pronto_msgs/msg/detail/quadruped_stance__rosidl_typesupport_fastrtps_c.h
-- Symlinking: /home/ros/docker_pronto_ws/install/pronto_msgs/include/pronto_msgs/pronto_msgs/msg/detail/velocity_with_sigma_bounds__rosidl_typesupport_fastrtps_c.h
-- Symlinking: /home/ros/docker_pronto_ws/install/pronto_msgs/include/pronto_msgs/pronto_msgs/msg/detail/visual_odometry_update__rosidl_typesupport_fastrtps_c.h
-- Symlinking: /home/ros/docker_pronto_ws/install/pronto_msgs/include/pronto_msgs/pronto_msgs/msg/rosidl_typesupport_fastrtps_c__visibility_control.h
-- Symlinking: /home/ros/docker_pronto_ws/install/pronto_msgs/include/pronto_msgs/pronto_msgs/msg/biped_force_torque_sensors.hpp
-- Symlinking: /home/ros/docker_pronto_ws/install/pronto_msgs/include/pronto_msgs/pronto_msgs/msg/controller_foot_contact.hpp
-- Symlinking: /home/ros/docker_pronto_ws/install/pronto_msgs/include/pronto_msgs/pronto_msgs/msg/detail/biped_force_torque_sensors__builder.hpp
-- Symlinking: /home/ros/docker_pronto_ws/install/pronto_msgs/include/pronto_msgs/pronto_msgs/msg/detail/biped_force_torque_sensors__struct.hpp
-- Symlinking: /home/ros/docker_pronto_ws/install/pronto_msgs/include/pronto_msgs/pronto_msgs/msg/detail/biped_force_torque_sensors__traits.hpp
-- Symlinking: /home/ros/docker_pronto_ws/install/pronto_msgs/include/pronto_msgs/pronto_msgs/msg/detail/controller_foot_contact__builder.hpp
-- Symlinking: /home/ros/docker_pronto_ws/install/pronto_msgs/include/pronto_msgs/pronto_msgs/msg/detail/controller_foot_contact__struct.hpp
-- Symlinking: /home/ros/docker_pronto_ws/install/pronto_msgs/include/pronto_msgs/pronto_msgs/msg/detail/controller_foot_contact__traits.hpp
-- Symlinking: /home/ros/docker_pronto_ws/install/pronto_msgs/include/pronto_msgs/pronto_msgs/msg/detail/filter_state__builder.hpp
-- Symlinking: /home/ros/docker_pronto_ws/install/pronto_msgs/include/pronto_msgs/pronto_msgs/msg/detail/filter_state__struct.hpp
-- Symlinking: /home/ros/docker_pronto_ws/install/pronto_msgs/include/pronto_msgs/pronto_msgs/msg/detail/filter_state__traits.hpp
-- Symlinking: /home/ros/docker_pronto_ws/install/pronto_msgs/include/pronto_msgs/pronto_msgs/msg/detail/gps_data__builder.hpp
-- Symlinking: /home/ros/docker_pronto_ws/install/pronto_msgs/include/pronto_msgs/pronto_msgs/msg/detail/gps_data__struct.hpp
-- Symlinking: /home/ros/docker_pronto_ws/install/pronto_msgs/include/pronto_msgs/pronto_msgs/msg/detail/gps_data__traits.hpp
-- Symlinking: /home/ros/docker_pronto_ws/install/pronto_msgs/include/pronto_msgs/pronto_msgs/msg/detail/indexed_measurement__builder.hpp
-- Symlinking: /home/ros/docker_pronto_ws/install/pronto_msgs/include/pronto_msgs/pronto_msgs/msg/detail/indexed_measurement__struct.hpp
-- Symlinking: /home/ros/docker_pronto_ws/install/pronto_msgs/include/pronto_msgs/pronto_msgs/msg/detail/indexed_measurement__traits.hpp
-- Symlinking: /home/ros/docker_pronto_ws/install/pronto_msgs/include/pronto_msgs/pronto_msgs/msg/detail/joint_state_with_acceleration__builder.hpp
-- Symlinking: /home/ros/docker_pronto_ws/install/pronto_msgs/include/pronto_msgs/pronto_msgs/msg/detail/joint_state_with_acceleration__struct.hpp
-- Symlinking: /home/ros/docker_pronto_ws/install/pronto_msgs/include/pronto_msgs/pronto_msgs/msg/detail/joint_state_with_acceleration__traits.hpp
-- Symlinking: /home/ros/docker_pronto_ws/install/pronto_msgs/include/pronto_msgs/pronto_msgs/msg/detail/lidar_odometry_update__builder.hpp
-- Symlinking: /home/ros/docker_pronto_ws/install/pronto_msgs/include/pronto_msgs/pronto_msgs/msg/detail/lidar_odometry_update__struct.hpp
-- Symlinking: /home/ros/docker_pronto_ws/install/pronto_msgs/include/pronto_msgs/pronto_msgs/msg/detail/lidar_odometry_update__traits.hpp
-- Symlinking: /home/ros/docker_pronto_ws/install/pronto_msgs/include/pronto_msgs/pronto_msgs/msg/detail/quadruped_force_torque_sensors__builder.hpp
-- Symlinking: /home/ros/docker_pronto_ws/install/pronto_msgs/include/pronto_msgs/pronto_msgs/msg/detail/quadruped_force_torque_sensors__struct.hpp
-- Symlinking: /home/ros/docker_pronto_ws/install/pronto_msgs/include/pronto_msgs/pronto_msgs/msg/detail/quadruped_force_torque_sensors__traits.hpp
-- Symlinking: /home/ros/docker_pronto_ws/install/pronto_msgs/include/pronto_msgs/pronto_msgs/msg/detail/quadruped_stance__builder.hpp
-- Symlinking: /home/ros/docker_pronto_ws/install/pronto_msgs/include/pronto_msgs/pronto_msgs/msg/detail/quadruped_stance__struct.hpp
-- Symlinking: /home/ros/docker_pronto_ws/install/pronto_msgs/include/pronto_msgs/pronto_msgs/msg/detail/quadruped_stance__traits.hpp
-- Symlinking: /home/ros/docker_pronto_ws/install/pronto_msgs/include/pronto_msgs/pronto_msgs/msg/detail/velocity_with_sigma_bounds__builder.hpp
-- Symlinking: /home/ros/docker_pronto_ws/install/pronto_msgs/include/pronto_msgs/pronto_msgs/msg/detail/velocity_with_sigma_bounds__struct.hpp
-- Symlinking: /home/ros/docker_pronto_ws/install/pronto_msgs/include/pronto_msgs/pronto_msgs/msg/detail/velocity_with_sigma_bounds__traits.hpp
-- Symlinking: /home/ros/docker_pronto_ws/install/pronto_msgs/include/pronto_msgs/pronto_msgs/msg/detail/visual_odometry_update__builder.hpp
-- Symlinking: /home/ros/docker_pronto_ws/install/pronto_msgs/include/pronto_msgs/pronto_msgs/msg/detail/visual_odometry_update__struct.hpp
-- Symlinking: /home/ros/docker_pronto_ws/install/pronto_msgs/include/pronto_msgs/pronto_msgs/msg/detail/visual_odometry_update__traits.hpp
-- Symlinking: /home/ros/docker_pronto_ws/install/pronto_msgs/include/pronto_msgs/pronto_msgs/msg/filter_state.hpp
-- Symlinking: /home/ros/docker_pronto_ws/install/pronto_msgs/include/pronto_msgs/pronto_msgs/msg/gps_data.hpp
-- Symlinking: /home/ros/docker_pronto_ws/install/pronto_msgs/include/pronto_msgs/pronto_msgs/msg/indexed_measurement.hpp
-- Symlinking: /home/ros/docker_pronto_ws/install/pronto_msgs/include/pronto_msgs/pronto_msgs/msg/joint_state_with_acceleration.hpp
-- Symlinking: /home/ros/docker_pronto_ws/install/pronto_msgs/include/pronto_msgs/pronto_msgs/msg/lidar_odometry_update.hpp
-- Symlinking: /home/ros/docker_pronto_ws/install/pronto_msgs/include/pronto_msgs/pronto_msgs/msg/quadruped_force_torque_sensors.hpp
-- Symlinking: /home/ros/docker_pronto_ws/install/pronto_msgs/include/pronto_msgs/pronto_msgs/msg/quadruped_stance.hpp
-- Symlinking: /home/ros/docker_pronto_ws/install/pronto_msgs/include/pronto_msgs/pronto_msgs/msg/velocity_with_sigma_bounds.hpp
-- Symlinking: /home/ros/docker_pronto_ws/install/pronto_msgs/include/pronto_msgs/pronto_msgs/msg/visual_odometry_update.hpp
-- Symlinking: /home/ros/docker_pronto_ws/install/pronto_msgs/include/pronto_msgs/pronto_msgs/msg/detail/biped_force_torque_sensors__rosidl_typesupport_fastrtps_cpp.hpp
-- Symlinking: /home/ros/docker_pronto_ws/install/pronto_msgs/include/pronto_msgs/pronto_msgs/msg/detail/controller_foot_contact__rosidl_typesupport_fastrtps_cpp.hpp
-- Symlinking: /home/ros/docker_pronto_ws/install/pronto_msgs/include/pronto_msgs/pronto_msgs/msg/detail/filter_state__rosidl_typesupport_fastrtps_cpp.hpp
-- Symlinking: /home/ros/docker_pronto_ws/install/pronto_msgs/include/pronto_msgs/pronto_msgs/msg/detail/gps_data__rosidl_typesupport_fastrtps_cpp.hpp
-- Symlinking: /home/ros/docker_pronto_ws/install/pronto_msgs/include/pronto_msgs/pronto_msgs/msg/detail/indexed_measurement__rosidl_typesupport_fastrtps_cpp.hpp
-- Symlinking: /home/ros/docker_pronto_ws/install/pronto_msgs/include/pronto_msgs/pronto_msgs/msg/detail/joint_state_with_acceleration__rosidl_typesupport_fastrtps_cpp.hpp
-- Symlinking: /home/ros/docker_pronto_ws/install/pronto_msgs/include/pronto_msgs/pronto_msgs/msg/detail/lidar_odometry_update__rosidl_typesupport_fastrtps_cpp.hpp
-- Symlinking: /home/ros/docker_pronto_ws/install/pronto_msgs/include/pronto_msgs/pronto_msgs/msg/detail/quadruped_force_torque_sensors__rosidl_typesupport_fastrtps_cpp.hpp
-- Symlinking: /home/ros/docker_pronto_ws/install/pronto_msgs/include/pronto_msgs/pronto_msgs/msg/detail/quadruped_stance__rosidl_typesupport_fastrtps_cpp.hpp
-- Symlinking: /home/ros/docker_pronto_ws/install/pronto_msgs/include/pronto_msgs/pronto_msgs/msg/detail/velocity_with_sigma_bounds__rosidl_typesupport_fastrtps_cpp.hpp
-- Symlinking: /home/ros/docker_pronto_ws/install/pronto_msgs/include/pronto_msgs/pronto_msgs/msg/detail/visual_odometry_update__rosidl_typesupport_fastrtps_cpp.hpp
-- Symlinking: /home/ros/docker_pronto_ws/install/pronto_msgs/include/pronto_msgs/pronto_msgs/msg/rosidl_typesupport_fastrtps_cpp__visibility_control.h
-- Symlinking: /home/ros/docker_pronto_ws/install/pronto_msgs/include/pronto_msgs/pronto_msgs/msg/detail/biped_force_torque_sensors__rosidl_typesupport_introspection_c.h
-- Symlinking: /home/ros/docker_pronto_ws/install/pronto_msgs/include/pronto_msgs/pronto_msgs/msg/detail/controller_foot_contact__rosidl_typesupport_introspection_c.h
-- Symlinking: /home/ros/docker_pronto_ws/install/pronto_msgs/include/pronto_msgs/pronto_msgs/msg/detail/filter_state__rosidl_typesupport_introspection_c.h
-- Symlinking: /home/ros/docker_pronto_ws/install/pronto_msgs/include/pronto_msgs/pronto_msgs/msg/detail/gps_data__rosidl_typesupport_introspection_c.h
-- Symlinking: /home/ros/docker_pronto_ws/install/pronto_msgs/include/pronto_msgs/pronto_msgs/msg/detail/indexed_measurement__rosidl_typesupport_introspection_c.h
-- Symlinking: /home/ros/docker_pronto_ws/install/pronto_msgs/include/pronto_msgs/pronto_msgs/msg/detail/joint_state_with_acceleration__rosidl_typesupport_introspection_c.h
-- Symlinking: /home/ros/docker_pronto_ws/install/pronto_msgs/include/pronto_msgs/pronto_msgs/msg/detail/lidar_odometry_update__rosidl_typesupport_introspection_c.h
-- Symlinking: /home/ros/docker_pronto_ws/install/pronto_msgs/include/pronto_msgs/pronto_msgs/msg/detail/quadruped_force_torque_sensors__rosidl_typesupport_introspection_c.h
-- Symlinking: /home/ros/docker_pronto_ws/install/pronto_msgs/include/pronto_msgs/pronto_msgs/msg/detail/quadruped_stance__rosidl_typesupport_introspection_c.h
-- Symlinking: /home/ros/docker_pronto_ws/install/pronto_msgs/include/pronto_msgs/pronto_msgs/msg/detail/velocity_with_sigma_bounds__rosidl_typesupport_introspection_c.h
-- Symlinking: /home/ros/docker_pronto_ws/install/pronto_msgs/include/pronto_msgs/pronto_msgs/msg/detail/visual_odometry_update__rosidl_typesupport_introspection_c.h
-- Symlinking: /home/ros/docker_pronto_ws/install/pronto_msgs/include/pronto_msgs/pronto_msgs/msg/rosidl_typesupport_introspection_c__visibility_control.h
-- Symlinking: /home/ros/docker_pronto_ws/install/pronto_msgs/include/pronto_msgs/pronto_msgs/msg/detail/biped_force_torque_sensors__rosidl_typesupport_introspection_cpp.hpp
-- Symlinking: /home/ros/docker_pronto_ws/install/pronto_msgs/include/pronto_msgs/pronto_msgs/msg/detail/controller_foot_contact__rosidl_typesupport_introspection_cpp.hpp
-- Symlinking: /home/ros/docker_pronto_ws/install/pronto_msgs/include/pronto_msgs/pronto_msgs/msg/detail/filter_state__rosidl_typesupport_introspection_cpp.hpp
-- Symlinking: /home/ros/docker_pronto_ws/install/pronto_msgs/include/pronto_msgs/pronto_msgs/msg/detail/gps_data__rosidl_typesupport_introspection_cpp.hpp
-- Symlinking: /home/ros/docker_pronto_ws/install/pronto_msgs/include/pronto_msgs/pronto_msgs/msg/detail/indexed_measurement__rosidl_typesupport_introspection_cpp.hpp
-- Symlinking: /home/ros/docker_pronto_ws/install/pronto_msgs/include/pronto_msgs/pronto_msgs/msg/detail/joint_state_with_acceleration__rosidl_typesupport_introspection_cpp.hpp
-- Symlinking: /home/ros/docker_pronto_ws/install/pronto_msgs/include/pronto_msgs/pronto_msgs/msg/detail/lidar_odometry_update__rosidl_typesupport_introspection_cpp.hpp
-- Symlinking: /home/ros/docker_pronto_ws/install/pronto_msgs/include/pronto_msgs/pronto_msgs/msg/detail/quadruped_force_torque_sensors__rosidl_typesupport_introspection_cpp.hpp
-- Symlinking: /home/ros/docker_pronto_ws/install/pronto_msgs/include/pronto_msgs/pronto_msgs/msg/detail/quadruped_stance__rosidl_typesupport_introspection_cpp.hpp
-- Symlinking: /home/ros/docker_pronto_ws/install/pronto_msgs/include/pronto_msgs/pronto_msgs/msg/detail/velocity_with_sigma_bounds__rosidl_typesupport_introspection_cpp.hpp
-- Symlinking: /home/ros/docker_pronto_ws/install/pronto_msgs/include/pronto_msgs/pronto_msgs/msg/detail/visual_odometry_update__rosidl_typesupport_introspection_cpp.hpp
-- Symlinking: /home/ros/docker_pronto_ws/install/pronto_msgs/share/pronto_msgs/environment/pythonpath.sh
-- Symlinking: /home/ros/docker_pronto_ws/install/pronto_msgs/share/pronto_msgs/environment/pythonpath.dsv
-- Symlinking: /home/ros/docker_pronto_ws/install/pronto_msgs/local/lib/python3.10/dist-packages/pronto_msgs-0.3.0-py3.10.egg-info/PKG-INFO
-- Symlinking: /home/ros/docker_pronto_ws/install/pronto_msgs/local/lib/python3.10/dist-packages/pronto_msgs-0.3.0-py3.10.egg-info/SOURCES.txt
-- Symlinking: /home/ros/docker_pronto_ws/install/pronto_msgs/local/lib/python3.10/dist-packages/pronto_msgs-0.3.0-py3.10.egg-info/dependency_links.txt
-- Symlinking: /home/ros/docker_pronto_ws/install/pronto_msgs/local/lib/python3.10/dist-packages/pronto_msgs-0.3.0-py3.10.egg-info/top_level.txt
-- Symlinking: /home/ros/docker_pronto_ws/install/pronto_msgs/local/lib/python3.10/dist-packages/pronto_msgs/__init__.py
-- Symlinking: /home/ros/docker_pronto_ws/install/pronto_msgs/local/lib/python3.10/dist-packages/pronto_msgs/_pronto_msgs_s.ep.rosidl_typesupport_c.c
-- Symlinking: /home/ros/docker_pronto_ws/install/pronto_msgs/local/lib/python3.10/dist-packages/pronto_msgs/_pronto_msgs_s.ep.rosidl_typesupport_fastrtps_c.c
-- Symlinking: /home/ros/docker_pronto_ws/install/pronto_msgs/local/lib/python3.10/dist-packages/pronto_msgs/_pronto_msgs_s.ep.rosidl_typesupport_introspection_c.c
-- Symlinking: /home/ros/docker_pronto_ws/install/pronto_msgs/local/lib/python3.10/dist-packages/pronto_msgs/libpronto_msgs__rosidl_generator_py.so
-- Symlinking: /home/ros/docker_pronto_ws/install/pronto_msgs/local/lib/python3.10/dist-packages/pronto_msgs/msg/__init__.py
-- Symlinking: /home/ros/docker_pronto_ws/install/pronto_msgs/local/lib/python3.10/dist-packages/pronto_msgs/msg/_biped_force_torque_sensors.py
-- Symlinking: /home/ros/docker_pronto_ws/install/pronto_msgs/local/lib/python3.10/dist-packages/pronto_msgs/msg/_biped_force_torque_sensors_s.c
-- Symlinking: /home/ros/docker_pronto_ws/install/pronto_msgs/local/lib/python3.10/dist-packages/pronto_msgs/msg/_controller_foot_contact.py
-- Symlinking: /home/ros/docker_pronto_ws/install/pronto_msgs/local/lib/python3.10/dist-packages/pronto_msgs/msg/_controller_foot_contact_s.c
-- Symlinking: /home/ros/docker_pronto_ws/install/pronto_msgs/local/lib/python3.10/dist-packages/pronto_msgs/msg/_filter_state.py
-- Symlinking: /home/ros/docker_pronto_ws/install/pronto_msgs/local/lib/python3.10/dist-packages/pronto_msgs/msg/_filter_state_s.c
-- Symlinking: /home/ros/docker_pronto_ws/install/pronto_msgs/local/lib/python3.10/dist-packages/pronto_msgs/msg/_gps_data.py
-- Symlinking: /home/ros/docker_pronto_ws/install/pronto_msgs/local/lib/python3.10/dist-packages/pronto_msgs/msg/_gps_data_s.c
-- Symlinking: /home/ros/docker_pronto_ws/install/pronto_msgs/local/lib/python3.10/dist-packages/pronto_msgs/msg/_indexed_measurement.py
-- Symlinking: /home/ros/docker_pronto_ws/install/pronto_msgs/local/lib/python3.10/dist-packages/pronto_msgs/msg/_indexed_measurement_s.c
-- Symlinking: /home/ros/docker_pronto_ws/install/pronto_msgs/local/lib/python3.10/dist-packages/pronto_msgs/msg/_joint_state_with_acceleration.py
-- Symlinking: /home/ros/docker_pronto_ws/install/pronto_msgs/local/lib/python3.10/dist-packages/pronto_msgs/msg/_joint_state_with_acceleration_s.c
-- Symlinking: /home/ros/docker_pronto_ws/install/pronto_msgs/local/lib/python3.10/dist-packages/pronto_msgs/msg/_lidar_odometry_update.py
-- Symlinking: /home/ros/docker_pronto_ws/install/pronto_msgs/local/lib/python3.10/dist-packages/pronto_msgs/msg/_lidar_odometry_update_s.c
-- Symlinking: /home/ros/docker_pronto_ws/install/pronto_msgs/local/lib/python3.10/dist-packages/pronto_msgs/msg/_quadruped_force_torque_sensors.py
-- Symlinking: /home/ros/docker_pronto_ws/install/pronto_msgs/local/lib/python3.10/dist-packages/pronto_msgs/msg/_quadruped_force_torque_sensors_s.c
-- Symlinking: /home/ros/docker_pronto_ws/install/pronto_msgs/local/lib/python3.10/dist-packages/pronto_msgs/msg/_quadruped_stance.py
-- Symlinking: /home/ros/docker_pronto_ws/install/pronto_msgs/local/lib/python3.10/dist-packages/pronto_msgs/msg/_quadruped_stance_s.c
-- Symlinking: /home/ros/docker_pronto_ws/install/pronto_msgs/local/lib/python3.10/dist-packages/pronto_msgs/msg/_velocity_with_sigma_bounds.py
-- Symlinking: /home/ros/docker_pronto_ws/install/pronto_msgs/local/lib/python3.10/dist-packages/pronto_msgs/msg/_velocity_with_sigma_bounds_s.c
-- Symlinking: /home/ros/docker_pronto_ws/install/pronto_msgs/local/lib/python3.10/dist-packages/pronto_msgs/msg/_visual_odometry_update.py
-- Symlinking: /home/ros/docker_pronto_ws/install/pronto_msgs/local/lib/python3.10/dist-packages/pronto_msgs/msg/_visual_odometry_update_s.c
-- Symlinking: /home/ros/docker_pronto_ws/install/pronto_msgs/local/lib/python3.10/dist-packages/pronto_msgs/pronto_msgs_s__rosidl_typesupport_c.cpython-310-x86_64-linux-gnu.so
-- Symlinking: /home/ros/docker_pronto_ws/install/pronto_msgs/local/lib/python3.10/dist-packages/pronto_msgs/pronto_msgs_s__rosidl_typesupport_fastrtps_c.cpython-310-x86_64-linux-gnu.so
-- Symlinking: /home/ros/docker_pronto_ws/install/pronto_msgs/local/lib/python3.10/dist-packages/pronto_msgs/pronto_msgs_s__rosidl_typesupport_introspection_c.cpython-310-x86_64-linux-gnu.so
-- Up-to-date symlink: /home/ros/docker_pronto_ws/install/pronto_msgs/local/lib/python3.10/dist-packages/pronto_msgs/pronto_msgs_s__rosidl_typesupport_fastrtps_c.cpython-310-x86_64-linux-gnu.so
-- Up-to-date symlink: /home/ros/docker_pronto_ws/install/pronto_msgs/local/lib/python3.10/dist-packages/pronto_msgs/pronto_msgs_s__rosidl_typesupport_introspection_c.cpython-310-x86_64-linux-gnu.so
-- Up-to-date symlink: /home/ros/docker_pronto_ws/install/pronto_msgs/local/lib/python3.10/dist-packages/pronto_msgs/pronto_msgs_s__rosidl_typesupport_c.cpython-310-x86_64-linux-gnu.so
-- Symlinking: /home/ros/docker_pronto_ws/install/pronto_msgs/share/pronto_msgs/msg/FilterState.idl
-- Symlinking: /home/ros/docker_pronto_ws/install/pronto_msgs/share/pronto_msgs/msg/IndexedMeasurement.idl
-- Symlinking: /home/ros/docker_pronto_ws/install/pronto_msgs/share/pronto_msgs/msg/QuadrupedStance.idl
-- Symlinking: /home/ros/docker_pronto_ws/install/pronto_msgs/share/pronto_msgs/msg/JointStateWithAcceleration.idl
-- Symlinking: /home/ros/docker_pronto_ws/install/pronto_msgs/share/pronto_msgs/msg/ControllerFootContact.idl
-- Symlinking: /home/ros/docker_pronto_ws/install/pronto_msgs/share/pronto_msgs/msg/QuadrupedForceTorqueSensors.idl
-- Symlinking: /home/ros/docker_pronto_ws/install/pronto_msgs/share/pronto_msgs/msg/VelocityWithSigmaBounds.idl
-- Symlinking: /home/ros/docker_pronto_ws/install/pronto_msgs/share/pronto_msgs/msg/VisualOdometryUpdate.idl
-- Symlinking: /home/ros/docker_pronto_ws/install/pronto_msgs/share/pronto_msgs/msg/GPSData.idl
-- Symlinking: /home/ros/docker_pronto_ws/install/pronto_msgs/share/pronto_msgs/msg/LidarOdometryUpdate.idl
-- Symlinking: /home/ros/docker_pronto_ws/install/pronto_msgs/share/pronto_msgs/msg/BipedForceTorqueSensors.idl
-- Symlinking: /home/ros/docker_pronto_ws/install/pronto_msgs/share/pronto_msgs/msg/FilterState.msg
-- Symlinking: /home/ros/docker_pronto_ws/install/pronto_msgs/share/pronto_msgs/msg/IndexedMeasurement.msg
-- Symlinking: /home/ros/docker_pronto_ws/install/pronto_msgs/share/pronto_msgs/msg/QuadrupedStance.msg
-- Symlinking: /home/ros/docker_pronto_ws/install/pronto_msgs/share/pronto_msgs/msg/JointStateWithAcceleration.msg
-- Symlinking: /home/ros/docker_pronto_ws/install/pronto_msgs/share/pronto_msgs/msg/ControllerFootContact.msg
-- Symlinking: /home/ros/docker_pronto_ws/install/pronto_msgs/share/pronto_msgs/msg/QuadrupedForceTorqueSensors.msg
-- Symlinking: /home/ros/docker_pronto_ws/install/pronto_msgs/share/pronto_msgs/msg/VelocityWithSigmaBounds.msg
-- Symlinking: /home/ros/docker_pronto_ws/install/pronto_msgs/share/pronto_msgs/msg/VisualOdometryUpdate.msg
-- Symlinking: /home/ros/docker_pronto_ws/install/pronto_msgs/share/pronto_msgs/msg/GPSData.msg
-- Symlinking: /home/ros/docker_pronto_ws/install/pronto_msgs/share/pronto_msgs/msg/LidarOdometryUpdate.msg
-- Symlinking: /home/ros/docker_pronto_ws/install/pronto_msgs/share/pronto_msgs/msg/BipedForceTorqueSensors.msg
-- Symlinking: /home/ros/docker_pronto_ws/install/pronto_msgs/share/ament_index/resource_index/package_run_dependencies/pronto_msgs
-- Symlinking: /home/ros/docker_pronto_ws/install/pronto_msgs/share/ament_index/resource_index/parent_prefix_path/pronto_msgs
-- Symlinking: /home/ros/docker_pronto_ws/install/pronto_msgs/share/pronto_msgs/environment/ament_prefix_path.sh
-- Symlinking: /home/ros/docker_pronto_ws/install/pronto_msgs/share/pronto_msgs/environment/ament_prefix_path.dsv
-- Symlinking: /home/ros/docker_pronto_ws/install/pronto_msgs/share/pronto_msgs/environment/path.sh
-- Symlinking: /home/ros/docker_pronto_ws/install/pronto_msgs/share/pronto_msgs/environment/path.dsv
-- Symlinking: /home/ros/docker_pronto_ws/install/pronto_msgs/share/pronto_msgs/local_setup.bash
-- Symlinking: /home/ros/docker_pronto_ws/install/pronto_msgs/share/pronto_msgs/local_setup.sh
-- Symlinking: /home/ros/docker_pronto_ws/install/pronto_msgs/share/pronto_msgs/local_setup.zsh
-- Symlinking: /home/ros/docker_pronto_ws/install/pronto_msgs/share/pronto_msgs/local_setup.dsv
-- Symlinking: /home/ros/docker_pronto_ws/install/pronto_msgs/share/pronto_msgs/package.dsv
-- Symlinking: /home/ros/docker_pronto_ws/install/pronto_msgs/share/ament_index/resource_index/packages/pronto_msgs
-- Symlinking: /home/ros/docker_pronto_ws/install/pronto_msgs/share/pronto_msgs/cmake/rosidl_cmake-extras.cmake
-- Symlinking: /home/ros/docker_pronto_ws/install/pronto_msgs/share/pronto_msgs/cmake/ament_cmake_export_dependencies-extras.cmake
-- Symlinking: /home/ros/docker_pronto_ws/install/pronto_msgs/share/pronto_msgs/cmake/ament_cmake_export_include_directories-extras.cmake
-- Symlinking: /home/ros/docker_pronto_ws/install/pronto_msgs/share/pronto_msgs/cmake/ament_cmake_export_libraries-extras.cmake
-- Symlinking: /home/ros/docker_pronto_ws/install/pronto_msgs/share/pronto_msgs/cmake/ament_cmake_export_targets-extras.cmake
-- Symlinking: /home/ros/docker_pronto_ws/install/pronto_msgs/share/pronto_msgs/cmake/rosidl_cmake_export_typesupport_targets-extras.cmake
-- Symlinking: /home/ros/docker_pronto_ws/install/pronto_msgs/share/pronto_msgs/cmake/rosidl_cmake_export_typesupport_libraries-extras.cmake
-- Symlinking: /home/ros/docker_pronto_ws/install/pronto_msgs/share/pronto_msgs/cmake/pronto_msgsConfig.cmake
-- Symlinking: /home/ros/docker_pronto_ws/install/pronto_msgs/share/pronto_msgs/cmake/pronto_msgsConfig-version.cmake
-- Symlinking: /home/ros/docker_pronto_ws/install/pronto_msgs/share/pronto_msgs/package.xml
-- Installing: /home/ros/docker_pronto_ws/install/pronto_msgs/lib/libpronto_msgs__rosidl_generator_c.so
-- Set runtime path of "/home/ros/docker_pronto_ws/install/pronto_msgs/lib/libpronto_msgs__rosidl_generator_c.so" to ""
-- Installing: /home/ros/docker_pronto_ws/install/pronto_msgs/lib/libpronto_msgs__rosidl_typesupport_fastrtps_c.so
-- Set runtime path of "/home/ros/docker_pronto_ws/install/pronto_msgs/lib/libpronto_msgs__rosidl_typesupport_fastrtps_c.so" to ""
-- Installing: /home/ros/docker_pronto_ws/install/pronto_msgs/lib/libpronto_msgs__rosidl_typesupport_fastrtps_cpp.so
-- Set runtime path of "/home/ros/docker_pronto_ws/install/pronto_msgs/lib/libpronto_msgs__rosidl_typesupport_fastrtps_cpp.so" to ""
-- Installing: /home/ros/docker_pronto_ws/install/pronto_msgs/lib/libpronto_msgs__rosidl_typesupport_introspection_c.so
-- Set runtime path of "/home/ros/docker_pronto_ws/install/pronto_msgs/lib/libpronto_msgs__rosidl_typesupport_introspection_c.so" to ""
-- Installing: /home/ros/docker_pronto_ws/install/pronto_msgs/lib/libpronto_msgs__rosidl_typesupport_c.so
-- Set runtime path of "/home/ros/docker_pronto_ws/install/pronto_msgs/lib/libpronto_msgs__rosidl_typesupport_c.so" to ""
-- Installing: /home/ros/docker_pronto_ws/install/pronto_msgs/lib/libpronto_msgs__rosidl_typesupport_introspection_cpp.so
-- Set runtime path of "/home/ros/docker_pronto_ws/install/pronto_msgs/lib/libpronto_msgs__rosidl_typesupport_introspection_cpp.so" to ""
-- Installing: /home/ros/docker_pronto_ws/install/pronto_msgs/lib/libpronto_msgs__rosidl_typesupport_cpp.so
-- Set runtime path of "/home/ros/docker_pronto_ws/install/pronto_msgs/lib/libpronto_msgs__rosidl_typesupport_cpp.so" to ""
Listing '/home/ros/docker_pronto_ws/install/pronto_msgs/local/lib/python3.10/dist-packages/pronto_msgs'...
Compiling '/home/ros/docker_pronto_ws/install/pronto_msgs/local/lib/python3.10/dist-packages/pronto_msgs/__init__.py'...
Listing '/home/ros/docker_pronto_ws/install/pronto_msgs/local/lib/python3.10/dist-packages/pronto_msgs/msg'...
Compiling '/home/ros/docker_pronto_ws/install/pronto_msgs/local/lib/python3.10/dist-packages/pronto_msgs/msg/__init__.py'...
Compiling '/home/ros/docker_pronto_ws/install/pronto_msgs/local/lib/python3.10/dist-packages/pronto_msgs/msg/_biped_force_torque_sensors.py'...
Compiling '/home/ros/docker_pronto_ws/install/pronto_msgs/local/lib/python3.10/dist-packages/pronto_msgs/msg/_controller_foot_contact.py'...
Compiling '/home/ros/docker_pronto_ws/install/pronto_msgs/local/lib/python3.10/dist-packages/pronto_msgs/msg/_filter_state.py'...
Compiling '/home/ros/docker_pronto_ws/install/pronto_msgs/local/lib/python3.10/dist-packages/pronto_msgs/msg/_gps_data.py'...
Compiling '/home/ros/docker_pronto_ws/install/pronto_msgs/local/lib/python3.10/dist-packages/pronto_msgs/msg/_indexed_measurement.py'...
Compiling '/home/ros/docker_pronto_ws/install/pronto_msgs/local/lib/python3.10/dist-packages/pronto_msgs/msg/_joint_state_with_acceleration.py'...
Compiling '/home/ros/docker_pronto_ws/install/pronto_msgs/local/lib/python3.10/dist-packages/pronto_msgs/msg/_lidar_odometry_update.py'...
Compiling '/home/ros/docker_pronto_ws/install/pronto_msgs/local/lib/python3.10/dist-packages/pronto_msgs/msg/_quadruped_force_torque_sensors.py'...
Compiling '/home/ros/docker_pronto_ws/install/pronto_msgs/local/lib/python3.10/dist-packages/pronto_msgs/msg/_quadruped_stance.py'...
Compiling '/home/ros/docker_pronto_ws/install/pronto_msgs/local/lib/python3.10/dist-packages/pronto_msgs/msg/_velocity_with_sigma_bounds.py'...
Compiling '/home/ros/docker_pronto_ws/install/pronto_msgs/local/lib/python3.10/dist-packages/pronto_msgs/msg/_visual_odometry_update.py'...
-- Installing: /home/ros/docker_pronto_ws/install/pronto_msgs/lib/libpronto_msgs__rosidl_generator_py.so
-- Set runtime path of "/home/ros/docker_pronto_ws/install/pronto_msgs/lib/libpronto_msgs__rosidl_generator_py.so" to ""
-- Installing: /home/ros/docker_pronto_ws/install/pronto_msgs/share/pronto_msgs/cmake/export_pronto_msgs__rosidl_generator_cExport.cmake
-- Installing: /home/ros/docker_pronto_ws/install/pronto_msgs/share/pronto_msgs/cmake/export_pronto_msgs__rosidl_generator_cExport-release.cmake
-- Installing: /home/ros/docker_pronto_ws/install/pronto_msgs/share/pronto_msgs/cmake/export_pronto_msgs__rosidl_typesupport_fastrtps_cExport.cmake
-- Installing: /home/ros/docker_pronto_ws/install/pronto_msgs/share/pronto_msgs/cmake/export_pronto_msgs__rosidl_typesupport_fastrtps_cExport-release.cmake
-- Installing: /home/ros/docker_pronto_ws/install/pronto_msgs/share/pronto_msgs/cmake/export_pronto_msgs__rosidl_generator_cppExport.cmake
-- Installing: /home/ros/docker_pronto_ws/install/pronto_msgs/share/pronto_msgs/cmake/export_pronto_msgs__rosidl_typesupport_fastrtps_cppExport.cmake
-- Installing: /home/ros/docker_pronto_ws/install/pronto_msgs/share/pronto_msgs/cmake/export_pronto_msgs__rosidl_typesupport_fastrtps_cppExport-release.cmake
-- Installing: /home/ros/docker_pronto_ws/install/pronto_msgs/share/pronto_msgs/cmake/pronto_msgs__rosidl_typesupport_introspection_cExport.cmake
-- Installing: /home/ros/docker_pronto_ws/install/pronto_msgs/share/pronto_msgs/cmake/pronto_msgs__rosidl_typesupport_introspection_cExport-release.cmake
-- Installing: /home/ros/docker_pronto_ws/install/pronto_msgs/share/pronto_msgs/cmake/pronto_msgs__rosidl_typesupport_cExport.cmake
-- Installing: /home/ros/docker_pronto_ws/install/pronto_msgs/share/pronto_msgs/cmake/pronto_msgs__rosidl_typesupport_cExport-release.cmake
-- Installing: /home/ros/docker_pronto_ws/install/pronto_msgs/share/pronto_msgs/cmake/pronto_msgs__rosidl_typesupport_introspection_cppExport.cmake
-- Installing: /home/ros/docker_pronto_ws/install/pronto_msgs/share/pronto_msgs/cmake/pronto_msgs__rosidl_typesupport_introspection_cppExport-release.cmake
-- Installing: /home/ros/docker_pronto_ws/install/pronto_msgs/share/pronto_msgs/cmake/pronto_msgs__rosidl_typesupport_cppExport.cmake
-- Installing: /home/ros/docker_pronto_ws/install/pronto_msgs/share/pronto_msgs/cmake/pronto_msgs__rosidl_typesupport_cppExport-release.cmake
-- Installing: /home/ros/docker_pronto_ws/install/pronto_msgs/share/pronto_msgs/cmake/export_pronto_msgs__rosidl_generator_pyExport.cmake
-- Installing: /home/ros/docker_pronto_ws/install/pronto_msgs/share/pronto_msgs/cmake/export_pronto_msgs__rosidl_generator_pyExport-release.cmake
