[0.404s] Invoking command in '/home/ros/docker_pronto_ws/build/pronto_msgs': CMAKE_PREFIX_PATH=${CMAKE_PREFIX_PATH}:/home/ros/docker_pronto_ws/install/planners_python:/home/ros/docker_pronto_ws/install/logger_gazebo:/home/ros/docker_pronto_ws/install/terrain_estimator:/home/ros/docker_pronto_ws/install/pose_estimator:/opt/ros/humble /usr/bin/cmake /home/ros/docker_pronto_ws/src/pronto_msgs -DCMAKE_BUILD_TYPE=Release -DCMAKE_EXPORT_COMPILE_COMMANDS=ON -DAMENT_CMAKE_SYMLINK_INSTALL=1 -DCMAKE_INSTALL_PREFIX=/home/ros/docker_pronto_ws/install/pronto_msgs
[0.463s] -- The C compiler identification is GNU 11.4.0
[0.518s] -- The CXX compiler identification is GNU 11.4.0
[0.526s] -- Detecting C compiler ABI info
[0.591s] -- Detecting C compiler ABI info - done
[0.602s] -- Check for working C compiler: /usr/bin/cc - skipped
[0.602s] -- Detecting C compile features
[0.603s] -- Detecting C compile features - done
[0.605s] -- Detecting CXX compiler ABI info
[0.691s] -- Detecting CXX compiler ABI info - done
[0.700s] -- Check for working CXX compiler: /usr/bin/c++ - skipped
[0.700s] -- Detecting CXX compile features
[0.701s] -- Detecting CXX compile features - done
[0.704s] -- Found ament_cmake: 1.3.6 (/opt/ros/humble/share/ament_cmake/cmake)
[0.896s] -- Found Python3: /usr/bin/python3.10 (found version "3.10.12") found components: Interpreter 
[0.958s] -- Override CMake install command with custom implementation using symlinks instead of copying resources
[0.992s] -- Found builtin_interfaces: 1.2.1 (/opt/ros/humble/share/builtin_interfaces/cmake)
[1.031s] -- Found rosidl_generator_c: 3.1.5 (/opt/ros/humble/share/rosidl_generator_c/cmake)
[1.037s] -- Found rosidl_adapter: 3.1.5 (/opt/ros/humble/share/rosidl_adapter/cmake)
[1.045s] -- Found rosidl_generator_cpp: 3.1.5 (/opt/ros/humble/share/rosidl_generator_cpp/cmake)
[1.061s] -- Using all available rosidl_typesupport_c: rosidl_typesupport_fastrtps_c;rosidl_typesupport_introspection_c
[1.084s] -- Using all available rosidl_typesupport_cpp: rosidl_typesupport_fastrtps_cpp;rosidl_typesupport_introspection_cpp
[1.105s] -- Found rosidl_default_generators: 1.2.0 (/opt/ros/humble/share/rosidl_default_generators/cmake)
[1.135s] -- Found geometry_msgs: 4.2.3 (/opt/ros/humble/share/geometry_msgs/cmake)
[2.253s] -- Found ament_cmake_cppcheck: 0.12.9 (/opt/ros/humble/share/ament_cmake_cppcheck/cmake)
[2.253s] -- Found ament_cmake_cpplint: 0.12.9 (/opt/ros/humble/share/ament_cmake_cpplint/cmake)
[2.256s] -- Found ament_cmake_uncrustify: 0.12.9 (/opt/ros/humble/share/ament_cmake_uncrustify/cmake)
[2.262s] -- Found ament_cmake_ros: 0.10.0 (/opt/ros/humble/share/ament_cmake_ros/cmake)
[3.158s] -- Using all available rosidl_typesupport_c: rosidl_typesupport_fastrtps_c;rosidl_typesupport_introspection_c
[3.484s] -- Using all available rosidl_typesupport_cpp: rosidl_typesupport_fastrtps_cpp;rosidl_typesupport_introspection_cpp
[3.525s] -- Found PythonInterp: /usr/bin/python3 (found suitable version "3.10.12", minimum required is "3.6") 
[3.525s] -- Found python_cmake_module: 0.10.0 (/opt/ros/humble/share/python_cmake_module/cmake)
[3.578s] -- Found PythonLibs: /usr/lib/x86_64-linux-gnu/libpython3.10.so (found suitable version "3.10.12", minimum required is "3.5") 
[3.578s] -- Using PYTHON_EXECUTABLE: /usr/bin/python3
[3.578s] -- Using PYTHON_INCLUDE_DIRS: /usr/include/python3.10
[3.578s] -- Using PYTHON_LIBRARIES: /usr/lib/x86_64-linux-gnu/libpython3.10.so
[3.645s] -- Found PythonExtra: .so  
[3.824s] -- Found ament_cmake_flake8: 0.12.9 (/opt/ros/humble/share/ament_cmake_flake8/cmake)
[3.829s] -- Found ament_cmake_pep257: 0.12.9 (/opt/ros/humble/share/ament_cmake_pep257/cmake)
[3.846s] -- Configuring done
[3.936s] -- Generating done
[3.939s] -- Build files have been written to: /home/ros/docker_pronto_ws/build/pronto_msgs
[3.957s] Invoked command in '/home/ros/docker_pronto_ws/build/pronto_msgs' returned '0': CMAKE_PREFIX_PATH=${CMAKE_PREFIX_PATH}:/home/ros/docker_pronto_ws/install/planners_python:/home/ros/docker_pronto_ws/install/logger_gazebo:/home/ros/docker_pronto_ws/install/terrain_estimator:/home/ros/docker_pronto_ws/install/pose_estimator:/opt/ros/humble /usr/bin/cmake /home/ros/docker_pronto_ws/src/pronto_msgs -DCMAKE_BUILD_TYPE=Release -DCMAKE_EXPORT_COMPILE_COMMANDS=ON -DAMENT_CMAKE_SYMLINK_INSTALL=1 -DCMAKE_INSTALL_PREFIX=/home/ros/docker_pronto_ws/install/pronto_msgs
[3.958s] Invoking command in '/home/ros/docker_pronto_ws/build/pronto_msgs': CMAKE_PREFIX_PATH=${CMAKE_PREFIX_PATH}:/home/ros/docker_pronto_ws/install/planners_python:/home/ros/docker_pronto_ws/install/logger_gazebo:/home/ros/docker_pronto_ws/install/terrain_estimator:/home/ros/docker_pronto_ws/install/pose_estimator:/opt/ros/humble /usr/bin/cmake --build /home/ros/docker_pronto_ws/build/pronto_msgs -- -j16 -l16
[4.657s] [  1%] [34m[1mGenerating C code for ROS interfaces[0m
[4.657s] [  1%] [34m[1mGenerating C++ code for ROS interfaces[0m
[4.657s] [  1%] Built target ament_cmake_python_symlink_pronto_msgs
[5.214s] running egg_info
[5.215s] creating pronto_msgs.egg-info
[5.215s] writing pronto_msgs.egg-info/PKG-INFO
[5.215s] writing dependency_links to pronto_msgs.egg-info/dependency_links.txt
[5.216s] writing top-level names to pronto_msgs.egg-info/top_level.txt
[5.216s] writing manifest file 'pronto_msgs.egg-info/SOURCES.txt'
[5.218s] reading manifest file 'pronto_msgs.egg-info/SOURCES.txt'
[5.219s] writing manifest file 'pronto_msgs.egg-info/SOURCES.txt'
[5.364s] [  1%] Built target ament_cmake_python_build_pronto_msgs_egg
[7.500s] [  1%] Built target pronto_msgs__cpp
[7.593s] [  2%] [34m[1mGenerating C++ type support dispatch for ROS interfaces[0m
[7.673s] [  2%] [34m[1mGenerating C++ type support for eProsima Fast-RTPS[0m
[7.673s] [  3%] [34m[1mGenerating C++ introspection for ROS interfaces[0m
[9.647s] [  4%] [32mBuilding C object CMakeFiles/pronto_msgs__rosidl_generator_c.dir/rosidl_generator_c/pronto_msgs/msg/detail/filter_state__functions.c.o[0m
[9.669s] [  5%] [32mBuilding C object CMakeFiles/pronto_msgs__rosidl_generator_c.dir/rosidl_generator_c/pronto_msgs/msg/detail/indexed_measurement__functions.c.o[0m
[9.691s] [  6%] [32mBuilding C object CMakeFiles/pronto_msgs__rosidl_generator_c.dir/rosidl_generator_c/pronto_msgs/msg/detail/joint_state_with_acceleration__functions.c.o[0m
[9.708s] [  7%] [32mBuilding C object CMakeFiles/pronto_msgs__rosidl_generator_c.dir/rosidl_generator_c/pronto_msgs/msg/detail/quadruped_stance__functions.c.o[0m
[9.730s] [  8%] [32mBuilding C object CMakeFiles/pronto_msgs__rosidl_generator_c.dir/rosidl_generator_c/pronto_msgs/msg/detail/controller_foot_contact__functions.c.o[0m
[9.832s] [  9%] [32mBuilding C object CMakeFiles/pronto_msgs__rosidl_generator_c.dir/rosidl_generator_c/pronto_msgs/msg/detail/quadruped_force_torque_sensors__functions.c.o[0m
[9.832s] [ 10%] [32mBuilding C object CMakeFiles/pronto_msgs__rosidl_generator_c.dir/rosidl_generator_c/pronto_msgs/msg/detail/velocity_with_sigma_bounds__functions.c.o[0m
[9.832s] [ 10%] [32mBuilding C object CMakeFiles/pronto_msgs__rosidl_generator_c.dir/rosidl_generator_c/pronto_msgs/msg/detail/visual_odometry_update__functions.c.o[0m
[9.858s] [ 11%] [32mBuilding C object CMakeFiles/pronto_msgs__rosidl_generator_c.dir/rosidl_generator_c/pronto_msgs/msg/detail/gps_data__functions.c.o[0m
[9.915s] [ 12%] [32mBuilding C object CMakeFiles/pronto_msgs__rosidl_generator_c.dir/rosidl_generator_c/pronto_msgs/msg/detail/lidar_odometry_update__functions.c.o[0m
[10.011s] [ 13%] [32mBuilding C object CMakeFiles/pronto_msgs__rosidl_generator_c.dir/rosidl_generator_c/pronto_msgs/msg/detail/biped_force_torque_sensors__functions.c.o[0m
[10.290s] [ 14%] [32mBuilding CXX object CMakeFiles/pronto_msgs__rosidl_typesupport_introspection_cpp.dir/rosidl_typesupport_introspection_cpp/pronto_msgs/msg/detail/filter_state__type_support.cpp.o[0m
[10.301s] [ 15%] [32mBuilding CXX object CMakeFiles/pronto_msgs__rosidl_typesupport_fastrtps_cpp.dir/rosidl_typesupport_fastrtps_cpp/pronto_msgs/msg/detail/dds_fastrtps/filter_state__type_support.cpp.o[0m
[10.327s] [ 16%] [32mBuilding CXX object CMakeFiles/pronto_msgs__rosidl_typesupport_introspection_cpp.dir/rosidl_typesupport_introspection_cpp/pronto_msgs/msg/detail/quadruped_stance__type_support.cpp.o[0m
[10.339s] [ 17%] [32mBuilding CXX object CMakeFiles/pronto_msgs__rosidl_typesupport_fastrtps_cpp.dir/rosidl_typesupport_fastrtps_cpp/pronto_msgs/msg/detail/dds_fastrtps/indexed_measurement__type_support.cpp.o[0m
[10.340s] [ 18%] [32mBuilding CXX object CMakeFiles/pronto_msgs__rosidl_typesupport_introspection_cpp.dir/rosidl_typesupport_introspection_cpp/pronto_msgs/msg/detail/joint_state_with_acceleration__type_support.cpp.o[0m
[10.340s] [ 19%] [32m[1mLinking C shared library libpronto_msgs__rosidl_generator_c.so[0m
[10.341s] [ 19%] [32mBuilding CXX object CMakeFiles/pronto_msgs__rosidl_typesupport_introspection_cpp.dir/rosidl_typesupport_introspection_cpp/pronto_msgs/msg/detail/indexed_measurement__type_support.cpp.o[0m
[10.359s] [ 20%] [32mBuilding CXX object CMakeFiles/pronto_msgs__rosidl_typesupport_fastrtps_cpp.dir/rosidl_typesupport_fastrtps_cpp/pronto_msgs/msg/detail/dds_fastrtps/quadruped_stance__type_support.cpp.o[0m
[10.380s] [ 21%] [32mBuilding CXX object CMakeFiles/pronto_msgs__rosidl_typesupport_introspection_cpp.dir/rosidl_typesupport_introspection_cpp/pronto_msgs/msg/detail/controller_foot_contact__type_support.cpp.o[0m
[10.396s] [ 22%] [32mBuilding CXX object CMakeFiles/pronto_msgs__rosidl_typesupport_introspection_cpp.dir/rosidl_typesupport_introspection_cpp/pronto_msgs/msg/detail/quadruped_force_torque_sensors__type_support.cpp.o[0m
[10.396s] [ 23%] [32mBuilding CXX object CMakeFiles/pronto_msgs__rosidl_typesupport_fastrtps_cpp.dir/rosidl_typesupport_fastrtps_cpp/pronto_msgs/msg/detail/dds_fastrtps/joint_state_with_acceleration__type_support.cpp.o[0m
[10.452s] [ 24%] [32mBuilding CXX object CMakeFiles/pronto_msgs__rosidl_typesupport_introspection_cpp.dir/rosidl_typesupport_introspection_cpp/pronto_msgs/msg/detail/velocity_with_sigma_bounds__type_support.cpp.o[0m
[10.471s] [ 25%] [32mBuilding CXX object CMakeFiles/pronto_msgs__rosidl_typesupport_fastrtps_cpp.dir/rosidl_typesupport_fastrtps_cpp/pronto_msgs/msg/detail/dds_fastrtps/quadruped_force_torque_sensors__type_support.cpp.o[0m
[10.476s] [ 26%] [32mBuilding CXX object CMakeFiles/pronto_msgs__rosidl_typesupport_fastrtps_cpp.dir/rosidl_typesupport_fastrtps_cpp/pronto_msgs/msg/detail/dds_fastrtps/controller_foot_contact__type_support.cpp.o[0m
[10.509s] [ 27%] [32mBuilding CXX object CMakeFiles/pronto_msgs__rosidl_typesupport_introspection_cpp.dir/rosidl_typesupport_introspection_cpp/pronto_msgs/msg/detail/visual_odometry_update__type_support.cpp.o[0m
[10.532s] [ 27%] Built target pronto_msgs__rosidl_generator_c
[10.624s] [ 28%] [32mBuilding CXX object CMakeFiles/pronto_msgs__rosidl_typesupport_cpp.dir/rosidl_typesupport_cpp/pronto_msgs/msg/filter_state__type_support.cpp.o[0m
[10.655s] [ 29%] [34m[1mGenerating C type support for eProsima Fast-RTPS[0m
[11.236s] [ 30%] [32mBuilding CXX object CMakeFiles/pronto_msgs__rosidl_typesupport_fastrtps_cpp.dir/rosidl_typesupport_fastrtps_cpp/pronto_msgs/msg/detail/dds_fastrtps/velocity_with_sigma_bounds__type_support.cpp.o[0m
[11.261s] [ 31%] [32mBuilding CXX object CMakeFiles/pronto_msgs__rosidl_typesupport_introspection_cpp.dir/rosidl_typesupport_introspection_cpp/pronto_msgs/msg/detail/gps_data__type_support.cpp.o[0m
[11.371s] [ 32%] [32mBuilding CXX object CMakeFiles/pronto_msgs__rosidl_typesupport_fastrtps_cpp.dir/rosidl_typesupport_fastrtps_cpp/pronto_msgs/msg/detail/dds_fastrtps/visual_odometry_update__type_support.cpp.o[0m
[11.390s] [ 33%] [32mBuilding CXX object CMakeFiles/pronto_msgs__rosidl_typesupport_introspection_cpp.dir/rosidl_typesupport_introspection_cpp/pronto_msgs/msg/detail/lidar_odometry_update__type_support.cpp.o[0m
[11.427s] [ 34%] [32mBuilding CXX object CMakeFiles/pronto_msgs__rosidl_typesupport_cpp.dir/rosidl_typesupport_cpp/pronto_msgs/msg/indexed_measurement__type_support.cpp.o[0m
[11.428s] [ 35%] [32mBuilding CXX object CMakeFiles/pronto_msgs__rosidl_typesupport_fastrtps_cpp.dir/rosidl_typesupport_fastrtps_cpp/pronto_msgs/msg/detail/dds_fastrtps/gps_data__type_support.cpp.o[0m
[11.436s] [ 36%] [32mBuilding CXX object CMakeFiles/pronto_msgs__rosidl_typesupport_introspection_cpp.dir/rosidl_typesupport_introspection_cpp/pronto_msgs/msg/detail/biped_force_torque_sensors__type_support.cpp.o[0m
[11.622s] [ 37%] [32mBuilding CXX object CMakeFiles/pronto_msgs__rosidl_typesupport_cpp.dir/rosidl_typesupport_cpp/pronto_msgs/msg/quadruped_stance__type_support.cpp.o[0m
[11.655s] [ 37%] [32mBuilding CXX object CMakeFiles/pronto_msgs__rosidl_typesupport_fastrtps_cpp.dir/rosidl_typesupport_fastrtps_cpp/pronto_msgs/msg/detail/dds_fastrtps/lidar_odometry_update__type_support.cpp.o[0m
[11.675s] [ 38%] [32mBuilding CXX object CMakeFiles/pronto_msgs__rosidl_typesupport_fastrtps_cpp.dir/rosidl_typesupport_fastrtps_cpp/pronto_msgs/msg/detail/dds_fastrtps/biped_force_torque_sensors__type_support.cpp.o[0m
[11.677s] [ 39%] [32mBuilding CXX object CMakeFiles/pronto_msgs__rosidl_typesupport_cpp.dir/rosidl_typesupport_cpp/pronto_msgs/msg/joint_state_with_acceleration__type_support.cpp.o[0m
[11.754s] [ 40%] [34m[1mGenerating C introspection for ROS interfaces[0m
[11.921s] [ 41%] [34m[1mGenerating C type support dispatch for ROS interfaces[0m
[11.946s] [ 42%] [32mBuilding CXX object CMakeFiles/pronto_msgs__rosidl_typesupport_cpp.dir/rosidl_typesupport_cpp/pronto_msgs/msg/controller_foot_contact__type_support.cpp.o[0m
[12.011s] [ 43%] [32mBuilding CXX object CMakeFiles/pronto_msgs__rosidl_typesupport_cpp.dir/rosidl_typesupport_cpp/pronto_msgs/msg/quadruped_force_torque_sensors__type_support.cpp.o[0m
[12.058s] [ 44%] [32mBuilding CXX object CMakeFiles/pronto_msgs__rosidl_typesupport_cpp.dir/rosidl_typesupport_cpp/pronto_msgs/msg/velocity_with_sigma_bounds__type_support.cpp.o[0m
[12.232s] [ 44%] [32mBuilding CXX object CMakeFiles/pronto_msgs__rosidl_typesupport_cpp.dir/rosidl_typesupport_cpp/pronto_msgs/msg/visual_odometry_update__type_support.cpp.o[0m
[12.291s] [ 45%] [32mBuilding CXX object CMakeFiles/pronto_msgs__rosidl_typesupport_cpp.dir/rosidl_typesupport_cpp/pronto_msgs/msg/gps_data__type_support.cpp.o[0m
[12.339s] [ 46%] [32mBuilding CXX object CMakeFiles/pronto_msgs__rosidl_typesupport_cpp.dir/rosidl_typesupport_cpp/pronto_msgs/msg/lidar_odometry_update__type_support.cpp.o[0m
[12.369s] [ 47%] [32mBuilding CXX object CMakeFiles/pronto_msgs__rosidl_typesupport_cpp.dir/rosidl_typesupport_cpp/pronto_msgs/msg/biped_force_torque_sensors__type_support.cpp.o[0m
[12.596s] [ 48%] [32m[1mLinking CXX shared library libpronto_msgs__rosidl_typesupport_introspection_cpp.so[0m
[12.837s] [ 48%] Built target pronto_msgs__rosidl_typesupport_introspection_cpp
[12.837s] [ 49%] [32m[1mLinking CXX shared library libpronto_msgs__rosidl_typesupport_fastrtps_cpp.so[0m
[13.053s] [ 49%] Built target pronto_msgs__rosidl_typesupport_fastrtps_cpp
[13.121s] [ 50%] [32m[1mLinking CXX shared library libpronto_msgs__rosidl_typesupport_cpp.so[0m
[13.265s] [ 50%] Built target pronto_msgs__rosidl_typesupport_cpp
[13.346s] [ 51%] [32mBuilding C object CMakeFiles/pronto_msgs__rosidl_typesupport_introspection_c.dir/rosidl_typesupport_introspection_c/pronto_msgs/msg/detail/filter_state__type_support.c.o[0m
[13.350s] [ 52%] [32mBuilding C object CMakeFiles/pronto_msgs__rosidl_typesupport_introspection_c.dir/rosidl_typesupport_introspection_c/pronto_msgs/msg/detail/indexed_measurement__type_support.c.o[0m
[13.391s] [ 53%] [32mBuilding C object CMakeFiles/pronto_msgs__rosidl_typesupport_introspection_c.dir/rosidl_typesupport_introspection_c/pronto_msgs/msg/detail/quadruped_stance__type_support.c.o[0m
[13.391s] [ 54%] [32mBuilding C object CMakeFiles/pronto_msgs__rosidl_typesupport_introspection_c.dir/rosidl_typesupport_introspection_c/pronto_msgs/msg/detail/controller_foot_contact__type_support.c.o[0m
[13.402s] [ 55%] [32mBuilding C object CMakeFiles/pronto_msgs__rosidl_typesupport_introspection_c.dir/rosidl_typesupport_introspection_c/pronto_msgs/msg/detail/quadruped_force_torque_sensors__type_support.c.o[0m
[13.415s] [ 56%] [32mBuilding C object CMakeFiles/pronto_msgs__rosidl_typesupport_introspection_c.dir/rosidl_typesupport_introspection_c/pronto_msgs/msg/detail/joint_state_with_acceleration__type_support.c.o[0m
[13.460s] [ 57%] [32mBuilding CXX object CMakeFiles/pronto_msgs__rosidl_typesupport_c.dir/rosidl_typesupport_c/pronto_msgs/msg/filter_state__type_support.cpp.o[0m
[13.460s] [ 57%] [32mBuilding C object CMakeFiles/pronto_msgs__rosidl_typesupport_introspection_c.dir/rosidl_typesupport_introspection_c/pronto_msgs/msg/detail/velocity_with_sigma_bounds__type_support.c.o[0m
[13.461s] [ 58%] [32mBuilding C object CMakeFiles/pronto_msgs__rosidl_typesupport_introspection_c.dir/rosidl_typesupport_introspection_c/pronto_msgs/msg/detail/visual_odometry_update__type_support.c.o[0m
[13.461s] [ 59%] [32mBuilding CXX object CMakeFiles/pronto_msgs__rosidl_typesupport_c.dir/rosidl_typesupport_c/pronto_msgs/msg/indexed_measurement__type_support.cpp.o[0m
[13.463s] [ 60%] [32mBuilding C object CMakeFiles/pronto_msgs__rosidl_typesupport_introspection_c.dir/rosidl_typesupport_introspection_c/pronto_msgs/msg/detail/gps_data__type_support.c.o[0m
[13.466s] [ 60%] [32mBuilding CXX object CMakeFiles/pronto_msgs__rosidl_typesupport_c.dir/rosidl_typesupport_c/pronto_msgs/msg/quadruped_stance__type_support.cpp.o[0m
[13.480s] [ 61%] [32mBuilding C object CMakeFiles/pronto_msgs__rosidl_typesupport_introspection_c.dir/rosidl_typesupport_introspection_c/pronto_msgs/msg/detail/lidar_odometry_update__type_support.c.o[0m
[13.485s] [ 62%] [32mBuilding CXX object CMakeFiles/pronto_msgs__rosidl_typesupport_fastrtps_c.dir/rosidl_typesupport_fastrtps_c/pronto_msgs/msg/detail/filter_state__type_support_c.cpp.o[0m
[13.507s] [ 63%] [32mBuilding CXX object CMakeFiles/pronto_msgs__rosidl_typesupport_c.dir/rosidl_typesupport_c/pronto_msgs/msg/joint_state_with_acceleration__type_support.cpp.o[0m
[13.508s] [ 64%] [32mBuilding C object CMakeFiles/pronto_msgs__rosidl_typesupport_introspection_c.dir/rosidl_typesupport_introspection_c/pronto_msgs/msg/detail/biped_force_torque_sensors__type_support.c.o[0m
[13.531s] [ 65%] [32mBuilding CXX object CMakeFiles/pronto_msgs__rosidl_typesupport_fastrtps_c.dir/rosidl_typesupport_fastrtps_c/pronto_msgs/msg/detail/quadruped_stance__type_support_c.cpp.o[0m
[13.544s] [ 66%] [32mBuilding CXX object CMakeFiles/pronto_msgs__rosidl_typesupport_fastrtps_c.dir/rosidl_typesupport_fastrtps_c/pronto_msgs/msg/detail/indexed_measurement__type_support_c.cpp.o[0m
[13.546s] [ 67%] [32mBuilding CXX object CMakeFiles/pronto_msgs__rosidl_typesupport_c.dir/rosidl_typesupport_c/pronto_msgs/msg/controller_foot_contact__type_support.cpp.o[0m
[13.561s] [ 68%] [32mBuilding CXX object CMakeFiles/pronto_msgs__rosidl_typesupport_fastrtps_c.dir/rosidl_typesupport_fastrtps_c/pronto_msgs/msg/detail/joint_state_with_acceleration__type_support_c.cpp.o[0m
[13.595s] [ 69%] [32mBuilding CXX object CMakeFiles/pronto_msgs__rosidl_typesupport_c.dir/rosidl_typesupport_c/pronto_msgs/msg/quadruped_force_torque_sensors__type_support.cpp.o[0m
[13.609s] [ 69%] [32mBuilding CXX object CMakeFiles/pronto_msgs__rosidl_typesupport_fastrtps_c.dir/rosidl_typesupport_fastrtps_c/pronto_msgs/msg/detail/controller_foot_contact__type_support_c.cpp.o[0m
[13.625s] [ 70%] [32mBuilding CXX object CMakeFiles/pronto_msgs__rosidl_typesupport_fastrtps_c.dir/rosidl_typesupport_fastrtps_c/pronto_msgs/msg/detail/quadruped_force_torque_sensors__type_support_c.cpp.o[0m
[13.641s] [ 71%] [32mBuilding CXX object CMakeFiles/pronto_msgs__rosidl_typesupport_c.dir/rosidl_typesupport_c/pronto_msgs/msg/visual_odometry_update__type_support.cpp.o[0m
[13.656s] [ 72%] [32mBuilding CXX object CMakeFiles/pronto_msgs__rosidl_typesupport_c.dir/rosidl_typesupport_c/pronto_msgs/msg/velocity_with_sigma_bounds__type_support.cpp.o[0m
[13.677s] [ 73%] [32mBuilding CXX object CMakeFiles/pronto_msgs__rosidl_typesupport_fastrtps_c.dir/rosidl_typesupport_fastrtps_c/pronto_msgs/msg/detail/velocity_with_sigma_bounds__type_support_c.cpp.o[0m
[13.685s] [ 74%] [32mBuilding CXX object CMakeFiles/pronto_msgs__rosidl_typesupport_fastrtps_c.dir/rosidl_typesupport_fastrtps_c/pronto_msgs/msg/detail/visual_odometry_update__type_support_c.cpp.o[0m
[13.693s] [ 75%] [32mBuilding CXX object CMakeFiles/pronto_msgs__rosidl_typesupport_c.dir/rosidl_typesupport_c/pronto_msgs/msg/gps_data__type_support.cpp.o[0m
[13.704s] [ 76%] [32m[1mLinking C shared library libpronto_msgs__rosidl_typesupport_introspection_c.so[0m
[13.715s] [ 77%] [32mBuilding CXX object CMakeFiles/pronto_msgs__rosidl_typesupport_c.dir/rosidl_typesupport_c/pronto_msgs/msg/lidar_odometry_update__type_support.cpp.o[0m
[13.722s] [ 78%] [32mBuilding CXX object CMakeFiles/pronto_msgs__rosidl_typesupport_fastrtps_c.dir/rosidl_typesupport_fastrtps_c/pronto_msgs/msg/detail/gps_data__type_support_c.cpp.o[0m
[13.733s] [ 79%] [32mBuilding CXX object CMakeFiles/pronto_msgs__rosidl_typesupport_c.dir/rosidl_typesupport_c/pronto_msgs/msg/biped_force_torque_sensors__type_support.cpp.o[0m
[13.794s] [ 80%] [32mBuilding CXX object CMakeFiles/pronto_msgs__rosidl_typesupport_fastrtps_c.dir/rosidl_typesupport_fastrtps_c/pronto_msgs/msg/detail/lidar_odometry_update__type_support_c.cpp.o[0m
[13.802s] [ 81%] [32mBuilding CXX object CMakeFiles/pronto_msgs__rosidl_typesupport_fastrtps_c.dir/rosidl_typesupport_fastrtps_c/pronto_msgs/msg/detail/biped_force_torque_sensors__type_support_c.cpp.o[0m
[13.888s] [ 81%] Built target pronto_msgs__rosidl_typesupport_introspection_c
[13.889s] [ 82%] [32m[1mLinking CXX shared library libpronto_msgs__rosidl_typesupport_c.so[0m
[14.091s] [ 82%] Built target pronto_msgs__rosidl_typesupport_c
[14.673s] [ 83%] [32m[1mLinking CXX shared library libpronto_msgs__rosidl_typesupport_fastrtps_c.so[0m
[14.804s] [ 83%] Built target pronto_msgs__rosidl_typesupport_fastrtps_c
[14.839s] [ 83%] Built target pronto_msgs
[14.875s] [ 84%] [34m[1mGenerating Python code for ROS interfaces[0m
[17.021s] [ 84%] Built target pronto_msgs__py
[17.060s] [ 85%] [32mBuilding C object CMakeFiles/pronto_msgs__rosidl_generator_py.dir/rosidl_generator_py/pronto_msgs/msg/_filter_state_s.c.o[0m
[17.061s] [ 85%] [32mBuilding C object CMakeFiles/pronto_msgs__rosidl_generator_py.dir/rosidl_generator_py/pronto_msgs/msg/_quadruped_force_torque_sensors_s.c.o[0m
[17.062s] [ 86%] [32mBuilding C object CMakeFiles/pronto_msgs__rosidl_generator_py.dir/rosidl_generator_py/pronto_msgs/msg/_quadruped_stance_s.c.o[0m
[17.065s] [ 87%] [32mBuilding C object CMakeFiles/pronto_msgs__rosidl_generator_py.dir/rosidl_generator_py/pronto_msgs/msg/_joint_state_with_acceleration_s.c.o[0m
[17.065s] [ 88%] [32mBuilding C object CMakeFiles/pronto_msgs__rosidl_generator_py.dir/rosidl_generator_py/pronto_msgs/msg/_velocity_with_sigma_bounds_s.c.o[0m
[17.066s] [ 89%] [32mBuilding C object CMakeFiles/pronto_msgs__rosidl_generator_py.dir/rosidl_generator_py/pronto_msgs/msg/_indexed_measurement_s.c.o[0m
[17.072s] [ 90%] [32mBuilding C object CMakeFiles/pronto_msgs__rosidl_generator_py.dir/rosidl_generator_py/pronto_msgs/msg/_visual_odometry_update_s.c.o[0m
[17.073s] [ 91%] [32mBuilding C object CMakeFiles/pronto_msgs__rosidl_generator_py.dir/rosidl_generator_py/pronto_msgs/msg/_controller_foot_contact_s.c.o[0m
[17.074s] [ 92%] [32mBuilding C object CMakeFiles/pronto_msgs__rosidl_generator_py.dir/rosidl_generator_py/pronto_msgs/msg/_gps_data_s.c.o[0m
[17.166s] [ 93%] [32mBuilding C object CMakeFiles/pronto_msgs__rosidl_generator_py.dir/rosidl_generator_py/pronto_msgs/msg/_lidar_odometry_update_s.c.o[0m
[17.174s] [ 94%] [32mBuilding C object CMakeFiles/pronto_msgs__rosidl_generator_py.dir/rosidl_generator_py/pronto_msgs/msg/_biped_force_torque_sensors_s.c.o[0m
[17.460s] [ 95%] [32m[1mLinking C shared library rosidl_generator_py/pronto_msgs/libpronto_msgs__rosidl_generator_py.so[0m
[17.506s] [ 95%] Built target pronto_msgs__rosidl_generator_py
[17.531s] [ 95%] [32mBuilding C object CMakeFiles/pronto_msgs__rosidl_typesupport_c__pyext.dir/rosidl_generator_py/pronto_msgs/_pronto_msgs_s.ep.rosidl_typesupport_c.c.o[0m
[17.534s] [ 96%] [32mBuilding C object CMakeFiles/pronto_msgs__rosidl_typesupport_fastrtps_c__pyext.dir/rosidl_generator_py/pronto_msgs/_pronto_msgs_s.ep.rosidl_typesupport_fastrtps_c.c.o[0m
[17.539s] [ 97%] [32mBuilding C object CMakeFiles/pronto_msgs__rosidl_typesupport_introspection_c__pyext.dir/rosidl_generator_py/pronto_msgs/_pronto_msgs_s.ep.rosidl_typesupport_introspection_c.c.o[0m
[17.781s] [ 98%] [32m[1mLinking C shared library rosidl_generator_py/pronto_msgs/pronto_msgs_s__rosidl_typesupport_c.cpython-310-x86_64-linux-gnu.so[0m
[17.837s] [ 99%] [32m[1mLinking C shared library rosidl_generator_py/pronto_msgs/pronto_msgs_s__rosidl_typesupport_fastrtps_c.cpython-310-x86_64-linux-gnu.so[0m
[17.842s] [100%] [32m[1mLinking C shared library rosidl_generator_py/pronto_msgs/pronto_msgs_s__rosidl_typesupport_introspection_c.cpython-310-x86_64-linux-gnu.so[0m
[17.842s] [100%] Built target pronto_msgs__rosidl_typesupport_c__pyext
[17.894s] [100%] Built target pronto_msgs__rosidl_typesupport_fastrtps_c__pyext
[17.904s] [100%] Built target pronto_msgs__rosidl_typesupport_introspection_c__pyext
[18.094s] Invoked command in '/home/ros/docker_pronto_ws/build/pronto_msgs' returned '0': CMAKE_PREFIX_PATH=${CMAKE_PREFIX_PATH}:/home/ros/docker_pronto_ws/install/planners_python:/home/ros/docker_pronto_ws/install/logger_gazebo:/home/ros/docker_pronto_ws/install/terrain_estimator:/home/ros/docker_pronto_ws/install/pose_estimator:/opt/ros/humble /usr/bin/cmake --build /home/ros/docker_pronto_ws/build/pronto_msgs -- -j16 -l16
[18.769s] Invoking command in '/home/ros/docker_pronto_ws/build/pronto_msgs': CMAKE_PREFIX_PATH=${CMAKE_PREFIX_PATH}:/home/ros/docker_pronto_ws/install/planners_python:/home/ros/docker_pronto_ws/install/logger_gazebo:/home/ros/docker_pronto_ws/install/terrain_estimator:/home/ros/docker_pronto_ws/install/pose_estimator:/opt/ros/humble /usr/bin/cmake --install /home/ros/docker_pronto_ws/build/pronto_msgs
[18.782s] -- Install configuration: "Release"
[18.783s] -- Execute custom install script
[18.784s] -- Symlinking: /home/ros/docker_pronto_ws/install/pronto_msgs/share/ament_index/resource_index/rosidl_interfaces/pronto_msgs
[18.799s] -- Symlinking: /home/ros/docker_pronto_ws/install/pronto_msgs/include/pronto_msgs/pronto_msgs/msg/biped_force_torque_sensors.h
[18.814s] -- Symlinking: /home/ros/docker_pronto_ws/install/pronto_msgs/include/pronto_msgs/pronto_msgs/msg/controller_foot_contact.h
[18.829s] -- Symlinking: /home/ros/docker_pronto_ws/install/pronto_msgs/include/pronto_msgs/pronto_msgs/msg/detail/biped_force_torque_sensors__functions.h
[18.842s] -- Symlinking: /home/ros/docker_pronto_ws/install/pronto_msgs/include/pronto_msgs/pronto_msgs/msg/detail/biped_force_torque_sensors__struct.h
[18.855s] -- Symlinking: /home/ros/docker_pronto_ws/install/pronto_msgs/include/pronto_msgs/pronto_msgs/msg/detail/biped_force_torque_sensors__type_support.h
[18.868s] -- Symlinking: /home/ros/docker_pronto_ws/install/pronto_msgs/include/pronto_msgs/pronto_msgs/msg/detail/controller_foot_contact__functions.h
[18.883s] -- Symlinking: /home/ros/docker_pronto_ws/install/pronto_msgs/include/pronto_msgs/pronto_msgs/msg/detail/controller_foot_contact__struct.h
[18.896s] -- Symlinking: /home/ros/docker_pronto_ws/install/pronto_msgs/include/pronto_msgs/pronto_msgs/msg/detail/controller_foot_contact__type_support.h
[18.909s] -- Symlinking: /home/ros/docker_pronto_ws/install/pronto_msgs/include/pronto_msgs/pronto_msgs/msg/detail/filter_state__functions.h
[18.924s] -- Symlinking: /home/ros/docker_pronto_ws/install/pronto_msgs/include/pronto_msgs/pronto_msgs/msg/detail/filter_state__struct.h
[18.940s] -- Symlinking: /home/ros/docker_pronto_ws/install/pronto_msgs/include/pronto_msgs/pronto_msgs/msg/detail/filter_state__type_support.h
[18.960s] -- Symlinking: /home/ros/docker_pronto_ws/install/pronto_msgs/include/pronto_msgs/pronto_msgs/msg/detail/gps_data__functions.h
[18.978s] -- Symlinking: /home/ros/docker_pronto_ws/install/pronto_msgs/include/pronto_msgs/pronto_msgs/msg/detail/gps_data__struct.h
[18.992s] -- Symlinking: /home/ros/docker_pronto_ws/install/pronto_msgs/include/pronto_msgs/pronto_msgs/msg/detail/gps_data__type_support.h
[19.006s] -- Symlinking: /home/ros/docker_pronto_ws/install/pronto_msgs/include/pronto_msgs/pronto_msgs/msg/detail/indexed_measurement__functions.h
[19.023s] -- Symlinking: /home/ros/docker_pronto_ws/install/pronto_msgs/include/pronto_msgs/pronto_msgs/msg/detail/indexed_measurement__struct.h
[19.039s] -- Symlinking: /home/ros/docker_pronto_ws/install/pronto_msgs/include/pronto_msgs/pronto_msgs/msg/detail/indexed_measurement__type_support.h
[19.060s] -- Symlinking: /home/ros/docker_pronto_ws/install/pronto_msgs/include/pronto_msgs/pronto_msgs/msg/detail/joint_state_with_acceleration__functions.h
[19.077s] -- Symlinking: /home/ros/docker_pronto_ws/install/pronto_msgs/include/pronto_msgs/pronto_msgs/msg/detail/joint_state_with_acceleration__struct.h
[19.102s] -- Symlinking: /home/ros/docker_pronto_ws/install/pronto_msgs/include/pronto_msgs/pronto_msgs/msg/detail/joint_state_with_acceleration__type_support.h
[19.117s] -- Symlinking: /home/ros/docker_pronto_ws/install/pronto_msgs/include/pronto_msgs/pronto_msgs/msg/detail/lidar_odometry_update__functions.h
[19.133s] -- Symlinking: /home/ros/docker_pronto_ws/install/pronto_msgs/include/pronto_msgs/pronto_msgs/msg/detail/lidar_odometry_update__struct.h
[19.146s] -- Symlinking: /home/ros/docker_pronto_ws/install/pronto_msgs/include/pronto_msgs/pronto_msgs/msg/detail/lidar_odometry_update__type_support.h
[19.162s] -- Symlinking: /home/ros/docker_pronto_ws/install/pronto_msgs/include/pronto_msgs/pronto_msgs/msg/detail/quadruped_force_torque_sensors__functions.h
[19.191s] -- Symlinking: /home/ros/docker_pronto_ws/install/pronto_msgs/include/pronto_msgs/pronto_msgs/msg/detail/quadruped_force_torque_sensors__struct.h
[19.207s] -- Symlinking: /home/ros/docker_pronto_ws/install/pronto_msgs/include/pronto_msgs/pronto_msgs/msg/detail/quadruped_force_torque_sensors__type_support.h
[19.221s] -- Symlinking: /home/ros/docker_pronto_ws/install/pronto_msgs/include/pronto_msgs/pronto_msgs/msg/detail/quadruped_stance__functions.h
[19.254s] -- Symlinking: /home/ros/docker_pronto_ws/install/pronto_msgs/include/pronto_msgs/pronto_msgs/msg/detail/quadruped_stance__struct.h
[19.268s] -- Symlinking: /home/ros/docker_pronto_ws/install/pronto_msgs/include/pronto_msgs/pronto_msgs/msg/detail/quadruped_stance__type_support.h
[19.282s] -- Symlinking: /home/ros/docker_pronto_ws/install/pronto_msgs/include/pronto_msgs/pronto_msgs/msg/detail/velocity_with_sigma_bounds__functions.h
[19.296s] -- Symlinking: /home/ros/docker_pronto_ws/install/pronto_msgs/include/pronto_msgs/pronto_msgs/msg/detail/velocity_with_sigma_bounds__struct.h
[19.311s] -- Symlinking: /home/ros/docker_pronto_ws/install/pronto_msgs/include/pronto_msgs/pronto_msgs/msg/detail/velocity_with_sigma_bounds__type_support.h
[19.324s] -- Symlinking: /home/ros/docker_pronto_ws/install/pronto_msgs/include/pronto_msgs/pronto_msgs/msg/detail/visual_odometry_update__functions.h
[19.339s] -- Symlinking: /home/ros/docker_pronto_ws/install/pronto_msgs/include/pronto_msgs/pronto_msgs/msg/detail/visual_odometry_update__struct.h
[19.353s] -- Symlinking: /home/ros/docker_pronto_ws/install/pronto_msgs/include/pronto_msgs/pronto_msgs/msg/detail/visual_odometry_update__type_support.h
[19.371s] -- Symlinking: /home/ros/docker_pronto_ws/install/pronto_msgs/include/pronto_msgs/pronto_msgs/msg/filter_state.h
[19.384s] -- Symlinking: /home/ros/docker_pronto_ws/install/pronto_msgs/include/pronto_msgs/pronto_msgs/msg/gps_data.h
[19.397s] -- Symlinking: /home/ros/docker_pronto_ws/install/pronto_msgs/include/pronto_msgs/pronto_msgs/msg/indexed_measurement.h
[19.410s] -- Symlinking: /home/ros/docker_pronto_ws/install/pronto_msgs/include/pronto_msgs/pronto_msgs/msg/joint_state_with_acceleration.h
[19.443s] -- Symlinking: /home/ros/docker_pronto_ws/install/pronto_msgs/include/pronto_msgs/pronto_msgs/msg/lidar_odometry_update.h
[19.456s] -- Symlinking: /home/ros/docker_pronto_ws/install/pronto_msgs/include/pronto_msgs/pronto_msgs/msg/quadruped_force_torque_sensors.h
[19.469s] -- Symlinking: /home/ros/docker_pronto_ws/install/pronto_msgs/include/pronto_msgs/pronto_msgs/msg/quadruped_stance.h
[19.482s] -- Symlinking: /home/ros/docker_pronto_ws/install/pronto_msgs/include/pronto_msgs/pronto_msgs/msg/rosidl_generator_c__visibility_control.h
[19.495s] -- Symlinking: /home/ros/docker_pronto_ws/install/pronto_msgs/include/pronto_msgs/pronto_msgs/msg/velocity_with_sigma_bounds.h
[19.508s] -- Symlinking: /home/ros/docker_pronto_ws/install/pronto_msgs/include/pronto_msgs/pronto_msgs/msg/visual_odometry_update.h
[19.524s] -- Symlinking: /home/ros/docker_pronto_ws/install/pronto_msgs/share/pronto_msgs/environment/library_path.sh
[19.540s] -- Symlinking: /home/ros/docker_pronto_ws/install/pronto_msgs/share/pronto_msgs/environment/library_path.dsv
[19.555s] -- Symlinking: /home/ros/docker_pronto_ws/install/pronto_msgs/include/pronto_msgs/pronto_msgs/msg/detail/biped_force_torque_sensors__rosidl_typesupport_fastrtps_c.h
[19.568s] -- Symlinking: /home/ros/docker_pronto_ws/install/pronto_msgs/include/pronto_msgs/pronto_msgs/msg/detail/controller_foot_contact__rosidl_typesupport_fastrtps_c.h
[19.581s] -- Symlinking: /home/ros/docker_pronto_ws/install/pronto_msgs/include/pronto_msgs/pronto_msgs/msg/detail/filter_state__rosidl_typesupport_fastrtps_c.h
[19.595s] -- Symlinking: /home/ros/docker_pronto_ws/install/pronto_msgs/include/pronto_msgs/pronto_msgs/msg/detail/gps_data__rosidl_typesupport_fastrtps_c.h
[19.609s] -- Symlinking: /home/ros/docker_pronto_ws/install/pronto_msgs/include/pronto_msgs/pronto_msgs/msg/detail/indexed_measurement__rosidl_typesupport_fastrtps_c.h
[19.623s] -- Symlinking: /home/ros/docker_pronto_ws/install/pronto_msgs/include/pronto_msgs/pronto_msgs/msg/detail/joint_state_with_acceleration__rosidl_typesupport_fastrtps_c.h
[19.642s] -- Symlinking: /home/ros/docker_pronto_ws/install/pronto_msgs/include/pronto_msgs/pronto_msgs/msg/detail/lidar_odometry_update__rosidl_typesupport_fastrtps_c.h
[19.657s] -- Symlinking: /home/ros/docker_pronto_ws/install/pronto_msgs/include/pronto_msgs/pronto_msgs/msg/detail/quadruped_force_torque_sensors__rosidl_typesupport_fastrtps_c.h
[19.670s] -- Symlinking: /home/ros/docker_pronto_ws/install/pronto_msgs/include/pronto_msgs/pronto_msgs/msg/detail/quadruped_stance__rosidl_typesupport_fastrtps_c.h
[19.683s] -- Symlinking: /home/ros/docker_pronto_ws/install/pronto_msgs/include/pronto_msgs/pronto_msgs/msg/detail/velocity_with_sigma_bounds__rosidl_typesupport_fastrtps_c.h
[19.696s] -- Symlinking: /home/ros/docker_pronto_ws/install/pronto_msgs/include/pronto_msgs/pronto_msgs/msg/detail/visual_odometry_update__rosidl_typesupport_fastrtps_c.h
[19.709s] -- Symlinking: /home/ros/docker_pronto_ws/install/pronto_msgs/include/pronto_msgs/pronto_msgs/msg/rosidl_typesupport_fastrtps_c__visibility_control.h
[19.724s] -- Symlinking: /home/ros/docker_pronto_ws/install/pronto_msgs/include/pronto_msgs/pronto_msgs/msg/biped_force_torque_sensors.hpp
[19.735s] -- Symlinking: /home/ros/docker_pronto_ws/install/pronto_msgs/include/pronto_msgs/pronto_msgs/msg/controller_foot_contact.hpp
[19.747s] -- Symlinking: /home/ros/docker_pronto_ws/install/pronto_msgs/include/pronto_msgs/pronto_msgs/msg/detail/biped_force_torque_sensors__builder.hpp
[19.758s] -- Symlinking: /home/ros/docker_pronto_ws/install/pronto_msgs/include/pronto_msgs/pronto_msgs/msg/detail/biped_force_torque_sensors__struct.hpp
[19.768s] -- Symlinking: /home/ros/docker_pronto_ws/install/pronto_msgs/include/pronto_msgs/pronto_msgs/msg/detail/biped_force_torque_sensors__traits.hpp
[19.781s] -- Symlinking: /home/ros/docker_pronto_ws/install/pronto_msgs/include/pronto_msgs/pronto_msgs/msg/detail/controller_foot_contact__builder.hpp
[19.793s] -- Symlinking: /home/ros/docker_pronto_ws/install/pronto_msgs/include/pronto_msgs/pronto_msgs/msg/detail/controller_foot_contact__struct.hpp
[19.804s] -- Symlinking: /home/ros/docker_pronto_ws/install/pronto_msgs/include/pronto_msgs/pronto_msgs/msg/detail/controller_foot_contact__traits.hpp
[19.814s] -- Symlinking: /home/ros/docker_pronto_ws/install/pronto_msgs/include/pronto_msgs/pronto_msgs/msg/detail/filter_state__builder.hpp
[19.824s] -- Symlinking: /home/ros/docker_pronto_ws/install/pronto_msgs/include/pronto_msgs/pronto_msgs/msg/detail/filter_state__struct.hpp
[19.835s] -- Symlinking: /home/ros/docker_pronto_ws/install/pronto_msgs/include/pronto_msgs/pronto_msgs/msg/detail/filter_state__traits.hpp
[19.844s] -- Symlinking: /home/ros/docker_pronto_ws/install/pronto_msgs/include/pronto_msgs/pronto_msgs/msg/detail/gps_data__builder.hpp
[19.855s] -- Symlinking: /home/ros/docker_pronto_ws/install/pronto_msgs/include/pronto_msgs/pronto_msgs/msg/detail/gps_data__struct.hpp
[19.865s] -- Symlinking: /home/ros/docker_pronto_ws/install/pronto_msgs/include/pronto_msgs/pronto_msgs/msg/detail/gps_data__traits.hpp
[19.877s] -- Symlinking: /home/ros/docker_pronto_ws/install/pronto_msgs/include/pronto_msgs/pronto_msgs/msg/detail/indexed_measurement__builder.hpp
[19.888s] -- Symlinking: /home/ros/docker_pronto_ws/install/pronto_msgs/include/pronto_msgs/pronto_msgs/msg/detail/indexed_measurement__struct.hpp
[19.897s] -- Symlinking: /home/ros/docker_pronto_ws/install/pronto_msgs/include/pronto_msgs/pronto_msgs/msg/detail/indexed_measurement__traits.hpp
[19.910s] -- Symlinking: /home/ros/docker_pronto_ws/install/pronto_msgs/include/pronto_msgs/pronto_msgs/msg/detail/joint_state_with_acceleration__builder.hpp
[19.922s] -- Symlinking: /home/ros/docker_pronto_ws/install/pronto_msgs/include/pronto_msgs/pronto_msgs/msg/detail/joint_state_with_acceleration__struct.hpp
[19.933s] -- Symlinking: /home/ros/docker_pronto_ws/install/pronto_msgs/include/pronto_msgs/pronto_msgs/msg/detail/joint_state_with_acceleration__traits.hpp
[19.942s] -- Symlinking: /home/ros/docker_pronto_ws/install/pronto_msgs/include/pronto_msgs/pronto_msgs/msg/detail/lidar_odometry_update__builder.hpp
[19.954s] -- Symlinking: /home/ros/docker_pronto_ws/install/pronto_msgs/include/pronto_msgs/pronto_msgs/msg/detail/lidar_odometry_update__struct.hpp
[19.966s] -- Symlinking: /home/ros/docker_pronto_ws/install/pronto_msgs/include/pronto_msgs/pronto_msgs/msg/detail/lidar_odometry_update__traits.hpp
[19.978s] -- Symlinking: /home/ros/docker_pronto_ws/install/pronto_msgs/include/pronto_msgs/pronto_msgs/msg/detail/quadruped_force_torque_sensors__builder.hpp
[19.989s] -- Symlinking: /home/ros/docker_pronto_ws/install/pronto_msgs/include/pronto_msgs/pronto_msgs/msg/detail/quadruped_force_torque_sensors__struct.hpp
[19.998s] -- Symlinking: /home/ros/docker_pronto_ws/install/pronto_msgs/include/pronto_msgs/pronto_msgs/msg/detail/quadruped_force_torque_sensors__traits.hpp
[20.008s] -- Symlinking: /home/ros/docker_pronto_ws/install/pronto_msgs/include/pronto_msgs/pronto_msgs/msg/detail/quadruped_stance__builder.hpp
[20.019s] -- Symlinking: /home/ros/docker_pronto_ws/install/pronto_msgs/include/pronto_msgs/pronto_msgs/msg/detail/quadruped_stance__struct.hpp
[20.030s] -- Symlinking: /home/ros/docker_pronto_ws/install/pronto_msgs/include/pronto_msgs/pronto_msgs/msg/detail/quadruped_stance__traits.hpp
[20.041s] -- Symlinking: /home/ros/docker_pronto_ws/install/pronto_msgs/include/pronto_msgs/pronto_msgs/msg/detail/velocity_with_sigma_bounds__builder.hpp
[20.052s] -- Symlinking: /home/ros/docker_pronto_ws/install/pronto_msgs/include/pronto_msgs/pronto_msgs/msg/detail/velocity_with_sigma_bounds__struct.hpp
[20.066s] -- Symlinking: /home/ros/docker_pronto_ws/install/pronto_msgs/include/pronto_msgs/pronto_msgs/msg/detail/velocity_with_sigma_bounds__traits.hpp
[20.078s] -- Symlinking: /home/ros/docker_pronto_ws/install/pronto_msgs/include/pronto_msgs/pronto_msgs/msg/detail/visual_odometry_update__builder.hpp
[20.088s] -- Symlinking: /home/ros/docker_pronto_ws/install/pronto_msgs/include/pronto_msgs/pronto_msgs/msg/detail/visual_odometry_update__struct.hpp
[20.097s] -- Symlinking: /home/ros/docker_pronto_ws/install/pronto_msgs/include/pronto_msgs/pronto_msgs/msg/detail/visual_odometry_update__traits.hpp
[20.114s] -- Symlinking: /home/ros/docker_pronto_ws/install/pronto_msgs/include/pronto_msgs/pronto_msgs/msg/filter_state.hpp
[20.127s] -- Symlinking: /home/ros/docker_pronto_ws/install/pronto_msgs/include/pronto_msgs/pronto_msgs/msg/gps_data.hpp
[20.135s] -- Symlinking: /home/ros/docker_pronto_ws/install/pronto_msgs/include/pronto_msgs/pronto_msgs/msg/indexed_measurement.hpp
[20.145s] -- Symlinking: /home/ros/docker_pronto_ws/install/pronto_msgs/include/pronto_msgs/pronto_msgs/msg/joint_state_with_acceleration.hpp
[20.153s] -- Symlinking: /home/ros/docker_pronto_ws/install/pronto_msgs/include/pronto_msgs/pronto_msgs/msg/lidar_odometry_update.hpp
[20.165s] -- Symlinking: /home/ros/docker_pronto_ws/install/pronto_msgs/include/pronto_msgs/pronto_msgs/msg/quadruped_force_torque_sensors.hpp
[20.177s] -- Symlinking: /home/ros/docker_pronto_ws/install/pronto_msgs/include/pronto_msgs/pronto_msgs/msg/quadruped_stance.hpp
[20.187s] -- Symlinking: /home/ros/docker_pronto_ws/install/pronto_msgs/include/pronto_msgs/pronto_msgs/msg/velocity_with_sigma_bounds.hpp
[20.197s] -- Symlinking: /home/ros/docker_pronto_ws/install/pronto_msgs/include/pronto_msgs/pronto_msgs/msg/visual_odometry_update.hpp
[20.209s] -- Symlinking: /home/ros/docker_pronto_ws/install/pronto_msgs/include/pronto_msgs/pronto_msgs/msg/detail/biped_force_torque_sensors__rosidl_typesupport_fastrtps_cpp.hpp
[20.219s] -- Symlinking: /home/ros/docker_pronto_ws/install/pronto_msgs/include/pronto_msgs/pronto_msgs/msg/detail/controller_foot_contact__rosidl_typesupport_fastrtps_cpp.hpp
[20.227s] -- Symlinking: /home/ros/docker_pronto_ws/install/pronto_msgs/include/pronto_msgs/pronto_msgs/msg/detail/filter_state__rosidl_typesupport_fastrtps_cpp.hpp
[20.238s] -- Symlinking: /home/ros/docker_pronto_ws/install/pronto_msgs/include/pronto_msgs/pronto_msgs/msg/detail/gps_data__rosidl_typesupport_fastrtps_cpp.hpp
[20.248s] -- Symlinking: /home/ros/docker_pronto_ws/install/pronto_msgs/include/pronto_msgs/pronto_msgs/msg/detail/indexed_measurement__rosidl_typesupport_fastrtps_cpp.hpp
[20.259s] -- Symlinking: /home/ros/docker_pronto_ws/install/pronto_msgs/include/pronto_msgs/pronto_msgs/msg/detail/joint_state_with_acceleration__rosidl_typesupport_fastrtps_cpp.hpp
[20.271s] -- Symlinking: /home/ros/docker_pronto_ws/install/pronto_msgs/include/pronto_msgs/pronto_msgs/msg/detail/lidar_odometry_update__rosidl_typesupport_fastrtps_cpp.hpp
[20.284s] -- Symlinking: /home/ros/docker_pronto_ws/install/pronto_msgs/include/pronto_msgs/pronto_msgs/msg/detail/quadruped_force_torque_sensors__rosidl_typesupport_fastrtps_cpp.hpp
[20.295s] -- Symlinking: /home/ros/docker_pronto_ws/install/pronto_msgs/include/pronto_msgs/pronto_msgs/msg/detail/quadruped_stance__rosidl_typesupport_fastrtps_cpp.hpp
[20.308s] -- Symlinking: /home/ros/docker_pronto_ws/install/pronto_msgs/include/pronto_msgs/pronto_msgs/msg/detail/velocity_with_sigma_bounds__rosidl_typesupport_fastrtps_cpp.hpp
[20.316s] -- Symlinking: /home/ros/docker_pronto_ws/install/pronto_msgs/include/pronto_msgs/pronto_msgs/msg/detail/visual_odometry_update__rosidl_typesupport_fastrtps_cpp.hpp
[20.324s] -- Symlinking: /home/ros/docker_pronto_ws/install/pronto_msgs/include/pronto_msgs/pronto_msgs/msg/rosidl_typesupport_fastrtps_cpp__visibility_control.h
[20.336s] -- Symlinking: /home/ros/docker_pronto_ws/install/pronto_msgs/include/pronto_msgs/pronto_msgs/msg/detail/biped_force_torque_sensors__rosidl_typesupport_introspection_c.h
[20.346s] -- Symlinking: /home/ros/docker_pronto_ws/install/pronto_msgs/include/pronto_msgs/pronto_msgs/msg/detail/controller_foot_contact__rosidl_typesupport_introspection_c.h
[20.358s] -- Symlinking: /home/ros/docker_pronto_ws/install/pronto_msgs/include/pronto_msgs/pronto_msgs/msg/detail/filter_state__rosidl_typesupport_introspection_c.h
[20.368s] -- Symlinking: /home/ros/docker_pronto_ws/install/pronto_msgs/include/pronto_msgs/pronto_msgs/msg/detail/gps_data__rosidl_typesupport_introspection_c.h
[20.380s] -- Symlinking: /home/ros/docker_pronto_ws/install/pronto_msgs/include/pronto_msgs/pronto_msgs/msg/detail/indexed_measurement__rosidl_typesupport_introspection_c.h
[20.392s] -- Symlinking: /home/ros/docker_pronto_ws/install/pronto_msgs/include/pronto_msgs/pronto_msgs/msg/detail/joint_state_with_acceleration__rosidl_typesupport_introspection_c.h
[20.403s] -- Symlinking: /home/ros/docker_pronto_ws/install/pronto_msgs/include/pronto_msgs/pronto_msgs/msg/detail/lidar_odometry_update__rosidl_typesupport_introspection_c.h
[20.415s] -- Symlinking: /home/ros/docker_pronto_ws/install/pronto_msgs/include/pronto_msgs/pronto_msgs/msg/detail/quadruped_force_torque_sensors__rosidl_typesupport_introspection_c.h
[20.427s] -- Symlinking: /home/ros/docker_pronto_ws/install/pronto_msgs/include/pronto_msgs/pronto_msgs/msg/detail/quadruped_stance__rosidl_typesupport_introspection_c.h
[20.438s] -- Symlinking: /home/ros/docker_pronto_ws/install/pronto_msgs/include/pronto_msgs/pronto_msgs/msg/detail/velocity_with_sigma_bounds__rosidl_typesupport_introspection_c.h
[20.450s] -- Symlinking: /home/ros/docker_pronto_ws/install/pronto_msgs/include/pronto_msgs/pronto_msgs/msg/detail/visual_odometry_update__rosidl_typesupport_introspection_c.h
[20.461s] -- Symlinking: /home/ros/docker_pronto_ws/install/pronto_msgs/include/pronto_msgs/pronto_msgs/msg/rosidl_typesupport_introspection_c__visibility_control.h
[20.472s] -- Symlinking: /home/ros/docker_pronto_ws/install/pronto_msgs/include/pronto_msgs/pronto_msgs/msg/detail/biped_force_torque_sensors__rosidl_typesupport_introspection_cpp.hpp
[20.481s] -- Symlinking: /home/ros/docker_pronto_ws/install/pronto_msgs/include/pronto_msgs/pronto_msgs/msg/detail/controller_foot_contact__rosidl_typesupport_introspection_cpp.hpp
[20.492s] -- Symlinking: /home/ros/docker_pronto_ws/install/pronto_msgs/include/pronto_msgs/pronto_msgs/msg/detail/filter_state__rosidl_typesupport_introspection_cpp.hpp
[20.502s] -- Symlinking: /home/ros/docker_pronto_ws/install/pronto_msgs/include/pronto_msgs/pronto_msgs/msg/detail/gps_data__rosidl_typesupport_introspection_cpp.hpp
[20.511s] -- Symlinking: /home/ros/docker_pronto_ws/install/pronto_msgs/include/pronto_msgs/pronto_msgs/msg/detail/indexed_measurement__rosidl_typesupport_introspection_cpp.hpp
[20.525s] -- Symlinking: /home/ros/docker_pronto_ws/install/pronto_msgs/include/pronto_msgs/pronto_msgs/msg/detail/joint_state_with_acceleration__rosidl_typesupport_introspection_cpp.hpp
[20.535s] -- Symlinking: /home/ros/docker_pronto_ws/install/pronto_msgs/include/pronto_msgs/pronto_msgs/msg/detail/lidar_odometry_update__rosidl_typesupport_introspection_cpp.hpp
[20.545s] -- Symlinking: /home/ros/docker_pronto_ws/install/pronto_msgs/include/pronto_msgs/pronto_msgs/msg/detail/quadruped_force_torque_sensors__rosidl_typesupport_introspection_cpp.hpp
[20.560s] -- Symlinking: /home/ros/docker_pronto_ws/install/pronto_msgs/include/pronto_msgs/pronto_msgs/msg/detail/quadruped_stance__rosidl_typesupport_introspection_cpp.hpp
[20.573s] -- Symlinking: /home/ros/docker_pronto_ws/install/pronto_msgs/include/pronto_msgs/pronto_msgs/msg/detail/velocity_with_sigma_bounds__rosidl_typesupport_introspection_cpp.hpp
[20.588s] -- Symlinking: /home/ros/docker_pronto_ws/install/pronto_msgs/include/pronto_msgs/pronto_msgs/msg/detail/visual_odometry_update__rosidl_typesupport_introspection_cpp.hpp
[20.600s] -- Symlinking: /home/ros/docker_pronto_ws/install/pronto_msgs/share/pronto_msgs/environment/pythonpath.sh
[20.613s] -- Symlinking: /home/ros/docker_pronto_ws/install/pronto_msgs/share/pronto_msgs/environment/pythonpath.dsv
[20.622s] -- Symlinking: /home/ros/docker_pronto_ws/install/pronto_msgs/local/lib/python3.10/dist-packages/pronto_msgs-0.3.0-py3.10.egg-info/PKG-INFO
[20.633s] -- Symlinking: /home/ros/docker_pronto_ws/install/pronto_msgs/local/lib/python3.10/dist-packages/pronto_msgs-0.3.0-py3.10.egg-info/SOURCES.txt
[20.642s] -- Symlinking: /home/ros/docker_pronto_ws/install/pronto_msgs/local/lib/python3.10/dist-packages/pronto_msgs-0.3.0-py3.10.egg-info/dependency_links.txt
[20.654s] -- Symlinking: /home/ros/docker_pronto_ws/install/pronto_msgs/local/lib/python3.10/dist-packages/pronto_msgs-0.3.0-py3.10.egg-info/top_level.txt
[20.670s] -- Symlinking: /home/ros/docker_pronto_ws/install/pronto_msgs/local/lib/python3.10/dist-packages/pronto_msgs/__init__.py
[20.683s] -- Symlinking: /home/ros/docker_pronto_ws/install/pronto_msgs/local/lib/python3.10/dist-packages/pronto_msgs/_pronto_msgs_s.ep.rosidl_typesupport_c.c
[20.696s] -- Symlinking: /home/ros/docker_pronto_ws/install/pronto_msgs/local/lib/python3.10/dist-packages/pronto_msgs/_pronto_msgs_s.ep.rosidl_typesupport_fastrtps_c.c
[20.725s] -- Symlinking: /home/ros/docker_pronto_ws/install/pronto_msgs/local/lib/python3.10/dist-packages/pronto_msgs/_pronto_msgs_s.ep.rosidl_typesupport_introspection_c.c
[20.738s] -- Symlinking: /home/ros/docker_pronto_ws/install/pronto_msgs/local/lib/python3.10/dist-packages/pronto_msgs/libpronto_msgs__rosidl_generator_py.so
[20.756s] -- Symlinking: /home/ros/docker_pronto_ws/install/pronto_msgs/local/lib/python3.10/dist-packages/pronto_msgs/msg/__init__.py
[20.774s] -- Symlinking: /home/ros/docker_pronto_ws/install/pronto_msgs/local/lib/python3.10/dist-packages/pronto_msgs/msg/_biped_force_torque_sensors.py
[20.783s] -- Symlinking: /home/ros/docker_pronto_ws/install/pronto_msgs/local/lib/python3.10/dist-packages/pronto_msgs/msg/_biped_force_torque_sensors_s.c
[20.796s] -- Symlinking: /home/ros/docker_pronto_ws/install/pronto_msgs/local/lib/python3.10/dist-packages/pronto_msgs/msg/_controller_foot_contact.py
[20.806s] -- Symlinking: /home/ros/docker_pronto_ws/install/pronto_msgs/local/lib/python3.10/dist-packages/pronto_msgs/msg/_controller_foot_contact_s.c
[20.815s] -- Symlinking: /home/ros/docker_pronto_ws/install/pronto_msgs/local/lib/python3.10/dist-packages/pronto_msgs/msg/_filter_state.py
[20.826s] -- Symlinking: /home/ros/docker_pronto_ws/install/pronto_msgs/local/lib/python3.10/dist-packages/pronto_msgs/msg/_filter_state_s.c
[20.836s] -- Symlinking: /home/ros/docker_pronto_ws/install/pronto_msgs/local/lib/python3.10/dist-packages/pronto_msgs/msg/_gps_data.py
[20.847s] -- Symlinking: /home/ros/docker_pronto_ws/install/pronto_msgs/local/lib/python3.10/dist-packages/pronto_msgs/msg/_gps_data_s.c
[20.857s] -- Symlinking: /home/ros/docker_pronto_ws/install/pronto_msgs/local/lib/python3.10/dist-packages/pronto_msgs/msg/_indexed_measurement.py
[20.870s] -- Symlinking: /home/ros/docker_pronto_ws/install/pronto_msgs/local/lib/python3.10/dist-packages/pronto_msgs/msg/_indexed_measurement_s.c
[20.881s] -- Symlinking: /home/ros/docker_pronto_ws/install/pronto_msgs/local/lib/python3.10/dist-packages/pronto_msgs/msg/_joint_state_with_acceleration.py
[20.891s] -- Symlinking: /home/ros/docker_pronto_ws/install/pronto_msgs/local/lib/python3.10/dist-packages/pronto_msgs/msg/_joint_state_with_acceleration_s.c
[20.901s] -- Symlinking: /home/ros/docker_pronto_ws/install/pronto_msgs/local/lib/python3.10/dist-packages/pronto_msgs/msg/_lidar_odometry_update.py
[20.910s] -- Symlinking: /home/ros/docker_pronto_ws/install/pronto_msgs/local/lib/python3.10/dist-packages/pronto_msgs/msg/_lidar_odometry_update_s.c
[20.919s] -- Symlinking: /home/ros/docker_pronto_ws/install/pronto_msgs/local/lib/python3.10/dist-packages/pronto_msgs/msg/_quadruped_force_torque_sensors.py
[20.929s] -- Symlinking: /home/ros/docker_pronto_ws/install/pronto_msgs/local/lib/python3.10/dist-packages/pronto_msgs/msg/_quadruped_force_torque_sensors_s.c
[20.939s] -- Symlinking: /home/ros/docker_pronto_ws/install/pronto_msgs/local/lib/python3.10/dist-packages/pronto_msgs/msg/_quadruped_stance.py
[20.949s] -- Symlinking: /home/ros/docker_pronto_ws/install/pronto_msgs/local/lib/python3.10/dist-packages/pronto_msgs/msg/_quadruped_stance_s.c
[20.959s] -- Symlinking: /home/ros/docker_pronto_ws/install/pronto_msgs/local/lib/python3.10/dist-packages/pronto_msgs/msg/_velocity_with_sigma_bounds.py
[20.969s] -- Symlinking: /home/ros/docker_pronto_ws/install/pronto_msgs/local/lib/python3.10/dist-packages/pronto_msgs/msg/_velocity_with_sigma_bounds_s.c
[20.978s] -- Symlinking: /home/ros/docker_pronto_ws/install/pronto_msgs/local/lib/python3.10/dist-packages/pronto_msgs/msg/_visual_odometry_update.py
[20.988s] -- Symlinking: /home/ros/docker_pronto_ws/install/pronto_msgs/local/lib/python3.10/dist-packages/pronto_msgs/msg/_visual_odometry_update_s.c
[20.997s] -- Symlinking: /home/ros/docker_pronto_ws/install/pronto_msgs/local/lib/python3.10/dist-packages/pronto_msgs/pronto_msgs_s__rosidl_typesupport_c.cpython-310-x86_64-linux-gnu.so
[21.007s] -- Symlinking: /home/ros/docker_pronto_ws/install/pronto_msgs/local/lib/python3.10/dist-packages/pronto_msgs/pronto_msgs_s__rosidl_typesupport_fastrtps_c.cpython-310-x86_64-linux-gnu.so
[21.020s] -- Symlinking: /home/ros/docker_pronto_ws/install/pronto_msgs/local/lib/python3.10/dist-packages/pronto_msgs/pronto_msgs_s__rosidl_typesupport_introspection_c.cpython-310-x86_64-linux-gnu.so
[21.031s] -- Up-to-date symlink: /home/ros/docker_pronto_ws/install/pronto_msgs/local/lib/python3.10/dist-packages/pronto_msgs/pronto_msgs_s__rosidl_typesupport_fastrtps_c.cpython-310-x86_64-linux-gnu.so
[21.032s] -- Up-to-date symlink: /home/ros/docker_pronto_ws/install/pronto_msgs/local/lib/python3.10/dist-packages/pronto_msgs/pronto_msgs_s__rosidl_typesupport_introspection_c.cpython-310-x86_64-linux-gnu.so
[21.032s] -- Up-to-date symlink: /home/ros/docker_pronto_ws/install/pronto_msgs/local/lib/python3.10/dist-packages/pronto_msgs/pronto_msgs_s__rosidl_typesupport_c.cpython-310-x86_64-linux-gnu.so
[21.032s] -- Symlinking: /home/ros/docker_pronto_ws/install/pronto_msgs/share/pronto_msgs/msg/FilterState.idl
[21.043s] -- Symlinking: /home/ros/docker_pronto_ws/install/pronto_msgs/share/pronto_msgs/msg/IndexedMeasurement.idl
[21.055s] -- Symlinking: /home/ros/docker_pronto_ws/install/pronto_msgs/share/pronto_msgs/msg/QuadrupedStance.idl
[21.066s] -- Symlinking: /home/ros/docker_pronto_ws/install/pronto_msgs/share/pronto_msgs/msg/JointStateWithAcceleration.idl
[21.077s] -- Symlinking: /home/ros/docker_pronto_ws/install/pronto_msgs/share/pronto_msgs/msg/ControllerFootContact.idl
[21.089s] -- Symlinking: /home/ros/docker_pronto_ws/install/pronto_msgs/share/pronto_msgs/msg/QuadrupedForceTorqueSensors.idl
[21.098s] -- Symlinking: /home/ros/docker_pronto_ws/install/pronto_msgs/share/pronto_msgs/msg/VelocityWithSigmaBounds.idl
[21.108s] -- Symlinking: /home/ros/docker_pronto_ws/install/pronto_msgs/share/pronto_msgs/msg/VisualOdometryUpdate.idl
[21.117s] -- Symlinking: /home/ros/docker_pronto_ws/install/pronto_msgs/share/pronto_msgs/msg/GPSData.idl
[21.132s] -- Symlinking: /home/ros/docker_pronto_ws/install/pronto_msgs/share/pronto_msgs/msg/LidarOdometryUpdate.idl
[21.144s] -- Symlinking: /home/ros/docker_pronto_ws/install/pronto_msgs/share/pronto_msgs/msg/BipedForceTorqueSensors.idl
[21.154s] -- Symlinking: /home/ros/docker_pronto_ws/install/pronto_msgs/share/pronto_msgs/msg/FilterState.msg
[21.165s] -- Symlinking: /home/ros/docker_pronto_ws/install/pronto_msgs/share/pronto_msgs/msg/IndexedMeasurement.msg
[21.174s] -- Symlinking: /home/ros/docker_pronto_ws/install/pronto_msgs/share/pronto_msgs/msg/QuadrupedStance.msg
[21.190s] -- Symlinking: /home/ros/docker_pronto_ws/install/pronto_msgs/share/pronto_msgs/msg/JointStateWithAcceleration.msg
[21.203s] -- Symlinking: /home/ros/docker_pronto_ws/install/pronto_msgs/share/pronto_msgs/msg/ControllerFootContact.msg
[21.215s] -- Symlinking: /home/ros/docker_pronto_ws/install/pronto_msgs/share/pronto_msgs/msg/QuadrupedForceTorqueSensors.msg
[21.227s] -- Symlinking: /home/ros/docker_pronto_ws/install/pronto_msgs/share/pronto_msgs/msg/VelocityWithSigmaBounds.msg
[21.239s] -- Symlinking: /home/ros/docker_pronto_ws/install/pronto_msgs/share/pronto_msgs/msg/VisualOdometryUpdate.msg
[21.250s] -- Symlinking: /home/ros/docker_pronto_ws/install/pronto_msgs/share/pronto_msgs/msg/GPSData.msg
[21.260s] -- Symlinking: /home/ros/docker_pronto_ws/install/pronto_msgs/share/pronto_msgs/msg/LidarOdometryUpdate.msg
[21.271s] -- Symlinking: /home/ros/docker_pronto_ws/install/pronto_msgs/share/pronto_msgs/msg/BipedForceTorqueSensors.msg
[21.281s] -- Symlinking: /home/ros/docker_pronto_ws/install/pronto_msgs/share/ament_index/resource_index/package_run_dependencies/pronto_msgs
[21.296s] -- Symlinking: /home/ros/docker_pronto_ws/install/pronto_msgs/share/ament_index/resource_index/parent_prefix_path/pronto_msgs
[21.308s] -- Symlinking: /home/ros/docker_pronto_ws/install/pronto_msgs/share/pronto_msgs/environment/ament_prefix_path.sh
[21.320s] -- Symlinking: /home/ros/docker_pronto_ws/install/pronto_msgs/share/pronto_msgs/environment/ament_prefix_path.dsv
[21.334s] -- Symlinking: /home/ros/docker_pronto_ws/install/pronto_msgs/share/pronto_msgs/environment/path.sh
[21.347s] -- Symlinking: /home/ros/docker_pronto_ws/install/pronto_msgs/share/pronto_msgs/environment/path.dsv
[21.359s] -- Symlinking: /home/ros/docker_pronto_ws/install/pronto_msgs/share/pronto_msgs/local_setup.bash
[21.377s] -- Symlinking: /home/ros/docker_pronto_ws/install/pronto_msgs/share/pronto_msgs/local_setup.sh
[21.387s] -- Symlinking: /home/ros/docker_pronto_ws/install/pronto_msgs/share/pronto_msgs/local_setup.zsh
[21.399s] -- Symlinking: /home/ros/docker_pronto_ws/install/pronto_msgs/share/pronto_msgs/local_setup.dsv
[21.411s] -- Symlinking: /home/ros/docker_pronto_ws/install/pronto_msgs/share/pronto_msgs/package.dsv
[21.421s] -- Symlinking: /home/ros/docker_pronto_ws/install/pronto_msgs/share/ament_index/resource_index/packages/pronto_msgs
[21.431s] -- Symlinking: /home/ros/docker_pronto_ws/install/pronto_msgs/share/pronto_msgs/cmake/rosidl_cmake-extras.cmake
[21.440s] -- Symlinking: /home/ros/docker_pronto_ws/install/pronto_msgs/share/pronto_msgs/cmake/ament_cmake_export_dependencies-extras.cmake
[21.452s] -- Symlinking: /home/ros/docker_pronto_ws/install/pronto_msgs/share/pronto_msgs/cmake/ament_cmake_export_include_directories-extras.cmake
[21.464s] -- Symlinking: /home/ros/docker_pronto_ws/install/pronto_msgs/share/pronto_msgs/cmake/ament_cmake_export_libraries-extras.cmake
[21.475s] -- Symlinking: /home/ros/docker_pronto_ws/install/pronto_msgs/share/pronto_msgs/cmake/ament_cmake_export_targets-extras.cmake
[21.487s] -- Symlinking: /home/ros/docker_pronto_ws/install/pronto_msgs/share/pronto_msgs/cmake/rosidl_cmake_export_typesupport_targets-extras.cmake
[21.499s] -- Symlinking: /home/ros/docker_pronto_ws/install/pronto_msgs/share/pronto_msgs/cmake/rosidl_cmake_export_typesupport_libraries-extras.cmake
[21.509s] -- Symlinking: /home/ros/docker_pronto_ws/install/pronto_msgs/share/pronto_msgs/cmake/pronto_msgsConfig.cmake
[21.520s] -- Symlinking: /home/ros/docker_pronto_ws/install/pronto_msgs/share/pronto_msgs/cmake/pronto_msgsConfig-version.cmake
[21.533s] -- Symlinking: /home/ros/docker_pronto_ws/install/pronto_msgs/share/pronto_msgs/package.xml
[21.545s] -- Installing: /home/ros/docker_pronto_ws/install/pronto_msgs/lib/libpronto_msgs__rosidl_generator_c.so
[21.545s] -- Set runtime path of "/home/ros/docker_pronto_ws/install/pronto_msgs/lib/libpronto_msgs__rosidl_generator_c.so" to ""
[21.545s] -- Installing: /home/ros/docker_pronto_ws/install/pronto_msgs/lib/libpronto_msgs__rosidl_typesupport_fastrtps_c.so
[21.545s] -- Set runtime path of "/home/ros/docker_pronto_ws/install/pronto_msgs/lib/libpronto_msgs__rosidl_typesupport_fastrtps_c.so" to ""
[21.545s] -- Installing: /home/ros/docker_pronto_ws/install/pronto_msgs/lib/libpronto_msgs__rosidl_typesupport_fastrtps_cpp.so
[21.546s] -- Set runtime path of "/home/ros/docker_pronto_ws/install/pronto_msgs/lib/libpronto_msgs__rosidl_typesupport_fastrtps_cpp.so" to ""
[21.546s] -- Installing: /home/ros/docker_pronto_ws/install/pronto_msgs/lib/libpronto_msgs__rosidl_typesupport_introspection_c.so
[21.546s] -- Set runtime path of "/home/ros/docker_pronto_ws/install/pronto_msgs/lib/libpronto_msgs__rosidl_typesupport_introspection_c.so" to ""
[21.546s] -- Installing: /home/ros/docker_pronto_ws/install/pronto_msgs/lib/libpronto_msgs__rosidl_typesupport_c.so
[21.546s] -- Set runtime path of "/home/ros/docker_pronto_ws/install/pronto_msgs/lib/libpronto_msgs__rosidl_typesupport_c.so" to ""
[21.546s] -- Installing: /home/ros/docker_pronto_ws/install/pronto_msgs/lib/libpronto_msgs__rosidl_typesupport_introspection_cpp.so
[21.547s] -- Set runtime path of "/home/ros/docker_pronto_ws/install/pronto_msgs/lib/libpronto_msgs__rosidl_typesupport_introspection_cpp.so" to ""
[21.547s] -- Installing: /home/ros/docker_pronto_ws/install/pronto_msgs/lib/libpronto_msgs__rosidl_typesupport_cpp.so
[21.547s] -- Set runtime path of "/home/ros/docker_pronto_ws/install/pronto_msgs/lib/libpronto_msgs__rosidl_typesupport_cpp.so" to ""
[21.603s] Listing '/home/ros/docker_pronto_ws/install/pronto_msgs/local/lib/python3.10/dist-packages/pronto_msgs'...
[21.603s] Compiling '/home/ros/docker_pronto_ws/install/pronto_msgs/local/lib/python3.10/dist-packages/pronto_msgs/__init__.py'...
[21.603s] Listing '/home/ros/docker_pronto_ws/install/pronto_msgs/local/lib/python3.10/dist-packages/pronto_msgs/msg'...
[21.603s] Compiling '/home/ros/docker_pronto_ws/install/pronto_msgs/local/lib/python3.10/dist-packages/pronto_msgs/msg/__init__.py'...
[21.604s] Compiling '/home/ros/docker_pronto_ws/install/pronto_msgs/local/lib/python3.10/dist-packages/pronto_msgs/msg/_biped_force_torque_sensors.py'...
[21.604s] Compiling '/home/ros/docker_pronto_ws/install/pronto_msgs/local/lib/python3.10/dist-packages/pronto_msgs/msg/_controller_foot_contact.py'...
[21.604s] Compiling '/home/ros/docker_pronto_ws/install/pronto_msgs/local/lib/python3.10/dist-packages/pronto_msgs/msg/_filter_state.py'...
[21.604s] Compiling '/home/ros/docker_pronto_ws/install/pronto_msgs/local/lib/python3.10/dist-packages/pronto_msgs/msg/_gps_data.py'...
[21.604s] Compiling '/home/ros/docker_pronto_ws/install/pronto_msgs/local/lib/python3.10/dist-packages/pronto_msgs/msg/_indexed_measurement.py'...
[21.604s] Compiling '/home/ros/docker_pronto_ws/install/pronto_msgs/local/lib/python3.10/dist-packages/pronto_msgs/msg/_joint_state_with_acceleration.py'...
[21.604s] Compiling '/home/ros/docker_pronto_ws/install/pronto_msgs/local/lib/python3.10/dist-packages/pronto_msgs/msg/_lidar_odometry_update.py'...
[21.604s] Compiling '/home/ros/docker_pronto_ws/install/pronto_msgs/local/lib/python3.10/dist-packages/pronto_msgs/msg/_quadruped_force_torque_sensors.py'...
[21.605s] Compiling '/home/ros/docker_pronto_ws/install/pronto_msgs/local/lib/python3.10/dist-packages/pronto_msgs/msg/_quadruped_stance.py'...
[21.605s] Compiling '/home/ros/docker_pronto_ws/install/pronto_msgs/local/lib/python3.10/dist-packages/pronto_msgs/msg/_velocity_with_sigma_bounds.py'...
[21.605s] Compiling '/home/ros/docker_pronto_ws/install/pronto_msgs/local/lib/python3.10/dist-packages/pronto_msgs/msg/_visual_odometry_update.py'...
[21.608s] -- Installing: /home/ros/docker_pronto_ws/install/pronto_msgs/lib/libpronto_msgs__rosidl_generator_py.so
[21.608s] -- Set runtime path of "/home/ros/docker_pronto_ws/install/pronto_msgs/lib/libpronto_msgs__rosidl_generator_py.so" to ""
[21.608s] -- Installing: /home/ros/docker_pronto_ws/install/pronto_msgs/share/pronto_msgs/cmake/export_pronto_msgs__rosidl_generator_cExport.cmake
[21.609s] -- Installing: /home/ros/docker_pronto_ws/install/pronto_msgs/share/pronto_msgs/cmake/export_pronto_msgs__rosidl_generator_cExport-release.cmake
[21.609s] -- Installing: /home/ros/docker_pronto_ws/install/pronto_msgs/share/pronto_msgs/cmake/export_pronto_msgs__rosidl_typesupport_fastrtps_cExport.cmake
[21.609s] -- Installing: /home/ros/docker_pronto_ws/install/pronto_msgs/share/pronto_msgs/cmake/export_pronto_msgs__rosidl_typesupport_fastrtps_cExport-release.cmake
[21.610s] -- Installing: /home/ros/docker_pronto_ws/install/pronto_msgs/share/pronto_msgs/cmake/export_pronto_msgs__rosidl_generator_cppExport.cmake
[21.610s] -- Installing: /home/ros/docker_pronto_ws/install/pronto_msgs/share/pronto_msgs/cmake/export_pronto_msgs__rosidl_typesupport_fastrtps_cppExport.cmake
[21.610s] -- Installing: /home/ros/docker_pronto_ws/install/pronto_msgs/share/pronto_msgs/cmake/export_pronto_msgs__rosidl_typesupport_fastrtps_cppExport-release.cmake
[21.611s] -- Installing: /home/ros/docker_pronto_ws/install/pronto_msgs/share/pronto_msgs/cmake/pronto_msgs__rosidl_typesupport_introspection_cExport.cmake
[21.611s] -- Installing: /home/ros/docker_pronto_ws/install/pronto_msgs/share/pronto_msgs/cmake/pronto_msgs__rosidl_typesupport_introspection_cExport-release.cmake
[21.611s] -- Installing: /home/ros/docker_pronto_ws/install/pronto_msgs/share/pronto_msgs/cmake/pronto_msgs__rosidl_typesupport_cExport.cmake
[21.612s] -- Installing: /home/ros/docker_pronto_ws/install/pronto_msgs/share/pronto_msgs/cmake/pronto_msgs__rosidl_typesupport_cExport-release.cmake
[21.612s] -- Installing: /home/ros/docker_pronto_ws/install/pronto_msgs/share/pronto_msgs/cmake/pronto_msgs__rosidl_typesupport_introspection_cppExport.cmake
[21.612s] -- Installing: /home/ros/docker_pronto_ws/install/pronto_msgs/share/pronto_msgs/cmake/pronto_msgs__rosidl_typesupport_introspection_cppExport-release.cmake
[21.613s] -- Installing: /home/ros/docker_pronto_ws/install/pronto_msgs/share/pronto_msgs/cmake/pronto_msgs__rosidl_typesupport_cppExport.cmake
[21.613s] -- Installing: /home/ros/docker_pronto_ws/install/pronto_msgs/share/pronto_msgs/cmake/pronto_msgs__rosidl_typesupport_cppExport-release.cmake
[21.613s] -- Installing: /home/ros/docker_pronto_ws/install/pronto_msgs/share/pronto_msgs/cmake/export_pronto_msgs__rosidl_generator_pyExport.cmake
[21.614s] -- Installing: /home/ros/docker_pronto_ws/install/pronto_msgs/share/pronto_msgs/cmake/export_pronto_msgs__rosidl_generator_pyExport-release.cmake
[21.627s] Invoked command in '/home/ros/docker_pronto_ws/build/pronto_msgs' returned '0': CMAKE_PREFIX_PATH=${CMAKE_PREFIX_PATH}:/home/ros/docker_pronto_ws/install/planners_python:/home/ros/docker_pronto_ws/install/logger_gazebo:/home/ros/docker_pronto_ws/install/terrain_estimator:/home/ros/docker_pronto_ws/install/pose_estimator:/opt/ros/humble /usr/bin/cmake --install /home/ros/docker_pronto_ws/build/pronto_msgs
