[  0%] Built target ament_cmake_python_symlink_rviz_legged_plugins
[100%] Built target rviz_legged_plugins
running egg_info
writing rviz_legged_plugins.egg-info/PKG-INFO
writing dependency_links to rviz_legged_plugins.egg-info/dependency_links.txt
writing top-level names to rviz_legged_plugins.egg-info/top_level.txt
reading manifest file 'rviz_legged_plugins.egg-info/SOURCES.txt'
writing manifest file 'rviz_legged_plugins.egg-info/SOURCES.txt'
[100%] Built target ament_cmake_python_build_rviz_legged_plugins_egg
-- Install configuration: "Release"
-- Execute custom install script
-- Up-to-date symlink: /home/ros/docker_pronto_ws/install/rviz_legged_plugins/share/rviz_legged_plugins//plugins_description.xml
-- Up-to-date symlink: /home/ros/docker_pronto_ws/install/rviz_legged_plugins/share/rviz_legged_plugins/environment/library_path.sh
-- Up-to-date symlink: /home/ros/docker_pronto_ws/install/rviz_legged_plugins/share/rviz_legged_plugins/environment/library_path.dsv
-- Up-to-date symlink: /home/ros/docker_pronto_ws/install/rviz_legged_plugins/include/rviz_legged_plugins/rviz_legged_plugins/displays/external_wrench_display.hpp
-- Up-to-date symlink: /home/ros/docker_pronto_ws/install/rviz_legged_plugins/include/rviz_legged_plugins/rviz_legged_plugins/displays/friction_cones_display.hpp
-- Up-to-date symlink: /home/ros/docker_pronto_ws/install/rviz_legged_plugins/include/rviz_legged_plugins/rviz_legged_plugins/displays/paths_display.hpp
-- Up-to-date symlink: /home/ros/docker_pronto_ws/install/rviz_legged_plugins/share/rviz_legged_plugins/environment/pythonpath.sh
-- Up-to-date symlink: /home/ros/docker_pronto_ws/install/rviz_legged_plugins/share/rviz_legged_plugins/environment/pythonpath.dsv
-- Up-to-date symlink: /home/ros/docker_pronto_ws/install/rviz_legged_plugins/local/lib/python3.10/dist-packages/rviz_legged_plugins-0.0.0-py3.10.egg-info/PKG-INFO
-- Up-to-date symlink: /home/ros/docker_pronto_ws/install/rviz_legged_plugins/local/lib/python3.10/dist-packages/rviz_legged_plugins-0.0.0-py3.10.egg-info/SOURCES.txt
-- Up-to-date symlink: /home/ros/docker_pronto_ws/install/rviz_legged_plugins/local/lib/python3.10/dist-packages/rviz_legged_plugins-0.0.0-py3.10.egg-info/dependency_links.txt
-- Up-to-date symlink: /home/ros/docker_pronto_ws/install/rviz_legged_plugins/local/lib/python3.10/dist-packages/rviz_legged_plugins-0.0.0-py3.10.egg-info/top_level.txt
-- Up-to-date symlink: /home/ros/docker_pronto_ws/install/rviz_legged_plugins/local/lib/python3.10/dist-packages/rviz_legged_plugins/__init__.py
-- Up-to-date symlink: /home/ros/docker_pronto_ws/install/rviz_legged_plugins/lib/rviz_legged_plugins/ground_to_base_frame_broadcaster_node.py
-- Up-to-date symlink: /home/ros/docker_pronto_ws/install/rviz_legged_plugins/lib/rviz_legged_plugins/terrain_projector_node.py
-- Up-to-date symlink: /home/ros/docker_pronto_ws/install/rviz_legged_plugins/share/ament_index/resource_index/package_run_dependencies/rviz_legged_plugins
-- Up-to-date symlink: /home/ros/docker_pronto_ws/install/rviz_legged_plugins/share/ament_index/resource_index/parent_prefix_path/rviz_legged_plugins
-- Up-to-date symlink: /home/ros/docker_pronto_ws/install/rviz_legged_plugins/share/rviz_legged_plugins/environment/ament_prefix_path.sh
-- Up-to-date symlink: /home/ros/docker_pronto_ws/install/rviz_legged_plugins/share/rviz_legged_plugins/environment/ament_prefix_path.dsv
-- Up-to-date symlink: /home/ros/docker_pronto_ws/install/rviz_legged_plugins/share/rviz_legged_plugins/environment/path.sh
-- Up-to-date symlink: /home/ros/docker_pronto_ws/install/rviz_legged_plugins/share/rviz_legged_plugins/environment/path.dsv
-- Up-to-date symlink: /home/ros/docker_pronto_ws/install/rviz_legged_plugins/share/rviz_legged_plugins/local_setup.bash
-- Up-to-date symlink: /home/ros/docker_pronto_ws/install/rviz_legged_plugins/share/rviz_legged_plugins/local_setup.sh
-- Up-to-date symlink: /home/ros/docker_pronto_ws/install/rviz_legged_plugins/share/rviz_legged_plugins/local_setup.zsh
-- Up-to-date symlink: /home/ros/docker_pronto_ws/install/rviz_legged_plugins/share/rviz_legged_plugins/local_setup.dsv
-- Symlinking: /home/ros/docker_pronto_ws/install/rviz_legged_plugins/share/rviz_legged_plugins/package.dsv
-- Up-to-date symlink: /home/ros/docker_pronto_ws/install/rviz_legged_plugins/share/ament_index/resource_index/packages/rviz_legged_plugins
-- Up-to-date symlink: /home/ros/docker_pronto_ws/install/rviz_legged_plugins/share/ament_index/resource_index/rviz_common__pluginlib__plugin/rviz_legged_plugins
-- Up-to-date symlink: /home/ros/docker_pronto_ws/install/rviz_legged_plugins/share/rviz_legged_plugins/cmake/rviz_legged_plugins-extras.cmake
-- Up-to-date symlink: /home/ros/docker_pronto_ws/install/rviz_legged_plugins/share/rviz_legged_plugins/cmake/ament_cmake_export_include_directories-extras.cmake
-- Up-to-date symlink: /home/ros/docker_pronto_ws/install/rviz_legged_plugins/share/rviz_legged_plugins/cmake/ament_cmake_export_targets-extras.cmake
-- Up-to-date symlink: /home/ros/docker_pronto_ws/install/rviz_legged_plugins/share/rviz_legged_plugins/cmake/ament_cmake_export_dependencies-extras.cmake
-- Up-to-date symlink: /home/ros/docker_pronto_ws/install/rviz_legged_plugins/share/rviz_legged_plugins/cmake/rviz_legged_pluginsConfig.cmake
-- Up-to-date symlink: /home/ros/docker_pronto_ws/install/rviz_legged_plugins/share/rviz_legged_plugins/cmake/rviz_legged_pluginsConfig-version.cmake
-- Up-to-date symlink: /home/ros/docker_pronto_ws/install/rviz_legged_plugins/share/rviz_legged_plugins/package.xml
-- Up-to-date: /home/ros/docker_pronto_ws/install/rviz_legged_plugins/lib/librviz_legged_plugins.so
Listing '/home/ros/docker_pronto_ws/install/rviz_legged_plugins/local/lib/python3.10/dist-packages/rviz_legged_plugins'...
-- Up-to-date: /home/ros/docker_pronto_ws/install/rviz_legged_plugins/share/rviz_legged_plugins/cmake/rviz_legged_pluginsExport.cmake
-- Up-to-date: /home/ros/docker_pronto_ws/install/rviz_legged_plugins/share/rviz_legged_plugins/cmake/rviz_legged_pluginsExport-release.cmake
