-- The C compiler identification is GNU 11.4.0
-- The CXX compiler identification is GNU 11.4.0
-- Detecting C compiler ABI info
-- Detecting C compiler ABI info - done
-- Check for working C compiler: /usr/bin/cc - skipped
-- Detecting C compile features
-- Detecting C compile features - done
-- Detecting CXX compiler ABI info
-- Detecting CXX compiler ABI info - done
-- Check for working CXX compiler: /usr/bin/c++ - skipped
-- Detecting CXX compile features
-- Detecting CXX compile features - done
-- Found ament_cmake: 1.3.6 (/opt/ros/humble/share/ament_cmake/cmake)
-- Found Python3: /usr/bin/python3.10 (found version "3.10.12") found components: Interpreter 
-- Override CMake install command with custom implementation using symlinks instead of copying resources
-- Found rclcpp: 16.0.7 (/opt/ros/humble/share/rclcpp/cmake)
-- Found rosidl_generator_c: 3.1.5 (/opt/ros/humble/share/rosidl_generator_c/cmake)
-- Found rosidl_adapter: 3.1.5 (/opt/ros/humble/share/rosidl_adapter/cmake)
-- Found rosidl_generator_cpp: 3.1.5 (/opt/ros/humble/share/rosidl_generator_cpp/cmake)
-- Using all available rosidl_typesupport_c: rosidl_typesupport_fastrtps_c;rosidl_typesupport_introspection_c
-- Using all available rosidl_typesupport_cpp: rosidl_typesupport_fastrtps_cpp;rosidl_typesupport_introspection_cpp
-- Found rmw_implementation_cmake: 6.1.1 (/opt/ros/humble/share/rmw_implementation_cmake/cmake)
-- Found rmw_fastrtps_cpp: 6.2.5 (/opt/ros/humble/share/rmw_fastrtps_cpp/cmake)
-- Found OpenSSL: /usr/lib/x86_64-linux-gnu/libcrypto.so (found version "3.0.2")  
-- Found FastRTPS: /opt/ros/humble/include  
-- Using RMW implementation 'rmw_fastrtps_cpp' as default
-- Looking for pthread.h
-- Looking for pthread.h - found
-- Performing Test CMAKE_HAVE_LIBC_PTHREAD
-- Performing Test CMAKE_HAVE_LIBC_PTHREAD - Success
-- Found Threads: TRUE  
-- Found geometry_msgs: 4.2.3 (/opt/ros/humble/share/geometry_msgs/cmake)
-- Found gazebo_msgs: 3.7.0 (/opt/ros/humble/share/gazebo_msgs/cmake)
-- Found rosbag2_cpp: 0.15.8 (/opt/ros/humble/share/rosbag2_cpp/cmake)
-- Found velocity_command_msgs: 0.0.0 (/home/ros/docker_pronto_ws/install/velocity_command_msgs/share/velocity_command_msgs/cmake)
-- Found std_srvs: 4.2.3 (/opt/ros/humble/share/std_srvs/cmake)
-- Found pronto_msgs: 0.3.0 (/home/ros/docker_pronto_ws/install/pronto_msgs/share/pronto_msgs/cmake)
-- Found ament_lint_auto: 0.12.9 (/opt/ros/humble/share/ament_lint_auto/cmake)
-- Added test 'cppcheck' to perform static code analysis on C / C++ code
-- Configured cppcheck include dirs: /home/ros/docker_pronto_ws/src/pronto_tuning/include
-- Configured cppcheck exclude dirs and/or files: 
-- Added test 'flake8' to check Python code syntax and style conventions
-- Added test 'lint_cmake' to check CMake code style
-- Added test 'pep257' to check Python code against some of the docstring style conventions in PEP 257
-- Added test 'uncrustify' to check C / C++ code style
-- Configured uncrustify additional arguments: 
-- Added test 'xmllint' to check XML markup files
-- Configuring done
-- Generating done
-- Build files have been written to: /home/ros/docker_pronto_ws/build/pronto_tuning
[ 25%] [32mBuilding CXX object CMakeFiles/tuning_node.dir/src/tuning_node.cpp.o[0m
[ 50%] [32mBuilding CXX object CMakeFiles/command_node.dir/src/command_node.cpp.o[0m
[01m[K/home/ros/docker_pronto_ws/src/pronto_tuning/src/tuning_node.cpp:[m[K In member function ‘[01m[Kvoid tuning_node::Tuning_Node::stop_record(std::shared_ptr<std_srvs::srv::Empty_Request_<std::allocator<void> > >, std::shared_ptr<std_srvs::srv::Empty_Response_<std::allocator<void> > >)[m[K’:
[01m[K/home/ros/docker_pronto_ws/src/pronto_tuning/src/tuning_node.cpp:202:70:[m[K [01;35m[Kwarning: [m[Kunused parameter ‘[01m[Kreq[m[K’ [[01;35m[K-Wunused-parameter[m[K]
  202 |             void stop_record([01;35m[Kconst std::shared_ptr<StopSrv::Request> req[m[K, const std::shared_ptr<StopSrv::Response> res)
      |                              [01;35m[K~~~~~~~~~~~~~~~~~~~~~~~~~~~~~~~~~~~~~~~~^~~[m[K
[01m[K/home/ros/docker_pronto_ws/src/pronto_tuning/src/tuning_node.cpp:202:116:[m[K [01;35m[Kwarning: [m[Kunused parameter ‘[01m[Kres[m[K’ [[01;35m[K-Wunused-parameter[m[K]
  202 | cord(const std::shared_ptr<StopSrv::Request> req, [01;35m[Kconst std::shared_ptr<StopSrv::Response> res[m[K)
      |                                                   [01;35m[K~~~~~~~~~~~~~~~~~~~~~~~~~~~~~~~~~~~~~~~~~^~~[m[K

[ 75%] [32m[1mLinking CXX executable command_node[0m
[ 75%] Built target command_node
[100%] [32m[1mLinking CXX executable tuning_node[0m
[100%] Built target tuning_node
-- Install configuration: "Release"
-- Execute custom install script
-- Symlinking: /home/ros/docker_pronto_ws/install/pronto_tuning/lib/pronto_tuning/tuning_node
-- Symlinking: /home/ros/docker_pronto_ws/install/pronto_tuning/lib/pronto_tuning/command_node
-- Symlinking: /home/ros/docker_pronto_ws/install/pronto_tuning/share/pronto_tuning/launch/cmd_rec.launch.py
-- Symlinking: /home/ros/docker_pronto_ws/install/pronto_tuning/share/pronto_tuning/launch/command_tuning.launch.py
-- Symlinking: /home/ros/docker_pronto_ws/install/pronto_tuning/share/pronto_tuning/launch/experiments_pronto.launch.py
-- Symlinking: /home/ros/docker_pronto_ws/install/pronto_tuning/share/pronto_tuning/launch/filter_tuning.launch.py
-- Symlinking: /home/ros/docker_pronto_ws/install/pronto_tuning/share/pronto_tuning/config/Exp_1_cmd.yaml
-- Symlinking: /home/ros/docker_pronto_ws/install/pronto_tuning/share/pronto_tuning/config/Exp_2_cmd.yaml
-- Symlinking: /home/ros/docker_pronto_ws/install/pronto_tuning/share/pronto_tuning/config/Exp_3_cmd.yaml
-- Symlinking: /home/ros/docker_pronto_ws/install/pronto_tuning/share/pronto_tuning/config/Exp_4_cmd.yaml
-- Symlinking: /home/ros/docker_pronto_ws/install/pronto_tuning/share/pronto_tuning/config/tuning_node_param.yaml
-- Symlinking: /home/ros/docker_pronto_ws/install/pronto_tuning/share/ament_index/resource_index/package_run_dependencies/pronto_tuning
-- Symlinking: /home/ros/docker_pronto_ws/install/pronto_tuning/share/ament_index/resource_index/parent_prefix_path/pronto_tuning
-- Symlinking: /home/ros/docker_pronto_ws/install/pronto_tuning/share/pronto_tuning/environment/ament_prefix_path.sh
-- Symlinking: /home/ros/docker_pronto_ws/install/pronto_tuning/share/pronto_tuning/environment/ament_prefix_path.dsv
-- Symlinking: /home/ros/docker_pronto_ws/install/pronto_tuning/share/pronto_tuning/environment/path.sh
-- Symlinking: /home/ros/docker_pronto_ws/install/pronto_tuning/share/pronto_tuning/environment/path.dsv
-- Symlinking: /home/ros/docker_pronto_ws/install/pronto_tuning/share/pronto_tuning/local_setup.bash
-- Symlinking: /home/ros/docker_pronto_ws/install/pronto_tuning/share/pronto_tuning/local_setup.sh
-- Symlinking: /home/ros/docker_pronto_ws/install/pronto_tuning/share/pronto_tuning/local_setup.zsh
-- Symlinking: /home/ros/docker_pronto_ws/install/pronto_tuning/share/pronto_tuning/local_setup.dsv
-- Symlinking: /home/ros/docker_pronto_ws/install/pronto_tuning/share/pronto_tuning/package.dsv
-- Symlinking: /home/ros/docker_pronto_ws/install/pronto_tuning/share/ament_index/resource_index/packages/pronto_tuning
-- Symlinking: /home/ros/docker_pronto_ws/install/pronto_tuning/share/pronto_tuning/cmake/pronto_tuningConfig.cmake
-- Symlinking: /home/ros/docker_pronto_ws/install/pronto_tuning/share/pronto_tuning/cmake/pronto_tuningConfig-version.cmake
-- Symlinking: /home/ros/docker_pronto_ws/install/pronto_tuning/share/pronto_tuning/package.xml
