[0.199s] Invoking command in '/home/ros/docker_pronto_ws/build/pronto_tuning': CMAKE_PREFIX_PATH=/home/ros/docker_pronto_ws/install/velocity_command_msgs:/home/ros/docker_pronto_ws/install/pronto_msgs:/home/ros/docker_pronto_ws/install/hqp_controller:/home/ros/docker_pronto_ws/install/whole_body_controller:/home/ros/docker_pronto_ws/install/teleoperate_robot:/home/ros/docker_pronto_ws/install/pronto_tuning:/home/ros/docker_pronto_ws/install/lip_walking_trot_planner:/home/ros/docker_pronto_ws/install/static_walk_planner:/home/ros/docker_pronto_ws/install/robot_gazebo:/home/ros/docker_pronto_ws/install/solo_description:/home/ros/docker_pronto_ws/install/robot_model:/home/ros/docker_pronto_ws/install/ryml:/home/ros/docker_pronto_ws/install/rviz_legged_plugins:/home/ros/docker_pronto_ws/install/rviz_legged_msgs:/home/ros/docker_pronto_ws/install/anymal_c_simple_description:/home/ros/docker_pronto_ws/install/robot_control:/home/ros/docker_pronto_ws/install/hierarchical_optimization:/home/ros/docker_pronto_ws/install/quadprog:/home/ros/docker_pronto_ws/install/pronto_ros2_controller:/home/ros/docker_pronto_ws/install/pronto_solo12:/home/ros/docker_pronto_ws/install/pronto_quadruped_ros:/home/ros/docker_pronto_ws/install/pronto_quadruped:/home/ros/docker_pronto_ws/install/pronto_utils:/home/ros/docker_pronto_ws/install/pronto_ros:/home/ros/docker_pronto_ws/install/pronto_quadruped_commons:/home/ros/docker_pronto_ws/install/pronto_core:/home/ros/docker_pronto_ws/install/pi3hat_moteus_int_msgs:/home/ros/docker_pronto_ws/install/generalized_pose_msgs:/opt/openrobots:/home/ros/docker_pronto_ws/install/planners_python:/home/ros/docker_pronto_ws/install/logger_gazebo:/home/ros/docker_pronto_ws/install/terrain_estimator:/home/ros/docker_pronto_ws/install/pose_estimator:/opt/ros/humble LD_LIBRARY_PATH=/home/ros/docker_pronto_ws/install/velocity_command_msgs/lib:/home/ros/docker_pronto_ws/install/pronto_msgs/lib:/home/ros/docker_pronto_ws/install/hqp_controller/lib:/home/ros/docker_pronto_ws/install/whole_body_controller/lib:/home/ros/docker_pronto_ws/install/teleoperate_robot/lib:/home/ros/docker_pronto_ws/install/lip_walking_trot_planner/lib:/home/ros/docker_pronto_ws/install/static_walk_planner/lib:/home/ros/docker_pronto_ws/install/robot_model/lib:/home/ros/docker_pronto_ws/install/ryml/lib:/home/ros/docker_pronto_ws/install/rviz_legged_plugins/lib:/home/ros/docker_pronto_ws/install/rviz_legged_msgs/lib:/home/ros/docker_pronto_ws/install/hierarchical_optimization/lib:/home/ros/docker_pronto_ws/install/quadprog/lib:/home/ros/docker_pronto_ws/install/pronto_ros2_controller/lib:/home/ros/docker_pronto_ws/install/pronto_solo12/lib:/home/ros/docker_pronto_ws/install/pronto_quadruped_ros/lib:/home/ros/docker_pronto_ws/install/pronto_quadruped/lib:/home/ros/docker_pronto_ws/install/pronto_utils/lib:/home/ros/docker_pronto_ws/install/pronto_ros/lib:/home/ros/docker_pronto_ws/install/pronto_core/lib:/home/ros/docker_pronto_ws/install/pi3hat_moteus_int_msgs/lib:/home/ros/docker_pronto_ws/install/generalized_pose_msgs/lib:/usr/lib/x86_64-linux-gnu/gazebo-11/plugins:/opt/ros/humble/opt/rviz_ogre_vendor/lib:/opt/ros/humble/lib/x86_64-linux-gnu:/opt/ros/humble/lib:/opt/openrobots/lib:/usr/share/gazebo/../../lib/x86_64-linux-gnu/gazebo-11/plugins /usr/bin/cmake /home/ros/docker_pronto_ws/src/pronto_tuning -DCMAKE_BUILD_TYPE=Release -DCMAKE_EXPORT_COMPILE_COMMANDS=ON -DAMENT_CMAKE_SYMLINK_INSTALL=1 -DCMAKE_INSTALL_PREFIX=/home/ros/docker_pronto_ws/install/pronto_tuning
[0.379s] -- The C compiler identification is GNU 11.4.0
[0.472s] -- The CXX compiler identification is GNU 11.4.0
[0.483s] -- Detecting C compiler ABI info
[0.594s] -- Detecting C compiler ABI info - done
[0.605s] -- Check for working C compiler: /usr/bin/cc - skipped
[0.605s] -- Detecting C compile features
[0.606s] -- Detecting C compile features - done
[0.610s] -- Detecting CXX compiler ABI info
[0.734s] -- Detecting CXX compiler ABI info - done
[0.745s] -- Check for working CXX compiler: /usr/bin/c++ - skipped
[0.746s] -- Detecting CXX compile features
[0.747s] -- Detecting CXX compile features - done
[0.752s] -- Found ament_cmake: 1.3.6 (/opt/ros/humble/share/ament_cmake/cmake)
[1.131s] -- Found Python3: /usr/bin/python3.10 (found version "3.10.12") found components: Interpreter 
[1.259s] -- Override CMake install command with custom implementation using symlinks instead of copying resources
[1.368s] -- Found rclcpp: 16.0.7 (/opt/ros/humble/share/rclcpp/cmake)
[1.514s] -- Found rosidl_generator_c: 3.1.5 (/opt/ros/humble/share/rosidl_generator_c/cmake)
[1.528s] -- Found rosidl_adapter: 3.1.5 (/opt/ros/humble/share/rosidl_adapter/cmake)
[1.546s] -- Found rosidl_generator_cpp: 3.1.5 (/opt/ros/humble/share/rosidl_generator_cpp/cmake)
[1.573s] -- Using all available rosidl_typesupport_c: rosidl_typesupport_fastrtps_c;rosidl_typesupport_introspection_c
[1.611s] -- Using all available rosidl_typesupport_cpp: rosidl_typesupport_fastrtps_cpp;rosidl_typesupport_introspection_cpp
[1.741s] -- Found rmw_implementation_cmake: 6.1.1 (/opt/ros/humble/share/rmw_implementation_cmake/cmake)
[1.748s] -- Found rmw_fastrtps_cpp: 6.2.5 (/opt/ros/humble/share/rmw_fastrtps_cpp/cmake)
[2.232s] -- Found OpenSSL: /usr/lib/x86_64-linux-gnu/libcrypto.so (found version "3.0.2")  
[2.331s] -- Found FastRTPS: /opt/ros/humble/include  
[2.458s] -- Using RMW implementation 'rmw_fastrtps_cpp' as default
[2.497s] -- Looking for pthread.h
[2.808s] -- Looking for pthread.h - found
[2.808s] -- Performing Test CMAKE_HAVE_LIBC_PTHREAD
[3.129s] -- Performing Test CMAKE_HAVE_LIBC_PTHREAD - Success
[3.130s] -- Found Threads: TRUE  
[3.612s] -- Found geometry_msgs: 4.2.3 (/opt/ros/humble/share/geometry_msgs/cmake)
[3.692s] -- Found gazebo_msgs: 3.7.0 (/opt/ros/humble/share/gazebo_msgs/cmake)
[4.089s] -- Found rosbag2_cpp: 0.15.8 (/opt/ros/humble/share/rosbag2_cpp/cmake)
[4.218s] -- Found velocity_command_msgs: 0.0.0 (/home/ros/docker_pronto_ws/install/velocity_command_msgs/share/velocity_command_msgs/cmake)
[4.295s] -- Found std_srvs: 4.2.3 (/opt/ros/humble/share/std_srvs/cmake)
[4.322s] -- Found pronto_msgs: 0.3.0 (/home/ros/docker_pronto_ws/install/pronto_msgs/share/pronto_msgs/cmake)
[4.459s] -- Found ament_lint_auto: 0.12.9 (/opt/ros/humble/share/ament_lint_auto/cmake)
[4.604s] -- Added test 'cppcheck' to perform static code analysis on C / C++ code
[4.604s] -- Configured cppcheck include dirs: /home/ros/docker_pronto_ws/src/pronto_tuning/include
[4.604s] -- Configured cppcheck exclude dirs and/or files: 
[4.606s] -- Added test 'flake8' to check Python code syntax and style conventions
[4.607s] -- Added test 'lint_cmake' to check CMake code style
[4.608s] -- Added test 'pep257' to check Python code against some of the docstring style conventions in PEP 257
[4.611s] -- Added test 'uncrustify' to check C / C++ code style
[4.611s] -- Configured uncrustify additional arguments: 
[4.612s] -- Added test 'xmllint' to check XML markup files
[4.615s] -- Configuring done
[4.639s] -- Generating done
[4.642s] -- Build files have been written to: /home/ros/docker_pronto_ws/build/pronto_tuning
[4.659s] Invoked command in '/home/ros/docker_pronto_ws/build/pronto_tuning' returned '0': CMAKE_PREFIX_PATH=/home/ros/docker_pronto_ws/install/velocity_command_msgs:/home/ros/docker_pronto_ws/install/pronto_msgs:/home/ros/docker_pronto_ws/install/hqp_controller:/home/ros/docker_pronto_ws/install/whole_body_controller:/home/ros/docker_pronto_ws/install/teleoperate_robot:/home/ros/docker_pronto_ws/install/pronto_tuning:/home/ros/docker_pronto_ws/install/lip_walking_trot_planner:/home/ros/docker_pronto_ws/install/static_walk_planner:/home/ros/docker_pronto_ws/install/robot_gazebo:/home/ros/docker_pronto_ws/install/solo_description:/home/ros/docker_pronto_ws/install/robot_model:/home/ros/docker_pronto_ws/install/ryml:/home/ros/docker_pronto_ws/install/rviz_legged_plugins:/home/ros/docker_pronto_ws/install/rviz_legged_msgs:/home/ros/docker_pronto_ws/install/anymal_c_simple_description:/home/ros/docker_pronto_ws/install/robot_control:/home/ros/docker_pronto_ws/install/hierarchical_optimization:/home/ros/docker_pronto_ws/install/quadprog:/home/ros/docker_pronto_ws/install/pronto_ros2_controller:/home/ros/docker_pronto_ws/install/pronto_solo12:/home/ros/docker_pronto_ws/install/pronto_quadruped_ros:/home/ros/docker_pronto_ws/install/pronto_quadruped:/home/ros/docker_pronto_ws/install/pronto_utils:/home/ros/docker_pronto_ws/install/pronto_ros:/home/ros/docker_pronto_ws/install/pronto_quadruped_commons:/home/ros/docker_pronto_ws/install/pronto_core:/home/ros/docker_pronto_ws/install/pi3hat_moteus_int_msgs:/home/ros/docker_pronto_ws/install/generalized_pose_msgs:/opt/openrobots:/home/ros/docker_pronto_ws/install/planners_python:/home/ros/docker_pronto_ws/install/logger_gazebo:/home/ros/docker_pronto_ws/install/terrain_estimator:/home/ros/docker_pronto_ws/install/pose_estimator:/opt/ros/humble LD_LIBRARY_PATH=/home/ros/docker_pronto_ws/install/velocity_command_msgs/lib:/home/ros/docker_pronto_ws/install/pronto_msgs/lib:/home/ros/docker_pronto_ws/install/hqp_controller/lib:/home/ros/docker_pronto_ws/install/whole_body_controller/lib:/home/ros/docker_pronto_ws/install/teleoperate_robot/lib:/home/ros/docker_pronto_ws/install/lip_walking_trot_planner/lib:/home/ros/docker_pronto_ws/install/static_walk_planner/lib:/home/ros/docker_pronto_ws/install/robot_model/lib:/home/ros/docker_pronto_ws/install/ryml/lib:/home/ros/docker_pronto_ws/install/rviz_legged_plugins/lib:/home/ros/docker_pronto_ws/install/rviz_legged_msgs/lib:/home/ros/docker_pronto_ws/install/hierarchical_optimization/lib:/home/ros/docker_pronto_ws/install/quadprog/lib:/home/ros/docker_pronto_ws/install/pronto_ros2_controller/lib:/home/ros/docker_pronto_ws/install/pronto_solo12/lib:/home/ros/docker_pronto_ws/install/pronto_quadruped_ros/lib:/home/ros/docker_pronto_ws/install/pronto_quadruped/lib:/home/ros/docker_pronto_ws/install/pronto_utils/lib:/home/ros/docker_pronto_ws/install/pronto_ros/lib:/home/ros/docker_pronto_ws/install/pronto_core/lib:/home/ros/docker_pronto_ws/install/pi3hat_moteus_int_msgs/lib:/home/ros/docker_pronto_ws/install/generalized_pose_msgs/lib:/usr/lib/x86_64-linux-gnu/gazebo-11/plugins:/opt/ros/humble/opt/rviz_ogre_vendor/lib:/opt/ros/humble/lib/x86_64-linux-gnu:/opt/ros/humble/lib:/opt/openrobots/lib:/usr/share/gazebo/../../lib/x86_64-linux-gnu/gazebo-11/plugins /usr/bin/cmake /home/ros/docker_pronto_ws/src/pronto_tuning -DCMAKE_BUILD_TYPE=Release -DCMAKE_EXPORT_COMPILE_COMMANDS=ON -DAMENT_CMAKE_SYMLINK_INSTALL=1 -DCMAKE_INSTALL_PREFIX=/home/ros/docker_pronto_ws/install/pronto_tuning
[4.662s] Invoking command in '/home/ros/docker_pronto_ws/build/pronto_tuning': CMAKE_PREFIX_PATH=/home/ros/docker_pronto_ws/install/velocity_command_msgs:/home/ros/docker_pronto_ws/install/pronto_msgs:/home/ros/docker_pronto_ws/install/hqp_controller:/home/ros/docker_pronto_ws/install/whole_body_controller:/home/ros/docker_pronto_ws/install/teleoperate_robot:/home/ros/docker_pronto_ws/install/pronto_tuning:/home/ros/docker_pronto_ws/install/lip_walking_trot_planner:/home/ros/docker_pronto_ws/install/static_walk_planner:/home/ros/docker_pronto_ws/install/robot_gazebo:/home/ros/docker_pronto_ws/install/solo_description:/home/ros/docker_pronto_ws/install/robot_model:/home/ros/docker_pronto_ws/install/ryml:/home/ros/docker_pronto_ws/install/rviz_legged_plugins:/home/ros/docker_pronto_ws/install/rviz_legged_msgs:/home/ros/docker_pronto_ws/install/anymal_c_simple_description:/home/ros/docker_pronto_ws/install/robot_control:/home/ros/docker_pronto_ws/install/hierarchical_optimization:/home/ros/docker_pronto_ws/install/quadprog:/home/ros/docker_pronto_ws/install/pronto_ros2_controller:/home/ros/docker_pronto_ws/install/pronto_solo12:/home/ros/docker_pronto_ws/install/pronto_quadruped_ros:/home/ros/docker_pronto_ws/install/pronto_quadruped:/home/ros/docker_pronto_ws/install/pronto_utils:/home/ros/docker_pronto_ws/install/pronto_ros:/home/ros/docker_pronto_ws/install/pronto_quadruped_commons:/home/ros/docker_pronto_ws/install/pronto_core:/home/ros/docker_pronto_ws/install/pi3hat_moteus_int_msgs:/home/ros/docker_pronto_ws/install/generalized_pose_msgs:/opt/openrobots:/home/ros/docker_pronto_ws/install/planners_python:/home/ros/docker_pronto_ws/install/logger_gazebo:/home/ros/docker_pronto_ws/install/terrain_estimator:/home/ros/docker_pronto_ws/install/pose_estimator:/opt/ros/humble LD_LIBRARY_PATH=/home/ros/docker_pronto_ws/install/velocity_command_msgs/lib:/home/ros/docker_pronto_ws/install/pronto_msgs/lib:/home/ros/docker_pronto_ws/install/hqp_controller/lib:/home/ros/docker_pronto_ws/install/whole_body_controller/lib:/home/ros/docker_pronto_ws/install/teleoperate_robot/lib:/home/ros/docker_pronto_ws/install/lip_walking_trot_planner/lib:/home/ros/docker_pronto_ws/install/static_walk_planner/lib:/home/ros/docker_pronto_ws/install/robot_model/lib:/home/ros/docker_pronto_ws/install/ryml/lib:/home/ros/docker_pronto_ws/install/rviz_legged_plugins/lib:/home/ros/docker_pronto_ws/install/rviz_legged_msgs/lib:/home/ros/docker_pronto_ws/install/hierarchical_optimization/lib:/home/ros/docker_pronto_ws/install/quadprog/lib:/home/ros/docker_pronto_ws/install/pronto_ros2_controller/lib:/home/ros/docker_pronto_ws/install/pronto_solo12/lib:/home/ros/docker_pronto_ws/install/pronto_quadruped_ros/lib:/home/ros/docker_pronto_ws/install/pronto_quadruped/lib:/home/ros/docker_pronto_ws/install/pronto_utils/lib:/home/ros/docker_pronto_ws/install/pronto_ros/lib:/home/ros/docker_pronto_ws/install/pronto_core/lib:/home/ros/docker_pronto_ws/install/pi3hat_moteus_int_msgs/lib:/home/ros/docker_pronto_ws/install/generalized_pose_msgs/lib:/usr/lib/x86_64-linux-gnu/gazebo-11/plugins:/opt/ros/humble/opt/rviz_ogre_vendor/lib:/opt/ros/humble/lib/x86_64-linux-gnu:/opt/ros/humble/lib:/opt/openrobots/lib:/usr/share/gazebo/../../lib/x86_64-linux-gnu/gazebo-11/plugins /usr/bin/cmake --build /home/ros/docker_pronto_ws/build/pronto_tuning -- -j16 -l16
[4.794s] [ 25%] [32mBuilding CXX object CMakeFiles/tuning_node.dir/src/tuning_node.cpp.o[0m
[4.824s] [ 50%] [32mBuilding CXX object CMakeFiles/command_node.dir/src/command_node.cpp.o[0m
[10.103s] [01m[K/home/ros/docker_pronto_ws/src/pronto_tuning/src/tuning_node.cpp:[m[K In member function ‘[01m[Kvoid tuning_node::Tuning_Node::stop_record(std::shared_ptr<std_srvs::srv::Empty_Request_<std::allocator<void> > >, std::shared_ptr<std_srvs::srv::Empty_Response_<std::allocator<void> > >)[m[K’:
[10.103s] [01m[K/home/ros/docker_pronto_ws/src/pronto_tuning/src/tuning_node.cpp:202:70:[m[K [01;35m[Kwarning: [m[Kunused parameter ‘[01m[Kreq[m[K’ [[01;35m[K-Wunused-parameter[m[K]
[10.103s]   202 |             void stop_record([01;35m[Kconst std::shared_ptr<StopSrv::Request> req[m[K, const std::shared_ptr<StopSrv::Response> res)
[10.103s]       |                              [01;35m[K~~~~~~~~~~~~~~~~~~~~~~~~~~~~~~~~~~~~~~~~^~~[m[K
[10.104s] [01m[K/home/ros/docker_pronto_ws/src/pronto_tuning/src/tuning_node.cpp:202:116:[m[K [01;35m[Kwarning: [m[Kunused parameter ‘[01m[Kres[m[K’ [[01;35m[K-Wunused-parameter[m[K]
[10.104s]   202 | cord(const std::shared_ptr<StopSrv::Request> req, [01;35m[Kconst std::shared_ptr<StopSrv::Response> res[m[K)
[10.104s]       |                                                   [01;35m[K~~~~~~~~~~~~~~~~~~~~~~~~~~~~~~~~~~~~~~~~~^~~[m[K
[10.104s] 
[14.286s] [ 75%] [32m[1mLinking CXX executable command_node[0m
[14.532s] [ 75%] Built target command_node
[39.925s] [100%] [32m[1mLinking CXX executable tuning_node[0m
[40.146s] [100%] Built target tuning_node
[40.156s] Invoked command in '/home/ros/docker_pronto_ws/build/pronto_tuning' returned '0': CMAKE_PREFIX_PATH=/home/ros/docker_pronto_ws/install/velocity_command_msgs:/home/ros/docker_pronto_ws/install/pronto_msgs:/home/ros/docker_pronto_ws/install/hqp_controller:/home/ros/docker_pronto_ws/install/whole_body_controller:/home/ros/docker_pronto_ws/install/teleoperate_robot:/home/ros/docker_pronto_ws/install/pronto_tuning:/home/ros/docker_pronto_ws/install/lip_walking_trot_planner:/home/ros/docker_pronto_ws/install/static_walk_planner:/home/ros/docker_pronto_ws/install/robot_gazebo:/home/ros/docker_pronto_ws/install/solo_description:/home/ros/docker_pronto_ws/install/robot_model:/home/ros/docker_pronto_ws/install/ryml:/home/ros/docker_pronto_ws/install/rviz_legged_plugins:/home/ros/docker_pronto_ws/install/rviz_legged_msgs:/home/ros/docker_pronto_ws/install/anymal_c_simple_description:/home/ros/docker_pronto_ws/install/robot_control:/home/ros/docker_pronto_ws/install/hierarchical_optimization:/home/ros/docker_pronto_ws/install/quadprog:/home/ros/docker_pronto_ws/install/pronto_ros2_controller:/home/ros/docker_pronto_ws/install/pronto_solo12:/home/ros/docker_pronto_ws/install/pronto_quadruped_ros:/home/ros/docker_pronto_ws/install/pronto_quadruped:/home/ros/docker_pronto_ws/install/pronto_utils:/home/ros/docker_pronto_ws/install/pronto_ros:/home/ros/docker_pronto_ws/install/pronto_quadruped_commons:/home/ros/docker_pronto_ws/install/pronto_core:/home/ros/docker_pronto_ws/install/pi3hat_moteus_int_msgs:/home/ros/docker_pronto_ws/install/generalized_pose_msgs:/opt/openrobots:/home/ros/docker_pronto_ws/install/planners_python:/home/ros/docker_pronto_ws/install/logger_gazebo:/home/ros/docker_pronto_ws/install/terrain_estimator:/home/ros/docker_pronto_ws/install/pose_estimator:/opt/ros/humble LD_LIBRARY_PATH=/home/ros/docker_pronto_ws/install/velocity_command_msgs/lib:/home/ros/docker_pronto_ws/install/pronto_msgs/lib:/home/ros/docker_pronto_ws/install/hqp_controller/lib:/home/ros/docker_pronto_ws/install/whole_body_controller/lib:/home/ros/docker_pronto_ws/install/teleoperate_robot/lib:/home/ros/docker_pronto_ws/install/lip_walking_trot_planner/lib:/home/ros/docker_pronto_ws/install/static_walk_planner/lib:/home/ros/docker_pronto_ws/install/robot_model/lib:/home/ros/docker_pronto_ws/install/ryml/lib:/home/ros/docker_pronto_ws/install/rviz_legged_plugins/lib:/home/ros/docker_pronto_ws/install/rviz_legged_msgs/lib:/home/ros/docker_pronto_ws/install/hierarchical_optimization/lib:/home/ros/docker_pronto_ws/install/quadprog/lib:/home/ros/docker_pronto_ws/install/pronto_ros2_controller/lib:/home/ros/docker_pronto_ws/install/pronto_solo12/lib:/home/ros/docker_pronto_ws/install/pronto_quadruped_ros/lib:/home/ros/docker_pronto_ws/install/pronto_quadruped/lib:/home/ros/docker_pronto_ws/install/pronto_utils/lib:/home/ros/docker_pronto_ws/install/pronto_ros/lib:/home/ros/docker_pronto_ws/install/pronto_core/lib:/home/ros/docker_pronto_ws/install/pi3hat_moteus_int_msgs/lib:/home/ros/docker_pronto_ws/install/generalized_pose_msgs/lib:/usr/lib/x86_64-linux-gnu/gazebo-11/plugins:/opt/ros/humble/opt/rviz_ogre_vendor/lib:/opt/ros/humble/lib/x86_64-linux-gnu:/opt/ros/humble/lib:/opt/openrobots/lib:/usr/share/gazebo/../../lib/x86_64-linux-gnu/gazebo-11/plugins /usr/bin/cmake --build /home/ros/docker_pronto_ws/build/pronto_tuning -- -j16 -l16
[40.189s] Invoking command in '/home/ros/docker_pronto_ws/build/pronto_tuning': CMAKE_PREFIX_PATH=/home/ros/docker_pronto_ws/install/velocity_command_msgs:/home/ros/docker_pronto_ws/install/pronto_msgs:/home/ros/docker_pronto_ws/install/hqp_controller:/home/ros/docker_pronto_ws/install/whole_body_controller:/home/ros/docker_pronto_ws/install/teleoperate_robot:/home/ros/docker_pronto_ws/install/pronto_tuning:/home/ros/docker_pronto_ws/install/lip_walking_trot_planner:/home/ros/docker_pronto_ws/install/static_walk_planner:/home/ros/docker_pronto_ws/install/robot_gazebo:/home/ros/docker_pronto_ws/install/solo_description:/home/ros/docker_pronto_ws/install/robot_model:/home/ros/docker_pronto_ws/install/ryml:/home/ros/docker_pronto_ws/install/rviz_legged_plugins:/home/ros/docker_pronto_ws/install/rviz_legged_msgs:/home/ros/docker_pronto_ws/install/anymal_c_simple_description:/home/ros/docker_pronto_ws/install/robot_control:/home/ros/docker_pronto_ws/install/hierarchical_optimization:/home/ros/docker_pronto_ws/install/quadprog:/home/ros/docker_pronto_ws/install/pronto_ros2_controller:/home/ros/docker_pronto_ws/install/pronto_solo12:/home/ros/docker_pronto_ws/install/pronto_quadruped_ros:/home/ros/docker_pronto_ws/install/pronto_quadruped:/home/ros/docker_pronto_ws/install/pronto_utils:/home/ros/docker_pronto_ws/install/pronto_ros:/home/ros/docker_pronto_ws/install/pronto_quadruped_commons:/home/ros/docker_pronto_ws/install/pronto_core:/home/ros/docker_pronto_ws/install/pi3hat_moteus_int_msgs:/home/ros/docker_pronto_ws/install/generalized_pose_msgs:/opt/openrobots:/home/ros/docker_pronto_ws/install/planners_python:/home/ros/docker_pronto_ws/install/logger_gazebo:/home/ros/docker_pronto_ws/install/terrain_estimator:/home/ros/docker_pronto_ws/install/pose_estimator:/opt/ros/humble LD_LIBRARY_PATH=/home/ros/docker_pronto_ws/install/velocity_command_msgs/lib:/home/ros/docker_pronto_ws/install/pronto_msgs/lib:/home/ros/docker_pronto_ws/install/hqp_controller/lib:/home/ros/docker_pronto_ws/install/whole_body_controller/lib:/home/ros/docker_pronto_ws/install/teleoperate_robot/lib:/home/ros/docker_pronto_ws/install/lip_walking_trot_planner/lib:/home/ros/docker_pronto_ws/install/static_walk_planner/lib:/home/ros/docker_pronto_ws/install/robot_model/lib:/home/ros/docker_pronto_ws/install/ryml/lib:/home/ros/docker_pronto_ws/install/rviz_legged_plugins/lib:/home/ros/docker_pronto_ws/install/rviz_legged_msgs/lib:/home/ros/docker_pronto_ws/install/hierarchical_optimization/lib:/home/ros/docker_pronto_ws/install/quadprog/lib:/home/ros/docker_pronto_ws/install/pronto_ros2_controller/lib:/home/ros/docker_pronto_ws/install/pronto_solo12/lib:/home/ros/docker_pronto_ws/install/pronto_quadruped_ros/lib:/home/ros/docker_pronto_ws/install/pronto_quadruped/lib:/home/ros/docker_pronto_ws/install/pronto_utils/lib:/home/ros/docker_pronto_ws/install/pronto_ros/lib:/home/ros/docker_pronto_ws/install/pronto_core/lib:/home/ros/docker_pronto_ws/install/pi3hat_moteus_int_msgs/lib:/home/ros/docker_pronto_ws/install/generalized_pose_msgs/lib:/usr/lib/x86_64-linux-gnu/gazebo-11/plugins:/opt/ros/humble/opt/rviz_ogre_vendor/lib:/opt/ros/humble/lib/x86_64-linux-gnu:/opt/ros/humble/lib:/opt/openrobots/lib:/usr/share/gazebo/../../lib/x86_64-linux-gnu/gazebo-11/plugins /usr/bin/cmake --install /home/ros/docker_pronto_ws/build/pronto_tuning
[40.195s] -- Install configuration: "Release"
[40.195s] -- Execute custom install script
[40.196s] -- Symlinking: /home/ros/docker_pronto_ws/install/pronto_tuning/lib/pronto_tuning/tuning_node
[40.203s] -- Symlinking: /home/ros/docker_pronto_ws/install/pronto_tuning/lib/pronto_tuning/command_node
[40.209s] -- Symlinking: /home/ros/docker_pronto_ws/install/pronto_tuning/share/pronto_tuning/launch/cmd_rec.launch.py
[40.215s] -- Symlinking: /home/ros/docker_pronto_ws/install/pronto_tuning/share/pronto_tuning/launch/command_tuning.launch.py
[40.221s] -- Symlinking: /home/ros/docker_pronto_ws/install/pronto_tuning/share/pronto_tuning/launch/experiments_pronto.launch.py
[40.226s] -- Symlinking: /home/ros/docker_pronto_ws/install/pronto_tuning/share/pronto_tuning/launch/filter_tuning.launch.py
[40.232s] -- Symlinking: /home/ros/docker_pronto_ws/install/pronto_tuning/share/pronto_tuning/config/Exp_1_cmd.yaml
[40.238s] -- Symlinking: /home/ros/docker_pronto_ws/install/pronto_tuning/share/pronto_tuning/config/Exp_2_cmd.yaml
[40.243s] -- Symlinking: /home/ros/docker_pronto_ws/install/pronto_tuning/share/pronto_tuning/config/Exp_3_cmd.yaml
[40.250s] -- Symlinking: /home/ros/docker_pronto_ws/install/pronto_tuning/share/pronto_tuning/config/Exp_4_cmd.yaml
[40.255s] -- Symlinking: /home/ros/docker_pronto_ws/install/pronto_tuning/share/pronto_tuning/config/tuning_node_param.yaml
[40.262s] -- Symlinking: /home/ros/docker_pronto_ws/install/pronto_tuning/share/ament_index/resource_index/package_run_dependencies/pronto_tuning
[40.267s] -- Symlinking: /home/ros/docker_pronto_ws/install/pronto_tuning/share/ament_index/resource_index/parent_prefix_path/pronto_tuning
[40.273s] -- Symlinking: /home/ros/docker_pronto_ws/install/pronto_tuning/share/pronto_tuning/environment/ament_prefix_path.sh
[40.279s] -- Symlinking: /home/ros/docker_pronto_ws/install/pronto_tuning/share/pronto_tuning/environment/ament_prefix_path.dsv
[40.285s] -- Symlinking: /home/ros/docker_pronto_ws/install/pronto_tuning/share/pronto_tuning/environment/path.sh
[40.291s] -- Symlinking: /home/ros/docker_pronto_ws/install/pronto_tuning/share/pronto_tuning/environment/path.dsv
[40.297s] -- Symlinking: /home/ros/docker_pronto_ws/install/pronto_tuning/share/pronto_tuning/local_setup.bash
[40.303s] -- Symlinking: /home/ros/docker_pronto_ws/install/pronto_tuning/share/pronto_tuning/local_setup.sh
[40.309s] -- Symlinking: /home/ros/docker_pronto_ws/install/pronto_tuning/share/pronto_tuning/local_setup.zsh
[40.314s] -- Symlinking: /home/ros/docker_pronto_ws/install/pronto_tuning/share/pronto_tuning/local_setup.dsv
[40.320s] -- Symlinking: /home/ros/docker_pronto_ws/install/pronto_tuning/share/pronto_tuning/package.dsv
[40.328s] -- Symlinking: /home/ros/docker_pronto_ws/install/pronto_tuning/share/ament_index/resource_index/packages/pronto_tuning
[40.334s] -- Symlinking: /home/ros/docker_pronto_ws/install/pronto_tuning/share/pronto_tuning/cmake/pronto_tuningConfig.cmake
[40.340s] -- Symlinking: /home/ros/docker_pronto_ws/install/pronto_tuning/share/pronto_tuning/cmake/pronto_tuningConfig-version.cmake
[40.346s] -- Symlinking: /home/ros/docker_pronto_ws/install/pronto_tuning/share/pronto_tuning/package.xml
[40.354s] Invoked command in '/home/ros/docker_pronto_ws/build/pronto_tuning' returned '0': CMAKE_PREFIX_PATH=/home/ros/docker_pronto_ws/install/velocity_command_msgs:/home/ros/docker_pronto_ws/install/pronto_msgs:/home/ros/docker_pronto_ws/install/hqp_controller:/home/ros/docker_pronto_ws/install/whole_body_controller:/home/ros/docker_pronto_ws/install/teleoperate_robot:/home/ros/docker_pronto_ws/install/pronto_tuning:/home/ros/docker_pronto_ws/install/lip_walking_trot_planner:/home/ros/docker_pronto_ws/install/static_walk_planner:/home/ros/docker_pronto_ws/install/robot_gazebo:/home/ros/docker_pronto_ws/install/solo_description:/home/ros/docker_pronto_ws/install/robot_model:/home/ros/docker_pronto_ws/install/ryml:/home/ros/docker_pronto_ws/install/rviz_legged_plugins:/home/ros/docker_pronto_ws/install/rviz_legged_msgs:/home/ros/docker_pronto_ws/install/anymal_c_simple_description:/home/ros/docker_pronto_ws/install/robot_control:/home/ros/docker_pronto_ws/install/hierarchical_optimization:/home/ros/docker_pronto_ws/install/quadprog:/home/ros/docker_pronto_ws/install/pronto_ros2_controller:/home/ros/docker_pronto_ws/install/pronto_solo12:/home/ros/docker_pronto_ws/install/pronto_quadruped_ros:/home/ros/docker_pronto_ws/install/pronto_quadruped:/home/ros/docker_pronto_ws/install/pronto_utils:/home/ros/docker_pronto_ws/install/pronto_ros:/home/ros/docker_pronto_ws/install/pronto_quadruped_commons:/home/ros/docker_pronto_ws/install/pronto_core:/home/ros/docker_pronto_ws/install/pi3hat_moteus_int_msgs:/home/ros/docker_pronto_ws/install/generalized_pose_msgs:/opt/openrobots:/home/ros/docker_pronto_ws/install/planners_python:/home/ros/docker_pronto_ws/install/logger_gazebo:/home/ros/docker_pronto_ws/install/terrain_estimator:/home/ros/docker_pronto_ws/install/pose_estimator:/opt/ros/humble LD_LIBRARY_PATH=/home/ros/docker_pronto_ws/install/velocity_command_msgs/lib:/home/ros/docker_pronto_ws/install/pronto_msgs/lib:/home/ros/docker_pronto_ws/install/hqp_controller/lib:/home/ros/docker_pronto_ws/install/whole_body_controller/lib:/home/ros/docker_pronto_ws/install/teleoperate_robot/lib:/home/ros/docker_pronto_ws/install/lip_walking_trot_planner/lib:/home/ros/docker_pronto_ws/install/static_walk_planner/lib:/home/ros/docker_pronto_ws/install/robot_model/lib:/home/ros/docker_pronto_ws/install/ryml/lib:/home/ros/docker_pronto_ws/install/rviz_legged_plugins/lib:/home/ros/docker_pronto_ws/install/rviz_legged_msgs/lib:/home/ros/docker_pronto_ws/install/hierarchical_optimization/lib:/home/ros/docker_pronto_ws/install/quadprog/lib:/home/ros/docker_pronto_ws/install/pronto_ros2_controller/lib:/home/ros/docker_pronto_ws/install/pronto_solo12/lib:/home/ros/docker_pronto_ws/install/pronto_quadruped_ros/lib:/home/ros/docker_pronto_ws/install/pronto_quadruped/lib:/home/ros/docker_pronto_ws/install/pronto_utils/lib:/home/ros/docker_pronto_ws/install/pronto_ros/lib:/home/ros/docker_pronto_ws/install/pronto_core/lib:/home/ros/docker_pronto_ws/install/pi3hat_moteus_int_msgs/lib:/home/ros/docker_pronto_ws/install/generalized_pose_msgs/lib:/usr/lib/x86_64-linux-gnu/gazebo-11/plugins:/opt/ros/humble/opt/rviz_ogre_vendor/lib:/opt/ros/humble/lib/x86_64-linux-gnu:/opt/ros/humble/lib:/opt/openrobots/lib:/usr/share/gazebo/../../lib/x86_64-linux-gnu/gazebo-11/plugins /usr/bin/cmake --install /home/ros/docker_pronto_ws/build/pronto_tuning
