-- The C compiler identification is GNU 11.4.0
-- The CXX compiler identification is GNU 11.4.0
-- Detecting C compiler ABI info
-- Detecting C compiler ABI info - done
-- Check for working C compiler: /usr/bin/cc - skipped
-- Detecting C compile features
-- Detecting C compile features - done
-- Detecting CXX compiler ABI info
-- Detecting CXX compiler ABI info - done
-- Check for working CXX compiler: /usr/bin/c++ - skipped
-- Detecting CXX compile features
-- Detecting CXX compile features - done
-- Found ament_cmake: 1.3.6 (/opt/ros/humble/share/ament_cmake/cmake)
-- Found Python3: /usr/bin/python3.10 (found version "3.10.12") found components: Interpreter 
-- Override CMake install command with custom implementation using symlinks instead of copying resources
-- Found pronto_ros: 0.0.0 (/home/ros/docker_pronto_ws/install/pronto_ros/share/pronto_ros/cmake)
-- Found rosidl_generator_c: 3.1.5 (/opt/ros/humble/share/rosidl_generator_c/cmake)
-- Found rosidl_adapter: 3.1.5 (/opt/ros/humble/share/rosidl_adapter/cmake)
-- Found rosidl_generator_cpp: 3.1.5 (/opt/ros/humble/share/rosidl_generator_cpp/cmake)
-- Using all available rosidl_typesupport_c: rosidl_typesupport_fastrtps_c;rosidl_typesupport_introspection_c
-- Using all available rosidl_typesupport_cpp: rosidl_typesupport_fastrtps_cpp;rosidl_typesupport_introspection_cpp
-- Found rmw_implementation_cmake: 6.1.1 (/opt/ros/humble/share/rmw_implementation_cmake/cmake)
-- Found rmw_fastrtps_cpp: 6.2.5 (/opt/ros/humble/share/rmw_fastrtps_cpp/cmake)
-- Found OpenSSL: /usr/lib/x86_64-linux-gnu/libcrypto.so (found version "3.0.2")  
-- Found FastRTPS: /opt/ros/humble/include  
-- Using RMW implementation 'rmw_fastrtps_cpp' as default
-- Looking for pthread.h
-- Looking for pthread.h - found
-- Performing Test CMAKE_HAVE_LIBC_PTHREAD
-- Performing Test CMAKE_HAVE_LIBC_PTHREAD - Success
-- Found Threads: TRUE  
-- Found eigen3_cmake_module: 0.1.1 (/opt/ros/humble/share/eigen3_cmake_module/cmake)
-- Found Eigen3: TRUE (found version "3.4.0") 
-- Ensuring Eigen3 include directory is part of orocos-kdl CMake target
-- Found pronto_quadruped_ros: 0.0.0 (/home/ros/docker_pronto_ws/install/pronto_quadruped_ros/share/pronto_quadruped_ros/cmake)
-- pinocchio FOUND. pinocchio at /opt/ros/humble/lib/x86_64-linux-gnu/libpinocchio.so
-- boost_filesystem FOUND. boost_filesystem at /lib/x86_64-linux-gnu/libboost_filesystem.so
-- boost_serialization FOUND. boost_serialization at /lib/x86_64-linux-gnu/libboost_serialization.so
-- boost_system FOUND. boost_system at /lib/x86_64-linux-gnu/libboost_system.so
-- Found Boost: /usr/include (found version "1.74.0") found components: filesystem serialization system 
-- eigenpy FOUND. eigenpy at /opt/ros/humble/lib/x86_64-linux-gnu/libeigenpy.so
-- Found Python3: /usr/bin/python3.10 (found version "3.10.12") found components: Interpreter Development.Module NumPy 
-- PythonLibraryDirs: 
-- PythonLibVersionString: 3.10.12
-- Python site lib: lib/python3.10/dist-packages
-- Python include dirs: /usr/include/python3.10
-- Checking for NumPy
--   NUMPY_INCLUDE_DIRS=/home/ros/.local/lib/python3.10/site-packages/numpy/core/include
--   NUMPY_VERSION=1.26.4
-- NumPy include dir: /home/ros/.local/lib/python3.10/site-packages/numpy/core/include
[33mCMake Warning at /usr/share/cmake-3.22/Modules/FindBoost.cmake:2201 (message):
  No header defined for python310; skipping header check (note: header-only
  libraries have no designated component)
Call Stack (most recent call first):
  /opt/ros/humble/lib/x86_64-linux-gnu/cmake/eigenpy/boost.cmake:144 (find_package)
  /opt/ros/humble/lib/x86_64-linux-gnu/cmake/eigenpy/eigenpyConfig.cmake:149 (SEARCH_FOR_BOOST_PYTHON)
  /usr/share/cmake-3.22/Modules/CMakeFindDependencyMacro.cmake:47 (find_package)
  /opt/ros/humble/lib/x86_64-linux-gnu/cmake/pinocchio/pinocchioConfig.cmake:160 (find_dependency)
  CMakeLists.txt:15 (find_package)

[0m
-- Found Boost: /usr/include (found version "1.74.0") found components: python310 
-- Boost_PYTHON_LIBRARY: /usr/lib/x86_64-linux-gnu/libboost_python310.so
-- Default C++ standard: 201703
-- Minimal C++ standard upgraded to 11
-- C++ standard sufficient: Minimal required 11, currently defined: 17
-- CMAKE_CXX_STANDARD was not set: automatically set to currently defined standard 17
-- hpp-fcl FOUND. hpp-fcl at /opt/ros/humble/lib/x86_64-linux-gnu/libhpp-fcl.so
-- Found Boost: /usr/include (found version "1.74.0") found components: chrono serialization 
-- C++ standard sufficient: Minimal required 11, currently defined: 17
-- C++ standard sufficient: Minimal required 11, currently defined: 17
-- Found urdf: 2.6.0 (/opt/ros/humble/share/urdf/cmake)
-- Found ament_lint_auto: 0.12.9 (/opt/ros/humble/share/ament_lint_auto/cmake)
-- Added test 'cppcheck' to perform static code analysis on C / C++ code
-- Configured cppcheck include dirs: $<BUILD_INTERFACE:/home/ros/docker_pronto_ws/src/pronto_solo12/include>
-- Configured cppcheck exclude dirs and/or files: 
-- Added test 'flake8' to check Python code syntax and style conventions
-- Added test 'lint_cmake' to check CMake code style
-- Added test 'pep257' to check Python code against some of the docstring style conventions in PEP 257
-- Added test 'uncrustify' to check C / C++ code style
-- Configured uncrustify additional arguments: 
-- Added test 'xmllint' to check XML markup files
-- Configuring done
-- Generating done
-- Build files have been written to: /home/ros/docker_pronto_ws/build/pronto_solo12
[  9%] [32mBuilding CXX object CMakeFiles/pinocchio_test_node.dir/src/pinocchio_node.cpp.o[0m
[ 18%] [32mBuilding CXX object CMakeFiles/pronto_solo12.dir/src/feet_jacobians.cpp.o[0m
[ 27%] [32mBuilding CXX object CMakeFiles/pronto_solo12.dir/src/dynamics.cpp.o[0m
[ 36%] [32mBuilding CXX object CMakeFiles/pronto_solo12.dir/src/feet_contact_forces.cpp.o[0m
[ 45%] [32mBuilding CXX object CMakeFiles/pronto_solo12.dir/src/pronto_mammal_utilities.cpp.o[0m
[ 54%] [32mBuilding CXX object CMakeFiles/pronto_solo12.dir/src/pinocchio_pronto_quadruped_model.cpp.o[0m
[ 63%] [32mBuilding CXX object CMakeFiles/pronto_solo12.dir/src/forward_kinematics.cpp.o[0m
[01m[K/home/ros/docker_pronto_ws/src/pronto_solo12/src/pronto_mammal_utilities.cpp:[m[K In member function ‘[01m[Kbool pronto_controller::Pinocchio_Feet_Force::getLegJacobian(const LegID&, pronto_controller::LinVelJac&, bool)[m[K’:
[01m[K/home/ros/docker_pronto_ws/src/pronto_solo12/src/pronto_mammal_utilities.cpp:16:14:[m[K [01;35m[Kwarning: [m[Kunused parameter ‘[01m[Kworld[m[K’ [[01;35m[K-Wunused-parameter[m[K]
   16 |         [01;35m[Kbool world[m[K
      |         [01;35m[K~~~~~^~~~~[m[K
[01m[K/home/ros/docker_pronto_ws/src/pronto_solo12/src/pronto_mammal_utilities.cpp:[m[K In member function ‘[01m[Kvirtual Eigen::Matrix3d pronto_controller::Pinocchio_FK::getFootOrientation(const JointState&, const LegID&)[m[K’:
[01m[K/home/ros/docker_pronto_ws/src/pronto_solo12/src/pronto_mammal_utilities.cpp:262:72:[m[K [01;35m[Kwarning: [m[Kunused parameter ‘[01m[Kq[m[K’ [[01;35m[K-Wunused-parameter[m[K]
  262 |     Eigen::Matrix3d Pinocchio_FK::getFootOrientation([01;35m[Kconst JointState& q[m[K, const LegID& leg)
      |                                                      [01;35m[K~~~~~~~~~~~~~~~~~~^[m[K
[01m[K/home/ros/docker_pronto_ws/src/pronto_solo12/src/pronto_mammal_utilities.cpp:262:88:[m[K [01;35m[Kwarning: [m[Kunused parameter ‘[01m[Kleg[m[K’ [[01;35m[K-Wunused-parameter[m[K]
  262 |     Eigen::Matrix3d Pinocchio_FK::getFootOrientation(const JointState& q, [01;35m[Kconst LegID& leg[m[K)
      |                                                                           [01;35m[K~~~~~~~~~~~~~^~~[m[K
[ 72%] [32m[1mLinking CXX executable pinocchio_test_node[0m
[ 72%] Built target pinocchio_test_node
[01m[K/home/ros/docker_pronto_ws/src/pronto_solo12/src/feet_jacobians.cpp:[m[K In member function ‘[01m[Kpinocchio::DataTpl<double>::Matrix6x pronto::solo::FeetJacobians::ComputeJacobian(const JointState&, const LegID&)[m[K’:
[01m[K/home/ros/docker_pronto_ws/src/pronto_solo12/src/feet_jacobians.cpp:33:48:[m[K [01;35m[Kwarning: [m[Kthis statement may fall through [[01;35m[K-Wimplicit-fallthrough=[m[K]
   33 |                     [01;35m[Kpinocchio::getFrameJacobian(model_, data_, leg_id, pinocchio::ReferenceFrame::WORLD, J)[m[K;
      |                     [01;35m[K~~~~~~~~~~~~~~~~~~~~~~~~~~~^~~~~~~~~~~~~~~~~~~~~~~~~~~~~~~~~~~~~~~~~~~~~~~~~~~~~~~~~~~~[m[K
[01m[K/home/ros/docker_pronto_ws/src/pronto_solo12/src/feet_jacobians.cpp:35:17:[m[K [01;36m[Knote: [m[Khere
   35 |                 [01;36m[Kcase[m[K quadruped::LegID::RF:
      |                 [01;36m[K^~~~[m[K
[01m[K/home/ros/docker_pronto_ws/src/pronto_solo12/src/feet_jacobians.cpp:37:48:[m[K [01;35m[Kwarning: [m[Kthis statement may fall through [[01;35m[K-Wimplicit-fallthrough=[m[K]
   37 |                     [01;35m[Kpinocchio::getFrameJacobian(model_, data_, leg_id, pinocchio::ReferenceFrame::WORLD, J)[m[K;
      |                     [01;35m[K~~~~~~~~~~~~~~~~~~~~~~~~~~~^~~~~~~~~~~~~~~~~~~~~~~~~~~~~~~~~~~~~~~~~~~~~~~~~~~~~~~~~~~~[m[K
[01m[K/home/ros/docker_pronto_ws/src/pronto_solo12/src/feet_jacobians.cpp:39:17:[m[K [01;36m[Knote: [m[Khere
   39 |                 [01;36m[Kcase[m[K quadruped::LegID::LH:
      |                 [01;36m[K^~~~[m[K
[01m[K/home/ros/docker_pronto_ws/src/pronto_solo12/src/feet_jacobians.cpp:41:48:[m[K [01;35m[Kwarning: [m[Kthis statement may fall through [[01;35m[K-Wimplicit-fallthrough=[m[K]
   41 |                     [01;35m[Kpinocchio::getFrameJacobian(model_, data_, leg_id, pinocchio::ReferenceFrame::WORLD, J)[m[K;
      |                     [01;35m[K~~~~~~~~~~~~~~~~~~~~~~~~~~~^~~~~~~~~~~~~~~~~~~~~~~~~~~~~~~~~~~~~~~~~~~~~~~~~~~~~~~~~~~~[m[K
[01m[K/home/ros/docker_pronto_ws/src/pronto_solo12/src/feet_jacobians.cpp:43:17:[m[K [01;36m[Knote: [m[Khere
   43 |                 [01;36m[Kcase[m[K quadruped::LegID::RH:
      |                 [01;36m[K^~~~[m[K
[01m[K/home/ros/docker_pronto_ws/src/pronto_solo12/src/feet_jacobians.cpp:45:48:[m[K [01;35m[Kwarning: [m[Kthis statement may fall through [[01;35m[K-Wimplicit-fallthrough=[m[K]
   45 |                     [01;35m[Kpinocchio::getFrameJacobian(model_, data_, leg_id, pinocchio::ReferenceFrame::WORLD, J)[m[K;
      |                     [01;35m[K~~~~~~~~~~~~~~~~~~~~~~~~~~~^~~~~~~~~~~~~~~~~~~~~~~~~~~~~~~~~~~~~~~~~~~~~~~~~~~~~~~~~~~~[m[K
[01m[K/home/ros/docker_pronto_ws/src/pronto_solo12/src/feet_jacobians.cpp:47:17:[m[K [01;36m[Knote: [m[Khere
   47 |                 [01;36m[Kdefault[m[K:
      |                 [01;36m[K^~~~~~~[m[K
[01m[K/home/ros/docker_pronto_ws/src/pronto_solo12/src/feet_jacobians.cpp:[m[K In member function ‘[01m[Kiit::rbd::Vector3d pronto::solo::FeetJacobians::getFootPos(const JointState&, const LegID&)[m[K’:
[01m[K/home/ros/docker_pronto_ws/src/pronto_solo12/src/feet_jacobians.cpp:86:37:[m[K [01;35m[Kwarning: [m[Kthis statement may fall through [[01;35m[K-Wimplicit-fallthrough=[m[K]
   86 |                 T = data_.oMf[leg_id[01;35m[K][m[K;
      |                                     [01;35m[K^[m[K
[01m[K/home/ros/docker_pronto_ws/src/pronto_solo12/src/feet_jacobians.cpp:88:13:[m[K [01;36m[Knote: [m[Khere
   88 |             [01;36m[Kcase[m[K quadruped::LegID::RF:
      |             [01;36m[K^~~~[m[K
[01m[K/home/ros/docker_pronto_ws/src/pronto_solo12/src/feet_jacobians.cpp:90:37:[m[K [01;35m[Kwarning: [m[Kthis statement may fall through [[01;35m[K-Wimplicit-fallthrough=[m[K]
   90 |                 T = data_.oMf[leg_id[01;35m[K][m[K;
      |                                     [01;35m[K^[m[K
[01m[K/home/ros/docker_pronto_ws/src/pronto_solo12/src/feet_jacobians.cpp:92:13:[m[K [01;36m[Knote: [m[Khere
   92 |             [01;36m[Kcase[m[K quadruped::LegID::LH:
      |             [01;36m[K^~~~[m[K
[01m[K/home/ros/docker_pronto_ws/src/pronto_solo12/src/feet_jacobians.cpp:94:37:[m[K [01;35m[Kwarning: [m[Kthis statement may fall through [[01;35m[K-Wimplicit-fallthrough=[m[K]
   94 |                 T = data_.oMf[leg_id[01;35m[K][m[K;
      |                                     [01;35m[K^[m[K
[01m[K/home/ros/docker_pronto_ws/src/pronto_solo12/src/feet_jacobians.cpp:96:13:[m[K [01;36m[Knote: [m[Khere
   96 |             [01;36m[Kcase[m[K quadruped::LegID::RH:
      |             [01;36m[K^~~~[m[K
[01m[K/home/ros/docker_pronto_ws/src/pronto_solo12/src/feet_jacobians.cpp:98:37:[m[K [01;35m[Kwarning: [m[Kthis statement may fall through [[01;35m[K-Wimplicit-fallthrough=[m[K]
   98 |                 T = data_.oMf[leg_id[01;35m[K][m[K;
      |                                     [01;35m[K^[m[K
[01m[K/home/ros/docker_pronto_ws/src/pronto_solo12/src/feet_jacobians.cpp:100:13:[m[K [01;36m[Knote: [m[Khere
  100 |             [01;36m[Kdefault[m[K:
      |             [01;36m[K^~~~~~~[m[K
[01m[K/home/ros/docker_pronto_ws/src/pronto_solo12/src/feet_jacobians.cpp:[m[K In member function ‘[01m[Kpronto::solo::Matrix3d pronto::solo::FeetJacobians::getFootOrientation(const JointState&, const LegID&)[m[K’:
[01m[K/home/ros/docker_pronto_ws/src/pronto_solo12/src/feet_jacobians.cpp:122:37:[m[K [01;35m[Kwarning: [m[Kthis statement may fall through [[01;35m[K-Wimplicit-fallthrough=[m[K]
  122 |                 T = data_.oMf[leg_id[01;35m[K][m[K;
      |                                     [01;35m[K^[m[K
[01m[K/home/ros/docker_pronto_ws/src/pronto_solo12/src/feet_jacobians.cpp:124:13:[m[K [01;36m[Knote: [m[Khere
  124 |             [01;36m[Kcase[m[K quadruped::LegID::RF:
      |             [01;36m[K^~~~[m[K
[01m[K/home/ros/docker_pronto_ws/src/pronto_solo12/src/feet_jacobians.cpp:126:37:[m[K [01;35m[Kwarning: [m[Kthis statement may fall through [[01;35m[K-Wimplicit-fallthrough=[m[K]
  126 |                 T = data_.oMf[leg_id[01;35m[K][m[K;
      |                                     [01;35m[K^[m[K
[01m[K/home/ros/docker_pronto_ws/src/pronto_solo12/src/feet_jacobians.cpp:128:13:[m[K [01;36m[Knote: [m[Khere
  128 |             [01;36m[Kcase[m[K quadruped::LegID::LH:
      |             [01;36m[K^~~~[m[K
[01m[K/home/ros/docker_pronto_ws/src/pronto_solo12/src/feet_jacobians.cpp:130:37:[m[K [01;35m[Kwarning: [m[Kthis statement may fall through [[01;35m[K-Wimplicit-fallthrough=[m[K]
  130 |                 T = data_.oMf[leg_id[01;35m[K][m[K;
      |                                     [01;35m[K^[m[K
[01m[K/home/ros/docker_pronto_ws/src/pronto_solo12/src/feet_jacobians.cpp:132:13:[m[K [01;36m[Knote: [m[Khere
  132 |             [01;36m[Kcase[m[K quadruped::LegID::RH:
      |             [01;36m[K^~~~[m[K
[01m[K/home/ros/docker_pronto_ws/src/pronto_solo12/src/feet_jacobians.cpp:134:37:[m[K [01;35m[Kwarning: [m[Kthis statement may fall through [[01;35m[K-Wimplicit-fallthrough=[m[K]
  134 |                 T = data_.oMf[leg_id[01;35m[K][m[K;
      |                                     [01;35m[K^[m[K
[01m[K/home/ros/docker_pronto_ws/src/pronto_solo12/src/feet_jacobians.cpp:136:13:[m[K [01;36m[Knote: [m[Khere
  136 |             [01;36m[Kdefault[m[K:
      |             [01;36m[K^~~~~~~[m[K
[ 81%] [32m[1mLinking CXX shared library libpronto_solo12.so[0m
[ 81%] Built target pronto_solo12
[ 90%] [32mBuilding CXX object CMakeFiles/pronto_estimator_node.dir/src/pronto_estimator.cpp.o[0m
[100%] [32m[1mLinking CXX executable pronto_estimator_node[0m
[100%] Built target pronto_estimator_node
-- Install configuration: "Release"
-- Execute custom install script
-- Symlinking: /home/ros/docker_pronto_ws/install/pronto_solo12/include/pronto_solo12/dynamics.hpp
-- Symlinking: /home/ros/docker_pronto_ws/install/pronto_solo12/include/pronto_solo12/feet_contact_forces.hpp
-- Symlinking: /home/ros/docker_pronto_ws/install/pronto_solo12/include/pronto_solo12/feet_jacobians.hpp
-- Symlinking: /home/ros/docker_pronto_ws/install/pronto_solo12/include/pronto_solo12/forward_kinematics.hpp
-- Symlinking: /home/ros/docker_pronto_ws/install/pronto_solo12/include/pronto_solo12/pinocchio_pronto_quadruped_model.hpp
-- Symlinking: /home/ros/docker_pronto_ws/install/pronto_solo12/include/pronto_solo12/pronto_mammal_utilities.hpp
-- Symlinking: /home/ros/docker_pronto_ws/install/pronto_solo12/include/pronto_solo12/pronto_node.hpp
-- Symlinking: /home/ros/docker_pronto_ws/install/pronto_solo12/lib/pronto_solo12/pinocchio_test_node
-- Symlinking: /home/ros/docker_pronto_ws/install/pronto_solo12/share/pronto_solo12/environment/library_path.sh
-- Symlinking: /home/ros/docker_pronto_ws/install/pronto_solo12/share/pronto_solo12/environment/library_path.dsv
-- Symlinking: /home/ros/docker_pronto_ws/install/pronto_solo12/lib/pronto_solo12/pronto_estimator_node
-- Symlinking: /home/ros/docker_pronto_ws/install/pronto_solo12/share/pronto_solo12/launch/pronto_estimator.launch.py
-- Symlinking: /home/ros/docker_pronto_ws/install/pronto_solo12/share/pronto_solo12/config/prova.urdf
-- Symlinking: /home/ros/docker_pronto_ws/install/pronto_solo12/share/pronto_solo12/config/solo12.urdf
-- Symlinking: /home/ros/docker_pronto_ws/install/pronto_solo12/share/pronto_solo12/config/solo12_model.urdf
-- Symlinking: /home/ros/docker_pronto_ws/install/pronto_solo12/share/pronto_solo12/config/state_estimator.yaml
-- Symlinking: /home/ros/docker_pronto_ws/install/pronto_solo12/share/ament_index/resource_index/package_run_dependencies/pronto_solo12
-- Symlinking: /home/ros/docker_pronto_ws/install/pronto_solo12/share/ament_index/resource_index/parent_prefix_path/pronto_solo12
-- Symlinking: /home/ros/docker_pronto_ws/install/pronto_solo12/share/pronto_solo12/environment/ament_prefix_path.sh
-- Symlinking: /home/ros/docker_pronto_ws/install/pronto_solo12/share/pronto_solo12/environment/ament_prefix_path.dsv
-- Symlinking: /home/ros/docker_pronto_ws/install/pronto_solo12/share/pronto_solo12/environment/path.sh
-- Symlinking: /home/ros/docker_pronto_ws/install/pronto_solo12/share/pronto_solo12/environment/path.dsv
-- Symlinking: /home/ros/docker_pronto_ws/install/pronto_solo12/share/pronto_solo12/local_setup.bash
-- Symlinking: /home/ros/docker_pronto_ws/install/pronto_solo12/share/pronto_solo12/local_setup.sh
-- Symlinking: /home/ros/docker_pronto_ws/install/pronto_solo12/share/pronto_solo12/local_setup.zsh
-- Symlinking: /home/ros/docker_pronto_ws/install/pronto_solo12/share/pronto_solo12/local_setup.dsv
-- Symlinking: /home/ros/docker_pronto_ws/install/pronto_solo12/share/pronto_solo12/package.dsv
-- Symlinking: /home/ros/docker_pronto_ws/install/pronto_solo12/share/ament_index/resource_index/packages/pronto_solo12
-- Symlinking: /home/ros/docker_pronto_ws/install/pronto_solo12/share/pronto_solo12/cmake/ament_cmake_export_include_directories-extras.cmake
-- Symlinking: /home/ros/docker_pronto_ws/install/pronto_solo12/share/pronto_solo12/cmake/ament_cmake_export_libraries-extras.cmake
-- Symlinking: /home/ros/docker_pronto_ws/install/pronto_solo12/share/pronto_solo12/cmake/ament_cmake_export_dependencies-extras.cmake
-- Symlinking: /home/ros/docker_pronto_ws/install/pronto_solo12/share/pronto_solo12/cmake/pronto_solo12Config.cmake
-- Symlinking: /home/ros/docker_pronto_ws/install/pronto_solo12/share/pronto_solo12/cmake/pronto_solo12Config-version.cmake
-- Symlinking: /home/ros/docker_pronto_ws/install/pronto_solo12/share/pronto_solo12/package.xml
-- Installing: /home/ros/docker_pronto_ws/install/pronto_solo12/lib/libpronto_solo12.so
-- Set runtime path of "/home/ros/docker_pronto_ws/install/pronto_solo12/lib/libpronto_solo12.so" to ""
