-- The C compiler identification is GNU 11.4.0
-- The CXX compiler identification is GNU 11.4.0
-- Detecting C compiler ABI info
-- Detecting C compiler ABI info - done
-- Check for working C compiler: /usr/bin/cc - skipped
-- Detecting C compile features
-- Detecting C compile features - done
-- Detecting CXX compiler ABI info
-- Detecting CXX compiler ABI info - done
-- Check for working CXX compiler: /usr/bin/c++ - skipped
-- Detecting CXX compile features
-- Detecting CXX compile features - done
-- Found ament_cmake: 1.3.6 (/opt/ros/humble/share/ament_cmake/cmake)
-- Found Python3: /usr/bin/python3.10 (found version "3.10.12") found components: Interpreter 
-- Override CMake install command with custom implementation using symlinks instead of copying resources
-- Found controller_interface: 2.37.0 (/opt/ros/humble/share/controller_interface/cmake)
-- Found rosidl_generator_c: 3.1.5 (/opt/ros/humble/share/rosidl_generator_c/cmake)
-- Found rosidl_adapter: 3.1.5 (/opt/ros/humble/share/rosidl_adapter/cmake)
-- Found rosidl_generator_cpp: 3.1.5 (/opt/ros/humble/share/rosidl_generator_cpp/cmake)
-- Using all available rosidl_typesupport_c: rosidl_typesupport_fastrtps_c;rosidl_typesupport_introspection_c
-- Using all available rosidl_typesupport_cpp: rosidl_typesupport_fastrtps_cpp;rosidl_typesupport_introspection_cpp
-- Found rmw_implementation_cmake: 6.1.1 (/opt/ros/humble/share/rmw_implementation_cmake/cmake)
-- Found rmw_fastrtps_cpp: 6.2.5 (/opt/ros/humble/share/rmw_fastrtps_cpp/cmake)
-- Found TinyXML2 via Config file: TinyXML2_DIR-NOTFOUND
-- Found OpenSSL: /usr/lib/x86_64-linux-gnu/libcrypto.so (found version "3.0.2")  
-- Found TinyXML2 via Config file: TinyXML2_DIR-NOTFOUND
-- Found FastRTPS: /opt/ros/humble/include  
-- Found TinyXML2 via Config file: TinyXML2_DIR-NOTFOUND
-- Found TinyXML2 via Config file: TinyXML2_DIR-NOTFOUND
-- Using RMW implementation 'rmw_fastrtps_cpp' as default
-- Looking for pthread.h
-- Looking for pthread.h - found
-- Performing Test CMAKE_HAVE_LIBC_PTHREAD
-- Performing Test CMAKE_HAVE_LIBC_PTHREAD - Success
-- Found Threads: TRUE  
-- Found gazebo_msgs: 3.7.0 (/opt/ros/humble/share/gazebo_msgs/cmake)
-- Found generalized_pose_msgs: 0.0.0 (/home/ros/docker_pronto_ws/install/generalized_pose_msgs/share/generalized_pose_msgs/cmake)
-- Found rviz_legged_msgs: 0.0.0 (/home/ros/docker_pronto_ws/install/rviz_legged_msgs/share/rviz_legged_msgs/cmake)
-- Found whole_body_controller: 0.0.0 (/home/ros/docker_pronto_ws/install/whole_body_controller/share/whole_body_controller/cmake)
-- pinocchio FOUND. pinocchio at /opt/ros/humble/lib/x86_64-linux-gnu/libpinocchio.so
-- boost_filesystem FOUND. boost_filesystem at /lib/x86_64-linux-gnu/libboost_filesystem.so
-- boost_serialization FOUND. boost_serialization at /lib/x86_64-linux-gnu/libboost_serialization.so
-- boost_system FOUND. boost_system at /lib/x86_64-linux-gnu/libboost_system.so
-- eigenpy FOUND. eigenpy at /opt/ros/humble/lib/x86_64-linux-gnu/libeigenpy.so
-- Found Python3: /usr/bin/python3.10 (found version "3.10.12") found components: Interpreter Development.Module NumPy 
-- PythonLibraryDirs: 
-- PythonLibVersionString: 3.10.12
-- Python site lib: lib/python3.10/dist-packages
-- Python include dirs: /usr/include/python3.10
-- Checking for NumPy
--   NUMPY_INCLUDE_DIRS=/home/ros/.local/lib/python3.10/site-packages/numpy/core/include
--   NUMPY_VERSION=1.26.4
-- NumPy include dir: /home/ros/.local/lib/python3.10/site-packages/numpy/core/include
[33mCMake Warning at /usr/share/cmake-3.22/Modules/FindBoost.cmake:2201 (message):
  No header defined for python310; skipping header check (note: header-only
  libraries have no designated component)
Call Stack (most recent call first):
  /opt/ros/humble/lib/x86_64-linux-gnu/cmake/eigenpy/boost.cmake:144 (find_package)
  /opt/ros/humble/lib/x86_64-linux-gnu/cmake/eigenpy/eigenpyConfig.cmake:149 (SEARCH_FOR_BOOST_PYTHON)
  /usr/share/cmake-3.22/Modules/CMakeFindDependencyMacro.cmake:47 (find_package)
  /opt/ros/humble/lib/x86_64-linux-gnu/cmake/pinocchio/pinocchioConfig.cmake:160 (find_dependency)
  /home/ros/docker_pronto_ws/install/whole_body_controller/share/whole_body_controller/cmake/ament_cmake_export_dependencies-extras.cmake:21 (find_package)
  /home/ros/docker_pronto_ws/install/whole_body_controller/share/whole_body_controller/cmake/whole_body_controllerConfig.cmake:41 (include)
  CMakeLists.txt:44 (find_package)

[0m
-- Found Boost: /usr/include (found version "1.74.0") found components: python310 
-- Boost_PYTHON_LIBRARY: /usr/lib/x86_64-linux-gnu/libboost_python310.so
-- Default C++ standard: 201703
-- Minimal C++ standard upgraded to 11
-- C++ standard sufficient: Minimal required 11, currently defined: 17
-- hpp-fcl FOUND. hpp-fcl at /opt/ros/humble/lib/x86_64-linux-gnu/libhpp-fcl.so
-- C++ standard sufficient: Minimal required 11, currently defined: 17
-- C++ standard sufficient: Minimal required 11, currently defined: 17
-- Found ament_lint_auto: 0.12.9 (/opt/ros/humble/share/ament_lint_auto/cmake)
-- Added test 'copyright' to check source files copyright and LICENSE
-- Added test 'cppcheck' to perform static code analysis on C / C++ code
-- Configured cppcheck include dirs: $<BUILD_INTERFACE:/home/ros/docker_pronto_ws/src/motion_control/whole_body_control/hqp_controller/include>
-- Configured cppcheck exclude dirs and/or files: 
-- Added test 'cpplint' to check C / C++ code against the Google style
-- Configured cpplint exclude dirs and/or files: 
-- Added test 'lint_cmake' to check CMake code style
-- Added test 'uncrustify' to check C / C++ code style
-- Configured uncrustify additional arguments: 
-- Added test 'xmllint' to check XML markup files
-- Configuring done
-- Generating done
-- Build files have been written to: /home/ros/docker_pronto_ws/build/hqp_controller
[ 33%] [32mBuilding CXX object CMakeFiles/hqp_controller.dir/src/hqp_controller.cpp.o[0m
[ 66%] [32mBuilding CXX object CMakeFiles/hqp_controller.dir/src/hqp_publisher.cpp.o[0m
[100%] [32m[1mLinking CXX shared library libhqp_controller.so[0m
[100%] Built target hqp_controller
-- Install configuration: "Release"
-- Execute custom install script
-- Symlinking: /home/ros/docker_pronto_ws/install/hqp_controller/share/hqp_controller//hqp_controller.xml
-- Symlinking: /home/ros/docker_pronto_ws/install/hqp_controller/share/hqp_controller/environment/library_path.sh
-- Symlinking: /home/ros/docker_pronto_ws/install/hqp_controller/share/hqp_controller/environment/library_path.dsv
-- Symlinking: /home/ros/docker_pronto_ws/install/hqp_controller/include/hqp_controller/hqp_controller.hpp
-- Symlinking: /home/ros/docker_pronto_ws/install/hqp_controller/include/hqp_controller/hqp_publisher.hpp
-- Symlinking: /home/ros/docker_pronto_ws/install/hqp_controller/share/ament_index/resource_index/package_run_dependencies/hqp_controller
-- Symlinking: /home/ros/docker_pronto_ws/install/hqp_controller/share/ament_index/resource_index/parent_prefix_path/hqp_controller
-- Symlinking: /home/ros/docker_pronto_ws/install/hqp_controller/share/hqp_controller/environment/ament_prefix_path.sh
-- Symlinking: /home/ros/docker_pronto_ws/install/hqp_controller/share/hqp_controller/environment/ament_prefix_path.dsv
-- Symlinking: /home/ros/docker_pronto_ws/install/hqp_controller/share/hqp_controller/environment/path.sh
-- Symlinking: /home/ros/docker_pronto_ws/install/hqp_controller/share/hqp_controller/environment/path.dsv
-- Symlinking: /home/ros/docker_pronto_ws/install/hqp_controller/share/hqp_controller/local_setup.bash
-- Symlinking: /home/ros/docker_pronto_ws/install/hqp_controller/share/hqp_controller/local_setup.sh
-- Symlinking: /home/ros/docker_pronto_ws/install/hqp_controller/share/hqp_controller/local_setup.zsh
-- Symlinking: /home/ros/docker_pronto_ws/install/hqp_controller/share/hqp_controller/local_setup.dsv
-- Symlinking: /home/ros/docker_pronto_ws/install/hqp_controller/share/hqp_controller/package.dsv
-- Symlinking: /home/ros/docker_pronto_ws/install/hqp_controller/share/ament_index/resource_index/packages/hqp_controller
-- Symlinking: /home/ros/docker_pronto_ws/install/hqp_controller/share/ament_index/resource_index/controller_interface__pluginlib__plugin/hqp_controller
-- Symlinking: /home/ros/docker_pronto_ws/install/hqp_controller/share/hqp_controller/cmake/ament_cmake_export_targets-extras.cmake
-- Symlinking: /home/ros/docker_pronto_ws/install/hqp_controller/share/hqp_controller/cmake/ament_cmake_export_dependencies-extras.cmake
-- Symlinking: /home/ros/docker_pronto_ws/install/hqp_controller/share/hqp_controller/cmake/hqp_controllerConfig.cmake
-- Symlinking: /home/ros/docker_pronto_ws/install/hqp_controller/share/hqp_controller/cmake/hqp_controllerConfig-version.cmake
-- Symlinking: /home/ros/docker_pronto_ws/install/hqp_controller/share/hqp_controller/package.xml
-- Installing: /home/ros/docker_pronto_ws/install/hqp_controller/lib/libhqp_controller.so
-- Set runtime path of "/home/ros/docker_pronto_ws/install/hqp_controller/lib/libhqp_controller.so" to ""
-- Installing: /home/ros/docker_pronto_ws/install/hqp_controller/share/hqp_controller/cmake/hqp_controller_targetsExport.cmake
-- Installing: /home/ros/docker_pronto_ws/install/hqp_controller/share/hqp_controller/cmake/hqp_controller_targetsExport-release.cmake
