[0.067s] Invoking command in '/home/ros/docker_pronto_ws/build/hqp_controller': CMAKE_PREFIX_PATH=/home/ros/docker_pronto_ws/install/whole_body_controller:/home/ros/docker_pronto_ws/install/robot_model:/home/ros/docker_pronto_ws/install/hierarchical_optimization:/home/ros/docker_pronto_ws/install/ryml:/home/ros/docker_pronto_ws/install/rviz_legged_msgs:/home/ros/docker_pronto_ws/install/quadprog:/home/ros/docker_pronto_ws/install/generalized_pose_msgs:/home/ros/docker_pronto_ws/install/hqp_controller:/home/ros/docker_pronto_ws/install/teleoperate_robot:/home/ros/docker_pronto_ws/install/pronto_tuning:/home/ros/docker_pronto_ws/install/lip_walking_trot_planner:/home/ros/docker_pronto_ws/install/velocity_command_msgs:/home/ros/docker_pronto_ws/install/static_walk_planner:/home/ros/docker_pronto_ws/install/robot_gazebo:/home/ros/docker_pronto_ws/install/solo_description:/home/ros/docker_pronto_ws/install/rviz_legged_plugins:/home/ros/docker_pronto_ws/install/anymal_c_simple_description:/home/ros/docker_pronto_ws/install/robot_control:/home/ros/docker_pronto_ws/install/pronto_ros2_controller:/home/ros/docker_pronto_ws/install/pronto_solo12:/home/ros/docker_pronto_ws/install/pronto_quadruped_ros:/home/ros/docker_pronto_ws/install/pronto_quadruped:/home/ros/docker_pronto_ws/install/pronto_utils:/home/ros/docker_pronto_ws/install/pronto_ros:/home/ros/docker_pronto_ws/install/pronto_quadruped_commons:/home/ros/docker_pronto_ws/install/pronto_msgs:/home/ros/docker_pronto_ws/install/pronto_core:/home/ros/docker_pronto_ws/install/pi3hat_moteus_int_msgs:/opt/openrobots:/home/ros/docker_pronto_ws/install/planners_python:/home/ros/docker_pronto_ws/install/logger_gazebo:/home/ros/docker_pronto_ws/install/terrain_estimator:/home/ros/docker_pronto_ws/install/pose_estimator:/opt/ros/humble LD_LIBRARY_PATH=/home/ros/docker_pronto_ws/install/whole_body_controller/lib:/home/ros/docker_pronto_ws/install/robot_model/lib:/home/ros/docker_pronto_ws/install/hierarchical_optimization/lib:/home/ros/docker_pronto_ws/install/ryml/lib:/home/ros/docker_pronto_ws/install/rviz_legged_msgs/lib:/home/ros/docker_pronto_ws/install/quadprog/lib:/home/ros/docker_pronto_ws/install/generalized_pose_msgs/lib:/home/ros/docker_pronto_ws/install/hqp_controller/lib:/home/ros/docker_pronto_ws/install/teleoperate_robot/lib:/home/ros/docker_pronto_ws/install/lip_walking_trot_planner/lib:/home/ros/docker_pronto_ws/install/velocity_command_msgs/lib:/home/ros/docker_pronto_ws/install/static_walk_planner/lib:/home/ros/docker_pronto_ws/install/rviz_legged_plugins/lib:/home/ros/docker_pronto_ws/install/pronto_ros2_controller/lib:/home/ros/docker_pronto_ws/install/pronto_solo12/lib:/home/ros/docker_pronto_ws/install/pronto_quadruped_ros/lib:/home/ros/docker_pronto_ws/install/pronto_quadruped/lib:/home/ros/docker_pronto_ws/install/pronto_utils/lib:/home/ros/docker_pronto_ws/install/pronto_ros/lib:/home/ros/docker_pronto_ws/install/pronto_msgs/lib:/home/ros/docker_pronto_ws/install/pronto_core/lib:/home/ros/docker_pronto_ws/install/pi3hat_moteus_int_msgs/lib:/usr/lib/x86_64-linux-gnu/gazebo-11/plugins:/opt/ros/humble/opt/rviz_ogre_vendor/lib:/opt/ros/humble/lib/x86_64-linux-gnu:/opt/ros/humble/lib:/opt/openrobots/lib:/usr/share/gazebo/../../lib/x86_64-linux-gnu/gazebo-11/plugins /usr/bin/cmake /home/ros/docker_pronto_ws/src/motion_control/whole_body_control/hqp_controller -DCMAKE_BUILD_TYPE=Release -DCMAKE_EXPORT_COMPILE_COMMANDS=ON -DAMENT_CMAKE_SYMLINK_INSTALL=1 -DCMAKE_INSTALL_PREFIX=/home/ros/docker_pronto_ws/install/hqp_controller
[0.108s] -- The C compiler identification is GNU 11.4.0
[0.147s] -- The CXX compiler identification is GNU 11.4.0
[0.152s] -- Detecting C compiler ABI info
[0.203s] -- Detecting C compiler ABI info - done
[0.208s] -- Check for working C compiler: /usr/bin/cc - skipped
[0.208s] -- Detecting C compile features
[0.208s] -- Detecting C compile features - done
[0.210s] -- Detecting CXX compiler ABI info
[0.269s] -- Detecting CXX compiler ABI info - done
[0.274s] -- Check for working CXX compiler: /usr/bin/c++ - skipped
[0.274s] -- Detecting CXX compile features
[0.274s] -- Detecting CXX compile features - done
[0.278s] -- Found ament_cmake: 1.3.6 (/opt/ros/humble/share/ament_cmake/cmake)
[0.432s] -- Found Python3: /usr/bin/python3.10 (found version "3.10.12") found components: Interpreter 
[0.485s] -- Override CMake install command with custom implementation using symlinks instead of copying resources
[0.533s] -- Found controller_interface: 2.37.0 (/opt/ros/humble/share/controller_interface/cmake)
[0.599s] -- Found rosidl_generator_c: 3.1.5 (/opt/ros/humble/share/rosidl_generator_c/cmake)
[0.607s] -- Found rosidl_adapter: 3.1.5 (/opt/ros/humble/share/rosidl_adapter/cmake)
[0.619s] -- Found rosidl_generator_cpp: 3.1.5 (/opt/ros/humble/share/rosidl_generator_cpp/cmake)
[0.642s] -- Using all available rosidl_typesupport_c: rosidl_typesupport_fastrtps_c;rosidl_typesupport_introspection_c
[0.667s] -- Using all available rosidl_typesupport_cpp: rosidl_typesupport_fastrtps_cpp;rosidl_typesupport_introspection_cpp
[1.242s] -- Found rmw_implementation_cmake: 6.1.1 (/opt/ros/humble/share/rmw_implementation_cmake/cmake)
[1.247s] -- Found rmw_fastrtps_cpp: 6.2.5 (/opt/ros/humble/share/rmw_fastrtps_cpp/cmake)
[1.291s] -- Found TinyXML2 via Config file: TinyXML2_DIR-NOTFOUND
[1.349s] -- Found OpenSSL: /usr/lib/x86_64-linux-gnu/libcrypto.so (found version "3.0.2")  
[1.352s] -- Found TinyXML2 via Config file: TinyXML2_DIR-NOTFOUND
[1.363s] -- Found FastRTPS: /opt/ros/humble/include  
[1.370s] -- Found TinyXML2 via Config file: TinyXML2_DIR-NOTFOUND
[1.376s] -- Found TinyXML2 via Config file: TinyXML2_DIR-NOTFOUND
[1.383s] -- Using RMW implementation 'rmw_fastrtps_cpp' as default
[1.398s] -- Looking for pthread.h
[1.453s] -- Looking for pthread.h - found
[1.454s] -- Performing Test CMAKE_HAVE_LIBC_PTHREAD
[1.508s] -- Performing Test CMAKE_HAVE_LIBC_PTHREAD - Success
[1.509s] -- Found Threads: TRUE  
[1.712s] -- Found gazebo_msgs: 3.7.0 (/opt/ros/humble/share/gazebo_msgs/cmake)
[1.795s] -- Found generalized_pose_msgs: 0.0.0 (/home/ros/docker_pronto_ws/install/generalized_pose_msgs/share/generalized_pose_msgs/cmake)
[1.849s] -- Found rviz_legged_msgs: 0.0.0 (/home/ros/docker_pronto_ws/install/rviz_legged_msgs/share/rviz_legged_msgs/cmake)
[2.009s] -- Found whole_body_controller: 0.0.0 (/home/ros/docker_pronto_ws/install/whole_body_controller/share/whole_body_controller/cmake)
[2.020s] -- pinocchio FOUND. pinocchio at /opt/ros/humble/lib/x86_64-linux-gnu/libpinocchio.so
[2.020s] -- boost_filesystem FOUND. boost_filesystem at /lib/x86_64-linux-gnu/libboost_filesystem.so
[2.021s] -- boost_serialization FOUND. boost_serialization at /lib/x86_64-linux-gnu/libboost_serialization.so
[2.021s] -- boost_system FOUND. boost_system at /lib/x86_64-linux-gnu/libboost_system.so
[2.088s] -- eigenpy FOUND. eigenpy at /opt/ros/humble/lib/x86_64-linux-gnu/libeigenpy.so
[2.496s] -- Found Python3: /usr/bin/python3.10 (found version "3.10.12") found components: Interpreter Development.Module NumPy 
[2.496s] -- PythonLibraryDirs: 
[2.496s] -- PythonLibVersionString: 3.10.12
[2.521s] -- Python site lib: lib/python3.10/dist-packages
[2.521s] -- Python include dirs: /usr/include/python3.10
[2.558s] -- Checking for NumPy
[2.722s] --   NUMPY_INCLUDE_DIRS=/home/ros/.local/lib/python3.10/site-packages/numpy/core/include
[2.846s] --   NUMPY_VERSION=1.26.4
[2.846s] -- NumPy include dir: /home/ros/.local/lib/python3.10/site-packages/numpy/core/include
[2.849s] [33mCMake Warning at /usr/share/cmake-3.22/Modules/FindBoost.cmake:2201 (message):
[2.850s]   No header defined for python310; skipping header check (note: header-only
[2.850s]   libraries have no designated component)
[2.850s] Call Stack (most recent call first):
[2.850s]   /opt/ros/humble/lib/x86_64-linux-gnu/cmake/eigenpy/boost.cmake:144 (find_package)
[2.850s]   /opt/ros/humble/lib/x86_64-linux-gnu/cmake/eigenpy/eigenpyConfig.cmake:149 (SEARCH_FOR_BOOST_PYTHON)
[2.850s]   /usr/share/cmake-3.22/Modules/CMakeFindDependencyMacro.cmake:47 (find_package)
[2.850s]   /opt/ros/humble/lib/x86_64-linux-gnu/cmake/pinocchio/pinocchioConfig.cmake:160 (find_dependency)
[2.850s]   /home/ros/docker_pronto_ws/install/whole_body_controller/share/whole_body_controller/cmake/ament_cmake_export_dependencies-extras.cmake:21 (find_package)
[2.850s]   /home/ros/docker_pronto_ws/install/whole_body_controller/share/whole_body_controller/cmake/whole_body_controllerConfig.cmake:41 (include)
[2.850s]   CMakeLists.txt:44 (find_package)
[2.850s] 
[2.850s] [0m
[2.852s] -- Found Boost: /usr/include (found version "1.74.0") found components: python310 
[2.852s] -- Boost_PYTHON_LIBRARY: /usr/lib/x86_64-linux-gnu/libboost_python310.so
[3.065s] -- Default C++ standard: 201703
[3.065s] -- Minimal C++ standard upgraded to 11
[3.065s] -- C++ standard sufficient: Minimal required 11, currently defined: 17
[3.068s] -- hpp-fcl FOUND. hpp-fcl at /opt/ros/humble/lib/x86_64-linux-gnu/libhpp-fcl.so
[3.078s] -- C++ standard sufficient: Minimal required 11, currently defined: 17
[3.078s] -- C++ standard sufficient: Minimal required 11, currently defined: 17
[3.251s] -- Found ament_lint_auto: 0.12.9 (/opt/ros/humble/share/ament_lint_auto/cmake)
[3.340s] -- Added test 'copyright' to check source files copyright and LICENSE
[3.342s] -- Added test 'cppcheck' to perform static code analysis on C / C++ code
[3.342s] -- Configured cppcheck include dirs: $<BUILD_INTERFACE:/home/ros/docker_pronto_ws/src/motion_control/whole_body_control/hqp_controller/include>
[3.342s] -- Configured cppcheck exclude dirs and/or files: 
[3.343s] -- Added test 'cpplint' to check C / C++ code against the Google style
[3.343s] -- Configured cpplint exclude dirs and/or files: 
[3.344s] -- Added test 'lint_cmake' to check CMake code style
[3.345s] -- Added test 'uncrustify' to check C / C++ code style
[3.345s] -- Configured uncrustify additional arguments: 
[3.346s] -- Added test 'xmllint' to check XML markup files
[3.348s] -- Configuring done
[3.370s] -- Generating done
[3.371s] -- Build files have been written to: /home/ros/docker_pronto_ws/build/hqp_controller
[3.384s] Invoked command in '/home/ros/docker_pronto_ws/build/hqp_controller' returned '0': CMAKE_PREFIX_PATH=/home/ros/docker_pronto_ws/install/whole_body_controller:/home/ros/docker_pronto_ws/install/robot_model:/home/ros/docker_pronto_ws/install/hierarchical_optimization:/home/ros/docker_pronto_ws/install/ryml:/home/ros/docker_pronto_ws/install/rviz_legged_msgs:/home/ros/docker_pronto_ws/install/quadprog:/home/ros/docker_pronto_ws/install/generalized_pose_msgs:/home/ros/docker_pronto_ws/install/hqp_controller:/home/ros/docker_pronto_ws/install/teleoperate_robot:/home/ros/docker_pronto_ws/install/pronto_tuning:/home/ros/docker_pronto_ws/install/lip_walking_trot_planner:/home/ros/docker_pronto_ws/install/velocity_command_msgs:/home/ros/docker_pronto_ws/install/static_walk_planner:/home/ros/docker_pronto_ws/install/robot_gazebo:/home/ros/docker_pronto_ws/install/solo_description:/home/ros/docker_pronto_ws/install/rviz_legged_plugins:/home/ros/docker_pronto_ws/install/anymal_c_simple_description:/home/ros/docker_pronto_ws/install/robot_control:/home/ros/docker_pronto_ws/install/pronto_ros2_controller:/home/ros/docker_pronto_ws/install/pronto_solo12:/home/ros/docker_pronto_ws/install/pronto_quadruped_ros:/home/ros/docker_pronto_ws/install/pronto_quadruped:/home/ros/docker_pronto_ws/install/pronto_utils:/home/ros/docker_pronto_ws/install/pronto_ros:/home/ros/docker_pronto_ws/install/pronto_quadruped_commons:/home/ros/docker_pronto_ws/install/pronto_msgs:/home/ros/docker_pronto_ws/install/pronto_core:/home/ros/docker_pronto_ws/install/pi3hat_moteus_int_msgs:/opt/openrobots:/home/ros/docker_pronto_ws/install/planners_python:/home/ros/docker_pronto_ws/install/logger_gazebo:/home/ros/docker_pronto_ws/install/terrain_estimator:/home/ros/docker_pronto_ws/install/pose_estimator:/opt/ros/humble LD_LIBRARY_PATH=/home/ros/docker_pronto_ws/install/whole_body_controller/lib:/home/ros/docker_pronto_ws/install/robot_model/lib:/home/ros/docker_pronto_ws/install/hierarchical_optimization/lib:/home/ros/docker_pronto_ws/install/ryml/lib:/home/ros/docker_pronto_ws/install/rviz_legged_msgs/lib:/home/ros/docker_pronto_ws/install/quadprog/lib:/home/ros/docker_pronto_ws/install/generalized_pose_msgs/lib:/home/ros/docker_pronto_ws/install/hqp_controller/lib:/home/ros/docker_pronto_ws/install/teleoperate_robot/lib:/home/ros/docker_pronto_ws/install/lip_walking_trot_planner/lib:/home/ros/docker_pronto_ws/install/velocity_command_msgs/lib:/home/ros/docker_pronto_ws/install/static_walk_planner/lib:/home/ros/docker_pronto_ws/install/rviz_legged_plugins/lib:/home/ros/docker_pronto_ws/install/pronto_ros2_controller/lib:/home/ros/docker_pronto_ws/install/pronto_solo12/lib:/home/ros/docker_pronto_ws/install/pronto_quadruped_ros/lib:/home/ros/docker_pronto_ws/install/pronto_quadruped/lib:/home/ros/docker_pronto_ws/install/pronto_utils/lib:/home/ros/docker_pronto_ws/install/pronto_ros/lib:/home/ros/docker_pronto_ws/install/pronto_msgs/lib:/home/ros/docker_pronto_ws/install/pronto_core/lib:/home/ros/docker_pronto_ws/install/pi3hat_moteus_int_msgs/lib:/usr/lib/x86_64-linux-gnu/gazebo-11/plugins:/opt/ros/humble/opt/rviz_ogre_vendor/lib:/opt/ros/humble/lib/x86_64-linux-gnu:/opt/ros/humble/lib:/opt/openrobots/lib:/usr/share/gazebo/../../lib/x86_64-linux-gnu/gazebo-11/plugins /usr/bin/cmake /home/ros/docker_pronto_ws/src/motion_control/whole_body_control/hqp_controller -DCMAKE_BUILD_TYPE=Release -DCMAKE_EXPORT_COMPILE_COMMANDS=ON -DAMENT_CMAKE_SYMLINK_INSTALL=1 -DCMAKE_INSTALL_PREFIX=/home/ros/docker_pronto_ws/install/hqp_controller
[3.384s] Invoking command in '/home/ros/docker_pronto_ws/build/hqp_controller': CMAKE_PREFIX_PATH=/home/ros/docker_pronto_ws/install/whole_body_controller:/home/ros/docker_pronto_ws/install/robot_model:/home/ros/docker_pronto_ws/install/hierarchical_optimization:/home/ros/docker_pronto_ws/install/ryml:/home/ros/docker_pronto_ws/install/rviz_legged_msgs:/home/ros/docker_pronto_ws/install/quadprog:/home/ros/docker_pronto_ws/install/generalized_pose_msgs:/home/ros/docker_pronto_ws/install/hqp_controller:/home/ros/docker_pronto_ws/install/teleoperate_robot:/home/ros/docker_pronto_ws/install/pronto_tuning:/home/ros/docker_pronto_ws/install/lip_walking_trot_planner:/home/ros/docker_pronto_ws/install/velocity_command_msgs:/home/ros/docker_pronto_ws/install/static_walk_planner:/home/ros/docker_pronto_ws/install/robot_gazebo:/home/ros/docker_pronto_ws/install/solo_description:/home/ros/docker_pronto_ws/install/rviz_legged_plugins:/home/ros/docker_pronto_ws/install/anymal_c_simple_description:/home/ros/docker_pronto_ws/install/robot_control:/home/ros/docker_pronto_ws/install/pronto_ros2_controller:/home/ros/docker_pronto_ws/install/pronto_solo12:/home/ros/docker_pronto_ws/install/pronto_quadruped_ros:/home/ros/docker_pronto_ws/install/pronto_quadruped:/home/ros/docker_pronto_ws/install/pronto_utils:/home/ros/docker_pronto_ws/install/pronto_ros:/home/ros/docker_pronto_ws/install/pronto_quadruped_commons:/home/ros/docker_pronto_ws/install/pronto_msgs:/home/ros/docker_pronto_ws/install/pronto_core:/home/ros/docker_pronto_ws/install/pi3hat_moteus_int_msgs:/opt/openrobots:/home/ros/docker_pronto_ws/install/planners_python:/home/ros/docker_pronto_ws/install/logger_gazebo:/home/ros/docker_pronto_ws/install/terrain_estimator:/home/ros/docker_pronto_ws/install/pose_estimator:/opt/ros/humble LD_LIBRARY_PATH=/home/ros/docker_pronto_ws/install/whole_body_controller/lib:/home/ros/docker_pronto_ws/install/robot_model/lib:/home/ros/docker_pronto_ws/install/hierarchical_optimization/lib:/home/ros/docker_pronto_ws/install/ryml/lib:/home/ros/docker_pronto_ws/install/rviz_legged_msgs/lib:/home/ros/docker_pronto_ws/install/quadprog/lib:/home/ros/docker_pronto_ws/install/generalized_pose_msgs/lib:/home/ros/docker_pronto_ws/install/hqp_controller/lib:/home/ros/docker_pronto_ws/install/teleoperate_robot/lib:/home/ros/docker_pronto_ws/install/lip_walking_trot_planner/lib:/home/ros/docker_pronto_ws/install/velocity_command_msgs/lib:/home/ros/docker_pronto_ws/install/static_walk_planner/lib:/home/ros/docker_pronto_ws/install/rviz_legged_plugins/lib:/home/ros/docker_pronto_ws/install/pronto_ros2_controller/lib:/home/ros/docker_pronto_ws/install/pronto_solo12/lib:/home/ros/docker_pronto_ws/install/pronto_quadruped_ros/lib:/home/ros/docker_pronto_ws/install/pronto_quadruped/lib:/home/ros/docker_pronto_ws/install/pronto_utils/lib:/home/ros/docker_pronto_ws/install/pronto_ros/lib:/home/ros/docker_pronto_ws/install/pronto_msgs/lib:/home/ros/docker_pronto_ws/install/pronto_core/lib:/home/ros/docker_pronto_ws/install/pi3hat_moteus_int_msgs/lib:/usr/lib/x86_64-linux-gnu/gazebo-11/plugins:/opt/ros/humble/opt/rviz_ogre_vendor/lib:/opt/ros/humble/lib/x86_64-linux-gnu:/opt/ros/humble/lib:/opt/openrobots/lib:/usr/share/gazebo/../../lib/x86_64-linux-gnu/gazebo-11/plugins /usr/bin/cmake --build /home/ros/docker_pronto_ws/build/hqp_controller -- -j16 -l16
[3.424s] [ 33%] [32mBuilding CXX object CMakeFiles/hqp_controller.dir/src/hqp_controller.cpp.o[0m
[3.424s] [ 66%] [32mBuilding CXX object CMakeFiles/hqp_controller.dir/src/hqp_publisher.cpp.o[0m
[23.970s] [100%] [32m[1mLinking CXX shared library libhqp_controller.so[0m
[24.176s] [100%] Built target hqp_controller
[24.186s] Invoked command in '/home/ros/docker_pronto_ws/build/hqp_controller' returned '0': CMAKE_PREFIX_PATH=/home/ros/docker_pronto_ws/install/whole_body_controller:/home/ros/docker_pronto_ws/install/robot_model:/home/ros/docker_pronto_ws/install/hierarchical_optimization:/home/ros/docker_pronto_ws/install/ryml:/home/ros/docker_pronto_ws/install/rviz_legged_msgs:/home/ros/docker_pronto_ws/install/quadprog:/home/ros/docker_pronto_ws/install/generalized_pose_msgs:/home/ros/docker_pronto_ws/install/hqp_controller:/home/ros/docker_pronto_ws/install/teleoperate_robot:/home/ros/docker_pronto_ws/install/pronto_tuning:/home/ros/docker_pronto_ws/install/lip_walking_trot_planner:/home/ros/docker_pronto_ws/install/velocity_command_msgs:/home/ros/docker_pronto_ws/install/static_walk_planner:/home/ros/docker_pronto_ws/install/robot_gazebo:/home/ros/docker_pronto_ws/install/solo_description:/home/ros/docker_pronto_ws/install/rviz_legged_plugins:/home/ros/docker_pronto_ws/install/anymal_c_simple_description:/home/ros/docker_pronto_ws/install/robot_control:/home/ros/docker_pronto_ws/install/pronto_ros2_controller:/home/ros/docker_pronto_ws/install/pronto_solo12:/home/ros/docker_pronto_ws/install/pronto_quadruped_ros:/home/ros/docker_pronto_ws/install/pronto_quadruped:/home/ros/docker_pronto_ws/install/pronto_utils:/home/ros/docker_pronto_ws/install/pronto_ros:/home/ros/docker_pronto_ws/install/pronto_quadruped_commons:/home/ros/docker_pronto_ws/install/pronto_msgs:/home/ros/docker_pronto_ws/install/pronto_core:/home/ros/docker_pronto_ws/install/pi3hat_moteus_int_msgs:/opt/openrobots:/home/ros/docker_pronto_ws/install/planners_python:/home/ros/docker_pronto_ws/install/logger_gazebo:/home/ros/docker_pronto_ws/install/terrain_estimator:/home/ros/docker_pronto_ws/install/pose_estimator:/opt/ros/humble LD_LIBRARY_PATH=/home/ros/docker_pronto_ws/install/whole_body_controller/lib:/home/ros/docker_pronto_ws/install/robot_model/lib:/home/ros/docker_pronto_ws/install/hierarchical_optimization/lib:/home/ros/docker_pronto_ws/install/ryml/lib:/home/ros/docker_pronto_ws/install/rviz_legged_msgs/lib:/home/ros/docker_pronto_ws/install/quadprog/lib:/home/ros/docker_pronto_ws/install/generalized_pose_msgs/lib:/home/ros/docker_pronto_ws/install/hqp_controller/lib:/home/ros/docker_pronto_ws/install/teleoperate_robot/lib:/home/ros/docker_pronto_ws/install/lip_walking_trot_planner/lib:/home/ros/docker_pronto_ws/install/velocity_command_msgs/lib:/home/ros/docker_pronto_ws/install/static_walk_planner/lib:/home/ros/docker_pronto_ws/install/rviz_legged_plugins/lib:/home/ros/docker_pronto_ws/install/pronto_ros2_controller/lib:/home/ros/docker_pronto_ws/install/pronto_solo12/lib:/home/ros/docker_pronto_ws/install/pronto_quadruped_ros/lib:/home/ros/docker_pronto_ws/install/pronto_quadruped/lib:/home/ros/docker_pronto_ws/install/pronto_utils/lib:/home/ros/docker_pronto_ws/install/pronto_ros/lib:/home/ros/docker_pronto_ws/install/pronto_msgs/lib:/home/ros/docker_pronto_ws/install/pronto_core/lib:/home/ros/docker_pronto_ws/install/pi3hat_moteus_int_msgs/lib:/usr/lib/x86_64-linux-gnu/gazebo-11/plugins:/opt/ros/humble/opt/rviz_ogre_vendor/lib:/opt/ros/humble/lib/x86_64-linux-gnu:/opt/ros/humble/lib:/opt/openrobots/lib:/usr/share/gazebo/../../lib/x86_64-linux-gnu/gazebo-11/plugins /usr/bin/cmake --build /home/ros/docker_pronto_ws/build/hqp_controller -- -j16 -l16
[24.216s] Invoking command in '/home/ros/docker_pronto_ws/build/hqp_controller': CMAKE_PREFIX_PATH=/home/ros/docker_pronto_ws/install/whole_body_controller:/home/ros/docker_pronto_ws/install/robot_model:/home/ros/docker_pronto_ws/install/hierarchical_optimization:/home/ros/docker_pronto_ws/install/ryml:/home/ros/docker_pronto_ws/install/rviz_legged_msgs:/home/ros/docker_pronto_ws/install/quadprog:/home/ros/docker_pronto_ws/install/generalized_pose_msgs:/home/ros/docker_pronto_ws/install/hqp_controller:/home/ros/docker_pronto_ws/install/teleoperate_robot:/home/ros/docker_pronto_ws/install/pronto_tuning:/home/ros/docker_pronto_ws/install/lip_walking_trot_planner:/home/ros/docker_pronto_ws/install/velocity_command_msgs:/home/ros/docker_pronto_ws/install/static_walk_planner:/home/ros/docker_pronto_ws/install/robot_gazebo:/home/ros/docker_pronto_ws/install/solo_description:/home/ros/docker_pronto_ws/install/rviz_legged_plugins:/home/ros/docker_pronto_ws/install/anymal_c_simple_description:/home/ros/docker_pronto_ws/install/robot_control:/home/ros/docker_pronto_ws/install/pronto_ros2_controller:/home/ros/docker_pronto_ws/install/pronto_solo12:/home/ros/docker_pronto_ws/install/pronto_quadruped_ros:/home/ros/docker_pronto_ws/install/pronto_quadruped:/home/ros/docker_pronto_ws/install/pronto_utils:/home/ros/docker_pronto_ws/install/pronto_ros:/home/ros/docker_pronto_ws/install/pronto_quadruped_commons:/home/ros/docker_pronto_ws/install/pronto_msgs:/home/ros/docker_pronto_ws/install/pronto_core:/home/ros/docker_pronto_ws/install/pi3hat_moteus_int_msgs:/opt/openrobots:/home/ros/docker_pronto_ws/install/planners_python:/home/ros/docker_pronto_ws/install/logger_gazebo:/home/ros/docker_pronto_ws/install/terrain_estimator:/home/ros/docker_pronto_ws/install/pose_estimator:/opt/ros/humble LD_LIBRARY_PATH=/home/ros/docker_pronto_ws/install/whole_body_controller/lib:/home/ros/docker_pronto_ws/install/robot_model/lib:/home/ros/docker_pronto_ws/install/hierarchical_optimization/lib:/home/ros/docker_pronto_ws/install/ryml/lib:/home/ros/docker_pronto_ws/install/rviz_legged_msgs/lib:/home/ros/docker_pronto_ws/install/quadprog/lib:/home/ros/docker_pronto_ws/install/generalized_pose_msgs/lib:/home/ros/docker_pronto_ws/install/hqp_controller/lib:/home/ros/docker_pronto_ws/install/teleoperate_robot/lib:/home/ros/docker_pronto_ws/install/lip_walking_trot_planner/lib:/home/ros/docker_pronto_ws/install/velocity_command_msgs/lib:/home/ros/docker_pronto_ws/install/static_walk_planner/lib:/home/ros/docker_pronto_ws/install/rviz_legged_plugins/lib:/home/ros/docker_pronto_ws/install/pronto_ros2_controller/lib:/home/ros/docker_pronto_ws/install/pronto_solo12/lib:/home/ros/docker_pronto_ws/install/pronto_quadruped_ros/lib:/home/ros/docker_pronto_ws/install/pronto_quadruped/lib:/home/ros/docker_pronto_ws/install/pronto_utils/lib:/home/ros/docker_pronto_ws/install/pronto_ros/lib:/home/ros/docker_pronto_ws/install/pronto_msgs/lib:/home/ros/docker_pronto_ws/install/pronto_core/lib:/home/ros/docker_pronto_ws/install/pi3hat_moteus_int_msgs/lib:/usr/lib/x86_64-linux-gnu/gazebo-11/plugins:/opt/ros/humble/opt/rviz_ogre_vendor/lib:/opt/ros/humble/lib/x86_64-linux-gnu:/opt/ros/humble/lib:/opt/openrobots/lib:/usr/share/gazebo/../../lib/x86_64-linux-gnu/gazebo-11/plugins /usr/bin/cmake --install /home/ros/docker_pronto_ws/build/hqp_controller
[24.221s] -- Install configuration: "Release"
[24.222s] -- Execute custom install script
[24.222s] -- Symlinking: /home/ros/docker_pronto_ws/install/hqp_controller/share/hqp_controller//hqp_controller.xml
[24.229s] -- Symlinking: /home/ros/docker_pronto_ws/install/hqp_controller/share/hqp_controller/environment/library_path.sh
[24.236s] -- Symlinking: /home/ros/docker_pronto_ws/install/hqp_controller/share/hqp_controller/environment/library_path.dsv
[24.243s] -- Symlinking: /home/ros/docker_pronto_ws/install/hqp_controller/include/hqp_controller/hqp_controller.hpp
[24.249s] -- Symlinking: /home/ros/docker_pronto_ws/install/hqp_controller/include/hqp_controller/hqp_publisher.hpp
[24.255s] -- Symlinking: /home/ros/docker_pronto_ws/install/hqp_controller/share/ament_index/resource_index/package_run_dependencies/hqp_controller
[24.262s] -- Symlinking: /home/ros/docker_pronto_ws/install/hqp_controller/share/ament_index/resource_index/parent_prefix_path/hqp_controller
[24.269s] -- Symlinking: /home/ros/docker_pronto_ws/install/hqp_controller/share/hqp_controller/environment/ament_prefix_path.sh
[24.275s] -- Symlinking: /home/ros/docker_pronto_ws/install/hqp_controller/share/hqp_controller/environment/ament_prefix_path.dsv
[24.282s] -- Symlinking: /home/ros/docker_pronto_ws/install/hqp_controller/share/hqp_controller/environment/path.sh
[24.288s] -- Symlinking: /home/ros/docker_pronto_ws/install/hqp_controller/share/hqp_controller/environment/path.dsv
[24.295s] -- Symlinking: /home/ros/docker_pronto_ws/install/hqp_controller/share/hqp_controller/local_setup.bash
[24.301s] -- Symlinking: /home/ros/docker_pronto_ws/install/hqp_controller/share/hqp_controller/local_setup.sh
[24.308s] -- Symlinking: /home/ros/docker_pronto_ws/install/hqp_controller/share/hqp_controller/local_setup.zsh
[24.315s] -- Symlinking: /home/ros/docker_pronto_ws/install/hqp_controller/share/hqp_controller/local_setup.dsv
[24.321s] -- Symlinking: /home/ros/docker_pronto_ws/install/hqp_controller/share/hqp_controller/package.dsv
[24.329s] -- Symlinking: /home/ros/docker_pronto_ws/install/hqp_controller/share/ament_index/resource_index/packages/hqp_controller
[24.335s] -- Symlinking: /home/ros/docker_pronto_ws/install/hqp_controller/share/ament_index/resource_index/controller_interface__pluginlib__plugin/hqp_controller
[24.342s] -- Symlinking: /home/ros/docker_pronto_ws/install/hqp_controller/share/hqp_controller/cmake/ament_cmake_export_targets-extras.cmake
[24.350s] -- Symlinking: /home/ros/docker_pronto_ws/install/hqp_controller/share/hqp_controller/cmake/ament_cmake_export_dependencies-extras.cmake
[24.358s] -- Symlinking: /home/ros/docker_pronto_ws/install/hqp_controller/share/hqp_controller/cmake/hqp_controllerConfig.cmake
[24.364s] -- Symlinking: /home/ros/docker_pronto_ws/install/hqp_controller/share/hqp_controller/cmake/hqp_controllerConfig-version.cmake
[24.370s] -- Symlinking: /home/ros/docker_pronto_ws/install/hqp_controller/share/hqp_controller/package.xml
[24.377s] -- Installing: /home/ros/docker_pronto_ws/install/hqp_controller/lib/libhqp_controller.so
[24.379s] -- Set runtime path of "/home/ros/docker_pronto_ws/install/hqp_controller/lib/libhqp_controller.so" to ""
[24.379s] -- Installing: /home/ros/docker_pronto_ws/install/hqp_controller/share/hqp_controller/cmake/hqp_controller_targetsExport.cmake
[24.379s] -- Installing: /home/ros/docker_pronto_ws/install/hqp_controller/share/hqp_controller/cmake/hqp_controller_targetsExport-release.cmake
[24.381s] Invoked command in '/home/ros/docker_pronto_ws/build/hqp_controller' returned '0': CMAKE_PREFIX_PATH=/home/ros/docker_pronto_ws/install/whole_body_controller:/home/ros/docker_pronto_ws/install/robot_model:/home/ros/docker_pronto_ws/install/hierarchical_optimization:/home/ros/docker_pronto_ws/install/ryml:/home/ros/docker_pronto_ws/install/rviz_legged_msgs:/home/ros/docker_pronto_ws/install/quadprog:/home/ros/docker_pronto_ws/install/generalized_pose_msgs:/home/ros/docker_pronto_ws/install/hqp_controller:/home/ros/docker_pronto_ws/install/teleoperate_robot:/home/ros/docker_pronto_ws/install/pronto_tuning:/home/ros/docker_pronto_ws/install/lip_walking_trot_planner:/home/ros/docker_pronto_ws/install/velocity_command_msgs:/home/ros/docker_pronto_ws/install/static_walk_planner:/home/ros/docker_pronto_ws/install/robot_gazebo:/home/ros/docker_pronto_ws/install/solo_description:/home/ros/docker_pronto_ws/install/rviz_legged_plugins:/home/ros/docker_pronto_ws/install/anymal_c_simple_description:/home/ros/docker_pronto_ws/install/robot_control:/home/ros/docker_pronto_ws/install/pronto_ros2_controller:/home/ros/docker_pronto_ws/install/pronto_solo12:/home/ros/docker_pronto_ws/install/pronto_quadruped_ros:/home/ros/docker_pronto_ws/install/pronto_quadruped:/home/ros/docker_pronto_ws/install/pronto_utils:/home/ros/docker_pronto_ws/install/pronto_ros:/home/ros/docker_pronto_ws/install/pronto_quadruped_commons:/home/ros/docker_pronto_ws/install/pronto_msgs:/home/ros/docker_pronto_ws/install/pronto_core:/home/ros/docker_pronto_ws/install/pi3hat_moteus_int_msgs:/opt/openrobots:/home/ros/docker_pronto_ws/install/planners_python:/home/ros/docker_pronto_ws/install/logger_gazebo:/home/ros/docker_pronto_ws/install/terrain_estimator:/home/ros/docker_pronto_ws/install/pose_estimator:/opt/ros/humble LD_LIBRARY_PATH=/home/ros/docker_pronto_ws/install/whole_body_controller/lib:/home/ros/docker_pronto_ws/install/robot_model/lib:/home/ros/docker_pronto_ws/install/hierarchical_optimization/lib:/home/ros/docker_pronto_ws/install/ryml/lib:/home/ros/docker_pronto_ws/install/rviz_legged_msgs/lib:/home/ros/docker_pronto_ws/install/quadprog/lib:/home/ros/docker_pronto_ws/install/generalized_pose_msgs/lib:/home/ros/docker_pronto_ws/install/hqp_controller/lib:/home/ros/docker_pronto_ws/install/teleoperate_robot/lib:/home/ros/docker_pronto_ws/install/lip_walking_trot_planner/lib:/home/ros/docker_pronto_ws/install/velocity_command_msgs/lib:/home/ros/docker_pronto_ws/install/static_walk_planner/lib:/home/ros/docker_pronto_ws/install/rviz_legged_plugins/lib:/home/ros/docker_pronto_ws/install/pronto_ros2_controller/lib:/home/ros/docker_pronto_ws/install/pronto_solo12/lib:/home/ros/docker_pronto_ws/install/pronto_quadruped_ros/lib:/home/ros/docker_pronto_ws/install/pronto_quadruped/lib:/home/ros/docker_pronto_ws/install/pronto_utils/lib:/home/ros/docker_pronto_ws/install/pronto_ros/lib:/home/ros/docker_pronto_ws/install/pronto_msgs/lib:/home/ros/docker_pronto_ws/install/pronto_core/lib:/home/ros/docker_pronto_ws/install/pi3hat_moteus_int_msgs/lib:/usr/lib/x86_64-linux-gnu/gazebo-11/plugins:/opt/ros/humble/opt/rviz_ogre_vendor/lib:/opt/ros/humble/lib/x86_64-linux-gnu:/opt/ros/humble/lib:/opt/openrobots/lib:/usr/share/gazebo/../../lib/x86_64-linux-gnu/gazebo-11/plugins /usr/bin/cmake --install /home/ros/docker_pronto_ws/build/hqp_controller
