[  0%] Built target pronto_msgs__cpp
[ 12%] Built target pronto_msgs__rosidl_generator_c
[ 12%] Built target ament_cmake_python_symlink_pronto_msgs
[ 24%] Built target pronto_msgs__rosidl_typesupport_cpp
[ 36%] Built target pronto_msgs__rosidl_typesupport_introspection_c
[ 47%] Built target pronto_msgs__rosidl_typesupport_fastrtps_cpp
[ 59%] Built target pronto_msgs__rosidl_typesupport_introspection_cpp
[ 71%] Built target pronto_msgs__rosidl_typesupport_c
[ 83%] Built target pronto_msgs__rosidl_typesupport_fastrtps_c
[ 83%] Built target pronto_msgs
[ 84%] Built target pronto_msgs__py
[ 95%] Built target pronto_msgs__rosidl_generator_py
[ 97%] Built target pronto_msgs__rosidl_typesupport_fastrtps_c__pyext
[ 99%] Built target pronto_msgs__rosidl_typesupport_c__pyext
[100%] Built target pronto_msgs__rosidl_typesupport_introspection_c__pyext
running egg_info
writing pronto_msgs.egg-info/PKG-INFO
writing dependency_links to pronto_msgs.egg-info/dependency_links.txt
writing top-level names to pronto_msgs.egg-info/top_level.txt
reading manifest file 'pronto_msgs.egg-info/SOURCES.txt'
writing manifest file 'pronto_msgs.egg-info/SOURCES.txt'
[100%] Built target ament_cmake_python_build_pronto_msgs_egg
-- Install configuration: "Release"
-- Execute custom install script
-- Up-to-date symlink: /home/ros/docker_pronto_ws/install/pronto_msgs/share/ament_index/resource_index/rosidl_interfaces/pronto_msgs
-- Up-to-date symlink: /home/ros/docker_pronto_ws/install/pronto_msgs/include/pronto_msgs/pronto_msgs/msg/biped_force_torque_sensors.h
-- Up-to-date symlink: /home/ros/docker_pronto_ws/install/pronto_msgs/include/pronto_msgs/pronto_msgs/msg/controller_foot_contact.h
-- Up-to-date symlink: /home/ros/docker_pronto_ws/install/pronto_msgs/include/pronto_msgs/pronto_msgs/msg/detail/biped_force_torque_sensors__functions.h
-- Up-to-date symlink: /home/ros/docker_pronto_ws/install/pronto_msgs/include/pronto_msgs/pronto_msgs/msg/detail/biped_force_torque_sensors__struct.h
-- Up-to-date symlink: /home/ros/docker_pronto_ws/install/pronto_msgs/include/pronto_msgs/pronto_msgs/msg/detail/biped_force_torque_sensors__type_support.h
-- Up-to-date symlink: /home/ros/docker_pronto_ws/install/pronto_msgs/include/pronto_msgs/pronto_msgs/msg/detail/controller_foot_contact__functions.h
-- Up-to-date symlink: /home/ros/docker_pronto_ws/install/pronto_msgs/include/pronto_msgs/pronto_msgs/msg/detail/controller_foot_contact__struct.h
-- Up-to-date symlink: /home/ros/docker_pronto_ws/install/pronto_msgs/include/pronto_msgs/pronto_msgs/msg/detail/controller_foot_contact__type_support.h
-- Up-to-date symlink: /home/ros/docker_pronto_ws/install/pronto_msgs/include/pronto_msgs/pronto_msgs/msg/detail/filter_state__functions.h
-- Up-to-date symlink: /home/ros/docker_pronto_ws/install/pronto_msgs/include/pronto_msgs/pronto_msgs/msg/detail/filter_state__struct.h
-- Up-to-date symlink: /home/ros/docker_pronto_ws/install/pronto_msgs/include/pronto_msgs/pronto_msgs/msg/detail/filter_state__type_support.h
-- Up-to-date symlink: /home/ros/docker_pronto_ws/install/pronto_msgs/include/pronto_msgs/pronto_msgs/msg/detail/gps_data__functions.h
-- Up-to-date symlink: /home/ros/docker_pronto_ws/install/pronto_msgs/include/pronto_msgs/pronto_msgs/msg/detail/gps_data__struct.h
-- Up-to-date symlink: /home/ros/docker_pronto_ws/install/pronto_msgs/include/pronto_msgs/pronto_msgs/msg/detail/gps_data__type_support.h
-- Up-to-date symlink: /home/ros/docker_pronto_ws/install/pronto_msgs/include/pronto_msgs/pronto_msgs/msg/detail/indexed_measurement__functions.h
-- Up-to-date symlink: /home/ros/docker_pronto_ws/install/pronto_msgs/include/pronto_msgs/pronto_msgs/msg/detail/indexed_measurement__struct.h
-- Up-to-date symlink: /home/ros/docker_pronto_ws/install/pronto_msgs/include/pronto_msgs/pronto_msgs/msg/detail/indexed_measurement__type_support.h
-- Up-to-date symlink: /home/ros/docker_pronto_ws/install/pronto_msgs/include/pronto_msgs/pronto_msgs/msg/detail/joint_state_with_acceleration__functions.h
-- Up-to-date symlink: /home/ros/docker_pronto_ws/install/pronto_msgs/include/pronto_msgs/pronto_msgs/msg/detail/joint_state_with_acceleration__struct.h
-- Up-to-date symlink: /home/ros/docker_pronto_ws/install/pronto_msgs/include/pronto_msgs/pronto_msgs/msg/detail/joint_state_with_acceleration__type_support.h
-- Up-to-date symlink: /home/ros/docker_pronto_ws/install/pronto_msgs/include/pronto_msgs/pronto_msgs/msg/detail/lidar_odometry_update__functions.h
-- Up-to-date symlink: /home/ros/docker_pronto_ws/install/pronto_msgs/include/pronto_msgs/pronto_msgs/msg/detail/lidar_odometry_update__struct.h
-- Up-to-date symlink: /home/ros/docker_pronto_ws/install/pronto_msgs/include/pronto_msgs/pronto_msgs/msg/detail/lidar_odometry_update__type_support.h
-- Up-to-date symlink: /home/ros/docker_pronto_ws/install/pronto_msgs/include/pronto_msgs/pronto_msgs/msg/detail/quadruped_force_torque_sensors__functions.h
-- Up-to-date symlink: /home/ros/docker_pronto_ws/install/pronto_msgs/include/pronto_msgs/pronto_msgs/msg/detail/quadruped_force_torque_sensors__struct.h
-- Up-to-date symlink: /home/ros/docker_pronto_ws/install/pronto_msgs/include/pronto_msgs/pronto_msgs/msg/detail/quadruped_force_torque_sensors__type_support.h
-- Up-to-date symlink: /home/ros/docker_pronto_ws/install/pronto_msgs/include/pronto_msgs/pronto_msgs/msg/detail/quadruped_stance__functions.h
-- Up-to-date symlink: /home/ros/docker_pronto_ws/install/pronto_msgs/include/pronto_msgs/pronto_msgs/msg/detail/quadruped_stance__struct.h
-- Up-to-date symlink: /home/ros/docker_pronto_ws/install/pronto_msgs/include/pronto_msgs/pronto_msgs/msg/detail/quadruped_stance__type_support.h
-- Up-to-date symlink: /home/ros/docker_pronto_ws/install/pronto_msgs/include/pronto_msgs/pronto_msgs/msg/detail/velocity_with_sigma_bounds__functions.h
-- Up-to-date symlink: /home/ros/docker_pronto_ws/install/pronto_msgs/include/pronto_msgs/pronto_msgs/msg/detail/velocity_with_sigma_bounds__struct.h
-- Up-to-date symlink: /home/ros/docker_pronto_ws/install/pronto_msgs/include/pronto_msgs/pronto_msgs/msg/detail/velocity_with_sigma_bounds__type_support.h
-- Up-to-date symlink: /home/ros/docker_pronto_ws/install/pronto_msgs/include/pronto_msgs/pronto_msgs/msg/detail/visual_odometry_update__functions.h
-- Up-to-date symlink: /home/ros/docker_pronto_ws/install/pronto_msgs/include/pronto_msgs/pronto_msgs/msg/detail/visual_odometry_update__struct.h
-- Up-to-date symlink: /home/ros/docker_pronto_ws/install/pronto_msgs/include/pronto_msgs/pronto_msgs/msg/detail/visual_odometry_update__type_support.h
-- Up-to-date symlink: /home/ros/docker_pronto_ws/install/pronto_msgs/include/pronto_msgs/pronto_msgs/msg/filter_state.h
-- Up-to-date symlink: /home/ros/docker_pronto_ws/install/pronto_msgs/include/pronto_msgs/pronto_msgs/msg/gps_data.h
-- Up-to-date symlink: /home/ros/docker_pronto_ws/install/pronto_msgs/include/pronto_msgs/pronto_msgs/msg/indexed_measurement.h
-- Up-to-date symlink: /home/ros/docker_pronto_ws/install/pronto_msgs/include/pronto_msgs/pronto_msgs/msg/joint_state_with_acceleration.h
-- Up-to-date symlink: /home/ros/docker_pronto_ws/install/pronto_msgs/include/pronto_msgs/pronto_msgs/msg/lidar_odometry_update.h
-- Up-to-date symlink: /home/ros/docker_pronto_ws/install/pronto_msgs/include/pronto_msgs/pronto_msgs/msg/quadruped_force_torque_sensors.h
-- Up-to-date symlink: /home/ros/docker_pronto_ws/install/pronto_msgs/include/pronto_msgs/pronto_msgs/msg/quadruped_stance.h
-- Up-to-date symlink: /home/ros/docker_pronto_ws/install/pronto_msgs/include/pronto_msgs/pronto_msgs/msg/rosidl_generator_c__visibility_control.h
-- Up-to-date symlink: /home/ros/docker_pronto_ws/install/pronto_msgs/include/pronto_msgs/pronto_msgs/msg/velocity_with_sigma_bounds.h
-- Up-to-date symlink: /home/ros/docker_pronto_ws/install/pronto_msgs/include/pronto_msgs/pronto_msgs/msg/visual_odometry_update.h
-- Up-to-date symlink: /home/ros/docker_pronto_ws/install/pronto_msgs/share/pronto_msgs/environment/library_path.sh
-- Up-to-date symlink: /home/ros/docker_pronto_ws/install/pronto_msgs/share/pronto_msgs/environment/library_path.dsv
-- Up-to-date symlink: /home/ros/docker_pronto_ws/install/pronto_msgs/include/pronto_msgs/pronto_msgs/msg/detail/biped_force_torque_sensors__rosidl_typesupport_fastrtps_c.h
-- Up-to-date symlink: /home/ros/docker_pronto_ws/install/pronto_msgs/include/pronto_msgs/pronto_msgs/msg/detail/controller_foot_contact__rosidl_typesupport_fastrtps_c.h
-- Up-to-date symlink: /home/ros/docker_pronto_ws/install/pronto_msgs/include/pronto_msgs/pronto_msgs/msg/detail/filter_state__rosidl_typesupport_fastrtps_c.h
-- Up-to-date symlink: /home/ros/docker_pronto_ws/install/pronto_msgs/include/pronto_msgs/pronto_msgs/msg/detail/gps_data__rosidl_typesupport_fastrtps_c.h
-- Up-to-date symlink: /home/ros/docker_pronto_ws/install/pronto_msgs/include/pronto_msgs/pronto_msgs/msg/detail/indexed_measurement__rosidl_typesupport_fastrtps_c.h
-- Up-to-date symlink: /home/ros/docker_pronto_ws/install/pronto_msgs/include/pronto_msgs/pronto_msgs/msg/detail/joint_state_with_acceleration__rosidl_typesupport_fastrtps_c.h
-- Up-to-date symlink: /home/ros/docker_pronto_ws/install/pronto_msgs/include/pronto_msgs/pronto_msgs/msg/detail/lidar_odometry_update__rosidl_typesupport_fastrtps_c.h
-- Up-to-date symlink: /home/ros/docker_pronto_ws/install/pronto_msgs/include/pronto_msgs/pronto_msgs/msg/detail/quadruped_force_torque_sensors__rosidl_typesupport_fastrtps_c.h
-- Up-to-date symlink: /home/ros/docker_pronto_ws/install/pronto_msgs/include/pronto_msgs/pronto_msgs/msg/detail/quadruped_stance__rosidl_typesupport_fastrtps_c.h
-- Up-to-date symlink: /home/ros/docker_pronto_ws/install/pronto_msgs/include/pronto_msgs/pronto_msgs/msg/detail/velocity_with_sigma_bounds__rosidl_typesupport_fastrtps_c.h
-- Up-to-date symlink: /home/ros/docker_pronto_ws/install/pronto_msgs/include/pronto_msgs/pronto_msgs/msg/detail/visual_odometry_update__rosidl_typesupport_fastrtps_c.h
-- Up-to-date symlink: /home/ros/docker_pronto_ws/install/pronto_msgs/include/pronto_msgs/pronto_msgs/msg/rosidl_typesupport_fastrtps_c__visibility_control.h
-- Up-to-date symlink: /home/ros/docker_pronto_ws/install/pronto_msgs/include/pronto_msgs/pronto_msgs/msg/biped_force_torque_sensors.hpp
-- Up-to-date symlink: /home/ros/docker_pronto_ws/install/pronto_msgs/include/pronto_msgs/pronto_msgs/msg/controller_foot_contact.hpp
-- Up-to-date symlink: /home/ros/docker_pronto_ws/install/pronto_msgs/include/pronto_msgs/pronto_msgs/msg/detail/biped_force_torque_sensors__builder.hpp
-- Up-to-date symlink: /home/ros/docker_pronto_ws/install/pronto_msgs/include/pronto_msgs/pronto_msgs/msg/detail/biped_force_torque_sensors__struct.hpp
-- Up-to-date symlink: /home/ros/docker_pronto_ws/install/pronto_msgs/include/pronto_msgs/pronto_msgs/msg/detail/biped_force_torque_sensors__traits.hpp
-- Up-to-date symlink: /home/ros/docker_pronto_ws/install/pronto_msgs/include/pronto_msgs/pronto_msgs/msg/detail/controller_foot_contact__builder.hpp
-- Up-to-date symlink: /home/ros/docker_pronto_ws/install/pronto_msgs/include/pronto_msgs/pronto_msgs/msg/detail/controller_foot_contact__struct.hpp
-- Up-to-date symlink: /home/ros/docker_pronto_ws/install/pronto_msgs/include/pronto_msgs/pronto_msgs/msg/detail/controller_foot_contact__traits.hpp
-- Up-to-date symlink: /home/ros/docker_pronto_ws/install/pronto_msgs/include/pronto_msgs/pronto_msgs/msg/detail/filter_state__builder.hpp
-- Up-to-date symlink: /home/ros/docker_pronto_ws/install/pronto_msgs/include/pronto_msgs/pronto_msgs/msg/detail/filter_state__struct.hpp
-- Up-to-date symlink: /home/ros/docker_pronto_ws/install/pronto_msgs/include/pronto_msgs/pronto_msgs/msg/detail/filter_state__traits.hpp
-- Up-to-date symlink: /home/ros/docker_pronto_ws/install/pronto_msgs/include/pronto_msgs/pronto_msgs/msg/detail/gps_data__builder.hpp
-- Up-to-date symlink: /home/ros/docker_pronto_ws/install/pronto_msgs/include/pronto_msgs/pronto_msgs/msg/detail/gps_data__struct.hpp
-- Up-to-date symlink: /home/ros/docker_pronto_ws/install/pronto_msgs/include/pronto_msgs/pronto_msgs/msg/detail/gps_data__traits.hpp
-- Up-to-date symlink: /home/ros/docker_pronto_ws/install/pronto_msgs/include/pronto_msgs/pronto_msgs/msg/detail/indexed_measurement__builder.hpp
-- Up-to-date symlink: /home/ros/docker_pronto_ws/install/pronto_msgs/include/pronto_msgs/pronto_msgs/msg/detail/indexed_measurement__struct.hpp
-- Up-to-date symlink: /home/ros/docker_pronto_ws/install/pronto_msgs/include/pronto_msgs/pronto_msgs/msg/detail/indexed_measurement__traits.hpp
-- Up-to-date symlink: /home/ros/docker_pronto_ws/install/pronto_msgs/include/pronto_msgs/pronto_msgs/msg/detail/joint_state_with_acceleration__builder.hpp
-- Up-to-date symlink: /home/ros/docker_pronto_ws/install/pronto_msgs/include/pronto_msgs/pronto_msgs/msg/detail/joint_state_with_acceleration__struct.hpp
-- Up-to-date symlink: /home/ros/docker_pronto_ws/install/pronto_msgs/include/pronto_msgs/pronto_msgs/msg/detail/joint_state_with_acceleration__traits.hpp
-- Up-to-date symlink: /home/ros/docker_pronto_ws/install/pronto_msgs/include/pronto_msgs/pronto_msgs/msg/detail/lidar_odometry_update__builder.hpp
-- Up-to-date symlink: /home/ros/docker_pronto_ws/install/pronto_msgs/include/pronto_msgs/pronto_msgs/msg/detail/lidar_odometry_update__struct.hpp
-- Up-to-date symlink: /home/ros/docker_pronto_ws/install/pronto_msgs/include/pronto_msgs/pronto_msgs/msg/detail/lidar_odometry_update__traits.hpp
-- Up-to-date symlink: /home/ros/docker_pronto_ws/install/pronto_msgs/include/pronto_msgs/pronto_msgs/msg/detail/quadruped_force_torque_sensors__builder.hpp
-- Up-to-date symlink: /home/ros/docker_pronto_ws/install/pronto_msgs/include/pronto_msgs/pronto_msgs/msg/detail/quadruped_force_torque_sensors__struct.hpp
-- Up-to-date symlink: /home/ros/docker_pronto_ws/install/pronto_msgs/include/pronto_msgs/pronto_msgs/msg/detail/quadruped_force_torque_sensors__traits.hpp
-- Up-to-date symlink: /home/ros/docker_pronto_ws/install/pronto_msgs/include/pronto_msgs/pronto_msgs/msg/detail/quadruped_stance__builder.hpp
-- Up-to-date symlink: /home/ros/docker_pronto_ws/install/pronto_msgs/include/pronto_msgs/pronto_msgs/msg/detail/quadruped_stance__struct.hpp
-- Up-to-date symlink: /home/ros/docker_pronto_ws/install/pronto_msgs/include/pronto_msgs/pronto_msgs/msg/detail/quadruped_stance__traits.hpp
-- Up-to-date symlink: /home/ros/docker_pronto_ws/install/pronto_msgs/include/pronto_msgs/pronto_msgs/msg/detail/velocity_with_sigma_bounds__builder.hpp
-- Up-to-date symlink: /home/ros/docker_pronto_ws/install/pronto_msgs/include/pronto_msgs/pronto_msgs/msg/detail/velocity_with_sigma_bounds__struct.hpp
-- Up-to-date symlink: /home/ros/docker_pronto_ws/install/pronto_msgs/include/pronto_msgs/pronto_msgs/msg/detail/velocity_with_sigma_bounds__traits.hpp
-- Up-to-date symlink: /home/ros/docker_pronto_ws/install/pronto_msgs/include/pronto_msgs/pronto_msgs/msg/detail/visual_odometry_update__builder.hpp
-- Up-to-date symlink: /home/ros/docker_pronto_ws/install/pronto_msgs/include/pronto_msgs/pronto_msgs/msg/detail/visual_odometry_update__struct.hpp
-- Up-to-date symlink: /home/ros/docker_pronto_ws/install/pronto_msgs/include/pronto_msgs/pronto_msgs/msg/detail/visual_odometry_update__traits.hpp
-- Up-to-date symlink: /home/ros/docker_pronto_ws/install/pronto_msgs/include/pronto_msgs/pronto_msgs/msg/filter_state.hpp
-- Up-to-date symlink: /home/ros/docker_pronto_ws/install/pronto_msgs/include/pronto_msgs/pronto_msgs/msg/gps_data.hpp
-- Up-to-date symlink: /home/ros/docker_pronto_ws/install/pronto_msgs/include/pronto_msgs/pronto_msgs/msg/indexed_measurement.hpp
-- Up-to-date symlink: /home/ros/docker_pronto_ws/install/pronto_msgs/include/pronto_msgs/pronto_msgs/msg/joint_state_with_acceleration.hpp
-- Up-to-date symlink: /home/ros/docker_pronto_ws/install/pronto_msgs/include/pronto_msgs/pronto_msgs/msg/lidar_odometry_update.hpp
-- Up-to-date symlink: /home/ros/docker_pronto_ws/install/pronto_msgs/include/pronto_msgs/pronto_msgs/msg/quadruped_force_torque_sensors.hpp
-- Up-to-date symlink: /home/ros/docker_pronto_ws/install/pronto_msgs/include/pronto_msgs/pronto_msgs/msg/quadruped_stance.hpp
-- Up-to-date symlink: /home/ros/docker_pronto_ws/install/pronto_msgs/include/pronto_msgs/pronto_msgs/msg/velocity_with_sigma_bounds.hpp
-- Up-to-date symlink: /home/ros/docker_pronto_ws/install/pronto_msgs/include/pronto_msgs/pronto_msgs/msg/visual_odometry_update.hpp
-- Up-to-date symlink: /home/ros/docker_pronto_ws/install/pronto_msgs/include/pronto_msgs/pronto_msgs/msg/detail/biped_force_torque_sensors__rosidl_typesupport_fastrtps_cpp.hpp
-- Up-to-date symlink: /home/ros/docker_pronto_ws/install/pronto_msgs/include/pronto_msgs/pronto_msgs/msg/detail/controller_foot_contact__rosidl_typesupport_fastrtps_cpp.hpp
-- Up-to-date symlink: /home/ros/docker_pronto_ws/install/pronto_msgs/include/pronto_msgs/pronto_msgs/msg/detail/filter_state__rosidl_typesupport_fastrtps_cpp.hpp
-- Up-to-date symlink: /home/ros/docker_pronto_ws/install/pronto_msgs/include/pronto_msgs/pronto_msgs/msg/detail/gps_data__rosidl_typesupport_fastrtps_cpp.hpp
-- Up-to-date symlink: /home/ros/docker_pronto_ws/install/pronto_msgs/include/pronto_msgs/pronto_msgs/msg/detail/indexed_measurement__rosidl_typesupport_fastrtps_cpp.hpp
-- Up-to-date symlink: /home/ros/docker_pronto_ws/install/pronto_msgs/include/pronto_msgs/pronto_msgs/msg/detail/joint_state_with_acceleration__rosidl_typesupport_fastrtps_cpp.hpp
-- Up-to-date symlink: /home/ros/docker_pronto_ws/install/pronto_msgs/include/pronto_msgs/pronto_msgs/msg/detail/lidar_odometry_update__rosidl_typesupport_fastrtps_cpp.hpp
-- Up-to-date symlink: /home/ros/docker_pronto_ws/install/pronto_msgs/include/pronto_msgs/pronto_msgs/msg/detail/quadruped_force_torque_sensors__rosidl_typesupport_fastrtps_cpp.hpp
-- Up-to-date symlink: /home/ros/docker_pronto_ws/install/pronto_msgs/include/pronto_msgs/pronto_msgs/msg/detail/quadruped_stance__rosidl_typesupport_fastrtps_cpp.hpp
-- Up-to-date symlink: /home/ros/docker_pronto_ws/install/pronto_msgs/include/pronto_msgs/pronto_msgs/msg/detail/velocity_with_sigma_bounds__rosidl_typesupport_fastrtps_cpp.hpp
-- Up-to-date symlink: /home/ros/docker_pronto_ws/install/pronto_msgs/include/pronto_msgs/pronto_msgs/msg/detail/visual_odometry_update__rosidl_typesupport_fastrtps_cpp.hpp
-- Up-to-date symlink: /home/ros/docker_pronto_ws/install/pronto_msgs/include/pronto_msgs/pronto_msgs/msg/rosidl_typesupport_fastrtps_cpp__visibility_control.h
-- Up-to-date symlink: /home/ros/docker_pronto_ws/install/pronto_msgs/include/pronto_msgs/pronto_msgs/msg/detail/biped_force_torque_sensors__rosidl_typesupport_introspection_c.h
-- Up-to-date symlink: /home/ros/docker_pronto_ws/install/pronto_msgs/include/pronto_msgs/pronto_msgs/msg/detail/controller_foot_contact__rosidl_typesupport_introspection_c.h
-- Up-to-date symlink: /home/ros/docker_pronto_ws/install/pronto_msgs/include/pronto_msgs/pronto_msgs/msg/detail/filter_state__rosidl_typesupport_introspection_c.h
-- Up-to-date symlink: /home/ros/docker_pronto_ws/install/pronto_msgs/include/pronto_msgs/pronto_msgs/msg/detail/gps_data__rosidl_typesupport_introspection_c.h
-- Up-to-date symlink: /home/ros/docker_pronto_ws/install/pronto_msgs/include/pronto_msgs/pronto_msgs/msg/detail/indexed_measurement__rosidl_typesupport_introspection_c.h
-- Up-to-date symlink: /home/ros/docker_pronto_ws/install/pronto_msgs/include/pronto_msgs/pronto_msgs/msg/detail/joint_state_with_acceleration__rosidl_typesupport_introspection_c.h
-- Up-to-date symlink: /home/ros/docker_pronto_ws/install/pronto_msgs/include/pronto_msgs/pronto_msgs/msg/detail/lidar_odometry_update__rosidl_typesupport_introspection_c.h
-- Up-to-date symlink: /home/ros/docker_pronto_ws/install/pronto_msgs/include/pronto_msgs/pronto_msgs/msg/detail/quadruped_force_torque_sensors__rosidl_typesupport_introspection_c.h
-- Up-to-date symlink: /home/ros/docker_pronto_ws/install/pronto_msgs/include/pronto_msgs/pronto_msgs/msg/detail/quadruped_stance__rosidl_typesupport_introspection_c.h
-- Up-to-date symlink: /home/ros/docker_pronto_ws/install/pronto_msgs/include/pronto_msgs/pronto_msgs/msg/detail/velocity_with_sigma_bounds__rosidl_typesupport_introspection_c.h
-- Up-to-date symlink: /home/ros/docker_pronto_ws/install/pronto_msgs/include/pronto_msgs/pronto_msgs/msg/detail/visual_odometry_update__rosidl_typesupport_introspection_c.h
-- Up-to-date symlink: /home/ros/docker_pronto_ws/install/pronto_msgs/include/pronto_msgs/pronto_msgs/msg/rosidl_typesupport_introspection_c__visibility_control.h
-- Up-to-date symlink: /home/ros/docker_pronto_ws/install/pronto_msgs/include/pronto_msgs/pronto_msgs/msg/detail/biped_force_torque_sensors__rosidl_typesupport_introspection_cpp.hpp
-- Up-to-date symlink: /home/ros/docker_pronto_ws/install/pronto_msgs/include/pronto_msgs/pronto_msgs/msg/detail/controller_foot_contact__rosidl_typesupport_introspection_cpp.hpp
-- Up-to-date symlink: /home/ros/docker_pronto_ws/install/pronto_msgs/include/pronto_msgs/pronto_msgs/msg/detail/filter_state__rosidl_typesupport_introspection_cpp.hpp
-- Up-to-date symlink: /home/ros/docker_pronto_ws/install/pronto_msgs/include/pronto_msgs/pronto_msgs/msg/detail/gps_data__rosidl_typesupport_introspection_cpp.hpp
-- Up-to-date symlink: /home/ros/docker_pronto_ws/install/pronto_msgs/include/pronto_msgs/pronto_msgs/msg/detail/indexed_measurement__rosidl_typesupport_introspection_cpp.hpp
-- Up-to-date symlink: /home/ros/docker_pronto_ws/install/pronto_msgs/include/pronto_msgs/pronto_msgs/msg/detail/joint_state_with_acceleration__rosidl_typesupport_introspection_cpp.hpp
-- Up-to-date symlink: /home/ros/docker_pronto_ws/install/pronto_msgs/include/pronto_msgs/pronto_msgs/msg/detail/lidar_odometry_update__rosidl_typesupport_introspection_cpp.hpp
-- Up-to-date symlink: /home/ros/docker_pronto_ws/install/pronto_msgs/include/pronto_msgs/pronto_msgs/msg/detail/quadruped_force_torque_sensors__rosidl_typesupport_introspection_cpp.hpp
-- Up-to-date symlink: /home/ros/docker_pronto_ws/install/pronto_msgs/include/pronto_msgs/pronto_msgs/msg/detail/quadruped_stance__rosidl_typesupport_introspection_cpp.hpp
-- Up-to-date symlink: /home/ros/docker_pronto_ws/install/pronto_msgs/include/pronto_msgs/pronto_msgs/msg/detail/velocity_with_sigma_bounds__rosidl_typesupport_introspection_cpp.hpp
-- Up-to-date symlink: /home/ros/docker_pronto_ws/install/pronto_msgs/include/pronto_msgs/pronto_msgs/msg/detail/visual_odometry_update__rosidl_typesupport_introspection_cpp.hpp
-- Up-to-date symlink: /home/ros/docker_pronto_ws/install/pronto_msgs/share/pronto_msgs/environment/pythonpath.sh
-- Up-to-date symlink: /home/ros/docker_pronto_ws/install/pronto_msgs/share/pronto_msgs/environment/pythonpath.dsv
-- Up-to-date symlink: /home/ros/docker_pronto_ws/install/pronto_msgs/local/lib/python3.10/dist-packages/pronto_msgs-0.3.0-py3.10.egg-info/PKG-INFO
-- Up-to-date symlink: /home/ros/docker_pronto_ws/install/pronto_msgs/local/lib/python3.10/dist-packages/pronto_msgs-0.3.0-py3.10.egg-info/SOURCES.txt
-- Up-to-date symlink: /home/ros/docker_pronto_ws/install/pronto_msgs/local/lib/python3.10/dist-packages/pronto_msgs-0.3.0-py3.10.egg-info/dependency_links.txt
-- Up-to-date symlink: /home/ros/docker_pronto_ws/install/pronto_msgs/local/lib/python3.10/dist-packages/pronto_msgs-0.3.0-py3.10.egg-info/top_level.txt
-- Up-to-date symlink: /home/ros/docker_pronto_ws/install/pronto_msgs/local/lib/python3.10/dist-packages/pronto_msgs/__init__.py
-- Up-to-date symlink: /home/ros/docker_pronto_ws/install/pronto_msgs/local/lib/python3.10/dist-packages/pronto_msgs/_pronto_msgs_s.ep.rosidl_typesupport_c.c
-- Up-to-date symlink: /home/ros/docker_pronto_ws/install/pronto_msgs/local/lib/python3.10/dist-packages/pronto_msgs/_pronto_msgs_s.ep.rosidl_typesupport_fastrtps_c.c
-- Up-to-date symlink: /home/ros/docker_pronto_ws/install/pronto_msgs/local/lib/python3.10/dist-packages/pronto_msgs/_pronto_msgs_s.ep.rosidl_typesupport_introspection_c.c
-- Up-to-date symlink: /home/ros/docker_pronto_ws/install/pronto_msgs/local/lib/python3.10/dist-packages/pronto_msgs/libpronto_msgs__rosidl_generator_py.so
-- Up-to-date symlink: /home/ros/docker_pronto_ws/install/pronto_msgs/local/lib/python3.10/dist-packages/pronto_msgs/msg/__init__.py
-- Up-to-date symlink: /home/ros/docker_pronto_ws/install/pronto_msgs/local/lib/python3.10/dist-packages/pronto_msgs/msg/_biped_force_torque_sensors.py
-- Up-to-date symlink: /home/ros/docker_pronto_ws/install/pronto_msgs/local/lib/python3.10/dist-packages/pronto_msgs/msg/_biped_force_torque_sensors_s.c
-- Up-to-date symlink: /home/ros/docker_pronto_ws/install/pronto_msgs/local/lib/python3.10/dist-packages/pronto_msgs/msg/_controller_foot_contact.py
-- Up-to-date symlink: /home/ros/docker_pronto_ws/install/pronto_msgs/local/lib/python3.10/dist-packages/pronto_msgs/msg/_controller_foot_contact_s.c
-- Up-to-date symlink: /home/ros/docker_pronto_ws/install/pronto_msgs/local/lib/python3.10/dist-packages/pronto_msgs/msg/_filter_state.py
-- Up-to-date symlink: /home/ros/docker_pronto_ws/install/pronto_msgs/local/lib/python3.10/dist-packages/pronto_msgs/msg/_filter_state_s.c
-- Up-to-date symlink: /home/ros/docker_pronto_ws/install/pronto_msgs/local/lib/python3.10/dist-packages/pronto_msgs/msg/_gps_data.py
-- Up-to-date symlink: /home/ros/docker_pronto_ws/install/pronto_msgs/local/lib/python3.10/dist-packages/pronto_msgs/msg/_gps_data_s.c
-- Up-to-date symlink: /home/ros/docker_pronto_ws/install/pronto_msgs/local/lib/python3.10/dist-packages/pronto_msgs/msg/_indexed_measurement.py
-- Up-to-date symlink: /home/ros/docker_pronto_ws/install/pronto_msgs/local/lib/python3.10/dist-packages/pronto_msgs/msg/_indexed_measurement_s.c
-- Up-to-date symlink: /home/ros/docker_pronto_ws/install/pronto_msgs/local/lib/python3.10/dist-packages/pronto_msgs/msg/_joint_state_with_acceleration.py
-- Up-to-date symlink: /home/ros/docker_pronto_ws/install/pronto_msgs/local/lib/python3.10/dist-packages/pronto_msgs/msg/_joint_state_with_acceleration_s.c
-- Up-to-date symlink: /home/ros/docker_pronto_ws/install/pronto_msgs/local/lib/python3.10/dist-packages/pronto_msgs/msg/_lidar_odometry_update.py
-- Up-to-date symlink: /home/ros/docker_pronto_ws/install/pronto_msgs/local/lib/python3.10/dist-packages/pronto_msgs/msg/_lidar_odometry_update_s.c
-- Up-to-date symlink: /home/ros/docker_pronto_ws/install/pronto_msgs/local/lib/python3.10/dist-packages/pronto_msgs/msg/_quadruped_force_torque_sensors.py
-- Up-to-date symlink: /home/ros/docker_pronto_ws/install/pronto_msgs/local/lib/python3.10/dist-packages/pronto_msgs/msg/_quadruped_force_torque_sensors_s.c
-- Up-to-date symlink: /home/ros/docker_pronto_ws/install/pronto_msgs/local/lib/python3.10/dist-packages/pronto_msgs/msg/_quadruped_stance.py
-- Up-to-date symlink: /home/ros/docker_pronto_ws/install/pronto_msgs/local/lib/python3.10/dist-packages/pronto_msgs/msg/_quadruped_stance_s.c
-- Up-to-date symlink: /home/ros/docker_pronto_ws/install/pronto_msgs/local/lib/python3.10/dist-packages/pronto_msgs/msg/_velocity_with_sigma_bounds.py
-- Up-to-date symlink: /home/ros/docker_pronto_ws/install/pronto_msgs/local/lib/python3.10/dist-packages/pronto_msgs/msg/_velocity_with_sigma_bounds_s.c
-- Up-to-date symlink: /home/ros/docker_pronto_ws/install/pronto_msgs/local/lib/python3.10/dist-packages/pronto_msgs/msg/_visual_odometry_update.py
-- Up-to-date symlink: /home/ros/docker_pronto_ws/install/pronto_msgs/local/lib/python3.10/dist-packages/pronto_msgs/msg/_visual_odometry_update_s.c
-- Up-to-date symlink: /home/ros/docker_pronto_ws/install/pronto_msgs/local/lib/python3.10/dist-packages/pronto_msgs/pronto_msgs_s__rosidl_typesupport_c.cpython-310-x86_64-linux-gnu.so
-- Up-to-date symlink: /home/ros/docker_pronto_ws/install/pronto_msgs/local/lib/python3.10/dist-packages/pronto_msgs/pronto_msgs_s__rosidl_typesupport_fastrtps_c.cpython-310-x86_64-linux-gnu.so
-- Up-to-date symlink: /home/ros/docker_pronto_ws/install/pronto_msgs/local/lib/python3.10/dist-packages/pronto_msgs/pronto_msgs_s__rosidl_typesupport_introspection_c.cpython-310-x86_64-linux-gnu.so
-- Up-to-date symlink: /home/ros/docker_pronto_ws/install/pronto_msgs/local/lib/python3.10/dist-packages/pronto_msgs/pronto_msgs_s__rosidl_typesupport_fastrtps_c.cpython-310-x86_64-linux-gnu.so
-- Up-to-date symlink: /home/ros/docker_pronto_ws/install/pronto_msgs/local/lib/python3.10/dist-packages/pronto_msgs/pronto_msgs_s__rosidl_typesupport_introspection_c.cpython-310-x86_64-linux-gnu.so
-- Up-to-date symlink: /home/ros/docker_pronto_ws/install/pronto_msgs/local/lib/python3.10/dist-packages/pronto_msgs/pronto_msgs_s__rosidl_typesupport_c.cpython-310-x86_64-linux-gnu.so
-- Up-to-date symlink: /home/ros/docker_pronto_ws/install/pronto_msgs/share/pronto_msgs/msg/FilterState.idl
-- Up-to-date symlink: /home/ros/docker_pronto_ws/install/pronto_msgs/share/pronto_msgs/msg/IndexedMeasurement.idl
-- Up-to-date symlink: /home/ros/docker_pronto_ws/install/pronto_msgs/share/pronto_msgs/msg/QuadrupedStance.idl
-- Up-to-date symlink: /home/ros/docker_pronto_ws/install/pronto_msgs/share/pronto_msgs/msg/JointStateWithAcceleration.idl
-- Up-to-date symlink: /home/ros/docker_pronto_ws/install/pronto_msgs/share/pronto_msgs/msg/ControllerFootContact.idl
-- Up-to-date symlink: /home/ros/docker_pronto_ws/install/pronto_msgs/share/pronto_msgs/msg/QuadrupedForceTorqueSensors.idl
-- Up-to-date symlink: /home/ros/docker_pronto_ws/install/pronto_msgs/share/pronto_msgs/msg/VelocityWithSigmaBounds.idl
-- Up-to-date symlink: /home/ros/docker_pronto_ws/install/pronto_msgs/share/pronto_msgs/msg/VisualOdometryUpdate.idl
-- Up-to-date symlink: /home/ros/docker_pronto_ws/install/pronto_msgs/share/pronto_msgs/msg/GPSData.idl
-- Up-to-date symlink: /home/ros/docker_pronto_ws/install/pronto_msgs/share/pronto_msgs/msg/LidarOdometryUpdate.idl
-- Up-to-date symlink: /home/ros/docker_pronto_ws/install/pronto_msgs/share/pronto_msgs/msg/BipedForceTorqueSensors.idl
-- Up-to-date symlink: /home/ros/docker_pronto_ws/install/pronto_msgs/share/pronto_msgs/msg/FilterState.msg
-- Up-to-date symlink: /home/ros/docker_pronto_ws/install/pronto_msgs/share/pronto_msgs/msg/IndexedMeasurement.msg
-- Up-to-date symlink: /home/ros/docker_pronto_ws/install/pronto_msgs/share/pronto_msgs/msg/QuadrupedStance.msg
-- Up-to-date symlink: /home/ros/docker_pronto_ws/install/pronto_msgs/share/pronto_msgs/msg/JointStateWithAcceleration.msg
-- Up-to-date symlink: /home/ros/docker_pronto_ws/install/pronto_msgs/share/pronto_msgs/msg/ControllerFootContact.msg
-- Up-to-date symlink: /home/ros/docker_pronto_ws/install/pronto_msgs/share/pronto_msgs/msg/QuadrupedForceTorqueSensors.msg
-- Up-to-date symlink: /home/ros/docker_pronto_ws/install/pronto_msgs/share/pronto_msgs/msg/VelocityWithSigmaBounds.msg
-- Up-to-date symlink: /home/ros/docker_pronto_ws/install/pronto_msgs/share/pronto_msgs/msg/VisualOdometryUpdate.msg
-- Up-to-date symlink: /home/ros/docker_pronto_ws/install/pronto_msgs/share/pronto_msgs/msg/GPSData.msg
-- Up-to-date symlink: /home/ros/docker_pronto_ws/install/pronto_msgs/share/pronto_msgs/msg/LidarOdometryUpdate.msg
-- Up-to-date symlink: /home/ros/docker_pronto_ws/install/pronto_msgs/share/pronto_msgs/msg/BipedForceTorqueSensors.msg
-- Up-to-date symlink: /home/ros/docker_pronto_ws/install/pronto_msgs/share/ament_index/resource_index/package_run_dependencies/pronto_msgs
-- Up-to-date symlink: /home/ros/docker_pronto_ws/install/pronto_msgs/share/ament_index/resource_index/parent_prefix_path/pronto_msgs
-- Up-to-date symlink: /home/ros/docker_pronto_ws/install/pronto_msgs/share/pronto_msgs/environment/ament_prefix_path.sh
-- Up-to-date symlink: /home/ros/docker_pronto_ws/install/pronto_msgs/share/pronto_msgs/environment/ament_prefix_path.dsv
-- Up-to-date symlink: /home/ros/docker_pronto_ws/install/pronto_msgs/share/pronto_msgs/environment/path.sh
-- Up-to-date symlink: /home/ros/docker_pronto_ws/install/pronto_msgs/share/pronto_msgs/environment/path.dsv
-- Up-to-date symlink: /home/ros/docker_pronto_ws/install/pronto_msgs/share/pronto_msgs/local_setup.bash
-- Up-to-date symlink: /home/ros/docker_pronto_ws/install/pronto_msgs/share/pronto_msgs/local_setup.sh
-- Up-to-date symlink: /home/ros/docker_pronto_ws/install/pronto_msgs/share/pronto_msgs/local_setup.zsh
-- Up-to-date symlink: /home/ros/docker_pronto_ws/install/pronto_msgs/share/pronto_msgs/local_setup.dsv
-- Symlinking: /home/ros/docker_pronto_ws/install/pronto_msgs/share/pronto_msgs/package.dsv
-- Up-to-date symlink: /home/ros/docker_pronto_ws/install/pronto_msgs/share/ament_index/resource_index/packages/pronto_msgs
-- Up-to-date symlink: /home/ros/docker_pronto_ws/install/pronto_msgs/share/pronto_msgs/cmake/rosidl_cmake-extras.cmake
-- Up-to-date symlink: /home/ros/docker_pronto_ws/install/pronto_msgs/share/pronto_msgs/cmake/ament_cmake_export_dependencies-extras.cmake
-- Up-to-date symlink: /home/ros/docker_pronto_ws/install/pronto_msgs/share/pronto_msgs/cmake/ament_cmake_export_include_directories-extras.cmake
-- Up-to-date symlink: /home/ros/docker_pronto_ws/install/pronto_msgs/share/pronto_msgs/cmake/ament_cmake_export_libraries-extras.cmake
-- Up-to-date symlink: /home/ros/docker_pronto_ws/install/pronto_msgs/share/pronto_msgs/cmake/ament_cmake_export_targets-extras.cmake
-- Up-to-date symlink: /home/ros/docker_pronto_ws/install/pronto_msgs/share/pronto_msgs/cmake/rosidl_cmake_export_typesupport_targets-extras.cmake
-- Up-to-date symlink: /home/ros/docker_pronto_ws/install/pronto_msgs/share/pronto_msgs/cmake/rosidl_cmake_export_typesupport_libraries-extras.cmake
-- Up-to-date symlink: /home/ros/docker_pronto_ws/install/pronto_msgs/share/pronto_msgs/cmake/pronto_msgsConfig.cmake
-- Up-to-date symlink: /home/ros/docker_pronto_ws/install/pronto_msgs/share/pronto_msgs/cmake/pronto_msgsConfig-version.cmake
-- Up-to-date symlink: /home/ros/docker_pronto_ws/install/pronto_msgs/share/pronto_msgs/package.xml
-- Up-to-date: /home/ros/docker_pronto_ws/install/pronto_msgs/lib/libpronto_msgs__rosidl_generator_c.so
-- Up-to-date: /home/ros/docker_pronto_ws/install/pronto_msgs/lib/libpronto_msgs__rosidl_typesupport_fastrtps_c.so
-- Up-to-date: /home/ros/docker_pronto_ws/install/pronto_msgs/lib/libpronto_msgs__rosidl_typesupport_fastrtps_cpp.so
-- Up-to-date: /home/ros/docker_pronto_ws/install/pronto_msgs/lib/libpronto_msgs__rosidl_typesupport_introspection_c.so
-- Up-to-date: /home/ros/docker_pronto_ws/install/pronto_msgs/lib/libpronto_msgs__rosidl_typesupport_c.so
-- Up-to-date: /home/ros/docker_pronto_ws/install/pronto_msgs/lib/libpronto_msgs__rosidl_typesupport_introspection_cpp.so
-- Up-to-date: /home/ros/docker_pronto_ws/install/pronto_msgs/lib/libpronto_msgs__rosidl_typesupport_cpp.so
Listing '/home/ros/docker_pronto_ws/install/pronto_msgs/local/lib/python3.10/dist-packages/pronto_msgs'...
Listing '/home/ros/docker_pronto_ws/install/pronto_msgs/local/lib/python3.10/dist-packages/pronto_msgs/msg'...
-- Up-to-date: /home/ros/docker_pronto_ws/install/pronto_msgs/lib/libpronto_msgs__rosidl_generator_py.so
-- Up-to-date: /home/ros/docker_pronto_ws/install/pronto_msgs/share/pronto_msgs/cmake/export_pronto_msgs__rosidl_generator_cExport.cmake
-- Up-to-date: /home/ros/docker_pronto_ws/install/pronto_msgs/share/pronto_msgs/cmake/export_pronto_msgs__rosidl_generator_cExport-release.cmake
-- Up-to-date: /home/ros/docker_pronto_ws/install/pronto_msgs/share/pronto_msgs/cmake/export_pronto_msgs__rosidl_typesupport_fastrtps_cExport.cmake
-- Up-to-date: /home/ros/docker_pronto_ws/install/pronto_msgs/share/pronto_msgs/cmake/export_pronto_msgs__rosidl_typesupport_fastrtps_cExport-release.cmake
-- Up-to-date: /home/ros/docker_pronto_ws/install/pronto_msgs/share/pronto_msgs/cmake/export_pronto_msgs__rosidl_generator_cppExport.cmake
-- Up-to-date: /home/ros/docker_pronto_ws/install/pronto_msgs/share/pronto_msgs/cmake/export_pronto_msgs__rosidl_typesupport_fastrtps_cppExport.cmake
-- Up-to-date: /home/ros/docker_pronto_ws/install/pronto_msgs/share/pronto_msgs/cmake/export_pronto_msgs__rosidl_typesupport_fastrtps_cppExport-release.cmake
-- Up-to-date: /home/ros/docker_pronto_ws/install/pronto_msgs/share/pronto_msgs/cmake/pronto_msgs__rosidl_typesupport_introspection_cExport.cmake
-- Up-to-date: /home/ros/docker_pronto_ws/install/pronto_msgs/share/pronto_msgs/cmake/pronto_msgs__rosidl_typesupport_introspection_cExport-release.cmake
-- Up-to-date: /home/ros/docker_pronto_ws/install/pronto_msgs/share/pronto_msgs/cmake/pronto_msgs__rosidl_typesupport_cExport.cmake
-- Up-to-date: /home/ros/docker_pronto_ws/install/pronto_msgs/share/pronto_msgs/cmake/pronto_msgs__rosidl_typesupport_cExport-release.cmake
-- Up-to-date: /home/ros/docker_pronto_ws/install/pronto_msgs/share/pronto_msgs/cmake/pronto_msgs__rosidl_typesupport_introspection_cppExport.cmake
-- Up-to-date: /home/ros/docker_pronto_ws/install/pronto_msgs/share/pronto_msgs/cmake/pronto_msgs__rosidl_typesupport_introspection_cppExport-release.cmake
-- Up-to-date: /home/ros/docker_pronto_ws/install/pronto_msgs/share/pronto_msgs/cmake/pronto_msgs__rosidl_typesupport_cppExport.cmake
-- Up-to-date: /home/ros/docker_pronto_ws/install/pronto_msgs/share/pronto_msgs/cmake/pronto_msgs__rosidl_typesupport_cppExport-release.cmake
-- Up-to-date: /home/ros/docker_pronto_ws/install/pronto_msgs/share/pronto_msgs/cmake/export_pronto_msgs__rosidl_generator_pyExport.cmake
-- Up-to-date: /home/ros/docker_pronto_ws/install/pronto_msgs/share/pronto_msgs/cmake/export_pronto_msgs__rosidl_generator_pyExport-release.cmake
