-- The C compiler identification is GNU 9.4.0
-- The CXX compiler identification is GNU 9.4.0
-- Detecting C compiler ABI info
-- Detecting C compiler ABI info - done
-- Check for working C compiler: /usr/bin/cc - skipped
-- Detecting C compile features
-- Detecting C compile features - done
-- Detecting CXX compiler ABI info
-- Detecting CXX compiler ABI info - done
-- Check for working CXX compiler: /usr/bin/c++ - skipped
-- Detecting CXX compile features
-- Detecting CXX compile features - done
-- Found ament_cmake: 0.9.8 (/home/anymalopc/MATLAB/sys/ros2/glnxa64/ros2/share/ament_cmake/cmake)
-- Found PythonInterp: /home/anymalopc/.matlab/R2023a/ros2/glnxa64/venv/bin/python3 (found suitable version "3.8.10", minimum required is "3") 
-- Using PYTHON_EXECUTABLE: /home/anymalopc/.matlab/R2023a/ros2/glnxa64/venv/bin/python3
-- Found ament_cmake_ros: 0.9.2 (/home/anymalopc/MATLAB/sys/ros2/glnxa64/ros2/share/ament_cmake_ros/cmake)
-- Found rosidl_typesupport_c: 1.0.2 (/home/anymalopc/MATLAB/sys/ros2/glnxa64/ros2/share/rosidl_typesupport_c/cmake)
-- Using all available rosidl_typesupport_c: rosidl_typesupport_fastrtps_c;rosidl_typesupport_introspection_c
-- Found rosidl_adapter: 1.2.1 (/home/anymalopc/MATLAB/sys/ros2/glnxa64/ros2/share/rosidl_adapter/cmake)
-- Found FastRTPS: /home/anymalopc/MATLAB/sys/ros2/glnxa64/ros2/include  
-- Found rosidl_typesupport_cpp: 1.0.2 (/home/anymalopc/MATLAB/sys/ros2/glnxa64/ros2/share/rosidl_typesupport_cpp/cmake)
-- Using all available rosidl_typesupport_cpp: rosidl_typesupport_fastrtps_cpp;rosidl_typesupport_introspection_cpp
-- Found rosidl_default_generators: 1.0.1 (/home/anymalopc/MATLAB/sys/ros2/glnxa64/ros2/share/rosidl_default_generators/cmake)
-- Found builtin_interfaces: 1.0.0 (/home/anymalopc/MATLAB/sys/ros2/glnxa64/ros2/share/builtin_interfaces/cmake)
-- Found class_loader: 2.0.2 (/home/anymalopc/MATLAB/sys/ros2/glnxa64/ros2/share/class_loader/cmake)
-- Found geometry_msgs: 2.0.4 (/home/anymalopc/MATLAB/sys/ros2/glnxa64/ros2/share/geometry_msgs/cmake)
-- Found rclcpp: 2.3.1 (/home/anymalopc/MATLAB/sys/ros2/glnxa64/ros2/share/rclcpp/cmake)
-- Found rmw_implementation_cmake: 1.0.3 (/home/anymalopc/MATLAB/sys/ros2/glnxa64/ros2/share/rmw_implementation_cmake/cmake)
-- Using RMW implementation 'rmw_fastrtps_cpp' as default
-- Looking for pthread.h
-- Looking for pthread.h - found
-- Performing Test CMAKE_HAVE_LIBC_PTHREAD
-- Performing Test CMAKE_HAVE_LIBC_PTHREAD - Failed
-- Looking for pthread_create in pthreads
-- Looking for pthread_create in pthreads - not found
-- Looking for pthread_create in pthread
-- Looking for pthread_create in pthread - found
-- Found Threads: TRUE  
-- Found PythonInterp: /home/anymalopc/.matlab/R2023a/ros2/glnxa64/venv/bin/python3 (found version "3.8.10") 
-- Using all available rosidl_typesupport_c: rosidl_typesupport_fastrtps_c;rosidl_typesupport_introspection_c
-- Using all available rosidl_typesupport_cpp: rosidl_typesupport_fastrtps_cpp;rosidl_typesupport_introspection_cpp
-- Configuring done
-- Generating done
-- Build files have been written to: /home/anymalopc/docker_pronto_estimator/src/matlab_msg_gen/glnxa64/build/pronto_msgs
[1/104] Generating C code for ROS interfaces
[2/104] Building C object CMakeFiles/pronto_msgs__rosidl_generator_c.dir/rosidl_generator_c/pronto_msgs/msg/detail/gps_data__functions.c.o
[3/104] Building C object CMakeFiles/pronto_msgs__rosidl_generator_c.dir/rosidl_generator_c/pronto_msgs/msg/detail/controller_foot_contact__functions.c.o
[4/104] Generating C++ code for ROS interfaces
[5/104] Building C object CMakeFiles/pronto_msgs__rosidl_generator_c.dir/rosidl_generator_c/pronto_msgs/msg/detail/biped_force_torque_sensors__functions.c.o
[6/104] Building C object CMakeFiles/pronto_msgs__rosidl_generator_c.dir/rosidl_generator_c/pronto_msgs/msg/detail/filter_state__functions.c.o
[7/104] Building C object CMakeFiles/pronto_msgs__rosidl_generator_c.dir/rosidl_generator_c/pronto_msgs/msg/detail/indexed_measurement__functions.c.o
[8/104] Building C object CMakeFiles/pronto_msgs__rosidl_generator_c.dir/rosidl_generator_c/pronto_msgs/msg/detail/joint_state_with_acceleration__functions.c.o
[9/104] Building C object CMakeFiles/pronto_msgs__rosidl_generator_c.dir/rosidl_generator_c/pronto_msgs/msg/detail/lidar_odometry_update__functions.c.o
[10/104] Building C object CMakeFiles/pronto_msgs__rosidl_generator_c.dir/rosidl_generator_c/pronto_msgs/msg/detail/quadruped_force_torque_sensors__functions.c.o
[11/104] Building C object CMakeFiles/pronto_msgs__rosidl_generator_c.dir/rosidl_generator_c/pronto_msgs/msg/detail/quadruped_stance__functions.c.o
[12/104] Building C object CMakeFiles/pronto_msgs__rosidl_generator_c.dir/rosidl_generator_c/pronto_msgs/msg/detail/visual_odometry_update__functions.c.o
[13/104] Building C object CMakeFiles/pronto_msgs__rosidl_generator_c.dir/rosidl_generator_c/pronto_msgs/msg/detail/velocity_with_sigma_bounds__functions.c.o
[14/104] Linking C shared library libpronto_msgs__rosidl_generator_c.so
[15/104] Generating C++ type support dispatch for ROS interfaces
[16/104] Generating C type support dispatch for ROS interfaces
[17/104] Building CXX object CMakeFiles/pronto_msgs__rosidl_typesupport_c.dir/rosidl_typesupport_c/pronto_msgs/msg/biped_force_torque_sensors__type_support.cpp.o
[18/104] Building CXX object CMakeFiles/pronto_msgs__rosidl_typesupport_c.dir/rosidl_typesupport_c/pronto_msgs/msg/controller_foot_contact__type_support.cpp.o
[19/104] Building CXX object CMakeFiles/pronto_msgs__rosidl_typesupport_c.dir/rosidl_typesupport_c/pronto_msgs/msg/filter_state__type_support.cpp.o
[20/104] Generating C++ introspection for ROS interfaces
[21/104] Building CXX object CMakeFiles/pronto_msgs__rosidl_typesupport_c.dir/rosidl_typesupport_c/pronto_msgs/msg/gps_data__type_support.cpp.o
[22/104] Building CXX object CMakeFiles/pronto_msgs__rosidl_typesupport_c.dir/rosidl_typesupport_c/pronto_msgs/msg/indexed_measurement__type_support.cpp.o
[23/104] Building CXX object CMakeFiles/pronto_msgs__rosidl_typesupport_c.dir/rosidl_typesupport_c/pronto_msgs/msg/joint_state_with_acceleration__type_support.cpp.o
[24/104] Generating C++ type support for eProsima Fast-RTPS
[25/104] Generating C introspection for ROS interfaces
[26/104] Building CXX object CMakeFiles/pronto_msgs__rosidl_typesupport_c.dir/rosidl_typesupport_c/pronto_msgs/msg/lidar_odometry_update__type_support.cpp.o
[27/104] Building CXX object CMakeFiles/pronto_msgs__rosidl_typesupport_cpp.dir/rosidl_typesupport_cpp/pronto_msgs/msg/gps_data__type_support.cpp.o
[28/104] Building CXX object CMakeFiles/pronto_msgs__rosidl_typesupport_cpp.dir/rosidl_typesupport_cpp/pronto_msgs/msg/biped_force_torque_sensors__type_support.cpp.o
[29/104] Building CXX object CMakeFiles/pronto_msgs__rosidl_typesupport_cpp.dir/rosidl_typesupport_cpp/pronto_msgs/msg/indexed_measurement__type_support.cpp.o
[30/104] Building CXX object CMakeFiles/pronto_msgs__rosidl_typesupport_cpp.dir/rosidl_typesupport_cpp/pronto_msgs/msg/controller_foot_contact__type_support.cpp.o
[31/104] Building CXX object CMakeFiles/pronto_msgs__rosidl_typesupport_cpp.dir/rosidl_typesupport_cpp/pronto_msgs/msg/visual_odometry_update__type_support.cpp.o
[32/104] Building CXX object CMakeFiles/pronto_msgs__rosidl_typesupport_cpp.dir/rosidl_typesupport_cpp/pronto_msgs/msg/lidar_odometry_update__type_support.cpp.o
[33/104] Building CXX object CMakeFiles/pronto_msgs__rosidl_typesupport_cpp.dir/rosidl_typesupport_cpp/pronto_msgs/msg/joint_state_with_acceleration__type_support.cpp.o
[34/104] Building CXX object CMakeFiles/pronto_msgs__rosidl_typesupport_cpp.dir/rosidl_typesupport_cpp/pronto_msgs/msg/quadruped_stance__type_support.cpp.o
[35/104] Building CXX object CMakeFiles/pronto_msgs__rosidl_typesupport_c.dir/rosidl_typesupport_c/pronto_msgs/msg/quadruped_force_torque_sensors__type_support.cpp.o
[36/104] Building CXX object CMakeFiles/pronto_msgs__rosidl_typesupport_cpp.dir/rosidl_typesupport_cpp/pronto_msgs/msg/quadruped_force_torque_sensors__type_support.cpp.o
[37/104] Building CXX object CMakeFiles/pronto_msgs__rosidl_typesupport_cpp.dir/rosidl_typesupport_cpp/pronto_msgs/msg/velocity_with_sigma_bounds__type_support.cpp.o
[38/104] Building CXX object CMakeFiles/pronto_msgs__rosidl_typesupport_cpp.dir/rosidl_typesupport_cpp/pronto_msgs/msg/filter_state__type_support.cpp.o
[39/104] Building C object CMakeFiles/pronto_msgs__rosidl_typesupport_introspection_c.dir/rosidl_typesupport_introspection_c/pronto_msgs/msg/detail/filter_state__type_support.c.o
[40/104] Building C object CMakeFiles/pronto_msgs__rosidl_typesupport_introspection_c.dir/rosidl_typesupport_introspection_c/pronto_msgs/msg/detail/biped_force_torque_sensors__type_support.c.o
[41/104] Building C object CMakeFiles/pronto_msgs__rosidl_typesupport_introspection_c.dir/rosidl_typesupport_introspection_c/pronto_msgs/msg/detail/controller_foot_contact__type_support.c.o
[42/104] Building C object CMakeFiles/pronto_msgs__rosidl_typesupport_introspection_c.dir/rosidl_typesupport_introspection_c/pronto_msgs/msg/detail/gps_data__type_support.c.o
[43/104] Building C object CMakeFiles/pronto_msgs__rosidl_typesupport_introspection_c.dir/rosidl_typesupport_introspection_c/pronto_msgs/msg/detail/indexed_measurement__type_support.c.o
[44/104] Building C object CMakeFiles/pronto_msgs__rosidl_typesupport_introspection_c.dir/rosidl_typesupport_introspection_c/pronto_msgs/msg/detail/joint_state_with_acceleration__type_support.c.o
[45/104] Building C object CMakeFiles/pronto_msgs__rosidl_typesupport_introspection_c.dir/rosidl_typesupport_introspection_c/pronto_msgs/msg/detail/quadruped_force_torque_sensors__type_support.c.o
[46/104] Building C object CMakeFiles/pronto_msgs__rosidl_typesupport_introspection_c.dir/rosidl_typesupport_introspection_c/pronto_msgs/msg/detail/lidar_odometry_update__type_support.c.o
[47/104] Building C object CMakeFiles/pronto_msgs__rosidl_typesupport_introspection_c.dir/rosidl_typesupport_introspection_c/pronto_msgs/msg/detail/quadruped_stance__type_support.c.o
[48/104] Building CXX object CMakeFiles/pronto_msgs__rosidl_typesupport_introspection_cpp.dir/rosidl_typesupport_introspection_cpp/pronto_msgs/msg/detail/biped_force_torque_sensors__type_support.cpp.o
[49/104] Building C object CMakeFiles/pronto_msgs__rosidl_typesupport_introspection_c.dir/rosidl_typesupport_introspection_c/pronto_msgs/msg/detail/velocity_with_sigma_bounds__type_support.c.o
[50/104] Building C object CMakeFiles/pronto_msgs__rosidl_typesupport_introspection_c.dir/rosidl_typesupport_introspection_c/pronto_msgs/msg/detail/visual_odometry_update__type_support.c.o
[51/104] Building CXX object CMakeFiles/pronto_msgs__rosidl_typesupport_c.dir/rosidl_typesupport_c/pronto_msgs/msg/velocity_with_sigma_bounds__type_support.cpp.o
[52/104] Building CXX object CMakeFiles/pronto_msgs__rosidl_typesupport_c.dir/rosidl_typesupport_c/pronto_msgs/msg/quadruped_stance__type_support.cpp.o
[53/104] Building CXX object CMakeFiles/pronto_msgs__rosidl_typesupport_c.dir/rosidl_typesupport_c/pronto_msgs/msg/visual_odometry_update__type_support.cpp.o
[54/104] Linking CXX shared library libpronto_msgs__rosidl_typesupport_cpp.so
[55/104] Linking C shared library libpronto_msgs__rosidl_typesupport_introspection_c.so
[56/104] Building CXX object CMakeFiles/pronto_msgs__rosidl_typesupport_fastrtps_cpp.dir/rosidl_typesupport_fastrtps_cpp/pronto_msgs/msg/detail/dds_fastrtps/biped_force_torque_sensors__type_support.cpp.o
[57/104] Building CXX object CMakeFiles/pronto_msgs__rosidl_typesupport_fastrtps_cpp.dir/rosidl_typesupport_fastrtps_cpp/pronto_msgs/msg/detail/dds_fastrtps/quadruped_stance__type_support.cpp.o
[58/104] Building CXX object CMakeFiles/pronto_msgs__rosidl_typesupport_fastrtps_cpp.dir/rosidl_typesupport_fastrtps_cpp/pronto_msgs/msg/detail/dds_fastrtps/lidar_odometry_update__type_support.cpp.o
[59/104] Building CXX object CMakeFiles/pronto_msgs__rosidl_typesupport_fastrtps_cpp.dir/rosidl_typesupport_fastrtps_cpp/pronto_msgs/msg/detail/dds_fastrtps/quadruped_force_torque_sensors__type_support.cpp.o
[60/104] Linking CXX shared library libpronto_msgs__rosidl_typesupport_c.so
[61/104] Building CXX object CMakeFiles/pronto_msgs__rosidl_typesupport_fastrtps_cpp.dir/rosidl_typesupport_fastrtps_cpp/pronto_msgs/msg/detail/dds_fastrtps/filter_state__type_support.cpp.o
[62/104] Building CXX object CMakeFiles/pronto_msgs__rosidl_typesupport_fastrtps_cpp.dir/rosidl_typesupport_fastrtps_cpp/pronto_msgs/msg/detail/dds_fastrtps/gps_data__type_support.cpp.o
[63/104] Building CXX object CMakeFiles/pronto_msgs__rosidl_typesupport_fastrtps_cpp.dir/rosidl_typesupport_fastrtps_cpp/pronto_msgs/msg/detail/dds_fastrtps/visual_odometry_update__type_support.cpp.o
[64/104] Building CXX object CMakeFiles/pronto_msgs__rosidl_typesupport_fastrtps_cpp.dir/rosidl_typesupport_fastrtps_cpp/pronto_msgs/msg/detail/dds_fastrtps/controller_foot_contact__type_support.cpp.o
[65/104] Building CXX object CMakeFiles/pronto_msgs__rosidl_typesupport_fastrtps_cpp.dir/rosidl_typesupport_fastrtps_cpp/pronto_msgs/msg/detail/dds_fastrtps/indexed_measurement__type_support.cpp.o
[66/104] Building CXX object CMakeFiles/pronto_msgs__rosidl_typesupport_fastrtps_cpp.dir/rosidl_typesupport_fastrtps_cpp/pronto_msgs/msg/detail/dds_fastrtps/velocity_with_sigma_bounds__type_support.cpp.o
[67/104] Building CXX object CMakeFiles/pronto_msgs__rosidl_typesupport_fastrtps_cpp.dir/rosidl_typesupport_fastrtps_cpp/pronto_msgs/msg/detail/dds_fastrtps/joint_state_with_acceleration__type_support.cpp.o
[68/104] Building CXX object CMakeFiles/pronto_msgs__rosidl_typesupport_introspection_cpp.dir/rosidl_typesupport_introspection_cpp/pronto_msgs/msg/detail/visual_odometry_update__type_support.cpp.o
[69/104] Building CXX object CMakeFiles/pronto_msgs__rosidl_typesupport_introspection_cpp.dir/rosidl_typesupport_introspection_cpp/pronto_msgs/msg/detail/gps_data__type_support.cpp.o
[70/104] Linking CXX shared library libpronto_msgs__rosidl_typesupport_fastrtps_cpp.so
[71/104] Building CXX object CMakeFiles/pronto_msgs__rosidl_typesupport_introspection_cpp.dir/rosidl_typesupport_introspection_cpp/pronto_msgs/msg/detail/controller_foot_contact__type_support.cpp.o
[72/104] Building CXX object CMakeFiles/pronto_msgs__rosidl_typesupport_introspection_cpp.dir/rosidl_typesupport_introspection_cpp/pronto_msgs/msg/detail/filter_state__type_support.cpp.o
[73/104] Building CXX object CMakeFiles/pronto_msgs__rosidl_typesupport_introspection_cpp.dir/rosidl_typesupport_introspection_cpp/pronto_msgs/msg/detail/quadruped_stance__type_support.cpp.o
[74/104] Building CXX object CMakeFiles/pronto_msgs__rosidl_typesupport_introspection_cpp.dir/rosidl_typesupport_introspection_cpp/pronto_msgs/msg/detail/quadruped_force_torque_sensors__type_support.cpp.o
[75/104] Building CXX object CMakeFiles/pronto_msgs__rosidl_typesupport_introspection_cpp.dir/rosidl_typesupport_introspection_cpp/pronto_msgs/msg/detail/lidar_odometry_update__type_support.cpp.o
[76/104] Building CXX object CMakeFiles/pronto_msgs__rosidl_typesupport_introspection_cpp.dir/rosidl_typesupport_introspection_cpp/pronto_msgs/msg/detail/velocity_with_sigma_bounds__type_support.cpp.o
[77/104] Building CXX object CMakeFiles/pronto_msgs__rosidl_typesupport_introspection_cpp.dir/rosidl_typesupport_introspection_cpp/pronto_msgs/msg/detail/indexed_measurement__type_support.cpp.o
[78/104] Building CXX object CMakeFiles/pronto_msgs__rosidl_typesupport_introspection_cpp.dir/rosidl_typesupport_introspection_cpp/pronto_msgs/msg/detail/joint_state_with_acceleration__type_support.cpp.o
[79/104] Linking CXX shared library libpronto_msgs__rosidl_typesupport_introspection_cpp.so
[80/104] Generating C type support for eProsima Fast-RTPS
[81/104] Building CXX object CMakeFiles/pronto_msgs__rosidl_typesupport_fastrtps_c.dir/rosidl_typesupport_fastrtps_c/pronto_msgs/msg/detail/indexed_measurement__type_support_c.cpp.o
[82/104] Building CXX object CMakeFiles/pronto_msgs__rosidl_typesupport_fastrtps_c.dir/rosidl_typesupport_fastrtps_c/pronto_msgs/msg/detail/biped_force_torque_sensors__type_support_c.cpp.o
[83/104] Building CXX object CMakeFiles/pronto_msgs__rosidl_typesupport_fastrtps_c.dir/rosidl_typesupport_fastrtps_c/pronto_msgs/msg/detail/velocity_with_sigma_bounds__type_support_c.cpp.o
[84/104] Building CXX object CMakeFiles/pronto_msgs__rosidl_typesupport_fastrtps_c.dir/rosidl_typesupport_fastrtps_c/pronto_msgs/msg/detail/quadruped_stance__type_support_c.cpp.o
[85/104] Building CXX object CMakeFiles/pronto_msgs__rosidl_typesupport_fastrtps_c.dir/rosidl_typesupport_fastrtps_c/pronto_msgs/msg/detail/filter_state__type_support_c.cpp.o
[86/104] Building CXX object CMakeFiles/pronto_msgs__rosidl_typesupport_fastrtps_c.dir/rosidl_typesupport_fastrtps_c/pronto_msgs/msg/detail/quadruped_force_torque_sensors__type_support_c.cpp.o
[87/104] Building CXX object CMakeFiles/pronto_msgs__rosidl_typesupport_fastrtps_c.dir/rosidl_typesupport_fastrtps_c/pronto_msgs/msg/detail/visual_odometry_update__type_support_c.cpp.o
[88/104] Building CXX object CMakeFiles/pronto_msgs__rosidl_typesupport_fastrtps_c.dir/rosidl_typesupport_fastrtps_c/pronto_msgs/msg/detail/lidar_odometry_update__type_support_c.cpp.o
[89/104] Building CXX object CMakeFiles/pronto_msgs__rosidl_typesupport_fastrtps_c.dir/rosidl_typesupport_fastrtps_c/pronto_msgs/msg/detail/gps_data__type_support_c.cpp.o
[90/104] Building CXX object CMakeFiles/pronto_msgs__rosidl_typesupport_fastrtps_c.dir/rosidl_typesupport_fastrtps_c/pronto_msgs/msg/detail/joint_state_with_acceleration__type_support_c.cpp.o
[91/104] Building CXX object CMakeFiles/pronto_msgs__rosidl_typesupport_fastrtps_c.dir/rosidl_typesupport_fastrtps_c/pronto_msgs/msg/detail/controller_foot_contact__type_support_c.cpp.o
[92/104] Linking CXX shared library libpronto_msgs__rosidl_typesupport_fastrtps_c.so
[93/104] Building CXX object CMakeFiles/pronto_msgs_matlab.dir/src/pronto_msgs_QuadrupedStance_message.cpp.o
[94/104] Building CXX object CMakeFiles/pronto_msgs_matlab.dir/src/pronto_msgs_QuadrupedForceTorqueSensors_message.cpp.o
[95/104] Building CXX object CMakeFiles/pronto_msgs_matlab.dir/src/pronto_msgs_VelocityWithSigmaBounds_message.cpp.o
[96/104] Building CXX object CMakeFiles/pronto_msgs_matlab.dir/src/pronto_msgs_LidarOdometryUpdate_message.cpp.o
[97/104] Building CXX object CMakeFiles/pronto_msgs_matlab.dir/src/pronto_msgs_BipedForceTorqueSensors_message.cpp.o
[98/104] Building CXX object CMakeFiles/pronto_msgs_matlab.dir/src/pronto_msgs_JointStateWithAcceleration_message.cpp.o
[99/104] Building CXX object CMakeFiles/pronto_msgs_matlab.dir/src/pronto_msgs_VisualOdometryUpdate_message.cpp.o
[100/104] Building CXX object CMakeFiles/pronto_msgs_matlab.dir/src/pronto_msgs_ControllerFootContact_message.cpp.o
[101/104] Building CXX object CMakeFiles/pronto_msgs_matlab.dir/src/pronto_msgs_IndexedMeasurement_message.cpp.o
[102/104] Building CXX object CMakeFiles/pronto_msgs_matlab.dir/src/pronto_msgs_FilterState_message.cpp.o
[103/104] Building CXX object CMakeFiles/pronto_msgs_matlab.dir/src/pronto_msgs_GPSData_message.cpp.o
[104/104] Linking CXX shared library libpronto_msgs_matlab.so
-- Install configuration: "Release"
-- Installing: /home/anymalopc/docker_pronto_estimator/src/matlab_msg_gen/glnxa64/install/share/ament_index/resource_index/rosidl_interfaces/pronto_msgs
-- Installing: /home/anymalopc/docker_pronto_estimator/src/matlab_msg_gen/glnxa64/install/include/pronto_msgs
-- Installing: /home/anymalopc/docker_pronto_estimator/src/matlab_msg_gen/glnxa64/install/include/pronto_msgs/msg
-- Installing: /home/anymalopc/docker_pronto_estimator/src/matlab_msg_gen/glnxa64/install/include/pronto_msgs/msg/rosidl_generator_c__visibility_control.h
-- Installing: /home/anymalopc/docker_pronto_estimator/src/matlab_msg_gen/glnxa64/install/include/pronto_msgs/msg/biped_force_torque_sensors.h
-- Installing: /home/anymalopc/docker_pronto_estimator/src/matlab_msg_gen/glnxa64/install/include/pronto_msgs/msg/joint_state_with_acceleration.h
-- Installing: /home/anymalopc/docker_pronto_estimator/src/matlab_msg_gen/glnxa64/install/include/pronto_msgs/msg/visual_odometry_update.h
-- Installing: /home/anymalopc/docker_pronto_estimator/src/matlab_msg_gen/glnxa64/install/include/pronto_msgs/msg/detail
-- Installing: /home/anymalopc/docker_pronto_estimator/src/matlab_msg_gen/glnxa64/install/include/pronto_msgs/msg/detail/lidar_odometry_update__functions.h
-- Installing: /home/anymalopc/docker_pronto_estimator/src/matlab_msg_gen/glnxa64/install/include/pronto_msgs/msg/detail/joint_state_with_acceleration__struct.h
-- Installing: /home/anymalopc/docker_pronto_estimator/src/matlab_msg_gen/glnxa64/install/include/pronto_msgs/msg/detail/biped_force_torque_sensors__functions.h
-- Installing: /home/anymalopc/docker_pronto_estimator/src/matlab_msg_gen/glnxa64/install/include/pronto_msgs/msg/detail/indexed_measurement__functions.h
-- Installing: /home/anymalopc/docker_pronto_estimator/src/matlab_msg_gen/glnxa64/install/include/pronto_msgs/msg/detail/biped_force_torque_sensors__type_support.h
-- Installing: /home/anymalopc/docker_pronto_estimator/src/matlab_msg_gen/glnxa64/install/include/pronto_msgs/msg/detail/quadruped_force_torque_sensors__struct.h
-- Installing: /home/anymalopc/docker_pronto_estimator/src/matlab_msg_gen/glnxa64/install/include/pronto_msgs/msg/detail/gps_data__struct.h
-- Installing: /home/anymalopc/docker_pronto_estimator/src/matlab_msg_gen/glnxa64/install/include/pronto_msgs/msg/detail/biped_force_torque_sensors__struct.h
-- Installing: /home/anymalopc/docker_pronto_estimator/src/matlab_msg_gen/glnxa64/install/include/pronto_msgs/msg/detail/filter_state__functions.h
-- Installing: /home/anymalopc/docker_pronto_estimator/src/matlab_msg_gen/glnxa64/install/include/pronto_msgs/msg/detail/filter_state__struct.h
-- Installing: /home/anymalopc/docker_pronto_estimator/src/matlab_msg_gen/glnxa64/install/include/pronto_msgs/msg/detail/controller_foot_contact__functions.h
-- Installing: /home/anymalopc/docker_pronto_estimator/src/matlab_msg_gen/glnxa64/install/include/pronto_msgs/msg/detail/quadruped_force_torque_sensors__functions.c
-- Installing: /home/anymalopc/docker_pronto_estimator/src/matlab_msg_gen/glnxa64/install/include/pronto_msgs/msg/detail/gps_data__functions.c
-- Installing: /home/anymalopc/docker_pronto_estimator/src/matlab_msg_gen/glnxa64/install/include/pronto_msgs/msg/detail/controller_foot_contact__functions.c
-- Installing: /home/anymalopc/docker_pronto_estimator/src/matlab_msg_gen/glnxa64/install/include/pronto_msgs/msg/detail/visual_odometry_update__struct.h
-- Installing: /home/anymalopc/docker_pronto_estimator/src/matlab_msg_gen/glnxa64/install/include/pronto_msgs/msg/detail/lidar_odometry_update__type_support.h
-- Installing: /home/anymalopc/docker_pronto_estimator/src/matlab_msg_gen/glnxa64/install/include/pronto_msgs/msg/detail/lidar_odometry_update__functions.c
-- Installing: /home/anymalopc/docker_pronto_estimator/src/matlab_msg_gen/glnxa64/install/include/pronto_msgs/msg/detail/quadruped_stance__type_support.h
-- Installing: /home/anymalopc/docker_pronto_estimator/src/matlab_msg_gen/glnxa64/install/include/pronto_msgs/msg/detail/gps_data__functions.h
-- Installing: /home/anymalopc/docker_pronto_estimator/src/matlab_msg_gen/glnxa64/install/include/pronto_msgs/msg/detail/controller_foot_contact__type_support.h
-- Installing: /home/anymalopc/docker_pronto_estimator/src/matlab_msg_gen/glnxa64/install/include/pronto_msgs/msg/detail/velocity_with_sigma_bounds__type_support.h
-- Installing: /home/anymalopc/docker_pronto_estimator/src/matlab_msg_gen/glnxa64/install/include/pronto_msgs/msg/detail/quadruped_force_torque_sensors__functions.h
-- Installing: /home/anymalopc/docker_pronto_estimator/src/matlab_msg_gen/glnxa64/install/include/pronto_msgs/msg/detail/velocity_with_sigma_bounds__functions.c
-- Installing: /home/anymalopc/docker_pronto_estimator/src/matlab_msg_gen/glnxa64/install/include/pronto_msgs/msg/detail/visual_odometry_update__functions.h
-- Installing: /home/anymalopc/docker_pronto_estimator/src/matlab_msg_gen/glnxa64/install/include/pronto_msgs/msg/detail/indexed_measurement__type_support.h
-- Installing: /home/anymalopc/docker_pronto_estimator/src/matlab_msg_gen/glnxa64/install/include/pronto_msgs/msg/detail/quadruped_stance__functions.c
-- Installing: /home/anymalopc/docker_pronto_estimator/src/matlab_msg_gen/glnxa64/install/include/pronto_msgs/msg/detail/filter_state__type_support.h
-- Installing: /home/anymalopc/docker_pronto_estimator/src/matlab_msg_gen/glnxa64/install/include/pronto_msgs/msg/detail/biped_force_torque_sensors__functions.c
-- Installing: /home/anymalopc/docker_pronto_estimator/src/matlab_msg_gen/glnxa64/install/include/pronto_msgs/msg/detail/joint_state_with_acceleration__functions.h
-- Installing: /home/anymalopc/docker_pronto_estimator/src/matlab_msg_gen/glnxa64/install/include/pronto_msgs/msg/detail/filter_state__functions.c
-- Installing: /home/anymalopc/docker_pronto_estimator/src/matlab_msg_gen/glnxa64/install/include/pronto_msgs/msg/detail/indexed_measurement__struct.h
-- Installing: /home/anymalopc/docker_pronto_estimator/src/matlab_msg_gen/glnxa64/install/include/pronto_msgs/msg/detail/controller_foot_contact__struct.h
-- Installing: /home/anymalopc/docker_pronto_estimator/src/matlab_msg_gen/glnxa64/install/include/pronto_msgs/msg/detail/indexed_measurement__functions.c
-- Installing: /home/anymalopc/docker_pronto_estimator/src/matlab_msg_gen/glnxa64/install/include/pronto_msgs/msg/detail/velocity_with_sigma_bounds__struct.h
-- Installing: /home/anymalopc/docker_pronto_estimator/src/matlab_msg_gen/glnxa64/install/include/pronto_msgs/msg/detail/lidar_odometry_update__struct.h
-- Installing: /home/anymalopc/docker_pronto_estimator/src/matlab_msg_gen/glnxa64/install/include/pronto_msgs/msg/detail/velocity_with_sigma_bounds__functions.h
-- Installing: /home/anymalopc/docker_pronto_estimator/src/matlab_msg_gen/glnxa64/install/include/pronto_msgs/msg/detail/joint_state_with_acceleration__type_support.h
-- Installing: /home/anymalopc/docker_pronto_estimator/src/matlab_msg_gen/glnxa64/install/include/pronto_msgs/msg/detail/quadruped_force_torque_sensors__type_support.h
-- Installing: /home/anymalopc/docker_pronto_estimator/src/matlab_msg_gen/glnxa64/install/include/pronto_msgs/msg/detail/gps_data__type_support.h
-- Installing: /home/anymalopc/docker_pronto_estimator/src/matlab_msg_gen/glnxa64/install/include/pronto_msgs/msg/detail/visual_odometry_update__type_support.h
-- Installing: /home/anymalopc/docker_pronto_estimator/src/matlab_msg_gen/glnxa64/install/include/pronto_msgs/msg/detail/joint_state_with_acceleration__functions.c
-- Installing: /home/anymalopc/docker_pronto_estimator/src/matlab_msg_gen/glnxa64/install/include/pronto_msgs/msg/detail/visual_odometry_update__functions.c
-- Installing: /home/anymalopc/docker_pronto_estimator/src/matlab_msg_gen/glnxa64/install/include/pronto_msgs/msg/detail/quadruped_stance__struct.h
-- Installing: /home/anymalopc/docker_pronto_estimator/src/matlab_msg_gen/glnxa64/install/include/pronto_msgs/msg/detail/quadruped_stance__functions.h
-- Installing: /home/anymalopc/docker_pronto_estimator/src/matlab_msg_gen/glnxa64/install/include/pronto_msgs/msg/controller_foot_contact.h
-- Installing: /home/anymalopc/docker_pronto_estimator/src/matlab_msg_gen/glnxa64/install/include/pronto_msgs/msg/quadruped_force_torque_sensors.h
-- Installing: /home/anymalopc/docker_pronto_estimator/src/matlab_msg_gen/glnxa64/install/include/pronto_msgs/msg/indexed_measurement.h
-- Installing: /home/anymalopc/docker_pronto_estimator/src/matlab_msg_gen/glnxa64/install/include/pronto_msgs/msg/filter_state.h
-- Installing: /home/anymalopc/docker_pronto_estimator/src/matlab_msg_gen/glnxa64/install/include/pronto_msgs/msg/gps_data.h
-- Installing: /home/anymalopc/docker_pronto_estimator/src/matlab_msg_gen/glnxa64/install/include/pronto_msgs/msg/quadruped_stance.h
-- Installing: /home/anymalopc/docker_pronto_estimator/src/matlab_msg_gen/glnxa64/install/include/pronto_msgs/msg/lidar_odometry_update.h
-- Installing: /home/anymalopc/docker_pronto_estimator/src/matlab_msg_gen/glnxa64/install/include/pronto_msgs/msg/velocity_with_sigma_bounds.h
-- Installing: /home/anymalopc/docker_pronto_estimator/src/matlab_msg_gen/glnxa64/install/share/pronto_msgs/environment/library_path.sh
-- Installing: /home/anymalopc/docker_pronto_estimator/src/matlab_msg_gen/glnxa64/install/share/pronto_msgs/environment/library_path.dsv
-- Installing: /home/anymalopc/docker_pronto_estimator/src/matlab_msg_gen/glnxa64/install/lib/libpronto_msgs__rosidl_generator_c.so
-- Up-to-date: /home/anymalopc/docker_pronto_estimator/src/matlab_msg_gen/glnxa64/install/include/pronto_msgs
-- Up-to-date: /home/anymalopc/docker_pronto_estimator/src/matlab_msg_gen/glnxa64/install/include/pronto_msgs/msg
-- Up-to-date: /home/anymalopc/docker_pronto_estimator/src/matlab_msg_gen/glnxa64/install/include/pronto_msgs/msg/detail
-- Installing: /home/anymalopc/docker_pronto_estimator/src/matlab_msg_gen/glnxa64/install/include/pronto_msgs/msg/detail/indexed_measurement__rosidl_typesupport_fastrtps_c.h
-- Installing: /home/anymalopc/docker_pronto_estimator/src/matlab_msg_gen/glnxa64/install/include/pronto_msgs/msg/detail/visual_odometry_update__rosidl_typesupport_fastrtps_c.h
-- Installing: /home/anymalopc/docker_pronto_estimator/src/matlab_msg_gen/glnxa64/install/include/pronto_msgs/msg/detail/controller_foot_contact__rosidl_typesupport_fastrtps_c.h
-- Installing: /home/anymalopc/docker_pronto_estimator/src/matlab_msg_gen/glnxa64/install/include/pronto_msgs/msg/detail/filter_state__rosidl_typesupport_fastrtps_c.h
-- Installing: /home/anymalopc/docker_pronto_estimator/src/matlab_msg_gen/glnxa64/install/include/pronto_msgs/msg/detail/quadruped_force_torque_sensors__rosidl_typesupport_fastrtps_c.h
-- Installing: /home/anymalopc/docker_pronto_estimator/src/matlab_msg_gen/glnxa64/install/include/pronto_msgs/msg/detail/velocity_with_sigma_bounds__rosidl_typesupport_fastrtps_c.h
-- Installing: /home/anymalopc/docker_pronto_estimator/src/matlab_msg_gen/glnxa64/install/include/pronto_msgs/msg/detail/biped_force_torque_sensors__rosidl_typesupport_fastrtps_c.h
-- Installing: /home/anymalopc/docker_pronto_estimator/src/matlab_msg_gen/glnxa64/install/include/pronto_msgs/msg/detail/gps_data__rosidl_typesupport_fastrtps_c.h
-- Installing: /home/anymalopc/docker_pronto_estimator/src/matlab_msg_gen/glnxa64/install/include/pronto_msgs/msg/detail/joint_state_with_acceleration__rosidl_typesupport_fastrtps_c.h
-- Installing: /home/anymalopc/docker_pronto_estimator/src/matlab_msg_gen/glnxa64/install/include/pronto_msgs/msg/detail/quadruped_stance__rosidl_typesupport_fastrtps_c.h
-- Installing: /home/anymalopc/docker_pronto_estimator/src/matlab_msg_gen/glnxa64/install/include/pronto_msgs/msg/detail/lidar_odometry_update__rosidl_typesupport_fastrtps_c.h
-- Installing: /home/anymalopc/docker_pronto_estimator/src/matlab_msg_gen/glnxa64/install/include/pronto_msgs/msg/rosidl_typesupport_fastrtps_c__visibility_control.h
-- Installing: /home/anymalopc/docker_pronto_estimator/src/matlab_msg_gen/glnxa64/install/lib/libpronto_msgs__rosidl_typesupport_fastrtps_c.so
-- Up-to-date: /home/anymalopc/docker_pronto_estimator/src/matlab_msg_gen/glnxa64/install/include/pronto_msgs
-- Up-to-date: /home/anymalopc/docker_pronto_estimator/src/matlab_msg_gen/glnxa64/install/include/pronto_msgs/msg
-- Up-to-date: /home/anymalopc/docker_pronto_estimator/src/matlab_msg_gen/glnxa64/install/include/pronto_msgs/msg/detail
-- Installing: /home/anymalopc/docker_pronto_estimator/src/matlab_msg_gen/glnxa64/install/include/pronto_msgs/msg/detail/dds_fastrtps
-- Installing: /home/anymalopc/docker_pronto_estimator/src/matlab_msg_gen/glnxa64/install/include/pronto_msgs/msg/detail/quadruped_stance__rosidl_typesupport_fastrtps_cpp.hpp
-- Installing: /home/anymalopc/docker_pronto_estimator/src/matlab_msg_gen/glnxa64/install/include/pronto_msgs/msg/detail/gps_data__rosidl_typesupport_fastrtps_cpp.hpp
-- Installing: /home/anymalopc/docker_pronto_estimator/src/matlab_msg_gen/glnxa64/install/include/pronto_msgs/msg/detail/lidar_odometry_update__rosidl_typesupport_fastrtps_cpp.hpp
-- Installing: /home/anymalopc/docker_pronto_estimator/src/matlab_msg_gen/glnxa64/install/include/pronto_msgs/msg/detail/indexed_measurement__rosidl_typesupport_fastrtps_cpp.hpp
-- Installing: /home/anymalopc/docker_pronto_estimator/src/matlab_msg_gen/glnxa64/install/include/pronto_msgs/msg/detail/controller_foot_contact__rosidl_typesupport_fastrtps_cpp.hpp
-- Installing: /home/anymalopc/docker_pronto_estimator/src/matlab_msg_gen/glnxa64/install/include/pronto_msgs/msg/detail/joint_state_with_acceleration__rosidl_typesupport_fastrtps_cpp.hpp
-- Installing: /home/anymalopc/docker_pronto_estimator/src/matlab_msg_gen/glnxa64/install/include/pronto_msgs/msg/detail/filter_state__rosidl_typesupport_fastrtps_cpp.hpp
-- Installing: /home/anymalopc/docker_pronto_estimator/src/matlab_msg_gen/glnxa64/install/include/pronto_msgs/msg/detail/quadruped_force_torque_sensors__rosidl_typesupport_fastrtps_cpp.hpp
-- Installing: /home/anymalopc/docker_pronto_estimator/src/matlab_msg_gen/glnxa64/install/include/pronto_msgs/msg/detail/visual_odometry_update__rosidl_typesupport_fastrtps_cpp.hpp
-- Installing: /home/anymalopc/docker_pronto_estimator/src/matlab_msg_gen/glnxa64/install/include/pronto_msgs/msg/detail/velocity_with_sigma_bounds__rosidl_typesupport_fastrtps_cpp.hpp
-- Installing: /home/anymalopc/docker_pronto_estimator/src/matlab_msg_gen/glnxa64/install/include/pronto_msgs/msg/detail/biped_force_torque_sensors__rosidl_typesupport_fastrtps_cpp.hpp
-- Installing: /home/anymalopc/docker_pronto_estimator/src/matlab_msg_gen/glnxa64/install/include/pronto_msgs/msg/rosidl_typesupport_fastrtps_cpp__visibility_control.h
-- Installing: /home/anymalopc/docker_pronto_estimator/src/matlab_msg_gen/glnxa64/install/lib/libpronto_msgs__rosidl_typesupport_fastrtps_cpp.so
-- Up-to-date: /home/anymalopc/docker_pronto_estimator/src/matlab_msg_gen/glnxa64/install/include/pronto_msgs
-- Up-to-date: /home/anymalopc/docker_pronto_estimator/src/matlab_msg_gen/glnxa64/install/include/pronto_msgs/msg
-- Up-to-date: /home/anymalopc/docker_pronto_estimator/src/matlab_msg_gen/glnxa64/install/include/pronto_msgs/msg/detail
-- Installing: /home/anymalopc/docker_pronto_estimator/src/matlab_msg_gen/glnxa64/install/include/pronto_msgs/msg/detail/quadruped_stance__rosidl_typesupport_introspection_c.h
-- Installing: /home/anymalopc/docker_pronto_estimator/src/matlab_msg_gen/glnxa64/install/include/pronto_msgs/msg/detail/filter_state__type_support.c
-- Installing: /home/anymalopc/docker_pronto_estimator/src/matlab_msg_gen/glnxa64/install/include/pronto_msgs/msg/detail/biped_force_torque_sensors__type_support.c
-- Installing: /home/anymalopc/docker_pronto_estimator/src/matlab_msg_gen/glnxa64/install/include/pronto_msgs/msg/detail/quadruped_stance__type_support.c
-- Installing: /home/anymalopc/docker_pronto_estimator/src/matlab_msg_gen/glnxa64/install/include/pronto_msgs/msg/detail/controller_foot_contact__rosidl_typesupport_introspection_c.h
-- Installing: /home/anymalopc/docker_pronto_estimator/src/matlab_msg_gen/glnxa64/install/include/pronto_msgs/msg/detail/joint_state_with_acceleration__type_support.c
-- Installing: /home/anymalopc/docker_pronto_estimator/src/matlab_msg_gen/glnxa64/install/include/pronto_msgs/msg/detail/joint_state_with_acceleration__rosidl_typesupport_introspection_c.h
-- Installing: /home/anymalopc/docker_pronto_estimator/src/matlab_msg_gen/glnxa64/install/include/pronto_msgs/msg/detail/indexed_measurement__rosidl_typesupport_introspection_c.h
-- Installing: /home/anymalopc/docker_pronto_estimator/src/matlab_msg_gen/glnxa64/install/include/pronto_msgs/msg/detail/controller_foot_contact__type_support.c
-- Installing: /home/anymalopc/docker_pronto_estimator/src/matlab_msg_gen/glnxa64/install/include/pronto_msgs/msg/detail/visual_odometry_update__rosidl_typesupport_introspection_c.h
-- Installing: /home/anymalopc/docker_pronto_estimator/src/matlab_msg_gen/glnxa64/install/include/pronto_msgs/msg/detail/quadruped_force_torque_sensors__type_support.c
-- Installing: /home/anymalopc/docker_pronto_estimator/src/matlab_msg_gen/glnxa64/install/include/pronto_msgs/msg/detail/indexed_measurement__type_support.c
-- Installing: /home/anymalopc/docker_pronto_estimator/src/matlab_msg_gen/glnxa64/install/include/pronto_msgs/msg/detail/lidar_odometry_update__rosidl_typesupport_introspection_c.h
-- Installing: /home/anymalopc/docker_pronto_estimator/src/matlab_msg_gen/glnxa64/install/include/pronto_msgs/msg/detail/lidar_odometry_update__type_support.c
-- Installing: /home/anymalopc/docker_pronto_estimator/src/matlab_msg_gen/glnxa64/install/include/pronto_msgs/msg/detail/biped_force_torque_sensors__rosidl_typesupport_introspection_c.h
-- Installing: /home/anymalopc/docker_pronto_estimator/src/matlab_msg_gen/glnxa64/install/include/pronto_msgs/msg/detail/quadruped_force_torque_sensors__rosidl_typesupport_introspection_c.h
-- Installing: /home/anymalopc/docker_pronto_estimator/src/matlab_msg_gen/glnxa64/install/include/pronto_msgs/msg/detail/gps_data__rosidl_typesupport_introspection_c.h
-- Installing: /home/anymalopc/docker_pronto_estimator/src/matlab_msg_gen/glnxa64/install/include/pronto_msgs/msg/detail/visual_odometry_update__type_support.c
-- Installing: /home/anymalopc/docker_pronto_estimator/src/matlab_msg_gen/glnxa64/install/include/pronto_msgs/msg/detail/gps_data__type_support.c
-- Installing: /home/anymalopc/docker_pronto_estimator/src/matlab_msg_gen/glnxa64/install/include/pronto_msgs/msg/detail/velocity_with_sigma_bounds__type_support.c
-- Installing: /home/anymalopc/docker_pronto_estimator/src/matlab_msg_gen/glnxa64/install/include/pronto_msgs/msg/detail/filter_state__rosidl_typesupport_introspection_c.h
-- Installing: /home/anymalopc/docker_pronto_estimator/src/matlab_msg_gen/glnxa64/install/include/pronto_msgs/msg/detail/velocity_with_sigma_bounds__rosidl_typesupport_introspection_c.h
-- Installing: /home/anymalopc/docker_pronto_estimator/src/matlab_msg_gen/glnxa64/install/include/pronto_msgs/msg/rosidl_typesupport_introspection_c__visibility_control.h
-- Installing: /home/anymalopc/docker_pronto_estimator/src/matlab_msg_gen/glnxa64/install/lib/libpronto_msgs__rosidl_typesupport_introspection_c.so
-- Installing: /home/anymalopc/docker_pronto_estimator/src/matlab_msg_gen/glnxa64/install/lib/libpronto_msgs__rosidl_typesupport_c.so
-- Up-to-date: /home/anymalopc/docker_pronto_estimator/src/matlab_msg_gen/glnxa64/install/include/pronto_msgs
-- Up-to-date: /home/anymalopc/docker_pronto_estimator/src/matlab_msg_gen/glnxa64/install/include/pronto_msgs/msg
-- Installing: /home/anymalopc/docker_pronto_estimator/src/matlab_msg_gen/glnxa64/install/include/pronto_msgs/msg/biped_force_torque_sensors.hpp
-- Installing: /home/anymalopc/docker_pronto_estimator/src/matlab_msg_gen/glnxa64/install/include/pronto_msgs/msg/quadruped_stance.hpp
-- Up-to-date: /home/anymalopc/docker_pronto_estimator/src/matlab_msg_gen/glnxa64/install/include/pronto_msgs/msg/detail
-- Installing: /home/anymalopc/docker_pronto_estimator/src/matlab_msg_gen/glnxa64/install/include/pronto_msgs/msg/detail/filter_state__builder.hpp
-- Installing: /home/anymalopc/docker_pronto_estimator/src/matlab_msg_gen/glnxa64/install/include/pronto_msgs/msg/detail/quadruped_stance__builder.hpp
-- Installing: /home/anymalopc/docker_pronto_estimator/src/matlab_msg_gen/glnxa64/install/include/pronto_msgs/msg/detail/gps_data__traits.hpp
-- Installing: /home/anymalopc/docker_pronto_estimator/src/matlab_msg_gen/glnxa64/install/include/pronto_msgs/msg/detail/biped_force_torque_sensors__struct.hpp
-- Installing: /home/anymalopc/docker_pronto_estimator/src/matlab_msg_gen/glnxa64/install/include/pronto_msgs/msg/detail/filter_state__traits.hpp
-- Installing: /home/anymalopc/docker_pronto_estimator/src/matlab_msg_gen/glnxa64/install/include/pronto_msgs/msg/detail/biped_force_torque_sensors__builder.hpp
-- Installing: /home/anymalopc/docker_pronto_estimator/src/matlab_msg_gen/glnxa64/install/include/pronto_msgs/msg/detail/visual_odometry_update__struct.hpp
-- Installing: /home/anymalopc/docker_pronto_estimator/src/matlab_msg_gen/glnxa64/install/include/pronto_msgs/msg/detail/lidar_odometry_update__struct.hpp
-- Installing: /home/anymalopc/docker_pronto_estimator/src/matlab_msg_gen/glnxa64/install/include/pronto_msgs/msg/detail/lidar_odometry_update__builder.hpp
-- Installing: /home/anymalopc/docker_pronto_estimator/src/matlab_msg_gen/glnxa64/install/include/pronto_msgs/msg/detail/controller_foot_contact__struct.hpp
-- Installing: /home/anymalopc/docker_pronto_estimator/src/matlab_msg_gen/glnxa64/install/include/pronto_msgs/msg/detail/indexed_measurement__struct.hpp
-- Installing: /home/anymalopc/docker_pronto_estimator/src/matlab_msg_gen/glnxa64/install/include/pronto_msgs/msg/detail/controller_foot_contact__builder.hpp
-- Installing: /home/anymalopc/docker_pronto_estimator/src/matlab_msg_gen/glnxa64/install/include/pronto_msgs/msg/detail/quadruped_force_torque_sensors__struct.hpp
-- Installing: /home/anymalopc/docker_pronto_estimator/src/matlab_msg_gen/glnxa64/install/include/pronto_msgs/msg/detail/quadruped_stance__struct.hpp
-- Installing: /home/anymalopc/docker_pronto_estimator/src/matlab_msg_gen/glnxa64/install/include/pronto_msgs/msg/detail/quadruped_force_torque_sensors__builder.hpp
-- Installing: /home/anymalopc/docker_pronto_estimator/src/matlab_msg_gen/glnxa64/install/include/pronto_msgs/msg/detail/quadruped_stance__traits.hpp
-- Installing: /home/anymalopc/docker_pronto_estimator/src/matlab_msg_gen/glnxa64/install/include/pronto_msgs/msg/detail/joint_state_with_acceleration__builder.hpp
-- Installing: /home/anymalopc/docker_pronto_estimator/src/matlab_msg_gen/glnxa64/install/include/pronto_msgs/msg/detail/gps_data__struct.hpp
-- Installing: /home/anymalopc/docker_pronto_estimator/src/matlab_msg_gen/glnxa64/install/include/pronto_msgs/msg/detail/gps_data__builder.hpp
-- Installing: /home/anymalopc/docker_pronto_estimator/src/matlab_msg_gen/glnxa64/install/include/pronto_msgs/msg/detail/lidar_odometry_update__traits.hpp
-- Installing: /home/anymalopc/docker_pronto_estimator/src/matlab_msg_gen/glnxa64/install/include/pronto_msgs/msg/detail/joint_state_with_acceleration__struct.hpp
-- Installing: /home/anymalopc/docker_pronto_estimator/src/matlab_msg_gen/glnxa64/install/include/pronto_msgs/msg/detail/indexed_measurement__builder.hpp
-- Installing: /home/anymalopc/docker_pronto_estimator/src/matlab_msg_gen/glnxa64/install/include/pronto_msgs/msg/detail/velocity_with_sigma_bounds__builder.hpp
-- Installing: /home/anymalopc/docker_pronto_estimator/src/matlab_msg_gen/glnxa64/install/include/pronto_msgs/msg/detail/visual_odometry_update__builder.hpp
-- Installing: /home/anymalopc/docker_pronto_estimator/src/matlab_msg_gen/glnxa64/install/include/pronto_msgs/msg/detail/velocity_with_sigma_bounds__struct.hpp
-- Installing: /home/anymalopc/docker_pronto_estimator/src/matlab_msg_gen/glnxa64/install/include/pronto_msgs/msg/detail/velocity_with_sigma_bounds__traits.hpp
-- Installing: /home/anymalopc/docker_pronto_estimator/src/matlab_msg_gen/glnxa64/install/include/pronto_msgs/msg/detail/quadruped_force_torque_sensors__traits.hpp
-- Installing: /home/anymalopc/docker_pronto_estimator/src/matlab_msg_gen/glnxa64/install/include/pronto_msgs/msg/detail/joint_state_with_acceleration__traits.hpp
-- Installing: /home/anymalopc/docker_pronto_estimator/src/matlab_msg_gen/glnxa64/install/include/pronto_msgs/msg/detail/filter_state__struct.hpp
-- Installing: /home/anymalopc/docker_pronto_estimator/src/matlab_msg_gen/glnxa64/install/include/pronto_msgs/msg/detail/indexed_measurement__traits.hpp
-- Installing: /home/anymalopc/docker_pronto_estimator/src/matlab_msg_gen/glnxa64/install/include/pronto_msgs/msg/detail/visual_odometry_update__traits.hpp
-- Installing: /home/anymalopc/docker_pronto_estimator/src/matlab_msg_gen/glnxa64/install/include/pronto_msgs/msg/detail/controller_foot_contact__traits.hpp
-- Installing: /home/anymalopc/docker_pronto_estimator/src/matlab_msg_gen/glnxa64/install/include/pronto_msgs/msg/detail/biped_force_torque_sensors__traits.hpp
-- Installing: /home/anymalopc/docker_pronto_estimator/src/matlab_msg_gen/glnxa64/install/include/pronto_msgs/msg/quadruped_force_torque_sensors.hpp
-- Installing: /home/anymalopc/docker_pronto_estimator/src/matlab_msg_gen/glnxa64/install/include/pronto_msgs/msg/velocity_with_sigma_bounds.hpp
-- Installing: /home/anymalopc/docker_pronto_estimator/src/matlab_msg_gen/glnxa64/install/include/pronto_msgs/msg/lidar_odometry_update.hpp
-- Installing: /home/anymalopc/docker_pronto_estimator/src/matlab_msg_gen/glnxa64/install/include/pronto_msgs/msg/joint_state_with_acceleration.hpp
-- Installing: /home/anymalopc/docker_pronto_estimator/src/matlab_msg_gen/glnxa64/install/include/pronto_msgs/msg/visual_odometry_update.hpp
-- Installing: /home/anymalopc/docker_pronto_estimator/src/matlab_msg_gen/glnxa64/install/include/pronto_msgs/msg/gps_data.hpp
-- Installing: /home/anymalopc/docker_pronto_estimator/src/matlab_msg_gen/glnxa64/install/include/pronto_msgs/msg/filter_state.hpp
-- Installing: /home/anymalopc/docker_pronto_estimator/src/matlab_msg_gen/glnxa64/install/include/pronto_msgs/msg/controller_foot_contact.hpp
-- Installing: /home/anymalopc/docker_pronto_estimator/src/matlab_msg_gen/glnxa64/install/include/pronto_msgs/msg/indexed_measurement.hpp
-- Up-to-date: /home/anymalopc/docker_pronto_estimator/src/matlab_msg_gen/glnxa64/install/include/pronto_msgs
-- Up-to-date: /home/anymalopc/docker_pronto_estimator/src/matlab_msg_gen/glnxa64/install/include/pronto_msgs/msg
-- Up-to-date: /home/anymalopc/docker_pronto_estimator/src/matlab_msg_gen/glnxa64/install/include/pronto_msgs/msg/detail
-- Installing: /home/anymalopc/docker_pronto_estimator/src/matlab_msg_gen/glnxa64/install/include/pronto_msgs/msg/detail/gps_data__type_support.cpp
-- Installing: /home/anymalopc/docker_pronto_estimator/src/matlab_msg_gen/glnxa64/install/include/pronto_msgs/msg/detail/filter_state__type_support.cpp
-- Installing: /home/anymalopc/docker_pronto_estimator/src/matlab_msg_gen/glnxa64/install/include/pronto_msgs/msg/detail/biped_force_torque_sensors__type_support.cpp
-- Installing: /home/anymalopc/docker_pronto_estimator/src/matlab_msg_gen/glnxa64/install/include/pronto_msgs/msg/detail/lidar_odometry_update__rosidl_typesupport_introspection_cpp.hpp
-- Installing: /home/anymalopc/docker_pronto_estimator/src/matlab_msg_gen/glnxa64/install/include/pronto_msgs/msg/detail/quadruped_stance__type_support.cpp
-- Installing: /home/anymalopc/docker_pronto_estimator/src/matlab_msg_gen/glnxa64/install/include/pronto_msgs/msg/detail/visual_odometry_update__type_support.cpp
-- Installing: /home/anymalopc/docker_pronto_estimator/src/matlab_msg_gen/glnxa64/install/include/pronto_msgs/msg/detail/quadruped_force_torque_sensors__type_support.cpp
-- Installing: /home/anymalopc/docker_pronto_estimator/src/matlab_msg_gen/glnxa64/install/include/pronto_msgs/msg/detail/joint_state_with_acceleration__rosidl_typesupport_introspection_cpp.hpp
-- Installing: /home/anymalopc/docker_pronto_estimator/src/matlab_msg_gen/glnxa64/install/include/pronto_msgs/msg/detail/gps_data__rosidl_typesupport_introspection_cpp.hpp
-- Installing: /home/anymalopc/docker_pronto_estimator/src/matlab_msg_gen/glnxa64/install/include/pronto_msgs/msg/detail/visual_odometry_update__rosidl_typesupport_introspection_cpp.hpp
-- Installing: /home/anymalopc/docker_pronto_estimator/src/matlab_msg_gen/glnxa64/install/include/pronto_msgs/msg/detail/biped_force_torque_sensors__rosidl_typesupport_introspection_cpp.hpp
-- Installing: /home/anymalopc/docker_pronto_estimator/src/matlab_msg_gen/glnxa64/install/include/pronto_msgs/msg/detail/velocity_with_sigma_bounds__rosidl_typesupport_introspection_cpp.hpp
-- Installing: /home/anymalopc/docker_pronto_estimator/src/matlab_msg_gen/glnxa64/install/include/pronto_msgs/msg/detail/filter_state__rosidl_typesupport_introspection_cpp.hpp
-- Installing: /home/anymalopc/docker_pronto_estimator/src/matlab_msg_gen/glnxa64/install/include/pronto_msgs/msg/detail/quadruped_force_torque_sensors__rosidl_typesupport_introspection_cpp.hpp
-- Installing: /home/anymalopc/docker_pronto_estimator/src/matlab_msg_gen/glnxa64/install/include/pronto_msgs/msg/detail/controller_foot_contact__type_support.cpp
-- Installing: /home/anymalopc/docker_pronto_estimator/src/matlab_msg_gen/glnxa64/install/include/pronto_msgs/msg/detail/quadruped_stance__rosidl_typesupport_introspection_cpp.hpp
-- Installing: /home/anymalopc/docker_pronto_estimator/src/matlab_msg_gen/glnxa64/install/include/pronto_msgs/msg/detail/indexed_measurement__type_support.cpp
-- Installing: /home/anymalopc/docker_pronto_estimator/src/matlab_msg_gen/glnxa64/install/include/pronto_msgs/msg/detail/joint_state_with_acceleration__type_support.cpp
-- Installing: /home/anymalopc/docker_pronto_estimator/src/matlab_msg_gen/glnxa64/install/include/pronto_msgs/msg/detail/lidar_odometry_update__type_support.cpp
-- Installing: /home/anymalopc/docker_pronto_estimator/src/matlab_msg_gen/glnxa64/install/include/pronto_msgs/msg/detail/indexed_measurement__rosidl_typesupport_introspection_cpp.hpp
-- Installing: /home/anymalopc/docker_pronto_estimator/src/matlab_msg_gen/glnxa64/install/include/pronto_msgs/msg/detail/controller_foot_contact__rosidl_typesupport_introspection_cpp.hpp
-- Installing: /home/anymalopc/docker_pronto_estimator/src/matlab_msg_gen/glnxa64/install/include/pronto_msgs/msg/detail/velocity_with_sigma_bounds__type_support.cpp
-- Installing: /home/anymalopc/docker_pronto_estimator/src/matlab_msg_gen/glnxa64/install/lib/libpronto_msgs__rosidl_typesupport_introspection_cpp.so
-- Installing: /home/anymalopc/docker_pronto_estimator/src/matlab_msg_gen/glnxa64/install/lib/libpronto_msgs__rosidl_typesupport_cpp.so
-- Installing: /home/anymalopc/docker_pronto_estimator/src/matlab_msg_gen/glnxa64/install/share/pronto_msgs/msg/BipedForceTorqueSensors.idl
-- Installing: /home/anymalopc/docker_pronto_estimator/src/matlab_msg_gen/glnxa64/install/share/pronto_msgs/msg/ControllerFootContact.idl
-- Installing: /home/anymalopc/docker_pronto_estimator/src/matlab_msg_gen/glnxa64/install/share/pronto_msgs/msg/FilterState.idl
-- Installing: /home/anymalopc/docker_pronto_estimator/src/matlab_msg_gen/glnxa64/install/share/pronto_msgs/msg/GPSData.idl
-- Installing: /home/anymalopc/docker_pronto_estimator/src/matlab_msg_gen/glnxa64/install/share/pronto_msgs/msg/IndexedMeasurement.idl
-- Installing: /home/anymalopc/docker_pronto_estimator/src/matlab_msg_gen/glnxa64/install/share/pronto_msgs/msg/JointStateWithAcceleration.idl
-- Installing: /home/anymalopc/docker_pronto_estimator/src/matlab_msg_gen/glnxa64/install/share/pronto_msgs/msg/LidarOdometryUpdate.idl
-- Installing: /home/anymalopc/docker_pronto_estimator/src/matlab_msg_gen/glnxa64/install/share/pronto_msgs/msg/QuadrupedForceTorqueSensors.idl
-- Installing: /home/anymalopc/docker_pronto_estimator/src/matlab_msg_gen/glnxa64/install/share/pronto_msgs/msg/QuadrupedStance.idl
-- Installing: /home/anymalopc/docker_pronto_estimator/src/matlab_msg_gen/glnxa64/install/share/pronto_msgs/msg/VelocityWithSigmaBounds.idl
-- Installing: /home/anymalopc/docker_pronto_estimator/src/matlab_msg_gen/glnxa64/install/share/pronto_msgs/msg/VisualOdometryUpdate.idl
-- Installing: /home/anymalopc/docker_pronto_estimator/src/matlab_msg_gen/glnxa64/install/share/pronto_msgs/msg/BipedForceTorqueSensors.msg
-- Installing: /home/anymalopc/docker_pronto_estimator/src/matlab_msg_gen/glnxa64/install/share/pronto_msgs/msg/ControllerFootContact.msg
-- Installing: /home/anymalopc/docker_pronto_estimator/src/matlab_msg_gen/glnxa64/install/share/pronto_msgs/msg/FilterState.msg
-- Installing: /home/anymalopc/docker_pronto_estimator/src/matlab_msg_gen/glnxa64/install/share/pronto_msgs/msg/GPSData.msg
-- Installing: /home/anymalopc/docker_pronto_estimator/src/matlab_msg_gen/glnxa64/install/share/pronto_msgs/msg/IndexedMeasurement.msg
-- Installing: /home/anymalopc/docker_pronto_estimator/src/matlab_msg_gen/glnxa64/install/share/pronto_msgs/msg/JointStateWithAcceleration.msg
-- Installing: /home/anymalopc/docker_pronto_estimator/src/matlab_msg_gen/glnxa64/install/share/pronto_msgs/msg/LidarOdometryUpdate.msg
-- Installing: /home/anymalopc/docker_pronto_estimator/src/matlab_msg_gen/glnxa64/install/share/pronto_msgs/msg/QuadrupedForceTorqueSensors.msg
-- Installing: /home/anymalopc/docker_pronto_estimator/src/matlab_msg_gen/glnxa64/install/share/pronto_msgs/msg/QuadrupedStance.msg
-- Installing: /home/anymalopc/docker_pronto_estimator/src/matlab_msg_gen/glnxa64/install/share/pronto_msgs/msg/VelocityWithSigmaBounds.msg
-- Installing: /home/anymalopc/docker_pronto_estimator/src/matlab_msg_gen/glnxa64/install/share/pronto_msgs/msg/VisualOdometryUpdate.msg
-- Up-to-date: /home/anymalopc/docker_pronto_estimator/src/matlab_msg_gen/glnxa64/install/include
-- Up-to-date: /home/anymalopc/docker_pronto_estimator/src/matlab_msg_gen/glnxa64/install/include/pronto_msgs
-- Installing: /home/anymalopc/docker_pronto_estimator/src/matlab_msg_gen/glnxa64/install/include/pronto_msgs/visibility_control.h
-- Installing: /home/anymalopc/docker_pronto_estimator/src/matlab_msg_gen/glnxa64/install/lib/libpronto_msgs_matlab.so
-- Up-to-date: /home/anymalopc/docker_pronto_estimator/src/matlab_msg_gen/glnxa64/install/m/
-- Up-to-date: /home/anymalopc/docker_pronto_estimator/src/matlab_msg_gen/glnxa64/install/m//+ros
-- Up-to-date: /home/anymalopc/docker_pronto_estimator/src/matlab_msg_gen/glnxa64/install/m//+ros/+internal
-- Up-to-date: /home/anymalopc/docker_pronto_estimator/src/matlab_msg_gen/glnxa64/install/m//+ros/+internal/+ros2
-- Up-to-date: /home/anymalopc/docker_pronto_estimator/src/matlab_msg_gen/glnxa64/install/m//+ros/+internal/+ros2/+custommessages
-- Installing: /home/anymalopc/docker_pronto_estimator/src/matlab_msg_gen/glnxa64/install/m//+ros/+internal/+ros2/+custommessages/+pronto_msgs
-- Installing: /home/anymalopc/docker_pronto_estimator/src/matlab_msg_gen/glnxa64/install/m//+ros/+internal/+ros2/+custommessages/+pronto_msgs/pronto_msgs_msg_GPSData_1To2_Converter.m
-- Installing: /home/anymalopc/docker_pronto_estimator/src/matlab_msg_gen/glnxa64/install/m//+ros/+internal/+ros2/+custommessages/+pronto_msgs/filterState.m
-- Installing: /home/anymalopc/docker_pronto_estimator/src/matlab_msg_gen/glnxa64/install/m//+ros/+internal/+ros2/+custommessages/+pronto_msgs/pronto_msgs_msg_IndexedMeasurement_2To1_Converter.m
-- Installing: /home/anymalopc/docker_pronto_estimator/src/matlab_msg_gen/glnxa64/install/m//+ros/+internal/+ros2/+custommessages/+pronto_msgs/pronto_msgs_msg_VelocityWithSigmaBounds_1To2_Converter.m
-- Installing: /home/anymalopc/docker_pronto_estimator/src/matlab_msg_gen/glnxa64/install/m//+ros/+internal/+ros2/+custommessages/+pronto_msgs/pronto_msgs_msg_FilterState_1To2_Converter.m
-- Installing: /home/anymalopc/docker_pronto_estimator/src/matlab_msg_gen/glnxa64/install/m//+ros/+internal/+ros2/+custommessages/+pronto_msgs/gPSData.m
-- Installing: /home/anymalopc/docker_pronto_estimator/src/matlab_msg_gen/glnxa64/install/m//+ros/+internal/+ros2/+custommessages/+pronto_msgs/pronto_msgs_msg_QuadrupedStance_2To1_Converter.m
-- Installing: /home/anymalopc/docker_pronto_estimator/src/matlab_msg_gen/glnxa64/install/m//+ros/+internal/+ros2/+custommessages/+pronto_msgs/quadrupedStance.m
-- Installing: /home/anymalopc/docker_pronto_estimator/src/matlab_msg_gen/glnxa64/install/m//+ros/+internal/+ros2/+custommessages/+pronto_msgs/pronto_msgs_msg_BipedForceTorqueSensors_2To1_Converter.m
-- Installing: /home/anymalopc/docker_pronto_estimator/src/matlab_msg_gen/glnxa64/install/m//+ros/+internal/+ros2/+custommessages/+pronto_msgs/quadrupedForceTorqueSensors.m
-- Installing: /home/anymalopc/docker_pronto_estimator/src/matlab_msg_gen/glnxa64/install/m//+ros/+internal/+ros2/+custommessages/+pronto_msgs/pronto_msgs_msg_BipedForceTorqueSensors_1To2_Converter.m
-- Installing: /home/anymalopc/docker_pronto_estimator/src/matlab_msg_gen/glnxa64/install/m//+ros/+internal/+ros2/+custommessages/+pronto_msgs/jointStateWithAcceleration.m
-- Installing: /home/anymalopc/docker_pronto_estimator/src/matlab_msg_gen/glnxa64/install/m//+ros/+internal/+ros2/+custommessages/+pronto_msgs/pronto_msgs_msg_QuadrupedForceTorqueSensors_2To1_Converter.m
-- Installing: /home/anymalopc/docker_pronto_estimator/src/matlab_msg_gen/glnxa64/install/m//+ros/+internal/+ros2/+custommessages/+pronto_msgs/pronto_msgs_msg_GPSData_2To1_Converter.m
-- Installing: /home/anymalopc/docker_pronto_estimator/src/matlab_msg_gen/glnxa64/install/m//+ros/+internal/+ros2/+custommessages/+pronto_msgs/pronto_msgs_msg_JointStateWithAcceleration_2To1_Converter.m
-- Installing: /home/anymalopc/docker_pronto_estimator/src/matlab_msg_gen/glnxa64/install/m//+ros/+internal/+ros2/+custommessages/+pronto_msgs/pronto_msgs_msg_VelocityWithSigmaBounds_2To1_Converter.m
-- Installing: /home/anymalopc/docker_pronto_estimator/src/matlab_msg_gen/glnxa64/install/m//+ros/+internal/+ros2/+custommessages/+pronto_msgs/pronto_msgs_msg_LidarOdometryUpdate_2To1_Converter.m
-- Installing: /home/anymalopc/docker_pronto_estimator/src/matlab_msg_gen/glnxa64/install/m//+ros/+internal/+ros2/+custommessages/+pronto_msgs/pronto_msgs_msg_QuadrupedStance_1To2_Converter.m
-- Installing: /home/anymalopc/docker_pronto_estimator/src/matlab_msg_gen/glnxa64/install/m//+ros/+internal/+ros2/+custommessages/+pronto_msgs/pronto_msgs_msg_ControllerFootContact_1To2_Converter.m
-- Installing: /home/anymalopc/docker_pronto_estimator/src/matlab_msg_gen/glnxa64/install/m//+ros/+internal/+ros2/+custommessages/+pronto_msgs/pronto_msgs_msg_VisualOdometryUpdate_1To2_Converter.m
-- Installing: /home/anymalopc/docker_pronto_estimator/src/matlab_msg_gen/glnxa64/install/m//+ros/+internal/+ros2/+custommessages/+pronto_msgs/controllerFootContact.m
-- Installing: /home/anymalopc/docker_pronto_estimator/src/matlab_msg_gen/glnxa64/install/m//+ros/+internal/+ros2/+custommessages/+pronto_msgs/pronto_msgs_msg_JointStateWithAcceleration_1To2_Converter.m
-- Installing: /home/anymalopc/docker_pronto_estimator/src/matlab_msg_gen/glnxa64/install/m//+ros/+internal/+ros2/+custommessages/+pronto_msgs/pronto_msgs_msg_LidarOdometryUpdate_1To2_Converter.m
-- Installing: /home/anymalopc/docker_pronto_estimator/src/matlab_msg_gen/glnxa64/install/m//+ros/+internal/+ros2/+custommessages/+pronto_msgs/pronto_msgs_msg_ControllerFootContact_2To1_Converter.m
-- Installing: /home/anymalopc/docker_pronto_estimator/src/matlab_msg_gen/glnxa64/install/m//+ros/+internal/+ros2/+custommessages/+pronto_msgs/lidarOdometryUpdate.m
-- Installing: /home/anymalopc/docker_pronto_estimator/src/matlab_msg_gen/glnxa64/install/m//+ros/+internal/+ros2/+custommessages/+pronto_msgs/velocityWithSigmaBounds.m
-- Installing: /home/anymalopc/docker_pronto_estimator/src/matlab_msg_gen/glnxa64/install/m//+ros/+internal/+ros2/+custommessages/+pronto_msgs/visualOdometryUpdate.m
-- Installing: /home/anymalopc/docker_pronto_estimator/src/matlab_msg_gen/glnxa64/install/m//+ros/+internal/+ros2/+custommessages/+pronto_msgs/pronto_msgs_msg_QuadrupedForceTorqueSensors_1To2_Converter.m
-- Installing: /home/anymalopc/docker_pronto_estimator/src/matlab_msg_gen/glnxa64/install/m//+ros/+internal/+ros2/+custommessages/+pronto_msgs/pronto_msgs_msg_IndexedMeasurement_1To2_Converter.m
-- Installing: /home/anymalopc/docker_pronto_estimator/src/matlab_msg_gen/glnxa64/install/m//+ros/+internal/+ros2/+custommessages/+pronto_msgs/pronto_msgs_msg_VisualOdometryUpdate_2To1_Converter.m
-- Installing: /home/anymalopc/docker_pronto_estimator/src/matlab_msg_gen/glnxa64/install/m//+ros/+internal/+ros2/+custommessages/+pronto_msgs/pronto_msgs_msg_FilterState_2To1_Converter.m
-- Installing: /home/anymalopc/docker_pronto_estimator/src/matlab_msg_gen/glnxa64/install/m//+ros/+internal/+ros2/+custommessages/+pronto_msgs/indexedMeasurement.m
-- Installing: /home/anymalopc/docker_pronto_estimator/src/matlab_msg_gen/glnxa64/install/m//+ros/+internal/+ros2/+custommessages/+pronto_msgs/bipedForceTorqueSensors.m
-- Installing: /home/anymalopc/docker_pronto_estimator/src/matlab_msg_gen/glnxa64/install/share/ament_index/resource_index/package_run_dependencies/pronto_msgs
-- Installing: /home/anymalopc/docker_pronto_estimator/src/matlab_msg_gen/glnxa64/install/share/ament_index/resource_index/parent_prefix_path/pronto_msgs
-- Installing: /home/anymalopc/docker_pronto_estimator/src/matlab_msg_gen/glnxa64/install/share/pronto_msgs/environment/ament_prefix_path.sh
-- Installing: /home/anymalopc/docker_pronto_estimator/src/matlab_msg_gen/glnxa64/install/share/pronto_msgs/environment/ament_prefix_path.dsv
-- Installing: /home/anymalopc/docker_pronto_estimator/src/matlab_msg_gen/glnxa64/install/share/pronto_msgs/environment/path.sh
-- Installing: /home/anymalopc/docker_pronto_estimator/src/matlab_msg_gen/glnxa64/install/share/pronto_msgs/environment/path.dsv
-- Installing: /home/anymalopc/docker_pronto_estimator/src/matlab_msg_gen/glnxa64/install/share/pronto_msgs/local_setup.bash
-- Installing: /home/anymalopc/docker_pronto_estimator/src/matlab_msg_gen/glnxa64/install/share/pronto_msgs/local_setup.sh
-- Installing: /home/anymalopc/docker_pronto_estimator/src/matlab_msg_gen/glnxa64/install/share/pronto_msgs/local_setup.zsh
-- Installing: /home/anymalopc/docker_pronto_estimator/src/matlab_msg_gen/glnxa64/install/share/pronto_msgs/local_setup.dsv
-- Installing: /home/anymalopc/docker_pronto_estimator/src/matlab_msg_gen/glnxa64/install/share/pronto_msgs/package.dsv
-- Installing: /home/anymalopc/docker_pronto_estimator/src/matlab_msg_gen/glnxa64/install/share/ament_index/resource_index/packages/pronto_msgs
-- Installing: /home/anymalopc/docker_pronto_estimator/src/matlab_msg_gen/glnxa64/install/share/pronto_msgs/cmake/pronto_msgs__rosidl_generator_cExport.cmake
-- Installing: /home/anymalopc/docker_pronto_estimator/src/matlab_msg_gen/glnxa64/install/share/pronto_msgs/cmake/pronto_msgs__rosidl_generator_cExport-release.cmake
-- Installing: /home/anymalopc/docker_pronto_estimator/src/matlab_msg_gen/glnxa64/install/share/pronto_msgs/cmake/pronto_msgs__rosidl_typesupport_introspection_cExport.cmake
-- Installing: /home/anymalopc/docker_pronto_estimator/src/matlab_msg_gen/glnxa64/install/share/pronto_msgs/cmake/pronto_msgs__rosidl_typesupport_introspection_cExport-release.cmake
-- Installing: /home/anymalopc/docker_pronto_estimator/src/matlab_msg_gen/glnxa64/install/share/pronto_msgs/cmake/pronto_msgs__rosidl_typesupport_cExport.cmake
-- Installing: /home/anymalopc/docker_pronto_estimator/src/matlab_msg_gen/glnxa64/install/share/pronto_msgs/cmake/pronto_msgs__rosidl_typesupport_cExport-release.cmake
-- Installing: /home/anymalopc/docker_pronto_estimator/src/matlab_msg_gen/glnxa64/install/share/pronto_msgs/cmake/pronto_msgs__rosidl_generator_cppExport.cmake
-- Installing: /home/anymalopc/docker_pronto_estimator/src/matlab_msg_gen/glnxa64/install/share/pronto_msgs/cmake/pronto_msgs__rosidl_typesupport_introspection_cppExport.cmake
-- Installing: /home/anymalopc/docker_pronto_estimator/src/matlab_msg_gen/glnxa64/install/share/pronto_msgs/cmake/pronto_msgs__rosidl_typesupport_introspection_cppExport-release.cmake
-- Installing: /home/anymalopc/docker_pronto_estimator/src/matlab_msg_gen/glnxa64/install/share/pronto_msgs/cmake/pronto_msgs__rosidl_typesupport_cppExport.cmake
-- Installing: /home/anymalopc/docker_pronto_estimator/src/matlab_msg_gen/glnxa64/install/share/pronto_msgs/cmake/pronto_msgs__rosidl_typesupport_cppExport-release.cmake
-- Installing: /home/anymalopc/docker_pronto_estimator/src/matlab_msg_gen/glnxa64/install/share/pronto_msgs/cmake/rosidl_cmake-extras.cmake
-- Installing: /home/anymalopc/docker_pronto_estimator/src/matlab_msg_gen/glnxa64/install/share/pronto_msgs/cmake/ament_cmake_export_dependencies-extras.cmake
-- Installing: /home/anymalopc/docker_pronto_estimator/src/matlab_msg_gen/glnxa64/install/share/pronto_msgs/cmake/ament_cmake_export_libraries-extras.cmake
-- Installing: /home/anymalopc/docker_pronto_estimator/src/matlab_msg_gen/glnxa64/install/share/pronto_msgs/cmake/ament_cmake_export_targets-extras.cmake
-- Installing: /home/anymalopc/docker_pronto_estimator/src/matlab_msg_gen/glnxa64/install/share/pronto_msgs/cmake/ament_cmake_export_include_directories-extras.cmake
-- Installing: /home/anymalopc/docker_pronto_estimator/src/matlab_msg_gen/glnxa64/install/share/pronto_msgs/cmake/rosidl_cmake_export_typesupport_libraries-extras.cmake
-- Installing: /home/anymalopc/docker_pronto_estimator/src/matlab_msg_gen/glnxa64/install/share/pronto_msgs/cmake/rosidl_cmake_export_typesupport_targets-extras.cmake
-- Installing: /home/anymalopc/docker_pronto_estimator/src/matlab_msg_gen/glnxa64/install/share/pronto_msgs/cmake/pronto_msgsConfig.cmake
-- Installing: /home/anymalopc/docker_pronto_estimator/src/matlab_msg_gen/glnxa64/install/share/pronto_msgs/cmake/pronto_msgsConfig-version.cmake
-- Installing: /home/anymalopc/docker_pronto_estimator/src/matlab_msg_gen/glnxa64/install/share/pronto_msgs/package.xml
