running develop
/usr/lib/python3/dist-packages/setuptools/command/easy_install.py:158: EasyInstallDeprecationWarning: easy_install command is deprecated. Use build and pip and other standards-based tools.
  warnings.warn(
/usr/lib/python3/dist-packages/setuptools/command/install.py:34: SetuptoolsDeprecationWarning: setup.py install is deprecated. Use build and pip and other standards-based tools.
  warnings.warn(
running egg_info
creating planners_python.egg-info
writing planners_python.egg-info/PKG-INFO
writing dependency_links to planners_python.egg-info/dependency_links.txt
writing entry points to planners_python.egg-info/entry_points.txt
writing requirements to planners_python.egg-info/requires.txt
writing top-level names to planners_python.egg-info/top_level.txt
writing manifest file 'planners_python.egg-info/SOURCES.txt'
reading manifest file 'planners_python.egg-info/SOURCES.txt'
writing manifest file 'planners_python.egg-info/SOURCES.txt'
running build_ext
Creating /home/ros/docker_pronto_ws/install/planners_python/lib/python3.10/site-packages/planners-python.egg-link (link to .)
Installing planner_mjp_node script to /home/ros/docker_pronto_ws/install/planners_python/lib/planners_python
Installing planner_static_walk_node script to /home/ros/docker_pronto_ws/install/planners_python/lib/planners_python

Installed /home/ros/docker_pronto_ws/build/planners_python
running install_data
creating /home/ros/docker_pronto_ws/install/planners_python/share/ament_index
creating /home/ros/docker_pronto_ws/install/planners_python/share/ament_index/resource_index
creating /home/ros/docker_pronto_ws/install/planners_python/share/ament_index/resource_index/packages
copying resource/planners_python -> /home/ros/docker_pronto_ws/install/planners_python/share/ament_index/resource_index/packages
copying package.xml -> /home/ros/docker_pronto_ws/install/planners_python/share/planners_python
