-- The C compiler identification is GNU 11.4.0
-- The CXX compiler identification is GNU 11.4.0
-- Detecting C compiler ABI info
-- Detecting C compiler ABI info - done
-- Check for working C compiler: /usr/bin/cc - skipped
-- Detecting C compile features
-- Detecting C compile features - done
-- Detecting CXX compiler ABI info
-- Detecting CXX compiler ABI info - done
-- Check for working CXX compiler: /usr/bin/c++ - skipped
-- Detecting CXX compile features
-- Detecting CXX compile features - done
-- Found ament_cmake: 1.3.6 (/opt/ros/humble/share/ament_cmake/cmake)
-- Found Python3: /usr/bin/python3.10 (found version "3.10.12") found components: Interpreter 
-- Override CMake install command with custom implementation using symlinks instead of copying resources
-- Found ament_cmake_ros: 0.10.0 (/opt/ros/humble/share/ament_cmake_ros/cmake)
-- Found pronto_msgs: 0.3.0 (/home/ros/docker_pronto_ws/install/pronto_msgs/share/pronto_msgs/cmake)
-- Found rosidl_generator_c: 3.1.5 (/opt/ros/humble/share/rosidl_generator_c/cmake)
-- Found rosidl_adapter: 3.1.5 (/opt/ros/humble/share/rosidl_adapter/cmake)
-- Found rosidl_generator_cpp: 3.1.5 (/opt/ros/humble/share/rosidl_generator_cpp/cmake)
-- Using all available rosidl_typesupport_c: rosidl_typesupport_fastrtps_c;rosidl_typesupport_introspection_c
-- Using all available rosidl_typesupport_cpp: rosidl_typesupport_fastrtps_cpp;rosidl_typesupport_introspection_cpp
-- Found pronto_core: 0.0.0 (/home/ros/docker_pronto_ws/install/pronto_core/share/pronto_core/cmake)
-- Found rmw_implementation_cmake: 6.1.1 (/opt/ros/humble/share/rmw_implementation_cmake/cmake)
-- Found rmw_fastrtps_cpp: 6.2.5 (/opt/ros/humble/share/rmw_fastrtps_cpp/cmake)
-- Found OpenSSL: /usr/lib/x86_64-linux-gnu/libcrypto.so (found version "3.0.2")  
-- Found FastRTPS: /opt/ros/humble/include  
-- Using RMW implementation 'rmw_fastrtps_cpp' as default
-- Looking for pthread.h
-- Looking for pthread.h - found
-- Performing Test CMAKE_HAVE_LIBC_PTHREAD
-- Performing Test CMAKE_HAVE_LIBC_PTHREAD - Success
-- Found Threads: TRUE  
-- Found sensor_msgs: 4.2.3 (/opt/ros/humble/share/sensor_msgs/cmake)
-- Found tf2: 0.25.5 (/opt/ros/humble/share/tf2/cmake)
-- Found tf2_ros: 0.25.5 (/opt/ros/humble/share/tf2_ros/cmake)
-- Found tf2_eigen: 0.25.5 (/opt/ros/humble/share/tf2_eigen/cmake)
-- Found tf2_geometry_msgs: 0.25.5 (/opt/ros/humble/share/tf2_geometry_msgs/cmake)
-- Found eigen3_cmake_module: 0.1.1 (/opt/ros/humble/share/eigen3_cmake_module/cmake)
-- Found Eigen3: TRUE (found version "3.4.0") 
-- Ensuring Eigen3 include directory is part of orocos-kdl CMake target
-- Found nav_msgs: 4.2.3 (/opt/ros/humble/share/nav_msgs/cmake)
-- Found ament_lint_auto: 0.12.9 (/opt/ros/humble/share/ament_lint_auto/cmake)
-- Added test 'cppcheck' to perform static code analysis on C / C++ code
-- Configured cppcheck include dirs: $<BUILD_INTERFACE:/home/ros/docker_pronto_ws/src/pronto_ros/include>
-- Configured cppcheck exclude dirs and/or files: 
-- Added test 'flake8' to check Python code syntax and style conventions
-- Added test 'lint_cmake' to check CMake code style
-- Added test 'pep257' to check Python code against some of the docstring style conventions in PEP 257
-- Added test 'uncrustify' to check C / C++ code style
-- Configured uncrustify additional arguments: 
-- Added test 'xmllint' to check XML markup files
-- Configuring done
-- Generating done
-- Build files have been written to: /home/ros/docker_pronto_ws/build/pronto_ros
[  9%] [32mBuilding CXX object CMakeFiles/pronto_ros.dir/src/ins_ros_handler.cpp.o[0m
[ 18%] [32mBuilding CXX object CMakeFiles/pronto_ros.dir/src/init_message_ros_handler.cpp.o[0m
[ 27%] [32mBuilding CXX object CMakeFiles/pronto_ros.dir/src/scan_matcher_ros_handler.cpp.o[0m
[ 36%] [32mBuilding CXX object CMakeFiles/pronto_ros.dir/src/pose_msg_ros_handler.cpp.o[0m
[ 45%] [32mBuilding CXX object CMakeFiles/pronto_ros.dir/src/ros_frontend.cpp.o[0m
[ 54%] [32mBuilding CXX object CMakeFiles/pronto_ros.dir/src/pronto_ros_conversions.cpp.o[0m
[ 63%] [32m[1mLinking CXX shared library libpronto_ros.so[0m
[ 63%] Built target pronto_ros
[ 81%] [32mBuilding CXX object CMakeFiles/pronto_ros_node.dir/src/pronto_ros_node.cpp.o[0m
[ 81%] [32mBuilding CXX object CMakeFiles/joint_state_with_acceleration_republisher.dir/src/joint_state_with_acceleration_republisher.cpp.o[0m
[ 90%] [32m[1mLinking CXX executable joint_state_with_acceleration_republisher[0m
[100%] [32m[1mLinking CXX executable pronto_ros_node[0m
[100%] Built target joint_state_with_acceleration_republisher
[100%] Built target pronto_ros_node
-- Install configuration: "Release"
-- Execute custom install script
-- Symlinking: /home/ros/docker_pronto_ws/install/pronto_ros/include/pronto_ros/init_message_ros_handler.hpp
-- Symlinking: /home/ros/docker_pronto_ws/install/pronto_ros/include/pronto_ros/ins_ros_handler.hpp
-- Symlinking: /home/ros/docker_pronto_ws/install/pronto_ros/include/pronto_ros/pose_msg_ros_handler.hpp
-- Symlinking: /home/ros/docker_pronto_ws/install/pronto_ros/include/pronto_ros/pronto_node.hpp
-- Symlinking: /home/ros/docker_pronto_ws/install/pronto_ros/include/pronto_ros/pronto_ros.hpp
-- Symlinking: /home/ros/docker_pronto_ws/install/pronto_ros/include/pronto_ros/pronto_ros_conversions.hpp
-- Symlinking: /home/ros/docker_pronto_ws/install/pronto_ros/include/pronto_ros/ros_frontend.hpp
-- Symlinking: /home/ros/docker_pronto_ws/install/pronto_ros/include/pronto_ros/scan_matcher_ros_handler.hpp
-- Symlinking: /home/ros/docker_pronto_ws/install/pronto_ros/include/pronto_ros/visibility_control.h
-- Symlinking: /home/ros/docker_pronto_ws/install/pronto_ros/share/pronto_ros/environment/library_path.sh
-- Symlinking: /home/ros/docker_pronto_ws/install/pronto_ros/share/pronto_ros/environment/library_path.dsv
-- Symlinking: /home/ros/docker_pronto_ws/install/pronto_ros/lib/pronto_ros/joint_state_with_acceleration_republisher
-- Symlinking: /home/ros/docker_pronto_ws/install/pronto_ros/lib/pronto_ros/pronto_ros_node
-- Symlinking: /home/ros/docker_pronto_ws/install/pronto_ros/share/pronto_ros//launch/pronto_ros.launch.py
-- Symlinking: /home/ros/docker_pronto_ws/install/pronto_ros/share/ament_index/resource_index/package_run_dependencies/pronto_ros
-- Symlinking: /home/ros/docker_pronto_ws/install/pronto_ros/share/ament_index/resource_index/parent_prefix_path/pronto_ros
-- Symlinking: /home/ros/docker_pronto_ws/install/pronto_ros/share/pronto_ros/environment/ament_prefix_path.sh
-- Symlinking: /home/ros/docker_pronto_ws/install/pronto_ros/share/pronto_ros/environment/ament_prefix_path.dsv
-- Symlinking: /home/ros/docker_pronto_ws/install/pronto_ros/share/pronto_ros/environment/path.sh
-- Symlinking: /home/ros/docker_pronto_ws/install/pronto_ros/share/pronto_ros/environment/path.dsv
-- Symlinking: /home/ros/docker_pronto_ws/install/pronto_ros/share/pronto_ros/local_setup.bash
-- Symlinking: /home/ros/docker_pronto_ws/install/pronto_ros/share/pronto_ros/local_setup.sh
-- Symlinking: /home/ros/docker_pronto_ws/install/pronto_ros/share/pronto_ros/local_setup.zsh
-- Symlinking: /home/ros/docker_pronto_ws/install/pronto_ros/share/pronto_ros/local_setup.dsv
-- Symlinking: /home/ros/docker_pronto_ws/install/pronto_ros/share/pronto_ros/package.dsv
-- Symlinking: /home/ros/docker_pronto_ws/install/pronto_ros/share/ament_index/resource_index/packages/pronto_ros
-- Symlinking: /home/ros/docker_pronto_ws/install/pronto_ros/share/pronto_ros/cmake/ament_cmake_export_include_directories-extras.cmake
-- Symlinking: /home/ros/docker_pronto_ws/install/pronto_ros/share/pronto_ros/cmake/ament_cmake_export_libraries-extras.cmake
-- Symlinking: /home/ros/docker_pronto_ws/install/pronto_ros/share/pronto_ros/cmake/ament_cmake_export_dependencies-extras.cmake
-- Symlinking: /home/ros/docker_pronto_ws/install/pronto_ros/share/pronto_ros/cmake/ament_cmake_export_targets-extras.cmake
-- Symlinking: /home/ros/docker_pronto_ws/install/pronto_ros/share/pronto_ros/cmake/pronto_rosConfig.cmake
-- Symlinking: /home/ros/docker_pronto_ws/install/pronto_ros/share/pronto_ros/cmake/pronto_rosConfig-version.cmake
-- Symlinking: /home/ros/docker_pronto_ws/install/pronto_ros/share/pronto_ros/package.xml
-- Installing: /home/ros/docker_pronto_ws/install/pronto_ros/lib/libpronto_ros.so
-- Set runtime path of "/home/ros/docker_pronto_ws/install/pronto_ros/lib/libpronto_ros.so" to ""
-- Installing: /home/ros/docker_pronto_ws/install/pronto_ros/share/pronto_ros/cmake/export_pronto_rosExport.cmake
-- Installing: /home/ros/docker_pronto_ws/install/pronto_ros/share/pronto_ros/cmake/export_pronto_rosExport-release.cmake
