[0.137s] Invoking command in '/home/ros/docker_pronto_ws/build/pronto_ros': CMAKE_PREFIX_PATH=/home/ros/docker_pronto_ws/install/pronto_msgs:/home/ros/docker_pronto_ws/install/pronto_core:/home/ros/docker_pronto_ws/install/hqp_controller:/home/ros/docker_pronto_ws/install/whole_body_controller:/home/ros/docker_pronto_ws/install/teleoperate_robot:/home/ros/docker_pronto_ws/install/pronto_tuning:/home/ros/docker_pronto_ws/install/lip_walking_trot_planner:/home/ros/docker_pronto_ws/install/velocity_command_msgs:/home/ros/docker_pronto_ws/install/static_walk_planner:/home/ros/docker_pronto_ws/install/robot_gazebo:/home/ros/docker_pronto_ws/install/solo_description:/home/ros/docker_pronto_ws/install/robot_model:/home/ros/docker_pronto_ws/install/ryml:/home/ros/docker_pronto_ws/install/rviz_legged_plugins:/home/ros/docker_pronto_ws/install/rviz_legged_msgs:/home/ros/docker_pronto_ws/install/anymal_c_simple_description:/home/ros/docker_pronto_ws/install/robot_control:/home/ros/docker_pronto_ws/install/hierarchical_optimization:/home/ros/docker_pronto_ws/install/quadprog:/home/ros/docker_pronto_ws/install/pronto_ros2_controller:/home/ros/docker_pronto_ws/install/pronto_solo12:/home/ros/docker_pronto_ws/install/pronto_quadruped_ros:/home/ros/docker_pronto_ws/install/pronto_quadruped:/home/ros/docker_pronto_ws/install/pronto_utils:/home/ros/docker_pronto_ws/install/pronto_ros:/home/ros/docker_pronto_ws/install/pronto_quadruped_commons:/home/ros/docker_pronto_ws/install/pi3hat_moteus_int_msgs:/home/ros/docker_pronto_ws/install/generalized_pose_msgs:/opt/openrobots:/home/ros/docker_pronto_ws/install/planners_python:/home/ros/docker_pronto_ws/install/logger_gazebo:/home/ros/docker_pronto_ws/install/terrain_estimator:/home/ros/docker_pronto_ws/install/pose_estimator:/opt/ros/humble LD_LIBRARY_PATH=/home/ros/docker_pronto_ws/install/pronto_msgs/lib:/home/ros/docker_pronto_ws/install/pronto_core/lib:/home/ros/docker_pronto_ws/install/hqp_controller/lib:/home/ros/docker_pronto_ws/install/whole_body_controller/lib:/home/ros/docker_pronto_ws/install/teleoperate_robot/lib:/home/ros/docker_pronto_ws/install/lip_walking_trot_planner/lib:/home/ros/docker_pronto_ws/install/velocity_command_msgs/lib:/home/ros/docker_pronto_ws/install/static_walk_planner/lib:/home/ros/docker_pronto_ws/install/robot_model/lib:/home/ros/docker_pronto_ws/install/ryml/lib:/home/ros/docker_pronto_ws/install/rviz_legged_plugins/lib:/home/ros/docker_pronto_ws/install/rviz_legged_msgs/lib:/home/ros/docker_pronto_ws/install/hierarchical_optimization/lib:/home/ros/docker_pronto_ws/install/quadprog/lib:/home/ros/docker_pronto_ws/install/pronto_ros2_controller/lib:/home/ros/docker_pronto_ws/install/pronto_solo12/lib:/home/ros/docker_pronto_ws/install/pronto_quadruped_ros/lib:/home/ros/docker_pronto_ws/install/pronto_quadruped/lib:/home/ros/docker_pronto_ws/install/pronto_utils/lib:/home/ros/docker_pronto_ws/install/pronto_ros/lib:/home/ros/docker_pronto_ws/install/pi3hat_moteus_int_msgs/lib:/home/ros/docker_pronto_ws/install/generalized_pose_msgs/lib:/usr/lib/x86_64-linux-gnu/gazebo-11/plugins:/opt/ros/humble/opt/rviz_ogre_vendor/lib:/opt/ros/humble/lib/x86_64-linux-gnu:/opt/ros/humble/lib:/opt/openrobots/lib:/usr/share/gazebo/../../lib/x86_64-linux-gnu/gazebo-11/plugins /usr/bin/cmake /home/ros/docker_pronto_ws/src/pronto_ros -DCMAKE_BUILD_TYPE=Release -DCMAKE_EXPORT_COMPILE_COMMANDS=ON -DAMENT_CMAKE_SYMLINK_INSTALL=1 -DCMAKE_INSTALL_PREFIX=/home/ros/docker_pronto_ws/install/pronto_ros
[0.218s] -- The C compiler identification is GNU 11.4.0
[0.296s] -- The CXX compiler identification is GNU 11.4.0
[0.309s] -- Detecting C compiler ABI info
[0.413s] -- Detecting C compiler ABI info - done
[0.425s] -- Check for working C compiler: /usr/bin/cc - skipped
[0.425s] -- Detecting C compile features
[0.426s] -- Detecting C compile features - done
[0.430s] -- Detecting CXX compiler ABI info
[0.549s] -- Detecting CXX compiler ABI info - done
[0.560s] -- Check for working CXX compiler: /usr/bin/c++ - skipped
[0.560s] -- Detecting CXX compile features
[0.561s] -- Detecting CXX compile features - done
[0.571s] -- Found ament_cmake: 1.3.6 (/opt/ros/humble/share/ament_cmake/cmake)
[0.878s] -- Found Python3: /usr/bin/python3.10 (found version "3.10.12") found components: Interpreter 
[0.996s] -- Override CMake install command with custom implementation using symlinks instead of copying resources
[1.077s] -- Found ament_cmake_ros: 0.10.0 (/opt/ros/humble/share/ament_cmake_ros/cmake)
[1.109s] -- Found pronto_msgs: 0.3.0 (/home/ros/docker_pronto_ws/install/pronto_msgs/share/pronto_msgs/cmake)
[1.194s] -- Found rosidl_generator_c: 3.1.5 (/opt/ros/humble/share/rosidl_generator_c/cmake)
[1.208s] -- Found rosidl_adapter: 3.1.5 (/opt/ros/humble/share/rosidl_adapter/cmake)
[1.229s] -- Found rosidl_generator_cpp: 3.1.5 (/opt/ros/humble/share/rosidl_generator_cpp/cmake)
[1.261s] -- Using all available rosidl_typesupport_c: rosidl_typesupport_fastrtps_c;rosidl_typesupport_introspection_c
[1.307s] -- Using all available rosidl_typesupport_cpp: rosidl_typesupport_fastrtps_cpp;rosidl_typesupport_introspection_cpp
[1.632s] -- Found pronto_core: 0.0.0 (/home/ros/docker_pronto_ws/install/pronto_core/share/pronto_core/cmake)
[1.749s] -- Found rmw_implementation_cmake: 6.1.1 (/opt/ros/humble/share/rmw_implementation_cmake/cmake)
[1.757s] -- Found rmw_fastrtps_cpp: 6.2.5 (/opt/ros/humble/share/rmw_fastrtps_cpp/cmake)
[1.947s] -- Found OpenSSL: /usr/lib/x86_64-linux-gnu/libcrypto.so (found version "3.0.2")  
[2.003s] -- Found FastRTPS: /opt/ros/humble/include  
[2.092s] -- Using RMW implementation 'rmw_fastrtps_cpp' as default
[2.115s] -- Looking for pthread.h
[2.232s] -- Looking for pthread.h - found
[2.232s] -- Performing Test CMAKE_HAVE_LIBC_PTHREAD
[2.332s] -- Performing Test CMAKE_HAVE_LIBC_PTHREAD - Success
[2.333s] -- Found Threads: TRUE  
[2.549s] -- Found sensor_msgs: 4.2.3 (/opt/ros/humble/share/sensor_msgs/cmake)
[2.683s] -- Found tf2: 0.25.5 (/opt/ros/humble/share/tf2/cmake)
[2.714s] -- Found tf2_ros: 0.25.5 (/opt/ros/humble/share/tf2_ros/cmake)
[3.446s] -- Found tf2_eigen: 0.25.5 (/opt/ros/humble/share/tf2_eigen/cmake)
[3.477s] -- Found tf2_geometry_msgs: 0.25.5 (/opt/ros/humble/share/tf2_geometry_msgs/cmake)
[3.530s] -- Found eigen3_cmake_module: 0.1.1 (/opt/ros/humble/share/eigen3_cmake_module/cmake)
[3.533s] -- Found Eigen3: TRUE (found version "3.4.0") 
[3.533s] -- Ensuring Eigen3 include directory is part of orocos-kdl CMake target
[3.568s] -- Found nav_msgs: 4.2.3 (/opt/ros/humble/share/nav_msgs/cmake)
[3.776s] -- Found ament_lint_auto: 0.12.9 (/opt/ros/humble/share/ament_lint_auto/cmake)
[3.998s] -- Added test 'cppcheck' to perform static code analysis on C / C++ code
[3.999s] -- Configured cppcheck include dirs: $<BUILD_INTERFACE:/home/ros/docker_pronto_ws/src/pronto_ros/include>
[3.999s] -- Configured cppcheck exclude dirs and/or files: 
[4.001s] -- Added test 'flake8' to check Python code syntax and style conventions
[4.003s] -- Added test 'lint_cmake' to check CMake code style
[4.005s] -- Added test 'pep257' to check Python code against some of the docstring style conventions in PEP 257
[4.008s] -- Added test 'uncrustify' to check C / C++ code style
[4.008s] -- Configured uncrustify additional arguments: 
[4.010s] -- Added test 'xmllint' to check XML markup files
[4.016s] -- Configuring done
[5.380s] -- Generating done
[5.383s] -- Build files have been written to: /home/ros/docker_pronto_ws/build/pronto_ros
[5.410s] Invoked command in '/home/ros/docker_pronto_ws/build/pronto_ros' returned '0': CMAKE_PREFIX_PATH=/home/ros/docker_pronto_ws/install/pronto_msgs:/home/ros/docker_pronto_ws/install/pronto_core:/home/ros/docker_pronto_ws/install/hqp_controller:/home/ros/docker_pronto_ws/install/whole_body_controller:/home/ros/docker_pronto_ws/install/teleoperate_robot:/home/ros/docker_pronto_ws/install/pronto_tuning:/home/ros/docker_pronto_ws/install/lip_walking_trot_planner:/home/ros/docker_pronto_ws/install/velocity_command_msgs:/home/ros/docker_pronto_ws/install/static_walk_planner:/home/ros/docker_pronto_ws/install/robot_gazebo:/home/ros/docker_pronto_ws/install/solo_description:/home/ros/docker_pronto_ws/install/robot_model:/home/ros/docker_pronto_ws/install/ryml:/home/ros/docker_pronto_ws/install/rviz_legged_plugins:/home/ros/docker_pronto_ws/install/rviz_legged_msgs:/home/ros/docker_pronto_ws/install/anymal_c_simple_description:/home/ros/docker_pronto_ws/install/robot_control:/home/ros/docker_pronto_ws/install/hierarchical_optimization:/home/ros/docker_pronto_ws/install/quadprog:/home/ros/docker_pronto_ws/install/pronto_ros2_controller:/home/ros/docker_pronto_ws/install/pronto_solo12:/home/ros/docker_pronto_ws/install/pronto_quadruped_ros:/home/ros/docker_pronto_ws/install/pronto_quadruped:/home/ros/docker_pronto_ws/install/pronto_utils:/home/ros/docker_pronto_ws/install/pronto_ros:/home/ros/docker_pronto_ws/install/pronto_quadruped_commons:/home/ros/docker_pronto_ws/install/pi3hat_moteus_int_msgs:/home/ros/docker_pronto_ws/install/generalized_pose_msgs:/opt/openrobots:/home/ros/docker_pronto_ws/install/planners_python:/home/ros/docker_pronto_ws/install/logger_gazebo:/home/ros/docker_pronto_ws/install/terrain_estimator:/home/ros/docker_pronto_ws/install/pose_estimator:/opt/ros/humble LD_LIBRARY_PATH=/home/ros/docker_pronto_ws/install/pronto_msgs/lib:/home/ros/docker_pronto_ws/install/pronto_core/lib:/home/ros/docker_pronto_ws/install/hqp_controller/lib:/home/ros/docker_pronto_ws/install/whole_body_controller/lib:/home/ros/docker_pronto_ws/install/teleoperate_robot/lib:/home/ros/docker_pronto_ws/install/lip_walking_trot_planner/lib:/home/ros/docker_pronto_ws/install/velocity_command_msgs/lib:/home/ros/docker_pronto_ws/install/static_walk_planner/lib:/home/ros/docker_pronto_ws/install/robot_model/lib:/home/ros/docker_pronto_ws/install/ryml/lib:/home/ros/docker_pronto_ws/install/rviz_legged_plugins/lib:/home/ros/docker_pronto_ws/install/rviz_legged_msgs/lib:/home/ros/docker_pronto_ws/install/hierarchical_optimization/lib:/home/ros/docker_pronto_ws/install/quadprog/lib:/home/ros/docker_pronto_ws/install/pronto_ros2_controller/lib:/home/ros/docker_pronto_ws/install/pronto_solo12/lib:/home/ros/docker_pronto_ws/install/pronto_quadruped_ros/lib:/home/ros/docker_pronto_ws/install/pronto_quadruped/lib:/home/ros/docker_pronto_ws/install/pronto_utils/lib:/home/ros/docker_pronto_ws/install/pronto_ros/lib:/home/ros/docker_pronto_ws/install/pi3hat_moteus_int_msgs/lib:/home/ros/docker_pronto_ws/install/generalized_pose_msgs/lib:/usr/lib/x86_64-linux-gnu/gazebo-11/plugins:/opt/ros/humble/opt/rviz_ogre_vendor/lib:/opt/ros/humble/lib/x86_64-linux-gnu:/opt/ros/humble/lib:/opt/openrobots/lib:/usr/share/gazebo/../../lib/x86_64-linux-gnu/gazebo-11/plugins /usr/bin/cmake /home/ros/docker_pronto_ws/src/pronto_ros -DCMAKE_BUILD_TYPE=Release -DCMAKE_EXPORT_COMPILE_COMMANDS=ON -DAMENT_CMAKE_SYMLINK_INSTALL=1 -DCMAKE_INSTALL_PREFIX=/home/ros/docker_pronto_ws/install/pronto_ros
[5.411s] Invoking command in '/home/ros/docker_pronto_ws/build/pronto_ros': CMAKE_PREFIX_PATH=/home/ros/docker_pronto_ws/install/pronto_msgs:/home/ros/docker_pronto_ws/install/pronto_core:/home/ros/docker_pronto_ws/install/hqp_controller:/home/ros/docker_pronto_ws/install/whole_body_controller:/home/ros/docker_pronto_ws/install/teleoperate_robot:/home/ros/docker_pronto_ws/install/pronto_tuning:/home/ros/docker_pronto_ws/install/lip_walking_trot_planner:/home/ros/docker_pronto_ws/install/velocity_command_msgs:/home/ros/docker_pronto_ws/install/static_walk_planner:/home/ros/docker_pronto_ws/install/robot_gazebo:/home/ros/docker_pronto_ws/install/solo_description:/home/ros/docker_pronto_ws/install/robot_model:/home/ros/docker_pronto_ws/install/ryml:/home/ros/docker_pronto_ws/install/rviz_legged_plugins:/home/ros/docker_pronto_ws/install/rviz_legged_msgs:/home/ros/docker_pronto_ws/install/anymal_c_simple_description:/home/ros/docker_pronto_ws/install/robot_control:/home/ros/docker_pronto_ws/install/hierarchical_optimization:/home/ros/docker_pronto_ws/install/quadprog:/home/ros/docker_pronto_ws/install/pronto_ros2_controller:/home/ros/docker_pronto_ws/install/pronto_solo12:/home/ros/docker_pronto_ws/install/pronto_quadruped_ros:/home/ros/docker_pronto_ws/install/pronto_quadruped:/home/ros/docker_pronto_ws/install/pronto_utils:/home/ros/docker_pronto_ws/install/pronto_ros:/home/ros/docker_pronto_ws/install/pronto_quadruped_commons:/home/ros/docker_pronto_ws/install/pi3hat_moteus_int_msgs:/home/ros/docker_pronto_ws/install/generalized_pose_msgs:/opt/openrobots:/home/ros/docker_pronto_ws/install/planners_python:/home/ros/docker_pronto_ws/install/logger_gazebo:/home/ros/docker_pronto_ws/install/terrain_estimator:/home/ros/docker_pronto_ws/install/pose_estimator:/opt/ros/humble LD_LIBRARY_PATH=/home/ros/docker_pronto_ws/install/pronto_msgs/lib:/home/ros/docker_pronto_ws/install/pronto_core/lib:/home/ros/docker_pronto_ws/install/hqp_controller/lib:/home/ros/docker_pronto_ws/install/whole_body_controller/lib:/home/ros/docker_pronto_ws/install/teleoperate_robot/lib:/home/ros/docker_pronto_ws/install/lip_walking_trot_planner/lib:/home/ros/docker_pronto_ws/install/velocity_command_msgs/lib:/home/ros/docker_pronto_ws/install/static_walk_planner/lib:/home/ros/docker_pronto_ws/install/robot_model/lib:/home/ros/docker_pronto_ws/install/ryml/lib:/home/ros/docker_pronto_ws/install/rviz_legged_plugins/lib:/home/ros/docker_pronto_ws/install/rviz_legged_msgs/lib:/home/ros/docker_pronto_ws/install/hierarchical_optimization/lib:/home/ros/docker_pronto_ws/install/quadprog/lib:/home/ros/docker_pronto_ws/install/pronto_ros2_controller/lib:/home/ros/docker_pronto_ws/install/pronto_solo12/lib:/home/ros/docker_pronto_ws/install/pronto_quadruped_ros/lib:/home/ros/docker_pronto_ws/install/pronto_quadruped/lib:/home/ros/docker_pronto_ws/install/pronto_utils/lib:/home/ros/docker_pronto_ws/install/pronto_ros/lib:/home/ros/docker_pronto_ws/install/pi3hat_moteus_int_msgs/lib:/home/ros/docker_pronto_ws/install/generalized_pose_msgs/lib:/usr/lib/x86_64-linux-gnu/gazebo-11/plugins:/opt/ros/humble/opt/rviz_ogre_vendor/lib:/opt/ros/humble/lib/x86_64-linux-gnu:/opt/ros/humble/lib:/opt/openrobots/lib:/usr/share/gazebo/../../lib/x86_64-linux-gnu/gazebo-11/plugins /usr/bin/cmake --build /home/ros/docker_pronto_ws/build/pronto_ros -- -j16 -l16
[5.526s] [  9%] [32mBuilding CXX object CMakeFiles/pronto_ros.dir/src/ins_ros_handler.cpp.o[0m
[5.545s] [ 18%] [32mBuilding CXX object CMakeFiles/pronto_ros.dir/src/init_message_ros_handler.cpp.o[0m
[5.563s] [ 27%] [32mBuilding CXX object CMakeFiles/pronto_ros.dir/src/scan_matcher_ros_handler.cpp.o[0m
[5.575s] [ 36%] [32mBuilding CXX object CMakeFiles/pronto_ros.dir/src/pose_msg_ros_handler.cpp.o[0m
[5.576s] [ 45%] [32mBuilding CXX object CMakeFiles/pronto_ros.dir/src/ros_frontend.cpp.o[0m
[5.594s] [ 54%] [32mBuilding CXX object CMakeFiles/pronto_ros.dir/src/pronto_ros_conversions.cpp.o[0m
[16.533s] [ 63%] [32m[1mLinking CXX shared library libpronto_ros.so[0m
[16.708s] [ 63%] Built target pronto_ros
[16.780s] [ 81%] [32mBuilding CXX object CMakeFiles/pronto_ros_node.dir/src/pronto_ros_node.cpp.o[0m
[16.780s] [ 81%] [32mBuilding CXX object CMakeFiles/joint_state_with_acceleration_republisher.dir/src/joint_state_with_acceleration_republisher.cpp.o[0m
[25.540s] [ 90%] [32m[1mLinking CXX executable joint_state_with_acceleration_republisher[0m
[28.172s] [100%] [32m[1mLinking CXX executable pronto_ros_node[0m
[72.123s] [100%] Built target joint_state_with_acceleration_republisher
[75.763s] [100%] Built target pronto_ros_node
[75.773s] Invoked command in '/home/ros/docker_pronto_ws/build/pronto_ros' returned '0': CMAKE_PREFIX_PATH=/home/ros/docker_pronto_ws/install/pronto_msgs:/home/ros/docker_pronto_ws/install/pronto_core:/home/ros/docker_pronto_ws/install/hqp_controller:/home/ros/docker_pronto_ws/install/whole_body_controller:/home/ros/docker_pronto_ws/install/teleoperate_robot:/home/ros/docker_pronto_ws/install/pronto_tuning:/home/ros/docker_pronto_ws/install/lip_walking_trot_planner:/home/ros/docker_pronto_ws/install/velocity_command_msgs:/home/ros/docker_pronto_ws/install/static_walk_planner:/home/ros/docker_pronto_ws/install/robot_gazebo:/home/ros/docker_pronto_ws/install/solo_description:/home/ros/docker_pronto_ws/install/robot_model:/home/ros/docker_pronto_ws/install/ryml:/home/ros/docker_pronto_ws/install/rviz_legged_plugins:/home/ros/docker_pronto_ws/install/rviz_legged_msgs:/home/ros/docker_pronto_ws/install/anymal_c_simple_description:/home/ros/docker_pronto_ws/install/robot_control:/home/ros/docker_pronto_ws/install/hierarchical_optimization:/home/ros/docker_pronto_ws/install/quadprog:/home/ros/docker_pronto_ws/install/pronto_ros2_controller:/home/ros/docker_pronto_ws/install/pronto_solo12:/home/ros/docker_pronto_ws/install/pronto_quadruped_ros:/home/ros/docker_pronto_ws/install/pronto_quadruped:/home/ros/docker_pronto_ws/install/pronto_utils:/home/ros/docker_pronto_ws/install/pronto_ros:/home/ros/docker_pronto_ws/install/pronto_quadruped_commons:/home/ros/docker_pronto_ws/install/pi3hat_moteus_int_msgs:/home/ros/docker_pronto_ws/install/generalized_pose_msgs:/opt/openrobots:/home/ros/docker_pronto_ws/install/planners_python:/home/ros/docker_pronto_ws/install/logger_gazebo:/home/ros/docker_pronto_ws/install/terrain_estimator:/home/ros/docker_pronto_ws/install/pose_estimator:/opt/ros/humble LD_LIBRARY_PATH=/home/ros/docker_pronto_ws/install/pronto_msgs/lib:/home/ros/docker_pronto_ws/install/pronto_core/lib:/home/ros/docker_pronto_ws/install/hqp_controller/lib:/home/ros/docker_pronto_ws/install/whole_body_controller/lib:/home/ros/docker_pronto_ws/install/teleoperate_robot/lib:/home/ros/docker_pronto_ws/install/lip_walking_trot_planner/lib:/home/ros/docker_pronto_ws/install/velocity_command_msgs/lib:/home/ros/docker_pronto_ws/install/static_walk_planner/lib:/home/ros/docker_pronto_ws/install/robot_model/lib:/home/ros/docker_pronto_ws/install/ryml/lib:/home/ros/docker_pronto_ws/install/rviz_legged_plugins/lib:/home/ros/docker_pronto_ws/install/rviz_legged_msgs/lib:/home/ros/docker_pronto_ws/install/hierarchical_optimization/lib:/home/ros/docker_pronto_ws/install/quadprog/lib:/home/ros/docker_pronto_ws/install/pronto_ros2_controller/lib:/home/ros/docker_pronto_ws/install/pronto_solo12/lib:/home/ros/docker_pronto_ws/install/pronto_quadruped_ros/lib:/home/ros/docker_pronto_ws/install/pronto_quadruped/lib:/home/ros/docker_pronto_ws/install/pronto_utils/lib:/home/ros/docker_pronto_ws/install/pronto_ros/lib:/home/ros/docker_pronto_ws/install/pi3hat_moteus_int_msgs/lib:/home/ros/docker_pronto_ws/install/generalized_pose_msgs/lib:/usr/lib/x86_64-linux-gnu/gazebo-11/plugins:/opt/ros/humble/opt/rviz_ogre_vendor/lib:/opt/ros/humble/lib/x86_64-linux-gnu:/opt/ros/humble/lib:/opt/openrobots/lib:/usr/share/gazebo/../../lib/x86_64-linux-gnu/gazebo-11/plugins /usr/bin/cmake --build /home/ros/docker_pronto_ws/build/pronto_ros -- -j16 -l16
[75.827s] Invoking command in '/home/ros/docker_pronto_ws/build/pronto_ros': CMAKE_PREFIX_PATH=/home/ros/docker_pronto_ws/install/pronto_msgs:/home/ros/docker_pronto_ws/install/pronto_core:/home/ros/docker_pronto_ws/install/hqp_controller:/home/ros/docker_pronto_ws/install/whole_body_controller:/home/ros/docker_pronto_ws/install/teleoperate_robot:/home/ros/docker_pronto_ws/install/pronto_tuning:/home/ros/docker_pronto_ws/install/lip_walking_trot_planner:/home/ros/docker_pronto_ws/install/velocity_command_msgs:/home/ros/docker_pronto_ws/install/static_walk_planner:/home/ros/docker_pronto_ws/install/robot_gazebo:/home/ros/docker_pronto_ws/install/solo_description:/home/ros/docker_pronto_ws/install/robot_model:/home/ros/docker_pronto_ws/install/ryml:/home/ros/docker_pronto_ws/install/rviz_legged_plugins:/home/ros/docker_pronto_ws/install/rviz_legged_msgs:/home/ros/docker_pronto_ws/install/anymal_c_simple_description:/home/ros/docker_pronto_ws/install/robot_control:/home/ros/docker_pronto_ws/install/hierarchical_optimization:/home/ros/docker_pronto_ws/install/quadprog:/home/ros/docker_pronto_ws/install/pronto_ros2_controller:/home/ros/docker_pronto_ws/install/pronto_solo12:/home/ros/docker_pronto_ws/install/pronto_quadruped_ros:/home/ros/docker_pronto_ws/install/pronto_quadruped:/home/ros/docker_pronto_ws/install/pronto_utils:/home/ros/docker_pronto_ws/install/pronto_ros:/home/ros/docker_pronto_ws/install/pronto_quadruped_commons:/home/ros/docker_pronto_ws/install/pi3hat_moteus_int_msgs:/home/ros/docker_pronto_ws/install/generalized_pose_msgs:/opt/openrobots:/home/ros/docker_pronto_ws/install/planners_python:/home/ros/docker_pronto_ws/install/logger_gazebo:/home/ros/docker_pronto_ws/install/terrain_estimator:/home/ros/docker_pronto_ws/install/pose_estimator:/opt/ros/humble LD_LIBRARY_PATH=/home/ros/docker_pronto_ws/install/pronto_msgs/lib:/home/ros/docker_pronto_ws/install/pronto_core/lib:/home/ros/docker_pronto_ws/install/hqp_controller/lib:/home/ros/docker_pronto_ws/install/whole_body_controller/lib:/home/ros/docker_pronto_ws/install/teleoperate_robot/lib:/home/ros/docker_pronto_ws/install/lip_walking_trot_planner/lib:/home/ros/docker_pronto_ws/install/velocity_command_msgs/lib:/home/ros/docker_pronto_ws/install/static_walk_planner/lib:/home/ros/docker_pronto_ws/install/robot_model/lib:/home/ros/docker_pronto_ws/install/ryml/lib:/home/ros/docker_pronto_ws/install/rviz_legged_plugins/lib:/home/ros/docker_pronto_ws/install/rviz_legged_msgs/lib:/home/ros/docker_pronto_ws/install/hierarchical_optimization/lib:/home/ros/docker_pronto_ws/install/quadprog/lib:/home/ros/docker_pronto_ws/install/pronto_ros2_controller/lib:/home/ros/docker_pronto_ws/install/pronto_solo12/lib:/home/ros/docker_pronto_ws/install/pronto_quadruped_ros/lib:/home/ros/docker_pronto_ws/install/pronto_quadruped/lib:/home/ros/docker_pronto_ws/install/pronto_utils/lib:/home/ros/docker_pronto_ws/install/pronto_ros/lib:/home/ros/docker_pronto_ws/install/pi3hat_moteus_int_msgs/lib:/home/ros/docker_pronto_ws/install/generalized_pose_msgs/lib:/usr/lib/x86_64-linux-gnu/gazebo-11/plugins:/opt/ros/humble/opt/rviz_ogre_vendor/lib:/opt/ros/humble/lib/x86_64-linux-gnu:/opt/ros/humble/lib:/opt/openrobots/lib:/usr/share/gazebo/../../lib/x86_64-linux-gnu/gazebo-11/plugins /usr/bin/cmake --install /home/ros/docker_pronto_ws/build/pronto_ros
[75.833s] -- Install configuration: "Release"
[75.834s] -- Execute custom install script
[75.835s] -- Symlinking: /home/ros/docker_pronto_ws/install/pronto_ros/include/pronto_ros/init_message_ros_handler.hpp
[75.842s] -- Symlinking: /home/ros/docker_pronto_ws/install/pronto_ros/include/pronto_ros/ins_ros_handler.hpp
[75.848s] -- Symlinking: /home/ros/docker_pronto_ws/install/pronto_ros/include/pronto_ros/pose_msg_ros_handler.hpp
[75.855s] -- Symlinking: /home/ros/docker_pronto_ws/install/pronto_ros/include/pronto_ros/pronto_node.hpp
[75.862s] -- Symlinking: /home/ros/docker_pronto_ws/install/pronto_ros/include/pronto_ros/pronto_ros.hpp
[75.868s] -- Symlinking: /home/ros/docker_pronto_ws/install/pronto_ros/include/pronto_ros/pronto_ros_conversions.hpp
[75.874s] -- Symlinking: /home/ros/docker_pronto_ws/install/pronto_ros/include/pronto_ros/ros_frontend.hpp
[75.879s] -- Symlinking: /home/ros/docker_pronto_ws/install/pronto_ros/include/pronto_ros/scan_matcher_ros_handler.hpp
[75.885s] -- Symlinking: /home/ros/docker_pronto_ws/install/pronto_ros/include/pronto_ros/visibility_control.h
[75.894s] -- Symlinking: /home/ros/docker_pronto_ws/install/pronto_ros/share/pronto_ros/environment/library_path.sh
[75.904s] -- Symlinking: /home/ros/docker_pronto_ws/install/pronto_ros/share/pronto_ros/environment/library_path.dsv
[75.914s] -- Symlinking: /home/ros/docker_pronto_ws/install/pronto_ros/lib/pronto_ros/joint_state_with_acceleration_republisher
[75.929s] -- Symlinking: /home/ros/docker_pronto_ws/install/pronto_ros/lib/pronto_ros/pronto_ros_node
[75.940s] -- Symlinking: /home/ros/docker_pronto_ws/install/pronto_ros/share/pronto_ros//launch/pronto_ros.launch.py
[75.946s] -- Symlinking: /home/ros/docker_pronto_ws/install/pronto_ros/share/ament_index/resource_index/package_run_dependencies/pronto_ros
[75.963s] -- Symlinking: /home/ros/docker_pronto_ws/install/pronto_ros/share/ament_index/resource_index/parent_prefix_path/pronto_ros
[75.976s] -- Symlinking: /home/ros/docker_pronto_ws/install/pronto_ros/share/pronto_ros/environment/ament_prefix_path.sh
[75.988s] -- Symlinking: /home/ros/docker_pronto_ws/install/pronto_ros/share/pronto_ros/environment/ament_prefix_path.dsv
[76.002s] -- Symlinking: /home/ros/docker_pronto_ws/install/pronto_ros/share/pronto_ros/environment/path.sh
[76.017s] -- Symlinking: /home/ros/docker_pronto_ws/install/pronto_ros/share/pronto_ros/environment/path.dsv
[76.030s] -- Symlinking: /home/ros/docker_pronto_ws/install/pronto_ros/share/pronto_ros/local_setup.bash
[76.050s] -- Symlinking: /home/ros/docker_pronto_ws/install/pronto_ros/share/pronto_ros/local_setup.sh
[76.066s] -- Symlinking: /home/ros/docker_pronto_ws/install/pronto_ros/share/pronto_ros/local_setup.zsh
[76.083s] -- Symlinking: /home/ros/docker_pronto_ws/install/pronto_ros/share/pronto_ros/local_setup.dsv
[76.100s] -- Symlinking: /home/ros/docker_pronto_ws/install/pronto_ros/share/pronto_ros/package.dsv
[76.119s] -- Symlinking: /home/ros/docker_pronto_ws/install/pronto_ros/share/ament_index/resource_index/packages/pronto_ros
[76.137s] -- Symlinking: /home/ros/docker_pronto_ws/install/pronto_ros/share/pronto_ros/cmake/ament_cmake_export_include_directories-extras.cmake
[76.154s] -- Symlinking: /home/ros/docker_pronto_ws/install/pronto_ros/share/pronto_ros/cmake/ament_cmake_export_libraries-extras.cmake
[76.173s] -- Symlinking: /home/ros/docker_pronto_ws/install/pronto_ros/share/pronto_ros/cmake/ament_cmake_export_dependencies-extras.cmake
[76.192s] -- Symlinking: /home/ros/docker_pronto_ws/install/pronto_ros/share/pronto_ros/cmake/ament_cmake_export_targets-extras.cmake
[76.213s] -- Symlinking: /home/ros/docker_pronto_ws/install/pronto_ros/share/pronto_ros/cmake/pronto_rosConfig.cmake
[76.232s] -- Symlinking: /home/ros/docker_pronto_ws/install/pronto_ros/share/pronto_ros/cmake/pronto_rosConfig-version.cmake
[76.242s] -- Symlinking: /home/ros/docker_pronto_ws/install/pronto_ros/share/pronto_ros/package.xml
[76.253s] -- Installing: /home/ros/docker_pronto_ws/install/pronto_ros/lib/libpronto_ros.so
[76.254s] -- Set runtime path of "/home/ros/docker_pronto_ws/install/pronto_ros/lib/libpronto_ros.so" to ""
[76.256s] -- Installing: /home/ros/docker_pronto_ws/install/pronto_ros/share/pronto_ros/cmake/export_pronto_rosExport.cmake
[76.257s] -- Installing: /home/ros/docker_pronto_ws/install/pronto_ros/share/pronto_ros/cmake/export_pronto_rosExport-release.cmake
[76.261s] Invoked command in '/home/ros/docker_pronto_ws/build/pronto_ros' returned '0': CMAKE_PREFIX_PATH=/home/ros/docker_pronto_ws/install/pronto_msgs:/home/ros/docker_pronto_ws/install/pronto_core:/home/ros/docker_pronto_ws/install/hqp_controller:/home/ros/docker_pronto_ws/install/whole_body_controller:/home/ros/docker_pronto_ws/install/teleoperate_robot:/home/ros/docker_pronto_ws/install/pronto_tuning:/home/ros/docker_pronto_ws/install/lip_walking_trot_planner:/home/ros/docker_pronto_ws/install/velocity_command_msgs:/home/ros/docker_pronto_ws/install/static_walk_planner:/home/ros/docker_pronto_ws/install/robot_gazebo:/home/ros/docker_pronto_ws/install/solo_description:/home/ros/docker_pronto_ws/install/robot_model:/home/ros/docker_pronto_ws/install/ryml:/home/ros/docker_pronto_ws/install/rviz_legged_plugins:/home/ros/docker_pronto_ws/install/rviz_legged_msgs:/home/ros/docker_pronto_ws/install/anymal_c_simple_description:/home/ros/docker_pronto_ws/install/robot_control:/home/ros/docker_pronto_ws/install/hierarchical_optimization:/home/ros/docker_pronto_ws/install/quadprog:/home/ros/docker_pronto_ws/install/pronto_ros2_controller:/home/ros/docker_pronto_ws/install/pronto_solo12:/home/ros/docker_pronto_ws/install/pronto_quadruped_ros:/home/ros/docker_pronto_ws/install/pronto_quadruped:/home/ros/docker_pronto_ws/install/pronto_utils:/home/ros/docker_pronto_ws/install/pronto_ros:/home/ros/docker_pronto_ws/install/pronto_quadruped_commons:/home/ros/docker_pronto_ws/install/pi3hat_moteus_int_msgs:/home/ros/docker_pronto_ws/install/generalized_pose_msgs:/opt/openrobots:/home/ros/docker_pronto_ws/install/planners_python:/home/ros/docker_pronto_ws/install/logger_gazebo:/home/ros/docker_pronto_ws/install/terrain_estimator:/home/ros/docker_pronto_ws/install/pose_estimator:/opt/ros/humble LD_LIBRARY_PATH=/home/ros/docker_pronto_ws/install/pronto_msgs/lib:/home/ros/docker_pronto_ws/install/pronto_core/lib:/home/ros/docker_pronto_ws/install/hqp_controller/lib:/home/ros/docker_pronto_ws/install/whole_body_controller/lib:/home/ros/docker_pronto_ws/install/teleoperate_robot/lib:/home/ros/docker_pronto_ws/install/lip_walking_trot_planner/lib:/home/ros/docker_pronto_ws/install/velocity_command_msgs/lib:/home/ros/docker_pronto_ws/install/static_walk_planner/lib:/home/ros/docker_pronto_ws/install/robot_model/lib:/home/ros/docker_pronto_ws/install/ryml/lib:/home/ros/docker_pronto_ws/install/rviz_legged_plugins/lib:/home/ros/docker_pronto_ws/install/rviz_legged_msgs/lib:/home/ros/docker_pronto_ws/install/hierarchical_optimization/lib:/home/ros/docker_pronto_ws/install/quadprog/lib:/home/ros/docker_pronto_ws/install/pronto_ros2_controller/lib:/home/ros/docker_pronto_ws/install/pronto_solo12/lib:/home/ros/docker_pronto_ws/install/pronto_quadruped_ros/lib:/home/ros/docker_pronto_ws/install/pronto_quadruped/lib:/home/ros/docker_pronto_ws/install/pronto_utils/lib:/home/ros/docker_pronto_ws/install/pronto_ros/lib:/home/ros/docker_pronto_ws/install/pi3hat_moteus_int_msgs/lib:/home/ros/docker_pronto_ws/install/generalized_pose_msgs/lib:/usr/lib/x86_64-linux-gnu/gazebo-11/plugins:/opt/ros/humble/opt/rviz_ogre_vendor/lib:/opt/ros/humble/lib/x86_64-linux-gnu:/opt/ros/humble/lib:/opt/openrobots/lib:/usr/share/gazebo/../../lib/x86_64-linux-gnu/gazebo-11/plugins /usr/bin/cmake --install /home/ros/docker_pronto_ws/build/pronto_ros
