[0.033s] Invoking command in '/home/anymalopc/docker_pronto_estimator/src/matlab_msg_gen/glnxa64/build/pi3hat_moteus_int_msgs': PS1=(venv) /home/anymalopc/MATLAB/bin/glnxa64/cmake/bin/cmake --build /home/anymalopc/docker_pronto_estimator/src/matlab_msg_gen/glnxa64/build/pi3hat_moteus_int_msgs -- -j16 -l16
[0.042s] [0/1] Re-running CMake...
[0.050s] -- Found ament_cmake: 0.9.8 (/home/anymalopc/MATLAB/sys/ros2/glnxa64/ros2/share/ament_cmake/cmake)
[0.068s] -- Found PythonInterp: /home/anymalopc/.matlab/R2023a/ros2/glnxa64/venv/bin/python3 (found suitable version "3.8.10", minimum required is "3") 
[0.069s] -- Using PYTHON_EXECUTABLE: /home/anymalopc/.matlab/R2023a/ros2/glnxa64/venv/bin/python3
[0.236s] -- Found ament_cmake_ros: 0.9.2 (/home/anymalopc/MATLAB/sys/ros2/glnxa64/ros2/share/ament_cmake_ros/cmake)
[0.238s] -- Found rosidl_typesupport_c: 1.0.2 (/home/anymalopc/MATLAB/sys/ros2/glnxa64/ros2/share/rosidl_typesupport_c/cmake)
[0.239s] -- Using all available rosidl_typesupport_c: rosidl_typesupport_fastrtps_c;rosidl_typesupport_introspection_c
[0.241s] -- Found rosidl_adapter: 1.2.1 (/home/anymalopc/MATLAB/sys/ros2/glnxa64/ros2/share/rosidl_adapter/cmake)
[0.359s] -- Found rosidl_typesupport_cpp: 1.0.2 (/home/anymalopc/MATLAB/sys/ros2/glnxa64/ros2/share/rosidl_typesupport_cpp/cmake)
[0.359s] -- Using all available rosidl_typesupport_cpp: rosidl_typesupport_fastrtps_cpp;rosidl_typesupport_introspection_cpp
[0.372s] -- Found rosidl_default_generators: 1.0.1 (/home/anymalopc/MATLAB/sys/ros2/glnxa64/ros2/share/rosidl_default_generators/cmake)
[0.375s] -- Found class_loader: 2.0.2 (/home/anymalopc/MATLAB/sys/ros2/glnxa64/ros2/share/class_loader/cmake)
[0.380s] -- Found rclcpp: 2.3.1 (/home/anymalopc/MATLAB/sys/ros2/glnxa64/ros2/share/rclcpp/cmake)
[0.411s] -- Found rmw_implementation_cmake: 1.0.3 (/home/anymalopc/MATLAB/sys/ros2/glnxa64/ros2/share/rmw_implementation_cmake/cmake)
[0.412s] -- Using RMW implementation 'rmw_fastrtps_cpp' as default
[0.482s] -- Found std_msgs: 2.0.4 (/home/anymalopc/MATLAB/sys/ros2/glnxa64/ros2/share/std_msgs/cmake)
[0.509s] -- Found PythonInterp: /home/anymalopc/.matlab/R2023a/ros2/glnxa64/venv/bin/python3 (found version "3.8.10") 
[0.828s] -- Using all available rosidl_typesupport_c: rosidl_typesupport_fastrtps_c;rosidl_typesupport_introspection_c
[0.900s] -- Using all available rosidl_typesupport_cpp: rosidl_typesupport_fastrtps_cpp;rosidl_typesupport_introspection_cpp
[0.908s] -- Configuring done
[0.928s] -- Generating done
[0.939s] -- Build files have been written to: /home/anymalopc/docker_pronto_estimator/src/matlab_msg_gen/glnxa64/build/pi3hat_moteus_int_msgs
[0.949s] ninja: no work to do.
[0.952s] Invoked command in '/home/anymalopc/docker_pronto_estimator/src/matlab_msg_gen/glnxa64/build/pi3hat_moteus_int_msgs' returned '0': PS1=(venv) /home/anymalopc/MATLAB/bin/glnxa64/cmake/bin/cmake --build /home/anymalopc/docker_pronto_estimator/src/matlab_msg_gen/glnxa64/build/pi3hat_moteus_int_msgs -- -j16 -l16
[0.973s] Invoking command in '/home/anymalopc/docker_pronto_estimator/src/matlab_msg_gen/glnxa64/build/pi3hat_moteus_int_msgs': PS1=(venv) /home/anymalopc/MATLAB/bin/glnxa64/cmake/bin/cmake --install /home/anymalopc/docker_pronto_estimator/src/matlab_msg_gen/glnxa64/build/pi3hat_moteus_int_msgs
[0.975s] -- Install configuration: "Release"
[0.976s] -- Up-to-date: /home/anymalopc/docker_pronto_estimator/src/matlab_msg_gen/glnxa64/install/share/ament_index/resource_index/rosidl_interfaces/pi3hat_moteus_int_msgs
[0.976s] -- Up-to-date: /home/anymalopc/docker_pronto_estimator/src/matlab_msg_gen/glnxa64/install/include/pi3hat_moteus_int_msgs
[0.976s] -- Up-to-date: /home/anymalopc/docker_pronto_estimator/src/matlab_msg_gen/glnxa64/install/include/pi3hat_moteus_int_msgs/msg
[0.976s] -- Up-to-date: /home/anymalopc/docker_pronto_estimator/src/matlab_msg_gen/glnxa64/install/include/pi3hat_moteus_int_msgs/msg/rosidl_generator_c__visibility_control.h
[0.976s] -- Up-to-date: /home/anymalopc/docker_pronto_estimator/src/matlab_msg_gen/glnxa64/install/include/pi3hat_moteus_int_msgs/msg/joints_command.h
[0.976s] -- Up-to-date: /home/anymalopc/docker_pronto_estimator/src/matlab_msg_gen/glnxa64/install/include/pi3hat_moteus_int_msgs/msg/joints_states.h
[0.977s] -- Up-to-date: /home/anymalopc/docker_pronto_estimator/src/matlab_msg_gen/glnxa64/install/include/pi3hat_moteus_int_msgs/msg/detail
[0.977s] -- Up-to-date: /home/anymalopc/docker_pronto_estimator/src/matlab_msg_gen/glnxa64/install/include/pi3hat_moteus_int_msgs/msg/detail/omni_mulinex_command__type_support.h
[0.977s] -- Up-to-date: /home/anymalopc/docker_pronto_estimator/src/matlab_msg_gen/glnxa64/install/include/pi3hat_moteus_int_msgs/msg/detail/joints_command__struct.h
[0.977s] -- Up-to-date: /home/anymalopc/docker_pronto_estimator/src/matlab_msg_gen/glnxa64/install/include/pi3hat_moteus_int_msgs/msg/detail/joints_command__type_support.h
[0.977s] -- Up-to-date: /home/anymalopc/docker_pronto_estimator/src/matlab_msg_gen/glnxa64/install/include/pi3hat_moteus_int_msgs/msg/detail/packet_pass__functions.h
[0.977s] -- Up-to-date: /home/anymalopc/docker_pronto_estimator/src/matlab_msg_gen/glnxa64/install/include/pi3hat_moteus_int_msgs/msg/detail/omni_mulinex_command__functions.c
[0.978s] -- Up-to-date: /home/anymalopc/docker_pronto_estimator/src/matlab_msg_gen/glnxa64/install/include/pi3hat_moteus_int_msgs/msg/detail/packet_pass__type_support.h
[0.978s] -- Up-to-date: /home/anymalopc/docker_pronto_estimator/src/matlab_msg_gen/glnxa64/install/include/pi3hat_moteus_int_msgs/msg/detail/joints_states__struct.h
[0.978s] -- Up-to-date: /home/anymalopc/docker_pronto_estimator/src/matlab_msg_gen/glnxa64/install/include/pi3hat_moteus_int_msgs/msg/detail/packet_pass__functions.c
[0.978s] -- Up-to-date: /home/anymalopc/docker_pronto_estimator/src/matlab_msg_gen/glnxa64/install/include/pi3hat_moteus_int_msgs/msg/detail/joints_states__functions.c
[0.978s] -- Up-to-date: /home/anymalopc/docker_pronto_estimator/src/matlab_msg_gen/glnxa64/install/include/pi3hat_moteus_int_msgs/msg/detail/joints_states__type_support.h
[0.978s] -- Up-to-date: /home/anymalopc/docker_pronto_estimator/src/matlab_msg_gen/glnxa64/install/include/pi3hat_moteus_int_msgs/msg/detail/joints_command__functions.c
[0.978s] -- Up-to-date: /home/anymalopc/docker_pronto_estimator/src/matlab_msg_gen/glnxa64/install/include/pi3hat_moteus_int_msgs/msg/detail/omni_mulinex_command__functions.h
[0.978s] -- Up-to-date: /home/anymalopc/docker_pronto_estimator/src/matlab_msg_gen/glnxa64/install/include/pi3hat_moteus_int_msgs/msg/detail/joints_states__functions.h
[0.979s] -- Up-to-date: /home/anymalopc/docker_pronto_estimator/src/matlab_msg_gen/glnxa64/install/include/pi3hat_moteus_int_msgs/msg/detail/joints_command__functions.h
[0.979s] -- Up-to-date: /home/anymalopc/docker_pronto_estimator/src/matlab_msg_gen/glnxa64/install/include/pi3hat_moteus_int_msgs/msg/detail/packet_pass__struct.h
[0.979s] -- Up-to-date: /home/anymalopc/docker_pronto_estimator/src/matlab_msg_gen/glnxa64/install/include/pi3hat_moteus_int_msgs/msg/detail/omni_mulinex_command__struct.h
[0.979s] -- Up-to-date: /home/anymalopc/docker_pronto_estimator/src/matlab_msg_gen/glnxa64/install/include/pi3hat_moteus_int_msgs/msg/omni_mulinex_command.h
[0.979s] -- Up-to-date: /home/anymalopc/docker_pronto_estimator/src/matlab_msg_gen/glnxa64/install/include/pi3hat_moteus_int_msgs/msg/packet_pass.h
[0.979s] -- Up-to-date: /home/anymalopc/docker_pronto_estimator/src/matlab_msg_gen/glnxa64/install/share/pi3hat_moteus_int_msgs/environment/library_path.sh
[0.979s] -- Installing: /home/anymalopc/docker_pronto_estimator/src/matlab_msg_gen/glnxa64/install/share/pi3hat_moteus_int_msgs/environment/library_path.dsv
[0.979s] -- Up-to-date: /home/anymalopc/docker_pronto_estimator/src/matlab_msg_gen/glnxa64/install/lib/libpi3hat_moteus_int_msgs__rosidl_generator_c.so
[0.980s] -- Up-to-date: /home/anymalopc/docker_pronto_estimator/src/matlab_msg_gen/glnxa64/install/include/pi3hat_moteus_int_msgs
[0.980s] -- Up-to-date: /home/anymalopc/docker_pronto_estimator/src/matlab_msg_gen/glnxa64/install/include/pi3hat_moteus_int_msgs/msg
[0.980s] -- Up-to-date: /home/anymalopc/docker_pronto_estimator/src/matlab_msg_gen/glnxa64/install/include/pi3hat_moteus_int_msgs/msg/detail
[0.980s] -- Up-to-date: /home/anymalopc/docker_pronto_estimator/src/matlab_msg_gen/glnxa64/install/include/pi3hat_moteus_int_msgs/msg/detail/joints_command__rosidl_typesupport_fastrtps_c.h
[0.980s] -- Up-to-date: /home/anymalopc/docker_pronto_estimator/src/matlab_msg_gen/glnxa64/install/include/pi3hat_moteus_int_msgs/msg/detail/omni_mulinex_command__rosidl_typesupport_fastrtps_c.h
[0.980s] -- Up-to-date: /home/anymalopc/docker_pronto_estimator/src/matlab_msg_gen/glnxa64/install/include/pi3hat_moteus_int_msgs/msg/detail/packet_pass__rosidl_typesupport_fastrtps_c.h
[0.980s] -- Up-to-date: /home/anymalopc/docker_pronto_estimator/src/matlab_msg_gen/glnxa64/install/include/pi3hat_moteus_int_msgs/msg/detail/joints_states__rosidl_typesupport_fastrtps_c.h
[0.980s] -- Up-to-date: /home/anymalopc/docker_pronto_estimator/src/matlab_msg_gen/glnxa64/install/include/pi3hat_moteus_int_msgs/msg/rosidl_typesupport_fastrtps_c__visibility_control.h
[0.981s] -- Up-to-date: /home/anymalopc/docker_pronto_estimator/src/matlab_msg_gen/glnxa64/install/lib/libpi3hat_moteus_int_msgs__rosidl_typesupport_fastrtps_c.so
[0.981s] -- Up-to-date: /home/anymalopc/docker_pronto_estimator/src/matlab_msg_gen/glnxa64/install/include/pi3hat_moteus_int_msgs
[0.981s] -- Up-to-date: /home/anymalopc/docker_pronto_estimator/src/matlab_msg_gen/glnxa64/install/include/pi3hat_moteus_int_msgs/msg
[0.981s] -- Up-to-date: /home/anymalopc/docker_pronto_estimator/src/matlab_msg_gen/glnxa64/install/include/pi3hat_moteus_int_msgs/msg/detail
[0.981s] -- Up-to-date: /home/anymalopc/docker_pronto_estimator/src/matlab_msg_gen/glnxa64/install/include/pi3hat_moteus_int_msgs/msg/detail/dds_fastrtps
[0.981s] -- Up-to-date: /home/anymalopc/docker_pronto_estimator/src/matlab_msg_gen/glnxa64/install/include/pi3hat_moteus_int_msgs/msg/detail/joints_states__rosidl_typesupport_fastrtps_cpp.hpp
[0.982s] -- Up-to-date: /home/anymalopc/docker_pronto_estimator/src/matlab_msg_gen/glnxa64/install/include/pi3hat_moteus_int_msgs/msg/detail/joints_command__rosidl_typesupport_fastrtps_cpp.hpp
[0.984s] -- Up-to-date: /home/anymalopc/docker_pronto_estimator/src/matlab_msg_gen/glnxa64/install/include/pi3hat_moteus_int_msgs/msg/detail/omni_mulinex_command__rosidl_typesupport_fastrtps_cpp.hpp
[0.984s] -- Up-to-date: /home/anymalopc/docker_pronto_estimator/src/matlab_msg_gen/glnxa64/install/include/pi3hat_moteus_int_msgs/msg/detail/packet_pass__rosidl_typesupport_fastrtps_cpp.hpp
[0.984s] -- Up-to-date: /home/anymalopc/docker_pronto_estimator/src/matlab_msg_gen/glnxa64/install/include/pi3hat_moteus_int_msgs/msg/rosidl_typesupport_fastrtps_cpp__visibility_control.h
[0.986s] -- Up-to-date: /home/anymalopc/docker_pronto_estimator/src/matlab_msg_gen/glnxa64/install/lib/libpi3hat_moteus_int_msgs__rosidl_typesupport_fastrtps_cpp.so
[0.986s] -- Up-to-date: /home/anymalopc/docker_pronto_estimator/src/matlab_msg_gen/glnxa64/install/include/pi3hat_moteus_int_msgs
[0.987s] -- Up-to-date: /home/anymalopc/docker_pronto_estimator/src/matlab_msg_gen/glnxa64/install/include/pi3hat_moteus_int_msgs/msg
[0.987s] -- Up-to-date: /home/anymalopc/docker_pronto_estimator/src/matlab_msg_gen/glnxa64/install/include/pi3hat_moteus_int_msgs/msg/detail
[0.989s] -- Up-to-date: /home/anymalopc/docker_pronto_estimator/src/matlab_msg_gen/glnxa64/install/include/pi3hat_moteus_int_msgs/msg/detail/packet_pass__type_support.c
[0.989s] -- Up-to-date: /home/anymalopc/docker_pronto_estimator/src/matlab_msg_gen/glnxa64/install/include/pi3hat_moteus_int_msgs/msg/detail/joints_command__rosidl_typesupport_introspection_c.h
[0.989s] -- Up-to-date: /home/anymalopc/docker_pronto_estimator/src/matlab_msg_gen/glnxa64/install/include/pi3hat_moteus_int_msgs/msg/detail/joints_command__type_support.c
[0.989s] -- Up-to-date: /home/anymalopc/docker_pronto_estimator/src/matlab_msg_gen/glnxa64/install/include/pi3hat_moteus_int_msgs/msg/detail/omni_mulinex_command__rosidl_typesupport_introspection_c.h
[0.990s] -- Up-to-date: /home/anymalopc/docker_pronto_estimator/src/matlab_msg_gen/glnxa64/install/include/pi3hat_moteus_int_msgs/msg/detail/joints_states__type_support.c
[0.990s] -- Up-to-date: /home/anymalopc/docker_pronto_estimator/src/matlab_msg_gen/glnxa64/install/include/pi3hat_moteus_int_msgs/msg/detail/packet_pass__rosidl_typesupport_introspection_c.h
[0.991s] -- Up-to-date: /home/anymalopc/docker_pronto_estimator/src/matlab_msg_gen/glnxa64/install/include/pi3hat_moteus_int_msgs/msg/detail/joints_states__rosidl_typesupport_introspection_c.h
[0.991s] -- Up-to-date: /home/anymalopc/docker_pronto_estimator/src/matlab_msg_gen/glnxa64/install/include/pi3hat_moteus_int_msgs/msg/detail/omni_mulinex_command__type_support.c
[0.991s] -- Up-to-date: /home/anymalopc/docker_pronto_estimator/src/matlab_msg_gen/glnxa64/install/include/pi3hat_moteus_int_msgs/msg/rosidl_typesupport_introspection_c__visibility_control.h
[0.991s] -- Up-to-date: /home/anymalopc/docker_pronto_estimator/src/matlab_msg_gen/glnxa64/install/lib/libpi3hat_moteus_int_msgs__rosidl_typesupport_introspection_c.so
[0.991s] -- Up-to-date: /home/anymalopc/docker_pronto_estimator/src/matlab_msg_gen/glnxa64/install/lib/libpi3hat_moteus_int_msgs__rosidl_typesupport_c.so
[0.992s] -- Up-to-date: /home/anymalopc/docker_pronto_estimator/src/matlab_msg_gen/glnxa64/install/include/pi3hat_moteus_int_msgs
[0.992s] -- Up-to-date: /home/anymalopc/docker_pronto_estimator/src/matlab_msg_gen/glnxa64/install/include/pi3hat_moteus_int_msgs/msg
[0.992s] -- Up-to-date: /home/anymalopc/docker_pronto_estimator/src/matlab_msg_gen/glnxa64/install/include/pi3hat_moteus_int_msgs/msg/detail
[0.992s] -- Up-to-date: /home/anymalopc/docker_pronto_estimator/src/matlab_msg_gen/glnxa64/install/include/pi3hat_moteus_int_msgs/msg/detail/joints_states__builder.hpp
[0.992s] -- Up-to-date: /home/anymalopc/docker_pronto_estimator/src/matlab_msg_gen/glnxa64/install/include/pi3hat_moteus_int_msgs/msg/detail/joints_states__struct.hpp
[0.992s] -- Up-to-date: /home/anymalopc/docker_pronto_estimator/src/matlab_msg_gen/glnxa64/install/include/pi3hat_moteus_int_msgs/msg/detail/packet_pass__traits.hpp
[0.993s] -- Up-to-date: /home/anymalopc/docker_pronto_estimator/src/matlab_msg_gen/glnxa64/install/include/pi3hat_moteus_int_msgs/msg/detail/joints_command__builder.hpp
[0.993s] -- Up-to-date: /home/anymalopc/docker_pronto_estimator/src/matlab_msg_gen/glnxa64/install/include/pi3hat_moteus_int_msgs/msg/detail/omni_mulinex_command__traits.hpp
[0.993s] -- Up-to-date: /home/anymalopc/docker_pronto_estimator/src/matlab_msg_gen/glnxa64/install/include/pi3hat_moteus_int_msgs/msg/detail/packet_pass__builder.hpp
[0.993s] -- Up-to-date: /home/anymalopc/docker_pronto_estimator/src/matlab_msg_gen/glnxa64/install/include/pi3hat_moteus_int_msgs/msg/detail/joints_states__traits.hpp
[0.993s] -- Up-to-date: /home/anymalopc/docker_pronto_estimator/src/matlab_msg_gen/glnxa64/install/include/pi3hat_moteus_int_msgs/msg/detail/omni_mulinex_command__builder.hpp
[0.993s] -- Up-to-date: /home/anymalopc/docker_pronto_estimator/src/matlab_msg_gen/glnxa64/install/include/pi3hat_moteus_int_msgs/msg/detail/joints_command__struct.hpp
[0.993s] -- Up-to-date: /home/anymalopc/docker_pronto_estimator/src/matlab_msg_gen/glnxa64/install/include/pi3hat_moteus_int_msgs/msg/detail/packet_pass__struct.hpp
[0.993s] -- Up-to-date: /home/anymalopc/docker_pronto_estimator/src/matlab_msg_gen/glnxa64/install/include/pi3hat_moteus_int_msgs/msg/detail/omni_mulinex_command__struct.hpp
[0.994s] -- Up-to-date: /home/anymalopc/docker_pronto_estimator/src/matlab_msg_gen/glnxa64/install/include/pi3hat_moteus_int_msgs/msg/detail/joints_command__traits.hpp
[0.994s] -- Up-to-date: /home/anymalopc/docker_pronto_estimator/src/matlab_msg_gen/glnxa64/install/include/pi3hat_moteus_int_msgs/msg/joints_command.hpp
[0.994s] -- Up-to-date: /home/anymalopc/docker_pronto_estimator/src/matlab_msg_gen/glnxa64/install/include/pi3hat_moteus_int_msgs/msg/packet_pass.hpp
[0.994s] -- Up-to-date: /home/anymalopc/docker_pronto_estimator/src/matlab_msg_gen/glnxa64/install/include/pi3hat_moteus_int_msgs/msg/joints_states.hpp
[0.994s] -- Up-to-date: /home/anymalopc/docker_pronto_estimator/src/matlab_msg_gen/glnxa64/install/include/pi3hat_moteus_int_msgs/msg/omni_mulinex_command.hpp
[0.994s] -- Up-to-date: /home/anymalopc/docker_pronto_estimator/src/matlab_msg_gen/glnxa64/install/include/pi3hat_moteus_int_msgs
[0.994s] -- Up-to-date: /home/anymalopc/docker_pronto_estimator/src/matlab_msg_gen/glnxa64/install/include/pi3hat_moteus_int_msgs/msg
[0.994s] -- Up-to-date: /home/anymalopc/docker_pronto_estimator/src/matlab_msg_gen/glnxa64/install/include/pi3hat_moteus_int_msgs/msg/detail
[0.995s] -- Up-to-date: /home/anymalopc/docker_pronto_estimator/src/matlab_msg_gen/glnxa64/install/include/pi3hat_moteus_int_msgs/msg/detail/omni_mulinex_command__rosidl_typesupport_introspection_cpp.hpp
[0.999s] -- Up-to-date: /home/anymalopc/docker_pronto_estimator/src/matlab_msg_gen/glnxa64/install/include/pi3hat_moteus_int_msgs/msg/detail/joints_states__rosidl_typesupport_introspection_cpp.hpp
[1.000s] -- Up-to-date: /home/anymalopc/docker_pronto_estimator/src/matlab_msg_gen/glnxa64/install/include/pi3hat_moteus_int_msgs/msg/detail/joints_states__type_support.cpp
[1.000s] -- Up-to-date: /home/anymalopc/docker_pronto_estimator/src/matlab_msg_gen/glnxa64/install/include/pi3hat_moteus_int_msgs/msg/detail/packet_pass__rosidl_typesupport_introspection_cpp.hpp
[1.000s] -- Up-to-date: /home/anymalopc/docker_pronto_estimator/src/matlab_msg_gen/glnxa64/install/include/pi3hat_moteus_int_msgs/msg/detail/packet_pass__type_support.cpp
[1.001s] -- Up-to-date: /home/anymalopc/docker_pronto_estimator/src/matlab_msg_gen/glnxa64/install/include/pi3hat_moteus_int_msgs/msg/detail/joints_command__rosidl_typesupport_introspection_cpp.hpp
[1.001s] -- Up-to-date: /home/anymalopc/docker_pronto_estimator/src/matlab_msg_gen/glnxa64/install/include/pi3hat_moteus_int_msgs/msg/detail/joints_command__type_support.cpp
[1.002s] -- Up-to-date: /home/anymalopc/docker_pronto_estimator/src/matlab_msg_gen/glnxa64/install/include/pi3hat_moteus_int_msgs/msg/detail/omni_mulinex_command__type_support.cpp
[1.006s] -- Up-to-date: /home/anymalopc/docker_pronto_estimator/src/matlab_msg_gen/glnxa64/install/lib/libpi3hat_moteus_int_msgs__rosidl_typesupport_introspection_cpp.so
[1.007s] -- Up-to-date: /home/anymalopc/docker_pronto_estimator/src/matlab_msg_gen/glnxa64/install/lib/libpi3hat_moteus_int_msgs__rosidl_typesupport_cpp.so
[1.007s] -- Up-to-date: /home/anymalopc/docker_pronto_estimator/src/matlab_msg_gen/glnxa64/install/share/pi3hat_moteus_int_msgs/msg/JointsCommand.idl
[1.007s] -- Up-to-date: /home/anymalopc/docker_pronto_estimator/src/matlab_msg_gen/glnxa64/install/share/pi3hat_moteus_int_msgs/msg/JointsStates.idl
[1.007s] -- Up-to-date: /home/anymalopc/docker_pronto_estimator/src/matlab_msg_gen/glnxa64/install/share/pi3hat_moteus_int_msgs/msg/OmniMulinexCommand.idl
[1.007s] -- Up-to-date: /home/anymalopc/docker_pronto_estimator/src/matlab_msg_gen/glnxa64/install/share/pi3hat_moteus_int_msgs/msg/PacketPass.idl
[1.012s] -- Up-to-date: /home/anymalopc/docker_pronto_estimator/src/matlab_msg_gen/glnxa64/install/share/pi3hat_moteus_int_msgs/msg/JointsCommand.msg
[1.013s] -- Up-to-date: /home/anymalopc/docker_pronto_estimator/src/matlab_msg_gen/glnxa64/install/share/pi3hat_moteus_int_msgs/msg/JointsStates.msg
[1.013s] -- Up-to-date: /home/anymalopc/docker_pronto_estimator/src/matlab_msg_gen/glnxa64/install/share/pi3hat_moteus_int_msgs/msg/OmniMulinexCommand.msg
[1.014s] -- Up-to-date: /home/anymalopc/docker_pronto_estimator/src/matlab_msg_gen/glnxa64/install/share/pi3hat_moteus_int_msgs/msg/PacketPass.msg
[1.014s] -- Up-to-date: /home/anymalopc/docker_pronto_estimator/src/matlab_msg_gen/glnxa64/install/include
[1.014s] -- Up-to-date: /home/anymalopc/docker_pronto_estimator/src/matlab_msg_gen/glnxa64/install/include/pi3hat_moteus_int_msgs
[1.015s] -- Up-to-date: /home/anymalopc/docker_pronto_estimator/src/matlab_msg_gen/glnxa64/install/include/pi3hat_moteus_int_msgs/visibility_control.h
[1.015s] -- Up-to-date: /home/anymalopc/docker_pronto_estimator/src/matlab_msg_gen/glnxa64/install/lib/libpi3hat_moteus_int_msgs_matlab.so
[1.015s] -- Up-to-date: /home/anymalopc/docker_pronto_estimator/src/matlab_msg_gen/glnxa64/install/m/
[1.016s] -- Up-to-date: /home/anymalopc/docker_pronto_estimator/src/matlab_msg_gen/glnxa64/install/m//+ros
[1.016s] -- Up-to-date: /home/anymalopc/docker_pronto_estimator/src/matlab_msg_gen/glnxa64/install/m//+ros/+internal
[1.016s] -- Up-to-date: /home/anymalopc/docker_pronto_estimator/src/matlab_msg_gen/glnxa64/install/m//+ros/+internal/+ros2
[1.017s] -- Up-to-date: /home/anymalopc/docker_pronto_estimator/src/matlab_msg_gen/glnxa64/install/m//+ros/+internal/+ros2/+custommessages
[1.018s] -- Up-to-date: /home/anymalopc/docker_pronto_estimator/src/matlab_msg_gen/glnxa64/install/m//+ros/+internal/+ros2/+custommessages/+pi3hat_moteus_int_msgs
[1.018s] -- Up-to-date: /home/anymalopc/docker_pronto_estimator/src/matlab_msg_gen/glnxa64/install/m//+ros/+internal/+ros2/+custommessages/+pi3hat_moteus_int_msgs/packetPass.m
[1.018s] -- Up-to-date: /home/anymalopc/docker_pronto_estimator/src/matlab_msg_gen/glnxa64/install/m//+ros/+internal/+ros2/+custommessages/+pi3hat_moteus_int_msgs/omniMulinexCommand.m
[1.018s] -- Up-to-date: /home/anymalopc/docker_pronto_estimator/src/matlab_msg_gen/glnxa64/install/m//+ros/+internal/+ros2/+custommessages/+pi3hat_moteus_int_msgs/pi3hat_moteus_int_msgs_msg_OmniMulinexCommand_2To1_Converter.m
[1.018s] -- Up-to-date: /home/anymalopc/docker_pronto_estimator/src/matlab_msg_gen/glnxa64/install/m//+ros/+internal/+ros2/+custommessages/+pi3hat_moteus_int_msgs/pi3hat_moteus_int_msgs_msg_JointsCommand_2To1_Converter.m
[1.018s] -- Up-to-date: /home/anymalopc/docker_pronto_estimator/src/matlab_msg_gen/glnxa64/install/m//+ros/+internal/+ros2/+custommessages/+pi3hat_moteus_int_msgs/pi3hat_moteus_int_msgs_msg_JointsStates_2To1_Converter.m
[1.018s] -- Up-to-date: /home/anymalopc/docker_pronto_estimator/src/matlab_msg_gen/glnxa64/install/m//+ros/+internal/+ros2/+custommessages/+pi3hat_moteus_int_msgs/jointsStates.m
[1.018s] -- Up-to-date: /home/anymalopc/docker_pronto_estimator/src/matlab_msg_gen/glnxa64/install/m//+ros/+internal/+ros2/+custommessages/+pi3hat_moteus_int_msgs/pi3hat_moteus_int_msgs_msg_JointsCommand_1To2_Converter.m
[1.018s] -- Up-to-date: /home/anymalopc/docker_pronto_estimator/src/matlab_msg_gen/glnxa64/install/m//+ros/+internal/+ros2/+custommessages/+pi3hat_moteus_int_msgs/pi3hat_moteus_int_msgs_msg_PacketPass_2To1_Converter.m
[1.019s] -- Up-to-date: /home/anymalopc/docker_pronto_estimator/src/matlab_msg_gen/glnxa64/install/m//+ros/+internal/+ros2/+custommessages/+pi3hat_moteus_int_msgs/pi3hat_moteus_int_msgs_msg_OmniMulinexCommand_1To2_Converter.m
[1.019s] -- Up-to-date: /home/anymalopc/docker_pronto_estimator/src/matlab_msg_gen/glnxa64/install/m//+ros/+internal/+ros2/+custommessages/+pi3hat_moteus_int_msgs/pi3hat_moteus_int_msgs_msg_PacketPass_1To2_Converter.m
[1.019s] -- Up-to-date: /home/anymalopc/docker_pronto_estimator/src/matlab_msg_gen/glnxa64/install/m//+ros/+internal/+ros2/+custommessages/+pi3hat_moteus_int_msgs/jointsCommand.m
[1.019s] -- Up-to-date: /home/anymalopc/docker_pronto_estimator/src/matlab_msg_gen/glnxa64/install/m//+ros/+internal/+ros2/+custommessages/+pi3hat_moteus_int_msgs/pi3hat_moteus_int_msgs_msg_JointsStates_1To2_Converter.m
[1.019s] -- Up-to-date: /home/anymalopc/docker_pronto_estimator/src/matlab_msg_gen/glnxa64/install/share/ament_index/resource_index/package_run_dependencies/pi3hat_moteus_int_msgs
[1.019s] -- Up-to-date: /home/anymalopc/docker_pronto_estimator/src/matlab_msg_gen/glnxa64/install/share/ament_index/resource_index/parent_prefix_path/pi3hat_moteus_int_msgs
[1.019s] -- Up-to-date: /home/anymalopc/docker_pronto_estimator/src/matlab_msg_gen/glnxa64/install/share/pi3hat_moteus_int_msgs/environment/ament_prefix_path.sh
[1.019s] -- Installing: /home/anymalopc/docker_pronto_estimator/src/matlab_msg_gen/glnxa64/install/share/pi3hat_moteus_int_msgs/environment/ament_prefix_path.dsv
[1.019s] -- Up-to-date: /home/anymalopc/docker_pronto_estimator/src/matlab_msg_gen/glnxa64/install/share/pi3hat_moteus_int_msgs/environment/path.sh
[1.019s] -- Installing: /home/anymalopc/docker_pronto_estimator/src/matlab_msg_gen/glnxa64/install/share/pi3hat_moteus_int_msgs/environment/path.dsv
[1.019s] -- Up-to-date: /home/anymalopc/docker_pronto_estimator/src/matlab_msg_gen/glnxa64/install/share/pi3hat_moteus_int_msgs/local_setup.bash
[1.020s] -- Up-to-date: /home/anymalopc/docker_pronto_estimator/src/matlab_msg_gen/glnxa64/install/share/pi3hat_moteus_int_msgs/local_setup.sh
[1.020s] -- Up-to-date: /home/anymalopc/docker_pronto_estimator/src/matlab_msg_gen/glnxa64/install/share/pi3hat_moteus_int_msgs/local_setup.zsh
[1.020s] -- Installing: /home/anymalopc/docker_pronto_estimator/src/matlab_msg_gen/glnxa64/install/share/pi3hat_moteus_int_msgs/local_setup.dsv
[1.020s] -- Installing: /home/anymalopc/docker_pronto_estimator/src/matlab_msg_gen/glnxa64/install/share/pi3hat_moteus_int_msgs/package.dsv
[1.020s] -- Up-to-date: /home/anymalopc/docker_pronto_estimator/src/matlab_msg_gen/glnxa64/install/share/ament_index/resource_index/packages/pi3hat_moteus_int_msgs
[1.020s] -- Up-to-date: /home/anymalopc/docker_pronto_estimator/src/matlab_msg_gen/glnxa64/install/share/pi3hat_moteus_int_msgs/cmake/pi3hat_moteus_int_msgs__rosidl_generator_cExport.cmake
[1.020s] -- Installing: /home/anymalopc/docker_pronto_estimator/src/matlab_msg_gen/glnxa64/install/share/pi3hat_moteus_int_msgs/cmake/pi3hat_moteus_int_msgs__rosidl_generator_cExport-release.cmake
[1.020s] -- Up-to-date: /home/anymalopc/docker_pronto_estimator/src/matlab_msg_gen/glnxa64/install/share/pi3hat_moteus_int_msgs/cmake/pi3hat_moteus_int_msgs__rosidl_typesupport_introspection_cExport.cmake
[1.020s] -- Installing: /home/anymalopc/docker_pronto_estimator/src/matlab_msg_gen/glnxa64/install/share/pi3hat_moteus_int_msgs/cmake/pi3hat_moteus_int_msgs__rosidl_typesupport_introspection_cExport-release.cmake
[1.020s] -- Up-to-date: /home/anymalopc/docker_pronto_estimator/src/matlab_msg_gen/glnxa64/install/share/pi3hat_moteus_int_msgs/cmake/pi3hat_moteus_int_msgs__rosidl_typesupport_cExport.cmake
[1.020s] -- Installing: /home/anymalopc/docker_pronto_estimator/src/matlab_msg_gen/glnxa64/install/share/pi3hat_moteus_int_msgs/cmake/pi3hat_moteus_int_msgs__rosidl_typesupport_cExport-release.cmake
[1.020s] -- Up-to-date: /home/anymalopc/docker_pronto_estimator/src/matlab_msg_gen/glnxa64/install/share/pi3hat_moteus_int_msgs/cmake/pi3hat_moteus_int_msgs__rosidl_generator_cppExport.cmake
[1.021s] -- Up-to-date: /home/anymalopc/docker_pronto_estimator/src/matlab_msg_gen/glnxa64/install/share/pi3hat_moteus_int_msgs/cmake/pi3hat_moteus_int_msgs__rosidl_typesupport_introspection_cppExport.cmake
[1.021s] -- Installing: /home/anymalopc/docker_pronto_estimator/src/matlab_msg_gen/glnxa64/install/share/pi3hat_moteus_int_msgs/cmake/pi3hat_moteus_int_msgs__rosidl_typesupport_introspection_cppExport-release.cmake
[1.021s] -- Up-to-date: /home/anymalopc/docker_pronto_estimator/src/matlab_msg_gen/glnxa64/install/share/pi3hat_moteus_int_msgs/cmake/pi3hat_moteus_int_msgs__rosidl_typesupport_cppExport.cmake
[1.021s] -- Installing: /home/anymalopc/docker_pronto_estimator/src/matlab_msg_gen/glnxa64/install/share/pi3hat_moteus_int_msgs/cmake/pi3hat_moteus_int_msgs__rosidl_typesupport_cppExport-release.cmake
[1.021s] -- Up-to-date: /home/anymalopc/docker_pronto_estimator/src/matlab_msg_gen/glnxa64/install/share/pi3hat_moteus_int_msgs/cmake/rosidl_cmake-extras.cmake
[1.021s] -- Up-to-date: /home/anymalopc/docker_pronto_estimator/src/matlab_msg_gen/glnxa64/install/share/pi3hat_moteus_int_msgs/cmake/ament_cmake_export_dependencies-extras.cmake
[1.021s] -- Up-to-date: /home/anymalopc/docker_pronto_estimator/src/matlab_msg_gen/glnxa64/install/share/pi3hat_moteus_int_msgs/cmake/ament_cmake_export_libraries-extras.cmake
[1.021s] -- Up-to-date: /home/anymalopc/docker_pronto_estimator/src/matlab_msg_gen/glnxa64/install/share/pi3hat_moteus_int_msgs/cmake/ament_cmake_export_targets-extras.cmake
[1.021s] -- Up-to-date: /home/anymalopc/docker_pronto_estimator/src/matlab_msg_gen/glnxa64/install/share/pi3hat_moteus_int_msgs/cmake/ament_cmake_export_include_directories-extras.cmake
[1.021s] -- Up-to-date: /home/anymalopc/docker_pronto_estimator/src/matlab_msg_gen/glnxa64/install/share/pi3hat_moteus_int_msgs/cmake/rosidl_cmake_export_typesupport_libraries-extras.cmake
[1.022s] -- Up-to-date: /home/anymalopc/docker_pronto_estimator/src/matlab_msg_gen/glnxa64/install/share/pi3hat_moteus_int_msgs/cmake/rosidl_cmake_export_typesupport_targets-extras.cmake
[1.022s] -- Up-to-date: /home/anymalopc/docker_pronto_estimator/src/matlab_msg_gen/glnxa64/install/share/pi3hat_moteus_int_msgs/cmake/pi3hat_moteus_int_msgsConfig.cmake
[1.022s] -- Up-to-date: /home/anymalopc/docker_pronto_estimator/src/matlab_msg_gen/glnxa64/install/share/pi3hat_moteus_int_msgs/cmake/pi3hat_moteus_int_msgsConfig-version.cmake
[1.022s] -- Installing: /home/anymalopc/docker_pronto_estimator/src/matlab_msg_gen/glnxa64/install/share/pi3hat_moteus_int_msgs/package.xml
[1.022s] Invoked command in '/home/anymalopc/docker_pronto_estimator/src/matlab_msg_gen/glnxa64/build/pi3hat_moteus_int_msgs' returned '0': PS1=(venv) /home/anymalopc/MATLAB/bin/glnxa64/cmake/bin/cmake --install /home/anymalopc/docker_pronto_estimator/src/matlab_msg_gen/glnxa64/build/pi3hat_moteus_int_msgs
