-- The C compiler identification is GNU 11.4.0
-- The CXX compiler identification is GNU 11.4.0
-- Detecting C compiler ABI info
-- Detecting C compiler ABI info - done
-- Check for working C compiler: /usr/bin/cc - skipped
-- Detecting C compile features
-- Detecting C compile features - done
-- Detecting CXX compiler ABI info
-- Detecting CXX compiler ABI info - done
-- Check for working CXX compiler: /usr/bin/c++ - skipped
-- Detecting CXX compile features
-- Detecting CXX compile features - done
-- Found ament_cmake: 1.3.6 (/opt/ros/humble/share/ament_cmake/cmake)
-- Found Python3: /usr/bin/python3.10 (found version "3.10.12") found components: Interpreter 
-- Override CMake install command with custom implementation using symlinks instead of copying resources
-- Found rosidl_default_generators: 1.2.0 (/opt/ros/humble/share/rosidl_default_generators/cmake)
-- Using all available rosidl_typesupport_c: rosidl_typesupport_fastrtps_c;rosidl_typesupport_introspection_c
-- Found rosidl_adapter: 3.1.5 (/opt/ros/humble/share/rosidl_adapter/cmake)
-- Using all available rosidl_typesupport_cpp: rosidl_typesupport_fastrtps_cpp;rosidl_typesupport_introspection_cpp
-- Found geometry_msgs: 4.2.3 (/opt/ros/humble/share/geometry_msgs/cmake)
-- Found nav_msgs: 4.2.3 (/opt/ros/humble/share/nav_msgs/cmake)
-- Found ament_cmake_ros: 0.10.0 (/opt/ros/humble/share/ament_cmake_ros/cmake)
-- Using all available rosidl_typesupport_c: rosidl_typesupport_fastrtps_c;rosidl_typesupport_introspection_c
-- Using all available rosidl_typesupport_cpp: rosidl_typesupport_fastrtps_cpp;rosidl_typesupport_introspection_cpp
-- Found PythonInterp: /usr/bin/python3 (found suitable version "3.10.12", minimum required is "3.6") 
-- Found python_cmake_module: 0.10.0 (/opt/ros/humble/share/python_cmake_module/cmake)
-- Found PythonLibs: /usr/lib/x86_64-linux-gnu/libpython3.10.so (found suitable version "3.10.12", minimum required is "3.5") 
-- Using PYTHON_EXECUTABLE: /usr/bin/python3
-- Using PYTHON_INCLUDE_DIRS: /usr/include/python3.10
-- Using PYTHON_LIBRARIES: /usr/lib/x86_64-linux-gnu/libpython3.10.so
-- Found PythonExtra: .so  
-- Found ament_lint_auto: 0.12.9 (/opt/ros/humble/share/ament_lint_auto/cmake)
-- Added test 'copyright' to check source files copyright and LICENSE
-- Added test 'lint_cmake' to check CMake code style
-- Added test 'xmllint' to check XML markup files
-- Configuring done
-- Generating done
-- Build files have been written to: /home/ros/docker_pronto_ws/build/rviz_legged_msgs
[  1%] [34m[1mGenerating C code for ROS interfaces[0m
[  3%] [34m[1mGenerating C++ code for ROS interfaces[0m
[  3%] Built target ament_cmake_python_symlink_rviz_legged_msgs
running egg_info
creating rviz_legged_msgs.egg-info
writing rviz_legged_msgs.egg-info/PKG-INFO
writing dependency_links to rviz_legged_msgs.egg-info/dependency_links.txt
writing top-level names to rviz_legged_msgs.egg-info/top_level.txt
writing manifest file 'rviz_legged_msgs.egg-info/SOURCES.txt'
reading manifest file 'rviz_legged_msgs.egg-info/SOURCES.txt'
writing manifest file 'rviz_legged_msgs.egg-info/SOURCES.txt'
[  3%] Built target ament_cmake_python_build_rviz_legged_msgs_egg
[  5%] [32mBuilding C object CMakeFiles/rviz_legged_msgs__rosidl_generator_c.dir/rosidl_generator_c/rviz_legged_msgs/msg/detail/wrenches_stamped__functions.c.o[0m
[  5%] Built target rviz_legged_msgs__cpp
[  7%] [32mBuilding C object CMakeFiles/rviz_legged_msgs__rosidl_generator_c.dir/rosidl_generator_c/rviz_legged_msgs/msg/detail/friction_cone__functions.c.o[0m
[  9%] [32mBuilding C object CMakeFiles/rviz_legged_msgs__rosidl_generator_c.dir/rosidl_generator_c/rviz_legged_msgs/msg/detail/paths__functions.c.o[0m
[ 10%] [32mBuilding C object CMakeFiles/rviz_legged_msgs__rosidl_generator_c.dir/rosidl_generator_c/rviz_legged_msgs/msg/detail/friction_cones__functions.c.o[0m
[ 12%] [34m[1mGenerating C++ type support dispatch for ROS interfaces[0m
[ 14%] [34m[1mGenerating C++ type support for eProsima Fast-RTPS[0m
[ 16%] [34m[1mGenerating C++ introspection for ROS interfaces[0m
[ 18%] [32m[1mLinking C shared library librviz_legged_msgs__rosidl_generator_c.so[0m
[ 18%] Built target rviz_legged_msgs__rosidl_generator_c
[ 20%] [34m[1mGenerating C type support for eProsima Fast-RTPS[0m
[ 21%] [34m[1mGenerating C introspection for ROS interfaces[0m
[ 23%] [34m[1mGenerating C type support dispatch for ROS interfaces[0m
[ 25%] [32mBuilding CXX object CMakeFiles/rviz_legged_msgs__rosidl_typesupport_fastrtps_cpp.dir/rosidl_typesupport_fastrtps_cpp/rviz_legged_msgs/msg/detail/dds_fastrtps/wrenches_stamped__type_support.cpp.o[0m
[ 27%] [32mBuilding CXX object CMakeFiles/rviz_legged_msgs__rosidl_typesupport_fastrtps_cpp.dir/rosidl_typesupport_fastrtps_cpp/rviz_legged_msgs/msg/detail/dds_fastrtps/friction_cones__type_support.cpp.o[0m
[ 29%] [32mBuilding CXX object CMakeFiles/rviz_legged_msgs__rosidl_typesupport_fastrtps_cpp.dir/rosidl_typesupport_fastrtps_cpp/rviz_legged_msgs/msg/detail/dds_fastrtps/friction_cone__type_support.cpp.o[0m
[ 30%] [32mBuilding CXX object CMakeFiles/rviz_legged_msgs__rosidl_typesupport_fastrtps_cpp.dir/rosidl_typesupport_fastrtps_cpp/rviz_legged_msgs/msg/detail/dds_fastrtps/paths__type_support.cpp.o[0m
[ 32%] [32mBuilding CXX object CMakeFiles/rviz_legged_msgs__rosidl_typesupport_c.dir/rosidl_typesupport_c/rviz_legged_msgs/msg/friction_cone__type_support.cpp.o[0m
[ 34%] [32mBuilding CXX object CMakeFiles/rviz_legged_msgs__rosidl_typesupport_c.dir/rosidl_typesupport_c/rviz_legged_msgs/msg/wrenches_stamped__type_support.cpp.o[0m
[ 36%] [32mBuilding CXX object CMakeFiles/rviz_legged_msgs__rosidl_typesupport_c.dir/rosidl_typesupport_c/rviz_legged_msgs/msg/friction_cones__type_support.cpp.o[0m
[ 38%] [32mBuilding CXX object CMakeFiles/rviz_legged_msgs__rosidl_typesupport_c.dir/rosidl_typesupport_c/rviz_legged_msgs/msg/paths__type_support.cpp.o[0m
[ 40%] [32mBuilding CXX object CMakeFiles/rviz_legged_msgs__rosidl_typesupport_cpp.dir/rosidl_typesupport_cpp/rviz_legged_msgs/msg/wrenches_stamped__type_support.cpp.o[0m
[ 41%] [32mBuilding CXX object CMakeFiles/rviz_legged_msgs__rosidl_typesupport_cpp.dir/rosidl_typesupport_cpp/rviz_legged_msgs/msg/friction_cones__type_support.cpp.o[0m
[ 43%] [32mBuilding CXX object CMakeFiles/rviz_legged_msgs__rosidl_typesupport_cpp.dir/rosidl_typesupport_cpp/rviz_legged_msgs/msg/friction_cone__type_support.cpp.o[0m
[ 45%] [32mBuilding CXX object CMakeFiles/rviz_legged_msgs__rosidl_typesupport_cpp.dir/rosidl_typesupport_cpp/rviz_legged_msgs/msg/paths__type_support.cpp.o[0m
[ 47%] [32m[1mLinking CXX shared library librviz_legged_msgs__rosidl_typesupport_c.so[0m
[ 47%] Built target rviz_legged_msgs__rosidl_typesupport_c
[ 49%] [32mBuilding CXX object CMakeFiles/rviz_legged_msgs__rosidl_typesupport_introspection_cpp.dir/rosidl_typesupport_introspection_cpp/rviz_legged_msgs/msg/detail/friction_cone__type_support.cpp.o[0m
[ 50%] [32mBuilding CXX object CMakeFiles/rviz_legged_msgs__rosidl_typesupport_introspection_cpp.dir/rosidl_typesupport_introspection_cpp/rviz_legged_msgs/msg/detail/wrenches_stamped__type_support.cpp.o[0m
[ 52%] [32mBuilding CXX object CMakeFiles/rviz_legged_msgs__rosidl_typesupport_introspection_cpp.dir/rosidl_typesupport_introspection_cpp/rviz_legged_msgs/msg/detail/friction_cones__type_support.cpp.o[0m
[ 54%] [32mBuilding CXX object CMakeFiles/rviz_legged_msgs__rosidl_typesupport_introspection_cpp.dir/rosidl_typesupport_introspection_cpp/rviz_legged_msgs/msg/detail/paths__type_support.cpp.o[0m
[ 56%] [32mBuilding C object CMakeFiles/rviz_legged_msgs__rosidl_typesupport_introspection_c.dir/rosidl_typesupport_introspection_c/rviz_legged_msgs/msg/detail/wrenches_stamped__type_support.c.o[0m
[ 58%] [32mBuilding C object CMakeFiles/rviz_legged_msgs__rosidl_typesupport_introspection_c.dir/rosidl_typesupport_introspection_c/rviz_legged_msgs/msg/detail/friction_cones__type_support.c.o[0m
[ 60%] [32mBuilding CXX object CMakeFiles/rviz_legged_msgs__rosidl_typesupport_fastrtps_c.dir/rosidl_typesupport_fastrtps_c/rviz_legged_msgs/msg/detail/wrenches_stamped__type_support_c.cpp.o[0m
[ 61%] [32mBuilding C object CMakeFiles/rviz_legged_msgs__rosidl_typesupport_introspection_c.dir/rosidl_typesupport_introspection_c/rviz_legged_msgs/msg/detail/friction_cone__type_support.c.o[0m
[ 63%] [32mBuilding C object CMakeFiles/rviz_legged_msgs__rosidl_typesupport_introspection_c.dir/rosidl_typesupport_introspection_c/rviz_legged_msgs/msg/detail/paths__type_support.c.o[0m
[ 65%] [32mBuilding CXX object CMakeFiles/rviz_legged_msgs__rosidl_typesupport_fastrtps_c.dir/rosidl_typesupport_fastrtps_c/rviz_legged_msgs/msg/detail/friction_cones__type_support_c.cpp.o[0m
[ 67%] [32mBuilding CXX object CMakeFiles/rviz_legged_msgs__rosidl_typesupport_fastrtps_c.dir/rosidl_typesupport_fastrtps_c/rviz_legged_msgs/msg/detail/friction_cone__type_support_c.cpp.o[0m
[ 69%] [32m[1mLinking C shared library librviz_legged_msgs__rosidl_typesupport_introspection_c.so[0m
[ 70%] [32mBuilding CXX object CMakeFiles/rviz_legged_msgs__rosidl_typesupport_fastrtps_c.dir/rosidl_typesupport_fastrtps_c/rviz_legged_msgs/msg/detail/paths__type_support_c.cpp.o[0m
[ 70%] Built target rviz_legged_msgs__rosidl_typesupport_introspection_c
[ 72%] [32m[1mLinking CXX shared library librviz_legged_msgs__rosidl_typesupport_cpp.so[0m
[ 72%] Built target rviz_legged_msgs__rosidl_typesupport_cpp
[ 74%] [32m[1mLinking CXX shared library librviz_legged_msgs__rosidl_typesupport_fastrtps_cpp.so[0m
[ 74%] Built target rviz_legged_msgs__rosidl_typesupport_fastrtps_cpp
[ 76%] [32m[1mLinking CXX shared library librviz_legged_msgs__rosidl_typesupport_introspection_cpp.so[0m
[ 78%] [32m[1mLinking CXX shared library librviz_legged_msgs__rosidl_typesupport_fastrtps_c.so[0m
[ 78%] Built target rviz_legged_msgs__rosidl_typesupport_fastrtps_c
[ 78%] Built target rviz_legged_msgs__rosidl_typesupport_introspection_cpp
[ 78%] Built target rviz_legged_msgs
[ 80%] [34m[1mGenerating Python code for ROS interfaces[0m
[ 80%] Built target rviz_legged_msgs__py
[ 81%] [32mBuilding C object CMakeFiles/rviz_legged_msgs__rosidl_generator_py.dir/rosidl_generator_py/rviz_legged_msgs/msg/_wrenches_stamped_s.c.o[0m
[ 83%] [32mBuilding C object CMakeFiles/rviz_legged_msgs__rosidl_generator_py.dir/rosidl_generator_py/rviz_legged_msgs/msg/_friction_cone_s.c.o[0m
[ 85%] [32mBuilding C object CMakeFiles/rviz_legged_msgs__rosidl_generator_py.dir/rosidl_generator_py/rviz_legged_msgs/msg/_friction_cones_s.c.o[0m
[ 87%] [32mBuilding C object CMakeFiles/rviz_legged_msgs__rosidl_generator_py.dir/rosidl_generator_py/rviz_legged_msgs/msg/_paths_s.c.o[0m
[ 89%] [32m[1mLinking C shared library rosidl_generator_py/rviz_legged_msgs/librviz_legged_msgs__rosidl_generator_py.so[0m
[ 89%] Built target rviz_legged_msgs__rosidl_generator_py
[ 90%] [32mBuilding C object CMakeFiles/rviz_legged_msgs__rosidl_typesupport_fastrtps_c__pyext.dir/rosidl_generator_py/rviz_legged_msgs/_rviz_legged_msgs_s.ep.rosidl_typesupport_fastrtps_c.c.o[0m
[ 92%] [32mBuilding C object CMakeFiles/rviz_legged_msgs__rosidl_typesupport_introspection_c__pyext.dir/rosidl_generator_py/rviz_legged_msgs/_rviz_legged_msgs_s.ep.rosidl_typesupport_introspection_c.c.o[0m
[ 94%] [32mBuilding C object CMakeFiles/rviz_legged_msgs__rosidl_typesupport_c__pyext.dir/rosidl_generator_py/rviz_legged_msgs/_rviz_legged_msgs_s.ep.rosidl_typesupport_c.c.o[0m
[ 96%] [32m[1mLinking C shared library rosidl_generator_py/rviz_legged_msgs/rviz_legged_msgs_s__rosidl_typesupport_introspection_c.cpython-310-x86_64-linux-gnu.so[0m
[ 98%] [32m[1mLinking C shared library rosidl_generator_py/rviz_legged_msgs/rviz_legged_msgs_s__rosidl_typesupport_fastrtps_c.cpython-310-x86_64-linux-gnu.so[0m
[ 98%] Built target rviz_legged_msgs__rosidl_typesupport_introspection_c__pyext
[100%] [32m[1mLinking C shared library rosidl_generator_py/rviz_legged_msgs/rviz_legged_msgs_s__rosidl_typesupport_c.cpython-310-x86_64-linux-gnu.so[0m
[100%] Built target rviz_legged_msgs__rosidl_typesupport_fastrtps_c__pyext
[100%] Built target rviz_legged_msgs__rosidl_typesupport_c__pyext
-- Install configuration: "Release"
-- Execute custom install script
-- Symlinking: /home/ros/docker_pronto_ws/install/rviz_legged_msgs/share/ament_index/resource_index/rosidl_interfaces/rviz_legged_msgs
-- Symlinking: /home/ros/docker_pronto_ws/install/rviz_legged_msgs/include/rviz_legged_msgs/rviz_legged_msgs/msg/detail/friction_cone__functions.h
-- Symlinking: /home/ros/docker_pronto_ws/install/rviz_legged_msgs/include/rviz_legged_msgs/rviz_legged_msgs/msg/detail/friction_cone__struct.h
-- Symlinking: /home/ros/docker_pronto_ws/install/rviz_legged_msgs/include/rviz_legged_msgs/rviz_legged_msgs/msg/detail/friction_cone__type_support.h
-- Symlinking: /home/ros/docker_pronto_ws/install/rviz_legged_msgs/include/rviz_legged_msgs/rviz_legged_msgs/msg/detail/friction_cones__functions.h
-- Symlinking: /home/ros/docker_pronto_ws/install/rviz_legged_msgs/include/rviz_legged_msgs/rviz_legged_msgs/msg/detail/friction_cones__struct.h
-- Symlinking: /home/ros/docker_pronto_ws/install/rviz_legged_msgs/include/rviz_legged_msgs/rviz_legged_msgs/msg/detail/friction_cones__type_support.h
-- Symlinking: /home/ros/docker_pronto_ws/install/rviz_legged_msgs/include/rviz_legged_msgs/rviz_legged_msgs/msg/detail/paths__functions.h
-- Symlinking: /home/ros/docker_pronto_ws/install/rviz_legged_msgs/include/rviz_legged_msgs/rviz_legged_msgs/msg/detail/paths__struct.h
-- Symlinking: /home/ros/docker_pronto_ws/install/rviz_legged_msgs/include/rviz_legged_msgs/rviz_legged_msgs/msg/detail/paths__type_support.h
-- Symlinking: /home/ros/docker_pronto_ws/install/rviz_legged_msgs/include/rviz_legged_msgs/rviz_legged_msgs/msg/detail/wrenches_stamped__functions.h
-- Symlinking: /home/ros/docker_pronto_ws/install/rviz_legged_msgs/include/rviz_legged_msgs/rviz_legged_msgs/msg/detail/wrenches_stamped__struct.h
-- Symlinking: /home/ros/docker_pronto_ws/install/rviz_legged_msgs/include/rviz_legged_msgs/rviz_legged_msgs/msg/detail/wrenches_stamped__type_support.h
-- Symlinking: /home/ros/docker_pronto_ws/install/rviz_legged_msgs/include/rviz_legged_msgs/rviz_legged_msgs/msg/friction_cone.h
-- Symlinking: /home/ros/docker_pronto_ws/install/rviz_legged_msgs/include/rviz_legged_msgs/rviz_legged_msgs/msg/friction_cones.h
-- Symlinking: /home/ros/docker_pronto_ws/install/rviz_legged_msgs/include/rviz_legged_msgs/rviz_legged_msgs/msg/paths.h
-- Symlinking: /home/ros/docker_pronto_ws/install/rviz_legged_msgs/include/rviz_legged_msgs/rviz_legged_msgs/msg/rosidl_generator_c__visibility_control.h
-- Symlinking: /home/ros/docker_pronto_ws/install/rviz_legged_msgs/include/rviz_legged_msgs/rviz_legged_msgs/msg/wrenches_stamped.h
-- Symlinking: /home/ros/docker_pronto_ws/install/rviz_legged_msgs/share/rviz_legged_msgs/environment/library_path.sh
-- Symlinking: /home/ros/docker_pronto_ws/install/rviz_legged_msgs/share/rviz_legged_msgs/environment/library_path.dsv
-- Symlinking: /home/ros/docker_pronto_ws/install/rviz_legged_msgs/include/rviz_legged_msgs/rviz_legged_msgs/msg/detail/friction_cone__rosidl_typesupport_fastrtps_c.h
-- Symlinking: /home/ros/docker_pronto_ws/install/rviz_legged_msgs/include/rviz_legged_msgs/rviz_legged_msgs/msg/detail/friction_cones__rosidl_typesupport_fastrtps_c.h
-- Symlinking: /home/ros/docker_pronto_ws/install/rviz_legged_msgs/include/rviz_legged_msgs/rviz_legged_msgs/msg/detail/paths__rosidl_typesupport_fastrtps_c.h
-- Symlinking: /home/ros/docker_pronto_ws/install/rviz_legged_msgs/include/rviz_legged_msgs/rviz_legged_msgs/msg/detail/wrenches_stamped__rosidl_typesupport_fastrtps_c.h
-- Symlinking: /home/ros/docker_pronto_ws/install/rviz_legged_msgs/include/rviz_legged_msgs/rviz_legged_msgs/msg/rosidl_typesupport_fastrtps_c__visibility_control.h
-- Symlinking: /home/ros/docker_pronto_ws/install/rviz_legged_msgs/include/rviz_legged_msgs/rviz_legged_msgs/msg/detail/friction_cone__rosidl_typesupport_introspection_c.h
-- Symlinking: /home/ros/docker_pronto_ws/install/rviz_legged_msgs/include/rviz_legged_msgs/rviz_legged_msgs/msg/detail/friction_cones__rosidl_typesupport_introspection_c.h
-- Symlinking: /home/ros/docker_pronto_ws/install/rviz_legged_msgs/include/rviz_legged_msgs/rviz_legged_msgs/msg/detail/paths__rosidl_typesupport_introspection_c.h
-- Symlinking: /home/ros/docker_pronto_ws/install/rviz_legged_msgs/include/rviz_legged_msgs/rviz_legged_msgs/msg/detail/wrenches_stamped__rosidl_typesupport_introspection_c.h
-- Symlinking: /home/ros/docker_pronto_ws/install/rviz_legged_msgs/include/rviz_legged_msgs/rviz_legged_msgs/msg/rosidl_typesupport_introspection_c__visibility_control.h
-- Symlinking: /home/ros/docker_pronto_ws/install/rviz_legged_msgs/include/rviz_legged_msgs/rviz_legged_msgs/msg/detail/friction_cone__builder.hpp
-- Symlinking: /home/ros/docker_pronto_ws/install/rviz_legged_msgs/include/rviz_legged_msgs/rviz_legged_msgs/msg/detail/friction_cone__struct.hpp
-- Symlinking: /home/ros/docker_pronto_ws/install/rviz_legged_msgs/include/rviz_legged_msgs/rviz_legged_msgs/msg/detail/friction_cone__traits.hpp
-- Symlinking: /home/ros/docker_pronto_ws/install/rviz_legged_msgs/include/rviz_legged_msgs/rviz_legged_msgs/msg/detail/friction_cones__builder.hpp
-- Symlinking: /home/ros/docker_pronto_ws/install/rviz_legged_msgs/include/rviz_legged_msgs/rviz_legged_msgs/msg/detail/friction_cones__struct.hpp
-- Symlinking: /home/ros/docker_pronto_ws/install/rviz_legged_msgs/include/rviz_legged_msgs/rviz_legged_msgs/msg/detail/friction_cones__traits.hpp
-- Symlinking: /home/ros/docker_pronto_ws/install/rviz_legged_msgs/include/rviz_legged_msgs/rviz_legged_msgs/msg/detail/paths__builder.hpp
-- Symlinking: /home/ros/docker_pronto_ws/install/rviz_legged_msgs/include/rviz_legged_msgs/rviz_legged_msgs/msg/detail/paths__struct.hpp
-- Symlinking: /home/ros/docker_pronto_ws/install/rviz_legged_msgs/include/rviz_legged_msgs/rviz_legged_msgs/msg/detail/paths__traits.hpp
-- Symlinking: /home/ros/docker_pronto_ws/install/rviz_legged_msgs/include/rviz_legged_msgs/rviz_legged_msgs/msg/detail/wrenches_stamped__builder.hpp
-- Symlinking: /home/ros/docker_pronto_ws/install/rviz_legged_msgs/include/rviz_legged_msgs/rviz_legged_msgs/msg/detail/wrenches_stamped__struct.hpp
-- Symlinking: /home/ros/docker_pronto_ws/install/rviz_legged_msgs/include/rviz_legged_msgs/rviz_legged_msgs/msg/detail/wrenches_stamped__traits.hpp
-- Symlinking: /home/ros/docker_pronto_ws/install/rviz_legged_msgs/include/rviz_legged_msgs/rviz_legged_msgs/msg/friction_cone.hpp
-- Symlinking: /home/ros/docker_pronto_ws/install/rviz_legged_msgs/include/rviz_legged_msgs/rviz_legged_msgs/msg/friction_cones.hpp
-- Symlinking: /home/ros/docker_pronto_ws/install/rviz_legged_msgs/include/rviz_legged_msgs/rviz_legged_msgs/msg/paths.hpp
-- Symlinking: /home/ros/docker_pronto_ws/install/rviz_legged_msgs/include/rviz_legged_msgs/rviz_legged_msgs/msg/wrenches_stamped.hpp
-- Symlinking: /home/ros/docker_pronto_ws/install/rviz_legged_msgs/include/rviz_legged_msgs/rviz_legged_msgs/msg/detail/friction_cone__rosidl_typesupport_fastrtps_cpp.hpp
-- Symlinking: /home/ros/docker_pronto_ws/install/rviz_legged_msgs/include/rviz_legged_msgs/rviz_legged_msgs/msg/detail/friction_cones__rosidl_typesupport_fastrtps_cpp.hpp
-- Symlinking: /home/ros/docker_pronto_ws/install/rviz_legged_msgs/include/rviz_legged_msgs/rviz_legged_msgs/msg/detail/paths__rosidl_typesupport_fastrtps_cpp.hpp
-- Symlinking: /home/ros/docker_pronto_ws/install/rviz_legged_msgs/include/rviz_legged_msgs/rviz_legged_msgs/msg/detail/wrenches_stamped__rosidl_typesupport_fastrtps_cpp.hpp
-- Symlinking: /home/ros/docker_pronto_ws/install/rviz_legged_msgs/include/rviz_legged_msgs/rviz_legged_msgs/msg/rosidl_typesupport_fastrtps_cpp__visibility_control.h
-- Symlinking: /home/ros/docker_pronto_ws/install/rviz_legged_msgs/include/rviz_legged_msgs/rviz_legged_msgs/msg/detail/friction_cone__rosidl_typesupport_introspection_cpp.hpp
-- Symlinking: /home/ros/docker_pronto_ws/install/rviz_legged_msgs/include/rviz_legged_msgs/rviz_legged_msgs/msg/detail/friction_cones__rosidl_typesupport_introspection_cpp.hpp
-- Symlinking: /home/ros/docker_pronto_ws/install/rviz_legged_msgs/include/rviz_legged_msgs/rviz_legged_msgs/msg/detail/paths__rosidl_typesupport_introspection_cpp.hpp
-- Symlinking: /home/ros/docker_pronto_ws/install/rviz_legged_msgs/include/rviz_legged_msgs/rviz_legged_msgs/msg/detail/wrenches_stamped__rosidl_typesupport_introspection_cpp.hpp
-- Symlinking: /home/ros/docker_pronto_ws/install/rviz_legged_msgs/share/rviz_legged_msgs/environment/pythonpath.sh
-- Symlinking: /home/ros/docker_pronto_ws/install/rviz_legged_msgs/share/rviz_legged_msgs/environment/pythonpath.dsv
-- Symlinking: /home/ros/docker_pronto_ws/install/rviz_legged_msgs/local/lib/python3.10/dist-packages/rviz_legged_msgs-0.0.0-py3.10.egg-info/PKG-INFO
-- Symlinking: /home/ros/docker_pronto_ws/install/rviz_legged_msgs/local/lib/python3.10/dist-packages/rviz_legged_msgs-0.0.0-py3.10.egg-info/SOURCES.txt
-- Symlinking: /home/ros/docker_pronto_ws/install/rviz_legged_msgs/local/lib/python3.10/dist-packages/rviz_legged_msgs-0.0.0-py3.10.egg-info/dependency_links.txt
-- Symlinking: /home/ros/docker_pronto_ws/install/rviz_legged_msgs/local/lib/python3.10/dist-packages/rviz_legged_msgs-0.0.0-py3.10.egg-info/top_level.txt
-- Symlinking: /home/ros/docker_pronto_ws/install/rviz_legged_msgs/local/lib/python3.10/dist-packages/rviz_legged_msgs/__init__.py
-- Symlinking: /home/ros/docker_pronto_ws/install/rviz_legged_msgs/local/lib/python3.10/dist-packages/rviz_legged_msgs/_rviz_legged_msgs_s.ep.rosidl_typesupport_c.c
-- Symlinking: /home/ros/docker_pronto_ws/install/rviz_legged_msgs/local/lib/python3.10/dist-packages/rviz_legged_msgs/_rviz_legged_msgs_s.ep.rosidl_typesupport_fastrtps_c.c
-- Symlinking: /home/ros/docker_pronto_ws/install/rviz_legged_msgs/local/lib/python3.10/dist-packages/rviz_legged_msgs/_rviz_legged_msgs_s.ep.rosidl_typesupport_introspection_c.c
-- Symlinking: /home/ros/docker_pronto_ws/install/rviz_legged_msgs/local/lib/python3.10/dist-packages/rviz_legged_msgs/librviz_legged_msgs__rosidl_generator_py.so
-- Symlinking: /home/ros/docker_pronto_ws/install/rviz_legged_msgs/local/lib/python3.10/dist-packages/rviz_legged_msgs/msg/__init__.py
-- Symlinking: /home/ros/docker_pronto_ws/install/rviz_legged_msgs/local/lib/python3.10/dist-packages/rviz_legged_msgs/msg/_friction_cone.py
-- Symlinking: /home/ros/docker_pronto_ws/install/rviz_legged_msgs/local/lib/python3.10/dist-packages/rviz_legged_msgs/msg/_friction_cone_s.c
-- Symlinking: /home/ros/docker_pronto_ws/install/rviz_legged_msgs/local/lib/python3.10/dist-packages/rviz_legged_msgs/msg/_friction_cones.py
-- Symlinking: /home/ros/docker_pronto_ws/install/rviz_legged_msgs/local/lib/python3.10/dist-packages/rviz_legged_msgs/msg/_friction_cones_s.c
-- Symlinking: /home/ros/docker_pronto_ws/install/rviz_legged_msgs/local/lib/python3.10/dist-packages/rviz_legged_msgs/msg/_paths.py
-- Symlinking: /home/ros/docker_pronto_ws/install/rviz_legged_msgs/local/lib/python3.10/dist-packages/rviz_legged_msgs/msg/_paths_s.c
-- Symlinking: /home/ros/docker_pronto_ws/install/rviz_legged_msgs/local/lib/python3.10/dist-packages/rviz_legged_msgs/msg/_wrenches_stamped.py
-- Symlinking: /home/ros/docker_pronto_ws/install/rviz_legged_msgs/local/lib/python3.10/dist-packages/rviz_legged_msgs/msg/_wrenches_stamped_s.c
-- Symlinking: /home/ros/docker_pronto_ws/install/rviz_legged_msgs/local/lib/python3.10/dist-packages/rviz_legged_msgs/rviz_legged_msgs_s__rosidl_typesupport_c.cpython-310-x86_64-linux-gnu.so
-- Symlinking: /home/ros/docker_pronto_ws/install/rviz_legged_msgs/local/lib/python3.10/dist-packages/rviz_legged_msgs/rviz_legged_msgs_s__rosidl_typesupport_fastrtps_c.cpython-310-x86_64-linux-gnu.so
-- Symlinking: /home/ros/docker_pronto_ws/install/rviz_legged_msgs/local/lib/python3.10/dist-packages/rviz_legged_msgs/rviz_legged_msgs_s__rosidl_typesupport_introspection_c.cpython-310-x86_64-linux-gnu.so
-- Up-to-date symlink: /home/ros/docker_pronto_ws/install/rviz_legged_msgs/local/lib/python3.10/dist-packages/rviz_legged_msgs/rviz_legged_msgs_s__rosidl_typesupport_fastrtps_c.cpython-310-x86_64-linux-gnu.so
-- Up-to-date symlink: /home/ros/docker_pronto_ws/install/rviz_legged_msgs/local/lib/python3.10/dist-packages/rviz_legged_msgs/rviz_legged_msgs_s__rosidl_typesupport_introspection_c.cpython-310-x86_64-linux-gnu.so
-- Up-to-date symlink: /home/ros/docker_pronto_ws/install/rviz_legged_msgs/local/lib/python3.10/dist-packages/rviz_legged_msgs/rviz_legged_msgs_s__rosidl_typesupport_c.cpython-310-x86_64-linux-gnu.so
-- Symlinking: /home/ros/docker_pronto_ws/install/rviz_legged_msgs/share/rviz_legged_msgs/msg/WrenchesStamped.idl
-- Symlinking: /home/ros/docker_pronto_ws/install/rviz_legged_msgs/share/rviz_legged_msgs/msg/FrictionCone.idl
-- Symlinking: /home/ros/docker_pronto_ws/install/rviz_legged_msgs/share/rviz_legged_msgs/msg/FrictionCones.idl
-- Symlinking: /home/ros/docker_pronto_ws/install/rviz_legged_msgs/share/rviz_legged_msgs/msg/Paths.idl
-- Symlinking: /home/ros/docker_pronto_ws/install/rviz_legged_msgs/share/rviz_legged_msgs/msg/WrenchesStamped.msg
-- Symlinking: /home/ros/docker_pronto_ws/install/rviz_legged_msgs/share/rviz_legged_msgs/msg/FrictionCone.msg
-- Symlinking: /home/ros/docker_pronto_ws/install/rviz_legged_msgs/share/rviz_legged_msgs/msg/FrictionCones.msg
-- Symlinking: /home/ros/docker_pronto_ws/install/rviz_legged_msgs/share/rviz_legged_msgs/msg/Paths.msg
-- Symlinking: /home/ros/docker_pronto_ws/install/rviz_legged_msgs/share/ament_index/resource_index/package_run_dependencies/rviz_legged_msgs
-- Symlinking: /home/ros/docker_pronto_ws/install/rviz_legged_msgs/share/ament_index/resource_index/parent_prefix_path/rviz_legged_msgs
-- Symlinking: /home/ros/docker_pronto_ws/install/rviz_legged_msgs/share/rviz_legged_msgs/environment/ament_prefix_path.sh
-- Symlinking: /home/ros/docker_pronto_ws/install/rviz_legged_msgs/share/rviz_legged_msgs/environment/ament_prefix_path.dsv
-- Symlinking: /home/ros/docker_pronto_ws/install/rviz_legged_msgs/share/rviz_legged_msgs/environment/path.sh
-- Symlinking: /home/ros/docker_pronto_ws/install/rviz_legged_msgs/share/rviz_legged_msgs/environment/path.dsv
-- Symlinking: /home/ros/docker_pronto_ws/install/rviz_legged_msgs/share/rviz_legged_msgs/local_setup.bash
-- Symlinking: /home/ros/docker_pronto_ws/install/rviz_legged_msgs/share/rviz_legged_msgs/local_setup.sh
-- Symlinking: /home/ros/docker_pronto_ws/install/rviz_legged_msgs/share/rviz_legged_msgs/local_setup.zsh
-- Symlinking: /home/ros/docker_pronto_ws/install/rviz_legged_msgs/share/rviz_legged_msgs/local_setup.dsv
-- Symlinking: /home/ros/docker_pronto_ws/install/rviz_legged_msgs/share/rviz_legged_msgs/package.dsv
-- Symlinking: /home/ros/docker_pronto_ws/install/rviz_legged_msgs/share/ament_index/resource_index/packages/rviz_legged_msgs
-- Symlinking: /home/ros/docker_pronto_ws/install/rviz_legged_msgs/share/rviz_legged_msgs/cmake/rosidl_cmake-extras.cmake
-- Symlinking: /home/ros/docker_pronto_ws/install/rviz_legged_msgs/share/rviz_legged_msgs/cmake/ament_cmake_export_dependencies-extras.cmake
-- Symlinking: /home/ros/docker_pronto_ws/install/rviz_legged_msgs/share/rviz_legged_msgs/cmake/ament_cmake_export_include_directories-extras.cmake
-- Symlinking: /home/ros/docker_pronto_ws/install/rviz_legged_msgs/share/rviz_legged_msgs/cmake/ament_cmake_export_libraries-extras.cmake
-- Symlinking: /home/ros/docker_pronto_ws/install/rviz_legged_msgs/share/rviz_legged_msgs/cmake/ament_cmake_export_targets-extras.cmake
-- Symlinking: /home/ros/docker_pronto_ws/install/rviz_legged_msgs/share/rviz_legged_msgs/cmake/rosidl_cmake_export_typesupport_targets-extras.cmake
-- Symlinking: /home/ros/docker_pronto_ws/install/rviz_legged_msgs/share/rviz_legged_msgs/cmake/rosidl_cmake_export_typesupport_libraries-extras.cmake
-- Symlinking: /home/ros/docker_pronto_ws/install/rviz_legged_msgs/share/rviz_legged_msgs/cmake/rviz_legged_msgsConfig.cmake
-- Symlinking: /home/ros/docker_pronto_ws/install/rviz_legged_msgs/share/rviz_legged_msgs/cmake/rviz_legged_msgsConfig-version.cmake
-- Symlinking: /home/ros/docker_pronto_ws/install/rviz_legged_msgs/share/rviz_legged_msgs/package.xml
-- Installing: /home/ros/docker_pronto_ws/install/rviz_legged_msgs/lib/librviz_legged_msgs__rosidl_generator_c.so
-- Set runtime path of "/home/ros/docker_pronto_ws/install/rviz_legged_msgs/lib/librviz_legged_msgs__rosidl_generator_c.so" to ""
-- Installing: /home/ros/docker_pronto_ws/install/rviz_legged_msgs/lib/librviz_legged_msgs__rosidl_typesupport_fastrtps_c.so
-- Set runtime path of "/home/ros/docker_pronto_ws/install/rviz_legged_msgs/lib/librviz_legged_msgs__rosidl_typesupport_fastrtps_c.so" to ""
-- Installing: /home/ros/docker_pronto_ws/install/rviz_legged_msgs/lib/librviz_legged_msgs__rosidl_typesupport_introspection_c.so
-- Set runtime path of "/home/ros/docker_pronto_ws/install/rviz_legged_msgs/lib/librviz_legged_msgs__rosidl_typesupport_introspection_c.so" to ""
-- Installing: /home/ros/docker_pronto_ws/install/rviz_legged_msgs/lib/librviz_legged_msgs__rosidl_typesupport_c.so
-- Set runtime path of "/home/ros/docker_pronto_ws/install/rviz_legged_msgs/lib/librviz_legged_msgs__rosidl_typesupport_c.so" to ""
-- Installing: /home/ros/docker_pronto_ws/install/rviz_legged_msgs/lib/librviz_legged_msgs__rosidl_typesupport_fastrtps_cpp.so
-- Set runtime path of "/home/ros/docker_pronto_ws/install/rviz_legged_msgs/lib/librviz_legged_msgs__rosidl_typesupport_fastrtps_cpp.so" to ""
-- Installing: /home/ros/docker_pronto_ws/install/rviz_legged_msgs/lib/librviz_legged_msgs__rosidl_typesupport_introspection_cpp.so
-- Set runtime path of "/home/ros/docker_pronto_ws/install/rviz_legged_msgs/lib/librviz_legged_msgs__rosidl_typesupport_introspection_cpp.so" to ""
-- Installing: /home/ros/docker_pronto_ws/install/rviz_legged_msgs/lib/librviz_legged_msgs__rosidl_typesupport_cpp.so
-- Set runtime path of "/home/ros/docker_pronto_ws/install/rviz_legged_msgs/lib/librviz_legged_msgs__rosidl_typesupport_cpp.so" to ""
Listing '/home/ros/docker_pronto_ws/install/rviz_legged_msgs/local/lib/python3.10/dist-packages/rviz_legged_msgs'...
Compiling '/home/ros/docker_pronto_ws/install/rviz_legged_msgs/local/lib/python3.10/dist-packages/rviz_legged_msgs/__init__.py'...
Listing '/home/ros/docker_pronto_ws/install/rviz_legged_msgs/local/lib/python3.10/dist-packages/rviz_legged_msgs/msg'...
Compiling '/home/ros/docker_pronto_ws/install/rviz_legged_msgs/local/lib/python3.10/dist-packages/rviz_legged_msgs/msg/__init__.py'...
Compiling '/home/ros/docker_pronto_ws/install/rviz_legged_msgs/local/lib/python3.10/dist-packages/rviz_legged_msgs/msg/_friction_cone.py'...
Compiling '/home/ros/docker_pronto_ws/install/rviz_legged_msgs/local/lib/python3.10/dist-packages/rviz_legged_msgs/msg/_friction_cones.py'...
Compiling '/home/ros/docker_pronto_ws/install/rviz_legged_msgs/local/lib/python3.10/dist-packages/rviz_legged_msgs/msg/_paths.py'...
Compiling '/home/ros/docker_pronto_ws/install/rviz_legged_msgs/local/lib/python3.10/dist-packages/rviz_legged_msgs/msg/_wrenches_stamped.py'...
-- Installing: /home/ros/docker_pronto_ws/install/rviz_legged_msgs/lib/librviz_legged_msgs__rosidl_generator_py.so
-- Set runtime path of "/home/ros/docker_pronto_ws/install/rviz_legged_msgs/lib/librviz_legged_msgs__rosidl_generator_py.so" to ""
-- Installing: /home/ros/docker_pronto_ws/install/rviz_legged_msgs/share/rviz_legged_msgs/cmake/export_rviz_legged_msgs__rosidl_generator_cExport.cmake
-- Installing: /home/ros/docker_pronto_ws/install/rviz_legged_msgs/share/rviz_legged_msgs/cmake/export_rviz_legged_msgs__rosidl_generator_cExport-release.cmake
-- Installing: /home/ros/docker_pronto_ws/install/rviz_legged_msgs/share/rviz_legged_msgs/cmake/export_rviz_legged_msgs__rosidl_typesupport_fastrtps_cExport.cmake
-- Installing: /home/ros/docker_pronto_ws/install/rviz_legged_msgs/share/rviz_legged_msgs/cmake/export_rviz_legged_msgs__rosidl_typesupport_fastrtps_cExport-release.cmake
-- Installing: /home/ros/docker_pronto_ws/install/rviz_legged_msgs/share/rviz_legged_msgs/cmake/rviz_legged_msgs__rosidl_typesupport_introspection_cExport.cmake
-- Installing: /home/ros/docker_pronto_ws/install/rviz_legged_msgs/share/rviz_legged_msgs/cmake/rviz_legged_msgs__rosidl_typesupport_introspection_cExport-release.cmake
-- Installing: /home/ros/docker_pronto_ws/install/rviz_legged_msgs/share/rviz_legged_msgs/cmake/rviz_legged_msgs__rosidl_typesupport_cExport.cmake
-- Installing: /home/ros/docker_pronto_ws/install/rviz_legged_msgs/share/rviz_legged_msgs/cmake/rviz_legged_msgs__rosidl_typesupport_cExport-release.cmake
-- Installing: /home/ros/docker_pronto_ws/install/rviz_legged_msgs/share/rviz_legged_msgs/cmake/export_rviz_legged_msgs__rosidl_generator_cppExport.cmake
-- Installing: /home/ros/docker_pronto_ws/install/rviz_legged_msgs/share/rviz_legged_msgs/cmake/export_rviz_legged_msgs__rosidl_typesupport_fastrtps_cppExport.cmake
-- Installing: /home/ros/docker_pronto_ws/install/rviz_legged_msgs/share/rviz_legged_msgs/cmake/export_rviz_legged_msgs__rosidl_typesupport_fastrtps_cppExport-release.cmake
-- Installing: /home/ros/docker_pronto_ws/install/rviz_legged_msgs/share/rviz_legged_msgs/cmake/rviz_legged_msgs__rosidl_typesupport_introspection_cppExport.cmake
-- Installing: /home/ros/docker_pronto_ws/install/rviz_legged_msgs/share/rviz_legged_msgs/cmake/rviz_legged_msgs__rosidl_typesupport_introspection_cppExport-release.cmake
-- Installing: /home/ros/docker_pronto_ws/install/rviz_legged_msgs/share/rviz_legged_msgs/cmake/rviz_legged_msgs__rosidl_typesupport_cppExport.cmake
-- Installing: /home/ros/docker_pronto_ws/install/rviz_legged_msgs/share/rviz_legged_msgs/cmake/rviz_legged_msgs__rosidl_typesupport_cppExport-release.cmake
-- Installing: /home/ros/docker_pronto_ws/install/rviz_legged_msgs/share/rviz_legged_msgs/cmake/export_rviz_legged_msgs__rosidl_generator_pyExport.cmake
-- Installing: /home/ros/docker_pronto_ws/install/rviz_legged_msgs/share/rviz_legged_msgs/cmake/export_rviz_legged_msgs__rosidl_generator_pyExport-release.cmake
