[0.381s] Invoking command in '/home/ros/docker_pronto_ws/build/robot_gazebo': CMAKE_PREFIX_PATH=/home/ros/docker_pronto_ws/install/solo_description:/home/ros/docker_pronto_ws/install/anymal_c_simple_description:/home/ros/docker_pronto_ws/install/robot_control:/home/ros/docker_pronto_ws/install/hqp_controller:/home/ros/docker_pronto_ws/install/whole_body_controller:/home/ros/docker_pronto_ws/install/teleoperate_robot:/home/ros/docker_pronto_ws/install/pronto_tuning:/home/ros/docker_pronto_ws/install/lip_walking_trot_planner:/home/ros/docker_pronto_ws/install/velocity_command_msgs:/home/ros/docker_pronto_ws/install/static_walk_planner:/home/ros/docker_pronto_ws/install/robot_gazebo:/home/ros/docker_pronto_ws/install/robot_model:/home/ros/docker_pronto_ws/install/ryml:/home/ros/docker_pronto_ws/install/rviz_legged_plugins:/home/ros/docker_pronto_ws/install/rviz_legged_msgs:/home/ros/docker_pronto_ws/install/hierarchical_optimization:/home/ros/docker_pronto_ws/install/quadprog:/home/ros/docker_pronto_ws/install/pronto_ros2_controller:/home/ros/docker_pronto_ws/install/pronto_solo12:/home/ros/docker_pronto_ws/install/pronto_quadruped_ros:/home/ros/docker_pronto_ws/install/pronto_quadruped:/home/ros/docker_pronto_ws/install/pronto_utils:/home/ros/docker_pronto_ws/install/pronto_ros:/home/ros/docker_pronto_ws/install/pronto_quadruped_commons:/home/ros/docker_pronto_ws/install/pronto_msgs:/home/ros/docker_pronto_ws/install/pronto_core:/home/ros/docker_pronto_ws/install/pi3hat_moteus_int_msgs:/home/ros/docker_pronto_ws/install/generalized_pose_msgs:/opt/openrobots:/home/ros/docker_pronto_ws/install/planners_python:/home/ros/docker_pronto_ws/install/logger_gazebo:/home/ros/docker_pronto_ws/install/terrain_estimator:/home/ros/docker_pronto_ws/install/pose_estimator:/opt/ros/humble /usr/bin/cmake /home/ros/docker_pronto_ws/src/robot/robot_gazebo -DCMAKE_BUILD_TYPE=Release -DCMAKE_EXPORT_COMPILE_COMMANDS=ON -DAMENT_CMAKE_SYMLINK_INSTALL=1 -DCMAKE_INSTALL_PREFIX=/home/ros/docker_pronto_ws/install/robot_gazebo
[0.670s] -- The C compiler identification is GNU 11.4.0
[0.828s] -- The CXX compiler identification is GNU 11.4.0
[0.850s] -- Detecting C compiler ABI info
[1.185s] -- Detecting C compiler ABI info - done
[1.196s] -- Check for working C compiler: /usr/bin/cc - skipped
[1.196s] -- Detecting C compile features
[1.196s] -- Detecting C compile features - done
[1.196s] -- Detecting CXX compiler ABI info
[1.558s] -- Detecting CXX compiler ABI info - done
[1.571s] -- Check for working CXX compiler: /usr/bin/c++ - skipped
[1.572s] -- Detecting CXX compile features
[1.573s] -- Detecting CXX compile features - done
[1.595s] -- Found ament_cmake: 1.3.6 (/opt/ros/humble/share/ament_cmake/cmake)
[2.413s] -- Found Python3: /usr/bin/python3.10 (found version "3.10.12") found components: Interpreter 
[2.526s] -- Override CMake install command with custom implementation using symlinks instead of copying resources
[2.639s] -- Found rclpy: 3.3.11 (/opt/ros/humble/share/rclpy/cmake)
[2.655s] -- Found ament_lint_auto: 0.12.9 (/opt/ros/humble/share/ament_lint_auto/cmake)
[2.853s] -- Added test 'copyright' to check source files copyright and LICENSE
[2.859s] -- Added test 'flake8' to check Python code syntax and style conventions
[2.861s] -- Added test 'lint_cmake' to check CMake code style
[2.863s] -- Added test 'pep257' to check Python code against some of the docstring style conventions in PEP 257
[2.867s] -- Added test 'xmllint' to check XML markup files
[2.871s] -- Configuring done
[2.875s] -- Generating done
[2.876s] -- Build files have been written to: /home/ros/docker_pronto_ws/build/robot_gazebo
[2.882s] Invoked command in '/home/ros/docker_pronto_ws/build/robot_gazebo' returned '0': CMAKE_PREFIX_PATH=/home/ros/docker_pronto_ws/install/solo_description:/home/ros/docker_pronto_ws/install/anymal_c_simple_description:/home/ros/docker_pronto_ws/install/robot_control:/home/ros/docker_pronto_ws/install/hqp_controller:/home/ros/docker_pronto_ws/install/whole_body_controller:/home/ros/docker_pronto_ws/install/teleoperate_robot:/home/ros/docker_pronto_ws/install/pronto_tuning:/home/ros/docker_pronto_ws/install/lip_walking_trot_planner:/home/ros/docker_pronto_ws/install/velocity_command_msgs:/home/ros/docker_pronto_ws/install/static_walk_planner:/home/ros/docker_pronto_ws/install/robot_gazebo:/home/ros/docker_pronto_ws/install/robot_model:/home/ros/docker_pronto_ws/install/ryml:/home/ros/docker_pronto_ws/install/rviz_legged_plugins:/home/ros/docker_pronto_ws/install/rviz_legged_msgs:/home/ros/docker_pronto_ws/install/hierarchical_optimization:/home/ros/docker_pronto_ws/install/quadprog:/home/ros/docker_pronto_ws/install/pronto_ros2_controller:/home/ros/docker_pronto_ws/install/pronto_solo12:/home/ros/docker_pronto_ws/install/pronto_quadruped_ros:/home/ros/docker_pronto_ws/install/pronto_quadruped:/home/ros/docker_pronto_ws/install/pronto_utils:/home/ros/docker_pronto_ws/install/pronto_ros:/home/ros/docker_pronto_ws/install/pronto_quadruped_commons:/home/ros/docker_pronto_ws/install/pronto_msgs:/home/ros/docker_pronto_ws/install/pronto_core:/home/ros/docker_pronto_ws/install/pi3hat_moteus_int_msgs:/home/ros/docker_pronto_ws/install/generalized_pose_msgs:/opt/openrobots:/home/ros/docker_pronto_ws/install/planners_python:/home/ros/docker_pronto_ws/install/logger_gazebo:/home/ros/docker_pronto_ws/install/terrain_estimator:/home/ros/docker_pronto_ws/install/pose_estimator:/opt/ros/humble /usr/bin/cmake /home/ros/docker_pronto_ws/src/robot/robot_gazebo -DCMAKE_BUILD_TYPE=Release -DCMAKE_EXPORT_COMPILE_COMMANDS=ON -DAMENT_CMAKE_SYMLINK_INSTALL=1 -DCMAKE_INSTALL_PREFIX=/home/ros/docker_pronto_ws/install/robot_gazebo
[2.900s] Invoking command in '/home/ros/docker_pronto_ws/build/robot_gazebo': CMAKE_PREFIX_PATH=/home/ros/docker_pronto_ws/install/solo_description:/home/ros/docker_pronto_ws/install/anymal_c_simple_description:/home/ros/docker_pronto_ws/install/robot_control:/home/ros/docker_pronto_ws/install/hqp_controller:/home/ros/docker_pronto_ws/install/whole_body_controller:/home/ros/docker_pronto_ws/install/teleoperate_robot:/home/ros/docker_pronto_ws/install/pronto_tuning:/home/ros/docker_pronto_ws/install/lip_walking_trot_planner:/home/ros/docker_pronto_ws/install/velocity_command_msgs:/home/ros/docker_pronto_ws/install/static_walk_planner:/home/ros/docker_pronto_ws/install/robot_gazebo:/home/ros/docker_pronto_ws/install/robot_model:/home/ros/docker_pronto_ws/install/ryml:/home/ros/docker_pronto_ws/install/rviz_legged_plugins:/home/ros/docker_pronto_ws/install/rviz_legged_msgs:/home/ros/docker_pronto_ws/install/hierarchical_optimization:/home/ros/docker_pronto_ws/install/quadprog:/home/ros/docker_pronto_ws/install/pronto_ros2_controller:/home/ros/docker_pronto_ws/install/pronto_solo12:/home/ros/docker_pronto_ws/install/pronto_quadruped_ros:/home/ros/docker_pronto_ws/install/pronto_quadruped:/home/ros/docker_pronto_ws/install/pronto_utils:/home/ros/docker_pronto_ws/install/pronto_ros:/home/ros/docker_pronto_ws/install/pronto_quadruped_commons:/home/ros/docker_pronto_ws/install/pronto_msgs:/home/ros/docker_pronto_ws/install/pronto_core:/home/ros/docker_pronto_ws/install/pi3hat_moteus_int_msgs:/home/ros/docker_pronto_ws/install/generalized_pose_msgs:/opt/openrobots:/home/ros/docker_pronto_ws/install/planners_python:/home/ros/docker_pronto_ws/install/logger_gazebo:/home/ros/docker_pronto_ws/install/terrain_estimator:/home/ros/docker_pronto_ws/install/pose_estimator:/opt/ros/humble /usr/bin/cmake --build /home/ros/docker_pronto_ws/build/robot_gazebo -- -j16 -l16
[3.035s] Invoked command in '/home/ros/docker_pronto_ws/build/robot_gazebo' returned '0': CMAKE_PREFIX_PATH=/home/ros/docker_pronto_ws/install/solo_description:/home/ros/docker_pronto_ws/install/anymal_c_simple_description:/home/ros/docker_pronto_ws/install/robot_control:/home/ros/docker_pronto_ws/install/hqp_controller:/home/ros/docker_pronto_ws/install/whole_body_controller:/home/ros/docker_pronto_ws/install/teleoperate_robot:/home/ros/docker_pronto_ws/install/pronto_tuning:/home/ros/docker_pronto_ws/install/lip_walking_trot_planner:/home/ros/docker_pronto_ws/install/velocity_command_msgs:/home/ros/docker_pronto_ws/install/static_walk_planner:/home/ros/docker_pronto_ws/install/robot_gazebo:/home/ros/docker_pronto_ws/install/robot_model:/home/ros/docker_pronto_ws/install/ryml:/home/ros/docker_pronto_ws/install/rviz_legged_plugins:/home/ros/docker_pronto_ws/install/rviz_legged_msgs:/home/ros/docker_pronto_ws/install/hierarchical_optimization:/home/ros/docker_pronto_ws/install/quadprog:/home/ros/docker_pronto_ws/install/pronto_ros2_controller:/home/ros/docker_pronto_ws/install/pronto_solo12:/home/ros/docker_pronto_ws/install/pronto_quadruped_ros:/home/ros/docker_pronto_ws/install/pronto_quadruped:/home/ros/docker_pronto_ws/install/pronto_utils:/home/ros/docker_pronto_ws/install/pronto_ros:/home/ros/docker_pronto_ws/install/pronto_quadruped_commons:/home/ros/docker_pronto_ws/install/pronto_msgs:/home/ros/docker_pronto_ws/install/pronto_core:/home/ros/docker_pronto_ws/install/pi3hat_moteus_int_msgs:/home/ros/docker_pronto_ws/install/generalized_pose_msgs:/opt/openrobots:/home/ros/docker_pronto_ws/install/planners_python:/home/ros/docker_pronto_ws/install/logger_gazebo:/home/ros/docker_pronto_ws/install/terrain_estimator:/home/ros/docker_pronto_ws/install/pose_estimator:/opt/ros/humble /usr/bin/cmake --build /home/ros/docker_pronto_ws/build/robot_gazebo -- -j16 -l16
[3.291s] Invoking command in '/home/ros/docker_pronto_ws/build/robot_gazebo': CMAKE_PREFIX_PATH=/home/ros/docker_pronto_ws/install/solo_description:/home/ros/docker_pronto_ws/install/anymal_c_simple_description:/home/ros/docker_pronto_ws/install/robot_control:/home/ros/docker_pronto_ws/install/hqp_controller:/home/ros/docker_pronto_ws/install/whole_body_controller:/home/ros/docker_pronto_ws/install/teleoperate_robot:/home/ros/docker_pronto_ws/install/pronto_tuning:/home/ros/docker_pronto_ws/install/lip_walking_trot_planner:/home/ros/docker_pronto_ws/install/velocity_command_msgs:/home/ros/docker_pronto_ws/install/static_walk_planner:/home/ros/docker_pronto_ws/install/robot_gazebo:/home/ros/docker_pronto_ws/install/robot_model:/home/ros/docker_pronto_ws/install/ryml:/home/ros/docker_pronto_ws/install/rviz_legged_plugins:/home/ros/docker_pronto_ws/install/rviz_legged_msgs:/home/ros/docker_pronto_ws/install/hierarchical_optimization:/home/ros/docker_pronto_ws/install/quadprog:/home/ros/docker_pronto_ws/install/pronto_ros2_controller:/home/ros/docker_pronto_ws/install/pronto_solo12:/home/ros/docker_pronto_ws/install/pronto_quadruped_ros:/home/ros/docker_pronto_ws/install/pronto_quadruped:/home/ros/docker_pronto_ws/install/pronto_utils:/home/ros/docker_pronto_ws/install/pronto_ros:/home/ros/docker_pronto_ws/install/pronto_quadruped_commons:/home/ros/docker_pronto_ws/install/pronto_msgs:/home/ros/docker_pronto_ws/install/pronto_core:/home/ros/docker_pronto_ws/install/pi3hat_moteus_int_msgs:/home/ros/docker_pronto_ws/install/generalized_pose_msgs:/opt/openrobots:/home/ros/docker_pronto_ws/install/planners_python:/home/ros/docker_pronto_ws/install/logger_gazebo:/home/ros/docker_pronto_ws/install/terrain_estimator:/home/ros/docker_pronto_ws/install/pose_estimator:/opt/ros/humble /usr/bin/cmake --install /home/ros/docker_pronto_ws/build/robot_gazebo
[3.319s] -- Install configuration: "Release"
[3.330s] -- Execute custom install script
[3.331s] -- Symlinking: /home/ros/docker_pronto_ws/install/robot_gazebo/share/robot_gazebo/config/gazebo_params.yaml
[3.375s] -- Symlinking: /home/ros/docker_pronto_ws/install/robot_gazebo/share/robot_gazebo/config/rviz/config.rviz
[3.408s] -- Symlinking: /home/ros/docker_pronto_ws/install/robot_gazebo/share/robot_gazebo/config/rviz/solo12_config.rviz
[3.455s] -- Symlinking: /home/ros/docker_pronto_ws/install/robot_gazebo/share/robot_gazebo/launch/anymal_c.launch.py
[3.501s] -- Symlinking: /home/ros/docker_pronto_ws/install/robot_gazebo/share/robot_gazebo/launch/anymal_c_softfoot_q.launch.py
[3.528s] -- Symlinking: /home/ros/docker_pronto_ws/install/robot_gazebo/share/robot_gazebo/launch/ign_solo12.launch.py
[3.584s] -- Symlinking: /home/ros/docker_pronto_ws/install/robot_gazebo/share/robot_gazebo/launch/mulinex.launch.py
[3.628s] -- Symlinking: /home/ros/docker_pronto_ws/install/robot_gazebo/share/robot_gazebo/launch/reset_robot.launch.py
[3.688s] -- Symlinking: /home/ros/docker_pronto_ws/install/robot_gazebo/share/robot_gazebo/launch/robot.launch.py
[3.723s] -- Symlinking: /home/ros/docker_pronto_ws/install/robot_gazebo/share/robot_gazebo/launch/solo12.launch.py
[3.776s] -- Symlinking: /home/ros/docker_pronto_ws/install/robot_gazebo/share/robot_gazebo/models/heightmaps/heightmap_1.png
[3.819s] -- Symlinking: /home/ros/docker_pronto_ws/install/robot_gazebo/share/robot_gazebo/models/heightmaps/heightmap_collision.dae
[3.852s] -- Symlinking: /home/ros/docker_pronto_ws/install/robot_gazebo/share/robot_gazebo/models/heightmaps/heightmap_visual.dae
[3.896s] -- Symlinking: /home/ros/docker_pronto_ws/install/robot_gazebo/share/robot_gazebo/objects/heightmap_terrain.xacro
[3.928s] -- Symlinking: /home/ros/docker_pronto_ws/install/robot_gazebo/share/robot_gazebo/objects/multi_terrains.xacro
[3.952s] -- Symlinking: /home/ros/docker_pronto_ws/install/robot_gazebo/share/robot_gazebo/objects/terrain.xacro
[3.979s] -- Symlinking: /home/ros/docker_pronto_ws/install/robot_gazebo/share/robot_gazebo/objects/terrain_increasing_slope.xacro
[4.017s] -- Symlinking: /home/ros/docker_pronto_ws/install/robot_gazebo/share/robot_gazebo/worlds/anymal.world
[4.058s] -- Symlinking: /home/ros/docker_pronto_ws/install/robot_gazebo/share/robot_gazebo/worlds/anymal_softfoot.world
[4.075s] -- Symlinking: /home/ros/docker_pronto_ws/install/robot_gazebo/share/robot_gazebo/worlds/solo.world
[4.104s] -- Symlinking: /home/ros/docker_pronto_ws/install/robot_gazebo/share/robot_gazebo/environment/robot_gazebo.dsv
[4.132s] -- Symlinking: /home/ros/docker_pronto_ws/install/robot_gazebo/lib/robot_gazebo/generate_heightmap_mesh.py
[4.162s] -- Symlinking: /home/ros/docker_pronto_ws/install/robot_gazebo/share/ament_index/resource_index/package_run_dependencies/robot_gazebo
[4.176s] -- Symlinking: /home/ros/docker_pronto_ws/install/robot_gazebo/share/ament_index/resource_index/parent_prefix_path/robot_gazebo
[4.189s] -- Symlinking: /home/ros/docker_pronto_ws/install/robot_gazebo/share/robot_gazebo/environment/ament_prefix_path.sh
[4.212s] -- Symlinking: /home/ros/docker_pronto_ws/install/robot_gazebo/share/robot_gazebo/environment/ament_prefix_path.dsv
[4.248s] -- Symlinking: /home/ros/docker_pronto_ws/install/robot_gazebo/share/robot_gazebo/environment/path.sh
[4.261s] -- Symlinking: /home/ros/docker_pronto_ws/install/robot_gazebo/share/robot_gazebo/environment/path.dsv
[4.273s] -- Symlinking: /home/ros/docker_pronto_ws/install/robot_gazebo/share/robot_gazebo/local_setup.bash
[4.286s] -- Symlinking: /home/ros/docker_pronto_ws/install/robot_gazebo/share/robot_gazebo/local_setup.sh
[4.304s] -- Symlinking: /home/ros/docker_pronto_ws/install/robot_gazebo/share/robot_gazebo/local_setup.zsh
[4.312s] -- Symlinking: /home/ros/docker_pronto_ws/install/robot_gazebo/share/robot_gazebo/local_setup.dsv
[4.329s] -- Symlinking: /home/ros/docker_pronto_ws/install/robot_gazebo/share/robot_gazebo/package.dsv
[4.342s] -- Symlinking: /home/ros/docker_pronto_ws/install/robot_gazebo/share/ament_index/resource_index/packages/robot_gazebo
[4.360s] -- Symlinking: /home/ros/docker_pronto_ws/install/robot_gazebo/share/robot_gazebo/cmake/robot_gazeboConfig.cmake
[4.373s] -- Symlinking: /home/ros/docker_pronto_ws/install/robot_gazebo/share/robot_gazebo/cmake/robot_gazeboConfig-version.cmake
[4.386s] -- Symlinking: /home/ros/docker_pronto_ws/install/robot_gazebo/share/robot_gazebo/package.xml
[4.408s] Invoked command in '/home/ros/docker_pronto_ws/build/robot_gazebo' returned '0': CMAKE_PREFIX_PATH=/home/ros/docker_pronto_ws/install/solo_description:/home/ros/docker_pronto_ws/install/anymal_c_simple_description:/home/ros/docker_pronto_ws/install/robot_control:/home/ros/docker_pronto_ws/install/hqp_controller:/home/ros/docker_pronto_ws/install/whole_body_controller:/home/ros/docker_pronto_ws/install/teleoperate_robot:/home/ros/docker_pronto_ws/install/pronto_tuning:/home/ros/docker_pronto_ws/install/lip_walking_trot_planner:/home/ros/docker_pronto_ws/install/velocity_command_msgs:/home/ros/docker_pronto_ws/install/static_walk_planner:/home/ros/docker_pronto_ws/install/robot_gazebo:/home/ros/docker_pronto_ws/install/robot_model:/home/ros/docker_pronto_ws/install/ryml:/home/ros/docker_pronto_ws/install/rviz_legged_plugins:/home/ros/docker_pronto_ws/install/rviz_legged_msgs:/home/ros/docker_pronto_ws/install/hierarchical_optimization:/home/ros/docker_pronto_ws/install/quadprog:/home/ros/docker_pronto_ws/install/pronto_ros2_controller:/home/ros/docker_pronto_ws/install/pronto_solo12:/home/ros/docker_pronto_ws/install/pronto_quadruped_ros:/home/ros/docker_pronto_ws/install/pronto_quadruped:/home/ros/docker_pronto_ws/install/pronto_utils:/home/ros/docker_pronto_ws/install/pronto_ros:/home/ros/docker_pronto_ws/install/pronto_quadruped_commons:/home/ros/docker_pronto_ws/install/pronto_msgs:/home/ros/docker_pronto_ws/install/pronto_core:/home/ros/docker_pronto_ws/install/pi3hat_moteus_int_msgs:/home/ros/docker_pronto_ws/install/generalized_pose_msgs:/opt/openrobots:/home/ros/docker_pronto_ws/install/planners_python:/home/ros/docker_pronto_ws/install/logger_gazebo:/home/ros/docker_pronto_ws/install/terrain_estimator:/home/ros/docker_pronto_ws/install/pose_estimator:/opt/ros/humble /usr/bin/cmake --install /home/ros/docker_pronto_ws/build/robot_gazebo
