[0.331s] Invoking command in '/home/ros/docker_pronto_ws/build/pronto_quadruped_commons': CMAKE_PREFIX_PATH=${CMAKE_PREFIX_PATH}:/home/ros/docker_pronto_ws/install/planners_python:/home/ros/docker_pronto_ws/install/logger_gazebo:/home/ros/docker_pronto_ws/install/terrain_estimator:/home/ros/docker_pronto_ws/install/pose_estimator:/opt/ros/humble /usr/bin/cmake /home/ros/docker_pronto_ws/src/pronto_quadruped_commons -DCMAKE_BUILD_TYPE=Release -DCMAKE_EXPORT_COMPILE_COMMANDS=ON -DAMENT_CMAKE_SYMLINK_INSTALL=1 -DCMAKE_INSTALL_PREFIX=/home/ros/docker_pronto_ws/install/pronto_quadruped_commons
[0.387s] -- The C compiler identification is GNU 11.4.0
[0.453s] -- The CXX compiler identification is GNU 11.4.0
[0.461s] -- Detecting C compiler ABI info
[0.535s] -- Detecting C compiler ABI info - done
[0.545s] -- Check for working C compiler: /usr/bin/cc - skipped
[0.545s] -- Detecting C compile features
[0.546s] -- Detecting C compile features - done
[0.548s] -- Detecting CXX compiler ABI info
[0.637s] -- Detecting CXX compiler ABI info - done
[0.647s] -- Check for working CXX compiler: /usr/bin/c++ - skipped
[0.647s] -- Detecting CXX compile features
[0.648s] -- Detecting CXX compile features - done
[0.651s] -- Found ament_cmake: 1.3.6 (/opt/ros/humble/share/ament_cmake/cmake)
[0.850s] -- Found Python3: /usr/bin/python3.10 (found version "3.10.12") found components: Interpreter 
[0.930s] -- Override CMake install command with custom implementation using symlinks instead of copying resources
[1.045s] -- Configuring done
[1.049s] -- Generating done
[1.050s] [33mCMake Warning:
[1.050s]   Manually-specified variables were not used by the project:
[1.050s] 
[1.050s]     CMAKE_EXPORT_COMPILE_COMMANDS
[1.050s] 
[1.050s] [0m
[1.050s] -- Build files have been written to: /home/ros/docker_pronto_ws/build/pronto_quadruped_commons
[1.058s] Invoked command in '/home/ros/docker_pronto_ws/build/pronto_quadruped_commons' returned '0': CMAKE_PREFIX_PATH=${CMAKE_PREFIX_PATH}:/home/ros/docker_pronto_ws/install/planners_python:/home/ros/docker_pronto_ws/install/logger_gazebo:/home/ros/docker_pronto_ws/install/terrain_estimator:/home/ros/docker_pronto_ws/install/pose_estimator:/opt/ros/humble /usr/bin/cmake /home/ros/docker_pronto_ws/src/pronto_quadruped_commons -DCMAKE_BUILD_TYPE=Release -DCMAKE_EXPORT_COMPILE_COMMANDS=ON -DAMENT_CMAKE_SYMLINK_INSTALL=1 -DCMAKE_INSTALL_PREFIX=/home/ros/docker_pronto_ws/install/pronto_quadruped_commons
[1.058s] Invoking command in '/home/ros/docker_pronto_ws/build/pronto_quadruped_commons': CMAKE_PREFIX_PATH=${CMAKE_PREFIX_PATH}:/home/ros/docker_pronto_ws/install/planners_python:/home/ros/docker_pronto_ws/install/logger_gazebo:/home/ros/docker_pronto_ws/install/terrain_estimator:/home/ros/docker_pronto_ws/install/pose_estimator:/opt/ros/humble /usr/bin/cmake --build /home/ros/docker_pronto_ws/build/pronto_quadruped_commons -- -j16 -l16
[1.229s] Invoked command in '/home/ros/docker_pronto_ws/build/pronto_quadruped_commons' returned '0': CMAKE_PREFIX_PATH=${CMAKE_PREFIX_PATH}:/home/ros/docker_pronto_ws/install/planners_python:/home/ros/docker_pronto_ws/install/logger_gazebo:/home/ros/docker_pronto_ws/install/terrain_estimator:/home/ros/docker_pronto_ws/install/pose_estimator:/opt/ros/humble /usr/bin/cmake --build /home/ros/docker_pronto_ws/build/pronto_quadruped_commons -- -j16 -l16
[1.497s] Invoking command in '/home/ros/docker_pronto_ws/build/pronto_quadruped_commons': CMAKE_PREFIX_PATH=${CMAKE_PREFIX_PATH}:/home/ros/docker_pronto_ws/install/planners_python:/home/ros/docker_pronto_ws/install/logger_gazebo:/home/ros/docker_pronto_ws/install/terrain_estimator:/home/ros/docker_pronto_ws/install/pose_estimator:/opt/ros/humble /usr/bin/cmake --install /home/ros/docker_pronto_ws/build/pronto_quadruped_commons
[2.237s] -- Install configuration: "Release"
[2.237s] -- Execute custom install script
[2.237s] -- Symlinking: /home/ros/docker_pronto_ws/install/pronto_quadruped_commons/include/iit/rbd/InertiaMatrix.h
[2.237s] -- Symlinking: /home/ros/docker_pronto_ws/install/pronto_quadruped_commons/include/iit/rbd/StateDependentBase.h
[2.237s] -- Symlinking: /home/ros/docker_pronto_ws/install/pronto_quadruped_commons/include/iit/rbd/StateDependentMatrix.h
[2.237s] -- Symlinking: /home/ros/docker_pronto_ws/install/pronto_quadruped_commons/include/iit/rbd/TransformsBase.h
[2.237s] -- Symlinking: /home/ros/docker_pronto_ws/install/pronto_quadruped_commons/include/iit/rbd/eigen_traits.h
[2.237s] -- Symlinking: /home/ros/docker_pronto_ws/install/pronto_quadruped_commons/include/iit/rbd/internals.h
[2.238s] -- Symlinking: /home/ros/docker_pronto_ws/install/pronto_quadruped_commons/include/iit/rbd/rbd.h
[2.238s] -- Symlinking: /home/ros/docker_pronto_ws/install/pronto_quadruped_commons/include/iit/rbd/robcogen_commons.h
[2.238s] -- Symlinking: /home/ros/docker_pronto_ws/install/pronto_quadruped_commons/include/iit/rbd/scalar_traits.h
[2.238s] -- Symlinking: /home/ros/docker_pronto_ws/install/pronto_quadruped_commons/include/iit/rbd/utils.h
[2.238s] -- Symlinking: /home/ros/docker_pronto_ws/install/pronto_quadruped_commons/include/pronto_quadruped_commons/declarations.h
[2.238s] -- Symlinking: /home/ros/docker_pronto_ws/install/pronto_quadruped_commons/include/pronto_quadruped_commons/feet_contact_forces.h
[2.238s] -- Symlinking: /home/ros/docker_pronto_ws/install/pronto_quadruped_commons/include/pronto_quadruped_commons/feet_jacobians.h
[2.238s] -- Symlinking: /home/ros/docker_pronto_ws/install/pronto_quadruped_commons/include/pronto_quadruped_commons/forward_kinematics.h
[2.238s] -- Symlinking: /home/ros/docker_pronto_ws/install/pronto_quadruped_commons/include/pronto_quadruped_commons/geometry/algebra.h
[2.238s] -- Symlinking: /home/ros/docker_pronto_ws/install/pronto_quadruped_commons/include/pronto_quadruped_commons/geometry/rotations.h
[2.239s] -- Symlinking: /home/ros/docker_pronto_ws/install/pronto_quadruped_commons/include/pronto_quadruped_commons/inertia_properties.h
[2.239s] -- Symlinking: /home/ros/docker_pronto_ws/install/pronto_quadruped_commons/include/pronto_quadruped_commons/inverse_dynamics.h
[2.239s] -- Symlinking: /home/ros/docker_pronto_ws/install/pronto_quadruped_commons/include/pronto_quadruped_commons/inverse_kinematics.h
[2.239s] -- Symlinking: /home/ros/docker_pronto_ws/install/pronto_quadruped_commons/include/pronto_quadruped_commons/joint_bool_map.h
[2.239s] -- Symlinking: /home/ros/docker_pronto_ws/install/pronto_quadruped_commons/include/pronto_quadruped_commons/joint_data_map.h
[2.239s] -- Symlinking: /home/ros/docker_pronto_ws/install/pronto_quadruped_commons/include/pronto_quadruped_commons/joint_id_tricks.h
[2.239s] -- Symlinking: /home/ros/docker_pronto_ws/install/pronto_quadruped_commons/include/pronto_quadruped_commons/jsim.h
[2.276s] -- Symlinking: /home/ros/docker_pronto_ws/install/pronto_quadruped_commons/include/pronto_quadruped_commons/leg_bool_map.h
[2.308s] -- Symlinking: /home/ros/docker_pronto_ws/install/pronto_quadruped_commons/include/pronto_quadruped_commons/leg_data_map.h
[2.341s] -- Symlinking: /home/ros/docker_pronto_ws/install/pronto_quadruped_commons/include/pronto_quadruped_commons/leg_vector_map.h
[2.366s] -- Symlinking: /home/ros/docker_pronto_ws/install/pronto_quadruped_commons/include/pronto_quadruped_commons/link_data_map.h
[2.395s] -- Symlinking: /home/ros/docker_pronto_ws/install/pronto_quadruped_commons/include/pronto_quadruped_commons/robcogen/scalar/cppad.h
[2.424s] -- Symlinking: /home/ros/docker_pronto_ws/install/pronto_quadruped_commons/include/pronto_quadruped_commons/robcogen/scalar/internals.h
[2.438s] -- Symlinking: /home/ros/docker_pronto_ws/install/pronto_quadruped_commons/include/pronto_quadruped_commons/robcogen/test/cmdline_fd.h
[2.452s] -- Symlinking: /home/ros/docker_pronto_ws/install/pronto_quadruped_commons/include/pronto_quadruped_commons/robcogen/test/cmdline_id.h
[2.465s] -- Symlinking: /home/ros/docker_pronto_ws/install/pronto_quadruped_commons/include/pronto_quadruped_commons/robcogen/test/cmdline_jsim.h
[2.492s] -- Symlinking: /home/ros/docker_pronto_ws/install/pronto_quadruped_commons/include/pronto_quadruped_commons/robcogen/test/dynamics_cmd_line.h
[2.534s] -- Symlinking: /home/ros/docker_pronto_ws/install/pronto_quadruped_commons/include/pronto_quadruped_commons/robcogen/test/dynamics_consistency.h
[2.552s] -- Symlinking: /home/ros/docker_pronto_ws/install/pronto_quadruped_commons/include/pronto_quadruped_commons/robcogen/test/fext.h
[2.565s] -- Symlinking: /home/ros/docker_pronto_ws/install/pronto_quadruped_commons/include/pronto_quadruped_commons/robcogen/utils.h
[2.584s] -- Symlinking: /home/ros/docker_pronto_ws/install/pronto_quadruped_commons/include/pronto_quadruped_commons/transforms.h
[2.613s] -- Symlinking: /home/ros/docker_pronto_ws/install/pronto_quadruped_commons/share/ament_index/resource_index/package_run_dependencies/pronto_quadruped_commons
[2.640s] -- Symlinking: /home/ros/docker_pronto_ws/install/pronto_quadruped_commons/share/ament_index/resource_index/parent_prefix_path/pronto_quadruped_commons
[2.677s] -- Symlinking: /home/ros/docker_pronto_ws/install/pronto_quadruped_commons/share/pronto_quadruped_commons/environment/ament_prefix_path.sh
[2.690s] -- Symlinking: /home/ros/docker_pronto_ws/install/pronto_quadruped_commons/share/pronto_quadruped_commons/environment/ament_prefix_path.dsv
[2.703s] -- Symlinking: /home/ros/docker_pronto_ws/install/pronto_quadruped_commons/share/pronto_quadruped_commons/environment/path.sh
[2.762s] -- Symlinking: /home/ros/docker_pronto_ws/install/pronto_quadruped_commons/share/pronto_quadruped_commons/environment/path.dsv
[2.786s] -- Symlinking: /home/ros/docker_pronto_ws/install/pronto_quadruped_commons/share/pronto_quadruped_commons/local_setup.bash
[2.821s] -- Symlinking: /home/ros/docker_pronto_ws/install/pronto_quadruped_commons/share/pronto_quadruped_commons/local_setup.sh
[2.834s] -- Symlinking: /home/ros/docker_pronto_ws/install/pronto_quadruped_commons/share/pronto_quadruped_commons/local_setup.zsh
[2.846s] -- Symlinking: /home/ros/docker_pronto_ws/install/pronto_quadruped_commons/share/pronto_quadruped_commons/local_setup.dsv
[2.859s] -- Symlinking: /home/ros/docker_pronto_ws/install/pronto_quadruped_commons/share/pronto_quadruped_commons/package.dsv
[2.871s] -- Symlinking: /home/ros/docker_pronto_ws/install/pronto_quadruped_commons/share/ament_index/resource_index/packages/pronto_quadruped_commons
[2.884s] -- Symlinking: /home/ros/docker_pronto_ws/install/pronto_quadruped_commons/share/pronto_quadruped_commons/cmake/ament_cmake_export_dependencies-extras.cmake
[2.896s] -- Symlinking: /home/ros/docker_pronto_ws/install/pronto_quadruped_commons/share/pronto_quadruped_commons/cmake/ament_cmake_export_include_directories-extras.cmake
[2.932s] -- Symlinking: /home/ros/docker_pronto_ws/install/pronto_quadruped_commons/share/pronto_quadruped_commons/cmake/pronto_quadruped_commonsConfig.cmake
[2.934s] -- Symlinking: /home/ros/docker_pronto_ws/install/pronto_quadruped_commons/share/pronto_quadruped_commons/cmake/pronto_quadruped_commonsConfig-version.cmake
[2.948s] -- Symlinking: /home/ros/docker_pronto_ws/install/pronto_quadruped_commons/share/pronto_quadruped_commons/package.xml
[3.042s] Invoked command in '/home/ros/docker_pronto_ws/build/pronto_quadruped_commons' returned '0': CMAKE_PREFIX_PATH=${CMAKE_PREFIX_PATH}:/home/ros/docker_pronto_ws/install/planners_python:/home/ros/docker_pronto_ws/install/logger_gazebo:/home/ros/docker_pronto_ws/install/terrain_estimator:/home/ros/docker_pronto_ws/install/pose_estimator:/opt/ros/humble /usr/bin/cmake --install /home/ros/docker_pronto_ws/build/pronto_quadruped_commons
