-- The C compiler identification is GNU 11.4.0
-- The CXX compiler identification is GNU 11.4.0
-- Detecting C compiler ABI info
-- Detecting C compiler ABI info - done
-- Check for working C compiler: /usr/bin/cc - skipped
-- Detecting C compile features
-- Detecting C compile features - done
-- Detecting CXX compiler ABI info
-- Detecting CXX compiler ABI info - done
-- Check for working CXX compiler: /usr/bin/c++ - skipped
-- Detecting CXX compile features
-- Detecting CXX compile features - done
-- Found ament_cmake: 1.3.6 (/opt/ros/humble/share/ament_cmake/cmake)
-- Found Python3: /usr/bin/python3.10 (found version "3.10.12") found components: Interpreter 
-- Override CMake install command with custom implementation using symlinks instead of copying resources
-- Found controller_interface: 2.37.0 (/opt/ros/humble/share/controller_interface/cmake)
-- Found rosidl_generator_c: 3.1.5 (/opt/ros/humble/share/rosidl_generator_c/cmake)
-- Found rosidl_adapter: 3.1.5 (/opt/ros/humble/share/rosidl_adapter/cmake)
-- Found rosidl_generator_cpp: 3.1.5 (/opt/ros/humble/share/rosidl_generator_cpp/cmake)
-- Using all available rosidl_typesupport_c: rosidl_typesupport_fastrtps_c;rosidl_typesupport_introspection_c
-- Using all available rosidl_typesupport_cpp: rosidl_typesupport_fastrtps_cpp;rosidl_typesupport_introspection_cpp
-- Found rmw_implementation_cmake: 6.1.1 (/opt/ros/humble/share/rmw_implementation_cmake/cmake)
-- Found rmw_fastrtps_cpp: 6.2.5 (/opt/ros/humble/share/rmw_fastrtps_cpp/cmake)
-- Found TinyXML2 via Config file: TinyXML2_DIR-NOTFOUND
-- Found OpenSSL: /usr/lib/x86_64-linux-gnu/libcrypto.so (found version "3.0.2")  
-- Found TinyXML2 via Config file: TinyXML2_DIR-NOTFOUND
-- Found FastRTPS: /opt/ros/humble/include  
-- Found TinyXML2 via Config file: TinyXML2_DIR-NOTFOUND
-- Found TinyXML2 via Config file: TinyXML2_DIR-NOTFOUND
-- Using RMW implementation 'rmw_fastrtps_cpp' as default
-- Looking for pthread.h
-- Looking for pthread.h - found
-- Performing Test CMAKE_HAVE_LIBC_PTHREAD
-- Performing Test CMAKE_HAVE_LIBC_PTHREAD - Success
-- Found Threads: TRUE  
-- Found gazebo_msgs: 3.7.0 (/opt/ros/humble/share/gazebo_msgs/cmake)
-- Found generalized_pose_msgs: 0.0.0 (/home/ros/docker_pronto_ws/install/generalized_pose_msgs/share/generalized_pose_msgs/cmake)
-- Found rviz_legged_msgs: 0.0.0 (/home/ros/docker_pronto_ws/install/rviz_legged_msgs/share/rviz_legged_msgs/cmake)
-- Found velocity_command_msgs: 0.0.0 (/home/ros/docker_pronto_ws/install/velocity_command_msgs/share/velocity_command_msgs/cmake)
-- Found quadprog: 0.0.0 (/home/ros/docker_pronto_ws/install/quadprog/share/quadprog/cmake)
-- Found ament_cmake_gtest: 1.3.6 (/opt/ros/humble/share/ament_cmake_gtest/cmake)
-- Found gtest sources under '/opt/ros/humble/src/gtest_vendor': C++ tests using 'Google Test' will be built
-- Configuring done
-- Generating done
-- Build files have been written to: /home/ros/docker_pronto_ws/build/lip_walking_trot_planner
[  9%] [32mBuilding CXX object gtest/CMakeFiles/gtest_main.dir/src/gtest_main.cc.o[0m
[ 18%] [32mBuilding CXX object CMakeFiles/lip_walking_trot_planner.dir/src/quaternion_math.cpp.o[0m
[ 27%] [32mBuilding CXX object CMakeFiles/lip_walking_trot_planner.dir/src/interpolator.cpp.o[0m
[ 36%] [32mBuilding CXX object gtest/CMakeFiles/gtest.dir/src/gtest-all.cc.o[0m
[ 45%] [32mBuilding CXX object CMakeFiles/lip_walking_trot_planner.dir/src/lip_planner.cpp.o[0m
[ 54%] [32mBuilding CXX object CMakeFiles/lip_walking_trot_planner.dir/src/lip_walking_trot_planner_controller.cpp.o[0m
[ 63%] [32m[1mLinking CXX static library libgtest_main.a[0m
[ 63%] Built target gtest_main
[ 72%] [32m[1mLinking CXX static library libgtest.a[0m
[ 72%] Built target gtest
[ 81%] [32m[1mLinking CXX shared library liblip_walking_trot_planner.so[0m
[ 81%] Built target lip_walking_trot_planner
[ 90%] [32mBuilding CXX object CMakeFiles/lip_walking_trot_planner_test.dir/test/test_interpolator.cpp.o[0m
[100%] [32m[1mLinking CXX executable lip_walking_trot_planner_test[0m
[100%] Built target lip_walking_trot_planner_test
-- Install configuration: "Release"
-- Execute custom install script
-- Symlinking: /home/ros/docker_pronto_ws/install/lip_walking_trot_planner/share/lip_walking_trot_planner//lip_walking_trot_planner_controller.xml
-- Symlinking: /home/ros/docker_pronto_ws/install/lip_walking_trot_planner/share/lip_walking_trot_planner/environment/library_path.sh
-- Symlinking: /home/ros/docker_pronto_ws/install/lip_walking_trot_planner/share/lip_walking_trot_planner/environment/library_path.dsv
-- Symlinking: /home/ros/docker_pronto_ws/install/lip_walking_trot_planner/include/lip_walking_trot_planner/lip_walking_trot_planner/fading_filter.tpp
-- Symlinking: /home/ros/docker_pronto_ws/install/lip_walking_trot_planner/include/lip_walking_trot_planner/lip_walking_trot_planner/interpolator.hpp
-- Symlinking: /home/ros/docker_pronto_ws/install/lip_walking_trot_planner/include/lip_walking_trot_planner/lip_walking_trot_planner/lip_planner.hpp
-- Symlinking: /home/ros/docker_pronto_ws/install/lip_walking_trot_planner/include/lip_walking_trot_planner/lip_walking_trot_planner/lip_walking_trot_planner_controller.hpp
-- Symlinking: /home/ros/docker_pronto_ws/install/lip_walking_trot_planner/include/lip_walking_trot_planner/lip_walking_trot_planner/quaternion_math.hpp
-- Symlinking: /home/ros/docker_pronto_ws/install/lip_walking_trot_planner/share/ament_index/resource_index/package_run_dependencies/lip_walking_trot_planner
-- Symlinking: /home/ros/docker_pronto_ws/install/lip_walking_trot_planner/share/ament_index/resource_index/parent_prefix_path/lip_walking_trot_planner
-- Symlinking: /home/ros/docker_pronto_ws/install/lip_walking_trot_planner/share/lip_walking_trot_planner/environment/ament_prefix_path.sh
-- Symlinking: /home/ros/docker_pronto_ws/install/lip_walking_trot_planner/share/lip_walking_trot_planner/environment/ament_prefix_path.dsv
-- Symlinking: /home/ros/docker_pronto_ws/install/lip_walking_trot_planner/share/lip_walking_trot_planner/environment/path.sh
-- Symlinking: /home/ros/docker_pronto_ws/install/lip_walking_trot_planner/share/lip_walking_trot_planner/environment/path.dsv
-- Symlinking: /home/ros/docker_pronto_ws/install/lip_walking_trot_planner/share/lip_walking_trot_planner/local_setup.bash
-- Symlinking: /home/ros/docker_pronto_ws/install/lip_walking_trot_planner/share/lip_walking_trot_planner/local_setup.sh
-- Symlinking: /home/ros/docker_pronto_ws/install/lip_walking_trot_planner/share/lip_walking_trot_planner/local_setup.zsh
-- Symlinking: /home/ros/docker_pronto_ws/install/lip_walking_trot_planner/share/lip_walking_trot_planner/local_setup.dsv
-- Symlinking: /home/ros/docker_pronto_ws/install/lip_walking_trot_planner/share/lip_walking_trot_planner/package.dsv
-- Symlinking: /home/ros/docker_pronto_ws/install/lip_walking_trot_planner/share/ament_index/resource_index/packages/lip_walking_trot_planner
-- Symlinking: /home/ros/docker_pronto_ws/install/lip_walking_trot_planner/share/ament_index/resource_index/controller_interface__pluginlib__plugin/lip_walking_trot_planner
-- Symlinking: /home/ros/docker_pronto_ws/install/lip_walking_trot_planner/share/lip_walking_trot_planner/cmake/ament_cmake_export_targets-extras.cmake
-- Symlinking: /home/ros/docker_pronto_ws/install/lip_walking_trot_planner/share/lip_walking_trot_planner/cmake/ament_cmake_export_dependencies-extras.cmake
-- Symlinking: /home/ros/docker_pronto_ws/install/lip_walking_trot_planner/share/lip_walking_trot_planner/cmake/lip_walking_trot_plannerConfig.cmake
-- Symlinking: /home/ros/docker_pronto_ws/install/lip_walking_trot_planner/share/lip_walking_trot_planner/cmake/lip_walking_trot_plannerConfig-version.cmake
-- Symlinking: /home/ros/docker_pronto_ws/install/lip_walking_trot_planner/share/lip_walking_trot_planner/package.xml
-- Installing: /home/ros/docker_pronto_ws/install/lip_walking_trot_planner/lib/liblip_walking_trot_planner.so
-- Set runtime path of "/home/ros/docker_pronto_ws/install/lip_walking_trot_planner/lib/liblip_walking_trot_planner.so" to ""
-- Installing: /home/ros/docker_pronto_ws/install/lip_walking_trot_planner/share/lip_walking_trot_planner/cmake/lip_walking_trot_planner_targetsExport.cmake
-- Installing: /home/ros/docker_pronto_ws/install/lip_walking_trot_planner/share/lip_walking_trot_planner/cmake/lip_walking_trot_planner_targetsExport-release.cmake
