[ 10%] Built target generalized_pose_msgs__rosidl_generator_c
[ 12%] Built target generalized_pose_msgs__cpp
[ 12%] Built target ament_cmake_python_symlink_generalized_pose_msgs
[ 23%] Built target generalized_pose_msgs__rosidl_typesupport_introspection_c
[ 34%] Built target generalized_pose_msgs__rosidl_typesupport_fastrtps_c
[ 44%] Built target generalized_pose_msgs__rosidl_typesupport_fastrtps_cpp
[ 55%] Built target generalized_pose_msgs__rosidl_typesupport_introspection_cpp
[ 65%] Built target generalized_pose_msgs__rosidl_typesupport_cpp
[ 76%] Built target generalized_pose_msgs__rosidl_typesupport_c
[ 76%] Built target generalized_pose_msgs
[ 78%] Built target generalized_pose_msgs__py
[ 87%] Built target generalized_pose_msgs__rosidl_generator_py
[ 91%] Built target generalized_pose_msgs__rosidl_typesupport_c__pyext
[ 95%] Built target generalized_pose_msgs__rosidl_typesupport_fastrtps_c__pyext
[100%] Built target generalized_pose_msgs__rosidl_typesupport_introspection_c__pyext
running egg_info
writing generalized_pose_msgs.egg-info/PKG-INFO
writing dependency_links to generalized_pose_msgs.egg-info/dependency_links.txt
writing top-level names to generalized_pose_msgs.egg-info/top_level.txt
reading manifest file 'generalized_pose_msgs.egg-info/SOURCES.txt'
writing manifest file 'generalized_pose_msgs.egg-info/SOURCES.txt'
[100%] Built target ament_cmake_python_build_generalized_pose_msgs_egg
-- Install configuration: "Release"
-- Execute custom install script
-- Up-to-date symlink: /home/ros/docker_pronto_ws/install/generalized_pose_msgs/share/ament_index/resource_index/rosidl_interfaces/generalized_pose_msgs
-- Up-to-date symlink: /home/ros/docker_pronto_ws/install/generalized_pose_msgs/include/generalized_pose_msgs/generalized_pose_msgs/msg/detail/generalized_pose__functions.h
-- Up-to-date symlink: /home/ros/docker_pronto_ws/install/generalized_pose_msgs/include/generalized_pose_msgs/generalized_pose_msgs/msg/detail/generalized_pose__struct.h
-- Up-to-date symlink: /home/ros/docker_pronto_ws/install/generalized_pose_msgs/include/generalized_pose_msgs/generalized_pose_msgs/msg/detail/generalized_pose__type_support.h
-- Up-to-date symlink: /home/ros/docker_pronto_ws/install/generalized_pose_msgs/include/generalized_pose_msgs/generalized_pose_msgs/msg/detail/generalized_pose_with_time__functions.h
-- Up-to-date symlink: /home/ros/docker_pronto_ws/install/generalized_pose_msgs/include/generalized_pose_msgs/generalized_pose_msgs/msg/detail/generalized_pose_with_time__struct.h
-- Up-to-date symlink: /home/ros/docker_pronto_ws/install/generalized_pose_msgs/include/generalized_pose_msgs/generalized_pose_msgs/msg/detail/generalized_pose_with_time__type_support.h
-- Up-to-date symlink: /home/ros/docker_pronto_ws/install/generalized_pose_msgs/include/generalized_pose_msgs/generalized_pose_msgs/msg/detail/generalized_poses_with_time__functions.h
-- Up-to-date symlink: /home/ros/docker_pronto_ws/install/generalized_pose_msgs/include/generalized_pose_msgs/generalized_pose_msgs/msg/detail/generalized_poses_with_time__struct.h
-- Up-to-date symlink: /home/ros/docker_pronto_ws/install/generalized_pose_msgs/include/generalized_pose_msgs/generalized_pose_msgs/msg/detail/generalized_poses_with_time__type_support.h
-- Up-to-date symlink: /home/ros/docker_pronto_ws/install/generalized_pose_msgs/include/generalized_pose_msgs/generalized_pose_msgs/msg/generalized_pose.h
-- Up-to-date symlink: /home/ros/docker_pronto_ws/install/generalized_pose_msgs/include/generalized_pose_msgs/generalized_pose_msgs/msg/generalized_pose_with_time.h
-- Up-to-date symlink: /home/ros/docker_pronto_ws/install/generalized_pose_msgs/include/generalized_pose_msgs/generalized_pose_msgs/msg/generalized_poses_with_time.h
-- Up-to-date symlink: /home/ros/docker_pronto_ws/install/generalized_pose_msgs/include/generalized_pose_msgs/generalized_pose_msgs/msg/rosidl_generator_c__visibility_control.h
-- Up-to-date symlink: /home/ros/docker_pronto_ws/install/generalized_pose_msgs/share/generalized_pose_msgs/environment/library_path.sh
-- Up-to-date symlink: /home/ros/docker_pronto_ws/install/generalized_pose_msgs/share/generalized_pose_msgs/environment/library_path.dsv
-- Up-to-date symlink: /home/ros/docker_pronto_ws/install/generalized_pose_msgs/include/generalized_pose_msgs/generalized_pose_msgs/msg/detail/generalized_pose__rosidl_typesupport_fastrtps_c.h
-- Up-to-date symlink: /home/ros/docker_pronto_ws/install/generalized_pose_msgs/include/generalized_pose_msgs/generalized_pose_msgs/msg/detail/generalized_pose_with_time__rosidl_typesupport_fastrtps_c.h
-- Up-to-date symlink: /home/ros/docker_pronto_ws/install/generalized_pose_msgs/include/generalized_pose_msgs/generalized_pose_msgs/msg/detail/generalized_poses_with_time__rosidl_typesupport_fastrtps_c.h
-- Up-to-date symlink: /home/ros/docker_pronto_ws/install/generalized_pose_msgs/include/generalized_pose_msgs/generalized_pose_msgs/msg/rosidl_typesupport_fastrtps_c__visibility_control.h
-- Up-to-date symlink: /home/ros/docker_pronto_ws/install/generalized_pose_msgs/include/generalized_pose_msgs/generalized_pose_msgs/msg/detail/generalized_pose__rosidl_typesupport_introspection_c.h
-- Up-to-date symlink: /home/ros/docker_pronto_ws/install/generalized_pose_msgs/include/generalized_pose_msgs/generalized_pose_msgs/msg/detail/generalized_pose_with_time__rosidl_typesupport_introspection_c.h
-- Up-to-date symlink: /home/ros/docker_pronto_ws/install/generalized_pose_msgs/include/generalized_pose_msgs/generalized_pose_msgs/msg/detail/generalized_poses_with_time__rosidl_typesupport_introspection_c.h
-- Up-to-date symlink: /home/ros/docker_pronto_ws/install/generalized_pose_msgs/include/generalized_pose_msgs/generalized_pose_msgs/msg/rosidl_typesupport_introspection_c__visibility_control.h
-- Up-to-date symlink: /home/ros/docker_pronto_ws/install/generalized_pose_msgs/include/generalized_pose_msgs/generalized_pose_msgs/msg/detail/generalized_pose__builder.hpp
-- Up-to-date symlink: /home/ros/docker_pronto_ws/install/generalized_pose_msgs/include/generalized_pose_msgs/generalized_pose_msgs/msg/detail/generalized_pose__struct.hpp
-- Up-to-date symlink: /home/ros/docker_pronto_ws/install/generalized_pose_msgs/include/generalized_pose_msgs/generalized_pose_msgs/msg/detail/generalized_pose__traits.hpp
-- Up-to-date symlink: /home/ros/docker_pronto_ws/install/generalized_pose_msgs/include/generalized_pose_msgs/generalized_pose_msgs/msg/detail/generalized_pose_with_time__builder.hpp
-- Up-to-date symlink: /home/ros/docker_pronto_ws/install/generalized_pose_msgs/include/generalized_pose_msgs/generalized_pose_msgs/msg/detail/generalized_pose_with_time__struct.hpp
-- Up-to-date symlink: /home/ros/docker_pronto_ws/install/generalized_pose_msgs/include/generalized_pose_msgs/generalized_pose_msgs/msg/detail/generalized_pose_with_time__traits.hpp
-- Up-to-date symlink: /home/ros/docker_pronto_ws/install/generalized_pose_msgs/include/generalized_pose_msgs/generalized_pose_msgs/msg/detail/generalized_poses_with_time__builder.hpp
-- Up-to-date symlink: /home/ros/docker_pronto_ws/install/generalized_pose_msgs/include/generalized_pose_msgs/generalized_pose_msgs/msg/detail/generalized_poses_with_time__struct.hpp
-- Up-to-date symlink: /home/ros/docker_pronto_ws/install/generalized_pose_msgs/include/generalized_pose_msgs/generalized_pose_msgs/msg/detail/generalized_poses_with_time__traits.hpp
-- Up-to-date symlink: /home/ros/docker_pronto_ws/install/generalized_pose_msgs/include/generalized_pose_msgs/generalized_pose_msgs/msg/generalized_pose.hpp
-- Up-to-date symlink: /home/ros/docker_pronto_ws/install/generalized_pose_msgs/include/generalized_pose_msgs/generalized_pose_msgs/msg/generalized_pose_with_time.hpp
-- Up-to-date symlink: /home/ros/docker_pronto_ws/install/generalized_pose_msgs/include/generalized_pose_msgs/generalized_pose_msgs/msg/generalized_poses_with_time.hpp
-- Up-to-date symlink: /home/ros/docker_pronto_ws/install/generalized_pose_msgs/include/generalized_pose_msgs/generalized_pose_msgs/msg/detail/generalized_pose__rosidl_typesupport_fastrtps_cpp.hpp
-- Up-to-date symlink: /home/ros/docker_pronto_ws/install/generalized_pose_msgs/include/generalized_pose_msgs/generalized_pose_msgs/msg/detail/generalized_pose_with_time__rosidl_typesupport_fastrtps_cpp.hpp
-- Up-to-date symlink: /home/ros/docker_pronto_ws/install/generalized_pose_msgs/include/generalized_pose_msgs/generalized_pose_msgs/msg/detail/generalized_poses_with_time__rosidl_typesupport_fastrtps_cpp.hpp
-- Up-to-date symlink: /home/ros/docker_pronto_ws/install/generalized_pose_msgs/include/generalized_pose_msgs/generalized_pose_msgs/msg/rosidl_typesupport_fastrtps_cpp__visibility_control.h
-- Up-to-date symlink: /home/ros/docker_pronto_ws/install/generalized_pose_msgs/include/generalized_pose_msgs/generalized_pose_msgs/msg/detail/generalized_pose__rosidl_typesupport_introspection_cpp.hpp
-- Up-to-date symlink: /home/ros/docker_pronto_ws/install/generalized_pose_msgs/include/generalized_pose_msgs/generalized_pose_msgs/msg/detail/generalized_pose_with_time__rosidl_typesupport_introspection_cpp.hpp
-- Up-to-date symlink: /home/ros/docker_pronto_ws/install/generalized_pose_msgs/include/generalized_pose_msgs/generalized_pose_msgs/msg/detail/generalized_poses_with_time__rosidl_typesupport_introspection_cpp.hpp
-- Up-to-date symlink: /home/ros/docker_pronto_ws/install/generalized_pose_msgs/share/generalized_pose_msgs/environment/pythonpath.sh
-- Up-to-date symlink: /home/ros/docker_pronto_ws/install/generalized_pose_msgs/share/generalized_pose_msgs/environment/pythonpath.dsv
-- Up-to-date symlink: /home/ros/docker_pronto_ws/install/generalized_pose_msgs/local/lib/python3.10/dist-packages/generalized_pose_msgs-0.0.0-py3.10.egg-info/PKG-INFO
-- Up-to-date symlink: /home/ros/docker_pronto_ws/install/generalized_pose_msgs/local/lib/python3.10/dist-packages/generalized_pose_msgs-0.0.0-py3.10.egg-info/SOURCES.txt
-- Up-to-date symlink: /home/ros/docker_pronto_ws/install/generalized_pose_msgs/local/lib/python3.10/dist-packages/generalized_pose_msgs-0.0.0-py3.10.egg-info/dependency_links.txt
-- Up-to-date symlink: /home/ros/docker_pronto_ws/install/generalized_pose_msgs/local/lib/python3.10/dist-packages/generalized_pose_msgs-0.0.0-py3.10.egg-info/top_level.txt
-- Up-to-date symlink: /home/ros/docker_pronto_ws/install/generalized_pose_msgs/local/lib/python3.10/dist-packages/generalized_pose_msgs/__init__.py
-- Up-to-date symlink: /home/ros/docker_pronto_ws/install/generalized_pose_msgs/local/lib/python3.10/dist-packages/generalized_pose_msgs/_generalized_pose_msgs_s.ep.rosidl_typesupport_c.c
-- Up-to-date symlink: /home/ros/docker_pronto_ws/install/generalized_pose_msgs/local/lib/python3.10/dist-packages/generalized_pose_msgs/_generalized_pose_msgs_s.ep.rosidl_typesupport_fastrtps_c.c
-- Up-to-date symlink: /home/ros/docker_pronto_ws/install/generalized_pose_msgs/local/lib/python3.10/dist-packages/generalized_pose_msgs/_generalized_pose_msgs_s.ep.rosidl_typesupport_introspection_c.c
-- Up-to-date symlink: /home/ros/docker_pronto_ws/install/generalized_pose_msgs/local/lib/python3.10/dist-packages/generalized_pose_msgs/generalized_pose_msgs_s__rosidl_typesupport_c.cpython-310-x86_64-linux-gnu.so
-- Up-to-date symlink: /home/ros/docker_pronto_ws/install/generalized_pose_msgs/local/lib/python3.10/dist-packages/generalized_pose_msgs/generalized_pose_msgs_s__rosidl_typesupport_fastrtps_c.cpython-310-x86_64-linux-gnu.so
-- Up-to-date symlink: /home/ros/docker_pronto_ws/install/generalized_pose_msgs/local/lib/python3.10/dist-packages/generalized_pose_msgs/generalized_pose_msgs_s__rosidl_typesupport_introspection_c.cpython-310-x86_64-linux-gnu.so
-- Up-to-date symlink: /home/ros/docker_pronto_ws/install/generalized_pose_msgs/local/lib/python3.10/dist-packages/generalized_pose_msgs/libgeneralized_pose_msgs__rosidl_generator_py.so
-- Up-to-date symlink: /home/ros/docker_pronto_ws/install/generalized_pose_msgs/local/lib/python3.10/dist-packages/generalized_pose_msgs/msg/__init__.py
-- Up-to-date symlink: /home/ros/docker_pronto_ws/install/generalized_pose_msgs/local/lib/python3.10/dist-packages/generalized_pose_msgs/msg/_generalized_pose.py
-- Up-to-date symlink: /home/ros/docker_pronto_ws/install/generalized_pose_msgs/local/lib/python3.10/dist-packages/generalized_pose_msgs/msg/_generalized_pose_s.c
-- Up-to-date symlink: /home/ros/docker_pronto_ws/install/generalized_pose_msgs/local/lib/python3.10/dist-packages/generalized_pose_msgs/msg/_generalized_pose_with_time.py
-- Up-to-date symlink: /home/ros/docker_pronto_ws/install/generalized_pose_msgs/local/lib/python3.10/dist-packages/generalized_pose_msgs/msg/_generalized_pose_with_time_s.c
-- Up-to-date symlink: /home/ros/docker_pronto_ws/install/generalized_pose_msgs/local/lib/python3.10/dist-packages/generalized_pose_msgs/msg/_generalized_poses_with_time.py
-- Up-to-date symlink: /home/ros/docker_pronto_ws/install/generalized_pose_msgs/local/lib/python3.10/dist-packages/generalized_pose_msgs/msg/_generalized_poses_with_time_s.c
-- Up-to-date symlink: /home/ros/docker_pronto_ws/install/generalized_pose_msgs/local/lib/python3.10/dist-packages/generalized_pose_msgs/generalized_pose_msgs_s__rosidl_typesupport_fastrtps_c.cpython-310-x86_64-linux-gnu.so
-- Up-to-date symlink: /home/ros/docker_pronto_ws/install/generalized_pose_msgs/local/lib/python3.10/dist-packages/generalized_pose_msgs/generalized_pose_msgs_s__rosidl_typesupport_introspection_c.cpython-310-x86_64-linux-gnu.so
-- Up-to-date symlink: /home/ros/docker_pronto_ws/install/generalized_pose_msgs/local/lib/python3.10/dist-packages/generalized_pose_msgs/generalized_pose_msgs_s__rosidl_typesupport_c.cpython-310-x86_64-linux-gnu.so
-- Up-to-date symlink: /home/ros/docker_pronto_ws/install/generalized_pose_msgs/share/generalized_pose_msgs/msg/GeneralizedPose.idl
-- Up-to-date symlink: /home/ros/docker_pronto_ws/install/generalized_pose_msgs/share/generalized_pose_msgs/msg/GeneralizedPoseWithTime.idl
-- Up-to-date symlink: /home/ros/docker_pronto_ws/install/generalized_pose_msgs/share/generalized_pose_msgs/msg/GeneralizedPosesWithTime.idl
-- Up-to-date symlink: /home/ros/docker_pronto_ws/install/generalized_pose_msgs/share/generalized_pose_msgs/msg/GeneralizedPose.msg
-- Up-to-date symlink: /home/ros/docker_pronto_ws/install/generalized_pose_msgs/share/generalized_pose_msgs/msg/GeneralizedPoseWithTime.msg
-- Up-to-date symlink: /home/ros/docker_pronto_ws/install/generalized_pose_msgs/share/generalized_pose_msgs/msg/GeneralizedPosesWithTime.msg
-- Up-to-date symlink: /home/ros/docker_pronto_ws/install/generalized_pose_msgs/include/generalized_pose_msgs/generalized_pose_msgs/generalized_pose_struct.hpp
-- Up-to-date symlink: /home/ros/docker_pronto_ws/install/generalized_pose_msgs/share/ament_index/resource_index/package_run_dependencies/generalized_pose_msgs
-- Up-to-date symlink: /home/ros/docker_pronto_ws/install/generalized_pose_msgs/share/ament_index/resource_index/parent_prefix_path/generalized_pose_msgs
-- Up-to-date symlink: /home/ros/docker_pronto_ws/install/generalized_pose_msgs/share/generalized_pose_msgs/environment/ament_prefix_path.sh
-- Up-to-date symlink: /home/ros/docker_pronto_ws/install/generalized_pose_msgs/share/generalized_pose_msgs/environment/ament_prefix_path.dsv
-- Up-to-date symlink: /home/ros/docker_pronto_ws/install/generalized_pose_msgs/share/generalized_pose_msgs/environment/path.sh
-- Up-to-date symlink: /home/ros/docker_pronto_ws/install/generalized_pose_msgs/share/generalized_pose_msgs/environment/path.dsv
-- Up-to-date symlink: /home/ros/docker_pronto_ws/install/generalized_pose_msgs/share/generalized_pose_msgs/local_setup.bash
-- Up-to-date symlink: /home/ros/docker_pronto_ws/install/generalized_pose_msgs/share/generalized_pose_msgs/local_setup.sh
-- Up-to-date symlink: /home/ros/docker_pronto_ws/install/generalized_pose_msgs/share/generalized_pose_msgs/local_setup.zsh
-- Up-to-date symlink: /home/ros/docker_pronto_ws/install/generalized_pose_msgs/share/generalized_pose_msgs/local_setup.dsv
-- Symlinking: /home/ros/docker_pronto_ws/install/generalized_pose_msgs/share/generalized_pose_msgs/package.dsv
-- Up-to-date symlink: /home/ros/docker_pronto_ws/install/generalized_pose_msgs/share/ament_index/resource_index/packages/generalized_pose_msgs
-- Up-to-date symlink: /home/ros/docker_pronto_ws/install/generalized_pose_msgs/share/generalized_pose_msgs/cmake/rosidl_cmake-extras.cmake
-- Up-to-date symlink: /home/ros/docker_pronto_ws/install/generalized_pose_msgs/share/generalized_pose_msgs/cmake/ament_cmake_export_dependencies-extras.cmake
-- Up-to-date symlink: /home/ros/docker_pronto_ws/install/generalized_pose_msgs/share/generalized_pose_msgs/cmake/ament_cmake_export_include_directories-extras.cmake
-- Up-to-date symlink: /home/ros/docker_pronto_ws/install/generalized_pose_msgs/share/generalized_pose_msgs/cmake/ament_cmake_export_libraries-extras.cmake
-- Up-to-date symlink: /home/ros/docker_pronto_ws/install/generalized_pose_msgs/share/generalized_pose_msgs/cmake/ament_cmake_export_targets-extras.cmake
-- Up-to-date symlink: /home/ros/docker_pronto_ws/install/generalized_pose_msgs/share/generalized_pose_msgs/cmake/rosidl_cmake_export_typesupport_targets-extras.cmake
-- Up-to-date symlink: /home/ros/docker_pronto_ws/install/generalized_pose_msgs/share/generalized_pose_msgs/cmake/rosidl_cmake_export_typesupport_libraries-extras.cmake
-- Up-to-date symlink: /home/ros/docker_pronto_ws/install/generalized_pose_msgs/share/generalized_pose_msgs/cmake/generalized_pose_msgsConfig.cmake
-- Up-to-date symlink: /home/ros/docker_pronto_ws/install/generalized_pose_msgs/share/generalized_pose_msgs/cmake/generalized_pose_msgsConfig-version.cmake
-- Up-to-date symlink: /home/ros/docker_pronto_ws/install/generalized_pose_msgs/share/generalized_pose_msgs/package.xml
-- Up-to-date: /home/ros/docker_pronto_ws/install/generalized_pose_msgs/lib/libgeneralized_pose_msgs__rosidl_generator_c.so
-- Up-to-date: /home/ros/docker_pronto_ws/install/generalized_pose_msgs/lib/libgeneralized_pose_msgs__rosidl_typesupport_fastrtps_c.so
-- Up-to-date: /home/ros/docker_pronto_ws/install/generalized_pose_msgs/lib/libgeneralized_pose_msgs__rosidl_typesupport_introspection_c.so
-- Up-to-date: /home/ros/docker_pronto_ws/install/generalized_pose_msgs/lib/libgeneralized_pose_msgs__rosidl_typesupport_c.so
-- Up-to-date: /home/ros/docker_pronto_ws/install/generalized_pose_msgs/lib/libgeneralized_pose_msgs__rosidl_typesupport_fastrtps_cpp.so
-- Up-to-date: /home/ros/docker_pronto_ws/install/generalized_pose_msgs/lib/libgeneralized_pose_msgs__rosidl_typesupport_introspection_cpp.so
-- Up-to-date: /home/ros/docker_pronto_ws/install/generalized_pose_msgs/lib/libgeneralized_pose_msgs__rosidl_typesupport_cpp.so
Listing '/home/ros/docker_pronto_ws/install/generalized_pose_msgs/local/lib/python3.10/dist-packages/generalized_pose_msgs'...
Listing '/home/ros/docker_pronto_ws/install/generalized_pose_msgs/local/lib/python3.10/dist-packages/generalized_pose_msgs/msg'...
-- Up-to-date: /home/ros/docker_pronto_ws/install/generalized_pose_msgs/lib/libgeneralized_pose_msgs__rosidl_generator_py.so
-- Up-to-date: /home/ros/docker_pronto_ws/install/generalized_pose_msgs/share/generalized_pose_msgs/cmake/export_generalized_pose_msgs__rosidl_generator_cExport.cmake
-- Up-to-date: /home/ros/docker_pronto_ws/install/generalized_pose_msgs/share/generalized_pose_msgs/cmake/export_generalized_pose_msgs__rosidl_generator_cExport-release.cmake
-- Up-to-date: /home/ros/docker_pronto_ws/install/generalized_pose_msgs/share/generalized_pose_msgs/cmake/export_generalized_pose_msgs__rosidl_typesupport_fastrtps_cExport.cmake
-- Up-to-date: /home/ros/docker_pronto_ws/install/generalized_pose_msgs/share/generalized_pose_msgs/cmake/export_generalized_pose_msgs__rosidl_typesupport_fastrtps_cExport-release.cmake
-- Up-to-date: /home/ros/docker_pronto_ws/install/generalized_pose_msgs/share/generalized_pose_msgs/cmake/generalized_pose_msgs__rosidl_typesupport_introspection_cExport.cmake
-- Up-to-date: /home/ros/docker_pronto_ws/install/generalized_pose_msgs/share/generalized_pose_msgs/cmake/generalized_pose_msgs__rosidl_typesupport_introspection_cExport-release.cmake
-- Up-to-date: /home/ros/docker_pronto_ws/install/generalized_pose_msgs/share/generalized_pose_msgs/cmake/generalized_pose_msgs__rosidl_typesupport_cExport.cmake
-- Up-to-date: /home/ros/docker_pronto_ws/install/generalized_pose_msgs/share/generalized_pose_msgs/cmake/generalized_pose_msgs__rosidl_typesupport_cExport-release.cmake
-- Up-to-date: /home/ros/docker_pronto_ws/install/generalized_pose_msgs/share/generalized_pose_msgs/cmake/export_generalized_pose_msgs__rosidl_generator_cppExport.cmake
-- Up-to-date: /home/ros/docker_pronto_ws/install/generalized_pose_msgs/share/generalized_pose_msgs/cmake/export_generalized_pose_msgs__rosidl_typesupport_fastrtps_cppExport.cmake
-- Up-to-date: /home/ros/docker_pronto_ws/install/generalized_pose_msgs/share/generalized_pose_msgs/cmake/export_generalized_pose_msgs__rosidl_typesupport_fastrtps_cppExport-release.cmake
-- Up-to-date: /home/ros/docker_pronto_ws/install/generalized_pose_msgs/share/generalized_pose_msgs/cmake/generalized_pose_msgs__rosidl_typesupport_introspection_cppExport.cmake
-- Up-to-date: /home/ros/docker_pronto_ws/install/generalized_pose_msgs/share/generalized_pose_msgs/cmake/generalized_pose_msgs__rosidl_typesupport_introspection_cppExport-release.cmake
-- Up-to-date: /home/ros/docker_pronto_ws/install/generalized_pose_msgs/share/generalized_pose_msgs/cmake/generalized_pose_msgs__rosidl_typesupport_cppExport.cmake
-- Up-to-date: /home/ros/docker_pronto_ws/install/generalized_pose_msgs/share/generalized_pose_msgs/cmake/generalized_pose_msgs__rosidl_typesupport_cppExport-release.cmake
-- Up-to-date: /home/ros/docker_pronto_ws/install/generalized_pose_msgs/share/generalized_pose_msgs/cmake/export_generalized_pose_msgs__rosidl_generator_pyExport.cmake
-- Up-to-date: /home/ros/docker_pronto_ws/install/generalized_pose_msgs/share/generalized_pose_msgs/cmake/export_generalized_pose_msgs__rosidl_generator_pyExport-release.cmake
