-- The C compiler identification is GNU 11.4.0
-- The CXX compiler identification is GNU 11.4.0
-- Detecting C compiler ABI info
-- Detecting C compiler ABI info - done
-- Check for working C compiler: /usr/bin/cc - skipped
-- Detecting C compile features
-- Detecting C compile features - done
-- Detecting CXX compiler ABI info
-- Detecting CXX compiler ABI info - done
-- Check for working CXX compiler: /usr/bin/c++ - skipped
-- Detecting CXX compile features
-- Detecting CXX compile features - done
-- Found ament_cmake: 1.3.6 (/opt/ros/humble/share/ament_cmake/cmake)
-- Found Python3: /usr/bin/python3.10 (found version "3.10.12") found components: Interpreter 
-- Override CMake install command with custom implementation using symlinks instead of copying resources
-- Found controller_interface: 2.37.0 (/opt/ros/humble/share/controller_interface/cmake)
-- Found rosidl_generator_c: 3.1.5 (/opt/ros/humble/share/rosidl_generator_c/cmake)
-- Found rosidl_adapter: 3.1.5 (/opt/ros/humble/share/rosidl_adapter/cmake)
-- Found rosidl_generator_cpp: 3.1.5 (/opt/ros/humble/share/rosidl_generator_cpp/cmake)
-- Using all available rosidl_typesupport_c: rosidl_typesupport_fastrtps_c;rosidl_typesupport_introspection_c
-- Using all available rosidl_typesupport_cpp: rosidl_typesupport_fastrtps_cpp;rosidl_typesupport_introspection_cpp
-- Found rmw_implementation_cmake: 6.1.1 (/opt/ros/humble/share/rmw_implementation_cmake/cmake)
-- Found rmw_fastrtps_cpp: 6.2.5 (/opt/ros/humble/share/rmw_fastrtps_cpp/cmake)
-- Found TinyXML2 via Config file: TinyXML2_DIR-NOTFOUND
-- Found OpenSSL: /usr/lib/x86_64-linux-gnu/libcrypto.so (found version "3.0.2")  
-- Found TinyXML2 via Config file: TinyXML2_DIR-NOTFOUND
-- Found FastRTPS: /opt/ros/humble/include  
-- Found TinyXML2 via Config file: TinyXML2_DIR-NOTFOUND
-- Found TinyXML2 via Config file: TinyXML2_DIR-NOTFOUND
-- Using RMW implementation 'rmw_fastrtps_cpp' as default
-- Looking for pthread.h
-- Looking for pthread.h - found
-- Performing Test CMAKE_HAVE_LIBC_PTHREAD
-- Performing Test CMAKE_HAVE_LIBC_PTHREAD - Success
-- Found Threads: TRUE  
-- Found generalized_pose_msgs: 0.0.0 (/home/ros/docker_pronto_ws/install/generalized_pose_msgs/share/generalized_pose_msgs/cmake)
-- Found ament_lint_auto: 0.12.9 (/opt/ros/humble/share/ament_lint_auto/cmake)
-- Added test 'copyright' to check source files copyright and LICENSE
-- Added test 'cppcheck' to perform static code analysis on C / C++ code
-- Configured cppcheck include dirs: $<BUILD_INTERFACE:/home/ros/docker_pronto_ws/src/motion_control/motion_generation/static_walk_planner/include>
-- Configured cppcheck exclude dirs and/or files: 
-- Added test 'cpplint' to check C / C++ code against the Google style
-- Configured cpplint exclude dirs and/or files: 
-- Added test 'lint_cmake' to check CMake code style
-- Added test 'uncrustify' to check C / C++ code style
-- Configured uncrustify additional arguments: 
-- Added test 'xmllint' to check XML markup files
-- Configuring done
-- Generating done
-- Build files have been written to: /home/ros/docker_pronto_ws/build/static_walk_planner
[ 20%] [32mBuilding CXX object CMakeFiles/static_walk_planner.dir/src/static_walk_planner.cpp.o[0m
[ 40%] [32mBuilding CXX object CMakeFiles/static_walk_planner.dir/src/static_walk_planner_controller.cpp.o[0m
[ 60%] [32m[1mLinking CXX shared library libstatic_walk_planner.so[0m
[ 60%] Built target static_walk_planner
[ 80%] [32mBuilding CXX object CMakeFiles/Test.dir/test/test.cpp.o[0m
[100%] [32m[1mLinking CXX executable Test[0m
[100%] Built target Test
-- Install configuration: "Release"
-- Execute custom install script
-- Symlinking: /home/ros/docker_pronto_ws/install/static_walk_planner/share/static_walk_planner//static_walk_planner_controller.xml
-- Symlinking: /home/ros/docker_pronto_ws/install/static_walk_planner/share/static_walk_planner/environment/library_path.sh
-- Symlinking: /home/ros/docker_pronto_ws/install/static_walk_planner/share/static_walk_planner/environment/library_path.dsv
-- Symlinking: /home/ros/docker_pronto_ws/install/static_walk_planner/include/static_walk_planner/static_walk_planner.hpp
-- Symlinking: /home/ros/docker_pronto_ws/install/static_walk_planner/include/static_walk_planner/static_walk_planner_controller.hpp
-- Symlinking: /home/ros/docker_pronto_ws/install/static_walk_planner/share/ament_index/resource_index/package_run_dependencies/static_walk_planner
-- Symlinking: /home/ros/docker_pronto_ws/install/static_walk_planner/share/ament_index/resource_index/parent_prefix_path/static_walk_planner
-- Symlinking: /home/ros/docker_pronto_ws/install/static_walk_planner/share/static_walk_planner/environment/ament_prefix_path.sh
-- Symlinking: /home/ros/docker_pronto_ws/install/static_walk_planner/share/static_walk_planner/environment/ament_prefix_path.dsv
-- Symlinking: /home/ros/docker_pronto_ws/install/static_walk_planner/share/static_walk_planner/environment/path.sh
-- Symlinking: /home/ros/docker_pronto_ws/install/static_walk_planner/share/static_walk_planner/environment/path.dsv
-- Symlinking: /home/ros/docker_pronto_ws/install/static_walk_planner/share/static_walk_planner/local_setup.bash
-- Symlinking: /home/ros/docker_pronto_ws/install/static_walk_planner/share/static_walk_planner/local_setup.sh
-- Symlinking: /home/ros/docker_pronto_ws/install/static_walk_planner/share/static_walk_planner/local_setup.zsh
-- Symlinking: /home/ros/docker_pronto_ws/install/static_walk_planner/share/static_walk_planner/local_setup.dsv
-- Symlinking: /home/ros/docker_pronto_ws/install/static_walk_planner/share/static_walk_planner/package.dsv
-- Symlinking: /home/ros/docker_pronto_ws/install/static_walk_planner/share/ament_index/resource_index/packages/static_walk_planner
-- Symlinking: /home/ros/docker_pronto_ws/install/static_walk_planner/share/ament_index/resource_index/controller_interface__pluginlib__plugin/static_walk_planner
-- Symlinking: /home/ros/docker_pronto_ws/install/static_walk_planner/share/static_walk_planner/cmake/ament_cmake_export_targets-extras.cmake
-- Symlinking: /home/ros/docker_pronto_ws/install/static_walk_planner/share/static_walk_planner/cmake/ament_cmake_export_dependencies-extras.cmake
-- Symlinking: /home/ros/docker_pronto_ws/install/static_walk_planner/share/static_walk_planner/cmake/static_walk_plannerConfig.cmake
-- Symlinking: /home/ros/docker_pronto_ws/install/static_walk_planner/share/static_walk_planner/cmake/static_walk_plannerConfig-version.cmake
-- Symlinking: /home/ros/docker_pronto_ws/install/static_walk_planner/share/static_walk_planner/package.xml
-- Installing: /home/ros/docker_pronto_ws/install/static_walk_planner/lib/libstatic_walk_planner.so
-- Set runtime path of "/home/ros/docker_pronto_ws/install/static_walk_planner/lib/libstatic_walk_planner.so" to ""
-- Installing: /home/ros/docker_pronto_ws/install/static_walk_planner/share/static_walk_planner/cmake/static_walk_planner_targetsExport.cmake
-- Installing: /home/ros/docker_pronto_ws/install/static_walk_planner/share/static_walk_planner/cmake/static_walk_planner_targetsExport-release.cmake
