[ 38%] Built target whole_body_controller
[ 53%] Built target TestDeformationsHistoryManager
[100%] Built target TestWBC
[100%] Built target TestPrioritizedTasks
[100%] Built target TestControlTasks
-- Install configuration: "Release"
-- Execute custom install script
-- Up-to-date symlink: /home/ros/docker_pronto_ws/install/whole_body_controller/share/whole_body_controller/environment/library_path.sh
-- Up-to-date symlink: /home/ros/docker_pronto_ws/install/whole_body_controller/share/whole_body_controller/environment/library_path.dsv
-- Up-to-date symlink: /home/ros/docker_pronto_ws/install/whole_body_controller/include/whole_body_controller/whole_body_controller/control_tasks.hpp
-- Up-to-date symlink: /home/ros/docker_pronto_ws/install/whole_body_controller/include/whole_body_controller/whole_body_controller/deformations_history_manager.hpp
-- Up-to-date symlink: /home/ros/docker_pronto_ws/install/whole_body_controller/include/whole_body_controller/whole_body_controller/prioritized_tasks.hpp
-- Up-to-date symlink: /home/ros/docker_pronto_ws/install/whole_body_controller/include/whole_body_controller/whole_body_controller/whole_body_controller.hpp
-- Up-to-date symlink: /home/ros/docker_pronto_ws/install/whole_body_controller/share/ament_index/resource_index/package_run_dependencies/whole_body_controller
-- Up-to-date symlink: /home/ros/docker_pronto_ws/install/whole_body_controller/share/ament_index/resource_index/parent_prefix_path/whole_body_controller
-- Up-to-date symlink: /home/ros/docker_pronto_ws/install/whole_body_controller/share/whole_body_controller/environment/ament_prefix_path.sh
-- Up-to-date symlink: /home/ros/docker_pronto_ws/install/whole_body_controller/share/whole_body_controller/environment/ament_prefix_path.dsv
-- Up-to-date symlink: /home/ros/docker_pronto_ws/install/whole_body_controller/share/whole_body_controller/environment/path.sh
-- Up-to-date symlink: /home/ros/docker_pronto_ws/install/whole_body_controller/share/whole_body_controller/environment/path.dsv
-- Up-to-date symlink: /home/ros/docker_pronto_ws/install/whole_body_controller/share/whole_body_controller/local_setup.bash
-- Up-to-date symlink: /home/ros/docker_pronto_ws/install/whole_body_controller/share/whole_body_controller/local_setup.sh
-- Up-to-date symlink: /home/ros/docker_pronto_ws/install/whole_body_controller/share/whole_body_controller/local_setup.zsh
-- Up-to-date symlink: /home/ros/docker_pronto_ws/install/whole_body_controller/share/whole_body_controller/local_setup.dsv
-- Symlinking: /home/ros/docker_pronto_ws/install/whole_body_controller/share/whole_body_controller/package.dsv
-- Up-to-date symlink: /home/ros/docker_pronto_ws/install/whole_body_controller/share/ament_index/resource_index/packages/whole_body_controller
-- Up-to-date symlink: /home/ros/docker_pronto_ws/install/whole_body_controller/share/whole_body_controller/cmake/ament_cmake_export_targets-extras.cmake
-- Up-to-date symlink: /home/ros/docker_pronto_ws/install/whole_body_controller/share/whole_body_controller/cmake/ament_cmake_export_dependencies-extras.cmake
-- Up-to-date symlink: /home/ros/docker_pronto_ws/install/whole_body_controller/share/whole_body_controller/cmake/whole_body_controllerConfig.cmake
-- Up-to-date symlink: /home/ros/docker_pronto_ws/install/whole_body_controller/share/whole_body_controller/cmake/whole_body_controllerConfig-version.cmake
-- Up-to-date symlink: /home/ros/docker_pronto_ws/install/whole_body_controller/share/whole_body_controller/package.xml
-- Up-to-date: /home/ros/docker_pronto_ws/install/whole_body_controller/lib/libwhole_body_controller.so
-- Up-to-date: /home/ros/docker_pronto_ws/install/whole_body_controller/share/whole_body_controller/cmake/whole_body_controller_targetsExport.cmake
-- Up-to-date: /home/ros/docker_pronto_ws/install/whole_body_controller/share/whole_body_controller/cmake/whole_body_controller_targetsExport-release.cmake
