running develop
/usr/lib/python3/dist-packages/setuptools/command/easy_install.py:158: EasyInstallDeprecationWarning: easy_install command is deprecated. Use build and pip and other standards-based tools.
  warnings.warn(
/usr/lib/python3/dist-packages/setuptools/command/install.py:34: SetuptoolsDeprecationWarning: setup.py install is deprecated. Use build and pip and other standards-based tools.
  warnings.warn(
running egg_info
creating pose_estimator.egg-info
writing pose_estimator.egg-info/PKG-INFO
writing dependency_links to pose_estimator.egg-info/dependency_links.txt
writing entry points to pose_estimator.egg-info/entry_points.txt
writing requirements to pose_estimator.egg-info/requires.txt
writing top-level names to pose_estimator.egg-info/top_level.txt
writing manifest file 'pose_estimator.egg-info/SOURCES.txt'
reading manifest file 'pose_estimator.egg-info/SOURCES.txt'
writing manifest file 'pose_estimator.egg-info/SOURCES.txt'
running build_ext
Creating /home/ros/docker_pronto_ws/install/pose_estimator/lib/python3.10/site-packages/pose-estimator.egg-link (link to .)
Installing pose_estimator_node script to /home/ros/docker_pronto_ws/install/pose_estimator/lib/pose_estimator
Installing test script to /home/ros/docker_pronto_ws/install/pose_estimator/lib/pose_estimator

Installed /home/ros/docker_pronto_ws/build/pose_estimator
running install_data
creating /home/ros/docker_pronto_ws/install/pose_estimator/share/ament_index
creating /home/ros/docker_pronto_ws/install/pose_estimator/share/ament_index/resource_index
creating /home/ros/docker_pronto_ws/install/pose_estimator/share/ament_index/resource_index/packages
copying resource/pose_estimator -> /home/ros/docker_pronto_ws/install/pose_estimator/share/ament_index/resource_index/packages
copying package.xml -> /home/ros/docker_pronto_ws/install/pose_estimator/share/pose_estimator
