[0.522s] Invoking command in '/home/ros/docker_pronto_ws/build/generalized_pose_msgs': CMAKE_PREFIX_PATH=${CMAKE_PREFIX_PATH}:/home/ros/docker_pronto_ws/install/planners_python:/home/ros/docker_pronto_ws/install/logger_gazebo:/home/ros/docker_pronto_ws/install/terrain_estimator:/home/ros/docker_pronto_ws/install/pose_estimator:/opt/ros/humble /usr/bin/cmake --build /home/ros/docker_pronto_ws/build/generalized_pose_msgs -- -j16 -l16
[0.611s] [35m[1mConsolidate compiler generated dependencies of target generalized_pose_msgs__rosidl_generator_c[0m
[0.634s] [  2%] Built target generalized_pose_msgs__cpp
[0.635s] [ 12%] Built target generalized_pose_msgs__rosidl_generator_c
[0.647s] [ 12%] Built target ament_cmake_python_symlink_generalized_pose_msgs
[0.676s] [35m[1mConsolidate compiler generated dependencies of target generalized_pose_msgs__rosidl_typesupport_fastrtps_cpp[0m
[0.679s] [35m[1mConsolidate compiler generated dependencies of target generalized_pose_msgs__rosidl_typesupport_introspection_cpp[0m
[0.681s] [35m[1mConsolidate compiler generated dependencies of target generalized_pose_msgs__rosidl_typesupport_fastrtps_c[0m
[0.685s] [35m[1mConsolidate compiler generated dependencies of target generalized_pose_msgs__rosidl_typesupport_cpp[0m
[0.691s] [35m[1mConsolidate compiler generated dependencies of target generalized_pose_msgs__rosidl_typesupport_introspection_c[0m
[0.691s] [35m[1mConsolidate compiler generated dependencies of target generalized_pose_msgs__rosidl_typesupport_c[0m
[0.711s] [ 23%] Built target generalized_pose_msgs__rosidl_typesupport_introspection_cpp
[0.720s] [ 44%] Built target generalized_pose_msgs__rosidl_typesupport_cpp
[0.720s] [ 44%] Built target generalized_pose_msgs__rosidl_typesupport_fastrtps_cpp
[0.729s] [ 55%] Built target generalized_pose_msgs__rosidl_typesupport_introspection_c
[0.731s] [ 65%] Built target generalized_pose_msgs__rosidl_typesupport_fastrtps_c
[0.732s] [ 76%] Built target generalized_pose_msgs__rosidl_typesupport_c
[0.773s] [ 76%] Built target generalized_pose_msgs
[0.805s] [ 78%] Built target generalized_pose_msgs__py
[0.821s] [35m[1mConsolidate compiler generated dependencies of target generalized_pose_msgs__rosidl_generator_py[0m
[0.843s] [ 87%] Built target generalized_pose_msgs__rosidl_generator_py
[0.859s] [35m[1mConsolidate compiler generated dependencies of target generalized_pose_msgs__rosidl_typesupport_fastrtps_c__pyext[0m
[0.860s] [35m[1mConsolidate compiler generated dependencies of target generalized_pose_msgs__rosidl_typesupport_c__pyext[0m
[0.865s] [35m[1mConsolidate compiler generated dependencies of target generalized_pose_msgs__rosidl_typesupport_introspection_c__pyext[0m
[0.879s] [ 95%] Built target generalized_pose_msgs__rosidl_typesupport_c__pyext
[0.879s] [ 95%] Built target generalized_pose_msgs__rosidl_typesupport_fastrtps_c__pyext
[0.886s] [100%] Built target generalized_pose_msgs__rosidl_typesupport_introspection_c__pyext
[0.999s] running egg_info
[0.999s] writing generalized_pose_msgs.egg-info/PKG-INFO
[1.000s] writing dependency_links to generalized_pose_msgs.egg-info/dependency_links.txt
[1.000s] writing top-level names to generalized_pose_msgs.egg-info/top_level.txt
[1.000s] reading manifest file 'generalized_pose_msgs.egg-info/SOURCES.txt'
[1.000s] writing manifest file 'generalized_pose_msgs.egg-info/SOURCES.txt'
[1.041s] [100%] Built target ament_cmake_python_build_generalized_pose_msgs_egg
[1.121s] Invoked command in '/home/ros/docker_pronto_ws/build/generalized_pose_msgs' returned '0': CMAKE_PREFIX_PATH=${CMAKE_PREFIX_PATH}:/home/ros/docker_pronto_ws/install/planners_python:/home/ros/docker_pronto_ws/install/logger_gazebo:/home/ros/docker_pronto_ws/install/terrain_estimator:/home/ros/docker_pronto_ws/install/pose_estimator:/opt/ros/humble /usr/bin/cmake --build /home/ros/docker_pronto_ws/build/generalized_pose_msgs -- -j16 -l16
[1.603s] Invoking command in '/home/ros/docker_pronto_ws/build/generalized_pose_msgs': CMAKE_PREFIX_PATH=${CMAKE_PREFIX_PATH}:/home/ros/docker_pronto_ws/install/planners_python:/home/ros/docker_pronto_ws/install/logger_gazebo:/home/ros/docker_pronto_ws/install/terrain_estimator:/home/ros/docker_pronto_ws/install/pose_estimator:/opt/ros/humble /usr/bin/cmake --install /home/ros/docker_pronto_ws/build/generalized_pose_msgs
[1.691s] -- Install configuration: "Release"
[1.691s] -- Execute custom install script
[1.691s] -- Up-to-date symlink: /home/ros/docker_pronto_ws/install/generalized_pose_msgs/share/ament_index/resource_index/rosidl_interfaces/generalized_pose_msgs
[1.692s] -- Up-to-date symlink: /home/ros/docker_pronto_ws/install/generalized_pose_msgs/include/generalized_pose_msgs/generalized_pose_msgs/msg/detail/generalized_pose__functions.h
[1.692s] -- Up-to-date symlink: /home/ros/docker_pronto_ws/install/generalized_pose_msgs/include/generalized_pose_msgs/generalized_pose_msgs/msg/detail/generalized_pose__struct.h
[1.692s] -- Up-to-date symlink: /home/ros/docker_pronto_ws/install/generalized_pose_msgs/include/generalized_pose_msgs/generalized_pose_msgs/msg/detail/generalized_pose__type_support.h
[1.692s] -- Up-to-date symlink: /home/ros/docker_pronto_ws/install/generalized_pose_msgs/include/generalized_pose_msgs/generalized_pose_msgs/msg/detail/generalized_pose_with_time__functions.h
[1.692s] -- Up-to-date symlink: /home/ros/docker_pronto_ws/install/generalized_pose_msgs/include/generalized_pose_msgs/generalized_pose_msgs/msg/detail/generalized_pose_with_time__struct.h
[1.693s] -- Up-to-date symlink: /home/ros/docker_pronto_ws/install/generalized_pose_msgs/include/generalized_pose_msgs/generalized_pose_msgs/msg/detail/generalized_pose_with_time__type_support.h
[1.693s] -- Up-to-date symlink: /home/ros/docker_pronto_ws/install/generalized_pose_msgs/include/generalized_pose_msgs/generalized_pose_msgs/msg/detail/generalized_poses_with_time__functions.h
[1.693s] -- Up-to-date symlink: /home/ros/docker_pronto_ws/install/generalized_pose_msgs/include/generalized_pose_msgs/generalized_pose_msgs/msg/detail/generalized_poses_with_time__struct.h
[1.693s] -- Up-to-date symlink: /home/ros/docker_pronto_ws/install/generalized_pose_msgs/include/generalized_pose_msgs/generalized_pose_msgs/msg/detail/generalized_poses_with_time__type_support.h
[1.693s] -- Up-to-date symlink: /home/ros/docker_pronto_ws/install/generalized_pose_msgs/include/generalized_pose_msgs/generalized_pose_msgs/msg/generalized_pose.h
[1.693s] -- Up-to-date symlink: /home/ros/docker_pronto_ws/install/generalized_pose_msgs/include/generalized_pose_msgs/generalized_pose_msgs/msg/generalized_pose_with_time.h
[1.693s] -- Up-to-date symlink: /home/ros/docker_pronto_ws/install/generalized_pose_msgs/include/generalized_pose_msgs/generalized_pose_msgs/msg/generalized_poses_with_time.h
[1.693s] -- Up-to-date symlink: /home/ros/docker_pronto_ws/install/generalized_pose_msgs/include/generalized_pose_msgs/generalized_pose_msgs/msg/rosidl_generator_c__visibility_control.h
[1.693s] -- Up-to-date symlink: /home/ros/docker_pronto_ws/install/generalized_pose_msgs/share/generalized_pose_msgs/environment/library_path.sh
[1.693s] -- Up-to-date symlink: /home/ros/docker_pronto_ws/install/generalized_pose_msgs/share/generalized_pose_msgs/environment/library_path.dsv
[1.693s] -- Up-to-date symlink: /home/ros/docker_pronto_ws/install/generalized_pose_msgs/include/generalized_pose_msgs/generalized_pose_msgs/msg/detail/generalized_pose__rosidl_typesupport_fastrtps_c.h
[1.693s] -- Up-to-date symlink: /home/ros/docker_pronto_ws/install/generalized_pose_msgs/include/generalized_pose_msgs/generalized_pose_msgs/msg/detail/generalized_pose_with_time__rosidl_typesupport_fastrtps_c.h
[1.693s] -- Up-to-date symlink: /home/ros/docker_pronto_ws/install/generalized_pose_msgs/include/generalized_pose_msgs/generalized_pose_msgs/msg/detail/generalized_poses_with_time__rosidl_typesupport_fastrtps_c.h
[1.693s] -- Up-to-date symlink: /home/ros/docker_pronto_ws/install/generalized_pose_msgs/include/generalized_pose_msgs/generalized_pose_msgs/msg/rosidl_typesupport_fastrtps_c__visibility_control.h
[1.693s] -- Up-to-date symlink: /home/ros/docker_pronto_ws/install/generalized_pose_msgs/include/generalized_pose_msgs/generalized_pose_msgs/msg/detail/generalized_pose__rosidl_typesupport_introspection_c.h
[1.693s] -- Up-to-date symlink: /home/ros/docker_pronto_ws/install/generalized_pose_msgs/include/generalized_pose_msgs/generalized_pose_msgs/msg/detail/generalized_pose_with_time__rosidl_typesupport_introspection_c.h
[1.693s] -- Up-to-date symlink: /home/ros/docker_pronto_ws/install/generalized_pose_msgs/include/generalized_pose_msgs/generalized_pose_msgs/msg/detail/generalized_poses_with_time__rosidl_typesupport_introspection_c.h
[1.693s] -- Up-to-date symlink: /home/ros/docker_pronto_ws/install/generalized_pose_msgs/include/generalized_pose_msgs/generalized_pose_msgs/msg/rosidl_typesupport_introspection_c__visibility_control.h
[1.694s] -- Up-to-date symlink: /home/ros/docker_pronto_ws/install/generalized_pose_msgs/include/generalized_pose_msgs/generalized_pose_msgs/msg/detail/generalized_pose__builder.hpp
[1.694s] -- Up-to-date symlink: /home/ros/docker_pronto_ws/install/generalized_pose_msgs/include/generalized_pose_msgs/generalized_pose_msgs/msg/detail/generalized_pose__struct.hpp
[1.694s] -- Up-to-date symlink: /home/ros/docker_pronto_ws/install/generalized_pose_msgs/include/generalized_pose_msgs/generalized_pose_msgs/msg/detail/generalized_pose__traits.hpp
[1.694s] -- Up-to-date symlink: /home/ros/docker_pronto_ws/install/generalized_pose_msgs/include/generalized_pose_msgs/generalized_pose_msgs/msg/detail/generalized_pose_with_time__builder.hpp
[1.694s] -- Up-to-date symlink: /home/ros/docker_pronto_ws/install/generalized_pose_msgs/include/generalized_pose_msgs/generalized_pose_msgs/msg/detail/generalized_pose_with_time__struct.hpp
[1.694s] -- Up-to-date symlink: /home/ros/docker_pronto_ws/install/generalized_pose_msgs/include/generalized_pose_msgs/generalized_pose_msgs/msg/detail/generalized_pose_with_time__traits.hpp
[1.694s] -- Up-to-date symlink: /home/ros/docker_pronto_ws/install/generalized_pose_msgs/include/generalized_pose_msgs/generalized_pose_msgs/msg/detail/generalized_poses_with_time__builder.hpp
[1.694s] -- Up-to-date symlink: /home/ros/docker_pronto_ws/install/generalized_pose_msgs/include/generalized_pose_msgs/generalized_pose_msgs/msg/detail/generalized_poses_with_time__struct.hpp
[1.694s] -- Up-to-date symlink: /home/ros/docker_pronto_ws/install/generalized_pose_msgs/include/generalized_pose_msgs/generalized_pose_msgs/msg/detail/generalized_poses_with_time__traits.hpp
[1.694s] -- Up-to-date symlink: /home/ros/docker_pronto_ws/install/generalized_pose_msgs/include/generalized_pose_msgs/generalized_pose_msgs/msg/generalized_pose.hpp
[1.694s] -- Up-to-date symlink: /home/ros/docker_pronto_ws/install/generalized_pose_msgs/include/generalized_pose_msgs/generalized_pose_msgs/msg/generalized_pose_with_time.hpp
[1.694s] -- Up-to-date symlink: /home/ros/docker_pronto_ws/install/generalized_pose_msgs/include/generalized_pose_msgs/generalized_pose_msgs/msg/generalized_poses_with_time.hpp
[1.694s] -- Up-to-date symlink: /home/ros/docker_pronto_ws/install/generalized_pose_msgs/include/generalized_pose_msgs/generalized_pose_msgs/msg/detail/generalized_pose__rosidl_typesupport_fastrtps_cpp.hpp
[1.694s] -- Up-to-date symlink: /home/ros/docker_pronto_ws/install/generalized_pose_msgs/include/generalized_pose_msgs/generalized_pose_msgs/msg/detail/generalized_pose_with_time__rosidl_typesupport_fastrtps_cpp.hpp
[1.694s] -- Up-to-date symlink: /home/ros/docker_pronto_ws/install/generalized_pose_msgs/include/generalized_pose_msgs/generalized_pose_msgs/msg/detail/generalized_poses_with_time__rosidl_typesupport_fastrtps_cpp.hpp
[1.694s] -- Up-to-date symlink: /home/ros/docker_pronto_ws/install/generalized_pose_msgs/include/generalized_pose_msgs/generalized_pose_msgs/msg/rosidl_typesupport_fastrtps_cpp__visibility_control.h
[1.695s] -- Up-to-date symlink: /home/ros/docker_pronto_ws/install/generalized_pose_msgs/include/generalized_pose_msgs/generalized_pose_msgs/msg/detail/generalized_pose__rosidl_typesupport_introspection_cpp.hpp
[1.695s] -- Up-to-date symlink: /home/ros/docker_pronto_ws/install/generalized_pose_msgs/include/generalized_pose_msgs/generalized_pose_msgs/msg/detail/generalized_pose_with_time__rosidl_typesupport_introspection_cpp.hpp
[1.695s] -- Up-to-date symlink: /home/ros/docker_pronto_ws/install/generalized_pose_msgs/include/generalized_pose_msgs/generalized_pose_msgs/msg/detail/generalized_poses_with_time__rosidl_typesupport_introspection_cpp.hpp
[1.695s] -- Up-to-date symlink: /home/ros/docker_pronto_ws/install/generalized_pose_msgs/share/generalized_pose_msgs/environment/pythonpath.sh
[1.695s] -- Up-to-date symlink: /home/ros/docker_pronto_ws/install/generalized_pose_msgs/share/generalized_pose_msgs/environment/pythonpath.dsv
[1.695s] -- Up-to-date symlink: /home/ros/docker_pronto_ws/install/generalized_pose_msgs/local/lib/python3.10/dist-packages/generalized_pose_msgs-0.0.0-py3.10.egg-info/PKG-INFO
[1.695s] -- Up-to-date symlink: /home/ros/docker_pronto_ws/install/generalized_pose_msgs/local/lib/python3.10/dist-packages/generalized_pose_msgs-0.0.0-py3.10.egg-info/SOURCES.txt
[1.695s] -- Up-to-date symlink: /home/ros/docker_pronto_ws/install/generalized_pose_msgs/local/lib/python3.10/dist-packages/generalized_pose_msgs-0.0.0-py3.10.egg-info/dependency_links.txt
[1.695s] -- Up-to-date symlink: /home/ros/docker_pronto_ws/install/generalized_pose_msgs/local/lib/python3.10/dist-packages/generalized_pose_msgs-0.0.0-py3.10.egg-info/top_level.txt
[1.695s] -- Up-to-date symlink: /home/ros/docker_pronto_ws/install/generalized_pose_msgs/local/lib/python3.10/dist-packages/generalized_pose_msgs/__init__.py
[1.695s] -- Up-to-date symlink: /home/ros/docker_pronto_ws/install/generalized_pose_msgs/local/lib/python3.10/dist-packages/generalized_pose_msgs/_generalized_pose_msgs_s.ep.rosidl_typesupport_c.c
[1.695s] -- Up-to-date symlink: /home/ros/docker_pronto_ws/install/generalized_pose_msgs/local/lib/python3.10/dist-packages/generalized_pose_msgs/_generalized_pose_msgs_s.ep.rosidl_typesupport_fastrtps_c.c
[1.695s] -- Up-to-date symlink: /home/ros/docker_pronto_ws/install/generalized_pose_msgs/local/lib/python3.10/dist-packages/generalized_pose_msgs/_generalized_pose_msgs_s.ep.rosidl_typesupport_introspection_c.c
[1.695s] -- Up-to-date symlink: /home/ros/docker_pronto_ws/install/generalized_pose_msgs/local/lib/python3.10/dist-packages/generalized_pose_msgs/generalized_pose_msgs_s__rosidl_typesupport_c.cpython-310-x86_64-linux-gnu.so
[1.695s] -- Up-to-date symlink: /home/ros/docker_pronto_ws/install/generalized_pose_msgs/local/lib/python3.10/dist-packages/generalized_pose_msgs/generalized_pose_msgs_s__rosidl_typesupport_fastrtps_c.cpython-310-x86_64-linux-gnu.so
[1.696s] -- Up-to-date symlink: /home/ros/docker_pronto_ws/install/generalized_pose_msgs/local/lib/python3.10/dist-packages/generalized_pose_msgs/generalized_pose_msgs_s__rosidl_typesupport_introspection_c.cpython-310-x86_64-linux-gnu.so
[1.696s] -- Up-to-date symlink: /home/ros/docker_pronto_ws/install/generalized_pose_msgs/local/lib/python3.10/dist-packages/generalized_pose_msgs/libgeneralized_pose_msgs__rosidl_generator_py.so
[1.696s] -- Up-to-date symlink: /home/ros/docker_pronto_ws/install/generalized_pose_msgs/local/lib/python3.10/dist-packages/generalized_pose_msgs/msg/__init__.py
[1.696s] -- Up-to-date symlink: /home/ros/docker_pronto_ws/install/generalized_pose_msgs/local/lib/python3.10/dist-packages/generalized_pose_msgs/msg/_generalized_pose.py
[1.696s] -- Up-to-date symlink: /home/ros/docker_pronto_ws/install/generalized_pose_msgs/local/lib/python3.10/dist-packages/generalized_pose_msgs/msg/_generalized_pose_s.c
[1.696s] -- Up-to-date symlink: /home/ros/docker_pronto_ws/install/generalized_pose_msgs/local/lib/python3.10/dist-packages/generalized_pose_msgs/msg/_generalized_pose_with_time.py
[1.696s] -- Up-to-date symlink: /home/ros/docker_pronto_ws/install/generalized_pose_msgs/local/lib/python3.10/dist-packages/generalized_pose_msgs/msg/_generalized_pose_with_time_s.c
[1.696s] -- Up-to-date symlink: /home/ros/docker_pronto_ws/install/generalized_pose_msgs/local/lib/python3.10/dist-packages/generalized_pose_msgs/msg/_generalized_poses_with_time.py
[1.696s] -- Up-to-date symlink: /home/ros/docker_pronto_ws/install/generalized_pose_msgs/local/lib/python3.10/dist-packages/generalized_pose_msgs/msg/_generalized_poses_with_time_s.c
[1.696s] -- Up-to-date symlink: /home/ros/docker_pronto_ws/install/generalized_pose_msgs/local/lib/python3.10/dist-packages/generalized_pose_msgs/generalized_pose_msgs_s__rosidl_typesupport_fastrtps_c.cpython-310-x86_64-linux-gnu.so
[1.696s] -- Up-to-date symlink: /home/ros/docker_pronto_ws/install/generalized_pose_msgs/local/lib/python3.10/dist-packages/generalized_pose_msgs/generalized_pose_msgs_s__rosidl_typesupport_introspection_c.cpython-310-x86_64-linux-gnu.so
[1.697s] -- Up-to-date symlink: /home/ros/docker_pronto_ws/install/generalized_pose_msgs/local/lib/python3.10/dist-packages/generalized_pose_msgs/generalized_pose_msgs_s__rosidl_typesupport_c.cpython-310-x86_64-linux-gnu.so
[1.697s] -- Up-to-date symlink: /home/ros/docker_pronto_ws/install/generalized_pose_msgs/share/generalized_pose_msgs/msg/GeneralizedPose.idl
[1.697s] -- Up-to-date symlink: /home/ros/docker_pronto_ws/install/generalized_pose_msgs/share/generalized_pose_msgs/msg/GeneralizedPoseWithTime.idl
[1.697s] -- Up-to-date symlink: /home/ros/docker_pronto_ws/install/generalized_pose_msgs/share/generalized_pose_msgs/msg/GeneralizedPosesWithTime.idl
[1.697s] -- Up-to-date symlink: /home/ros/docker_pronto_ws/install/generalized_pose_msgs/share/generalized_pose_msgs/msg/GeneralizedPose.msg
[1.697s] -- Up-to-date symlink: /home/ros/docker_pronto_ws/install/generalized_pose_msgs/share/generalized_pose_msgs/msg/GeneralizedPoseWithTime.msg
[1.697s] -- Up-to-date symlink: /home/ros/docker_pronto_ws/install/generalized_pose_msgs/share/generalized_pose_msgs/msg/GeneralizedPosesWithTime.msg
[1.697s] -- Up-to-date symlink: /home/ros/docker_pronto_ws/install/generalized_pose_msgs/include/generalized_pose_msgs/generalized_pose_msgs/generalized_pose_struct.hpp
[1.697s] -- Up-to-date symlink: /home/ros/docker_pronto_ws/install/generalized_pose_msgs/share/ament_index/resource_index/package_run_dependencies/generalized_pose_msgs
[1.697s] -- Up-to-date symlink: /home/ros/docker_pronto_ws/install/generalized_pose_msgs/share/ament_index/resource_index/parent_prefix_path/generalized_pose_msgs
[1.698s] -- Up-to-date symlink: /home/ros/docker_pronto_ws/install/generalized_pose_msgs/share/generalized_pose_msgs/environment/ament_prefix_path.sh
[1.698s] -- Up-to-date symlink: /home/ros/docker_pronto_ws/install/generalized_pose_msgs/share/generalized_pose_msgs/environment/ament_prefix_path.dsv
[1.699s] -- Up-to-date symlink: /home/ros/docker_pronto_ws/install/generalized_pose_msgs/share/generalized_pose_msgs/environment/path.sh
[1.699s] -- Up-to-date symlink: /home/ros/docker_pronto_ws/install/generalized_pose_msgs/share/generalized_pose_msgs/environment/path.dsv
[1.699s] -- Up-to-date symlink: /home/ros/docker_pronto_ws/install/generalized_pose_msgs/share/generalized_pose_msgs/local_setup.bash
[1.699s] -- Up-to-date symlink: /home/ros/docker_pronto_ws/install/generalized_pose_msgs/share/generalized_pose_msgs/local_setup.sh
[1.699s] -- Up-to-date symlink: /home/ros/docker_pronto_ws/install/generalized_pose_msgs/share/generalized_pose_msgs/local_setup.zsh
[1.699s] -- Up-to-date symlink: /home/ros/docker_pronto_ws/install/generalized_pose_msgs/share/generalized_pose_msgs/local_setup.dsv
[1.699s] -- Symlinking: /home/ros/docker_pronto_ws/install/generalized_pose_msgs/share/generalized_pose_msgs/package.dsv
[1.699s] -- Up-to-date symlink: /home/ros/docker_pronto_ws/install/generalized_pose_msgs/share/ament_index/resource_index/packages/generalized_pose_msgs
[1.699s] -- Up-to-date symlink: /home/ros/docker_pronto_ws/install/generalized_pose_msgs/share/generalized_pose_msgs/cmake/rosidl_cmake-extras.cmake
[1.699s] -- Up-to-date symlink: /home/ros/docker_pronto_ws/install/generalized_pose_msgs/share/generalized_pose_msgs/cmake/ament_cmake_export_dependencies-extras.cmake
[1.699s] -- Up-to-date symlink: /home/ros/docker_pronto_ws/install/generalized_pose_msgs/share/generalized_pose_msgs/cmake/ament_cmake_export_include_directories-extras.cmake
[1.699s] -- Up-to-date symlink: /home/ros/docker_pronto_ws/install/generalized_pose_msgs/share/generalized_pose_msgs/cmake/ament_cmake_export_libraries-extras.cmake
[1.699s] -- Up-to-date symlink: /home/ros/docker_pronto_ws/install/generalized_pose_msgs/share/generalized_pose_msgs/cmake/ament_cmake_export_targets-extras.cmake
[1.699s] -- Up-to-date symlink: /home/ros/docker_pronto_ws/install/generalized_pose_msgs/share/generalized_pose_msgs/cmake/rosidl_cmake_export_typesupport_targets-extras.cmake
[1.699s] -- Up-to-date symlink: /home/ros/docker_pronto_ws/install/generalized_pose_msgs/share/generalized_pose_msgs/cmake/rosidl_cmake_export_typesupport_libraries-extras.cmake
[1.699s] -- Up-to-date symlink: /home/ros/docker_pronto_ws/install/generalized_pose_msgs/share/generalized_pose_msgs/cmake/generalized_pose_msgsConfig.cmake
[1.700s] -- Up-to-date symlink: /home/ros/docker_pronto_ws/install/generalized_pose_msgs/share/generalized_pose_msgs/cmake/generalized_pose_msgsConfig-version.cmake
[1.700s] -- Up-to-date symlink: /home/ros/docker_pronto_ws/install/generalized_pose_msgs/share/generalized_pose_msgs/package.xml
[1.700s] -- Up-to-date: /home/ros/docker_pronto_ws/install/generalized_pose_msgs/lib/libgeneralized_pose_msgs__rosidl_generator_c.so
[1.700s] -- Up-to-date: /home/ros/docker_pronto_ws/install/generalized_pose_msgs/lib/libgeneralized_pose_msgs__rosidl_typesupport_fastrtps_c.so
[1.700s] -- Up-to-date: /home/ros/docker_pronto_ws/install/generalized_pose_msgs/lib/libgeneralized_pose_msgs__rosidl_typesupport_introspection_c.so
[1.700s] -- Up-to-date: /home/ros/docker_pronto_ws/install/generalized_pose_msgs/lib/libgeneralized_pose_msgs__rosidl_typesupport_c.so
[1.700s] -- Up-to-date: /home/ros/docker_pronto_ws/install/generalized_pose_msgs/lib/libgeneralized_pose_msgs__rosidl_typesupport_fastrtps_cpp.so
[1.700s] -- Up-to-date: /home/ros/docker_pronto_ws/install/generalized_pose_msgs/lib/libgeneralized_pose_msgs__rosidl_typesupport_introspection_cpp.so
[1.700s] -- Up-to-date: /home/ros/docker_pronto_ws/install/generalized_pose_msgs/lib/libgeneralized_pose_msgs__rosidl_typesupport_cpp.so
[1.723s] Listing '/home/ros/docker_pronto_ws/install/generalized_pose_msgs/local/lib/python3.10/dist-packages/generalized_pose_msgs'...
[1.723s] Listing '/home/ros/docker_pronto_ws/install/generalized_pose_msgs/local/lib/python3.10/dist-packages/generalized_pose_msgs/msg'...
[1.726s] -- Up-to-date: /home/ros/docker_pronto_ws/install/generalized_pose_msgs/lib/libgeneralized_pose_msgs__rosidl_generator_py.so
[1.726s] -- Up-to-date: /home/ros/docker_pronto_ws/install/generalized_pose_msgs/share/generalized_pose_msgs/cmake/export_generalized_pose_msgs__rosidl_generator_cExport.cmake
[1.726s] -- Up-to-date: /home/ros/docker_pronto_ws/install/generalized_pose_msgs/share/generalized_pose_msgs/cmake/export_generalized_pose_msgs__rosidl_generator_cExport-release.cmake
[1.726s] -- Up-to-date: /home/ros/docker_pronto_ws/install/generalized_pose_msgs/share/generalized_pose_msgs/cmake/export_generalized_pose_msgs__rosidl_typesupport_fastrtps_cExport.cmake
[1.727s] -- Up-to-date: /home/ros/docker_pronto_ws/install/generalized_pose_msgs/share/generalized_pose_msgs/cmake/export_generalized_pose_msgs__rosidl_typesupport_fastrtps_cExport-release.cmake
[1.727s] -- Up-to-date: /home/ros/docker_pronto_ws/install/generalized_pose_msgs/share/generalized_pose_msgs/cmake/generalized_pose_msgs__rosidl_typesupport_introspection_cExport.cmake
[1.727s] -- Up-to-date: /home/ros/docker_pronto_ws/install/generalized_pose_msgs/share/generalized_pose_msgs/cmake/generalized_pose_msgs__rosidl_typesupport_introspection_cExport-release.cmake
[1.727s] -- Up-to-date: /home/ros/docker_pronto_ws/install/generalized_pose_msgs/share/generalized_pose_msgs/cmake/generalized_pose_msgs__rosidl_typesupport_cExport.cmake
[1.727s] -- Up-to-date: /home/ros/docker_pronto_ws/install/generalized_pose_msgs/share/generalized_pose_msgs/cmake/generalized_pose_msgs__rosidl_typesupport_cExport-release.cmake
[1.727s] -- Up-to-date: /home/ros/docker_pronto_ws/install/generalized_pose_msgs/share/generalized_pose_msgs/cmake/export_generalized_pose_msgs__rosidl_generator_cppExport.cmake
[1.727s] -- Up-to-date: /home/ros/docker_pronto_ws/install/generalized_pose_msgs/share/generalized_pose_msgs/cmake/export_generalized_pose_msgs__rosidl_typesupport_fastrtps_cppExport.cmake
[1.727s] -- Up-to-date: /home/ros/docker_pronto_ws/install/generalized_pose_msgs/share/generalized_pose_msgs/cmake/export_generalized_pose_msgs__rosidl_typesupport_fastrtps_cppExport-release.cmake
[1.728s] -- Up-to-date: /home/ros/docker_pronto_ws/install/generalized_pose_msgs/share/generalized_pose_msgs/cmake/generalized_pose_msgs__rosidl_typesupport_introspection_cppExport.cmake
[1.728s] -- Up-to-date: /home/ros/docker_pronto_ws/install/generalized_pose_msgs/share/generalized_pose_msgs/cmake/generalized_pose_msgs__rosidl_typesupport_introspection_cppExport-release.cmake
[1.728s] -- Up-to-date: /home/ros/docker_pronto_ws/install/generalized_pose_msgs/share/generalized_pose_msgs/cmake/generalized_pose_msgs__rosidl_typesupport_cppExport.cmake
[1.728s] -- Up-to-date: /home/ros/docker_pronto_ws/install/generalized_pose_msgs/share/generalized_pose_msgs/cmake/generalized_pose_msgs__rosidl_typesupport_cppExport-release.cmake
[1.728s] -- Up-to-date: /home/ros/docker_pronto_ws/install/generalized_pose_msgs/share/generalized_pose_msgs/cmake/export_generalized_pose_msgs__rosidl_generator_pyExport.cmake
[1.728s] -- Up-to-date: /home/ros/docker_pronto_ws/install/generalized_pose_msgs/share/generalized_pose_msgs/cmake/export_generalized_pose_msgs__rosidl_generator_pyExport-release.cmake
[2.110s] Invoked command in '/home/ros/docker_pronto_ws/build/generalized_pose_msgs' returned '0': CMAKE_PREFIX_PATH=${CMAKE_PREFIX_PATH}:/home/ros/docker_pronto_ws/install/planners_python:/home/ros/docker_pronto_ws/install/logger_gazebo:/home/ros/docker_pronto_ws/install/terrain_estimator:/home/ros/docker_pronto_ws/install/pose_estimator:/opt/ros/humble /usr/bin/cmake --install /home/ros/docker_pronto_ws/build/generalized_pose_msgs
