[ 65%] Built target pronto_utils
[ 85%] Built target kalman_filter
[100%] Built target backlash_filter
-- Install configuration: "Release"
-- Execute custom install script
-- Up-to-date symlink: /home/ros/docker_pronto_ws/install/pronto_utils/share/pronto_utils/environment/library_path.sh
-- Up-to-date symlink: /home/ros/docker_pronto_ws/install/pronto_utils/share/pronto_utils/environment/library_path.dsv
-- Up-to-date symlink: /home/ros/docker_pronto_ws/install/pronto_utils/include/pronto_utils/BipolarSchmittTrigger.hpp
-- Up-to-date symlink: /home/ros/docker_pronto_ws/install/pronto_utils/include/pronto_utils/BlipFilter.hpp
-- Up-to-date symlink: /home/ros/docker_pronto_ws/install/pronto_utils/include/pronto_utils/CumulativeAverage.hpp
-- Up-to-date symlink: /home/ros/docker_pronto_ws/install/pronto_utils/include/pronto_utils/DataFileLogger.hpp
-- Up-to-date symlink: /home/ros/docker_pronto_ws/install/pronto_utils/include/pronto_utils/DistributedDiff.hpp
-- Up-to-date symlink: /home/ros/docker_pronto_ws/install/pronto_utils/include/pronto_utils/ExpireTimer.hpp
-- Up-to-date symlink: /home/ros/docker_pronto_ws/install/pronto_utils/include/pronto_utils/Filter.hpp
-- Up-to-date symlink: /home/ros/docker_pronto_ws/install/pronto_utils/include/pronto_utils/Gaussian.hpp
-- Up-to-date symlink: /home/ros/docker_pronto_ws/install/pronto_utils/include/pronto_utils/HeavyLowPassFilter.hpp
-- Up-to-date symlink: /home/ros/docker_pronto_ws/install/pronto_utils/include/pronto_utils/MedianFilter.hpp
-- Up-to-date symlink: /home/ros/docker_pronto_ws/install/pronto_utils/include/pronto_utils/NumericalDiff.hpp
-- Up-to-date symlink: /home/ros/docker_pronto_ws/install/pronto_utils/include/pronto_utils/RateChange.hpp
-- Up-to-date symlink: /home/ros/docker_pronto_ws/install/pronto_utils/include/pronto_utils/SchmittTrigger.hpp
-- Up-to-date symlink: /home/ros/docker_pronto_ws/install/pronto_utils/include/pronto_utils/SignalTap.hpp
-- Up-to-date symlink: /home/ros/docker_pronto_ws/install/pronto_utils/include/pronto_utils/TrapezoidalInt.hpp
-- Up-to-date symlink: /home/ros/docker_pronto_ws/install/pronto_utils/include/pronto_utils/alpha_filter.hpp
-- Up-to-date symlink: /home/ros/docker_pronto_ws/install/pronto_utils/include/pronto_utils/backlash_filter.hpp
-- Up-to-date symlink: /home/ros/docker_pronto_ws/install/pronto_utils/include/pronto_utils/kalman_filter.hpp
-- Up-to-date symlink: /home/ros/docker_pronto_ws/install/pronto_utils/include/pronto_utils/simple_kalman_filter.hpp
-- Up-to-date symlink: /home/ros/docker_pronto_ws/install/pronto_utils/include/pronto_utils/torque_adjustment.hpp
-- Up-to-date symlink: /home/ros/docker_pronto_ws/install/pronto_utils/include/pronto_utils/visibility_control.h
-- Up-to-date symlink: /home/ros/docker_pronto_ws/install/pronto_utils/include/pronto_utils/BipolarSchmittTrigger.hpp
-- Up-to-date symlink: /home/ros/docker_pronto_ws/install/pronto_utils/include/pronto_utils/BlipFilter.hpp
-- Up-to-date symlink: /home/ros/docker_pronto_ws/install/pronto_utils/include/pronto_utils/CumulativeAverage.hpp
-- Up-to-date symlink: /home/ros/docker_pronto_ws/install/pronto_utils/include/pronto_utils/DataFileLogger.hpp
-- Up-to-date symlink: /home/ros/docker_pronto_ws/install/pronto_utils/include/pronto_utils/DistributedDiff.hpp
-- Up-to-date symlink: /home/ros/docker_pronto_ws/install/pronto_utils/include/pronto_utils/ExpireTimer.hpp
-- Up-to-date symlink: /home/ros/docker_pronto_ws/install/pronto_utils/include/pronto_utils/Filter.hpp
-- Up-to-date symlink: /home/ros/docker_pronto_ws/install/pronto_utils/include/pronto_utils/Gaussian.hpp
-- Up-to-date symlink: /home/ros/docker_pronto_ws/install/pronto_utils/include/pronto_utils/HeavyLowPassFilter.hpp
-- Up-to-date symlink: /home/ros/docker_pronto_ws/install/pronto_utils/include/pronto_utils/MedianFilter.hpp
-- Up-to-date symlink: /home/ros/docker_pronto_ws/install/pronto_utils/include/pronto_utils/NumericalDiff.hpp
-- Up-to-date symlink: /home/ros/docker_pronto_ws/install/pronto_utils/include/pronto_utils/RateChange.hpp
-- Up-to-date symlink: /home/ros/docker_pronto_ws/install/pronto_utils/include/pronto_utils/SchmittTrigger.hpp
-- Up-to-date symlink: /home/ros/docker_pronto_ws/install/pronto_utils/include/pronto_utils/SignalTap.hpp
-- Up-to-date symlink: /home/ros/docker_pronto_ws/install/pronto_utils/include/pronto_utils/TrapezoidalInt.hpp
-- Up-to-date symlink: /home/ros/docker_pronto_ws/install/pronto_utils/include/pronto_utils/alpha_filter.hpp
-- Up-to-date symlink: /home/ros/docker_pronto_ws/install/pronto_utils/include/pronto_utils/backlash_filter.hpp
-- Up-to-date symlink: /home/ros/docker_pronto_ws/install/pronto_utils/include/pronto_utils/kalman_filter.hpp
-- Up-to-date symlink: /home/ros/docker_pronto_ws/install/pronto_utils/include/pronto_utils/simple_kalman_filter.hpp
-- Up-to-date symlink: /home/ros/docker_pronto_ws/install/pronto_utils/include/pronto_utils/torque_adjustment.hpp
-- Up-to-date symlink: /home/ros/docker_pronto_ws/install/pronto_utils/include/pronto_utils/visibility_control.h
-- Up-to-date symlink: /home/ros/docker_pronto_ws/install/pronto_utils/include/pronto_utils/BipolarSchmittTrigger.hpp
-- Up-to-date symlink: /home/ros/docker_pronto_ws/install/pronto_utils/include/pronto_utils/BlipFilter.hpp
-- Up-to-date symlink: /home/ros/docker_pronto_ws/install/pronto_utils/include/pronto_utils/CumulativeAverage.hpp
-- Up-to-date symlink: /home/ros/docker_pronto_ws/install/pronto_utils/include/pronto_utils/DataFileLogger.hpp
-- Up-to-date symlink: /home/ros/docker_pronto_ws/install/pronto_utils/include/pronto_utils/DistributedDiff.hpp
-- Up-to-date symlink: /home/ros/docker_pronto_ws/install/pronto_utils/include/pronto_utils/ExpireTimer.hpp
-- Up-to-date symlink: /home/ros/docker_pronto_ws/install/pronto_utils/include/pronto_utils/Filter.hpp
-- Up-to-date symlink: /home/ros/docker_pronto_ws/install/pronto_utils/include/pronto_utils/Gaussian.hpp
-- Up-to-date symlink: /home/ros/docker_pronto_ws/install/pronto_utils/include/pronto_utils/HeavyLowPassFilter.hpp
-- Up-to-date symlink: /home/ros/docker_pronto_ws/install/pronto_utils/include/pronto_utils/MedianFilter.hpp
-- Up-to-date symlink: /home/ros/docker_pronto_ws/install/pronto_utils/include/pronto_utils/NumericalDiff.hpp
-- Up-to-date symlink: /home/ros/docker_pronto_ws/install/pronto_utils/include/pronto_utils/RateChange.hpp
-- Up-to-date symlink: /home/ros/docker_pronto_ws/install/pronto_utils/include/pronto_utils/SchmittTrigger.hpp
-- Up-to-date symlink: /home/ros/docker_pronto_ws/install/pronto_utils/include/pronto_utils/SignalTap.hpp
-- Up-to-date symlink: /home/ros/docker_pronto_ws/install/pronto_utils/include/pronto_utils/TrapezoidalInt.hpp
-- Up-to-date symlink: /home/ros/docker_pronto_ws/install/pronto_utils/include/pronto_utils/alpha_filter.hpp
-- Up-to-date symlink: /home/ros/docker_pronto_ws/install/pronto_utils/include/pronto_utils/backlash_filter.hpp
-- Up-to-date symlink: /home/ros/docker_pronto_ws/install/pronto_utils/include/pronto_utils/kalman_filter.hpp
-- Up-to-date symlink: /home/ros/docker_pronto_ws/install/pronto_utils/include/pronto_utils/simple_kalman_filter.hpp
-- Up-to-date symlink: /home/ros/docker_pronto_ws/install/pronto_utils/include/pronto_utils/torque_adjustment.hpp
-- Up-to-date symlink: /home/ros/docker_pronto_ws/install/pronto_utils/include/pronto_utils/visibility_control.h
-- Up-to-date symlink: /home/ros/docker_pronto_ws/install/pronto_utils/share/ament_index/resource_index/package_run_dependencies/pronto_utils
-- Up-to-date symlink: /home/ros/docker_pronto_ws/install/pronto_utils/share/ament_index/resource_index/parent_prefix_path/pronto_utils
-- Up-to-date symlink: /home/ros/docker_pronto_ws/install/pronto_utils/share/pronto_utils/environment/ament_prefix_path.sh
-- Up-to-date symlink: /home/ros/docker_pronto_ws/install/pronto_utils/share/pronto_utils/environment/ament_prefix_path.dsv
-- Up-to-date symlink: /home/ros/docker_pronto_ws/install/pronto_utils/share/pronto_utils/environment/path.sh
-- Up-to-date symlink: /home/ros/docker_pronto_ws/install/pronto_utils/share/pronto_utils/environment/path.dsv
-- Up-to-date symlink: /home/ros/docker_pronto_ws/install/pronto_utils/share/pronto_utils/local_setup.bash
-- Up-to-date symlink: /home/ros/docker_pronto_ws/install/pronto_utils/share/pronto_utils/local_setup.sh
-- Up-to-date symlink: /home/ros/docker_pronto_ws/install/pronto_utils/share/pronto_utils/local_setup.zsh
-- Up-to-date symlink: /home/ros/docker_pronto_ws/install/pronto_utils/share/pronto_utils/local_setup.dsv
-- Symlinking: /home/ros/docker_pronto_ws/install/pronto_utils/share/pronto_utils/package.dsv
-- Up-to-date symlink: /home/ros/docker_pronto_ws/install/pronto_utils/share/ament_index/resource_index/packages/pronto_utils
-- Up-to-date symlink: /home/ros/docker_pronto_ws/install/pronto_utils/share/pronto_utils/cmake/ament_cmake_export_include_directories-extras.cmake
-- Up-to-date symlink: /home/ros/docker_pronto_ws/install/pronto_utils/share/pronto_utils/cmake/ament_cmake_export_libraries-extras.cmake
-- Up-to-date symlink: /home/ros/docker_pronto_ws/install/pronto_utils/share/pronto_utils/cmake/ament_cmake_export_dependencies-extras.cmake
-- Up-to-date symlink: /home/ros/docker_pronto_ws/install/pronto_utils/share/pronto_utils/cmake/ament_cmake_export_targets-extras.cmake
-- Up-to-date symlink: /home/ros/docker_pronto_ws/install/pronto_utils/share/pronto_utils/cmake/pronto_utilsConfig.cmake
-- Up-to-date symlink: /home/ros/docker_pronto_ws/install/pronto_utils/share/pronto_utils/cmake/pronto_utilsConfig-version.cmake
-- Up-to-date symlink: /home/ros/docker_pronto_ws/install/pronto_utils/share/pronto_utils/package.xml
-- Up-to-date: /home/ros/docker_pronto_ws/install/pronto_utils/lib/libpronto_utils.so
-- Up-to-date: /home/ros/docker_pronto_ws/install/pronto_utils/lib/libkalman_filter.so
-- Up-to-date: /home/ros/docker_pronto_ws/install/pronto_utils/lib/libbacklash_filter.so
-- Up-to-date: /home/ros/docker_pronto_ws/install/pronto_utils/share/pronto_utils/cmake/export_pronto_utilsExport.cmake
-- Up-to-date: /home/ros/docker_pronto_ws/install/pronto_utils/share/pronto_utils/cmake/export_pronto_utilsExport-release.cmake
