-- The C compiler identification is GNU 11.4.0
-- The CXX compiler identification is GNU 11.4.0
-- Detecting C compiler ABI info
-- Detecting C compiler ABI info - done
-- Check for working C compiler: /usr/bin/cc - skipped
-- Detecting C compile features
-- Detecting C compile features - done
-- Detecting CXX compiler ABI info
-- Detecting CXX compiler ABI info - done
-- Check for working CXX compiler: /usr/bin/c++ - skipped
-- Detecting CXX compile features
-- Detecting CXX compile features - done
-- Found ament_cmake: 1.3.6 (/opt/ros/humble/share/ament_cmake/cmake)
-- Found Python3: /usr/bin/python3.10 (found version "3.10.12") found components: Interpreter 
-- Override CMake install command with custom implementation using symlinks instead of copying resources
-- Found ament_cmake_ros: 0.10.0 (/opt/ros/humble/share/ament_cmake_ros/cmake)
-- Found rclcpp: 16.0.7 (/opt/ros/humble/share/rclcpp/cmake)
-- Found rosidl_generator_c: 3.1.5 (/opt/ros/humble/share/rosidl_generator_c/cmake)
-- Found rosidl_adapter: 3.1.5 (/opt/ros/humble/share/rosidl_adapter/cmake)
-- Found rosidl_generator_cpp: 3.1.5 (/opt/ros/humble/share/rosidl_generator_cpp/cmake)
-- Using all available rosidl_typesupport_c: rosidl_typesupport_fastrtps_c;rosidl_typesupport_introspection_c
-- Using all available rosidl_typesupport_cpp: rosidl_typesupport_fastrtps_cpp;rosidl_typesupport_introspection_cpp
-- Found rmw_implementation_cmake: 6.1.1 (/opt/ros/humble/share/rmw_implementation_cmake/cmake)
-- Found rmw_fastrtps_cpp: 6.2.5 (/opt/ros/humble/share/rmw_fastrtps_cpp/cmake)
-- Found OpenSSL: /usr/lib/x86_64-linux-gnu/libcrypto.so (found version "3.0.2")  
-- Found FastRTPS: /opt/ros/humble/include  
-- Using RMW implementation 'rmw_fastrtps_cpp' as default
-- Looking for pthread.h
-- Looking for pthread.h - found
-- Performing Test CMAKE_HAVE_LIBC_PTHREAD
-- Performing Test CMAKE_HAVE_LIBC_PTHREAD - Success
-- Found Threads: TRUE  
-- Found pronto_utils: 0.0.0 (/home/ros/docker_pronto_ws/install/pronto_utils/share/pronto_utils/cmake)
-- Found pronto_core: 0.0.0 (/home/ros/docker_pronto_ws/install/pronto_core/share/pronto_core/cmake)
-- Found pronto_ros: 0.0.0 (/home/ros/docker_pronto_ws/install/pronto_ros/share/pronto_ros/cmake)
-- Found eigen3_cmake_module: 0.1.1 (/opt/ros/humble/share/eigen3_cmake_module/cmake)
-- Found Eigen3: TRUE (found version "3.4.0") 
-- Ensuring Eigen3 include directory is part of orocos-kdl CMake target
-- Found pronto_quadruped: 0.0.0 (/home/ros/docker_pronto_ws/install/pronto_quadruped/share/pronto_quadruped/cmake)
-- Found visualization_msgs: 4.2.3 (/opt/ros/humble/share/visualization_msgs/cmake)
-- Found ament_lint_auto: 0.12.9 (/opt/ros/humble/share/ament_lint_auto/cmake)
-- Added test 'cppcheck' to perform static code analysis on C / C++ code
-- Configured cppcheck include dirs: $<BUILD_INTERFACE:/home/ros/docker_pronto_ws/src/pronto_quadruped_ros/include>
-- Configured cppcheck exclude dirs and/or files: 
-- Added test 'lint_cmake' to check CMake code style
-- Added test 'uncrustify' to check C / C++ code style
-- Configured uncrustify additional arguments: 
-- Added test 'xmllint' to check XML markup files
-- Configuring done
-- Generating done
-- Build files have been written to: /home/ros/docker_pronto_ws/build/pronto_quadruped_ros
[ 11%] [32mBuilding CXX object CMakeFiles/pronto_quadruped_ros.dir/src/legodo_handler_ros.cpp.o[0m
[ 22%] [32mBuilding CXX object CMakeFiles/pronto_quadruped_ros.dir/src/stance_estimator_ros.cpp.o[0m
[ 33%] [32mBuilding CXX object CMakeFiles/pronto_quadruped_ros.dir/src/force_sensor_stance_estimator_ros.cpp.o[0m
[ 44%] [32mBuilding CXX object CMakeFiles/pronto_quadruped_ros.dir/src/foot_sensor_stance_detector_ros.cpp.o[0m
[ 55%] [32mBuilding CXX object CMakeFiles/pronto_quadruped_ros.dir/src/conversions.cpp.o[0m
[ 66%] [32mBuilding CXX object CMakeFiles/pronto_quadruped_ros.dir/src/bias_lock_handler_ros.cpp.o[0m
[ 77%] [32mBuilding CXX object CMakeFiles/pronto_quadruped_ros.dir/src/dynamic_stance_estimator_ros.cpp.o[0m
[ 88%] [32mBuilding CXX object CMakeFiles/pronto_quadruped_ros.dir/src/leg_odometer_ros.cpp.o[0m
In file included from [01m[K/home/ros/docker_pronto_ws/src/pronto_quadruped_ros/src/legodo_handler_ros.cpp:31[m[K:
[01m[K/home/ros/docker_pronto_ws/src/pronto_quadruped_ros/include/pronto_quadruped_ros/legodo_handler_ros.hpp:[m[K In constructor ‘[01m[Kpronto::quadruped::LegodoHandlerWithAccelerationROS::LegodoHandlerWithAccelerationROS(rclcpp::Node::SharedPtr, pronto::quadruped::StanceEstimatorROS&, pronto::quadruped::LegOdometerROS&)[m[K’:
[01m[K/home/ros/docker_pronto_ws/src/pronto_quadruped_ros/include/pronto_quadruped_ros/legodo_handler_ros.hpp:194:29:[m[K [01;35m[Kwarning: [m[K‘[01m[Kpronto::quadruped::LegodoHandlerWithAccelerationROS::nh_[m[K’ will be initialized after [[01;35m[K-Wreorder[m[K]
  194 |     rclcpp::Node::SharedPtr [01;35m[Knh_[m[K;
      |                             [01;35m[K^~~[m[K
[01m[K/home/ros/docker_pronto_ws/src/pronto_quadruped_ros/include/pronto_quadruped_ros/legodo_handler_ros.hpp:177:45:[m[K [01;35m[Kwarning: [m[K  base ‘[01m[Kpronto::quadruped::LegodoHandlerBase[m[K’ [[01;35m[K-Wreorder[m[K]
  177 |     LegodoHandlerBase(nh, stance_est, legodo[01;35m[K)[m[K
      |                                             [01;35m[K^[m[K
[01m[K/home/ros/docker_pronto_ws/src/pronto_quadruped_ros/include/pronto_quadruped_ros/legodo_handler_ros.hpp:173:5:[m[K [01;35m[Kwarning: [m[K  when initialized here [[01;35m[K-Wreorder[m[K]
  173 |     [01;35m[KLegodoHandlerWithAccelerationROS[m[K(rclcpp::Node::SharedPtr nh,
      |     [01;35m[K^~~~~~~~~~~~~~~~~~~~~~~~~~~~~~~~[m[K
[01m[K/home/ros/docker_pronto_ws/src/pronto_quadruped_ros/include/pronto_quadruped_ros/legodo_handler_ros.hpp:[m[K In member function ‘[01m[Kvirtual bool pronto::quadruped::LegodoHandlerWithAccelerationROS::processMessageInit(const JointStateWithAcceleration*, const std::map<std::__cxx11::basic_string<char>, bool>&, const pronto::RBIS&, const RBIM&, pronto::RBIS&, pronto::RBIM&)[m[K’:
[01m[K/home/ros/docker_pronto_ws/src/pronto_quadruped_ros/include/pronto_quadruped_ros/legodo_handler_ros.hpp:186:81:[m[K [01;35m[Kwarning: [m[Kunused parameter ‘[01m[Kmsg[m[K’ [[01;35m[K-Wunused-parameter[m[K]
  186 |     bool processMessageInit([01;35m[Kconst pronto_msgs::msg::JointStateWithAcceleration *msg[m[K,
      |                             [01;35m[K~~~~~~~~~~~~~~~~~~~~~~~~~~~~~~~~~~~~~~~~~~~~~~~~~~~~^~~[m[K
[01m[K/home/ros/docker_pronto_ws/src/pronto_quadruped_ros/include/pronto_quadruped_ros/legodo_handler_ros.hpp:187:64:[m[K [01;35m[Kwarning: [m[Kunused parameter ‘[01m[Ksensor_initialized[m[K’ [[01;35m[K-Wunused-parameter[m[K]
  187 |                             [01;35m[Kconst std::map<std::string, bool>& sensor_initialized[m[K,
      |                             [01;35m[K~~~~~~~~~~~~~~~~~~~~~~~~~~~~~~~~~~~^~~~~~~~~~~~~~~~~~[m[K
[01m[K/home/ros/docker_pronto_ws/src/pronto_quadruped_ros/include/pronto_quadruped_ros/legodo_handler_ros.hpp:188:41:[m[K [01;35m[Kwarning: [m[Kunused parameter ‘[01m[Kdefault_state[m[K’ [[01;35m[K-Wunused-parameter[m[K]
  188 |                             [01;35m[Kconst RBIS& default_state[m[K,
      |                             [01;35m[K~~~~~~~~~~~~^~~~~~~~~~~~~[m[K
[01m[K/home/ros/docker_pronto_ws/src/pronto_quadruped_ros/include/pronto_quadruped_ros/legodo_handler_ros.hpp:189:41:[m[K [01;35m[Kwarning: [m[Kunused parameter ‘[01m[Kdefault_cov[m[K’ [[01;35m[K-Wunused-parameter[m[K]
  189 |                             [01;35m[Kconst RBIM& default_cov[m[K,
      |                             [01;35m[K~~~~~~~~~~~~^~~~~~~~~~~[m[K
[01m[K/home/ros/docker_pronto_ws/src/pronto_quadruped_ros/include/pronto_quadruped_ros/legodo_handler_ros.hpp:190:35:[m[K [01;35m[Kwarning: [m[Kunused parameter ‘[01m[Kinit_state[m[K’ [[01;35m[K-Wunused-parameter[m[K]
  190 |                             [01;35m[KRBIS& init_state[m[K,
      |                             [01;35m[K~~~~~~^~~~~~~~~~[m[K
[01m[K/home/ros/docker_pronto_ws/src/pronto_quadruped_ros/include/pronto_quadruped_ros/legodo_handler_ros.hpp:191:35:[m[K [01;35m[Kwarning: [m[Kunused parameter ‘[01m[Kinit_cov[m[K’ [[01;35m[K-Wunused-parameter[m[K]
  191 |                             [01;35m[KRBIM& init_cov[m[K) override { return true; }
      |                             [01;35m[K~~~~~~^~~~~~~~[m[K
[01m[K/home/ros/docker_pronto_ws/src/pronto_quadruped_ros/include/pronto_quadruped_ros/legodo_handler_ros.hpp:[m[K In constructor ‘[01m[Kpronto::quadruped::LegodoHandlerBase::LegodoHandlerBase(rclcpp::Node::SharedPtr, pronto::quadruped::StanceEstimatorROS&, pronto::quadruped::LegOdometerROS&)[m[K’:
[01m[K/home/ros/docker_pronto_ws/src/pronto_quadruped_ros/include/pronto_quadruped_ros/legodo_handler_ros.hpp:143:29:[m[K [01;35m[Kwarning: [m[K‘[01m[Kpronto::quadruped::LegodoHandlerBase::nh_[m[K’ will be initialized after [[01;35m[K-Wreorder[m[K]
  143 |     rclcpp::Node::SharedPtr [01;35m[Knh_[m[K;
      |                             [01;35m[K^~~[m[K
In file included from [01m[K/home/ros/docker_pronto_ws/src/pronto_quadruped_ros/src/legodo_handler_ros.cpp:31[m[K:
[01m[K/home/ros/docker_pronto_ws/src/pronto_quadruped_ros/include/pronto_quadruped_ros/legodo_handler_ros.hpp:84:25:[m[K [01;35m[Kwarning: [m[K  ‘[01m[Kpronto::quadruped::StanceEstimatorROS& pronto::quadruped::LegodoHandlerBase::stance_estimator_[m[K’ [[01;35m[K-Wreorder[m[K]
   84 |     StanceEstimatorROS& [01;35m[Kstance_estimator_[m[K;
      |                         [01;35m[K^~~~~~~~~~~~~~~~~[m[K
[01m[K/home/ros/docker_pronto_ws/src/pronto_quadruped_ros/src/legodo_handler_ros.cpp:38:1:[m[K [01;35m[Kwarning: [m[K  when initialized here [[01;35m[K-Wreorder[m[K]
   38 | [01;35m[KLegodoHandlerBase[m[K::LegodoHandlerBase(rclcpp::Node::SharedPtr nh,
      | [01;35m[K^~~~~~~~~~~~~~~~~[m[K
In file included from [01m[K/home/ros/docker_pronto_ws/src/pronto_quadruped_ros/src/legodo_handler_ros.cpp:31[m[K:
[01m[K/home/ros/docker_pronto_ws/src/pronto_quadruped_ros/include/pronto_quadruped_ros/legodo_handler_ros.hpp:[m[K In constructor ‘[01m[Kpronto::quadruped::LegodoHandlerROS::LegodoHandlerROS(rclcpp::Node::SharedPtr, pronto::quadruped::StanceEstimatorROS&, pronto::quadruped::LegOdometerROS&)[m[K’:
[01m[K/home/ros/docker_pronto_ws/src/pronto_quadruped_ros/include/pronto_quadruped_ros/legodo_handler_ros.hpp:166:29:[m[K [01;35m[Kwarning: [m[K‘[01m[Kpronto::quadruped::LegodoHandlerROS::nh_[m[K’ will be initialized after [[01;35m[K-Wreorder[m[K]
  166 |     rclcpp::Node::SharedPtr [01;35m[Knh_[m[K;
      |                             [01;35m[K^~~[m[K
[01m[K/home/ros/docker_pronto_ws/src/pronto_quadruped_ros/src/legodo_handler_ros.cpp:286:46:[m[K [01;35m[Kwarning: [m[K  base ‘[01m[Kpronto::quadruped::LegodoHandlerBase[m[K’ [[01;35m[K-Wreorder[m[K]
  286 |     LegodoHandlerBase(nh_, stance_est, legodo[01;35m[K)[m[K
      |                                              [01;35m[K^[m[K
[01m[K/home/ros/docker_pronto_ws/src/pronto_quadruped_ros/src/legodo_handler_ros.cpp:282:1:[m[K [01;35m[Kwarning: [m[K  when initialized here [[01;35m[K-Wreorder[m[K]
  282 | [01;35m[KLegodoHandlerROS[m[K::LegodoHandlerROS(rclcpp::Node::SharedPtr nh,
      | [01;35m[K^~~~~~~~~~~~~~~~[m[K
[01m[K/home/ros/docker_pronto_ws/src/pronto_quadruped_ros/src/legodo_handler_ros.cpp:[m[K In member function ‘[01m[Kvirtual bool pronto::quadruped::LegodoHandlerROS::processMessageInit(const JointState*, const std::map<std::__cxx11::basic_string<char>, bool>&, const pronto::RBIS&, const RBIM&, pronto::RBIS&, pronto::RBIM&)[m[K’:
[01m[K/home/ros/docker_pronto_ws/src/pronto_quadruped_ros/src/legodo_handler_ros.cpp:312:79:[m[K [01;35m[Kwarning: [m[Kunused parameter ‘[01m[Kmsg[m[K’ [[01;35m[K-Wunused-parameter[m[K]
  312 | bool LegodoHandlerROS::processMessageInit([01;35m[Kconst sensor_msgs::msg::JointState *msg[m[K,
      |                                           [01;35m[K~~~~~~~~~~~~~~~~~~~~~~~~~~~~~~~~~~~~^~~[m[K
[01m[K/home/ros/docker_pronto_ws/src/pronto_quadruped_ros/src/legodo_handler_ros.cpp:313:78:[m[K [01;35m[Kwarning: [m[Kunused parameter ‘[01m[Ksensor_initialized[m[K’ [[01;35m[K-Wunused-parameter[m[K]
  313 |                                           [01;35m[Kconst std::map<std::string, bool>& sensor_initialized[m[K,
      |                                           [01;35m[K~~~~~~~~~~~~~~~~~~~~~~~~~~~~~~~~~~~^~~~~~~~~~~~~~~~~~[m[K
[01m[K/home/ros/docker_pronto_ws/src/pronto_quadruped_ros/src/legodo_handler_ros.cpp:314:55:[m[K [01;35m[Kwarning: [m[Kunused parameter ‘[01m[Kdefault_state[m[K’ [[01;35m[K-Wunused-parameter[m[K]
  314 |                                           [01;35m[Kconst RBIS& default_state[m[K,
      |                                           [01;35m[K~~~~~~~~~~~~^~~~~~~~~~~~~[m[K
[01m[K/home/ros/docker_pronto_ws/src/pronto_quadruped_ros/src/legodo_handler_ros.cpp:315:55:[m[K [01;35m[Kwarning: [m[Kunused parameter ‘[01m[Kdefault_cov[m[K’ [[01;35m[K-Wunused-parameter[m[K]
  315 |                                           [01;35m[Kconst RBIM& default_cov[m[K,
      |                                           [01;35m[K~~~~~~~~~~~~^~~~~~~~~~~[m[K
[01m[K/home/ros/docker_pronto_ws/src/pronto_quadruped_ros/src/legodo_handler_ros.cpp:316:49:[m[K [01;35m[Kwarning: [m[Kunused parameter ‘[01m[Kinit_state[m[K’ [[01;35m[K-Wunused-parameter[m[K]
  316 |                                           [01;35m[KRBIS& init_state[m[K,
      |                                           [01;35m[K~~~~~~^~~~~~~~~~[m[K
[01m[K/home/ros/docker_pronto_ws/src/pronto_quadruped_ros/src/legodo_handler_ros.cpp:317:49:[m[K [01;35m[Kwarning: [m[Kunused parameter ‘[01m[Kinit_cov[m[K’ [[01;35m[K-Wunused-parameter[m[K]
  317 |                                           [01;35m[KRBIM& init_cov[m[K)
      |                                           [01;35m[K~~~~~~^~~~~~~~[m[K
In file included from [01m[K/home/ros/docker_pronto_ws/src/pronto_quadruped_ros/src/legodo_handler_ros.cpp:31[m[K:
[01m[K/home/ros/docker_pronto_ws/src/pronto_quadruped_ros/include/pronto_quadruped_ros/legodo_handler_ros.hpp:[m[K In constructor ‘[01m[Kpronto::quadruped::FootSensorLegodoHandlerROS::FootSensorLegodoHandlerROS(rclcpp::Node::SharedPtr, pronto::quadruped::StanceEstimatorROS&, pronto::quadruped::LegOdometerROS&)[m[K’:
[01m[K/home/ros/docker_pronto_ws/src/pronto_quadruped_ros/include/pronto_quadruped_ros/legodo_handler_ros.hpp:247:29:[m[K [01;35m[Kwarning: [m[K‘[01m[Kpronto::quadruped::FootSensorLegodoHandlerROS::nh_[m[K’ will be initialized after [[01;35m[K-Wreorder[m[K]
  247 |     rclcpp::Node::SharedPtr [01;35m[Knh_[m[K;
      |                             [01;35m[K^~~[m[K
[01m[K/home/ros/docker_pronto_ws/src/pronto_quadruped_ros/src/legodo_handler_ros.cpp:349:43:[m[K [01;35m[Kwarning: [m[K  base ‘[01m[Kpronto::quadruped::LegodoHandlerBase[m[K’ [[01;35m[K-Wreorder[m[K]
  349 |   LegodoHandlerBase(nh, stance_est, legodo[01;35m[K)[m[K
      |                                           [01;35m[K^[m[K
[01m[K/home/ros/docker_pronto_ws/src/pronto_quadruped_ros/src/legodo_handler_ros.cpp:345:1:[m[K [01;35m[Kwarning: [m[K  when initialized here [[01;35m[K-Wreorder[m[K]
  345 | [01;35m[KFootSensorLegodoHandlerROS[m[K::FootSensorLegodoHandlerROS(rclcpp::Node::SharedPtr nh,
      | [01;35m[K^~~~~~~~~~~~~~~~~~~~~~~~~~[m[K
[01m[K/home/ros/docker_pronto_ws/src/pronto_quadruped_ros/src/legodo_handler_ros.cpp:[m[K In member function ‘[01m[Kvirtual bool pronto::quadruped::FootSensorLegodoHandlerROS::processMessageInit(const JointState*, const std::map<std::__cxx11::basic_string<char>, bool>&, const pronto::RBIS&, const RBIM&, pronto::RBIS&, pronto::RBIM&)[m[K’:
[01m[K/home/ros/docker_pronto_ws/src/pronto_quadruped_ros/src/legodo_handler_ros.cpp:353:89:[m[K [01;35m[Kwarning: [m[Kunused parameter ‘[01m[Kmsg[m[K’ [[01;35m[K-Wunused-parameter[m[K]
  353 | bool FootSensorLegodoHandlerROS::processMessageInit([01;35m[Kconst sensor_msgs::msg::JointState *msg[m[K,
      |                                                     [01;35m[K~~~~~~~~~~~~~~~~~~~~~~~~~~~~~~~~~~~~^~~[m[K
[01m[K/home/ros/docker_pronto_ws/src/pronto_quadruped_ros/src/legodo_handler_ros.cpp:354:88:[m[K [01;35m[Kwarning: [m[Kunused parameter ‘[01m[Ksensor_initialized[m[K’ [[01;35m[K-Wunused-parameter[m[K]
  354 |                                                  [01;35m[Kconst std::map<std::string, bool>& sensor_initialized[m[K,
      |                                                  [01;35m[K~~~~~~~~~~~~~~~~~~~~~~~~~~~~~~~~~~~^~~~~~~~~~~~~~~~~~[m[K

[01m[K/home/ros/docker_pronto_ws/src/pronto_quadruped_ros/src/legodo_handler_ros.cpp:355:65:[m[K [01;35m[Kwarning: [m[Kunused parameter ‘[01m[Kdefault_state[m[K’ [[01;35m[K-Wunused-parameter[m[K]
  355 |                                                     [01;35m[Kconst RBIS& default_state[m[K,
      |                                                     [01;35m[K~~~~~~~~~~~~^~~~~~~~~~~~~[m[K
[01m[K/home/ros/docker_pronto_ws/src/pronto_quadruped_ros/src/legodo_handler_ros.cpp:356:65:[m[K [01;35m[Kwarning: [m[Kunused parameter ‘[01m[Kdefault_cov[m[K’ [[01;35m[K-Wunused-parameter[m[K]
  356 |                                                     [01;35m[Kconst RBIM& default_cov[m[K,
      |                                                     [01;35m[K~~~~~~~~~~~~^~~~~~~~~~~[m[K
[01m[K/home/ros/docker_pronto_ws/src/pronto_quadruped_ros/src/legodo_handler_ros.cpp:357:59:[m[K [01;35m[Kwarning: [m[Kunused parameter ‘[01m[Kinit_state[m[K’ [[01;35m[K-Wunused-parameter[m[K]
  357 |                                                     [01;35m[KRBIS& init_state[m[K,
      |                                                     [01;35m[K~~~~~~^~~~~~~~~~[m[K
[01m[K/home/ros/docker_pronto_ws/src/pronto_quadruped_ros/src/legodo_handler_ros.cpp:358:59:[m[K [01;35m[Kwarning: [m[Kunused parameter ‘[01m[Kinit_cov[m[K’ [[01;35m[K-Wunused-parameter[m[K]
  358 |                                                     [01;35m[KRBIM& init_cov[m[K)
      |                                                     [01;35m[K~~~~~~^~~~~~~~[m[K
In file included from [01m[K/home/ros/docker_pronto_ws/src/pronto_quadruped_ros/src/legodo_handler_ros.cpp:31[m[K:
[01m[K/home/ros/docker_pronto_ws/src/pronto_quadruped_ros/include/pronto_quadruped_ros/legodo_handler_ros.hpp:[m[K In constructor ‘[01m[Kpronto::quadruped::ForceSensorLegodoHandlerROS::ForceSensorLegodoHandlerROS(rclcpp::Node::SharedPtr, pronto::quadruped::StanceEstimatorROS&, pronto::quadruped::LegOdometerROS&)[m[K’:
[01m[K/home/ros/docker_pronto_ws/src/pronto_quadruped_ros/include/pronto_quadruped_ros/legodo_handler_ros.hpp:221:29:[m[K [01;35m[Kwarning: [m[K‘[01m[Kpronto::quadruped::ForceSensorLegodoHandlerROS::nh_[m[K’ will be initialized after [[01;35m[K-Wreorder[m[K]
  221 |     rclcpp::Node::SharedPtr [01;35m[Knh_[m[K;
      |                             [01;35m[K^~~[m[K
[01m[K/home/ros/docker_pronto_ws/src/pronto_quadruped_ros/src/legodo_handler_ros.cpp:395:44:[m[K [01;35m[Kwarning: [m[K  base ‘[01m[Kpronto::quadruped::LegodoHandlerBase[m[K’ [[01;35m[K-Wreorder[m[K]
  395 |   LegodoHandlerBase(nh_, stance_est, legodo[01;35m[K)[m[K
      |                                            [01;35m[K^[m[K
[01m[K/home/ros/docker_pronto_ws/src/pronto_quadruped_ros/src/legodo_handler_ros.cpp:391:1:[m[K [01;35m[Kwarning: [m[K  when initialized here [[01;35m[K-Wreorder[m[K]
  391 | [01;35m[KForceSensorLegodoHandlerROS[m[K::ForceSensorLegodoHandlerROS(rclcpp::Node::SharedPtr nh,
      | [01;35m[K^~~~~~~~~~~~~~~~~~~~~~~~~~~[m[K
[01m[K/home/ros/docker_pronto_ws/src/pronto_quadruped_ros/src/legodo_handler_ros.cpp:[m[K In member function ‘[01m[Kvirtual bool pronto::quadruped::ForceSensorLegodoHandlerROS::processMessageInit(const JointState*, const std::map<std::__cxx11::basic_string<char>, bool>&, const pronto::RBIS&, const RBIM&, pronto::RBIS&, pronto::RBIM&)[m[K’:
[01m[K/home/ros/docker_pronto_ws/src/pronto_quadruped_ros/src/legodo_handler_ros.cpp:414:90:[m[K [01;35m[Kwarning: [m[Kunused parameter ‘[01m[Kmsg[m[K’ [[01;35m[K-Wunused-parameter[m[K]
  414 | bool ForceSensorLegodoHandlerROS::processMessageInit([01;35m[Kconst sensor_msgs::msg::JointState *msg[m[K,
      |                                                      [01;35m[K~~~~~~~~~~~~~~~~~~~~~~~~~~~~~~~~~~~~^~~[m[K
[01m[K/home/ros/docker_pronto_ws/src/pronto_quadruped_ros/src/legodo_handler_ros.cpp:415:90:[m[K [01;35m[Kwarning: [m[Kunused parameter ‘[01m[Ksensor_initialized[m[K’ [[01;35m[K-Wunused-parameter[m[K]
  415 |                                                 [01;35m[Kconst std::map<std::string, bool> & sensor_initialized[m[K,
      |                                                 [01;35m[K~~~~~~~~~~~~~~~~~~~~~~~~~~~~~~~~~~~~^~~~~~~~~~~~~~~~~~[m[K

[01m[K/home/ros/docker_pronto_ws/src/pronto_quadruped_ros/src/legodo_handler_ros.cpp:416:66:[m[K [01;35m[Kwarning: [m[Kunused parameter ‘[01m[Kdefault_state[m[K’ [[01;35m[K-Wunused-parameter[m[K]
  416 |                                                      [01;35m[Kconst RBIS& default_state[m[K,
      |                                                      [01;35m[K~~~~~~~~~~~~^~~~~~~~~~~~~[m[K
[01m[K/home/ros/docker_pronto_ws/src/pronto_quadruped_ros/src/legodo_handler_ros.cpp:417:66:[m[K [01;35m[Kwarning: [m[Kunused parameter ‘[01m[Kdefault_cov[m[K’ [[01;35m[K-Wunused-parameter[m[K]
  417 |                                                      [01;35m[Kconst RBIM& default_cov[m[K,
      |                                                      [01;35m[K~~~~~~~~~~~~^~~~~~~~~~~[m[K
[01m[K/home/ros/docker_pronto_ws/src/pronto_quadruped_ros/src/legodo_handler_ros.cpp:418:60:[m[K [01;35m[Kwarning: [m[Kunused parameter ‘[01m[Kinit_state[m[K’ [[01;35m[K-Wunused-parameter[m[K]
  418 |                                                      [01;35m[KRBIS& init_state[m[K,
      |                                                      [01;35m[K~~~~~~^~~~~~~~~~[m[K
[01m[K/home/ros/docker_pronto_ws/src/pronto_quadruped_ros/src/legodo_handler_ros.cpp:419:60:[m[K [01;35m[Kwarning: [m[Kunused parameter ‘[01m[Kinit_cov[m[K’ [[01;35m[K-Wunused-parameter[m[K]
  419 |                                                      [01;35m[KRBIM& init_cov[m[K){
      |                                                      [01;35m[K~~~~~~^~~~~~~~[m[K
[01m[K/home/ros/docker_pronto_ws/src/pronto_quadruped_ros/src/force_sensor_stance_estimator_ros.cpp:[m[K In constructor ‘[01m[Kpronto::quadruped::ForceSensorStanceEstimatorROS::ForceSensorStanceEstimatorROS(rclcpp::Node::SharedPtr)[m[K’:
[01m[K/home/ros/docker_pronto_ws/src/pronto_quadruped_ros/src/force_sensor_stance_estimator_ros.cpp:18:20:[m[K [01;35m[Kwarning: [m[K‘[01m[Kstance_threshold[m[K’ may be used uninitialized in this function [[01;35m[K-Wmaybe-uninitialized[m[K]
   18 |   [01;35m[Kforce_threshold_ = stance_threshold[m[K;
      |   [01;35m[K~~~~~~~~~~~~~~~~~^~~~~~~~~~~~~~~~~~[m[K
[100%] [32m[1mLinking CXX shared library libpronto_quadruped_ros.so[0m
[100%] Built target pronto_quadruped_ros
-- Install configuration: "Release"
-- Execute custom install script
-- Symlinking: /home/ros/docker_pronto_ws/install/pronto_quadruped_ros/share/pronto_quadruped_ros/environment/library_path.sh
-- Symlinking: /home/ros/docker_pronto_ws/install/pronto_quadruped_ros/share/pronto_quadruped_ros/environment/library_path.dsv
-- Symlinking: /home/ros/docker_pronto_ws/install/pronto_quadruped_ros/include/pronto_quadruped_ros/bias_lock_handler_ros.hpp
-- Symlinking: /home/ros/docker_pronto_ws/install/pronto_quadruped_ros/include/pronto_quadruped_ros/conversions.hpp
-- Symlinking: /home/ros/docker_pronto_ws/install/pronto_quadruped_ros/include/pronto_quadruped_ros/dynamic_stance_estimator_ros.hpp
-- Symlinking: /home/ros/docker_pronto_ws/install/pronto_quadruped_ros/include/pronto_quadruped_ros/foor_sensor_stance_detector_ros.hpp
-- Symlinking: /home/ros/docker_pronto_ws/install/pronto_quadruped_ros/include/pronto_quadruped_ros/force_sensor_stance_estimator_ros.hpp
-- Symlinking: /home/ros/docker_pronto_ws/install/pronto_quadruped_ros/include/pronto_quadruped_ros/leg_odometer_ros.hpp
-- Symlinking: /home/ros/docker_pronto_ws/install/pronto_quadruped_ros/include/pronto_quadruped_ros/legodo_handler_ros.hpp
-- Symlinking: /home/ros/docker_pronto_ws/install/pronto_quadruped_ros/include/pronto_quadruped_ros/pronto_quadruped_ros.hpp
-- Symlinking: /home/ros/docker_pronto_ws/install/pronto_quadruped_ros/include/pronto_quadruped_ros/stance_estimator_ros.hpp
-- Symlinking: /home/ros/docker_pronto_ws/install/pronto_quadruped_ros/include/pronto_quadruped_ros/visibility_control.h
-- Symlinking: /home/ros/docker_pronto_ws/install/pronto_quadruped_ros/share/ament_index/resource_index/package_run_dependencies/pronto_quadruped_ros
-- Symlinking: /home/ros/docker_pronto_ws/install/pronto_quadruped_ros/share/ament_index/resource_index/parent_prefix_path/pronto_quadruped_ros
-- Symlinking: /home/ros/docker_pronto_ws/install/pronto_quadruped_ros/share/pronto_quadruped_ros/environment/ament_prefix_path.sh
-- Symlinking: /home/ros/docker_pronto_ws/install/pronto_quadruped_ros/share/pronto_quadruped_ros/environment/ament_prefix_path.dsv
-- Symlinking: /home/ros/docker_pronto_ws/install/pronto_quadruped_ros/share/pronto_quadruped_ros/environment/path.sh
-- Symlinking: /home/ros/docker_pronto_ws/install/pronto_quadruped_ros/share/pronto_quadruped_ros/environment/path.dsv
-- Symlinking: /home/ros/docker_pronto_ws/install/pronto_quadruped_ros/share/pronto_quadruped_ros/local_setup.bash
-- Symlinking: /home/ros/docker_pronto_ws/install/pronto_quadruped_ros/share/pronto_quadruped_ros/local_setup.sh
-- Symlinking: /home/ros/docker_pronto_ws/install/pronto_quadruped_ros/share/pronto_quadruped_ros/local_setup.zsh
-- Symlinking: /home/ros/docker_pronto_ws/install/pronto_quadruped_ros/share/pronto_quadruped_ros/local_setup.dsv
-- Symlinking: /home/ros/docker_pronto_ws/install/pronto_quadruped_ros/share/pronto_quadruped_ros/package.dsv
-- Symlinking: /home/ros/docker_pronto_ws/install/pronto_quadruped_ros/share/ament_index/resource_index/packages/pronto_quadruped_ros
-- Symlinking: /home/ros/docker_pronto_ws/install/pronto_quadruped_ros/share/pronto_quadruped_ros/cmake/ament_cmake_export_include_directories-extras.cmake
-- Symlinking: /home/ros/docker_pronto_ws/install/pronto_quadruped_ros/share/pronto_quadruped_ros/cmake/ament_cmake_export_libraries-extras.cmake
-- Symlinking: /home/ros/docker_pronto_ws/install/pronto_quadruped_ros/share/pronto_quadruped_ros/cmake/ament_cmake_export_dependencies-extras.cmake
-- Symlinking: /home/ros/docker_pronto_ws/install/pronto_quadruped_ros/share/pronto_quadruped_ros/cmake/ament_cmake_export_targets-extras.cmake
-- Symlinking: /home/ros/docker_pronto_ws/install/pronto_quadruped_ros/share/pronto_quadruped_ros/cmake/pronto_quadruped_rosConfig.cmake
-- Symlinking: /home/ros/docker_pronto_ws/install/pronto_quadruped_ros/share/pronto_quadruped_ros/cmake/pronto_quadruped_rosConfig-version.cmake
-- Symlinking: /home/ros/docker_pronto_ws/install/pronto_quadruped_ros/share/pronto_quadruped_ros/package.xml
-- Installing: /home/ros/docker_pronto_ws/install/pronto_quadruped_ros/lib/libpronto_quadruped_ros.so
-- Set runtime path of "/home/ros/docker_pronto_ws/install/pronto_quadruped_ros/lib/libpronto_quadruped_ros.so" to ""
-- Installing: /home/ros/docker_pronto_ws/install/pronto_quadruped_ros/share/pronto_quadruped_ros/cmake/export_pronto_quadruped_rosExport.cmake
-- Installing: /home/ros/docker_pronto_ws/install/pronto_quadruped_ros/share/pronto_quadruped_ros/cmake/export_pronto_quadruped_rosExport-release.cmake
