-- The C compiler identification is GNU 11.4.0
-- The CXX compiler identification is GNU 11.4.0
-- Detecting C compiler ABI info
-- Detecting C compiler ABI info - done
-- Check for working C compiler: /usr/bin/cc - skipped
-- Detecting C compile features
-- Detecting C compile features - done
-- Detecting CXX compiler ABI info
-- Detecting CXX compiler ABI info - done
-- Check for working CXX compiler: /usr/bin/c++ - skipped
-- Detecting CXX compile features
-- Detecting CXX compile features - done
-- Found ament_cmake: 1.3.6 (/opt/ros/humble/share/ament_cmake/cmake)
-- Found Python3: /usr/bin/python3.10 (found version "3.10.12") found components: Interpreter 
-- Override CMake install command with custom implementation using symlinks instead of copying resources
-- Found ament_cmake_ros: 0.10.0 (/opt/ros/humble/share/ament_cmake_ros/cmake)
-- Found rclcpp: 16.0.7 (/opt/ros/humble/share/rclcpp/cmake)
-- Found rosidl_generator_c: 3.1.5 (/opt/ros/humble/share/rosidl_generator_c/cmake)
-- Found rosidl_adapter: 3.1.5 (/opt/ros/humble/share/rosidl_adapter/cmake)
-- Found rosidl_generator_cpp: 3.1.5 (/opt/ros/humble/share/rosidl_generator_cpp/cmake)
-- Using all available rosidl_typesupport_c: rosidl_typesupport_fastrtps_c;rosidl_typesupport_introspection_c
-- Using all available rosidl_typesupport_cpp: rosidl_typesupport_fastrtps_cpp;rosidl_typesupport_introspection_cpp
-- Found rmw_implementation_cmake: 6.1.1 (/opt/ros/humble/share/rmw_implementation_cmake/cmake)
-- Found rmw_fastrtps_cpp: 6.2.5 (/opt/ros/humble/share/rmw_fastrtps_cpp/cmake)
-- Found OpenSSL: /usr/lib/x86_64-linux-gnu/libcrypto.so (found version "3.0.2")  
-- Found FastRTPS: /opt/ros/humble/include  
-- Using RMW implementation 'rmw_fastrtps_cpp' as default
-- Looking for pthread.h
-- Looking for pthread.h - found
-- Performing Test CMAKE_HAVE_LIBC_PTHREAD
-- Performing Test CMAKE_HAVE_LIBC_PTHREAD - Success
-- Found Threads: TRUE  
-- Found pronto_utils: 0.0.0 (/home/ros/docker_pronto_ws/install/pronto_utils/share/pronto_utils/cmake)
-- Found pronto_core: 0.0.0 (/home/ros/docker_pronto_ws/install/pronto_core/share/pronto_core/cmake)
-- Found pronto_ros: 0.0.0 (/home/ros/docker_pronto_ws/install/pronto_ros/share/pronto_ros/cmake)
-- Found eigen3_cmake_module: 0.1.1 (/opt/ros/humble/share/eigen3_cmake_module/cmake)
-- Found Eigen3: TRUE (found version "3.4.0") 
-- Ensuring Eigen3 include directory is part of orocos-kdl CMake target
-- Found pronto_quadruped: 0.0.0 (/home/ros/docker_pronto_ws/install/pronto_quadruped/share/pronto_quadruped/cmake)
-- Found visualization_msgs: 4.2.3 (/opt/ros/humble/share/visualization_msgs/cmake)
-- Found ament_lint_auto: 0.12.9 (/opt/ros/humble/share/ament_lint_auto/cmake)
-- Added test 'cppcheck' to perform static code analysis on C / C++ code
-- Configured cppcheck include dirs: $<BUILD_INTERFACE:/home/ros/docker_pronto_ws/src/pronto_quadruped_ros/include>
-- Configured cppcheck exclude dirs and/or files: 
-- Added test 'lint_cmake' to check CMake code style
-- Added test 'uncrustify' to check C / C++ code style
-- Configured uncrustify additional arguments: 
-- Added test 'xmllint' to check XML markup files
-- Configuring done
-- Generating done
-- Build files have been written to: /home/ros/docker_pronto_ws/build/pronto_quadruped_ros
[ 11%] [32mBuilding CXX object CMakeFiles/pronto_quadruped_ros.dir/src/legodo_handler_ros.cpp.o[0m
[ 22%] [32mBuilding CXX object CMakeFiles/pronto_quadruped_ros.dir/src/stance_estimator_ros.cpp.o[0m
[ 33%] [32mBuilding CXX object CMakeFiles/pronto_quadruped_ros.dir/src/force_sensor_stance_estimator_ros.cpp.o[0m
[ 44%] [32mBuilding CXX object CMakeFiles/pronto_quadruped_ros.dir/src/foot_sensor_stance_detector_ros.cpp.o[0m
[ 55%] [32mBuilding CXX object CMakeFiles/pronto_quadruped_ros.dir/src/conversions.cpp.o[0m
[ 66%] [32mBuilding CXX object CMakeFiles/pronto_quadruped_ros.dir/src/bias_lock_handler_ros.cpp.o[0m
[ 77%] [32mBuilding CXX object CMakeFiles/pronto_quadruped_ros.dir/src/dynamic_stance_estimator_ros.cpp.o[0m
[ 88%] [32mBuilding CXX object CMakeFiles/pronto_quadruped_ros.dir/src/leg_odometer_ros.cpp.o[0m
[100%] [32m[1mLinking CXX shared library libpronto_quadruped_ros.so[0m
[100%] Built target pronto_quadruped_ros
-- Install configuration: "Release"
-- Execute custom install script
-- Symlinking: /home/ros/docker_pronto_ws/install/pronto_quadruped_ros/share/pronto_quadruped_ros/environment/library_path.sh
-- Symlinking: /home/ros/docker_pronto_ws/install/pronto_quadruped_ros/share/pronto_quadruped_ros/environment/library_path.dsv
-- Symlinking: /home/ros/docker_pronto_ws/install/pronto_quadruped_ros/include/pronto_quadruped_ros/bias_lock_handler_ros.hpp
-- Symlinking: /home/ros/docker_pronto_ws/install/pronto_quadruped_ros/include/pronto_quadruped_ros/conversions.hpp
-- Symlinking: /home/ros/docker_pronto_ws/install/pronto_quadruped_ros/include/pronto_quadruped_ros/dynamic_stance_estimator_ros.hpp
-- Symlinking: /home/ros/docker_pronto_ws/install/pronto_quadruped_ros/include/pronto_quadruped_ros/foor_sensor_stance_detector_ros.hpp
-- Symlinking: /home/ros/docker_pronto_ws/install/pronto_quadruped_ros/include/pronto_quadruped_ros/force_sensor_stance_estimator_ros.hpp
-- Symlinking: /home/ros/docker_pronto_ws/install/pronto_quadruped_ros/include/pronto_quadruped_ros/leg_odometer_ros.hpp
-- Symlinking: /home/ros/docker_pronto_ws/install/pronto_quadruped_ros/include/pronto_quadruped_ros/legodo_handler_ros.hpp
-- Symlinking: /home/ros/docker_pronto_ws/install/pronto_quadruped_ros/include/pronto_quadruped_ros/pronto_quadruped_ros.hpp
-- Symlinking: /home/ros/docker_pronto_ws/install/pronto_quadruped_ros/include/pronto_quadruped_ros/stance_estimator_ros.hpp
-- Symlinking: /home/ros/docker_pronto_ws/install/pronto_quadruped_ros/include/pronto_quadruped_ros/visibility_control.h
-- Symlinking: /home/ros/docker_pronto_ws/install/pronto_quadruped_ros/share/ament_index/resource_index/package_run_dependencies/pronto_quadruped_ros
-- Symlinking: /home/ros/docker_pronto_ws/install/pronto_quadruped_ros/share/ament_index/resource_index/parent_prefix_path/pronto_quadruped_ros
-- Symlinking: /home/ros/docker_pronto_ws/install/pronto_quadruped_ros/share/pronto_quadruped_ros/environment/ament_prefix_path.sh
-- Symlinking: /home/ros/docker_pronto_ws/install/pronto_quadruped_ros/share/pronto_quadruped_ros/environment/ament_prefix_path.dsv
-- Symlinking: /home/ros/docker_pronto_ws/install/pronto_quadruped_ros/share/pronto_quadruped_ros/environment/path.sh
-- Symlinking: /home/ros/docker_pronto_ws/install/pronto_quadruped_ros/share/pronto_quadruped_ros/environment/path.dsv
-- Symlinking: /home/ros/docker_pronto_ws/install/pronto_quadruped_ros/share/pronto_quadruped_ros/local_setup.bash
-- Symlinking: /home/ros/docker_pronto_ws/install/pronto_quadruped_ros/share/pronto_quadruped_ros/local_setup.sh
-- Symlinking: /home/ros/docker_pronto_ws/install/pronto_quadruped_ros/share/pronto_quadruped_ros/local_setup.zsh
-- Symlinking: /home/ros/docker_pronto_ws/install/pronto_quadruped_ros/share/pronto_quadruped_ros/local_setup.dsv
-- Symlinking: /home/ros/docker_pronto_ws/install/pronto_quadruped_ros/share/pronto_quadruped_ros/package.dsv
-- Symlinking: /home/ros/docker_pronto_ws/install/pronto_quadruped_ros/share/ament_index/resource_index/packages/pronto_quadruped_ros
-- Symlinking: /home/ros/docker_pronto_ws/install/pronto_quadruped_ros/share/pronto_quadruped_ros/cmake/ament_cmake_export_include_directories-extras.cmake
-- Symlinking: /home/ros/docker_pronto_ws/install/pronto_quadruped_ros/share/pronto_quadruped_ros/cmake/ament_cmake_export_libraries-extras.cmake
-- Symlinking: /home/ros/docker_pronto_ws/install/pronto_quadruped_ros/share/pronto_quadruped_ros/cmake/ament_cmake_export_dependencies-extras.cmake
-- Symlinking: /home/ros/docker_pronto_ws/install/pronto_quadruped_ros/share/pronto_quadruped_ros/cmake/ament_cmake_export_targets-extras.cmake
-- Symlinking: /home/ros/docker_pronto_ws/install/pronto_quadruped_ros/share/pronto_quadruped_ros/cmake/pronto_quadruped_rosConfig.cmake
-- Symlinking: /home/ros/docker_pronto_ws/install/pronto_quadruped_ros/share/pronto_quadruped_ros/cmake/pronto_quadruped_rosConfig-version.cmake
-- Symlinking: /home/ros/docker_pronto_ws/install/pronto_quadruped_ros/share/pronto_quadruped_ros/package.xml
-- Installing: /home/ros/docker_pronto_ws/install/pronto_quadruped_ros/lib/libpronto_quadruped_ros.so
-- Set runtime path of "/home/ros/docker_pronto_ws/install/pronto_quadruped_ros/lib/libpronto_quadruped_ros.so" to ""
-- Installing: /home/ros/docker_pronto_ws/install/pronto_quadruped_ros/share/pronto_quadruped_ros/cmake/export_pronto_quadruped_rosExport.cmake
-- Installing: /home/ros/docker_pronto_ws/install/pronto_quadruped_ros/share/pronto_quadruped_ros/cmake/export_pronto_quadruped_rosExport-release.cmake
