[0.106s] Invoking command in '/home/ros/docker_pronto_ws/build/pronto_quadruped_ros': CMAKE_PREFIX_PATH=/home/ros/docker_pronto_ws/install/pronto_ros:/home/ros/docker_pronto_ws/install/pronto_quadruped:/home/ros/docker_pronto_ws/install/pronto_utils:/home/ros/docker_pronto_ws/install/pronto_quadruped_commons:/home/ros/docker_pronto_ws/install/pronto_msgs:/home/ros/docker_pronto_ws/install/pronto_core:/home/ros/docker_pronto_ws/install/hqp_controller:/home/ros/docker_pronto_ws/install/whole_body_controller:/home/ros/docker_pronto_ws/install/teleoperate_robot:/home/ros/docker_pronto_ws/install/pronto_tuning:/home/ros/docker_pronto_ws/install/lip_walking_trot_planner:/home/ros/docker_pronto_ws/install/velocity_command_msgs:/home/ros/docker_pronto_ws/install/static_walk_planner:/home/ros/docker_pronto_ws/install/robot_gazebo:/home/ros/docker_pronto_ws/install/solo_description:/home/ros/docker_pronto_ws/install/robot_model:/home/ros/docker_pronto_ws/install/ryml:/home/ros/docker_pronto_ws/install/rviz_legged_plugins:/home/ros/docker_pronto_ws/install/rviz_legged_msgs:/home/ros/docker_pronto_ws/install/anymal_c_simple_description:/home/ros/docker_pronto_ws/install/robot_control:/home/ros/docker_pronto_ws/install/hierarchical_optimization:/home/ros/docker_pronto_ws/install/quadprog:/home/ros/docker_pronto_ws/install/pronto_ros2_controller:/home/ros/docker_pronto_ws/install/pronto_solo12:/home/ros/docker_pronto_ws/install/pronto_quadruped_ros:/home/ros/docker_pronto_ws/install/pi3hat_moteus_int_msgs:/home/ros/docker_pronto_ws/install/generalized_pose_msgs:/opt/openrobots:/home/ros/docker_pronto_ws/install/planners_python:/home/ros/docker_pronto_ws/install/logger_gazebo:/home/ros/docker_pronto_ws/install/terrain_estimator:/home/ros/docker_pronto_ws/install/pose_estimator:/opt/ros/humble LD_LIBRARY_PATH=/home/ros/docker_pronto_ws/install/pronto_ros/lib:/home/ros/docker_pronto_ws/install/pronto_quadruped/lib:/home/ros/docker_pronto_ws/install/pronto_utils/lib:/home/ros/docker_pronto_ws/install/pronto_msgs/lib:/home/ros/docker_pronto_ws/install/pronto_core/lib:/home/ros/docker_pronto_ws/install/hqp_controller/lib:/home/ros/docker_pronto_ws/install/whole_body_controller/lib:/home/ros/docker_pronto_ws/install/teleoperate_robot/lib:/home/ros/docker_pronto_ws/install/lip_walking_trot_planner/lib:/home/ros/docker_pronto_ws/install/velocity_command_msgs/lib:/home/ros/docker_pronto_ws/install/static_walk_planner/lib:/home/ros/docker_pronto_ws/install/robot_model/lib:/home/ros/docker_pronto_ws/install/ryml/lib:/home/ros/docker_pronto_ws/install/rviz_legged_plugins/lib:/home/ros/docker_pronto_ws/install/rviz_legged_msgs/lib:/home/ros/docker_pronto_ws/install/hierarchical_optimization/lib:/home/ros/docker_pronto_ws/install/quadprog/lib:/home/ros/docker_pronto_ws/install/pronto_ros2_controller/lib:/home/ros/docker_pronto_ws/install/pronto_solo12/lib:/home/ros/docker_pronto_ws/install/pronto_quadruped_ros/lib:/home/ros/docker_pronto_ws/install/pi3hat_moteus_int_msgs/lib:/home/ros/docker_pronto_ws/install/generalized_pose_msgs/lib:/usr/lib/x86_64-linux-gnu/gazebo-11/plugins:/opt/ros/humble/opt/rviz_ogre_vendor/lib:/opt/ros/humble/lib/x86_64-linux-gnu:/opt/ros/humble/lib:/opt/openrobots/lib:/usr/share/gazebo/../../lib/x86_64-linux-gnu/gazebo-11/plugins /usr/bin/cmake /home/ros/docker_pronto_ws/src/pronto_quadruped_ros -DCMAKE_BUILD_TYPE=Release -DCMAKE_EXPORT_COMPILE_COMMANDS=ON -DAMENT_CMAKE_SYMLINK_INSTALL=1 -DCMAKE_INSTALL_PREFIX=/home/ros/docker_pronto_ws/install/pronto_quadruped_ros
[0.225s] -- The C compiler identification is GNU 11.4.0
[0.330s] -- The CXX compiler identification is GNU 11.4.0
[0.344s] -- Detecting C compiler ABI info
[0.482s] -- Detecting C compiler ABI info - done
[0.496s] -- Check for working C compiler: /usr/bin/cc - skipped
[0.497s] -- Detecting C compile features
[0.497s] -- Detecting C compile features - done
[0.503s] -- Detecting CXX compiler ABI info
[0.661s] -- Detecting CXX compiler ABI info - done
[0.676s] -- Check for working CXX compiler: /usr/bin/c++ - skipped
[0.676s] -- Detecting CXX compile features
[0.677s] -- Detecting CXX compile features - done
[0.687s] -- Found ament_cmake: 1.3.6 (/opt/ros/humble/share/ament_cmake/cmake)
[1.056s] -- Found Python3: /usr/bin/python3.10 (found version "3.10.12") found components: Interpreter 
[1.151s] -- Override CMake install command with custom implementation using symlinks instead of copying resources
[1.233s] -- Found ament_cmake_ros: 0.10.0 (/opt/ros/humble/share/ament_cmake_ros/cmake)
[1.250s] -- Found rclcpp: 16.0.7 (/opt/ros/humble/share/rclcpp/cmake)
[1.299s] -- Found rosidl_generator_c: 3.1.5 (/opt/ros/humble/share/rosidl_generator_c/cmake)
[1.306s] -- Found rosidl_adapter: 3.1.5 (/opt/ros/humble/share/rosidl_adapter/cmake)
[1.315s] -- Found rosidl_generator_cpp: 3.1.5 (/opt/ros/humble/share/rosidl_generator_cpp/cmake)
[1.328s] -- Using all available rosidl_typesupport_c: rosidl_typesupport_fastrtps_c;rosidl_typesupport_introspection_c
[1.347s] -- Using all available rosidl_typesupport_cpp: rosidl_typesupport_fastrtps_cpp;rosidl_typesupport_introspection_cpp
[1.412s] -- Found rmw_implementation_cmake: 6.1.1 (/opt/ros/humble/share/rmw_implementation_cmake/cmake)
[1.417s] -- Found rmw_fastrtps_cpp: 6.2.5 (/opt/ros/humble/share/rmw_fastrtps_cpp/cmake)
[1.507s] -- Found OpenSSL: /usr/lib/x86_64-linux-gnu/libcrypto.so (found version "3.0.2")  
[1.539s] -- Found FastRTPS: /opt/ros/humble/include  
[1.581s] -- Using RMW implementation 'rmw_fastrtps_cpp' as default
[1.593s] -- Looking for pthread.h
[1.683s] -- Looking for pthread.h - found
[1.683s] -- Performing Test CMAKE_HAVE_LIBC_PTHREAD
[1.834s] -- Performing Test CMAKE_HAVE_LIBC_PTHREAD - Success
[1.836s] -- Found Threads: TRUE  
[1.993s] -- Found pronto_utils: 0.0.0 (/home/ros/docker_pronto_ws/install/pronto_utils/share/pronto_utils/cmake)
[2.005s] -- Found pronto_core: 0.0.0 (/home/ros/docker_pronto_ws/install/pronto_core/share/pronto_core/cmake)
[2.009s] -- Found pronto_ros: 0.0.0 (/home/ros/docker_pronto_ws/install/pronto_ros/share/pronto_ros/cmake)
[2.500s] -- Found eigen3_cmake_module: 0.1.1 (/opt/ros/humble/share/eigen3_cmake_module/cmake)
[2.502s] -- Found Eigen3: TRUE (found version "3.4.0") 
[2.502s] -- Ensuring Eigen3 include directory is part of orocos-kdl CMake target
[2.580s] -- Found pronto_quadruped: 0.0.0 (/home/ros/docker_pronto_ws/install/pronto_quadruped/share/pronto_quadruped/cmake)
[2.589s] -- Found visualization_msgs: 4.2.3 (/opt/ros/humble/share/visualization_msgs/cmake)
[2.687s] -- Found ament_lint_auto: 0.12.9 (/opt/ros/humble/share/ament_lint_auto/cmake)
[2.818s] -- Added test 'cppcheck' to perform static code analysis on C / C++ code
[2.818s] -- Configured cppcheck include dirs: $<BUILD_INTERFACE:/home/ros/docker_pronto_ws/src/pronto_quadruped_ros/include>
[2.818s] -- Configured cppcheck exclude dirs and/or files: 
[2.820s] -- Added test 'lint_cmake' to check CMake code style
[2.822s] -- Added test 'uncrustify' to check C / C++ code style
[2.822s] -- Configured uncrustify additional arguments: 
[2.823s] -- Added test 'xmllint' to check XML markup files
[2.827s] -- Configuring done
[2.842s] -- Generating done
[2.844s] -- Build files have been written to: /home/ros/docker_pronto_ws/build/pronto_quadruped_ros
[2.854s] Invoked command in '/home/ros/docker_pronto_ws/build/pronto_quadruped_ros' returned '0': CMAKE_PREFIX_PATH=/home/ros/docker_pronto_ws/install/pronto_ros:/home/ros/docker_pronto_ws/install/pronto_quadruped:/home/ros/docker_pronto_ws/install/pronto_utils:/home/ros/docker_pronto_ws/install/pronto_quadruped_commons:/home/ros/docker_pronto_ws/install/pronto_msgs:/home/ros/docker_pronto_ws/install/pronto_core:/home/ros/docker_pronto_ws/install/hqp_controller:/home/ros/docker_pronto_ws/install/whole_body_controller:/home/ros/docker_pronto_ws/install/teleoperate_robot:/home/ros/docker_pronto_ws/install/pronto_tuning:/home/ros/docker_pronto_ws/install/lip_walking_trot_planner:/home/ros/docker_pronto_ws/install/velocity_command_msgs:/home/ros/docker_pronto_ws/install/static_walk_planner:/home/ros/docker_pronto_ws/install/robot_gazebo:/home/ros/docker_pronto_ws/install/solo_description:/home/ros/docker_pronto_ws/install/robot_model:/home/ros/docker_pronto_ws/install/ryml:/home/ros/docker_pronto_ws/install/rviz_legged_plugins:/home/ros/docker_pronto_ws/install/rviz_legged_msgs:/home/ros/docker_pronto_ws/install/anymal_c_simple_description:/home/ros/docker_pronto_ws/install/robot_control:/home/ros/docker_pronto_ws/install/hierarchical_optimization:/home/ros/docker_pronto_ws/install/quadprog:/home/ros/docker_pronto_ws/install/pronto_ros2_controller:/home/ros/docker_pronto_ws/install/pronto_solo12:/home/ros/docker_pronto_ws/install/pronto_quadruped_ros:/home/ros/docker_pronto_ws/install/pi3hat_moteus_int_msgs:/home/ros/docker_pronto_ws/install/generalized_pose_msgs:/opt/openrobots:/home/ros/docker_pronto_ws/install/planners_python:/home/ros/docker_pronto_ws/install/logger_gazebo:/home/ros/docker_pronto_ws/install/terrain_estimator:/home/ros/docker_pronto_ws/install/pose_estimator:/opt/ros/humble LD_LIBRARY_PATH=/home/ros/docker_pronto_ws/install/pronto_ros/lib:/home/ros/docker_pronto_ws/install/pronto_quadruped/lib:/home/ros/docker_pronto_ws/install/pronto_utils/lib:/home/ros/docker_pronto_ws/install/pronto_msgs/lib:/home/ros/docker_pronto_ws/install/pronto_core/lib:/home/ros/docker_pronto_ws/install/hqp_controller/lib:/home/ros/docker_pronto_ws/install/whole_body_controller/lib:/home/ros/docker_pronto_ws/install/teleoperate_robot/lib:/home/ros/docker_pronto_ws/install/lip_walking_trot_planner/lib:/home/ros/docker_pronto_ws/install/velocity_command_msgs/lib:/home/ros/docker_pronto_ws/install/static_walk_planner/lib:/home/ros/docker_pronto_ws/install/robot_model/lib:/home/ros/docker_pronto_ws/install/ryml/lib:/home/ros/docker_pronto_ws/install/rviz_legged_plugins/lib:/home/ros/docker_pronto_ws/install/rviz_legged_msgs/lib:/home/ros/docker_pronto_ws/install/hierarchical_optimization/lib:/home/ros/docker_pronto_ws/install/quadprog/lib:/home/ros/docker_pronto_ws/install/pronto_ros2_controller/lib:/home/ros/docker_pronto_ws/install/pronto_solo12/lib:/home/ros/docker_pronto_ws/install/pronto_quadruped_ros/lib:/home/ros/docker_pronto_ws/install/pi3hat_moteus_int_msgs/lib:/home/ros/docker_pronto_ws/install/generalized_pose_msgs/lib:/usr/lib/x86_64-linux-gnu/gazebo-11/plugins:/opt/ros/humble/opt/rviz_ogre_vendor/lib:/opt/ros/humble/lib/x86_64-linux-gnu:/opt/ros/humble/lib:/opt/openrobots/lib:/usr/share/gazebo/../../lib/x86_64-linux-gnu/gazebo-11/plugins /usr/bin/cmake /home/ros/docker_pronto_ws/src/pronto_quadruped_ros -DCMAKE_BUILD_TYPE=Release -DCMAKE_EXPORT_COMPILE_COMMANDS=ON -DAMENT_CMAKE_SYMLINK_INSTALL=1 -DCMAKE_INSTALL_PREFIX=/home/ros/docker_pronto_ws/install/pronto_quadruped_ros
[2.854s] Invoking command in '/home/ros/docker_pronto_ws/build/pronto_quadruped_ros': CMAKE_PREFIX_PATH=/home/ros/docker_pronto_ws/install/pronto_ros:/home/ros/docker_pronto_ws/install/pronto_quadruped:/home/ros/docker_pronto_ws/install/pronto_utils:/home/ros/docker_pronto_ws/install/pronto_quadruped_commons:/home/ros/docker_pronto_ws/install/pronto_msgs:/home/ros/docker_pronto_ws/install/pronto_core:/home/ros/docker_pronto_ws/install/hqp_controller:/home/ros/docker_pronto_ws/install/whole_body_controller:/home/ros/docker_pronto_ws/install/teleoperate_robot:/home/ros/docker_pronto_ws/install/pronto_tuning:/home/ros/docker_pronto_ws/install/lip_walking_trot_planner:/home/ros/docker_pronto_ws/install/velocity_command_msgs:/home/ros/docker_pronto_ws/install/static_walk_planner:/home/ros/docker_pronto_ws/install/robot_gazebo:/home/ros/docker_pronto_ws/install/solo_description:/home/ros/docker_pronto_ws/install/robot_model:/home/ros/docker_pronto_ws/install/ryml:/home/ros/docker_pronto_ws/install/rviz_legged_plugins:/home/ros/docker_pronto_ws/install/rviz_legged_msgs:/home/ros/docker_pronto_ws/install/anymal_c_simple_description:/home/ros/docker_pronto_ws/install/robot_control:/home/ros/docker_pronto_ws/install/hierarchical_optimization:/home/ros/docker_pronto_ws/install/quadprog:/home/ros/docker_pronto_ws/install/pronto_ros2_controller:/home/ros/docker_pronto_ws/install/pronto_solo12:/home/ros/docker_pronto_ws/install/pronto_quadruped_ros:/home/ros/docker_pronto_ws/install/pi3hat_moteus_int_msgs:/home/ros/docker_pronto_ws/install/generalized_pose_msgs:/opt/openrobots:/home/ros/docker_pronto_ws/install/planners_python:/home/ros/docker_pronto_ws/install/logger_gazebo:/home/ros/docker_pronto_ws/install/terrain_estimator:/home/ros/docker_pronto_ws/install/pose_estimator:/opt/ros/humble LD_LIBRARY_PATH=/home/ros/docker_pronto_ws/install/pronto_ros/lib:/home/ros/docker_pronto_ws/install/pronto_quadruped/lib:/home/ros/docker_pronto_ws/install/pronto_utils/lib:/home/ros/docker_pronto_ws/install/pronto_msgs/lib:/home/ros/docker_pronto_ws/install/pronto_core/lib:/home/ros/docker_pronto_ws/install/hqp_controller/lib:/home/ros/docker_pronto_ws/install/whole_body_controller/lib:/home/ros/docker_pronto_ws/install/teleoperate_robot/lib:/home/ros/docker_pronto_ws/install/lip_walking_trot_planner/lib:/home/ros/docker_pronto_ws/install/velocity_command_msgs/lib:/home/ros/docker_pronto_ws/install/static_walk_planner/lib:/home/ros/docker_pronto_ws/install/robot_model/lib:/home/ros/docker_pronto_ws/install/ryml/lib:/home/ros/docker_pronto_ws/install/rviz_legged_plugins/lib:/home/ros/docker_pronto_ws/install/rviz_legged_msgs/lib:/home/ros/docker_pronto_ws/install/hierarchical_optimization/lib:/home/ros/docker_pronto_ws/install/quadprog/lib:/home/ros/docker_pronto_ws/install/pronto_ros2_controller/lib:/home/ros/docker_pronto_ws/install/pronto_solo12/lib:/home/ros/docker_pronto_ws/install/pronto_quadruped_ros/lib:/home/ros/docker_pronto_ws/install/pi3hat_moteus_int_msgs/lib:/home/ros/docker_pronto_ws/install/generalized_pose_msgs/lib:/usr/lib/x86_64-linux-gnu/gazebo-11/plugins:/opt/ros/humble/opt/rviz_ogre_vendor/lib:/opt/ros/humble/lib/x86_64-linux-gnu:/opt/ros/humble/lib:/opt/openrobots/lib:/usr/share/gazebo/../../lib/x86_64-linux-gnu/gazebo-11/plugins /usr/bin/cmake --build /home/ros/docker_pronto_ws/build/pronto_quadruped_ros -- -j16 -l16
[2.956s] [ 11%] [32mBuilding CXX object CMakeFiles/pronto_quadruped_ros.dir/src/legodo_handler_ros.cpp.o[0m
[2.957s] [ 22%] [32mBuilding CXX object CMakeFiles/pronto_quadruped_ros.dir/src/stance_estimator_ros.cpp.o[0m
[2.957s] [ 33%] [32mBuilding CXX object CMakeFiles/pronto_quadruped_ros.dir/src/force_sensor_stance_estimator_ros.cpp.o[0m
[2.957s] [ 44%] [32mBuilding CXX object CMakeFiles/pronto_quadruped_ros.dir/src/foot_sensor_stance_detector_ros.cpp.o[0m
[2.957s] [ 55%] [32mBuilding CXX object CMakeFiles/pronto_quadruped_ros.dir/src/conversions.cpp.o[0m
[2.960s] [ 66%] [32mBuilding CXX object CMakeFiles/pronto_quadruped_ros.dir/src/bias_lock_handler_ros.cpp.o[0m
[2.960s] [ 77%] [32mBuilding CXX object CMakeFiles/pronto_quadruped_ros.dir/src/dynamic_stance_estimator_ros.cpp.o[0m
[2.960s] [ 88%] [32mBuilding CXX object CMakeFiles/pronto_quadruped_ros.dir/src/leg_odometer_ros.cpp.o[0m
[6.471s] In file included from [01m[K/home/ros/docker_pronto_ws/src/pronto_quadruped_ros/src/legodo_handler_ros.cpp:31[m[K:
[6.471s] [01m[K/home/ros/docker_pronto_ws/src/pronto_quadruped_ros/include/pronto_quadruped_ros/legodo_handler_ros.hpp:[m[K In constructor ‘[01m[Kpronto::quadruped::LegodoHandlerWithAccelerationROS::LegodoHandlerWithAccelerationROS(rclcpp::Node::SharedPtr, pronto::quadruped::StanceEstimatorROS&, pronto::quadruped::LegOdometerROS&)[m[K’:
[6.471s] [01m[K/home/ros/docker_pronto_ws/src/pronto_quadruped_ros/include/pronto_quadruped_ros/legodo_handler_ros.hpp:194:29:[m[K [01;35m[Kwarning: [m[K‘[01m[Kpronto::quadruped::LegodoHandlerWithAccelerationROS::nh_[m[K’ will be initialized after [[01;35m[K-Wreorder[m[K]
[6.471s]   194 |     rclcpp::Node::SharedPtr [01;35m[Knh_[m[K;
[6.471s]       |                             [01;35m[K^~~[m[K
[6.472s] [01m[K/home/ros/docker_pronto_ws/src/pronto_quadruped_ros/include/pronto_quadruped_ros/legodo_handler_ros.hpp:177:45:[m[K [01;35m[Kwarning: [m[K  base ‘[01m[Kpronto::quadruped::LegodoHandlerBase[m[K’ [[01;35m[K-Wreorder[m[K]
[6.472s]   177 |     LegodoHandlerBase(nh, stance_est, legodo[01;35m[K)[m[K
[6.472s]       |                                             [01;35m[K^[m[K
[6.472s] [01m[K/home/ros/docker_pronto_ws/src/pronto_quadruped_ros/include/pronto_quadruped_ros/legodo_handler_ros.hpp:173:5:[m[K [01;35m[Kwarning: [m[K  when initialized here [[01;35m[K-Wreorder[m[K]
[6.472s]   173 |     [01;35m[KLegodoHandlerWithAccelerationROS[m[K(rclcpp::Node::SharedPtr nh,
[6.472s]       |     [01;35m[K^~~~~~~~~~~~~~~~~~~~~~~~~~~~~~~~[m[K
[6.472s] [01m[K/home/ros/docker_pronto_ws/src/pronto_quadruped_ros/include/pronto_quadruped_ros/legodo_handler_ros.hpp:[m[K In member function ‘[01m[Kvirtual bool pronto::quadruped::LegodoHandlerWithAccelerationROS::processMessageInit(const JointStateWithAcceleration*, const std::map<std::__cxx11::basic_string<char>, bool>&, const pronto::RBIS&, const RBIM&, pronto::RBIS&, pronto::RBIM&)[m[K’:
[6.473s] [01m[K/home/ros/docker_pronto_ws/src/pronto_quadruped_ros/include/pronto_quadruped_ros/legodo_handler_ros.hpp:186:81:[m[K [01;35m[Kwarning: [m[Kunused parameter ‘[01m[Kmsg[m[K’ [[01;35m[K-Wunused-parameter[m[K]
[6.473s]   186 |     bool processMessageInit([01;35m[Kconst pronto_msgs::msg::JointStateWithAcceleration *msg[m[K,
[6.473s]       |                             [01;35m[K~~~~~~~~~~~~~~~~~~~~~~~~~~~~~~~~~~~~~~~~~~~~~~~~~~~~^~~[m[K
[6.473s] [01m[K/home/ros/docker_pronto_ws/src/pronto_quadruped_ros/include/pronto_quadruped_ros/legodo_handler_ros.hpp:187:64:[m[K [01;35m[Kwarning: [m[Kunused parameter ‘[01m[Ksensor_initialized[m[K’ [[01;35m[K-Wunused-parameter[m[K]
[6.473s]   187 |                             [01;35m[Kconst std::map<std::string, bool>& sensor_initialized[m[K,
[6.473s]       |                             [01;35m[K~~~~~~~~~~~~~~~~~~~~~~~~~~~~~~~~~~~^~~~~~~~~~~~~~~~~~[m[K
[6.473s] [01m[K/home/ros/docker_pronto_ws/src/pronto_quadruped_ros/include/pronto_quadruped_ros/legodo_handler_ros.hpp:188:41:[m[K [01;35m[Kwarning: [m[Kunused parameter ‘[01m[Kdefault_state[m[K’ [[01;35m[K-Wunused-parameter[m[K]
[6.473s]   188 |                             [01;35m[Kconst RBIS& default_state[m[K,
[6.473s]       |                             [01;35m[K~~~~~~~~~~~~^~~~~~~~~~~~~[m[K
[6.473s] [01m[K/home/ros/docker_pronto_ws/src/pronto_quadruped_ros/include/pronto_quadruped_ros/legodo_handler_ros.hpp:189:41:[m[K [01;35m[Kwarning: [m[Kunused parameter ‘[01m[Kdefault_cov[m[K’ [[01;35m[K-Wunused-parameter[m[K]
[6.473s]   189 |                             [01;35m[Kconst RBIM& default_cov[m[K,
[6.473s]       |                             [01;35m[K~~~~~~~~~~~~^~~~~~~~~~~[m[K
[6.473s] [01m[K/home/ros/docker_pronto_ws/src/pronto_quadruped_ros/include/pronto_quadruped_ros/legodo_handler_ros.hpp:190:35:[m[K [01;35m[Kwarning: [m[Kunused parameter ‘[01m[Kinit_state[m[K’ [[01;35m[K-Wunused-parameter[m[K]
[6.479s]   190 |                             [01;35m[KRBIS& init_state[m[K,
[6.479s]       |                             [01;35m[K~~~~~~^~~~~~~~~~[m[K
[6.479s] [01m[K/home/ros/docker_pronto_ws/src/pronto_quadruped_ros/include/pronto_quadruped_ros/legodo_handler_ros.hpp:191:35:[m[K [01;35m[Kwarning: [m[Kunused parameter ‘[01m[Kinit_cov[m[K’ [[01;35m[K-Wunused-parameter[m[K]
[6.479s]   191 |                             [01;35m[KRBIM& init_cov[m[K) override { return true; }
[6.479s]       |                             [01;35m[K~~~~~~^~~~~~~~[m[K
[6.479s] [01m[K/home/ros/docker_pronto_ws/src/pronto_quadruped_ros/include/pronto_quadruped_ros/legodo_handler_ros.hpp:[m[K In constructor ‘[01m[Kpronto::quadruped::LegodoHandlerBase::LegodoHandlerBase(rclcpp::Node::SharedPtr, pronto::quadruped::StanceEstimatorROS&, pronto::quadruped::LegOdometerROS&)[m[K’:
[6.479s] [01m[K/home/ros/docker_pronto_ws/src/pronto_quadruped_ros/include/pronto_quadruped_ros/legodo_handler_ros.hpp:143:29:[m[K [01;35m[Kwarning: [m[K‘[01m[Kpronto::quadruped::LegodoHandlerBase::nh_[m[K’ will be initialized after [[01;35m[K-Wreorder[m[K]
[6.480s]   143 |     rclcpp::Node::SharedPtr [01;35m[Knh_[m[K;
[6.480s]       |                             [01;35m[K^~~[m[K
[6.480s] In file included from [01m[K/home/ros/docker_pronto_ws/src/pronto_quadruped_ros/src/legodo_handler_ros.cpp:31[m[K:
[6.480s] [01m[K/home/ros/docker_pronto_ws/src/pronto_quadruped_ros/include/pronto_quadruped_ros/legodo_handler_ros.hpp:84:25:[m[K [01;35m[Kwarning: [m[K  ‘[01m[Kpronto::quadruped::StanceEstimatorROS& pronto::quadruped::LegodoHandlerBase::stance_estimator_[m[K’ [[01;35m[K-Wreorder[m[K]
[6.480s]    84 |     StanceEstimatorROS& [01;35m[Kstance_estimator_[m[K;
[6.480s]       |                         [01;35m[K^~~~~~~~~~~~~~~~~[m[K
[6.480s] [01m[K/home/ros/docker_pronto_ws/src/pronto_quadruped_ros/src/legodo_handler_ros.cpp:38:1:[m[K [01;35m[Kwarning: [m[K  when initialized here [[01;35m[K-Wreorder[m[K]
[6.480s]    38 | [01;35m[KLegodoHandlerBase[m[K::LegodoHandlerBase(rclcpp::Node::SharedPtr nh,
[6.480s]       | [01;35m[K^~~~~~~~~~~~~~~~~[m[K
[6.593s] In file included from [01m[K/home/ros/docker_pronto_ws/src/pronto_quadruped_ros/src/legodo_handler_ros.cpp:31[m[K:
[6.593s] [01m[K/home/ros/docker_pronto_ws/src/pronto_quadruped_ros/include/pronto_quadruped_ros/legodo_handler_ros.hpp:[m[K In constructor ‘[01m[Kpronto::quadruped::LegodoHandlerROS::LegodoHandlerROS(rclcpp::Node::SharedPtr, pronto::quadruped::StanceEstimatorROS&, pronto::quadruped::LegOdometerROS&)[m[K’:
[6.593s] [01m[K/home/ros/docker_pronto_ws/src/pronto_quadruped_ros/include/pronto_quadruped_ros/legodo_handler_ros.hpp:166:29:[m[K [01;35m[Kwarning: [m[K‘[01m[Kpronto::quadruped::LegodoHandlerROS::nh_[m[K’ will be initialized after [[01;35m[K-Wreorder[m[K]
[6.593s]   166 |     rclcpp::Node::SharedPtr [01;35m[Knh_[m[K;
[6.593s]       |                             [01;35m[K^~~[m[K
[6.593s] [01m[K/home/ros/docker_pronto_ws/src/pronto_quadruped_ros/src/legodo_handler_ros.cpp:286:46:[m[K [01;35m[Kwarning: [m[K  base ‘[01m[Kpronto::quadruped::LegodoHandlerBase[m[K’ [[01;35m[K-Wreorder[m[K]
[6.593s]   286 |     LegodoHandlerBase(nh_, stance_est, legodo[01;35m[K)[m[K
[6.593s]       |                                              [01;35m[K^[m[K
[6.593s] [01m[K/home/ros/docker_pronto_ws/src/pronto_quadruped_ros/src/legodo_handler_ros.cpp:282:1:[m[K [01;35m[Kwarning: [m[K  when initialized here [[01;35m[K-Wreorder[m[K]
[6.593s]   282 | [01;35m[KLegodoHandlerROS[m[K::LegodoHandlerROS(rclcpp::Node::SharedPtr nh,
[6.593s]       | [01;35m[K^~~~~~~~~~~~~~~~[m[K
[6.594s] [01m[K/home/ros/docker_pronto_ws/src/pronto_quadruped_ros/src/legodo_handler_ros.cpp:[m[K In member function ‘[01m[Kvirtual bool pronto::quadruped::LegodoHandlerROS::processMessageInit(const JointState*, const std::map<std::__cxx11::basic_string<char>, bool>&, const pronto::RBIS&, const RBIM&, pronto::RBIS&, pronto::RBIM&)[m[K’:
[6.594s] [01m[K/home/ros/docker_pronto_ws/src/pronto_quadruped_ros/src/legodo_handler_ros.cpp:312:79:[m[K [01;35m[Kwarning: [m[Kunused parameter ‘[01m[Kmsg[m[K’ [[01;35m[K-Wunused-parameter[m[K]
[6.594s]   312 | bool LegodoHandlerROS::processMessageInit([01;35m[Kconst sensor_msgs::msg::JointState *msg[m[K,
[6.594s]       |                                           [01;35m[K~~~~~~~~~~~~~~~~~~~~~~~~~~~~~~~~~~~~^~~[m[K
[6.594s] [01m[K/home/ros/docker_pronto_ws/src/pronto_quadruped_ros/src/legodo_handler_ros.cpp:313:78:[m[K [01;35m[Kwarning: [m[Kunused parameter ‘[01m[Ksensor_initialized[m[K’ [[01;35m[K-Wunused-parameter[m[K]
[6.594s]   313 |                                           [01;35m[Kconst std::map<std::string, bool>& sensor_initialized[m[K,
[6.594s]       |                                           [01;35m[K~~~~~~~~~~~~~~~~~~~~~~~~~~~~~~~~~~~^~~~~~~~~~~~~~~~~~[m[K
[6.594s] [01m[K/home/ros/docker_pronto_ws/src/pronto_quadruped_ros/src/legodo_handler_ros.cpp:314:55:[m[K [01;35m[Kwarning: [m[Kunused parameter ‘[01m[Kdefault_state[m[K’ [[01;35m[K-Wunused-parameter[m[K]
[6.594s]   314 |                                           [01;35m[Kconst RBIS& default_state[m[K,
[6.594s]       |                                           [01;35m[K~~~~~~~~~~~~^~~~~~~~~~~~~[m[K
[6.594s] [01m[K/home/ros/docker_pronto_ws/src/pronto_quadruped_ros/src/legodo_handler_ros.cpp:315:55:[m[K [01;35m[Kwarning: [m[Kunused parameter ‘[01m[Kdefault_cov[m[K’ [[01;35m[K-Wunused-parameter[m[K]
[6.594s]   315 |                                           [01;35m[Kconst RBIM& default_cov[m[K,
[6.595s]       |                                           [01;35m[K~~~~~~~~~~~~^~~~~~~~~~~[m[K
[6.595s] [01m[K/home/ros/docker_pronto_ws/src/pronto_quadruped_ros/src/legodo_handler_ros.cpp:316:49:[m[K [01;35m[Kwarning: [m[Kunused parameter ‘[01m[Kinit_state[m[K’ [[01;35m[K-Wunused-parameter[m[K]
[6.595s]   316 |                                           [01;35m[KRBIS& init_state[m[K,
[6.595s]       |                                           [01;35m[K~~~~~~^~~~~~~~~~[m[K
[6.595s] [01m[K/home/ros/docker_pronto_ws/src/pronto_quadruped_ros/src/legodo_handler_ros.cpp:317:49:[m[K [01;35m[Kwarning: [m[Kunused parameter ‘[01m[Kinit_cov[m[K’ [[01;35m[K-Wunused-parameter[m[K]
[6.595s]   317 |                                           [01;35m[KRBIM& init_cov[m[K)
[6.595s]       |                                           [01;35m[K~~~~~~^~~~~~~~[m[K
[6.595s] In file included from [01m[K/home/ros/docker_pronto_ws/src/pronto_quadruped_ros/src/legodo_handler_ros.cpp:31[m[K:
[6.595s] [01m[K/home/ros/docker_pronto_ws/src/pronto_quadruped_ros/include/pronto_quadruped_ros/legodo_handler_ros.hpp:[m[K In constructor ‘[01m[Kpronto::quadruped::FootSensorLegodoHandlerROS::FootSensorLegodoHandlerROS(rclcpp::Node::SharedPtr, pronto::quadruped::StanceEstimatorROS&, pronto::quadruped::LegOdometerROS&)[m[K’:
[6.595s] [01m[K/home/ros/docker_pronto_ws/src/pronto_quadruped_ros/include/pronto_quadruped_ros/legodo_handler_ros.hpp:247:29:[m[K [01;35m[Kwarning: [m[K‘[01m[Kpronto::quadruped::FootSensorLegodoHandlerROS::nh_[m[K’ will be initialized after [[01;35m[K-Wreorder[m[K]
[6.595s]   247 |     rclcpp::Node::SharedPtr [01;35m[Knh_[m[K;
[6.595s]       |                             [01;35m[K^~~[m[K
[6.595s] [01m[K/home/ros/docker_pronto_ws/src/pronto_quadruped_ros/src/legodo_handler_ros.cpp:349:43:[m[K [01;35m[Kwarning: [m[K  base ‘[01m[Kpronto::quadruped::LegodoHandlerBase[m[K’ [[01;35m[K-Wreorder[m[K]
[6.595s]   349 |   LegodoHandlerBase(nh, stance_est, legodo[01;35m[K)[m[K
[6.595s]       |                                           [01;35m[K^[m[K
[6.595s] [01m[K/home/ros/docker_pronto_ws/src/pronto_quadruped_ros/src/legodo_handler_ros.cpp:345:1:[m[K [01;35m[Kwarning: [m[K  when initialized here [[01;35m[K-Wreorder[m[K]
[6.595s]   345 | [01;35m[KFootSensorLegodoHandlerROS[m[K::FootSensorLegodoHandlerROS(rclcpp::Node::SharedPtr nh,
[6.595s]       | [01;35m[K^~~~~~~~~~~~~~~~~~~~~~~~~~[m[K
[6.595s] [01m[K/home/ros/docker_pronto_ws/src/pronto_quadruped_ros/src/legodo_handler_ros.cpp:[m[K In member function ‘[01m[Kvirtual bool pronto::quadruped::FootSensorLegodoHandlerROS::processMessageInit(const JointState*, const std::map<std::__cxx11::basic_string<char>, bool>&, const pronto::RBIS&, const RBIM&, pronto::RBIS&, pronto::RBIM&)[m[K’:
[6.595s] [01m[K/home/ros/docker_pronto_ws/src/pronto_quadruped_ros/src/legodo_handler_ros.cpp:353:89:[m[K [01;35m[Kwarning: [m[Kunused parameter ‘[01m[Kmsg[m[K’ [[01;35m[K-Wunused-parameter[m[K]
[6.596s]   353 | bool FootSensorLegodoHandlerROS::processMessageInit([01;35m[Kconst sensor_msgs::msg::JointState *msg[m[K,
[6.596s]       |                                                     [01;35m[K~~~~~~~~~~~~~~~~~~~~~~~~~~~~~~~~~~~~^~~[m[K
[6.596s] [01m[K/home/ros/docker_pronto_ws/src/pronto_quadruped_ros/src/legodo_handler_ros.cpp:354:88:[m[K [01;35m[Kwarning: [m[Kunused parameter ‘[01m[Ksensor_initialized[m[K’ [[01;35m[K-Wunused-parameter[m[K]
[6.596s]   354 |                                                  [01;35m[Kconst std::map<std::string, bool>& sensor_initialized[m[K,
[6.596s]       |                                                  [01;35m[K~~~~~~~~~~~~~~~~~~~~~~~~~~~~~~~~~~~^~~~~~~~~~~~~~~~~~[m[K
[6.596s] 
[6.596s] [01m[K/home/ros/docker_pronto_ws/src/pronto_quadruped_ros/src/legodo_handler_ros.cpp:355:65:[m[K [01;35m[Kwarning: [m[Kunused parameter ‘[01m[Kdefault_state[m[K’ [[01;35m[K-Wunused-parameter[m[K]
[6.596s]   355 |                                                     [01;35m[Kconst RBIS& default_state[m[K,
[6.596s]       |                                                     [01;35m[K~~~~~~~~~~~~^~~~~~~~~~~~~[m[K
[6.596s] [01m[K/home/ros/docker_pronto_ws/src/pronto_quadruped_ros/src/legodo_handler_ros.cpp:356:65:[m[K [01;35m[Kwarning: [m[Kunused parameter ‘[01m[Kdefault_cov[m[K’ [[01;35m[K-Wunused-parameter[m[K]
[6.596s]   356 |                                                     [01;35m[Kconst RBIM& default_cov[m[K,
[6.596s]       |                                                     [01;35m[K~~~~~~~~~~~~^~~~~~~~~~~[m[K
[6.596s] [01m[K/home/ros/docker_pronto_ws/src/pronto_quadruped_ros/src/legodo_handler_ros.cpp:357:59:[m[K [01;35m[Kwarning: [m[Kunused parameter ‘[01m[Kinit_state[m[K’ [[01;35m[K-Wunused-parameter[m[K]
[6.596s]   357 |                                                     [01;35m[KRBIS& init_state[m[K,
[6.596s]       |                                                     [01;35m[K~~~~~~^~~~~~~~~~[m[K
[6.596s] [01m[K/home/ros/docker_pronto_ws/src/pronto_quadruped_ros/src/legodo_handler_ros.cpp:358:59:[m[K [01;35m[Kwarning: [m[Kunused parameter ‘[01m[Kinit_cov[m[K’ [[01;35m[K-Wunused-parameter[m[K]
[6.596s]   358 |                                                     [01;35m[KRBIM& init_cov[m[K)
[6.596s]       |                                                     [01;35m[K~~~~~~^~~~~~~~[m[K
[6.596s] In file included from [01m[K/home/ros/docker_pronto_ws/src/pronto_quadruped_ros/src/legodo_handler_ros.cpp:31[m[K:
[6.596s] [01m[K/home/ros/docker_pronto_ws/src/pronto_quadruped_ros/include/pronto_quadruped_ros/legodo_handler_ros.hpp:[m[K In constructor ‘[01m[Kpronto::quadruped::ForceSensorLegodoHandlerROS::ForceSensorLegodoHandlerROS(rclcpp::Node::SharedPtr, pronto::quadruped::StanceEstimatorROS&, pronto::quadruped::LegOdometerROS&)[m[K’:
[6.596s] [01m[K/home/ros/docker_pronto_ws/src/pronto_quadruped_ros/include/pronto_quadruped_ros/legodo_handler_ros.hpp:221:29:[m[K [01;35m[Kwarning: [m[K‘[01m[Kpronto::quadruped::ForceSensorLegodoHandlerROS::nh_[m[K’ will be initialized after [[01;35m[K-Wreorder[m[K]
[6.596s]   221 |     rclcpp::Node::SharedPtr [01;35m[Knh_[m[K;
[6.596s]       |                             [01;35m[K^~~[m[K
[6.597s] [01m[K/home/ros/docker_pronto_ws/src/pronto_quadruped_ros/src/legodo_handler_ros.cpp:395:44:[m[K [01;35m[Kwarning: [m[K  base ‘[01m[Kpronto::quadruped::LegodoHandlerBase[m[K’ [[01;35m[K-Wreorder[m[K]
[6.597s]   395 |   LegodoHandlerBase(nh_, stance_est, legodo[01;35m[K)[m[K
[6.597s]       |                                            [01;35m[K^[m[K
[6.597s] [01m[K/home/ros/docker_pronto_ws/src/pronto_quadruped_ros/src/legodo_handler_ros.cpp:391:1:[m[K [01;35m[Kwarning: [m[K  when initialized here [[01;35m[K-Wreorder[m[K]
[6.597s]   391 | [01;35m[KForceSensorLegodoHandlerROS[m[K::ForceSensorLegodoHandlerROS(rclcpp::Node::SharedPtr nh,
[6.597s]       | [01;35m[K^~~~~~~~~~~~~~~~~~~~~~~~~~~[m[K
[6.597s] [01m[K/home/ros/docker_pronto_ws/src/pronto_quadruped_ros/src/legodo_handler_ros.cpp:[m[K In member function ‘[01m[Kvirtual bool pronto::quadruped::ForceSensorLegodoHandlerROS::processMessageInit(const JointState*, const std::map<std::__cxx11::basic_string<char>, bool>&, const pronto::RBIS&, const RBIM&, pronto::RBIS&, pronto::RBIM&)[m[K’:
[6.597s] [01m[K/home/ros/docker_pronto_ws/src/pronto_quadruped_ros/src/legodo_handler_ros.cpp:414:90:[m[K [01;35m[Kwarning: [m[Kunused parameter ‘[01m[Kmsg[m[K’ [[01;35m[K-Wunused-parameter[m[K]
[6.597s]   414 | bool ForceSensorLegodoHandlerROS::processMessageInit([01;35m[Kconst sensor_msgs::msg::JointState *msg[m[K,
[6.597s]       |                                                      [01;35m[K~~~~~~~~~~~~~~~~~~~~~~~~~~~~~~~~~~~~^~~[m[K
[6.597s] [01m[K/home/ros/docker_pronto_ws/src/pronto_quadruped_ros/src/legodo_handler_ros.cpp:415:90:[m[K [01;35m[Kwarning: [m[Kunused parameter ‘[01m[Ksensor_initialized[m[K’ [[01;35m[K-Wunused-parameter[m[K]
[6.597s]   415 |                                                 [01;35m[Kconst std::map<std::string, bool> & sensor_initialized[m[K,
[6.597s]       |                                                 [01;35m[K~~~~~~~~~~~~~~~~~~~~~~~~~~~~~~~~~~~~^~~~~~~~~~~~~~~~~~[m[K
[6.597s] 
[6.597s] [01m[K/home/ros/docker_pronto_ws/src/pronto_quadruped_ros/src/legodo_handler_ros.cpp:416:66:[m[K [01;35m[Kwarning: [m[Kunused parameter ‘[01m[Kdefault_state[m[K’ [[01;35m[K-Wunused-parameter[m[K]
[6.597s]   416 |                                                      [01;35m[Kconst RBIS& default_state[m[K,
[6.597s]       |                                                      [01;35m[K~~~~~~~~~~~~^~~~~~~~~~~~~[m[K
[6.597s] [01m[K/home/ros/docker_pronto_ws/src/pronto_quadruped_ros/src/legodo_handler_ros.cpp:417:66:[m[K [01;35m[Kwarning: [m[Kunused parameter ‘[01m[Kdefault_cov[m[K’ [[01;35m[K-Wunused-parameter[m[K]
[6.597s]   417 |                                                      [01;35m[Kconst RBIM& default_cov[m[K,
[6.597s]       |                                                      [01;35m[K~~~~~~~~~~~~^~~~~~~~~~~[m[K
[6.597s] [01m[K/home/ros/docker_pronto_ws/src/pronto_quadruped_ros/src/legodo_handler_ros.cpp:418:60:[m[K [01;35m[Kwarning: [m[Kunused parameter ‘[01m[Kinit_state[m[K’ [[01;35m[K-Wunused-parameter[m[K]
[6.598s]   418 |                                                      [01;35m[KRBIS& init_state[m[K,
[6.598s]       |                                                      [01;35m[K~~~~~~^~~~~~~~~~[m[K
[6.598s] [01m[K/home/ros/docker_pronto_ws/src/pronto_quadruped_ros/src/legodo_handler_ros.cpp:419:60:[m[K [01;35m[Kwarning: [m[Kunused parameter ‘[01m[Kinit_cov[m[K’ [[01;35m[K-Wunused-parameter[m[K]
[6.598s]   419 |                                                      [01;35m[KRBIM& init_cov[m[K){
[6.598s]       |                                                      [01;35m[K~~~~~~^~~~~~~~[m[K
[6.917s] [01m[K/home/ros/docker_pronto_ws/src/pronto_quadruped_ros/src/force_sensor_stance_estimator_ros.cpp:[m[K In constructor ‘[01m[Kpronto::quadruped::ForceSensorStanceEstimatorROS::ForceSensorStanceEstimatorROS(rclcpp::Node::SharedPtr)[m[K’:
[6.918s] [01m[K/home/ros/docker_pronto_ws/src/pronto_quadruped_ros/src/force_sensor_stance_estimator_ros.cpp:18:20:[m[K [01;35m[Kwarning: [m[K‘[01m[Kstance_threshold[m[K’ may be used uninitialized in this function [[01;35m[K-Wmaybe-uninitialized[m[K]
[6.918s]    18 |   [01;35m[Kforce_threshold_ = stance_threshold[m[K;
[6.918s]       |   [01;35m[K~~~~~~~~~~~~~~~~~^~~~~~~~~~~~~~~~~~[m[K
[12.313s] [100%] [32m[1mLinking CXX shared library libpronto_quadruped_ros.so[0m
[12.471s] [100%] Built target pronto_quadruped_ros
[12.479s] Invoked command in '/home/ros/docker_pronto_ws/build/pronto_quadruped_ros' returned '0': CMAKE_PREFIX_PATH=/home/ros/docker_pronto_ws/install/pronto_ros:/home/ros/docker_pronto_ws/install/pronto_quadruped:/home/ros/docker_pronto_ws/install/pronto_utils:/home/ros/docker_pronto_ws/install/pronto_quadruped_commons:/home/ros/docker_pronto_ws/install/pronto_msgs:/home/ros/docker_pronto_ws/install/pronto_core:/home/ros/docker_pronto_ws/install/hqp_controller:/home/ros/docker_pronto_ws/install/whole_body_controller:/home/ros/docker_pronto_ws/install/teleoperate_robot:/home/ros/docker_pronto_ws/install/pronto_tuning:/home/ros/docker_pronto_ws/install/lip_walking_trot_planner:/home/ros/docker_pronto_ws/install/velocity_command_msgs:/home/ros/docker_pronto_ws/install/static_walk_planner:/home/ros/docker_pronto_ws/install/robot_gazebo:/home/ros/docker_pronto_ws/install/solo_description:/home/ros/docker_pronto_ws/install/robot_model:/home/ros/docker_pronto_ws/install/ryml:/home/ros/docker_pronto_ws/install/rviz_legged_plugins:/home/ros/docker_pronto_ws/install/rviz_legged_msgs:/home/ros/docker_pronto_ws/install/anymal_c_simple_description:/home/ros/docker_pronto_ws/install/robot_control:/home/ros/docker_pronto_ws/install/hierarchical_optimization:/home/ros/docker_pronto_ws/install/quadprog:/home/ros/docker_pronto_ws/install/pronto_ros2_controller:/home/ros/docker_pronto_ws/install/pronto_solo12:/home/ros/docker_pronto_ws/install/pronto_quadruped_ros:/home/ros/docker_pronto_ws/install/pi3hat_moteus_int_msgs:/home/ros/docker_pronto_ws/install/generalized_pose_msgs:/opt/openrobots:/home/ros/docker_pronto_ws/install/planners_python:/home/ros/docker_pronto_ws/install/logger_gazebo:/home/ros/docker_pronto_ws/install/terrain_estimator:/home/ros/docker_pronto_ws/install/pose_estimator:/opt/ros/humble LD_LIBRARY_PATH=/home/ros/docker_pronto_ws/install/pronto_ros/lib:/home/ros/docker_pronto_ws/install/pronto_quadruped/lib:/home/ros/docker_pronto_ws/install/pronto_utils/lib:/home/ros/docker_pronto_ws/install/pronto_msgs/lib:/home/ros/docker_pronto_ws/install/pronto_core/lib:/home/ros/docker_pronto_ws/install/hqp_controller/lib:/home/ros/docker_pronto_ws/install/whole_body_controller/lib:/home/ros/docker_pronto_ws/install/teleoperate_robot/lib:/home/ros/docker_pronto_ws/install/lip_walking_trot_planner/lib:/home/ros/docker_pronto_ws/install/velocity_command_msgs/lib:/home/ros/docker_pronto_ws/install/static_walk_planner/lib:/home/ros/docker_pronto_ws/install/robot_model/lib:/home/ros/docker_pronto_ws/install/ryml/lib:/home/ros/docker_pronto_ws/install/rviz_legged_plugins/lib:/home/ros/docker_pronto_ws/install/rviz_legged_msgs/lib:/home/ros/docker_pronto_ws/install/hierarchical_optimization/lib:/home/ros/docker_pronto_ws/install/quadprog/lib:/home/ros/docker_pronto_ws/install/pronto_ros2_controller/lib:/home/ros/docker_pronto_ws/install/pronto_solo12/lib:/home/ros/docker_pronto_ws/install/pronto_quadruped_ros/lib:/home/ros/docker_pronto_ws/install/pi3hat_moteus_int_msgs/lib:/home/ros/docker_pronto_ws/install/generalized_pose_msgs/lib:/usr/lib/x86_64-linux-gnu/gazebo-11/plugins:/opt/ros/humble/opt/rviz_ogre_vendor/lib:/opt/ros/humble/lib/x86_64-linux-gnu:/opt/ros/humble/lib:/opt/openrobots/lib:/usr/share/gazebo/../../lib/x86_64-linux-gnu/gazebo-11/plugins /usr/bin/cmake --build /home/ros/docker_pronto_ws/build/pronto_quadruped_ros -- -j16 -l16
[12.577s] Invoking command in '/home/ros/docker_pronto_ws/build/pronto_quadruped_ros': CMAKE_PREFIX_PATH=/home/ros/docker_pronto_ws/install/pronto_ros:/home/ros/docker_pronto_ws/install/pronto_quadruped:/home/ros/docker_pronto_ws/install/pronto_utils:/home/ros/docker_pronto_ws/install/pronto_quadruped_commons:/home/ros/docker_pronto_ws/install/pronto_msgs:/home/ros/docker_pronto_ws/install/pronto_core:/home/ros/docker_pronto_ws/install/hqp_controller:/home/ros/docker_pronto_ws/install/whole_body_controller:/home/ros/docker_pronto_ws/install/teleoperate_robot:/home/ros/docker_pronto_ws/install/pronto_tuning:/home/ros/docker_pronto_ws/install/lip_walking_trot_planner:/home/ros/docker_pronto_ws/install/velocity_command_msgs:/home/ros/docker_pronto_ws/install/static_walk_planner:/home/ros/docker_pronto_ws/install/robot_gazebo:/home/ros/docker_pronto_ws/install/solo_description:/home/ros/docker_pronto_ws/install/robot_model:/home/ros/docker_pronto_ws/install/ryml:/home/ros/docker_pronto_ws/install/rviz_legged_plugins:/home/ros/docker_pronto_ws/install/rviz_legged_msgs:/home/ros/docker_pronto_ws/install/anymal_c_simple_description:/home/ros/docker_pronto_ws/install/robot_control:/home/ros/docker_pronto_ws/install/hierarchical_optimization:/home/ros/docker_pronto_ws/install/quadprog:/home/ros/docker_pronto_ws/install/pronto_ros2_controller:/home/ros/docker_pronto_ws/install/pronto_solo12:/home/ros/docker_pronto_ws/install/pronto_quadruped_ros:/home/ros/docker_pronto_ws/install/pi3hat_moteus_int_msgs:/home/ros/docker_pronto_ws/install/generalized_pose_msgs:/opt/openrobots:/home/ros/docker_pronto_ws/install/planners_python:/home/ros/docker_pronto_ws/install/logger_gazebo:/home/ros/docker_pronto_ws/install/terrain_estimator:/home/ros/docker_pronto_ws/install/pose_estimator:/opt/ros/humble LD_LIBRARY_PATH=/home/ros/docker_pronto_ws/install/pronto_ros/lib:/home/ros/docker_pronto_ws/install/pronto_quadruped/lib:/home/ros/docker_pronto_ws/install/pronto_utils/lib:/home/ros/docker_pronto_ws/install/pronto_msgs/lib:/home/ros/docker_pronto_ws/install/pronto_core/lib:/home/ros/docker_pronto_ws/install/hqp_controller/lib:/home/ros/docker_pronto_ws/install/whole_body_controller/lib:/home/ros/docker_pronto_ws/install/teleoperate_robot/lib:/home/ros/docker_pronto_ws/install/lip_walking_trot_planner/lib:/home/ros/docker_pronto_ws/install/velocity_command_msgs/lib:/home/ros/docker_pronto_ws/install/static_walk_planner/lib:/home/ros/docker_pronto_ws/install/robot_model/lib:/home/ros/docker_pronto_ws/install/ryml/lib:/home/ros/docker_pronto_ws/install/rviz_legged_plugins/lib:/home/ros/docker_pronto_ws/install/rviz_legged_msgs/lib:/home/ros/docker_pronto_ws/install/hierarchical_optimization/lib:/home/ros/docker_pronto_ws/install/quadprog/lib:/home/ros/docker_pronto_ws/install/pronto_ros2_controller/lib:/home/ros/docker_pronto_ws/install/pronto_solo12/lib:/home/ros/docker_pronto_ws/install/pronto_quadruped_ros/lib:/home/ros/docker_pronto_ws/install/pi3hat_moteus_int_msgs/lib:/home/ros/docker_pronto_ws/install/generalized_pose_msgs/lib:/usr/lib/x86_64-linux-gnu/gazebo-11/plugins:/opt/ros/humble/opt/rviz_ogre_vendor/lib:/opt/ros/humble/lib/x86_64-linux-gnu:/opt/ros/humble/lib:/opt/openrobots/lib:/usr/share/gazebo/../../lib/x86_64-linux-gnu/gazebo-11/plugins /usr/bin/cmake --install /home/ros/docker_pronto_ws/build/pronto_quadruped_ros
[12.592s] -- Install configuration: "Release"
[12.593s] -- Execute custom install script
[12.594s] -- Symlinking: /home/ros/docker_pronto_ws/install/pronto_quadruped_ros/share/pronto_quadruped_ros/environment/library_path.sh
[12.610s] -- Symlinking: /home/ros/docker_pronto_ws/install/pronto_quadruped_ros/share/pronto_quadruped_ros/environment/library_path.dsv
[12.627s] -- Symlinking: /home/ros/docker_pronto_ws/install/pronto_quadruped_ros/include/pronto_quadruped_ros/bias_lock_handler_ros.hpp
[12.643s] -- Symlinking: /home/ros/docker_pronto_ws/install/pronto_quadruped_ros/include/pronto_quadruped_ros/conversions.hpp
[12.660s] -- Symlinking: /home/ros/docker_pronto_ws/install/pronto_quadruped_ros/include/pronto_quadruped_ros/dynamic_stance_estimator_ros.hpp
[12.677s] -- Symlinking: /home/ros/docker_pronto_ws/install/pronto_quadruped_ros/include/pronto_quadruped_ros/foor_sensor_stance_detector_ros.hpp
[12.693s] -- Symlinking: /home/ros/docker_pronto_ws/install/pronto_quadruped_ros/include/pronto_quadruped_ros/force_sensor_stance_estimator_ros.hpp
[12.708s] -- Symlinking: /home/ros/docker_pronto_ws/install/pronto_quadruped_ros/include/pronto_quadruped_ros/leg_odometer_ros.hpp
[12.724s] -- Symlinking: /home/ros/docker_pronto_ws/install/pronto_quadruped_ros/include/pronto_quadruped_ros/legodo_handler_ros.hpp
[12.739s] -- Symlinking: /home/ros/docker_pronto_ws/install/pronto_quadruped_ros/include/pronto_quadruped_ros/pronto_quadruped_ros.hpp
[12.753s] -- Symlinking: /home/ros/docker_pronto_ws/install/pronto_quadruped_ros/include/pronto_quadruped_ros/stance_estimator_ros.hpp
[12.768s] -- Symlinking: /home/ros/docker_pronto_ws/install/pronto_quadruped_ros/include/pronto_quadruped_ros/visibility_control.h
[12.784s] -- Symlinking: /home/ros/docker_pronto_ws/install/pronto_quadruped_ros/share/ament_index/resource_index/package_run_dependencies/pronto_quadruped_ros
[12.800s] -- Symlinking: /home/ros/docker_pronto_ws/install/pronto_quadruped_ros/share/ament_index/resource_index/parent_prefix_path/pronto_quadruped_ros
[12.817s] -- Symlinking: /home/ros/docker_pronto_ws/install/pronto_quadruped_ros/share/pronto_quadruped_ros/environment/ament_prefix_path.sh
[12.834s] -- Symlinking: /home/ros/docker_pronto_ws/install/pronto_quadruped_ros/share/pronto_quadruped_ros/environment/ament_prefix_path.dsv
[12.850s] -- Symlinking: /home/ros/docker_pronto_ws/install/pronto_quadruped_ros/share/pronto_quadruped_ros/environment/path.sh
[12.866s] -- Symlinking: /home/ros/docker_pronto_ws/install/pronto_quadruped_ros/share/pronto_quadruped_ros/environment/path.dsv
[12.883s] -- Symlinking: /home/ros/docker_pronto_ws/install/pronto_quadruped_ros/share/pronto_quadruped_ros/local_setup.bash
[12.899s] -- Symlinking: /home/ros/docker_pronto_ws/install/pronto_quadruped_ros/share/pronto_quadruped_ros/local_setup.sh
[12.915s] -- Symlinking: /home/ros/docker_pronto_ws/install/pronto_quadruped_ros/share/pronto_quadruped_ros/local_setup.zsh
[12.931s] -- Symlinking: /home/ros/docker_pronto_ws/install/pronto_quadruped_ros/share/pronto_quadruped_ros/local_setup.dsv
[12.947s] -- Symlinking: /home/ros/docker_pronto_ws/install/pronto_quadruped_ros/share/pronto_quadruped_ros/package.dsv
[12.963s] -- Symlinking: /home/ros/docker_pronto_ws/install/pronto_quadruped_ros/share/ament_index/resource_index/packages/pronto_quadruped_ros
[12.980s] -- Symlinking: /home/ros/docker_pronto_ws/install/pronto_quadruped_ros/share/pronto_quadruped_ros/cmake/ament_cmake_export_include_directories-extras.cmake
[12.995s] -- Symlinking: /home/ros/docker_pronto_ws/install/pronto_quadruped_ros/share/pronto_quadruped_ros/cmake/ament_cmake_export_libraries-extras.cmake
[13.010s] -- Symlinking: /home/ros/docker_pronto_ws/install/pronto_quadruped_ros/share/pronto_quadruped_ros/cmake/ament_cmake_export_dependencies-extras.cmake
[13.025s] -- Symlinking: /home/ros/docker_pronto_ws/install/pronto_quadruped_ros/share/pronto_quadruped_ros/cmake/ament_cmake_export_targets-extras.cmake
[13.041s] -- Symlinking: /home/ros/docker_pronto_ws/install/pronto_quadruped_ros/share/pronto_quadruped_ros/cmake/pronto_quadruped_rosConfig.cmake
[13.056s] -- Symlinking: /home/ros/docker_pronto_ws/install/pronto_quadruped_ros/share/pronto_quadruped_ros/cmake/pronto_quadruped_rosConfig-version.cmake
[13.071s] -- Symlinking: /home/ros/docker_pronto_ws/install/pronto_quadruped_ros/share/pronto_quadruped_ros/package.xml
[13.086s] -- Installing: /home/ros/docker_pronto_ws/install/pronto_quadruped_ros/lib/libpronto_quadruped_ros.so
[13.087s] -- Set runtime path of "/home/ros/docker_pronto_ws/install/pronto_quadruped_ros/lib/libpronto_quadruped_ros.so" to ""
[13.088s] -- Installing: /home/ros/docker_pronto_ws/install/pronto_quadruped_ros/share/pronto_quadruped_ros/cmake/export_pronto_quadruped_rosExport.cmake
[13.088s] -- Installing: /home/ros/docker_pronto_ws/install/pronto_quadruped_ros/share/pronto_quadruped_ros/cmake/export_pronto_quadruped_rosExport-release.cmake
[13.092s] Invoked command in '/home/ros/docker_pronto_ws/build/pronto_quadruped_ros' returned '0': CMAKE_PREFIX_PATH=/home/ros/docker_pronto_ws/install/pronto_ros:/home/ros/docker_pronto_ws/install/pronto_quadruped:/home/ros/docker_pronto_ws/install/pronto_utils:/home/ros/docker_pronto_ws/install/pronto_quadruped_commons:/home/ros/docker_pronto_ws/install/pronto_msgs:/home/ros/docker_pronto_ws/install/pronto_core:/home/ros/docker_pronto_ws/install/hqp_controller:/home/ros/docker_pronto_ws/install/whole_body_controller:/home/ros/docker_pronto_ws/install/teleoperate_robot:/home/ros/docker_pronto_ws/install/pronto_tuning:/home/ros/docker_pronto_ws/install/lip_walking_trot_planner:/home/ros/docker_pronto_ws/install/velocity_command_msgs:/home/ros/docker_pronto_ws/install/static_walk_planner:/home/ros/docker_pronto_ws/install/robot_gazebo:/home/ros/docker_pronto_ws/install/solo_description:/home/ros/docker_pronto_ws/install/robot_model:/home/ros/docker_pronto_ws/install/ryml:/home/ros/docker_pronto_ws/install/rviz_legged_plugins:/home/ros/docker_pronto_ws/install/rviz_legged_msgs:/home/ros/docker_pronto_ws/install/anymal_c_simple_description:/home/ros/docker_pronto_ws/install/robot_control:/home/ros/docker_pronto_ws/install/hierarchical_optimization:/home/ros/docker_pronto_ws/install/quadprog:/home/ros/docker_pronto_ws/install/pronto_ros2_controller:/home/ros/docker_pronto_ws/install/pronto_solo12:/home/ros/docker_pronto_ws/install/pronto_quadruped_ros:/home/ros/docker_pronto_ws/install/pi3hat_moteus_int_msgs:/home/ros/docker_pronto_ws/install/generalized_pose_msgs:/opt/openrobots:/home/ros/docker_pronto_ws/install/planners_python:/home/ros/docker_pronto_ws/install/logger_gazebo:/home/ros/docker_pronto_ws/install/terrain_estimator:/home/ros/docker_pronto_ws/install/pose_estimator:/opt/ros/humble LD_LIBRARY_PATH=/home/ros/docker_pronto_ws/install/pronto_ros/lib:/home/ros/docker_pronto_ws/install/pronto_quadruped/lib:/home/ros/docker_pronto_ws/install/pronto_utils/lib:/home/ros/docker_pronto_ws/install/pronto_msgs/lib:/home/ros/docker_pronto_ws/install/pronto_core/lib:/home/ros/docker_pronto_ws/install/hqp_controller/lib:/home/ros/docker_pronto_ws/install/whole_body_controller/lib:/home/ros/docker_pronto_ws/install/teleoperate_robot/lib:/home/ros/docker_pronto_ws/install/lip_walking_trot_planner/lib:/home/ros/docker_pronto_ws/install/velocity_command_msgs/lib:/home/ros/docker_pronto_ws/install/static_walk_planner/lib:/home/ros/docker_pronto_ws/install/robot_model/lib:/home/ros/docker_pronto_ws/install/ryml/lib:/home/ros/docker_pronto_ws/install/rviz_legged_plugins/lib:/home/ros/docker_pronto_ws/install/rviz_legged_msgs/lib:/home/ros/docker_pronto_ws/install/hierarchical_optimization/lib:/home/ros/docker_pronto_ws/install/quadprog/lib:/home/ros/docker_pronto_ws/install/pronto_ros2_controller/lib:/home/ros/docker_pronto_ws/install/pronto_solo12/lib:/home/ros/docker_pronto_ws/install/pronto_quadruped_ros/lib:/home/ros/docker_pronto_ws/install/pi3hat_moteus_int_msgs/lib:/home/ros/docker_pronto_ws/install/generalized_pose_msgs/lib:/usr/lib/x86_64-linux-gnu/gazebo-11/plugins:/opt/ros/humble/opt/rviz_ogre_vendor/lib:/opt/ros/humble/lib/x86_64-linux-gnu:/opt/ros/humble/lib:/opt/openrobots/lib:/usr/share/gazebo/../../lib/x86_64-linux-gnu/gazebo-11/plugins /usr/bin/cmake --install /home/ros/docker_pronto_ws/build/pronto_quadruped_ros
