[0.335s] Invoking command in '/home/ros/docker_pronto_ws/build/anymal_c_simple_description': CMAKE_PREFIX_PATH=/home/ros/docker_pronto_ws/install/robot_control:/home/ros/docker_pronto_ws/install/hqp_controller:/home/ros/docker_pronto_ws/install/whole_body_controller:/home/ros/docker_pronto_ws/install/teleoperate_robot:/home/ros/docker_pronto_ws/install/pronto_tuning:/home/ros/docker_pronto_ws/install/lip_walking_trot_planner:/home/ros/docker_pronto_ws/install/velocity_command_msgs:/home/ros/docker_pronto_ws/install/static_walk_planner:/home/ros/docker_pronto_ws/install/robot_gazebo:/home/ros/docker_pronto_ws/install/solo_description:/home/ros/docker_pronto_ws/install/robot_model:/home/ros/docker_pronto_ws/install/ryml:/home/ros/docker_pronto_ws/install/rviz_legged_plugins:/home/ros/docker_pronto_ws/install/rviz_legged_msgs:/home/ros/docker_pronto_ws/install/anymal_c_simple_description:/home/ros/docker_pronto_ws/install/hierarchical_optimization:/home/ros/docker_pronto_ws/install/quadprog:/home/ros/docker_pronto_ws/install/pronto_ros2_controller:/home/ros/docker_pronto_ws/install/pronto_solo12:/home/ros/docker_pronto_ws/install/pronto_quadruped_ros:/home/ros/docker_pronto_ws/install/pronto_quadruped:/home/ros/docker_pronto_ws/install/pronto_utils:/home/ros/docker_pronto_ws/install/pronto_ros:/home/ros/docker_pronto_ws/install/pronto_quadruped_commons:/home/ros/docker_pronto_ws/install/pronto_msgs:/home/ros/docker_pronto_ws/install/pronto_core:/home/ros/docker_pronto_ws/install/pi3hat_moteus_int_msgs:/home/ros/docker_pronto_ws/install/generalized_pose_msgs:/opt/openrobots:/home/ros/docker_pronto_ws/install/planners_python:/home/ros/docker_pronto_ws/install/logger_gazebo:/home/ros/docker_pronto_ws/install/terrain_estimator:/home/ros/docker_pronto_ws/install/pose_estimator:/opt/ros/humble /usr/bin/cmake /home/ros/docker_pronto_ws/src/robot/robots/anymal_c_simple_description -DCMAKE_BUILD_TYPE=Release -DCMAKE_EXPORT_COMPILE_COMMANDS=ON -DAMENT_CMAKE_SYMLINK_INSTALL=1 -DCMAKE_INSTALL_PREFIX=/home/ros/docker_pronto_ws/install/anymal_c_simple_description
[0.536s] -- The C compiler identification is GNU 11.4.0
[0.667s] -- The CXX compiler identification is GNU 11.4.0
[0.696s] -- Detecting C compiler ABI info
[1.032s] -- Detecting C compiler ABI info - done
[1.032s] -- Check for working C compiler: /usr/bin/cc - skipped
[1.033s] -- Detecting C compile features
[1.033s] -- Detecting C compile features - done
[1.053s] -- Detecting CXX compiler ABI info
[1.428s] -- Detecting CXX compiler ABI info - done
[1.440s] -- Check for working CXX compiler: /usr/bin/c++ - skipped
[1.440s] -- Detecting CXX compile features
[1.441s] -- Detecting CXX compile features - done
[1.445s] -- Found ament_cmake: 1.3.6 (/opt/ros/humble/share/ament_cmake/cmake)
[1.983s] -- Found Python3: /usr/bin/python3.10 (found version "3.10.12") found components: Interpreter 
[2.080s] -- Override CMake install command with custom implementation using symlinks instead of copying resources
[2.178s] -- Found ament_lint_auto: 0.12.9 (/opt/ros/humble/share/ament_lint_auto/cmake)
[2.475s] -- Added test 'copyright' to check source files copyright and LICENSE
[2.498s] -- Added test 'flake8' to check Python code syntax and style conventions
[2.511s] -- Added test 'lint_cmake' to check CMake code style
[2.519s] -- Added test 'pep257' to check Python code against some of the docstring style conventions in PEP 257
[2.525s] -- Added test 'xmllint' to check XML markup files
[2.545s] -- Configuring done
[2.559s] -- Generating done
[2.562s] -- Build files have been written to: /home/ros/docker_pronto_ws/build/anymal_c_simple_description
[2.568s] Invoked command in '/home/ros/docker_pronto_ws/build/anymal_c_simple_description' returned '0': CMAKE_PREFIX_PATH=/home/ros/docker_pronto_ws/install/robot_control:/home/ros/docker_pronto_ws/install/hqp_controller:/home/ros/docker_pronto_ws/install/whole_body_controller:/home/ros/docker_pronto_ws/install/teleoperate_robot:/home/ros/docker_pronto_ws/install/pronto_tuning:/home/ros/docker_pronto_ws/install/lip_walking_trot_planner:/home/ros/docker_pronto_ws/install/velocity_command_msgs:/home/ros/docker_pronto_ws/install/static_walk_planner:/home/ros/docker_pronto_ws/install/robot_gazebo:/home/ros/docker_pronto_ws/install/solo_description:/home/ros/docker_pronto_ws/install/robot_model:/home/ros/docker_pronto_ws/install/ryml:/home/ros/docker_pronto_ws/install/rviz_legged_plugins:/home/ros/docker_pronto_ws/install/rviz_legged_msgs:/home/ros/docker_pronto_ws/install/anymal_c_simple_description:/home/ros/docker_pronto_ws/install/hierarchical_optimization:/home/ros/docker_pronto_ws/install/quadprog:/home/ros/docker_pronto_ws/install/pronto_ros2_controller:/home/ros/docker_pronto_ws/install/pronto_solo12:/home/ros/docker_pronto_ws/install/pronto_quadruped_ros:/home/ros/docker_pronto_ws/install/pronto_quadruped:/home/ros/docker_pronto_ws/install/pronto_utils:/home/ros/docker_pronto_ws/install/pronto_ros:/home/ros/docker_pronto_ws/install/pronto_quadruped_commons:/home/ros/docker_pronto_ws/install/pronto_msgs:/home/ros/docker_pronto_ws/install/pronto_core:/home/ros/docker_pronto_ws/install/pi3hat_moteus_int_msgs:/home/ros/docker_pronto_ws/install/generalized_pose_msgs:/opt/openrobots:/home/ros/docker_pronto_ws/install/planners_python:/home/ros/docker_pronto_ws/install/logger_gazebo:/home/ros/docker_pronto_ws/install/terrain_estimator:/home/ros/docker_pronto_ws/install/pose_estimator:/opt/ros/humble /usr/bin/cmake /home/ros/docker_pronto_ws/src/robot/robots/anymal_c_simple_description -DCMAKE_BUILD_TYPE=Release -DCMAKE_EXPORT_COMPILE_COMMANDS=ON -DAMENT_CMAKE_SYMLINK_INSTALL=1 -DCMAKE_INSTALL_PREFIX=/home/ros/docker_pronto_ws/install/anymal_c_simple_description
[2.588s] Invoking command in '/home/ros/docker_pronto_ws/build/anymal_c_simple_description': CMAKE_PREFIX_PATH=/home/ros/docker_pronto_ws/install/robot_control:/home/ros/docker_pronto_ws/install/hqp_controller:/home/ros/docker_pronto_ws/install/whole_body_controller:/home/ros/docker_pronto_ws/install/teleoperate_robot:/home/ros/docker_pronto_ws/install/pronto_tuning:/home/ros/docker_pronto_ws/install/lip_walking_trot_planner:/home/ros/docker_pronto_ws/install/velocity_command_msgs:/home/ros/docker_pronto_ws/install/static_walk_planner:/home/ros/docker_pronto_ws/install/robot_gazebo:/home/ros/docker_pronto_ws/install/solo_description:/home/ros/docker_pronto_ws/install/robot_model:/home/ros/docker_pronto_ws/install/ryml:/home/ros/docker_pronto_ws/install/rviz_legged_plugins:/home/ros/docker_pronto_ws/install/rviz_legged_msgs:/home/ros/docker_pronto_ws/install/anymal_c_simple_description:/home/ros/docker_pronto_ws/install/hierarchical_optimization:/home/ros/docker_pronto_ws/install/quadprog:/home/ros/docker_pronto_ws/install/pronto_ros2_controller:/home/ros/docker_pronto_ws/install/pronto_solo12:/home/ros/docker_pronto_ws/install/pronto_quadruped_ros:/home/ros/docker_pronto_ws/install/pronto_quadruped:/home/ros/docker_pronto_ws/install/pronto_utils:/home/ros/docker_pronto_ws/install/pronto_ros:/home/ros/docker_pronto_ws/install/pronto_quadruped_commons:/home/ros/docker_pronto_ws/install/pronto_msgs:/home/ros/docker_pronto_ws/install/pronto_core:/home/ros/docker_pronto_ws/install/pi3hat_moteus_int_msgs:/home/ros/docker_pronto_ws/install/generalized_pose_msgs:/opt/openrobots:/home/ros/docker_pronto_ws/install/planners_python:/home/ros/docker_pronto_ws/install/logger_gazebo:/home/ros/docker_pronto_ws/install/terrain_estimator:/home/ros/docker_pronto_ws/install/pose_estimator:/opt/ros/humble /usr/bin/cmake --build /home/ros/docker_pronto_ws/build/anymal_c_simple_description -- -j16 -l16
[2.804s] Invoked command in '/home/ros/docker_pronto_ws/build/anymal_c_simple_description' returned '0': CMAKE_PREFIX_PATH=/home/ros/docker_pronto_ws/install/robot_control:/home/ros/docker_pronto_ws/install/hqp_controller:/home/ros/docker_pronto_ws/install/whole_body_controller:/home/ros/docker_pronto_ws/install/teleoperate_robot:/home/ros/docker_pronto_ws/install/pronto_tuning:/home/ros/docker_pronto_ws/install/lip_walking_trot_planner:/home/ros/docker_pronto_ws/install/velocity_command_msgs:/home/ros/docker_pronto_ws/install/static_walk_planner:/home/ros/docker_pronto_ws/install/robot_gazebo:/home/ros/docker_pronto_ws/install/solo_description:/home/ros/docker_pronto_ws/install/robot_model:/home/ros/docker_pronto_ws/install/ryml:/home/ros/docker_pronto_ws/install/rviz_legged_plugins:/home/ros/docker_pronto_ws/install/rviz_legged_msgs:/home/ros/docker_pronto_ws/install/anymal_c_simple_description:/home/ros/docker_pronto_ws/install/hierarchical_optimization:/home/ros/docker_pronto_ws/install/quadprog:/home/ros/docker_pronto_ws/install/pronto_ros2_controller:/home/ros/docker_pronto_ws/install/pronto_solo12:/home/ros/docker_pronto_ws/install/pronto_quadruped_ros:/home/ros/docker_pronto_ws/install/pronto_quadruped:/home/ros/docker_pronto_ws/install/pronto_utils:/home/ros/docker_pronto_ws/install/pronto_ros:/home/ros/docker_pronto_ws/install/pronto_quadruped_commons:/home/ros/docker_pronto_ws/install/pronto_msgs:/home/ros/docker_pronto_ws/install/pronto_core:/home/ros/docker_pronto_ws/install/pi3hat_moteus_int_msgs:/home/ros/docker_pronto_ws/install/generalized_pose_msgs:/opt/openrobots:/home/ros/docker_pronto_ws/install/planners_python:/home/ros/docker_pronto_ws/install/logger_gazebo:/home/ros/docker_pronto_ws/install/terrain_estimator:/home/ros/docker_pronto_ws/install/pose_estimator:/opt/ros/humble /usr/bin/cmake --build /home/ros/docker_pronto_ws/build/anymal_c_simple_description -- -j16 -l16
[3.081s] Invoking command in '/home/ros/docker_pronto_ws/build/anymal_c_simple_description': CMAKE_PREFIX_PATH=/home/ros/docker_pronto_ws/install/robot_control:/home/ros/docker_pronto_ws/install/hqp_controller:/home/ros/docker_pronto_ws/install/whole_body_controller:/home/ros/docker_pronto_ws/install/teleoperate_robot:/home/ros/docker_pronto_ws/install/pronto_tuning:/home/ros/docker_pronto_ws/install/lip_walking_trot_planner:/home/ros/docker_pronto_ws/install/velocity_command_msgs:/home/ros/docker_pronto_ws/install/static_walk_planner:/home/ros/docker_pronto_ws/install/robot_gazebo:/home/ros/docker_pronto_ws/install/solo_description:/home/ros/docker_pronto_ws/install/robot_model:/home/ros/docker_pronto_ws/install/ryml:/home/ros/docker_pronto_ws/install/rviz_legged_plugins:/home/ros/docker_pronto_ws/install/rviz_legged_msgs:/home/ros/docker_pronto_ws/install/anymal_c_simple_description:/home/ros/docker_pronto_ws/install/hierarchical_optimization:/home/ros/docker_pronto_ws/install/quadprog:/home/ros/docker_pronto_ws/install/pronto_ros2_controller:/home/ros/docker_pronto_ws/install/pronto_solo12:/home/ros/docker_pronto_ws/install/pronto_quadruped_ros:/home/ros/docker_pronto_ws/install/pronto_quadruped:/home/ros/docker_pronto_ws/install/pronto_utils:/home/ros/docker_pronto_ws/install/pronto_ros:/home/ros/docker_pronto_ws/install/pronto_quadruped_commons:/home/ros/docker_pronto_ws/install/pronto_msgs:/home/ros/docker_pronto_ws/install/pronto_core:/home/ros/docker_pronto_ws/install/pi3hat_moteus_int_msgs:/home/ros/docker_pronto_ws/install/generalized_pose_msgs:/opt/openrobots:/home/ros/docker_pronto_ws/install/planners_python:/home/ros/docker_pronto_ws/install/logger_gazebo:/home/ros/docker_pronto_ws/install/terrain_estimator:/home/ros/docker_pronto_ws/install/pose_estimator:/opt/ros/humble /usr/bin/cmake --install /home/ros/docker_pronto_ws/build/anymal_c_simple_description
[3.148s] -- Install configuration: "Release"
[3.149s] -- Execute custom install script
[3.149s] -- Symlinking: /home/ros/docker_pronto_ws/install/anymal_c_simple_description/share/anymal_c_simple_description/config/rviz/standalone.rviz
[3.169s] -- Symlinking: /home/ros/docker_pronto_ws/install/anymal_c_simple_description/share/anymal_c_simple_description/launch/standalone.launch.py
[3.210s] -- Symlinking: /home/ros/docker_pronto_ws/install/anymal_c_simple_description/share/anymal_c_simple_description/meshes/base.dae
[3.238s] -- Symlinking: /home/ros/docker_pronto_ws/install/anymal_c_simple_description/share/anymal_c_simple_description/meshes/base.jpg
[3.275s] -- Symlinking: /home/ros/docker_pronto_ws/install/anymal_c_simple_description/share/anymal_c_simple_description/meshes/battery.dae
[3.320s] -- Symlinking: /home/ros/docker_pronto_ws/install/anymal_c_simple_description/share/anymal_c_simple_description/meshes/battery.jpg
[3.384s] -- Symlinking: /home/ros/docker_pronto_ws/install/anymal_c_simple_description/share/anymal_c_simple_description/meshes/bottom_shell.dae
[3.456s] -- Symlinking: /home/ros/docker_pronto_ws/install/anymal_c_simple_description/share/anymal_c_simple_description/meshes/bottom_shell.jpg
[3.504s] -- Symlinking: /home/ros/docker_pronto_ws/install/anymal_c_simple_description/share/anymal_c_simple_description/meshes/depth_camera.dae
[3.540s] -- Symlinking: /home/ros/docker_pronto_ws/install/anymal_c_simple_description/share/anymal_c_simple_description/meshes/depth_camera.jpg
[3.576s] -- Symlinking: /home/ros/docker_pronto_ws/install/anymal_c_simple_description/share/anymal_c_simple_description/meshes/drive.dae
[3.610s] -- Symlinking: /home/ros/docker_pronto_ws/install/anymal_c_simple_description/share/anymal_c_simple_description/meshes/drive.jpg
[3.660s] -- Symlinking: /home/ros/docker_pronto_ws/install/anymal_c_simple_description/share/anymal_c_simple_description/meshes/face.dae
[3.716s] -- Symlinking: /home/ros/docker_pronto_ws/install/anymal_c_simple_description/share/anymal_c_simple_description/meshes/face.jpg
[3.738s] -- Symlinking: /home/ros/docker_pronto_ws/install/anymal_c_simple_description/share/anymal_c_simple_description/meshes/foot.dae
[3.775s] -- Symlinking: /home/ros/docker_pronto_ws/install/anymal_c_simple_description/share/anymal_c_simple_description/meshes/foot.jpg
[3.807s] -- Symlinking: /home/ros/docker_pronto_ws/install/anymal_c_simple_description/share/anymal_c_simple_description/meshes/handle.dae
[3.876s] -- Symlinking: /home/ros/docker_pronto_ws/install/anymal_c_simple_description/share/anymal_c_simple_description/meshes/handle.jpg
[3.914s] -- Symlinking: /home/ros/docker_pronto_ws/install/anymal_c_simple_description/share/anymal_c_simple_description/meshes/hatch.dae
[3.937s] -- Symlinking: /home/ros/docker_pronto_ws/install/anymal_c_simple_description/share/anymal_c_simple_description/meshes/hatch.jpg
[3.956s] -- Symlinking: /home/ros/docker_pronto_ws/install/anymal_c_simple_description/share/anymal_c_simple_description/meshes/hip.jpg
[3.991s] -- Symlinking: /home/ros/docker_pronto_ws/install/anymal_c_simple_description/share/anymal_c_simple_description/meshes/hip_l.dae
[4.022s] -- Symlinking: /home/ros/docker_pronto_ws/install/anymal_c_simple_description/share/anymal_c_simple_description/meshes/hip_r.dae
[4.088s] -- Symlinking: /home/ros/docker_pronto_ws/install/anymal_c_simple_description/share/anymal_c_simple_description/meshes/lidar.dae
[4.136s] -- Symlinking: /home/ros/docker_pronto_ws/install/anymal_c_simple_description/share/anymal_c_simple_description/meshes/lidar.jpg
[4.182s] -- Symlinking: /home/ros/docker_pronto_ws/install/anymal_c_simple_description/share/anymal_c_simple_description/meshes/lidar_cage.dae
[4.231s] -- Symlinking: /home/ros/docker_pronto_ws/install/anymal_c_simple_description/share/anymal_c_simple_description/meshes/lidar_cage.jpg
[4.272s] -- Symlinking: /home/ros/docker_pronto_ws/install/anymal_c_simple_description/share/anymal_c_simple_description/meshes/remote.dae
[4.292s] -- Symlinking: /home/ros/docker_pronto_ws/install/anymal_c_simple_description/share/anymal_c_simple_description/meshes/remote.jpg
[4.322s] -- Symlinking: /home/ros/docker_pronto_ws/install/anymal_c_simple_description/share/anymal_c_simple_description/meshes/shank.jpg
[4.352s] -- Symlinking: /home/ros/docker_pronto_ws/install/anymal_c_simple_description/share/anymal_c_simple_description/meshes/shank_l.dae
[4.384s] -- Symlinking: /home/ros/docker_pronto_ws/install/anymal_c_simple_description/share/anymal_c_simple_description/meshes/shank_r.dae
[4.416s] -- Symlinking: /home/ros/docker_pronto_ws/install/anymal_c_simple_description/share/anymal_c_simple_description/meshes/thigh.dae
[4.427s] -- Symlinking: /home/ros/docker_pronto_ws/install/anymal_c_simple_description/share/anymal_c_simple_description/meshes/thigh.jpg
[4.475s] -- Symlinking: /home/ros/docker_pronto_ws/install/anymal_c_simple_description/share/anymal_c_simple_description/meshes/top_shell.dae
[4.516s] -- Symlinking: /home/ros/docker_pronto_ws/install/anymal_c_simple_description/share/anymal_c_simple_description/meshes/top_shell.jpg
[4.565s] -- Symlinking: /home/ros/docker_pronto_ws/install/anymal_c_simple_description/share/anymal_c_simple_description/meshes/wide_angle_camera.dae
[4.604s] -- Symlinking: /home/ros/docker_pronto_ws/install/anymal_c_simple_description/share/anymal_c_simple_description/meshes/wide_angle_camera.jpg
[4.648s] -- Symlinking: /home/ros/docker_pronto_ws/install/anymal_c_simple_description/share/anymal_c_simple_description/urdf/anymal.urdf
[4.666s] -- Symlinking: /home/ros/docker_pronto_ws/install/anymal_c_simple_description/share/anymal_c_simple_description/urdf/anymal.xacro
[4.677s] -- Symlinking: /home/ros/docker_pronto_ws/install/anymal_c_simple_description/share/anymal_c_simple_description/urdf/anymal_gazebo.xacro
[4.705s] -- Symlinking: /home/ros/docker_pronto_ws/install/anymal_c_simple_description/share/anymal_c_simple_description/urdf/materials.xacro
[4.722s] -- Symlinking: /home/ros/docker_pronto_ws/install/anymal_c_simple_description/share/ament_index/resource_index/package_run_dependencies/anymal_c_simple_description
[4.761s] -- Symlinking: /home/ros/docker_pronto_ws/install/anymal_c_simple_description/share/ament_index/resource_index/parent_prefix_path/anymal_c_simple_description
[4.832s] -- Symlinking: /home/ros/docker_pronto_ws/install/anymal_c_simple_description/share/anymal_c_simple_description/environment/ament_prefix_path.sh
[4.868s] -- Symlinking: /home/ros/docker_pronto_ws/install/anymal_c_simple_description/share/anymal_c_simple_description/environment/ament_prefix_path.dsv
[4.900s] -- Symlinking: /home/ros/docker_pronto_ws/install/anymal_c_simple_description/share/anymal_c_simple_description/environment/path.sh
[4.948s] -- Symlinking: /home/ros/docker_pronto_ws/install/anymal_c_simple_description/share/anymal_c_simple_description/environment/path.dsv
[5.000s] -- Symlinking: /home/ros/docker_pronto_ws/install/anymal_c_simple_description/share/anymal_c_simple_description/local_setup.bash
[5.048s] -- Symlinking: /home/ros/docker_pronto_ws/install/anymal_c_simple_description/share/anymal_c_simple_description/local_setup.sh
[5.088s] -- Symlinking: /home/ros/docker_pronto_ws/install/anymal_c_simple_description/share/anymal_c_simple_description/local_setup.zsh
[5.100s] -- Symlinking: /home/ros/docker_pronto_ws/install/anymal_c_simple_description/share/anymal_c_simple_description/local_setup.dsv
[5.150s] -- Symlinking: /home/ros/docker_pronto_ws/install/anymal_c_simple_description/share/anymal_c_simple_description/package.dsv
[5.188s] -- Symlinking: /home/ros/docker_pronto_ws/install/anymal_c_simple_description/share/ament_index/resource_index/packages/anymal_c_simple_description
[5.215s] -- Symlinking: /home/ros/docker_pronto_ws/install/anymal_c_simple_description/share/anymal_c_simple_description/cmake/anymal_c_simple_descriptionConfig.cmake
[5.276s] -- Symlinking: /home/ros/docker_pronto_ws/install/anymal_c_simple_description/share/anymal_c_simple_description/cmake/anymal_c_simple_descriptionConfig-version.cmake
[5.288s] -- Symlinking: /home/ros/docker_pronto_ws/install/anymal_c_simple_description/share/anymal_c_simple_description/package.xml
[5.623s] Invoked command in '/home/ros/docker_pronto_ws/build/anymal_c_simple_description' returned '0': CMAKE_PREFIX_PATH=/home/ros/docker_pronto_ws/install/robot_control:/home/ros/docker_pronto_ws/install/hqp_controller:/home/ros/docker_pronto_ws/install/whole_body_controller:/home/ros/docker_pronto_ws/install/teleoperate_robot:/home/ros/docker_pronto_ws/install/pronto_tuning:/home/ros/docker_pronto_ws/install/lip_walking_trot_planner:/home/ros/docker_pronto_ws/install/velocity_command_msgs:/home/ros/docker_pronto_ws/install/static_walk_planner:/home/ros/docker_pronto_ws/install/robot_gazebo:/home/ros/docker_pronto_ws/install/solo_description:/home/ros/docker_pronto_ws/install/robot_model:/home/ros/docker_pronto_ws/install/ryml:/home/ros/docker_pronto_ws/install/rviz_legged_plugins:/home/ros/docker_pronto_ws/install/rviz_legged_msgs:/home/ros/docker_pronto_ws/install/anymal_c_simple_description:/home/ros/docker_pronto_ws/install/hierarchical_optimization:/home/ros/docker_pronto_ws/install/quadprog:/home/ros/docker_pronto_ws/install/pronto_ros2_controller:/home/ros/docker_pronto_ws/install/pronto_solo12:/home/ros/docker_pronto_ws/install/pronto_quadruped_ros:/home/ros/docker_pronto_ws/install/pronto_quadruped:/home/ros/docker_pronto_ws/install/pronto_utils:/home/ros/docker_pronto_ws/install/pronto_ros:/home/ros/docker_pronto_ws/install/pronto_quadruped_commons:/home/ros/docker_pronto_ws/install/pronto_msgs:/home/ros/docker_pronto_ws/install/pronto_core:/home/ros/docker_pronto_ws/install/pi3hat_moteus_int_msgs:/home/ros/docker_pronto_ws/install/generalized_pose_msgs:/opt/openrobots:/home/ros/docker_pronto_ws/install/planners_python:/home/ros/docker_pronto_ws/install/logger_gazebo:/home/ros/docker_pronto_ws/install/terrain_estimator:/home/ros/docker_pronto_ws/install/pose_estimator:/opt/ros/humble /usr/bin/cmake --install /home/ros/docker_pronto_ws/build/anymal_c_simple_description
