[1.180s] Invoking command in '/home/ros/docker_pronto_ws/build/terrain_estimator': PYTHONPATH=/home/ros/docker_pronto_ws/build/terrain_estimator/prefix_override:/home/ros/docker_pronto_ws/install/terrain_estimator/lib/python3.10/site-packages:${PYTHONPATH} /usr/bin/python3 setup.py develop --editable --build-directory /home/ros/docker_pronto_ws/build/terrain_estimator/build --no-deps install_data
[1.388s] running develop
[1.388s] /usr/lib/python3/dist-packages/setuptools/command/easy_install.py:158: EasyInstallDeprecationWarning: easy_install command is deprecated. Use build and pip and other standards-based tools.
[1.388s]   warnings.warn(
[1.389s] /usr/lib/python3/dist-packages/setuptools/command/install.py:34: SetuptoolsDeprecationWarning: setup.py install is deprecated. Use build and pip and other standards-based tools.
[1.389s]   warnings.warn(
[1.495s] running egg_info
[1.495s] writing terrain_estimator.egg-info/PKG-INFO
[1.495s] writing dependency_links to terrain_estimator.egg-info/dependency_links.txt
[1.495s] writing entry points to terrain_estimator.egg-info/entry_points.txt
[1.496s] writing requirements to terrain_estimator.egg-info/requires.txt
[1.496s] writing top-level names to terrain_estimator.egg-info/top_level.txt
[1.497s] reading manifest file 'terrain_estimator.egg-info/SOURCES.txt'
[1.497s] writing manifest file 'terrain_estimator.egg-info/SOURCES.txt'
[1.499s] running build_ext
[1.499s] Creating /home/ros/docker_pronto_ws/install/terrain_estimator/lib/python3.10/site-packages/terrain-estimator.egg-link (link to .)
[1.500s] Installing terrain_estimator_node script to /home/ros/docker_pronto_ws/install/terrain_estimator/lib/terrain_estimator
[1.500s] 
[1.500s] Installed /home/ros/docker_pronto_ws/build/terrain_estimator
[1.500s] running install_data
[1.768s] Invoked command in '/home/ros/docker_pronto_ws/build/terrain_estimator' returned '0': PYTHONPATH=/home/ros/docker_pronto_ws/build/terrain_estimator/prefix_override:/home/ros/docker_pronto_ws/install/terrain_estimator/lib/python3.10/site-packages:${PYTHONPATH} /usr/bin/python3 setup.py develop --editable --build-directory /home/ros/docker_pronto_ws/build/terrain_estimator/build --no-deps install_data
