[0.392s] Invoking command in '/home/ros/docker_pronto_ws/build/velocity_command_msgs': CMAKE_PREFIX_PATH=${CMAKE_PREFIX_PATH}:/home/ros/docker_pronto_ws/install/planners_python:/home/ros/docker_pronto_ws/install/logger_gazebo:/home/ros/docker_pronto_ws/install/terrain_estimator:/home/ros/docker_pronto_ws/install/pose_estimator:/opt/ros/humble /usr/bin/cmake --build /home/ros/docker_pronto_ws/build/velocity_command_msgs -- -j16 -l16
[0.464s] [  3%] Built target velocity_command_msgs__cpp
[0.480s] [ 12%] Built target velocity_command_msgs__rosidl_generator_c
[0.502s] [ 12%] Built target ament_cmake_python_symlink_velocity_command_msgs
[0.547s] [ 22%] Built target velocity_command_msgs__rosidl_typesupport_fastrtps_cpp
[0.557s] [ 32%] Built target velocity_command_msgs__rosidl_typesupport_cpp
[0.566s] [ 41%] Built target velocity_command_msgs__rosidl_typesupport_introspection_cpp
[0.572s] [ 51%] Built target velocity_command_msgs__rosidl_typesupport_introspection_c
[0.576s] [ 70%] Built target velocity_command_msgs__rosidl_typesupport_c
[0.583s] [ 70%] Built target velocity_command_msgs__rosidl_typesupport_fastrtps_c
[0.620s] [ 70%] Built target velocity_command_msgs
[0.649s] [ 74%] Built target velocity_command_msgs__py
[0.680s] [ 80%] Built target velocity_command_msgs__rosidl_generator_py
[0.717s] [ 87%] Built target velocity_command_msgs__rosidl_typesupport_introspection_c__pyext
[0.717s] [ 93%] Built target velocity_command_msgs__rosidl_typesupport_c__pyext
[0.734s] [100%] Built target velocity_command_msgs__rosidl_typesupport_fastrtps_c__pyext
[0.804s] running egg_info
[0.807s] writing velocity_command_msgs.egg-info/PKG-INFO
[0.807s] writing dependency_links to velocity_command_msgs.egg-info/dependency_links.txt
[0.807s] writing top-level names to velocity_command_msgs.egg-info/top_level.txt
[0.808s] reading manifest file 'velocity_command_msgs.egg-info/SOURCES.txt'
[0.809s] writing manifest file 'velocity_command_msgs.egg-info/SOURCES.txt'
[0.849s] [100%] Built target ament_cmake_python_build_velocity_command_msgs_egg
[0.940s] Invoked command in '/home/ros/docker_pronto_ws/build/velocity_command_msgs' returned '0': CMAKE_PREFIX_PATH=${CMAKE_PREFIX_PATH}:/home/ros/docker_pronto_ws/install/planners_python:/home/ros/docker_pronto_ws/install/logger_gazebo:/home/ros/docker_pronto_ws/install/terrain_estimator:/home/ros/docker_pronto_ws/install/pose_estimator:/opt/ros/humble /usr/bin/cmake --build /home/ros/docker_pronto_ws/build/velocity_command_msgs -- -j16 -l16
[1.130s] Invoking command in '/home/ros/docker_pronto_ws/build/velocity_command_msgs': CMAKE_PREFIX_PATH=${CMAKE_PREFIX_PATH}:/home/ros/docker_pronto_ws/install/planners_python:/home/ros/docker_pronto_ws/install/logger_gazebo:/home/ros/docker_pronto_ws/install/terrain_estimator:/home/ros/docker_pronto_ws/install/pose_estimator:/opt/ros/humble /usr/bin/cmake --install /home/ros/docker_pronto_ws/build/velocity_command_msgs
[1.292s] -- Install configuration: "Release"
[1.292s] -- Execute custom install script
[1.292s] -- Up-to-date symlink: /home/ros/docker_pronto_ws/install/velocity_command_msgs/share/ament_index/resource_index/rosidl_interfaces/velocity_command_msgs
[1.293s] -- Up-to-date symlink: /home/ros/docker_pronto_ws/install/velocity_command_msgs/include/velocity_command_msgs/velocity_command_msgs/msg/detail/simple_velocity_command__functions.h
[1.293s] -- Up-to-date symlink: /home/ros/docker_pronto_ws/install/velocity_command_msgs/include/velocity_command_msgs/velocity_command_msgs/msg/detail/simple_velocity_command__struct.h
[1.293s] -- Up-to-date symlink: /home/ros/docker_pronto_ws/install/velocity_command_msgs/include/velocity_command_msgs/velocity_command_msgs/msg/detail/simple_velocity_command__type_support.h
[1.293s] -- Up-to-date symlink: /home/ros/docker_pronto_ws/install/velocity_command_msgs/include/velocity_command_msgs/velocity_command_msgs/msg/rosidl_generator_c__visibility_control.h
[1.293s] -- Up-to-date symlink: /home/ros/docker_pronto_ws/install/velocity_command_msgs/include/velocity_command_msgs/velocity_command_msgs/msg/simple_velocity_command.h
[1.293s] -- Up-to-date symlink: /home/ros/docker_pronto_ws/install/velocity_command_msgs/share/velocity_command_msgs/environment/library_path.sh
[1.293s] -- Up-to-date symlink: /home/ros/docker_pronto_ws/install/velocity_command_msgs/share/velocity_command_msgs/environment/library_path.dsv
[1.293s] -- Up-to-date symlink: /home/ros/docker_pronto_ws/install/velocity_command_msgs/include/velocity_command_msgs/velocity_command_msgs/msg/detail/simple_velocity_command__rosidl_typesupport_fastrtps_c.h
[1.293s] -- Up-to-date symlink: /home/ros/docker_pronto_ws/install/velocity_command_msgs/include/velocity_command_msgs/velocity_command_msgs/msg/rosidl_typesupport_fastrtps_c__visibility_control.h
[1.293s] -- Up-to-date symlink: /home/ros/docker_pronto_ws/install/velocity_command_msgs/include/velocity_command_msgs/velocity_command_msgs/msg/detail/simple_velocity_command__rosidl_typesupport_introspection_c.h
[1.293s] -- Up-to-date symlink: /home/ros/docker_pronto_ws/install/velocity_command_msgs/include/velocity_command_msgs/velocity_command_msgs/msg/rosidl_typesupport_introspection_c__visibility_control.h
[1.293s] -- Up-to-date symlink: /home/ros/docker_pronto_ws/install/velocity_command_msgs/include/velocity_command_msgs/velocity_command_msgs/msg/detail/simple_velocity_command__builder.hpp
[1.293s] -- Up-to-date symlink: /home/ros/docker_pronto_ws/install/velocity_command_msgs/include/velocity_command_msgs/velocity_command_msgs/msg/detail/simple_velocity_command__struct.hpp
[1.294s] -- Up-to-date symlink: /home/ros/docker_pronto_ws/install/velocity_command_msgs/include/velocity_command_msgs/velocity_command_msgs/msg/detail/simple_velocity_command__traits.hpp
[1.294s] -- Up-to-date symlink: /home/ros/docker_pronto_ws/install/velocity_command_msgs/include/velocity_command_msgs/velocity_command_msgs/msg/simple_velocity_command.hpp
[1.294s] -- Up-to-date symlink: /home/ros/docker_pronto_ws/install/velocity_command_msgs/include/velocity_command_msgs/velocity_command_msgs/msg/detail/simple_velocity_command__rosidl_typesupport_fastrtps_cpp.hpp
[1.294s] -- Up-to-date symlink: /home/ros/docker_pronto_ws/install/velocity_command_msgs/include/velocity_command_msgs/velocity_command_msgs/msg/rosidl_typesupport_fastrtps_cpp__visibility_control.h
[1.294s] -- Up-to-date symlink: /home/ros/docker_pronto_ws/install/velocity_command_msgs/include/velocity_command_msgs/velocity_command_msgs/msg/detail/simple_velocity_command__rosidl_typesupport_introspection_cpp.hpp
[1.294s] -- Up-to-date symlink: /home/ros/docker_pronto_ws/install/velocity_command_msgs/share/velocity_command_msgs/environment/pythonpath.sh
[1.294s] -- Up-to-date symlink: /home/ros/docker_pronto_ws/install/velocity_command_msgs/share/velocity_command_msgs/environment/pythonpath.dsv
[1.294s] -- Up-to-date symlink: /home/ros/docker_pronto_ws/install/velocity_command_msgs/local/lib/python3.10/dist-packages/velocity_command_msgs-0.0.0-py3.10.egg-info/PKG-INFO
[1.294s] -- Up-to-date symlink: /home/ros/docker_pronto_ws/install/velocity_command_msgs/local/lib/python3.10/dist-packages/velocity_command_msgs-0.0.0-py3.10.egg-info/SOURCES.txt
[1.294s] -- Up-to-date symlink: /home/ros/docker_pronto_ws/install/velocity_command_msgs/local/lib/python3.10/dist-packages/velocity_command_msgs-0.0.0-py3.10.egg-info/dependency_links.txt
[1.294s] -- Up-to-date symlink: /home/ros/docker_pronto_ws/install/velocity_command_msgs/local/lib/python3.10/dist-packages/velocity_command_msgs-0.0.0-py3.10.egg-info/top_level.txt
[1.294s] -- Up-to-date symlink: /home/ros/docker_pronto_ws/install/velocity_command_msgs/local/lib/python3.10/dist-packages/velocity_command_msgs/__init__.py
[1.294s] -- Up-to-date symlink: /home/ros/docker_pronto_ws/install/velocity_command_msgs/local/lib/python3.10/dist-packages/velocity_command_msgs/_velocity_command_msgs_s.ep.rosidl_typesupport_c.c
[1.294s] -- Up-to-date symlink: /home/ros/docker_pronto_ws/install/velocity_command_msgs/local/lib/python3.10/dist-packages/velocity_command_msgs/_velocity_command_msgs_s.ep.rosidl_typesupport_fastrtps_c.c
[1.294s] -- Up-to-date symlink: /home/ros/docker_pronto_ws/install/velocity_command_msgs/local/lib/python3.10/dist-packages/velocity_command_msgs/_velocity_command_msgs_s.ep.rosidl_typesupport_introspection_c.c
[1.294s] -- Up-to-date symlink: /home/ros/docker_pronto_ws/install/velocity_command_msgs/local/lib/python3.10/dist-packages/velocity_command_msgs/libvelocity_command_msgs__rosidl_generator_py.so
[1.294s] -- Up-to-date symlink: /home/ros/docker_pronto_ws/install/velocity_command_msgs/local/lib/python3.10/dist-packages/velocity_command_msgs/msg/__init__.py
[1.294s] -- Up-to-date symlink: /home/ros/docker_pronto_ws/install/velocity_command_msgs/local/lib/python3.10/dist-packages/velocity_command_msgs/msg/_simple_velocity_command.py
[1.294s] -- Up-to-date symlink: /home/ros/docker_pronto_ws/install/velocity_command_msgs/local/lib/python3.10/dist-packages/velocity_command_msgs/msg/_simple_velocity_command_s.c
[1.295s] -- Up-to-date symlink: /home/ros/docker_pronto_ws/install/velocity_command_msgs/local/lib/python3.10/dist-packages/velocity_command_msgs/velocity_command_msgs_s__rosidl_typesupport_c.cpython-310-x86_64-linux-gnu.so
[1.295s] -- Up-to-date symlink: /home/ros/docker_pronto_ws/install/velocity_command_msgs/local/lib/python3.10/dist-packages/velocity_command_msgs/velocity_command_msgs_s__rosidl_typesupport_fastrtps_c.cpython-310-x86_64-linux-gnu.so
[1.295s] -- Up-to-date symlink: /home/ros/docker_pronto_ws/install/velocity_command_msgs/local/lib/python3.10/dist-packages/velocity_command_msgs/velocity_command_msgs_s__rosidl_typesupport_introspection_c.cpython-310-x86_64-linux-gnu.so
[1.295s] -- Up-to-date symlink: /home/ros/docker_pronto_ws/install/velocity_command_msgs/local/lib/python3.10/dist-packages/velocity_command_msgs/velocity_command_msgs_s__rosidl_typesupport_fastrtps_c.cpython-310-x86_64-linux-gnu.so
[1.295s] -- Up-to-date symlink: /home/ros/docker_pronto_ws/install/velocity_command_msgs/local/lib/python3.10/dist-packages/velocity_command_msgs/velocity_command_msgs_s__rosidl_typesupport_introspection_c.cpython-310-x86_64-linux-gnu.so
[1.295s] -- Up-to-date symlink: /home/ros/docker_pronto_ws/install/velocity_command_msgs/local/lib/python3.10/dist-packages/velocity_command_msgs/velocity_command_msgs_s__rosidl_typesupport_c.cpython-310-x86_64-linux-gnu.so
[1.295s] -- Up-to-date symlink: /home/ros/docker_pronto_ws/install/velocity_command_msgs/share/velocity_command_msgs/msg/SimpleVelocityCommand.idl
[1.295s] -- Up-to-date symlink: /home/ros/docker_pronto_ws/install/velocity_command_msgs/share/velocity_command_msgs/msg/SimpleVelocityCommand.msg
[1.295s] -- Up-to-date symlink: /home/ros/docker_pronto_ws/install/velocity_command_msgs/share/ament_index/resource_index/package_run_dependencies/velocity_command_msgs
[1.295s] -- Up-to-date symlink: /home/ros/docker_pronto_ws/install/velocity_command_msgs/share/ament_index/resource_index/parent_prefix_path/velocity_command_msgs
[1.295s] -- Up-to-date symlink: /home/ros/docker_pronto_ws/install/velocity_command_msgs/share/velocity_command_msgs/environment/ament_prefix_path.sh
[1.295s] -- Up-to-date symlink: /home/ros/docker_pronto_ws/install/velocity_command_msgs/share/velocity_command_msgs/environment/ament_prefix_path.dsv
[1.295s] -- Up-to-date symlink: /home/ros/docker_pronto_ws/install/velocity_command_msgs/share/velocity_command_msgs/environment/path.sh
[1.295s] -- Up-to-date symlink: /home/ros/docker_pronto_ws/install/velocity_command_msgs/share/velocity_command_msgs/environment/path.dsv
[1.295s] -- Up-to-date symlink: /home/ros/docker_pronto_ws/install/velocity_command_msgs/share/velocity_command_msgs/local_setup.bash
[1.295s] -- Up-to-date symlink: /home/ros/docker_pronto_ws/install/velocity_command_msgs/share/velocity_command_msgs/local_setup.sh
[1.295s] -- Up-to-date symlink: /home/ros/docker_pronto_ws/install/velocity_command_msgs/share/velocity_command_msgs/local_setup.zsh
[1.295s] -- Up-to-date symlink: /home/ros/docker_pronto_ws/install/velocity_command_msgs/share/velocity_command_msgs/local_setup.dsv
[1.295s] -- Symlinking: /home/ros/docker_pronto_ws/install/velocity_command_msgs/share/velocity_command_msgs/package.dsv
[1.295s] -- Up-to-date symlink: /home/ros/docker_pronto_ws/install/velocity_command_msgs/share/ament_index/resource_index/packages/velocity_command_msgs
[1.295s] -- Up-to-date symlink: /home/ros/docker_pronto_ws/install/velocity_command_msgs/share/velocity_command_msgs/cmake/rosidl_cmake-extras.cmake
[1.296s] -- Up-to-date symlink: /home/ros/docker_pronto_ws/install/velocity_command_msgs/share/velocity_command_msgs/cmake/ament_cmake_export_dependencies-extras.cmake
[1.296s] -- Up-to-date symlink: /home/ros/docker_pronto_ws/install/velocity_command_msgs/share/velocity_command_msgs/cmake/ament_cmake_export_include_directories-extras.cmake
[1.296s] -- Up-to-date symlink: /home/ros/docker_pronto_ws/install/velocity_command_msgs/share/velocity_command_msgs/cmake/ament_cmake_export_libraries-extras.cmake
[1.296s] -- Up-to-date symlink: /home/ros/docker_pronto_ws/install/velocity_command_msgs/share/velocity_command_msgs/cmake/ament_cmake_export_targets-extras.cmake
[1.296s] -- Up-to-date symlink: /home/ros/docker_pronto_ws/install/velocity_command_msgs/share/velocity_command_msgs/cmake/rosidl_cmake_export_typesupport_targets-extras.cmake
[1.296s] -- Up-to-date symlink: /home/ros/docker_pronto_ws/install/velocity_command_msgs/share/velocity_command_msgs/cmake/rosidl_cmake_export_typesupport_libraries-extras.cmake
[1.296s] -- Up-to-date symlink: /home/ros/docker_pronto_ws/install/velocity_command_msgs/share/velocity_command_msgs/cmake/velocity_command_msgsConfig.cmake
[1.296s] -- Up-to-date symlink: /home/ros/docker_pronto_ws/install/velocity_command_msgs/share/velocity_command_msgs/cmake/velocity_command_msgsConfig-version.cmake
[1.296s] -- Up-to-date symlink: /home/ros/docker_pronto_ws/install/velocity_command_msgs/share/velocity_command_msgs/package.xml
[1.296s] -- Up-to-date: /home/ros/docker_pronto_ws/install/velocity_command_msgs/lib/libvelocity_command_msgs__rosidl_generator_c.so
[1.296s] -- Up-to-date: /home/ros/docker_pronto_ws/install/velocity_command_msgs/lib/libvelocity_command_msgs__rosidl_typesupport_fastrtps_c.so
[1.296s] -- Up-to-date: /home/ros/docker_pronto_ws/install/velocity_command_msgs/lib/libvelocity_command_msgs__rosidl_typesupport_introspection_c.so
[1.296s] -- Up-to-date: /home/ros/docker_pronto_ws/install/velocity_command_msgs/lib/libvelocity_command_msgs__rosidl_typesupport_c.so
[1.296s] -- Up-to-date: /home/ros/docker_pronto_ws/install/velocity_command_msgs/lib/libvelocity_command_msgs__rosidl_typesupport_fastrtps_cpp.so
[1.296s] -- Up-to-date: /home/ros/docker_pronto_ws/install/velocity_command_msgs/lib/libvelocity_command_msgs__rosidl_typesupport_introspection_cpp.so
[1.296s] -- Up-to-date: /home/ros/docker_pronto_ws/install/velocity_command_msgs/lib/libvelocity_command_msgs__rosidl_typesupport_cpp.so
[1.296s] Listing '/home/ros/docker_pronto_ws/install/velocity_command_msgs/local/lib/python3.10/dist-packages/velocity_command_msgs'...
[1.296s] Listing '/home/ros/docker_pronto_ws/install/velocity_command_msgs/local/lib/python3.10/dist-packages/velocity_command_msgs/msg'...
[1.297s] -- Up-to-date: /home/ros/docker_pronto_ws/install/velocity_command_msgs/lib/libvelocity_command_msgs__rosidl_generator_py.so
[1.297s] -- Up-to-date: /home/ros/docker_pronto_ws/install/velocity_command_msgs/share/velocity_command_msgs/cmake/export_velocity_command_msgs__rosidl_generator_cExport.cmake
[1.297s] -- Up-to-date: /home/ros/docker_pronto_ws/install/velocity_command_msgs/share/velocity_command_msgs/cmake/export_velocity_command_msgs__rosidl_generator_cExport-release.cmake
[1.297s] -- Up-to-date: /home/ros/docker_pronto_ws/install/velocity_command_msgs/share/velocity_command_msgs/cmake/export_velocity_command_msgs__rosidl_typesupport_fastrtps_cExport.cmake
[1.297s] -- Up-to-date: /home/ros/docker_pronto_ws/install/velocity_command_msgs/share/velocity_command_msgs/cmake/export_velocity_command_msgs__rosidl_typesupport_fastrtps_cExport-release.cmake
[1.297s] -- Up-to-date: /home/ros/docker_pronto_ws/install/velocity_command_msgs/share/velocity_command_msgs/cmake/velocity_command_msgs__rosidl_typesupport_introspection_cExport.cmake
[1.297s] -- Up-to-date: /home/ros/docker_pronto_ws/install/velocity_command_msgs/share/velocity_command_msgs/cmake/velocity_command_msgs__rosidl_typesupport_introspection_cExport-release.cmake
[1.297s] -- Up-to-date: /home/ros/docker_pronto_ws/install/velocity_command_msgs/share/velocity_command_msgs/cmake/velocity_command_msgs__rosidl_typesupport_cExport.cmake
[1.297s] -- Up-to-date: /home/ros/docker_pronto_ws/install/velocity_command_msgs/share/velocity_command_msgs/cmake/velocity_command_msgs__rosidl_typesupport_cExport-release.cmake
[1.297s] -- Up-to-date: /home/ros/docker_pronto_ws/install/velocity_command_msgs/share/velocity_command_msgs/cmake/export_velocity_command_msgs__rosidl_generator_cppExport.cmake
[1.297s] -- Up-to-date: /home/ros/docker_pronto_ws/install/velocity_command_msgs/share/velocity_command_msgs/cmake/export_velocity_command_msgs__rosidl_typesupport_fastrtps_cppExport.cmake
[1.297s] -- Up-to-date: /home/ros/docker_pronto_ws/install/velocity_command_msgs/share/velocity_command_msgs/cmake/export_velocity_command_msgs__rosidl_typesupport_fastrtps_cppExport-release.cmake
[1.297s] -- Up-to-date: /home/ros/docker_pronto_ws/install/velocity_command_msgs/share/velocity_command_msgs/cmake/velocity_command_msgs__rosidl_typesupport_introspection_cppExport.cmake
[1.297s] -- Up-to-date: /home/ros/docker_pronto_ws/install/velocity_command_msgs/share/velocity_command_msgs/cmake/velocity_command_msgs__rosidl_typesupport_introspection_cppExport-release.cmake
[1.297s] -- Up-to-date: /home/ros/docker_pronto_ws/install/velocity_command_msgs/share/velocity_command_msgs/cmake/velocity_command_msgs__rosidl_typesupport_cppExport.cmake
[1.297s] -- Up-to-date: /home/ros/docker_pronto_ws/install/velocity_command_msgs/share/velocity_command_msgs/cmake/velocity_command_msgs__rosidl_typesupport_cppExport-release.cmake
[1.297s] -- Up-to-date: /home/ros/docker_pronto_ws/install/velocity_command_msgs/share/velocity_command_msgs/cmake/export_velocity_command_msgs__rosidl_generator_pyExport.cmake
[1.297s] -- Up-to-date: /home/ros/docker_pronto_ws/install/velocity_command_msgs/share/velocity_command_msgs/cmake/export_velocity_command_msgs__rosidl_generator_pyExport-release.cmake
[1.544s] Invoked command in '/home/ros/docker_pronto_ws/build/velocity_command_msgs' returned '0': CMAKE_PREFIX_PATH=${CMAKE_PREFIX_PATH}:/home/ros/docker_pronto_ws/install/planners_python:/home/ros/docker_pronto_ws/install/logger_gazebo:/home/ros/docker_pronto_ws/install/terrain_estimator:/home/ros/docker_pronto_ws/install/pose_estimator:/opt/ros/humble /usr/bin/cmake --install /home/ros/docker_pronto_ws/build/velocity_command_msgs
