-- The C compiler identification is GNU 11.4.0
-- The CXX compiler identification is GNU 11.4.0
-- Detecting C compiler ABI info
-- Detecting C compiler ABI info - done
-- Check for working C compiler: /usr/bin/cc - skipped
-- Detecting C compile features
-- Detecting C compile features - done
-- Detecting CXX compiler ABI info
-- Detecting CXX compiler ABI info - done
-- Check for working CXX compiler: /usr/bin/c++ - skipped
-- Detecting CXX compile features
-- Detecting CXX compile features - done
-- Found ament_cmake: 1.3.6 (/opt/ros/humble/share/ament_cmake/cmake)
-- Found Python3: /usr/bin/python3.10 (found version "3.10.12") found components: Interpreter 
-- Override CMake install command with custom implementation using symlinks instead of copying resources
-- pinocchio FOUND. pinocchio at /opt/ros/humble/lib/x86_64-linux-gnu/libpinocchio.so
-- boost_filesystem FOUND. boost_filesystem at /lib/x86_64-linux-gnu/libboost_filesystem.so
-- boost_serialization FOUND. boost_serialization at /lib/x86_64-linux-gnu/libboost_serialization.so
-- boost_system FOUND. boost_system at /lib/x86_64-linux-gnu/libboost_system.so
-- Found Boost: /usr/include (found version "1.74.0") found components: filesystem serialization system 
-- eigenpy FOUND. eigenpy at /opt/ros/humble/lib/x86_64-linux-gnu/libeigenpy.so
-- Found Python3: /usr/bin/python3.10 (found version "3.10.12") found components: Interpreter Development.Module NumPy 
-- PythonLibraryDirs: 
-- PythonLibVersionString: 3.10.12
-- Python site lib: lib/python3.10/dist-packages
-- Python include dirs: /usr/include/python3.10
-- Checking for NumPy
--   NUMPY_INCLUDE_DIRS=/home/ros/.local/lib/python3.10/site-packages/numpy/core/include
--   NUMPY_VERSION=1.26.4
-- NumPy include dir: /home/ros/.local/lib/python3.10/site-packages/numpy/core/include
[33mCMake Warning at /usr/share/cmake-3.22/Modules/FindBoost.cmake:2201 (message):
  No header defined for python310; skipping header check (note: header-only
  libraries have no designated component)
Call Stack (most recent call first):
  /opt/ros/humble/lib/x86_64-linux-gnu/cmake/eigenpy/boost.cmake:144 (find_package)
  /opt/ros/humble/lib/x86_64-linux-gnu/cmake/eigenpy/eigenpyConfig.cmake:149 (SEARCH_FOR_BOOST_PYTHON)
  /usr/share/cmake-3.22/Modules/CMakeFindDependencyMacro.cmake:47 (find_package)
  /opt/ros/humble/lib/x86_64-linux-gnu/cmake/pinocchio/pinocchioConfig.cmake:160 (find_dependency)
  CMakeLists.txt:33 (find_package)

[0m
-- Found Boost: /usr/include (found version "1.74.0") found components: python310 
-- Boost_PYTHON_LIBRARY: /usr/lib/x86_64-linux-gnu/libboost_python310.so
-- Default C++ standard: 201703
-- Minimal C++ standard upgraded to 11
-- C++ standard sufficient: Minimal required 11, currently defined: 17
-- hpp-fcl FOUND. hpp-fcl at /opt/ros/humble/lib/x86_64-linux-gnu/libhpp-fcl.so
-- Found Boost: /usr/include (found version "1.74.0") found components: chrono serialization 
-- C++ standard sufficient: Minimal required 11, currently defined: 17
-- C++ standard sufficient: Minimal required 11, currently defined: 17
-- Found hierarchical_optimization: 0.0.0 (/home/ros/docker_pronto_ws/install/hierarchical_optimization/share/hierarchical_optimization/cmake)
-- Found robot_model: 0.0.0 (/home/ros/docker_pronto_ws/install/robot_model/share/robot_model/cmake)
-- Found ament_lint_auto: 0.12.9 (/opt/ros/humble/share/ament_lint_auto/cmake)
-- Added test 'copyright' to check source files copyright and LICENSE
-- Added test 'cppcheck' to perform static code analysis on C / C++ code
-- Configured cppcheck include dirs: $<BUILD_INTERFACE:/home/ros/docker_pronto_ws/src/motion_control/whole_body_control/whole_body_controller/include>
-- Configured cppcheck exclude dirs and/or files: 
-- Added test 'cpplint' to check C / C++ code against the Google style
-- Configured cpplint exclude dirs and/or files: 
-- Added test 'lint_cmake' to check CMake code style
-- Added test 'uncrustify' to check C / C++ code style
-- Configured uncrustify additional arguments: 
-- Added test 'xmllint' to check XML markup files
-- Configuring done
-- Generating done
-- Build files have been written to: /home/ros/docker_pronto_ws/build/whole_body_controller
[  7%] [32mBuilding CXX object CMakeFiles/whole_body_controller.dir/src/deformations_history_manager.cpp.o[0m
[ 15%] [32mBuilding CXX object CMakeFiles/whole_body_controller.dir/src/control_tasks.cpp.o[0m
[ 23%] [32mBuilding CXX object CMakeFiles/whole_body_controller.dir/src/prioritized_tasks.cpp.o[0m
[ 30%] [32mBuilding CXX object CMakeFiles/whole_body_controller.dir/src/whole_body_controller.cpp.o[0m
[ 38%] [32m[1mLinking CXX shared library libwhole_body_controller.so[0m
[ 38%] Built target whole_body_controller
[ 53%] [32mBuilding CXX object CMakeFiles/TestControlTasks.dir/test/test_control_tasks.cpp.o[0m
[ 53%] [32mBuilding CXX object CMakeFiles/TestDeformationsHistoryManager.dir/test/test_deformations_history_manager.cpp.o[0m
[ 61%] [32mBuilding CXX object CMakeFiles/TestPrioritizedTasks.dir/test/test_prioritized_tasks.cpp.o[0m
[ 69%] [32mBuilding CXX object CMakeFiles/TestWBC.dir/test/test_whole_body_controller.cpp.o[0m
[ 76%] [32m[1mLinking CXX executable TestDeformationsHistoryManager[0m
[ 76%] Built target TestDeformationsHistoryManager
[ 84%] [32m[1mLinking CXX executable TestPrioritizedTasks[0m
[ 84%] Built target TestPrioritizedTasks
[ 92%] [32m[1mLinking CXX executable TestWBC[0m
[ 92%] Built target TestWBC
[100%] [32m[1mLinking CXX executable TestControlTasks[0m
[100%] Built target TestControlTasks
-- Install configuration: "Release"
-- Execute custom install script
-- Symlinking: /home/ros/docker_pronto_ws/install/whole_body_controller/share/whole_body_controller/environment/library_path.sh
-- Symlinking: /home/ros/docker_pronto_ws/install/whole_body_controller/share/whole_body_controller/environment/library_path.dsv
-- Symlinking: /home/ros/docker_pronto_ws/install/whole_body_controller/include/whole_body_controller/whole_body_controller/control_tasks.hpp
-- Symlinking: /home/ros/docker_pronto_ws/install/whole_body_controller/include/whole_body_controller/whole_body_controller/deformations_history_manager.hpp
-- Symlinking: /home/ros/docker_pronto_ws/install/whole_body_controller/include/whole_body_controller/whole_body_controller/prioritized_tasks.hpp
-- Symlinking: /home/ros/docker_pronto_ws/install/whole_body_controller/include/whole_body_controller/whole_body_controller/whole_body_controller.hpp
-- Symlinking: /home/ros/docker_pronto_ws/install/whole_body_controller/share/ament_index/resource_index/package_run_dependencies/whole_body_controller
-- Symlinking: /home/ros/docker_pronto_ws/install/whole_body_controller/share/ament_index/resource_index/parent_prefix_path/whole_body_controller
-- Symlinking: /home/ros/docker_pronto_ws/install/whole_body_controller/share/whole_body_controller/environment/ament_prefix_path.sh
-- Symlinking: /home/ros/docker_pronto_ws/install/whole_body_controller/share/whole_body_controller/environment/ament_prefix_path.dsv
-- Symlinking: /home/ros/docker_pronto_ws/install/whole_body_controller/share/whole_body_controller/environment/path.sh
-- Symlinking: /home/ros/docker_pronto_ws/install/whole_body_controller/share/whole_body_controller/environment/path.dsv
-- Symlinking: /home/ros/docker_pronto_ws/install/whole_body_controller/share/whole_body_controller/local_setup.bash
-- Symlinking: /home/ros/docker_pronto_ws/install/whole_body_controller/share/whole_body_controller/local_setup.sh
-- Symlinking: /home/ros/docker_pronto_ws/install/whole_body_controller/share/whole_body_controller/local_setup.zsh
-- Symlinking: /home/ros/docker_pronto_ws/install/whole_body_controller/share/whole_body_controller/local_setup.dsv
-- Symlinking: /home/ros/docker_pronto_ws/install/whole_body_controller/share/whole_body_controller/package.dsv
-- Symlinking: /home/ros/docker_pronto_ws/install/whole_body_controller/share/ament_index/resource_index/packages/whole_body_controller
-- Symlinking: /home/ros/docker_pronto_ws/install/whole_body_controller/share/whole_body_controller/cmake/ament_cmake_export_targets-extras.cmake
-- Symlinking: /home/ros/docker_pronto_ws/install/whole_body_controller/share/whole_body_controller/cmake/ament_cmake_export_dependencies-extras.cmake
-- Symlinking: /home/ros/docker_pronto_ws/install/whole_body_controller/share/whole_body_controller/cmake/whole_body_controllerConfig.cmake
-- Symlinking: /home/ros/docker_pronto_ws/install/whole_body_controller/share/whole_body_controller/cmake/whole_body_controllerConfig-version.cmake
-- Symlinking: /home/ros/docker_pronto_ws/install/whole_body_controller/share/whole_body_controller/package.xml
-- Installing: /home/ros/docker_pronto_ws/install/whole_body_controller/lib/libwhole_body_controller.so
-- Set runtime path of "/home/ros/docker_pronto_ws/install/whole_body_controller/lib/libwhole_body_controller.so" to ""
-- Installing: /home/ros/docker_pronto_ws/install/whole_body_controller/share/whole_body_controller/cmake/whole_body_controller_targetsExport.cmake
-- Installing: /home/ros/docker_pronto_ws/install/whole_body_controller/share/whole_body_controller/cmake/whole_body_controller_targetsExport-release.cmake
