[0.116s] Invoking command in '/home/ros/docker_pronto_ws/build/whole_body_controller': CMAKE_PREFIX_PATH=/home/ros/docker_pronto_ws/install/robot_model:/home/ros/docker_pronto_ws/install/hierarchical_optimization:/home/ros/docker_pronto_ws/install/ryml:/home/ros/docker_pronto_ws/install/quadprog:/home/ros/docker_pronto_ws/install/hqp_controller:/home/ros/docker_pronto_ws/install/whole_body_controller:/home/ros/docker_pronto_ws/install/teleoperate_robot:/home/ros/docker_pronto_ws/install/pronto_tuning:/home/ros/docker_pronto_ws/install/lip_walking_trot_planner:/home/ros/docker_pronto_ws/install/velocity_command_msgs:/home/ros/docker_pronto_ws/install/static_walk_planner:/home/ros/docker_pronto_ws/install/robot_gazebo:/home/ros/docker_pronto_ws/install/solo_description:/home/ros/docker_pronto_ws/install/rviz_legged_plugins:/home/ros/docker_pronto_ws/install/rviz_legged_msgs:/home/ros/docker_pronto_ws/install/anymal_c_simple_description:/home/ros/docker_pronto_ws/install/robot_control:/home/ros/docker_pronto_ws/install/pronto_ros2_controller:/home/ros/docker_pronto_ws/install/pronto_solo12:/home/ros/docker_pronto_ws/install/pronto_quadruped_ros:/home/ros/docker_pronto_ws/install/pronto_quadruped:/home/ros/docker_pronto_ws/install/pronto_utils:/home/ros/docker_pronto_ws/install/pronto_ros:/home/ros/docker_pronto_ws/install/pronto_quadruped_commons:/home/ros/docker_pronto_ws/install/pronto_msgs:/home/ros/docker_pronto_ws/install/pronto_core:/home/ros/docker_pronto_ws/install/pi3hat_moteus_int_msgs:/home/ros/docker_pronto_ws/install/generalized_pose_msgs:/opt/openrobots:/home/ros/docker_pronto_ws/install/planners_python:/home/ros/docker_pronto_ws/install/logger_gazebo:/home/ros/docker_pronto_ws/install/terrain_estimator:/home/ros/docker_pronto_ws/install/pose_estimator:/opt/ros/humble LD_LIBRARY_PATH=/home/ros/docker_pronto_ws/install/robot_model/lib:/home/ros/docker_pronto_ws/install/hierarchical_optimization/lib:/home/ros/docker_pronto_ws/install/ryml/lib:/home/ros/docker_pronto_ws/install/quadprog/lib:/home/ros/docker_pronto_ws/install/hqp_controller/lib:/home/ros/docker_pronto_ws/install/whole_body_controller/lib:/home/ros/docker_pronto_ws/install/teleoperate_robot/lib:/home/ros/docker_pronto_ws/install/lip_walking_trot_planner/lib:/home/ros/docker_pronto_ws/install/velocity_command_msgs/lib:/home/ros/docker_pronto_ws/install/static_walk_planner/lib:/home/ros/docker_pronto_ws/install/rviz_legged_plugins/lib:/home/ros/docker_pronto_ws/install/rviz_legged_msgs/lib:/home/ros/docker_pronto_ws/install/pronto_ros2_controller/lib:/home/ros/docker_pronto_ws/install/pronto_solo12/lib:/home/ros/docker_pronto_ws/install/pronto_quadruped_ros/lib:/home/ros/docker_pronto_ws/install/pronto_quadruped/lib:/home/ros/docker_pronto_ws/install/pronto_utils/lib:/home/ros/docker_pronto_ws/install/pronto_ros/lib:/home/ros/docker_pronto_ws/install/pronto_msgs/lib:/home/ros/docker_pronto_ws/install/pronto_core/lib:/home/ros/docker_pronto_ws/install/pi3hat_moteus_int_msgs/lib:/home/ros/docker_pronto_ws/install/generalized_pose_msgs/lib:/usr/lib/x86_64-linux-gnu/gazebo-11/plugins:/opt/ros/humble/opt/rviz_ogre_vendor/lib:/opt/ros/humble/lib/x86_64-linux-gnu:/opt/ros/humble/lib:/opt/openrobots/lib:/usr/share/gazebo/../../lib/x86_64-linux-gnu/gazebo-11/plugins /usr/bin/cmake /home/ros/docker_pronto_ws/src/motion_control/whole_body_control/whole_body_controller -DCMAKE_BUILD_TYPE=Release -DCMAKE_EXPORT_COMPILE_COMMANDS=ON -DAMENT_CMAKE_SYMLINK_INSTALL=1 -DCMAKE_INSTALL_PREFIX=/home/ros/docker_pronto_ws/install/whole_body_controller
[0.184s] -- The C compiler identification is GNU 11.4.0
[0.231s] -- The CXX compiler identification is GNU 11.4.0
[0.239s] -- Detecting C compiler ABI info
[0.294s] -- Detecting C compiler ABI info - done
[0.299s] -- Check for working C compiler: /usr/bin/cc - skipped
[0.299s] -- Detecting C compile features
[0.300s] -- Detecting C compile features - done
[0.302s] -- Detecting CXX compiler ABI info
[0.362s] -- Detecting CXX compiler ABI info - done
[0.367s] -- Check for working CXX compiler: /usr/bin/c++ - skipped
[0.367s] -- Detecting CXX compile features
[0.367s] -- Detecting CXX compile features - done
[0.375s] -- Found ament_cmake: 1.3.6 (/opt/ros/humble/share/ament_cmake/cmake)
[0.542s] -- Found Python3: /usr/bin/python3.10 (found version "3.10.12") found components: Interpreter 
[0.605s] -- Override CMake install command with custom implementation using symlinks instead of copying resources
[0.671s] -- pinocchio FOUND. pinocchio at /opt/ros/humble/lib/x86_64-linux-gnu/libpinocchio.so
[0.675s] -- boost_filesystem FOUND. boost_filesystem at /lib/x86_64-linux-gnu/libboost_filesystem.so
[0.675s] -- boost_serialization FOUND. boost_serialization at /lib/x86_64-linux-gnu/libboost_serialization.so
[0.676s] -- boost_system FOUND. boost_system at /lib/x86_64-linux-gnu/libboost_system.so
[0.765s] -- Found Boost: /usr/include (found version "1.74.0") found components: filesystem serialization system 
[0.768s] -- eigenpy FOUND. eigenpy at /opt/ros/humble/lib/x86_64-linux-gnu/libeigenpy.so
[1.226s] -- Found Python3: /usr/bin/python3.10 (found version "3.10.12") found components: Interpreter Development.Module NumPy 
[1.226s] -- PythonLibraryDirs: 
[1.227s] -- PythonLibVersionString: 3.10.12
[1.254s] -- Python site lib: lib/python3.10/dist-packages
[1.254s] -- Python include dirs: /usr/include/python3.10
[1.292s] -- Checking for NumPy
[1.455s] --   NUMPY_INCLUDE_DIRS=/home/ros/.local/lib/python3.10/site-packages/numpy/core/include
[1.628s] --   NUMPY_VERSION=1.26.4
[1.628s] -- NumPy include dir: /home/ros/.local/lib/python3.10/site-packages/numpy/core/include
[1.632s] [33mCMake Warning at /usr/share/cmake-3.22/Modules/FindBoost.cmake:2201 (message):
[1.632s]   No header defined for python310; skipping header check (note: header-only
[1.632s]   libraries have no designated component)
[1.632s] Call Stack (most recent call first):
[1.632s]   /opt/ros/humble/lib/x86_64-linux-gnu/cmake/eigenpy/boost.cmake:144 (find_package)
[1.632s]   /opt/ros/humble/lib/x86_64-linux-gnu/cmake/eigenpy/eigenpyConfig.cmake:149 (SEARCH_FOR_BOOST_PYTHON)
[1.632s]   /usr/share/cmake-3.22/Modules/CMakeFindDependencyMacro.cmake:47 (find_package)
[1.632s]   /opt/ros/humble/lib/x86_64-linux-gnu/cmake/pinocchio/pinocchioConfig.cmake:160 (find_dependency)
[1.632s]   CMakeLists.txt:33 (find_package)
[1.632s] 
[1.632s] [0m
[1.634s] -- Found Boost: /usr/include (found version "1.74.0") found components: python310 
[1.634s] -- Boost_PYTHON_LIBRARY: /usr/lib/x86_64-linux-gnu/libboost_python310.so
[1.849s] -- Default C++ standard: 201703
[1.849s] -- Minimal C++ standard upgraded to 11
[1.849s] -- C++ standard sufficient: Minimal required 11, currently defined: 17
[1.852s] -- hpp-fcl FOUND. hpp-fcl at /opt/ros/humble/lib/x86_64-linux-gnu/libhpp-fcl.so
[1.858s] -- Found Boost: /usr/include (found version "1.74.0") found components: chrono serialization 
[1.862s] -- C++ standard sufficient: Minimal required 11, currently defined: 17
[1.863s] -- C++ standard sufficient: Minimal required 11, currently defined: 17
[1.864s] -- Found hierarchical_optimization: 0.0.0 (/home/ros/docker_pronto_ws/install/hierarchical_optimization/share/hierarchical_optimization/cmake)
[1.868s] -- Found robot_model: 0.0.0 (/home/ros/docker_pronto_ws/install/robot_model/share/robot_model/cmake)
[1.883s] -- Found ament_lint_auto: 0.12.9 (/opt/ros/humble/share/ament_lint_auto/cmake)
[1.976s] -- Added test 'copyright' to check source files copyright and LICENSE
[1.979s] -- Added test 'cppcheck' to perform static code analysis on C / C++ code
[1.979s] -- Configured cppcheck include dirs: $<BUILD_INTERFACE:/home/ros/docker_pronto_ws/src/motion_control/whole_body_control/whole_body_controller/include>
[1.979s] -- Configured cppcheck exclude dirs and/or files: 
[1.980s] -- Added test 'cpplint' to check C / C++ code against the Google style
[1.980s] -- Configured cpplint exclude dirs and/or files: 
[1.982s] -- Added test 'lint_cmake' to check CMake code style
[1.983s] -- Added test 'uncrustify' to check C / C++ code style
[1.983s] -- Configured uncrustify additional arguments: 
[1.984s] -- Added test 'xmllint' to check XML markup files
[1.987s] -- Configuring done
[1.997s] -- Generating done
[1.998s] -- Build files have been written to: /home/ros/docker_pronto_ws/build/whole_body_controller
[2.005s] Invoked command in '/home/ros/docker_pronto_ws/build/whole_body_controller' returned '0': CMAKE_PREFIX_PATH=/home/ros/docker_pronto_ws/install/robot_model:/home/ros/docker_pronto_ws/install/hierarchical_optimization:/home/ros/docker_pronto_ws/install/ryml:/home/ros/docker_pronto_ws/install/quadprog:/home/ros/docker_pronto_ws/install/hqp_controller:/home/ros/docker_pronto_ws/install/whole_body_controller:/home/ros/docker_pronto_ws/install/teleoperate_robot:/home/ros/docker_pronto_ws/install/pronto_tuning:/home/ros/docker_pronto_ws/install/lip_walking_trot_planner:/home/ros/docker_pronto_ws/install/velocity_command_msgs:/home/ros/docker_pronto_ws/install/static_walk_planner:/home/ros/docker_pronto_ws/install/robot_gazebo:/home/ros/docker_pronto_ws/install/solo_description:/home/ros/docker_pronto_ws/install/rviz_legged_plugins:/home/ros/docker_pronto_ws/install/rviz_legged_msgs:/home/ros/docker_pronto_ws/install/anymal_c_simple_description:/home/ros/docker_pronto_ws/install/robot_control:/home/ros/docker_pronto_ws/install/pronto_ros2_controller:/home/ros/docker_pronto_ws/install/pronto_solo12:/home/ros/docker_pronto_ws/install/pronto_quadruped_ros:/home/ros/docker_pronto_ws/install/pronto_quadruped:/home/ros/docker_pronto_ws/install/pronto_utils:/home/ros/docker_pronto_ws/install/pronto_ros:/home/ros/docker_pronto_ws/install/pronto_quadruped_commons:/home/ros/docker_pronto_ws/install/pronto_msgs:/home/ros/docker_pronto_ws/install/pronto_core:/home/ros/docker_pronto_ws/install/pi3hat_moteus_int_msgs:/home/ros/docker_pronto_ws/install/generalized_pose_msgs:/opt/openrobots:/home/ros/docker_pronto_ws/install/planners_python:/home/ros/docker_pronto_ws/install/logger_gazebo:/home/ros/docker_pronto_ws/install/terrain_estimator:/home/ros/docker_pronto_ws/install/pose_estimator:/opt/ros/humble LD_LIBRARY_PATH=/home/ros/docker_pronto_ws/install/robot_model/lib:/home/ros/docker_pronto_ws/install/hierarchical_optimization/lib:/home/ros/docker_pronto_ws/install/ryml/lib:/home/ros/docker_pronto_ws/install/quadprog/lib:/home/ros/docker_pronto_ws/install/hqp_controller/lib:/home/ros/docker_pronto_ws/install/whole_body_controller/lib:/home/ros/docker_pronto_ws/install/teleoperate_robot/lib:/home/ros/docker_pronto_ws/install/lip_walking_trot_planner/lib:/home/ros/docker_pronto_ws/install/velocity_command_msgs/lib:/home/ros/docker_pronto_ws/install/static_walk_planner/lib:/home/ros/docker_pronto_ws/install/rviz_legged_plugins/lib:/home/ros/docker_pronto_ws/install/rviz_legged_msgs/lib:/home/ros/docker_pronto_ws/install/pronto_ros2_controller/lib:/home/ros/docker_pronto_ws/install/pronto_solo12/lib:/home/ros/docker_pronto_ws/install/pronto_quadruped_ros/lib:/home/ros/docker_pronto_ws/install/pronto_quadruped/lib:/home/ros/docker_pronto_ws/install/pronto_utils/lib:/home/ros/docker_pronto_ws/install/pronto_ros/lib:/home/ros/docker_pronto_ws/install/pronto_msgs/lib:/home/ros/docker_pronto_ws/install/pronto_core/lib:/home/ros/docker_pronto_ws/install/pi3hat_moteus_int_msgs/lib:/home/ros/docker_pronto_ws/install/generalized_pose_msgs/lib:/usr/lib/x86_64-linux-gnu/gazebo-11/plugins:/opt/ros/humble/opt/rviz_ogre_vendor/lib:/opt/ros/humble/lib/x86_64-linux-gnu:/opt/ros/humble/lib:/opt/openrobots/lib:/usr/share/gazebo/../../lib/x86_64-linux-gnu/gazebo-11/plugins /usr/bin/cmake /home/ros/docker_pronto_ws/src/motion_control/whole_body_control/whole_body_controller -DCMAKE_BUILD_TYPE=Release -DCMAKE_EXPORT_COMPILE_COMMANDS=ON -DAMENT_CMAKE_SYMLINK_INSTALL=1 -DCMAKE_INSTALL_PREFIX=/home/ros/docker_pronto_ws/install/whole_body_controller
[2.006s] Invoking command in '/home/ros/docker_pronto_ws/build/whole_body_controller': CMAKE_PREFIX_PATH=/home/ros/docker_pronto_ws/install/robot_model:/home/ros/docker_pronto_ws/install/hierarchical_optimization:/home/ros/docker_pronto_ws/install/ryml:/home/ros/docker_pronto_ws/install/quadprog:/home/ros/docker_pronto_ws/install/hqp_controller:/home/ros/docker_pronto_ws/install/whole_body_controller:/home/ros/docker_pronto_ws/install/teleoperate_robot:/home/ros/docker_pronto_ws/install/pronto_tuning:/home/ros/docker_pronto_ws/install/lip_walking_trot_planner:/home/ros/docker_pronto_ws/install/velocity_command_msgs:/home/ros/docker_pronto_ws/install/static_walk_planner:/home/ros/docker_pronto_ws/install/robot_gazebo:/home/ros/docker_pronto_ws/install/solo_description:/home/ros/docker_pronto_ws/install/rviz_legged_plugins:/home/ros/docker_pronto_ws/install/rviz_legged_msgs:/home/ros/docker_pronto_ws/install/anymal_c_simple_description:/home/ros/docker_pronto_ws/install/robot_control:/home/ros/docker_pronto_ws/install/pronto_ros2_controller:/home/ros/docker_pronto_ws/install/pronto_solo12:/home/ros/docker_pronto_ws/install/pronto_quadruped_ros:/home/ros/docker_pronto_ws/install/pronto_quadruped:/home/ros/docker_pronto_ws/install/pronto_utils:/home/ros/docker_pronto_ws/install/pronto_ros:/home/ros/docker_pronto_ws/install/pronto_quadruped_commons:/home/ros/docker_pronto_ws/install/pronto_msgs:/home/ros/docker_pronto_ws/install/pronto_core:/home/ros/docker_pronto_ws/install/pi3hat_moteus_int_msgs:/home/ros/docker_pronto_ws/install/generalized_pose_msgs:/opt/openrobots:/home/ros/docker_pronto_ws/install/planners_python:/home/ros/docker_pronto_ws/install/logger_gazebo:/home/ros/docker_pronto_ws/install/terrain_estimator:/home/ros/docker_pronto_ws/install/pose_estimator:/opt/ros/humble LD_LIBRARY_PATH=/home/ros/docker_pronto_ws/install/robot_model/lib:/home/ros/docker_pronto_ws/install/hierarchical_optimization/lib:/home/ros/docker_pronto_ws/install/ryml/lib:/home/ros/docker_pronto_ws/install/quadprog/lib:/home/ros/docker_pronto_ws/install/hqp_controller/lib:/home/ros/docker_pronto_ws/install/whole_body_controller/lib:/home/ros/docker_pronto_ws/install/teleoperate_robot/lib:/home/ros/docker_pronto_ws/install/lip_walking_trot_planner/lib:/home/ros/docker_pronto_ws/install/velocity_command_msgs/lib:/home/ros/docker_pronto_ws/install/static_walk_planner/lib:/home/ros/docker_pronto_ws/install/rviz_legged_plugins/lib:/home/ros/docker_pronto_ws/install/rviz_legged_msgs/lib:/home/ros/docker_pronto_ws/install/pronto_ros2_controller/lib:/home/ros/docker_pronto_ws/install/pronto_solo12/lib:/home/ros/docker_pronto_ws/install/pronto_quadruped_ros/lib:/home/ros/docker_pronto_ws/install/pronto_quadruped/lib:/home/ros/docker_pronto_ws/install/pronto_utils/lib:/home/ros/docker_pronto_ws/install/pronto_ros/lib:/home/ros/docker_pronto_ws/install/pronto_msgs/lib:/home/ros/docker_pronto_ws/install/pronto_core/lib:/home/ros/docker_pronto_ws/install/pi3hat_moteus_int_msgs/lib:/home/ros/docker_pronto_ws/install/generalized_pose_msgs/lib:/usr/lib/x86_64-linux-gnu/gazebo-11/plugins:/opt/ros/humble/opt/rviz_ogre_vendor/lib:/opt/ros/humble/lib/x86_64-linux-gnu:/opt/ros/humble/lib:/opt/openrobots/lib:/usr/share/gazebo/../../lib/x86_64-linux-gnu/gazebo-11/plugins /usr/bin/cmake --build /home/ros/docker_pronto_ws/build/whole_body_controller -- -j16 -l16
[2.043s] [  7%] [32mBuilding CXX object CMakeFiles/whole_body_controller.dir/src/deformations_history_manager.cpp.o[0m
[2.043s] [ 15%] [32mBuilding CXX object CMakeFiles/whole_body_controller.dir/src/control_tasks.cpp.o[0m
[2.043s] [ 23%] [32mBuilding CXX object CMakeFiles/whole_body_controller.dir/src/prioritized_tasks.cpp.o[0m
[2.044s] [ 30%] [32mBuilding CXX object CMakeFiles/whole_body_controller.dir/src/whole_body_controller.cpp.o[0m
[9.331s] [ 38%] [32m[1mLinking CXX shared library libwhole_body_controller.so[0m
[9.395s] [ 38%] Built target whole_body_controller
[9.413s] [ 53%] [32mBuilding CXX object CMakeFiles/TestControlTasks.dir/test/test_control_tasks.cpp.o[0m
[9.413s] [ 53%] [32mBuilding CXX object CMakeFiles/TestDeformationsHistoryManager.dir/test/test_deformations_history_manager.cpp.o[0m
[9.413s] [ 61%] [32mBuilding CXX object CMakeFiles/TestPrioritizedTasks.dir/test/test_prioritized_tasks.cpp.o[0m
[9.413s] [ 69%] [32mBuilding CXX object CMakeFiles/TestWBC.dir/test/test_whole_body_controller.cpp.o[0m
[10.304s] [ 76%] [32m[1mLinking CXX executable TestDeformationsHistoryManager[0m
[10.374s] [ 76%] Built target TestDeformationsHistoryManager
[13.378s] [ 84%] [32m[1mLinking CXX executable TestPrioritizedTasks[0m
[13.444s] [ 84%] Built target TestPrioritizedTasks
[13.633s] [ 92%] [32m[1mLinking CXX executable TestWBC[0m
[13.698s] [ 92%] Built target TestWBC
[14.293s] [100%] [32m[1mLinking CXX executable TestControlTasks[0m
[14.356s] [100%] Built target TestControlTasks
[14.364s] Invoked command in '/home/ros/docker_pronto_ws/build/whole_body_controller' returned '0': CMAKE_PREFIX_PATH=/home/ros/docker_pronto_ws/install/robot_model:/home/ros/docker_pronto_ws/install/hierarchical_optimization:/home/ros/docker_pronto_ws/install/ryml:/home/ros/docker_pronto_ws/install/quadprog:/home/ros/docker_pronto_ws/install/hqp_controller:/home/ros/docker_pronto_ws/install/whole_body_controller:/home/ros/docker_pronto_ws/install/teleoperate_robot:/home/ros/docker_pronto_ws/install/pronto_tuning:/home/ros/docker_pronto_ws/install/lip_walking_trot_planner:/home/ros/docker_pronto_ws/install/velocity_command_msgs:/home/ros/docker_pronto_ws/install/static_walk_planner:/home/ros/docker_pronto_ws/install/robot_gazebo:/home/ros/docker_pronto_ws/install/solo_description:/home/ros/docker_pronto_ws/install/rviz_legged_plugins:/home/ros/docker_pronto_ws/install/rviz_legged_msgs:/home/ros/docker_pronto_ws/install/anymal_c_simple_description:/home/ros/docker_pronto_ws/install/robot_control:/home/ros/docker_pronto_ws/install/pronto_ros2_controller:/home/ros/docker_pronto_ws/install/pronto_solo12:/home/ros/docker_pronto_ws/install/pronto_quadruped_ros:/home/ros/docker_pronto_ws/install/pronto_quadruped:/home/ros/docker_pronto_ws/install/pronto_utils:/home/ros/docker_pronto_ws/install/pronto_ros:/home/ros/docker_pronto_ws/install/pronto_quadruped_commons:/home/ros/docker_pronto_ws/install/pronto_msgs:/home/ros/docker_pronto_ws/install/pronto_core:/home/ros/docker_pronto_ws/install/pi3hat_moteus_int_msgs:/home/ros/docker_pronto_ws/install/generalized_pose_msgs:/opt/openrobots:/home/ros/docker_pronto_ws/install/planners_python:/home/ros/docker_pronto_ws/install/logger_gazebo:/home/ros/docker_pronto_ws/install/terrain_estimator:/home/ros/docker_pronto_ws/install/pose_estimator:/opt/ros/humble LD_LIBRARY_PATH=/home/ros/docker_pronto_ws/install/robot_model/lib:/home/ros/docker_pronto_ws/install/hierarchical_optimization/lib:/home/ros/docker_pronto_ws/install/ryml/lib:/home/ros/docker_pronto_ws/install/quadprog/lib:/home/ros/docker_pronto_ws/install/hqp_controller/lib:/home/ros/docker_pronto_ws/install/whole_body_controller/lib:/home/ros/docker_pronto_ws/install/teleoperate_robot/lib:/home/ros/docker_pronto_ws/install/lip_walking_trot_planner/lib:/home/ros/docker_pronto_ws/install/velocity_command_msgs/lib:/home/ros/docker_pronto_ws/install/static_walk_planner/lib:/home/ros/docker_pronto_ws/install/rviz_legged_plugins/lib:/home/ros/docker_pronto_ws/install/rviz_legged_msgs/lib:/home/ros/docker_pronto_ws/install/pronto_ros2_controller/lib:/home/ros/docker_pronto_ws/install/pronto_solo12/lib:/home/ros/docker_pronto_ws/install/pronto_quadruped_ros/lib:/home/ros/docker_pronto_ws/install/pronto_quadruped/lib:/home/ros/docker_pronto_ws/install/pronto_utils/lib:/home/ros/docker_pronto_ws/install/pronto_ros/lib:/home/ros/docker_pronto_ws/install/pronto_msgs/lib:/home/ros/docker_pronto_ws/install/pronto_core/lib:/home/ros/docker_pronto_ws/install/pi3hat_moteus_int_msgs/lib:/home/ros/docker_pronto_ws/install/generalized_pose_msgs/lib:/usr/lib/x86_64-linux-gnu/gazebo-11/plugins:/opt/ros/humble/opt/rviz_ogre_vendor/lib:/opt/ros/humble/lib/x86_64-linux-gnu:/opt/ros/humble/lib:/opt/openrobots/lib:/usr/share/gazebo/../../lib/x86_64-linux-gnu/gazebo-11/plugins /usr/bin/cmake --build /home/ros/docker_pronto_ws/build/whole_body_controller -- -j16 -l16
[14.416s] Invoking command in '/home/ros/docker_pronto_ws/build/whole_body_controller': CMAKE_PREFIX_PATH=/home/ros/docker_pronto_ws/install/robot_model:/home/ros/docker_pronto_ws/install/hierarchical_optimization:/home/ros/docker_pronto_ws/install/ryml:/home/ros/docker_pronto_ws/install/quadprog:/home/ros/docker_pronto_ws/install/hqp_controller:/home/ros/docker_pronto_ws/install/whole_body_controller:/home/ros/docker_pronto_ws/install/teleoperate_robot:/home/ros/docker_pronto_ws/install/pronto_tuning:/home/ros/docker_pronto_ws/install/lip_walking_trot_planner:/home/ros/docker_pronto_ws/install/velocity_command_msgs:/home/ros/docker_pronto_ws/install/static_walk_planner:/home/ros/docker_pronto_ws/install/robot_gazebo:/home/ros/docker_pronto_ws/install/solo_description:/home/ros/docker_pronto_ws/install/rviz_legged_plugins:/home/ros/docker_pronto_ws/install/rviz_legged_msgs:/home/ros/docker_pronto_ws/install/anymal_c_simple_description:/home/ros/docker_pronto_ws/install/robot_control:/home/ros/docker_pronto_ws/install/pronto_ros2_controller:/home/ros/docker_pronto_ws/install/pronto_solo12:/home/ros/docker_pronto_ws/install/pronto_quadruped_ros:/home/ros/docker_pronto_ws/install/pronto_quadruped:/home/ros/docker_pronto_ws/install/pronto_utils:/home/ros/docker_pronto_ws/install/pronto_ros:/home/ros/docker_pronto_ws/install/pronto_quadruped_commons:/home/ros/docker_pronto_ws/install/pronto_msgs:/home/ros/docker_pronto_ws/install/pronto_core:/home/ros/docker_pronto_ws/install/pi3hat_moteus_int_msgs:/home/ros/docker_pronto_ws/install/generalized_pose_msgs:/opt/openrobots:/home/ros/docker_pronto_ws/install/planners_python:/home/ros/docker_pronto_ws/install/logger_gazebo:/home/ros/docker_pronto_ws/install/terrain_estimator:/home/ros/docker_pronto_ws/install/pose_estimator:/opt/ros/humble LD_LIBRARY_PATH=/home/ros/docker_pronto_ws/install/robot_model/lib:/home/ros/docker_pronto_ws/install/hierarchical_optimization/lib:/home/ros/docker_pronto_ws/install/ryml/lib:/home/ros/docker_pronto_ws/install/quadprog/lib:/home/ros/docker_pronto_ws/install/hqp_controller/lib:/home/ros/docker_pronto_ws/install/whole_body_controller/lib:/home/ros/docker_pronto_ws/install/teleoperate_robot/lib:/home/ros/docker_pronto_ws/install/lip_walking_trot_planner/lib:/home/ros/docker_pronto_ws/install/velocity_command_msgs/lib:/home/ros/docker_pronto_ws/install/static_walk_planner/lib:/home/ros/docker_pronto_ws/install/rviz_legged_plugins/lib:/home/ros/docker_pronto_ws/install/rviz_legged_msgs/lib:/home/ros/docker_pronto_ws/install/pronto_ros2_controller/lib:/home/ros/docker_pronto_ws/install/pronto_solo12/lib:/home/ros/docker_pronto_ws/install/pronto_quadruped_ros/lib:/home/ros/docker_pronto_ws/install/pronto_quadruped/lib:/home/ros/docker_pronto_ws/install/pronto_utils/lib:/home/ros/docker_pronto_ws/install/pronto_ros/lib:/home/ros/docker_pronto_ws/install/pronto_msgs/lib:/home/ros/docker_pronto_ws/install/pronto_core/lib:/home/ros/docker_pronto_ws/install/pi3hat_moteus_int_msgs/lib:/home/ros/docker_pronto_ws/install/generalized_pose_msgs/lib:/usr/lib/x86_64-linux-gnu/gazebo-11/plugins:/opt/ros/humble/opt/rviz_ogre_vendor/lib:/opt/ros/humble/lib/x86_64-linux-gnu:/opt/ros/humble/lib:/opt/openrobots/lib:/usr/share/gazebo/../../lib/x86_64-linux-gnu/gazebo-11/plugins /usr/bin/cmake --install /home/ros/docker_pronto_ws/build/whole_body_controller
[14.421s] -- Install configuration: "Release"
[14.421s] -- Execute custom install script
[14.424s] -- Symlinking: /home/ros/docker_pronto_ws/install/whole_body_controller/share/whole_body_controller/environment/library_path.sh
[14.430s] -- Symlinking: /home/ros/docker_pronto_ws/install/whole_body_controller/share/whole_body_controller/environment/library_path.dsv
[14.436s] -- Symlinking: /home/ros/docker_pronto_ws/install/whole_body_controller/include/whole_body_controller/whole_body_controller/control_tasks.hpp
[14.441s] -- Symlinking: /home/ros/docker_pronto_ws/install/whole_body_controller/include/whole_body_controller/whole_body_controller/deformations_history_manager.hpp
[14.447s] -- Symlinking: /home/ros/docker_pronto_ws/install/whole_body_controller/include/whole_body_controller/whole_body_controller/prioritized_tasks.hpp
[14.452s] -- Symlinking: /home/ros/docker_pronto_ws/install/whole_body_controller/include/whole_body_controller/whole_body_controller/whole_body_controller.hpp
[14.458s] -- Symlinking: /home/ros/docker_pronto_ws/install/whole_body_controller/share/ament_index/resource_index/package_run_dependencies/whole_body_controller
[14.464s] -- Symlinking: /home/ros/docker_pronto_ws/install/whole_body_controller/share/ament_index/resource_index/parent_prefix_path/whole_body_controller
[14.469s] -- Symlinking: /home/ros/docker_pronto_ws/install/whole_body_controller/share/whole_body_controller/environment/ament_prefix_path.sh
[14.474s] -- Symlinking: /home/ros/docker_pronto_ws/install/whole_body_controller/share/whole_body_controller/environment/ament_prefix_path.dsv
[14.480s] -- Symlinking: /home/ros/docker_pronto_ws/install/whole_body_controller/share/whole_body_controller/environment/path.sh
[14.486s] -- Symlinking: /home/ros/docker_pronto_ws/install/whole_body_controller/share/whole_body_controller/environment/path.dsv
[14.491s] -- Symlinking: /home/ros/docker_pronto_ws/install/whole_body_controller/share/whole_body_controller/local_setup.bash
[14.497s] -- Symlinking: /home/ros/docker_pronto_ws/install/whole_body_controller/share/whole_body_controller/local_setup.sh
[14.502s] -- Symlinking: /home/ros/docker_pronto_ws/install/whole_body_controller/share/whole_body_controller/local_setup.zsh
[14.507s] -- Symlinking: /home/ros/docker_pronto_ws/install/whole_body_controller/share/whole_body_controller/local_setup.dsv
[14.513s] -- Symlinking: /home/ros/docker_pronto_ws/install/whole_body_controller/share/whole_body_controller/package.dsv
[14.521s] -- Symlinking: /home/ros/docker_pronto_ws/install/whole_body_controller/share/ament_index/resource_index/packages/whole_body_controller
[14.527s] -- Symlinking: /home/ros/docker_pronto_ws/install/whole_body_controller/share/whole_body_controller/cmake/ament_cmake_export_targets-extras.cmake
[14.532s] -- Symlinking: /home/ros/docker_pronto_ws/install/whole_body_controller/share/whole_body_controller/cmake/ament_cmake_export_dependencies-extras.cmake
[14.537s] -- Symlinking: /home/ros/docker_pronto_ws/install/whole_body_controller/share/whole_body_controller/cmake/whole_body_controllerConfig.cmake
[14.543s] -- Symlinking: /home/ros/docker_pronto_ws/install/whole_body_controller/share/whole_body_controller/cmake/whole_body_controllerConfig-version.cmake
[14.548s] -- Symlinking: /home/ros/docker_pronto_ws/install/whole_body_controller/share/whole_body_controller/package.xml
[14.554s] -- Installing: /home/ros/docker_pronto_ws/install/whole_body_controller/lib/libwhole_body_controller.so
[14.554s] -- Set runtime path of "/home/ros/docker_pronto_ws/install/whole_body_controller/lib/libwhole_body_controller.so" to ""
[14.554s] -- Installing: /home/ros/docker_pronto_ws/install/whole_body_controller/share/whole_body_controller/cmake/whole_body_controller_targetsExport.cmake
[14.554s] -- Installing: /home/ros/docker_pronto_ws/install/whole_body_controller/share/whole_body_controller/cmake/whole_body_controller_targetsExport-release.cmake
[14.556s] Invoked command in '/home/ros/docker_pronto_ws/build/whole_body_controller' returned '0': CMAKE_PREFIX_PATH=/home/ros/docker_pronto_ws/install/robot_model:/home/ros/docker_pronto_ws/install/hierarchical_optimization:/home/ros/docker_pronto_ws/install/ryml:/home/ros/docker_pronto_ws/install/quadprog:/home/ros/docker_pronto_ws/install/hqp_controller:/home/ros/docker_pronto_ws/install/whole_body_controller:/home/ros/docker_pronto_ws/install/teleoperate_robot:/home/ros/docker_pronto_ws/install/pronto_tuning:/home/ros/docker_pronto_ws/install/lip_walking_trot_planner:/home/ros/docker_pronto_ws/install/velocity_command_msgs:/home/ros/docker_pronto_ws/install/static_walk_planner:/home/ros/docker_pronto_ws/install/robot_gazebo:/home/ros/docker_pronto_ws/install/solo_description:/home/ros/docker_pronto_ws/install/rviz_legged_plugins:/home/ros/docker_pronto_ws/install/rviz_legged_msgs:/home/ros/docker_pronto_ws/install/anymal_c_simple_description:/home/ros/docker_pronto_ws/install/robot_control:/home/ros/docker_pronto_ws/install/pronto_ros2_controller:/home/ros/docker_pronto_ws/install/pronto_solo12:/home/ros/docker_pronto_ws/install/pronto_quadruped_ros:/home/ros/docker_pronto_ws/install/pronto_quadruped:/home/ros/docker_pronto_ws/install/pronto_utils:/home/ros/docker_pronto_ws/install/pronto_ros:/home/ros/docker_pronto_ws/install/pronto_quadruped_commons:/home/ros/docker_pronto_ws/install/pronto_msgs:/home/ros/docker_pronto_ws/install/pronto_core:/home/ros/docker_pronto_ws/install/pi3hat_moteus_int_msgs:/home/ros/docker_pronto_ws/install/generalized_pose_msgs:/opt/openrobots:/home/ros/docker_pronto_ws/install/planners_python:/home/ros/docker_pronto_ws/install/logger_gazebo:/home/ros/docker_pronto_ws/install/terrain_estimator:/home/ros/docker_pronto_ws/install/pose_estimator:/opt/ros/humble LD_LIBRARY_PATH=/home/ros/docker_pronto_ws/install/robot_model/lib:/home/ros/docker_pronto_ws/install/hierarchical_optimization/lib:/home/ros/docker_pronto_ws/install/ryml/lib:/home/ros/docker_pronto_ws/install/quadprog/lib:/home/ros/docker_pronto_ws/install/hqp_controller/lib:/home/ros/docker_pronto_ws/install/whole_body_controller/lib:/home/ros/docker_pronto_ws/install/teleoperate_robot/lib:/home/ros/docker_pronto_ws/install/lip_walking_trot_planner/lib:/home/ros/docker_pronto_ws/install/velocity_command_msgs/lib:/home/ros/docker_pronto_ws/install/static_walk_planner/lib:/home/ros/docker_pronto_ws/install/rviz_legged_plugins/lib:/home/ros/docker_pronto_ws/install/rviz_legged_msgs/lib:/home/ros/docker_pronto_ws/install/pronto_ros2_controller/lib:/home/ros/docker_pronto_ws/install/pronto_solo12/lib:/home/ros/docker_pronto_ws/install/pronto_quadruped_ros/lib:/home/ros/docker_pronto_ws/install/pronto_quadruped/lib:/home/ros/docker_pronto_ws/install/pronto_utils/lib:/home/ros/docker_pronto_ws/install/pronto_ros/lib:/home/ros/docker_pronto_ws/install/pronto_msgs/lib:/home/ros/docker_pronto_ws/install/pronto_core/lib:/home/ros/docker_pronto_ws/install/pi3hat_moteus_int_msgs/lib:/home/ros/docker_pronto_ws/install/generalized_pose_msgs/lib:/usr/lib/x86_64-linux-gnu/gazebo-11/plugins:/opt/ros/humble/opt/rviz_ogre_vendor/lib:/opt/ros/humble/lib/x86_64-linux-gnu:/opt/ros/humble/lib:/opt/openrobots/lib:/usr/share/gazebo/../../lib/x86_64-linux-gnu/gazebo-11/plugins /usr/bin/cmake --install /home/ros/docker_pronto_ws/build/whole_body_controller
