-- The C compiler identification is GNU 11.4.0
-- The CXX compiler identification is GNU 11.4.0
-- Detecting C compiler ABI info
-- Detecting C compiler ABI info - done
-- Check for working C compiler: /usr/bin/cc - skipped
-- Detecting C compile features
-- Detecting C compile features - done
-- Detecting CXX compiler ABI info
-- Detecting CXX compiler ABI info - done
-- Check for working CXX compiler: /usr/bin/c++ - skipped
-- Detecting CXX compile features
-- Detecting CXX compile features - done
-- Found ament_cmake: 1.3.6 (/opt/ros/humble/share/ament_cmake/cmake)
-- Found Python3: /usr/bin/python3.10 (found version "3.10.12") found components: Interpreter 
-- Override CMake install command with custom implementation using symlinks instead of copying resources
-- Found rclcpp: 16.0.7 (/opt/ros/humble/share/rclcpp/cmake)
-- Found rosidl_generator_c: 3.1.5 (/opt/ros/humble/share/rosidl_generator_c/cmake)
-- Found rosidl_adapter: 3.1.5 (/opt/ros/humble/share/rosidl_adapter/cmake)
-- Found rosidl_generator_cpp: 3.1.5 (/opt/ros/humble/share/rosidl_generator_cpp/cmake)
-- Using all available rosidl_typesupport_c: rosidl_typesupport_fastrtps_c;rosidl_typesupport_introspection_c
-- Using all available rosidl_typesupport_cpp: rosidl_typesupport_fastrtps_cpp;rosidl_typesupport_introspection_cpp
-- Found rmw_implementation_cmake: 6.1.1 (/opt/ros/humble/share/rmw_implementation_cmake/cmake)
-- Found rmw_fastrtps_cpp: 6.2.5 (/opt/ros/humble/share/rmw_fastrtps_cpp/cmake)
-- Found OpenSSL: /usr/lib/x86_64-linux-gnu/libcrypto.so (found version "3.0.2")  
-- Found FastRTPS: /opt/ros/humble/include  
-- Using RMW implementation 'rmw_fastrtps_cpp' as default
-- Looking for pthread.h
-- Looking for pthread.h - found
-- Performing Test CMAKE_HAVE_LIBC_PTHREAD
-- Performing Test CMAKE_HAVE_LIBC_PTHREAD - Success
-- Found Threads: TRUE  
-- Found gazebo_msgs: 3.7.0 (/opt/ros/humble/share/gazebo_msgs/cmake)
-- Found generalized_pose_msgs: 0.0.0 (/home/ros/docker_pronto_ws/install/generalized_pose_msgs/share/generalized_pose_msgs/cmake)
-- Found sensor_msgs: 4.2.3 (/opt/ros/humble/share/sensor_msgs/cmake)
-- Found velocity_command_msgs: 0.0.0 (/home/ros/docker_pronto_ws/install/velocity_command_msgs/share/velocity_command_msgs/cmake)
-- Found ament_lint_auto: 0.12.9 (/opt/ros/humble/share/ament_lint_auto/cmake)
-- Added test 'copyright' to check source files copyright and LICENSE
-- Added test 'cppcheck' to perform static code analysis on C / C++ code
-- Configured cppcheck include dirs: $<BUILD_INTERFACE:/home/ros/docker_pronto_ws/src/motion_control/motion_generation/teleoperate_robot/include>
-- Configured cppcheck exclude dirs and/or files: 
-- Added test 'cpplint' to check C / C++ code against the Google style
-- Configured cpplint exclude dirs and/or files: 
-- Added test 'flake8' to check Python code syntax and style conventions
-- Added test 'lint_cmake' to check CMake code style
-- Added test 'pep257' to check Python code against some of the docstring style conventions in PEP 257
-- Added test 'uncrustify' to check C / C++ code style
-- Configured uncrustify additional arguments: 
-- Added test 'xmllint' to check XML markup files
-- Configuring done
-- Generating done
-- Build files have been written to: /home/ros/docker_pronto_ws/build/teleoperate_robot
[ 25%] [32mBuilding CXX object CMakeFiles/teleop_velocity_command_node.dir/src/teleop_velocity_command_node.cpp.o[0m
[ 50%] [32mBuilding CXX object CMakeFiles/teleop_robot_base_node.dir/src/teleop_robot_base_node.cpp.o[0m
[ 75%] [32m[1mLinking CXX executable teleop_velocity_command_node[0m
[ 75%] Built target teleop_velocity_command_node
[100%] [32m[1mLinking CXX executable teleop_robot_base_node[0m
[100%] Built target teleop_robot_base_node
-- Install configuration: "Release"
-- Execute custom install script
-- Symlinking: /home/ros/docker_pronto_ws/install/teleoperate_robot/share/teleoperate_robot/environment/library_path.sh
-- Symlinking: /home/ros/docker_pronto_ws/install/teleoperate_robot/share/teleoperate_robot/environment/library_path.dsv
-- Symlinking: /home/ros/docker_pronto_ws/install/teleoperate_robot/include/teleoperate_robot/teleoperate_robot/keyboard_reader.hpp
-- Symlinking: /home/ros/docker_pronto_ws/install/teleoperate_robot/include/teleoperate_robot/teleoperate_robot/quat_math.h
-- Symlinking: /home/ros/docker_pronto_ws/install/teleoperate_robot/include/teleoperate_robot/teleoperate_robot/teleop_robot.tpp
-- Symlinking: /home/ros/docker_pronto_ws/install/teleoperate_robot/include/teleoperate_robot/teleoperate_robot/teleop_robot_base_node.hpp
-- Symlinking: /home/ros/docker_pronto_ws/install/teleoperate_robot/include/teleoperate_robot/teleoperate_robot/teleop_velocity_command_node.hpp
-- Symlinking: /home/ros/docker_pronto_ws/install/teleoperate_robot/share/teleoperate_robot/launch/teleop_robot_base.launch.py
-- Symlinking: /home/ros/docker_pronto_ws/install/teleoperate_robot/share/teleoperate_robot/launch/teleop_velocity_command.launch.py
-- Up-to-date symlink: /home/ros/docker_pronto_ws/install/teleoperate_robot/include/teleoperate_robot/teleoperate_robot/keyboard_reader.hpp
-- Up-to-date symlink: /home/ros/docker_pronto_ws/install/teleoperate_robot/include/teleoperate_robot/teleoperate_robot/quat_math.h
-- Up-to-date symlink: /home/ros/docker_pronto_ws/install/teleoperate_robot/include/teleoperate_robot/teleoperate_robot/teleop_robot.tpp
-- Up-to-date symlink: /home/ros/docker_pronto_ws/install/teleoperate_robot/include/teleoperate_robot/teleoperate_robot/teleop_robot_base_node.hpp
-- Up-to-date symlink: /home/ros/docker_pronto_ws/install/teleoperate_robot/include/teleoperate_robot/teleoperate_robot/teleop_velocity_command_node.hpp
-- Up-to-date symlink: /home/ros/docker_pronto_ws/install/teleoperate_robot/share/teleoperate_robot/launch/teleop_robot_base.launch.py
-- Up-to-date symlink: /home/ros/docker_pronto_ws/install/teleoperate_robot/share/teleoperate_robot/launch/teleop_velocity_command.launch.py
-- Symlinking: /home/ros/docker_pronto_ws/install/teleoperate_robot/share/ament_index/resource_index/package_run_dependencies/teleoperate_robot
-- Symlinking: /home/ros/docker_pronto_ws/install/teleoperate_robot/share/ament_index/resource_index/parent_prefix_path/teleoperate_robot
-- Symlinking: /home/ros/docker_pronto_ws/install/teleoperate_robot/share/teleoperate_robot/environment/ament_prefix_path.sh
-- Symlinking: /home/ros/docker_pronto_ws/install/teleoperate_robot/share/teleoperate_robot/environment/ament_prefix_path.dsv
-- Symlinking: /home/ros/docker_pronto_ws/install/teleoperate_robot/share/teleoperate_robot/environment/path.sh
-- Symlinking: /home/ros/docker_pronto_ws/install/teleoperate_robot/share/teleoperate_robot/environment/path.dsv
-- Symlinking: /home/ros/docker_pronto_ws/install/teleoperate_robot/share/teleoperate_robot/local_setup.bash
-- Symlinking: /home/ros/docker_pronto_ws/install/teleoperate_robot/share/teleoperate_robot/local_setup.sh
-- Symlinking: /home/ros/docker_pronto_ws/install/teleoperate_robot/share/teleoperate_robot/local_setup.zsh
-- Symlinking: /home/ros/docker_pronto_ws/install/teleoperate_robot/share/teleoperate_robot/local_setup.dsv
-- Symlinking: /home/ros/docker_pronto_ws/install/teleoperate_robot/share/teleoperate_robot/package.dsv
-- Symlinking: /home/ros/docker_pronto_ws/install/teleoperate_robot/share/ament_index/resource_index/packages/teleoperate_robot
-- Symlinking: /home/ros/docker_pronto_ws/install/teleoperate_robot/share/teleoperate_robot/cmake/ament_cmake_export_targets-extras.cmake
-- Symlinking: /home/ros/docker_pronto_ws/install/teleoperate_robot/share/teleoperate_robot/cmake/ament_cmake_export_dependencies-extras.cmake
-- Symlinking: /home/ros/docker_pronto_ws/install/teleoperate_robot/share/teleoperate_robot/cmake/teleoperate_robotConfig.cmake
-- Symlinking: /home/ros/docker_pronto_ws/install/teleoperate_robot/share/teleoperate_robot/cmake/teleoperate_robotConfig-version.cmake
-- Symlinking: /home/ros/docker_pronto_ws/install/teleoperate_robot/share/teleoperate_robot/package.xml
-- Installing: /home/ros/docker_pronto_ws/install/teleoperate_robot/lib/teleoperate_robot/teleop_robot_base_node
-- Set runtime path of "/home/ros/docker_pronto_ws/install/teleoperate_robot/lib/teleoperate_robot/teleop_robot_base_node" to ""
-- Installing: /home/ros/docker_pronto_ws/install/teleoperate_robot/lib/teleoperate_robot/teleop_velocity_command_node
-- Set runtime path of "/home/ros/docker_pronto_ws/install/teleoperate_robot/lib/teleoperate_robot/teleop_velocity_command_node" to ""
-- Installing: /home/ros/docker_pronto_ws/install/teleoperate_robot/share/teleoperate_robot/cmake/teleop_robot_base_node_targetsExport.cmake
-- Installing: /home/ros/docker_pronto_ws/install/teleoperate_robot/share/teleoperate_robot/cmake/teleop_robot_base_node_targetsExport-release.cmake
-- Installing: /home/ros/docker_pronto_ws/install/teleoperate_robot/share/teleoperate_robot/cmake/teleop_velocity_command_node_targetsExport.cmake
-- Installing: /home/ros/docker_pronto_ws/install/teleoperate_robot/share/teleoperate_robot/cmake/teleop_velocity_command_node_targetsExport-release.cmake
