[0.087s] DEBUG:colcon:Command line arguments: ['/usr/bin/colcon', 'build', '--symlink-install']
[0.087s] DEBUG:colcon:Parsed command line arguments: Namespace(log_base=None, log_level=None, verb_name='build', build_base='build', install_base='install', merge_install=False, symlink_install=True, test_result_base=None, continue_on_error=False, executor='parallel', parallel_workers=20, event_handlers=None, ignore_user_meta=False, metas=['./colcon.meta'], base_paths=['.'], packages_ignore=None, packages_ignore_regex=None, paths=None, packages_up_to=None, packages_up_to_regex=None, packages_above=None, packages_above_and_dependencies=None, packages_above_depth=None, packages_select_by_dep=None, packages_skip_by_dep=None, packages_skip_up_to=None, packages_select_build_failed=False, packages_skip_build_finished=False, packages_select_test_failures=False, packages_skip_test_passed=False, packages_select=None, packages_skip=None, packages_select_regex=None, packages_skip_regex=None, packages_start=None, packages_end=None, allow_overriding=[], cmake_args=None, cmake_target=None, cmake_target_skip_unavailable=False, cmake_clean_cache=False, cmake_clean_first=False, cmake_force_configure=False, ament_cmake_args=None, catkin_cmake_args=None, catkin_skip_building_tests=False, verb_parser=<colcon_defaults.argument_parser.defaults.DefaultArgumentsDecorator object at 0x77d61ae50af0>, verb_extension=<colcon_core.verb.build.BuildVerb object at 0x77d61ae505e0>, main=<bound method BuildVerb.main of <colcon_core.verb.build.BuildVerb object at 0x77d61ae505e0>>)
[0.173s] Level 1:colcon.colcon_core.package_discovery:discover_packages(colcon_meta) check parameters
[0.173s] Level 1:colcon.colcon_core.package_discovery:discover_packages(recursive) check parameters
[0.173s] Level 1:colcon.colcon_core.package_discovery:discover_packages(ignore) check parameters
[0.173s] Level 1:colcon.colcon_core.package_discovery:discover_packages(path) check parameters
[0.173s] Level 1:colcon.colcon_core.package_discovery:discover_packages(colcon_meta) discover
[0.173s] Level 1:colcon.colcon_core.package_discovery:discover_packages(recursive) discover
[0.173s] INFO:colcon.colcon_core.package_discovery:Crawling recursively for packages in '/home/punk-opc/Documents/Davides_Simulation/Pronto_Estimator'
[0.173s] Level 1:colcon.colcon_core.package_identification:_identify(.) by extensions ['ignore', 'ignore_ament_install']
[0.173s] Level 1:colcon.colcon_core.package_identification:_identify(.) by extension 'ignore'
[0.173s] Level 1:colcon.colcon_core.package_identification:_identify(.) by extension 'ignore_ament_install'
[0.173s] Level 1:colcon.colcon_core.package_identification:_identify(.) by extensions ['colcon_pkg']
[0.173s] Level 1:colcon.colcon_core.package_identification:_identify(.) by extension 'colcon_pkg'
[0.173s] Level 1:colcon.colcon_core.package_identification:_identify(.) by extensions ['colcon_meta']
[0.173s] Level 1:colcon.colcon_core.package_identification:_identify(.) by extension 'colcon_meta'
[0.173s] Level 1:colcon.colcon_core.package_identification:_identify(.) by extensions ['ros']
[0.173s] Level 1:colcon.colcon_core.package_identification:_identify(.) by extension 'ros'
[0.179s] Level 1:colcon.colcon_core.package_identification:_identify(.) by extensions ['cmake', 'python']
[0.179s] Level 1:colcon.colcon_core.package_identification:_identify(.) by extension 'cmake'
[0.179s] Level 1:colcon.colcon_core.package_identification:_identify(.) by extension 'python'
[0.179s] Level 1:colcon.colcon_core.package_identification:_identify(.) by extensions ['python_setup_py']
[0.179s] Level 1:colcon.colcon_core.package_identification:_identify(.) by extension 'python_setup_py'
[0.179s] Level 1:colcon.colcon_core.package_identification:_identify(build) by extensions ['ignore', 'ignore_ament_install']
[0.179s] Level 1:colcon.colcon_core.package_identification:_identify(build) by extension 'ignore'
[0.179s] Level 1:colcon.colcon_core.package_identification:_identify(build) ignored
[0.179s] Level 1:colcon.colcon_core.package_identification:_identify(doc) by extensions ['ignore', 'ignore_ament_install']
[0.179s] Level 1:colcon.colcon_core.package_identification:_identify(doc) by extension 'ignore'
[0.179s] Level 1:colcon.colcon_core.package_identification:_identify(doc) by extension 'ignore_ament_install'
[0.179s] Level 1:colcon.colcon_core.package_identification:_identify(doc) by extensions ['colcon_pkg']
[0.179s] Level 1:colcon.colcon_core.package_identification:_identify(doc) by extension 'colcon_pkg'
[0.179s] Level 1:colcon.colcon_core.package_identification:_identify(doc) by extensions ['colcon_meta']
[0.179s] Level 1:colcon.colcon_core.package_identification:_identify(doc) by extension 'colcon_meta'
[0.179s] Level 1:colcon.colcon_core.package_identification:_identify(doc) by extensions ['ros']
[0.179s] Level 1:colcon.colcon_core.package_identification:_identify(doc) by extension 'ros'
[0.179s] Level 1:colcon.colcon_core.package_identification:_identify(doc) by extensions ['cmake', 'python']
[0.179s] Level 1:colcon.colcon_core.package_identification:_identify(doc) by extension 'cmake'
[0.179s] Level 1:colcon.colcon_core.package_identification:_identify(doc) by extension 'python'
[0.179s] Level 1:colcon.colcon_core.package_identification:_identify(doc) by extensions ['python_setup_py']
[0.179s] Level 1:colcon.colcon_core.package_identification:_identify(doc) by extension 'python_setup_py'
[0.179s] Level 1:colcon.colcon_core.package_identification:_identify(install) by extensions ['ignore', 'ignore_ament_install']
[0.179s] Level 1:colcon.colcon_core.package_identification:_identify(install) by extension 'ignore'
[0.179s] Level 1:colcon.colcon_core.package_identification:_identify(install) ignored
[0.179s] Level 1:colcon.colcon_core.package_identification:_identify(log) by extensions ['ignore', 'ignore_ament_install']
[0.179s] Level 1:colcon.colcon_core.package_identification:_identify(log) by extension 'ignore'
[0.179s] Level 1:colcon.colcon_core.package_identification:_identify(log) ignored
[0.179s] Level 1:colcon.colcon_core.package_identification:_identify(pronto_core) by extensions ['ignore', 'ignore_ament_install']
[0.179s] Level 1:colcon.colcon_core.package_identification:_identify(pronto_core) by extension 'ignore'
[0.179s] Level 1:colcon.colcon_core.package_identification:_identify(pronto_core) by extension 'ignore_ament_install'
[0.180s] Level 1:colcon.colcon_core.package_identification:_identify(pronto_core) by extensions ['colcon_pkg']
[0.180s] Level 1:colcon.colcon_core.package_identification:_identify(pronto_core) by extension 'colcon_pkg'
[0.180s] Level 1:colcon.colcon_core.package_identification:_identify(pronto_core) by extensions ['colcon_meta']
[0.180s] Level 1:colcon.colcon_core.package_identification:_identify(pronto_core) by extension 'colcon_meta'
[0.180s] Level 1:colcon.colcon_core.package_identification:_identify(pronto_core) by extensions ['ros']
[0.180s] Level 1:colcon.colcon_core.package_identification:_identify(pronto_core) by extension 'ros'
[0.181s] DEBUG:colcon.colcon_core.package_identification:Package 'pronto_core' with type 'ros.ament_cmake' and name 'pronto_core'
[0.181s] Level 1:colcon.colcon_core.package_identification:_identify(pronto_estimator_quadruped) by extensions ['ignore', 'ignore_ament_install']
[0.181s] Level 1:colcon.colcon_core.package_identification:_identify(pronto_estimator_quadruped) by extension 'ignore'
[0.181s] Level 1:colcon.colcon_core.package_identification:_identify(pronto_estimator_quadruped) by extension 'ignore_ament_install'
[0.181s] Level 1:colcon.colcon_core.package_identification:_identify(pronto_estimator_quadruped) by extensions ['colcon_pkg']
[0.181s] Level 1:colcon.colcon_core.package_identification:_identify(pronto_estimator_quadruped) by extension 'colcon_pkg'
[0.181s] Level 1:colcon.colcon_core.package_identification:_identify(pronto_estimator_quadruped) by extensions ['colcon_meta']
[0.181s] Level 1:colcon.colcon_core.package_identification:_identify(pronto_estimator_quadruped) by extension 'colcon_meta'
[0.181s] Level 1:colcon.colcon_core.package_identification:_identify(pronto_estimator_quadruped) by extensions ['ros']
[0.181s] Level 1:colcon.colcon_core.package_identification:_identify(pronto_estimator_quadruped) by extension 'ros'
[0.182s] DEBUG:colcon.colcon_core.package_identification:Package 'pronto_estimator_quadruped' with type 'ros.ament_cmake' and name 'pronto_estimator_quadruped'
[0.182s] Level 1:colcon.colcon_core.package_identification:_identify(pronto_msgs) by extensions ['ignore', 'ignore_ament_install']
[0.182s] Level 1:colcon.colcon_core.package_identification:_identify(pronto_msgs) by extension 'ignore'
[0.182s] Level 1:colcon.colcon_core.package_identification:_identify(pronto_msgs) by extension 'ignore_ament_install'
[0.182s] Level 1:colcon.colcon_core.package_identification:_identify(pronto_msgs) by extensions ['colcon_pkg']
[0.182s] Level 1:colcon.colcon_core.package_identification:_identify(pronto_msgs) by extension 'colcon_pkg'
[0.182s] Level 1:colcon.colcon_core.package_identification:_identify(pronto_msgs) by extensions ['colcon_meta']
[0.182s] Level 1:colcon.colcon_core.package_identification:_identify(pronto_msgs) by extension 'colcon_meta'
[0.182s] Level 1:colcon.colcon_core.package_identification:_identify(pronto_msgs) by extensions ['ros']
[0.182s] Level 1:colcon.colcon_core.package_identification:_identify(pronto_msgs) by extension 'ros'
[0.182s] DEBUG:colcon.colcon_core.package_identification:Package 'pronto_msgs' with type 'ros.ament_cmake' and name 'pronto_msgs'
[0.182s] Level 1:colcon.colcon_core.package_identification:_identify(pronto_quadruped) by extensions ['ignore', 'ignore_ament_install']
[0.182s] Level 1:colcon.colcon_core.package_identification:_identify(pronto_quadruped) by extension 'ignore'
[0.182s] Level 1:colcon.colcon_core.package_identification:_identify(pronto_quadruped) by extension 'ignore_ament_install'
[0.182s] Level 1:colcon.colcon_core.package_identification:_identify(pronto_quadruped) by extensions ['colcon_pkg']
[0.182s] Level 1:colcon.colcon_core.package_identification:_identify(pronto_quadruped) by extension 'colcon_pkg'
[0.182s] Level 1:colcon.colcon_core.package_identification:_identify(pronto_quadruped) by extensions ['colcon_meta']
[0.182s] Level 1:colcon.colcon_core.package_identification:_identify(pronto_quadruped) by extension 'colcon_meta'
[0.182s] Level 1:colcon.colcon_core.package_identification:_identify(pronto_quadruped) by extensions ['ros']
[0.182s] Level 1:colcon.colcon_core.package_identification:_identify(pronto_quadruped) by extension 'ros'
[0.183s] DEBUG:colcon.colcon_core.package_identification:Package 'pronto_quadruped' with type 'ros.ament_cmake' and name 'pronto_quadruped'
[0.183s] Level 1:colcon.colcon_core.package_identification:_identify(pronto_quadruped_commons) by extensions ['ignore', 'ignore_ament_install']
[0.183s] Level 1:colcon.colcon_core.package_identification:_identify(pronto_quadruped_commons) by extension 'ignore'
[0.183s] Level 1:colcon.colcon_core.package_identification:_identify(pronto_quadruped_commons) by extension 'ignore_ament_install'
[0.183s] Level 1:colcon.colcon_core.package_identification:_identify(pronto_quadruped_commons) by extensions ['colcon_pkg']
[0.183s] Level 1:colcon.colcon_core.package_identification:_identify(pronto_quadruped_commons) by extension 'colcon_pkg'
[0.183s] Level 1:colcon.colcon_core.package_identification:_identify(pronto_quadruped_commons) by extensions ['colcon_meta']
[0.183s] Level 1:colcon.colcon_core.package_identification:_identify(pronto_quadruped_commons) by extension 'colcon_meta'
[0.183s] Level 1:colcon.colcon_core.package_identification:_identify(pronto_quadruped_commons) by extensions ['ros']
[0.183s] Level 1:colcon.colcon_core.package_identification:_identify(pronto_quadruped_commons) by extension 'ros'
[0.183s] DEBUG:colcon.colcon_core.package_identification:Package 'pronto_quadruped_commons' with type 'ros.ament_cmake' and name 'pronto_quadruped_commons'
[0.183s] Level 1:colcon.colcon_core.package_identification:_identify(pronto_quadruped_ros) by extensions ['ignore', 'ignore_ament_install']
[0.183s] Level 1:colcon.colcon_core.package_identification:_identify(pronto_quadruped_ros) by extension 'ignore'
[0.183s] Level 1:colcon.colcon_core.package_identification:_identify(pronto_quadruped_ros) by extension 'ignore_ament_install'
[0.183s] Level 1:colcon.colcon_core.package_identification:_identify(pronto_quadruped_ros) by extensions ['colcon_pkg']
[0.183s] Level 1:colcon.colcon_core.package_identification:_identify(pronto_quadruped_ros) by extension 'colcon_pkg'
[0.183s] Level 1:colcon.colcon_core.package_identification:_identify(pronto_quadruped_ros) by extensions ['colcon_meta']
[0.183s] Level 1:colcon.colcon_core.package_identification:_identify(pronto_quadruped_ros) by extension 'colcon_meta'
[0.183s] Level 1:colcon.colcon_core.package_identification:_identify(pronto_quadruped_ros) by extensions ['ros']
[0.183s] Level 1:colcon.colcon_core.package_identification:_identify(pronto_quadruped_ros) by extension 'ros'
[0.184s] DEBUG:colcon.colcon_core.package_identification:Package 'pronto_quadruped_ros' with type 'ros.ament_cmake' and name 'pronto_quadruped_ros'
[0.184s] Level 1:colcon.colcon_core.package_identification:_identify(pronto_ros) by extensions ['ignore', 'ignore_ament_install']
[0.184s] Level 1:colcon.colcon_core.package_identification:_identify(pronto_ros) by extension 'ignore'
[0.184s] Level 1:colcon.colcon_core.package_identification:_identify(pronto_ros) by extension 'ignore_ament_install'
[0.184s] Level 1:colcon.colcon_core.package_identification:_identify(pronto_ros) by extensions ['colcon_pkg']
[0.184s] Level 1:colcon.colcon_core.package_identification:_identify(pronto_ros) by extension 'colcon_pkg'
[0.184s] Level 1:colcon.colcon_core.package_identification:_identify(pronto_ros) by extensions ['colcon_meta']
[0.184s] Level 1:colcon.colcon_core.package_identification:_identify(pronto_ros) by extension 'colcon_meta'
[0.184s] Level 1:colcon.colcon_core.package_identification:_identify(pronto_ros) by extensions ['ros']
[0.184s] Level 1:colcon.colcon_core.package_identification:_identify(pronto_ros) by extension 'ros'
[0.185s] DEBUG:colcon.colcon_core.package_identification:Package 'pronto_ros' with type 'ros.ament_cmake' and name 'pronto_ros'
[0.185s] Level 1:colcon.colcon_core.package_identification:_identify(pronto_ros2_controller) by extensions ['ignore', 'ignore_ament_install']
[0.185s] Level 1:colcon.colcon_core.package_identification:_identify(pronto_ros2_controller) by extension 'ignore'
[0.185s] Level 1:colcon.colcon_core.package_identification:_identify(pronto_ros2_controller) by extension 'ignore_ament_install'
[0.185s] Level 1:colcon.colcon_core.package_identification:_identify(pronto_ros2_controller) by extensions ['colcon_pkg']
[0.185s] Level 1:colcon.colcon_core.package_identification:_identify(pronto_ros2_controller) by extension 'colcon_pkg'
[0.185s] Level 1:colcon.colcon_core.package_identification:_identify(pronto_ros2_controller) by extensions ['colcon_meta']
[0.185s] Level 1:colcon.colcon_core.package_identification:_identify(pronto_ros2_controller) by extension 'colcon_meta'
[0.185s] Level 1:colcon.colcon_core.package_identification:_identify(pronto_ros2_controller) by extensions ['ros']
[0.185s] Level 1:colcon.colcon_core.package_identification:_identify(pronto_ros2_controller) by extension 'ros'
[0.186s] DEBUG:colcon.colcon_core.package_identification:Package 'pronto_ros2_controller' with type 'ros.ament_cmake' and name 'pronto_ros2_controller'
[0.186s] Level 1:colcon.colcon_core.package_identification:_identify(pronto_solo12) by extensions ['ignore', 'ignore_ament_install']
[0.186s] Level 1:colcon.colcon_core.package_identification:_identify(pronto_solo12) by extension 'ignore'
[0.186s] Level 1:colcon.colcon_core.package_identification:_identify(pronto_solo12) by extension 'ignore_ament_install'
[0.186s] Level 1:colcon.colcon_core.package_identification:_identify(pronto_solo12) by extensions ['colcon_pkg']
[0.186s] Level 1:colcon.colcon_core.package_identification:_identify(pronto_solo12) by extension 'colcon_pkg'
[0.186s] Level 1:colcon.colcon_core.package_identification:_identify(pronto_solo12) by extensions ['colcon_meta']
[0.186s] Level 1:colcon.colcon_core.package_identification:_identify(pronto_solo12) by extension 'colcon_meta'
[0.186s] Level 1:colcon.colcon_core.package_identification:_identify(pronto_solo12) by extensions ['ros']
[0.186s] Level 1:colcon.colcon_core.package_identification:_identify(pronto_solo12) by extension 'ros'
[0.187s] DEBUG:colcon.colcon_core.package_identification:Package 'pronto_solo12' with type 'ros.ament_cmake' and name 'pronto_solo12'
[0.187s] Level 1:colcon.colcon_core.package_identification:_identify(pronto_tuning) by extensions ['ignore', 'ignore_ament_install']
[0.187s] Level 1:colcon.colcon_core.package_identification:_identify(pronto_tuning) by extension 'ignore'
[0.187s] Level 1:colcon.colcon_core.package_identification:_identify(pronto_tuning) by extension 'ignore_ament_install'
[0.187s] Level 1:colcon.colcon_core.package_identification:_identify(pronto_tuning) by extensions ['colcon_pkg']
[0.187s] Level 1:colcon.colcon_core.package_identification:_identify(pronto_tuning) by extension 'colcon_pkg'
[0.187s] Level 1:colcon.colcon_core.package_identification:_identify(pronto_tuning) by extensions ['colcon_meta']
[0.187s] Level 1:colcon.colcon_core.package_identification:_identify(pronto_tuning) by extension 'colcon_meta'
[0.187s] Level 1:colcon.colcon_core.package_identification:_identify(pronto_tuning) by extensions ['ros']
[0.187s] Level 1:colcon.colcon_core.package_identification:_identify(pronto_tuning) by extension 'ros'
[0.187s] DEBUG:colcon.colcon_core.package_identification:Package 'pronto_tuning' with type 'ros.ament_cmake' and name 'pronto_tuning'
[0.187s] Level 1:colcon.colcon_core.package_identification:_identify(pronto_utils) by extensions ['ignore', 'ignore_ament_install']
[0.187s] Level 1:colcon.colcon_core.package_identification:_identify(pronto_utils) by extension 'ignore'
[0.187s] Level 1:colcon.colcon_core.package_identification:_identify(pronto_utils) by extension 'ignore_ament_install'
[0.187s] Level 1:colcon.colcon_core.package_identification:_identify(pronto_utils) by extensions ['colcon_pkg']
[0.187s] Level 1:colcon.colcon_core.package_identification:_identify(pronto_utils) by extension 'colcon_pkg'
[0.187s] Level 1:colcon.colcon_core.package_identification:_identify(pronto_utils) by extensions ['colcon_meta']
[0.187s] Level 1:colcon.colcon_core.package_identification:_identify(pronto_utils) by extension 'colcon_meta'
[0.187s] Level 1:colcon.colcon_core.package_identification:_identify(pronto_utils) by extensions ['ros']
[0.187s] Level 1:colcon.colcon_core.package_identification:_identify(pronto_utils) by extension 'ros'
[0.188s] DEBUG:colcon.colcon_core.package_identification:Package 'pronto_utils' with type 'ros.ament_cmake' and name 'pronto_utils'
[0.188s] Level 1:colcon.colcon_core.package_discovery:discover_packages(recursive) using defaults
[0.188s] Level 1:colcon.colcon_core.package_discovery:discover_packages(ignore) discover
[0.188s] Level 1:colcon.colcon_core.package_discovery:discover_packages(ignore) using defaults
[0.188s] Level 1:colcon.colcon_core.package_discovery:discover_packages(path) discover
[0.188s] Level 1:colcon.colcon_core.package_discovery:discover_packages(path) using defaults
[0.204s] Level 1:colcon.colcon_core.package_discovery:discover_packages(prefix_path) check parameters
[0.204s] Level 1:colcon.colcon_core.package_discovery:discover_packages(prefix_path) discover
[0.206s] DEBUG:colcon.colcon_installed_package_information.package_discovery:Found 32 installed packages in /home/punk-opc/Documents/Davides_Simulation/install
[0.207s] DEBUG:colcon.colcon_installed_package_information.package_discovery:Found 8 installed packages in /home/punk-opc/Documents/estimator/Pronto_Estimator/install
[0.207s] DEBUG:colcon.colcon_installed_package_information.package_discovery:Found 31 installed packages in /home/punk-opc/Documents/estimator/control_quadrupeds_soft_contacts/install
[0.209s] DEBUG:colcon.colcon_installed_package_information.package_discovery:Found 372 installed packages in /opt/ros/humble
[0.210s] Level 1:colcon.colcon_core.package_discovery:discover_packages(prefix_path) using defaults
[0.233s] Level 5:colcon.colcon_core.verb:set package 'pronto_core' build argument 'cmake_args' from command line to 'None'
[0.233s] Level 5:colcon.colcon_core.verb:set package 'pronto_core' build argument 'cmake_target' from command line to 'None'
[0.233s] Level 5:colcon.colcon_core.verb:set package 'pronto_core' build argument 'cmake_target_skip_unavailable' from command line to 'False'
[0.233s] Level 5:colcon.colcon_core.verb:set package 'pronto_core' build argument 'cmake_clean_cache' from command line to 'False'
[0.233s] Level 5:colcon.colcon_core.verb:set package 'pronto_core' build argument 'cmake_clean_first' from command line to 'False'
[0.233s] Level 5:colcon.colcon_core.verb:set package 'pronto_core' build argument 'cmake_force_configure' from command line to 'False'
[0.233s] Level 5:colcon.colcon_core.verb:set package 'pronto_core' build argument 'ament_cmake_args' from command line to 'None'
[0.233s] Level 5:colcon.colcon_core.verb:set package 'pronto_core' build argument 'catkin_cmake_args' from command line to 'None'
[0.233s] Level 5:colcon.colcon_core.verb:set package 'pronto_core' build argument 'catkin_skip_building_tests' from command line to 'False'
[0.233s] DEBUG:colcon.colcon_core.verb:Building package 'pronto_core' with the following arguments: {'ament_cmake_args': None, 'build_base': '/home/punk-opc/Documents/Davides_Simulation/Pronto_Estimator/build/pronto_core', 'catkin_cmake_args': None, 'catkin_skip_building_tests': False, 'cmake_args': None, 'cmake_clean_cache': False, 'cmake_clean_first': False, 'cmake_force_configure': False, 'cmake_target': None, 'cmake_target_skip_unavailable': False, 'install_base': '/home/punk-opc/Documents/Davides_Simulation/Pronto_Estimator/install/pronto_core', 'merge_install': False, 'path': '/home/punk-opc/Documents/Davides_Simulation/Pronto_Estimator/pronto_core', 'symlink_install': True, 'test_result_base': None}
[0.233s] Level 5:colcon.colcon_core.verb:set package 'pronto_msgs' build argument 'cmake_args' from command line to 'None'
[0.233s] Level 5:colcon.colcon_core.verb:set package 'pronto_msgs' build argument 'cmake_target' from command line to 'None'
[0.233s] Level 5:colcon.colcon_core.verb:set package 'pronto_msgs' build argument 'cmake_target_skip_unavailable' from command line to 'False'
[0.233s] Level 5:colcon.colcon_core.verb:set package 'pronto_msgs' build argument 'cmake_clean_cache' from command line to 'False'
[0.233s] Level 5:colcon.colcon_core.verb:set package 'pronto_msgs' build argument 'cmake_clean_first' from command line to 'False'
[0.233s] Level 5:colcon.colcon_core.verb:set package 'pronto_msgs' build argument 'cmake_force_configure' from command line to 'False'
[0.233s] Level 5:colcon.colcon_core.verb:set package 'pronto_msgs' build argument 'ament_cmake_args' from command line to 'None'
[0.233s] Level 5:colcon.colcon_core.verb:set package 'pronto_msgs' build argument 'catkin_cmake_args' from command line to 'None'
[0.233s] Level 5:colcon.colcon_core.verb:set package 'pronto_msgs' build argument 'catkin_skip_building_tests' from command line to 'False'
[0.233s] DEBUG:colcon.colcon_core.verb:Building package 'pronto_msgs' with the following arguments: {'ament_cmake_args': None, 'build_base': '/home/punk-opc/Documents/Davides_Simulation/Pronto_Estimator/build/pronto_msgs', 'catkin_cmake_args': None, 'catkin_skip_building_tests': False, 'cmake_args': None, 'cmake_clean_cache': False, 'cmake_clean_first': False, 'cmake_force_configure': False, 'cmake_target': None, 'cmake_target_skip_unavailable': False, 'install_base': '/home/punk-opc/Documents/Davides_Simulation/Pronto_Estimator/install/pronto_msgs', 'merge_install': False, 'path': '/home/punk-opc/Documents/Davides_Simulation/Pronto_Estimator/pronto_msgs', 'symlink_install': True, 'test_result_base': None}
[0.233s] Level 5:colcon.colcon_core.verb:set package 'pronto_quadruped_commons' build argument 'cmake_args' from command line to 'None'
[0.233s] Level 5:colcon.colcon_core.verb:set package 'pronto_quadruped_commons' build argument 'cmake_target' from command line to 'None'
[0.233s] Level 5:colcon.colcon_core.verb:set package 'pronto_quadruped_commons' build argument 'cmake_target_skip_unavailable' from command line to 'False'
[0.233s] Level 5:colcon.colcon_core.verb:set package 'pronto_quadruped_commons' build argument 'cmake_clean_cache' from command line to 'False'
[0.233s] Level 5:colcon.colcon_core.verb:set package 'pronto_quadruped_commons' build argument 'cmake_clean_first' from command line to 'False'
[0.233s] Level 5:colcon.colcon_core.verb:set package 'pronto_quadruped_commons' build argument 'cmake_force_configure' from command line to 'False'
[0.233s] Level 5:colcon.colcon_core.verb:set package 'pronto_quadruped_commons' build argument 'ament_cmake_args' from command line to 'None'
[0.233s] Level 5:colcon.colcon_core.verb:set package 'pronto_quadruped_commons' build argument 'catkin_cmake_args' from command line to 'None'
[0.233s] Level 5:colcon.colcon_core.verb:set package 'pronto_quadruped_commons' build argument 'catkin_skip_building_tests' from command line to 'False'
[0.233s] DEBUG:colcon.colcon_core.verb:Building package 'pronto_quadruped_commons' with the following arguments: {'ament_cmake_args': None, 'build_base': '/home/punk-opc/Documents/Davides_Simulation/Pronto_Estimator/build/pronto_quadruped_commons', 'catkin_cmake_args': None, 'catkin_skip_building_tests': False, 'cmake_args': None, 'cmake_clean_cache': False, 'cmake_clean_first': False, 'cmake_force_configure': False, 'cmake_target': None, 'cmake_target_skip_unavailable': False, 'install_base': '/home/punk-opc/Documents/Davides_Simulation/Pronto_Estimator/install/pronto_quadruped_commons', 'merge_install': False, 'path': '/home/punk-opc/Documents/Davides_Simulation/Pronto_Estimator/pronto_quadruped_commons', 'symlink_install': True, 'test_result_base': None}
[0.234s] Level 5:colcon.colcon_core.verb:set package 'pronto_utils' build argument 'cmake_args' from command line to 'None'
[0.234s] Level 5:colcon.colcon_core.verb:set package 'pronto_utils' build argument 'cmake_target' from command line to 'None'
[0.234s] Level 5:colcon.colcon_core.verb:set package 'pronto_utils' build argument 'cmake_target_skip_unavailable' from command line to 'False'
[0.234s] Level 5:colcon.colcon_core.verb:set package 'pronto_utils' build argument 'cmake_clean_cache' from command line to 'False'
[0.234s] Level 5:colcon.colcon_core.verb:set package 'pronto_utils' build argument 'cmake_clean_first' from command line to 'False'
[0.234s] Level 5:colcon.colcon_core.verb:set package 'pronto_utils' build argument 'cmake_force_configure' from command line to 'False'
[0.234s] Level 5:colcon.colcon_core.verb:set package 'pronto_utils' build argument 'ament_cmake_args' from command line to 'None'
[0.234s] Level 5:colcon.colcon_core.verb:set package 'pronto_utils' build argument 'catkin_cmake_args' from command line to 'None'
[0.234s] Level 5:colcon.colcon_core.verb:set package 'pronto_utils' build argument 'catkin_skip_building_tests' from command line to 'False'
[0.234s] DEBUG:colcon.colcon_core.verb:Building package 'pronto_utils' with the following arguments: {'ament_cmake_args': None, 'build_base': '/home/punk-opc/Documents/Davides_Simulation/Pronto_Estimator/build/pronto_utils', 'catkin_cmake_args': None, 'catkin_skip_building_tests': False, 'cmake_args': None, 'cmake_clean_cache': False, 'cmake_clean_first': False, 'cmake_force_configure': False, 'cmake_target': None, 'cmake_target_skip_unavailable': False, 'install_base': '/home/punk-opc/Documents/Davides_Simulation/Pronto_Estimator/install/pronto_utils', 'merge_install': False, 'path': '/home/punk-opc/Documents/Davides_Simulation/Pronto_Estimator/pronto_utils', 'symlink_install': True, 'test_result_base': None}
[0.234s] Level 5:colcon.colcon_core.verb:set package 'pronto_quadruped' build argument 'cmake_args' from command line to 'None'
[0.234s] Level 5:colcon.colcon_core.verb:set package 'pronto_quadruped' build argument 'cmake_target' from command line to 'None'
[0.234s] Level 5:colcon.colcon_core.verb:set package 'pronto_quadruped' build argument 'cmake_target_skip_unavailable' from command line to 'False'
[0.234s] Level 5:colcon.colcon_core.verb:set package 'pronto_quadruped' build argument 'cmake_clean_cache' from command line to 'False'
[0.234s] Level 5:colcon.colcon_core.verb:set package 'pronto_quadruped' build argument 'cmake_clean_first' from command line to 'False'
[0.234s] Level 5:colcon.colcon_core.verb:set package 'pronto_quadruped' build argument 'cmake_force_configure' from command line to 'False'
[0.234s] Level 5:colcon.colcon_core.verb:set package 'pronto_quadruped' build argument 'ament_cmake_args' from command line to 'None'
[0.234s] Level 5:colcon.colcon_core.verb:set package 'pronto_quadruped' build argument 'catkin_cmake_args' from command line to 'None'
[0.234s] Level 5:colcon.colcon_core.verb:set package 'pronto_quadruped' build argument 'catkin_skip_building_tests' from command line to 'False'
[0.234s] DEBUG:colcon.colcon_core.verb:Building package 'pronto_quadruped' with the following arguments: {'ament_cmake_args': None, 'build_base': '/home/punk-opc/Documents/Davides_Simulation/Pronto_Estimator/build/pronto_quadruped', 'catkin_cmake_args': None, 'catkin_skip_building_tests': False, 'cmake_args': None, 'cmake_clean_cache': False, 'cmake_clean_first': False, 'cmake_force_configure': False, 'cmake_target': None, 'cmake_target_skip_unavailable': False, 'install_base': '/home/punk-opc/Documents/Davides_Simulation/Pronto_Estimator/install/pronto_quadruped', 'merge_install': False, 'path': '/home/punk-opc/Documents/Davides_Simulation/Pronto_Estimator/pronto_quadruped', 'symlink_install': True, 'test_result_base': None}
[0.234s] Level 5:colcon.colcon_core.verb:set package 'pronto_ros' build argument 'cmake_args' from command line to 'None'
[0.234s] Level 5:colcon.colcon_core.verb:set package 'pronto_ros' build argument 'cmake_target' from command line to 'None'
[0.234s] Level 5:colcon.colcon_core.verb:set package 'pronto_ros' build argument 'cmake_target_skip_unavailable' from command line to 'False'
[0.234s] Level 5:colcon.colcon_core.verb:set package 'pronto_ros' build argument 'cmake_clean_cache' from command line to 'False'
[0.234s] Level 5:colcon.colcon_core.verb:set package 'pronto_ros' build argument 'cmake_clean_first' from command line to 'False'
[0.234s] Level 5:colcon.colcon_core.verb:set package 'pronto_ros' build argument 'cmake_force_configure' from command line to 'False'
[0.234s] Level 5:colcon.colcon_core.verb:set package 'pronto_ros' build argument 'ament_cmake_args' from command line to 'None'
[0.234s] Level 5:colcon.colcon_core.verb:set package 'pronto_ros' build argument 'catkin_cmake_args' from command line to 'None'
[0.234s] Level 5:colcon.colcon_core.verb:set package 'pronto_ros' build argument 'catkin_skip_building_tests' from command line to 'False'
[0.234s] DEBUG:colcon.colcon_core.verb:Building package 'pronto_ros' with the following arguments: {'ament_cmake_args': None, 'build_base': '/home/punk-opc/Documents/Davides_Simulation/Pronto_Estimator/build/pronto_ros', 'catkin_cmake_args': None, 'catkin_skip_building_tests': False, 'cmake_args': None, 'cmake_clean_cache': False, 'cmake_clean_first': False, 'cmake_force_configure': False, 'cmake_target': None, 'cmake_target_skip_unavailable': False, 'install_base': '/home/punk-opc/Documents/Davides_Simulation/Pronto_Estimator/install/pronto_ros', 'merge_install': False, 'path': '/home/punk-opc/Documents/Davides_Simulation/Pronto_Estimator/pronto_ros', 'symlink_install': True, 'test_result_base': None}
[0.234s] Level 5:colcon.colcon_core.verb:set package 'pronto_tuning' build argument 'cmake_args' from command line to 'None'
[0.234s] Level 5:colcon.colcon_core.verb:set package 'pronto_tuning' build argument 'cmake_target' from command line to 'None'
[0.234s] Level 5:colcon.colcon_core.verb:set package 'pronto_tuning' build argument 'cmake_target_skip_unavailable' from command line to 'False'
[0.234s] Level 5:colcon.colcon_core.verb:set package 'pronto_tuning' build argument 'cmake_clean_cache' from command line to 'False'
[0.234s] Level 5:colcon.colcon_core.verb:set package 'pronto_tuning' build argument 'cmake_clean_first' from command line to 'False'
[0.234s] Level 5:colcon.colcon_core.verb:set package 'pronto_tuning' build argument 'cmake_force_configure' from command line to 'False'
[0.234s] Level 5:colcon.colcon_core.verb:set package 'pronto_tuning' build argument 'ament_cmake_args' from command line to 'None'
[0.234s] Level 5:colcon.colcon_core.verb:set package 'pronto_tuning' build argument 'catkin_cmake_args' from command line to 'None'
[0.234s] Level 5:colcon.colcon_core.verb:set package 'pronto_tuning' build argument 'catkin_skip_building_tests' from command line to 'False'
[0.234s] DEBUG:colcon.colcon_core.verb:Building package 'pronto_tuning' with the following arguments: {'ament_cmake_args': None, 'build_base': '/home/punk-opc/Documents/Davides_Simulation/Pronto_Estimator/build/pronto_tuning', 'catkin_cmake_args': None, 'catkin_skip_building_tests': False, 'cmake_args': None, 'cmake_clean_cache': False, 'cmake_clean_first': False, 'cmake_force_configure': False, 'cmake_target': None, 'cmake_target_skip_unavailable': False, 'install_base': '/home/punk-opc/Documents/Davides_Simulation/Pronto_Estimator/install/pronto_tuning', 'merge_install': False, 'path': '/home/punk-opc/Documents/Davides_Simulation/Pronto_Estimator/pronto_tuning', 'symlink_install': True, 'test_result_base': None}
[0.234s] Level 5:colcon.colcon_core.verb:set package 'pronto_quadruped_ros' build argument 'cmake_args' from command line to 'None'
[0.235s] Level 5:colcon.colcon_core.verb:set package 'pronto_quadruped_ros' build argument 'cmake_target' from command line to 'None'
[0.235s] Level 5:colcon.colcon_core.verb:set package 'pronto_quadruped_ros' build argument 'cmake_target_skip_unavailable' from command line to 'False'
[0.235s] Level 5:colcon.colcon_core.verb:set package 'pronto_quadruped_ros' build argument 'cmake_clean_cache' from command line to 'False'
[0.235s] Level 5:colcon.colcon_core.verb:set package 'pronto_quadruped_ros' build argument 'cmake_clean_first' from command line to 'False'
[0.235s] Level 5:colcon.colcon_core.verb:set package 'pronto_quadruped_ros' build argument 'cmake_force_configure' from command line to 'False'
[0.235s] Level 5:colcon.colcon_core.verb:set package 'pronto_quadruped_ros' build argument 'ament_cmake_args' from command line to 'None'
[0.235s] Level 5:colcon.colcon_core.verb:set package 'pronto_quadruped_ros' build argument 'catkin_cmake_args' from command line to 'None'
[0.235s] Level 5:colcon.colcon_core.verb:set package 'pronto_quadruped_ros' build argument 'catkin_skip_building_tests' from command line to 'False'
[0.235s] DEBUG:colcon.colcon_core.verb:Building package 'pronto_quadruped_ros' with the following arguments: {'ament_cmake_args': None, 'build_base': '/home/punk-opc/Documents/Davides_Simulation/Pronto_Estimator/build/pronto_quadruped_ros', 'catkin_cmake_args': None, 'catkin_skip_building_tests': False, 'cmake_args': None, 'cmake_clean_cache': False, 'cmake_clean_first': False, 'cmake_force_configure': False, 'cmake_target': None, 'cmake_target_skip_unavailable': False, 'install_base': '/home/punk-opc/Documents/Davides_Simulation/Pronto_Estimator/install/pronto_quadruped_ros', 'merge_install': False, 'path': '/home/punk-opc/Documents/Davides_Simulation/Pronto_Estimator/pronto_quadruped_ros', 'symlink_install': True, 'test_result_base': None}
[0.235s] Level 5:colcon.colcon_core.verb:set package 'pronto_estimator_quadruped' build argument 'cmake_args' from command line to 'None'
[0.235s] Level 5:colcon.colcon_core.verb:set package 'pronto_estimator_quadruped' build argument 'cmake_target' from command line to 'None'
[0.235s] Level 5:colcon.colcon_core.verb:set package 'pronto_estimator_quadruped' build argument 'cmake_target_skip_unavailable' from command line to 'False'
[0.235s] Level 5:colcon.colcon_core.verb:set package 'pronto_estimator_quadruped' build argument 'cmake_clean_cache' from command line to 'False'
[0.235s] Level 5:colcon.colcon_core.verb:set package 'pronto_estimator_quadruped' build argument 'cmake_clean_first' from command line to 'False'
[0.235s] Level 5:colcon.colcon_core.verb:set package 'pronto_estimator_quadruped' build argument 'cmake_force_configure' from command line to 'False'
[0.235s] Level 5:colcon.colcon_core.verb:set package 'pronto_estimator_quadruped' build argument 'ament_cmake_args' from command line to 'None'
[0.235s] Level 5:colcon.colcon_core.verb:set package 'pronto_estimator_quadruped' build argument 'catkin_cmake_args' from command line to 'None'
[0.235s] Level 5:colcon.colcon_core.verb:set package 'pronto_estimator_quadruped' build argument 'catkin_skip_building_tests' from command line to 'False'
[0.235s] DEBUG:colcon.colcon_core.verb:Building package 'pronto_estimator_quadruped' with the following arguments: {'ament_cmake_args': None, 'build_base': '/home/punk-opc/Documents/Davides_Simulation/Pronto_Estimator/build/pronto_estimator_quadruped', 'catkin_cmake_args': None, 'catkin_skip_building_tests': False, 'cmake_args': None, 'cmake_clean_cache': False, 'cmake_clean_first': False, 'cmake_force_configure': False, 'cmake_target': None, 'cmake_target_skip_unavailable': False, 'install_base': '/home/punk-opc/Documents/Davides_Simulation/Pronto_Estimator/install/pronto_estimator_quadruped', 'merge_install': False, 'path': '/home/punk-opc/Documents/Davides_Simulation/Pronto_Estimator/pronto_estimator_quadruped', 'symlink_install': True, 'test_result_base': None}
[0.235s] Level 5:colcon.colcon_core.verb:set package 'pronto_solo12' build argument 'cmake_args' from command line to 'None'
[0.235s] Level 5:colcon.colcon_core.verb:set package 'pronto_solo12' build argument 'cmake_target' from command line to 'None'
[0.235s] Level 5:colcon.colcon_core.verb:set package 'pronto_solo12' build argument 'cmake_target_skip_unavailable' from command line to 'False'
[0.235s] Level 5:colcon.colcon_core.verb:set package 'pronto_solo12' build argument 'cmake_clean_cache' from command line to 'False'
[0.235s] Level 5:colcon.colcon_core.verb:set package 'pronto_solo12' build argument 'cmake_clean_first' from command line to 'False'
[0.235s] Level 5:colcon.colcon_core.verb:set package 'pronto_solo12' build argument 'cmake_force_configure' from command line to 'False'
[0.235s] Level 5:colcon.colcon_core.verb:set package 'pronto_solo12' build argument 'ament_cmake_args' from command line to 'None'
[0.235s] Level 5:colcon.colcon_core.verb:set package 'pronto_solo12' build argument 'catkin_cmake_args' from command line to 'None'
[0.235s] Level 5:colcon.colcon_core.verb:set package 'pronto_solo12' build argument 'catkin_skip_building_tests' from command line to 'False'
[0.235s] DEBUG:colcon.colcon_core.verb:Building package 'pronto_solo12' with the following arguments: {'ament_cmake_args': None, 'build_base': '/home/punk-opc/Documents/Davides_Simulation/Pronto_Estimator/build/pronto_solo12', 'catkin_cmake_args': None, 'catkin_skip_building_tests': False, 'cmake_args': None, 'cmake_clean_cache': False, 'cmake_clean_first': False, 'cmake_force_configure': False, 'cmake_target': None, 'cmake_target_skip_unavailable': False, 'install_base': '/home/punk-opc/Documents/Davides_Simulation/Pronto_Estimator/install/pronto_solo12', 'merge_install': False, 'path': '/home/punk-opc/Documents/Davides_Simulation/Pronto_Estimator/pronto_solo12', 'symlink_install': True, 'test_result_base': None}
[0.235s] Level 5:colcon.colcon_core.verb:set package 'pronto_ros2_controller' build argument 'cmake_args' from command line to 'None'
[0.235s] Level 5:colcon.colcon_core.verb:set package 'pronto_ros2_controller' build argument 'cmake_target' from command line to 'None'
[0.235s] Level 5:colcon.colcon_core.verb:set package 'pronto_ros2_controller' build argument 'cmake_target_skip_unavailable' from command line to 'False'
[0.235s] Level 5:colcon.colcon_core.verb:set package 'pronto_ros2_controller' build argument 'cmake_clean_cache' from command line to 'False'
[0.235s] Level 5:colcon.colcon_core.verb:set package 'pronto_ros2_controller' build argument 'cmake_clean_first' from command line to 'False'
[0.235s] Level 5:colcon.colcon_core.verb:set package 'pronto_ros2_controller' build argument 'cmake_force_configure' from command line to 'False'
[0.235s] Level 5:colcon.colcon_core.verb:set package 'pronto_ros2_controller' build argument 'ament_cmake_args' from command line to 'None'
[0.235s] Level 5:colcon.colcon_core.verb:set package 'pronto_ros2_controller' build argument 'catkin_cmake_args' from command line to 'None'
[0.235s] Level 5:colcon.colcon_core.verb:set package 'pronto_ros2_controller' build argument 'catkin_skip_building_tests' from command line to 'False'
[0.235s] DEBUG:colcon.colcon_core.verb:Building package 'pronto_ros2_controller' with the following arguments: {'ament_cmake_args': None, 'build_base': '/home/punk-opc/Documents/Davides_Simulation/Pronto_Estimator/build/pronto_ros2_controller', 'catkin_cmake_args': None, 'catkin_skip_building_tests': False, 'cmake_args': None, 'cmake_clean_cache': False, 'cmake_clean_first': False, 'cmake_force_configure': False, 'cmake_target': None, 'cmake_target_skip_unavailable': False, 'install_base': '/home/punk-opc/Documents/Davides_Simulation/Pronto_Estimator/install/pronto_ros2_controller', 'merge_install': False, 'path': '/home/punk-opc/Documents/Davides_Simulation/Pronto_Estimator/pronto_ros2_controller', 'symlink_install': True, 'test_result_base': None}
[0.235s] INFO:colcon.colcon_core.executor:Executing jobs using 'parallel' executor
[0.236s] DEBUG:colcon.colcon_parallel_executor.executor.parallel:run_until_complete
[0.236s] INFO:colcon.colcon_ros.task.ament_cmake.build:Building ROS package in '/home/punk-opc/Documents/Davides_Simulation/Pronto_Estimator/pronto_core' with build type 'ament_cmake'
[0.236s] INFO:colcon.colcon_cmake.task.cmake.build:Building CMake package in '/home/punk-opc/Documents/Davides_Simulation/Pronto_Estimator/pronto_core'
[0.238s] INFO:colcon.colcon_core.plugin_system:Skipping extension 'colcon_core.shell.bat': Not used on non-Windows systems
[0.238s] INFO:colcon.colcon_core.shell:Skip shell extension 'powershell' for command environment: Not usable outside of PowerShell
[0.238s] DEBUG:colcon.colcon_core.shell:Skip shell extension 'dsv' for command environment
[0.241s] INFO:colcon.colcon_ros.task.ament_cmake.build:Building ROS package in '/home/punk-opc/Documents/Davides_Simulation/Pronto_Estimator/pronto_msgs' with build type 'ament_cmake'
[0.241s] INFO:colcon.colcon_cmake.task.cmake.build:Building CMake package in '/home/punk-opc/Documents/Davides_Simulation/Pronto_Estimator/pronto_msgs'
[0.242s] INFO:colcon.colcon_core.shell:Skip shell extension 'powershell' for command environment: Not usable outside of PowerShell
[0.242s] DEBUG:colcon.colcon_core.shell:Skip shell extension 'dsv' for command environment
[0.245s] INFO:colcon.colcon_ros.task.ament_cmake.build:Building ROS package in '/home/punk-opc/Documents/Davides_Simulation/Pronto_Estimator/pronto_quadruped_commons' with build type 'ament_cmake'
[0.245s] INFO:colcon.colcon_cmake.task.cmake.build:Building CMake package in '/home/punk-opc/Documents/Davides_Simulation/Pronto_Estimator/pronto_quadruped_commons'
[0.245s] INFO:colcon.colcon_core.shell:Skip shell extension 'powershell' for command environment: Not usable outside of PowerShell
[0.245s] DEBUG:colcon.colcon_core.shell:Skip shell extension 'dsv' for command environment
[0.248s] INFO:colcon.colcon_ros.task.ament_cmake.build:Building ROS package in '/home/punk-opc/Documents/Davides_Simulation/Pronto_Estimator/pronto_utils' with build type 'ament_cmake'
[0.249s] INFO:colcon.colcon_cmake.task.cmake.build:Building CMake package in '/home/punk-opc/Documents/Davides_Simulation/Pronto_Estimator/pronto_utils'
[0.249s] INFO:colcon.colcon_core.shell:Skip shell extension 'powershell' for command environment: Not usable outside of PowerShell
[0.249s] DEBUG:colcon.colcon_core.shell:Skip shell extension 'dsv' for command environment
[0.255s] DEBUG:colcon.colcon_core.event_handler.log_command:Invoking command in '/home/punk-opc/Documents/Davides_Simulation/Pronto_Estimator/build/pronto_core': CMAKE_PREFIX_PATH=${CMAKE_PREFIX_PATH}:/home/punk-opc/Documents/Davides_Simulation/install/planners_python:/home/punk-opc/Documents/Davides_Simulation/install/logger_gazebo:/home/punk-opc/Documents/Davides_Simulation/install/terrain_estimator:/home/punk-opc/Documents/Davides_Simulation/install/pose_estimator:/home/punk-opc/Documents/estimator/Pronto_Estimator/install/terrain_estimator:/home/punk-opc/Documents/estimator/control_quadrupeds_soft_contacts/install/planners_python:/home/punk-opc/Documents/estimator/control_quadrupeds_soft_contacts/install/logger_gazebo:/home/punk-opc/Documents/estimator/control_quadrupeds_soft_contacts/install/terrain_estimator:/home/punk-opc/Documents/estimator/control_quadrupeds_soft_contacts/install/pose_estimator:/opt/ros/humble /usr/bin/cmake --build /home/punk-opc/Documents/Davides_Simulation/Pronto_Estimator/build/pronto_core -- -j20 -l20
[0.258s] DEBUG:colcon.colcon_core.event_handler.log_command:Invoking command in '/home/punk-opc/Documents/Davides_Simulation/Pronto_Estimator/build/pronto_msgs': CMAKE_PREFIX_PATH=${CMAKE_PREFIX_PATH}:/home/punk-opc/Documents/Davides_Simulation/install/planners_python:/home/punk-opc/Documents/Davides_Simulation/install/logger_gazebo:/home/punk-opc/Documents/Davides_Simulation/install/terrain_estimator:/home/punk-opc/Documents/Davides_Simulation/install/pose_estimator:/home/punk-opc/Documents/estimator/Pronto_Estimator/install/terrain_estimator:/home/punk-opc/Documents/estimator/control_quadrupeds_soft_contacts/install/planners_python:/home/punk-opc/Documents/estimator/control_quadrupeds_soft_contacts/install/logger_gazebo:/home/punk-opc/Documents/estimator/control_quadrupeds_soft_contacts/install/terrain_estimator:/home/punk-opc/Documents/estimator/control_quadrupeds_soft_contacts/install/pose_estimator:/opt/ros/humble /usr/bin/cmake --build /home/punk-opc/Documents/Davides_Simulation/Pronto_Estimator/build/pronto_msgs -- -j20 -l20
[0.265s] DEBUG:colcon.colcon_core.event_handler.log_command:Invoking command in '/home/punk-opc/Documents/Davides_Simulation/Pronto_Estimator/build/pronto_quadruped_commons': CMAKE_PREFIX_PATH=${CMAKE_PREFIX_PATH}:/home/punk-opc/Documents/Davides_Simulation/install/planners_python:/home/punk-opc/Documents/Davides_Simulation/install/logger_gazebo:/home/punk-opc/Documents/Davides_Simulation/install/terrain_estimator:/home/punk-opc/Documents/Davides_Simulation/install/pose_estimator:/home/punk-opc/Documents/estimator/Pronto_Estimator/install/terrain_estimator:/home/punk-opc/Documents/estimator/control_quadrupeds_soft_contacts/install/planners_python:/home/punk-opc/Documents/estimator/control_quadrupeds_soft_contacts/install/logger_gazebo:/home/punk-opc/Documents/estimator/control_quadrupeds_soft_contacts/install/terrain_estimator:/home/punk-opc/Documents/estimator/control_quadrupeds_soft_contacts/install/pose_estimator:/opt/ros/humble /usr/bin/cmake --build /home/punk-opc/Documents/Davides_Simulation/Pronto_Estimator/build/pronto_quadruped_commons -- -j20 -l20
[0.269s] DEBUG:colcon.colcon_core.event_handler.log_command:Invoking command in '/home/punk-opc/Documents/Davides_Simulation/Pronto_Estimator/build/pronto_utils': CMAKE_PREFIX_PATH=${CMAKE_PREFIX_PATH}:/home/punk-opc/Documents/Davides_Simulation/install/planners_python:/home/punk-opc/Documents/Davides_Simulation/install/logger_gazebo:/home/punk-opc/Documents/Davides_Simulation/install/terrain_estimator:/home/punk-opc/Documents/Davides_Simulation/install/pose_estimator:/home/punk-opc/Documents/estimator/Pronto_Estimator/install/terrain_estimator:/home/punk-opc/Documents/estimator/control_quadrupeds_soft_contacts/install/planners_python:/home/punk-opc/Documents/estimator/control_quadrupeds_soft_contacts/install/logger_gazebo:/home/punk-opc/Documents/estimator/control_quadrupeds_soft_contacts/install/terrain_estimator:/home/punk-opc/Documents/estimator/control_quadrupeds_soft_contacts/install/pose_estimator:/opt/ros/humble /usr/bin/cmake --build /home/punk-opc/Documents/Davides_Simulation/Pronto_Estimator/build/pronto_utils -- -j20 -l20
[0.275s] DEBUG:colcon.colcon_core.event_handler.log_command:Invoked command in '/home/punk-opc/Documents/Davides_Simulation/Pronto_Estimator/build/pronto_core' returned '2': CMAKE_PREFIX_PATH=${CMAKE_PREFIX_PATH}:/home/punk-opc/Documents/Davides_Simulation/install/planners_python:/home/punk-opc/Documents/Davides_Simulation/install/logger_gazebo:/home/punk-opc/Documents/Davides_Simulation/install/terrain_estimator:/home/punk-opc/Documents/Davides_Simulation/install/pose_estimator:/home/punk-opc/Documents/estimator/Pronto_Estimator/install/terrain_estimator:/home/punk-opc/Documents/estimator/control_quadrupeds_soft_contacts/install/planners_python:/home/punk-opc/Documents/estimator/control_quadrupeds_soft_contacts/install/logger_gazebo:/home/punk-opc/Documents/estimator/control_quadrupeds_soft_contacts/install/terrain_estimator:/home/punk-opc/Documents/estimator/control_quadrupeds_soft_contacts/install/pose_estimator:/opt/ros/humble /usr/bin/cmake --build /home/punk-opc/Documents/Davides_Simulation/Pronto_Estimator/build/pronto_core -- -j20 -l20
[0.278s] DEBUG:colcon.colcon_core.event_handler.log_command:Invoked command in '/home/punk-opc/Documents/Davides_Simulation/Pronto_Estimator/build/pronto_msgs' returned '2': CMAKE_PREFIX_PATH=${CMAKE_PREFIX_PATH}:/home/punk-opc/Documents/Davides_Simulation/install/planners_python:/home/punk-opc/Documents/Davides_Simulation/install/logger_gazebo:/home/punk-opc/Documents/Davides_Simulation/install/terrain_estimator:/home/punk-opc/Documents/Davides_Simulation/install/pose_estimator:/home/punk-opc/Documents/estimator/Pronto_Estimator/install/terrain_estimator:/home/punk-opc/Documents/estimator/control_quadrupeds_soft_contacts/install/planners_python:/home/punk-opc/Documents/estimator/control_quadrupeds_soft_contacts/install/logger_gazebo:/home/punk-opc/Documents/estimator/control_quadrupeds_soft_contacts/install/terrain_estimator:/home/punk-opc/Documents/estimator/control_quadrupeds_soft_contacts/install/pose_estimator:/opt/ros/humble /usr/bin/cmake --build /home/punk-opc/Documents/Davides_Simulation/Pronto_Estimator/build/pronto_msgs -- -j20 -l20
[0.289s] DEBUG:colcon.colcon_core.event_handler.log_command:Invoked command in '/home/punk-opc/Documents/Davides_Simulation/Pronto_Estimator/build/pronto_quadruped_commons' returned '2': CMAKE_PREFIX_PATH=${CMAKE_PREFIX_PATH}:/home/punk-opc/Documents/Davides_Simulation/install/planners_python:/home/punk-opc/Documents/Davides_Simulation/install/logger_gazebo:/home/punk-opc/Documents/Davides_Simulation/install/terrain_estimator:/home/punk-opc/Documents/Davides_Simulation/install/pose_estimator:/home/punk-opc/Documents/estimator/Pronto_Estimator/install/terrain_estimator:/home/punk-opc/Documents/estimator/control_quadrupeds_soft_contacts/install/planners_python:/home/punk-opc/Documents/estimator/control_quadrupeds_soft_contacts/install/logger_gazebo:/home/punk-opc/Documents/estimator/control_quadrupeds_soft_contacts/install/terrain_estimator:/home/punk-opc/Documents/estimator/control_quadrupeds_soft_contacts/install/pose_estimator:/opt/ros/humble /usr/bin/cmake --build /home/punk-opc/Documents/Davides_Simulation/Pronto_Estimator/build/pronto_quadruped_commons -- -j20 -l20
[0.295s] DEBUG:colcon.colcon_core.event_handler.log_command:Invoked command in '/home/punk-opc/Documents/Davides_Simulation/Pronto_Estimator/build/pronto_utils' returned '2': CMAKE_PREFIX_PATH=${CMAKE_PREFIX_PATH}:/home/punk-opc/Documents/Davides_Simulation/install/planners_python:/home/punk-opc/Documents/Davides_Simulation/install/logger_gazebo:/home/punk-opc/Documents/Davides_Simulation/install/terrain_estimator:/home/punk-opc/Documents/Davides_Simulation/install/pose_estimator:/home/punk-opc/Documents/estimator/Pronto_Estimator/install/terrain_estimator:/home/punk-opc/Documents/estimator/control_quadrupeds_soft_contacts/install/planners_python:/home/punk-opc/Documents/estimator/control_quadrupeds_soft_contacts/install/logger_gazebo:/home/punk-opc/Documents/estimator/control_quadrupeds_soft_contacts/install/terrain_estimator:/home/punk-opc/Documents/estimator/control_quadrupeds_soft_contacts/install/pose_estimator:/opt/ros/humble /usr/bin/cmake --build /home/punk-opc/Documents/Davides_Simulation/Pronto_Estimator/build/pronto_utils -- -j20 -l20
[0.354s] Level 1:colcon.colcon_core.environment:create_environment_scripts_only(pronto_quadruped_commons)
[0.358s] Level 1:colcon.colcon_core.environment:checking '/home/punk-opc/Documents/Davides_Simulation/Pronto_Estimator/install/pronto_quadruped_commons' for CMake module files
[0.359s] Level 1:colcon.colcon_core.environment:checking '/home/punk-opc/Documents/Davides_Simulation/Pronto_Estimator/install/pronto_quadruped_commons' for CMake config files
[0.359s] Level 1:colcon.colcon_core.shell:create_environment_hook('pronto_quadruped_commons', 'cmake_prefix_path')
[0.360s] INFO:colcon.colcon_core.shell:Creating environment hook '/home/punk-opc/Documents/Davides_Simulation/Pronto_Estimator/install/pronto_quadruped_commons/share/pronto_quadruped_commons/hook/cmake_prefix_path.ps1'
[0.361s] INFO:colcon.colcon_core.shell:Creating environment descriptor '/home/punk-opc/Documents/Davides_Simulation/Pronto_Estimator/install/pronto_quadruped_commons/share/pronto_quadruped_commons/hook/cmake_prefix_path.dsv'
[0.361s] INFO:colcon.colcon_core.shell:Creating environment hook '/home/punk-opc/Documents/Davides_Simulation/Pronto_Estimator/install/pronto_quadruped_commons/share/pronto_quadruped_commons/hook/cmake_prefix_path.sh'
[0.363s] Level 1:colcon.colcon_core.environment:checking '/home/punk-opc/Documents/Davides_Simulation/Pronto_Estimator/install/pronto_quadruped_commons/bin'
[0.363s] Level 1:colcon.colcon_core.environment:checking '/home/punk-opc/Documents/Davides_Simulation/Pronto_Estimator/install/pronto_quadruped_commons/lib/pkgconfig/pronto_quadruped_commons.pc'
[0.363s] Level 1:colcon.colcon_core.environment:checking '/home/punk-opc/Documents/Davides_Simulation/Pronto_Estimator/install/pronto_quadruped_commons/lib/python3.10/site-packages'
[0.364s] Level 1:colcon.colcon_core.environment:checking '/home/punk-opc/Documents/Davides_Simulation/Pronto_Estimator/install/pronto_quadruped_commons/bin'
[0.364s] INFO:colcon.colcon_core.shell:Creating package script '/home/punk-opc/Documents/Davides_Simulation/Pronto_Estimator/install/pronto_quadruped_commons/share/pronto_quadruped_commons/package.ps1'
[0.366s] INFO:colcon.colcon_core.shell:Creating package descriptor '/home/punk-opc/Documents/Davides_Simulation/Pronto_Estimator/install/pronto_quadruped_commons/share/pronto_quadruped_commons/package.dsv'
[0.367s] INFO:colcon.colcon_core.shell:Creating package script '/home/punk-opc/Documents/Davides_Simulation/Pronto_Estimator/install/pronto_quadruped_commons/share/pronto_quadruped_commons/package.sh'
[0.368s] INFO:colcon.colcon_core.shell:Creating package script '/home/punk-opc/Documents/Davides_Simulation/Pronto_Estimator/install/pronto_quadruped_commons/share/pronto_quadruped_commons/package.bash'
[0.369s] INFO:colcon.colcon_core.shell:Creating package script '/home/punk-opc/Documents/Davides_Simulation/Pronto_Estimator/install/pronto_quadruped_commons/share/pronto_quadruped_commons/package.zsh'
[0.370s] Level 1:colcon.colcon_core.environment:create_file_with_runtime_dependencies(/home/punk-opc/Documents/Davides_Simulation/Pronto_Estimator/install/pronto_quadruped_commons/share/colcon-core/packages/pronto_quadruped_commons)
[1.097s] DEBUG:colcon.colcon_parallel_executor.executor.parallel:closing loop
[1.098s] DEBUG:colcon.colcon_parallel_executor.executor.parallel:loop closed
[1.098s] DEBUG:colcon.colcon_parallel_executor.executor.parallel:run_until_complete finished with '2'
[1.098s] DEBUG:colcon.colcon_core.event_reactor:joining thread
[1.107s] INFO:colcon.colcon_core.plugin_system:Skipping extension 'colcon_notification.desktop_notification.terminal_notifier': Not used on non-Darwin systems
[1.108s] INFO:colcon.colcon_core.plugin_system:Skipping extension 'colcon_notification.desktop_notification.win32': Not used on non-Windows systems
[1.108s] INFO:colcon.colcon_notification.desktop_notification:Sending desktop notification using 'notify2'
[1.126s] DEBUG:colcon.colcon_core.event_reactor:joined thread
[1.127s] INFO:colcon.colcon_core.shell:Creating prefix script '/home/punk-opc/Documents/Davides_Simulation/Pronto_Estimator/install/local_setup.ps1'
[1.128s] INFO:colcon.colcon_core.shell:Creating prefix util module '/home/punk-opc/Documents/Davides_Simulation/Pronto_Estimator/install/_local_setup_util_ps1.py'
[1.130s] INFO:colcon.colcon_core.shell:Creating prefix chain script '/home/punk-opc/Documents/Davides_Simulation/Pronto_Estimator/install/setup.ps1'
[1.134s] INFO:colcon.colcon_core.shell:Creating prefix script '/home/punk-opc/Documents/Davides_Simulation/Pronto_Estimator/install/local_setup.sh'
[1.135s] INFO:colcon.colcon_core.shell:Creating prefix util module '/home/punk-opc/Documents/Davides_Simulation/Pronto_Estimator/install/_local_setup_util_sh.py'
[1.136s] INFO:colcon.colcon_core.shell:Creating prefix chain script '/home/punk-opc/Documents/Davides_Simulation/Pronto_Estimator/install/setup.sh'
[1.141s] INFO:colcon.colcon_core.shell:Creating prefix script '/home/punk-opc/Documents/Davides_Simulation/Pronto_Estimator/install/local_setup.bash'
[1.142s] INFO:colcon.colcon_core.shell:Creating prefix chain script '/home/punk-opc/Documents/Davides_Simulation/Pronto_Estimator/install/setup.bash'
[1.147s] INFO:colcon.colcon_core.shell:Creating prefix script '/home/punk-opc/Documents/Davides_Simulation/Pronto_Estimator/install/local_setup.zsh'
[1.148s] INFO:colcon.colcon_core.shell:Creating prefix chain script '/home/punk-opc/Documents/Davides_Simulation/Pronto_Estimator/install/setup.zsh'
