[0/1] Re-running CMake...
-- Found ament_cmake: 0.9.8 (/home/anymalopc/MATLAB/sys/ros2/glnxa64/ros2/share/ament_cmake/cmake)
-- Found PythonInterp: /home/anymalopc/.matlab/R2023a/ros2/glnxa64/venv/bin/python3 (found suitable version "3.8.10", minimum required is "3") 
-- Using PYTHON_EXECUTABLE: /home/anymalopc/.matlab/R2023a/ros2/glnxa64/venv/bin/python3
-- Found ament_cmake_ros: 0.9.2 (/home/anymalopc/MATLAB/sys/ros2/glnxa64/ros2/share/ament_cmake_ros/cmake)
-- Found rosidl_typesupport_c: 1.0.2 (/home/anymalopc/MATLAB/sys/ros2/glnxa64/ros2/share/rosidl_typesupport_c/cmake)
-- Using all available rosidl_typesupport_c: rosidl_typesupport_fastrtps_c;rosidl_typesupport_introspection_c
-- Found rosidl_adapter: 1.2.1 (/home/anymalopc/MATLAB/sys/ros2/glnxa64/ros2/share/rosidl_adapter/cmake)
-- Found rosidl_typesupport_cpp: 1.0.2 (/home/anymalopc/MATLAB/sys/ros2/glnxa64/ros2/share/rosidl_typesupport_cpp/cmake)
-- Using all available rosidl_typesupport_cpp: rosidl_typesupport_fastrtps_cpp;rosidl_typesupport_introspection_cpp
-- Found rosidl_default_generators: 1.0.1 (/home/anymalopc/MATLAB/sys/ros2/glnxa64/ros2/share/rosidl_default_generators/cmake)
-- Found class_loader: 2.0.2 (/home/anymalopc/MATLAB/sys/ros2/glnxa64/ros2/share/class_loader/cmake)
-- Found rclcpp: 2.3.1 (/home/anymalopc/MATLAB/sys/ros2/glnxa64/ros2/share/rclcpp/cmake)
-- Found rmw_implementation_cmake: 1.0.3 (/home/anymalopc/MATLAB/sys/ros2/glnxa64/ros2/share/rmw_implementation_cmake/cmake)
-- Using RMW implementation 'rmw_fastrtps_cpp' as default
-- Found std_msgs: 2.0.4 (/home/anymalopc/MATLAB/sys/ros2/glnxa64/ros2/share/std_msgs/cmake)
-- Found PythonInterp: /home/anymalopc/.matlab/R2023a/ros2/glnxa64/venv/bin/python3 (found version "3.8.10") 
-- Using all available rosidl_typesupport_c: rosidl_typesupport_fastrtps_c;rosidl_typesupport_introspection_c
-- Using all available rosidl_typesupport_cpp: rosidl_typesupport_fastrtps_cpp;rosidl_typesupport_introspection_cpp
-- Configuring done
-- Generating done
-- Build files have been written to: /home/anymalopc/docker_pronto_estimator/src/matlab_msg_gen/glnxa64/build/pi3hat_moteus_int_msgs
ninja: no work to do.
-- Install configuration: "Release"
-- Up-to-date: /home/anymalopc/docker_pronto_estimator/src/matlab_msg_gen/glnxa64/install/share/ament_index/resource_index/rosidl_interfaces/pi3hat_moteus_int_msgs
-- Up-to-date: /home/anymalopc/docker_pronto_estimator/src/matlab_msg_gen/glnxa64/install/include/pi3hat_moteus_int_msgs
-- Up-to-date: /home/anymalopc/docker_pronto_estimator/src/matlab_msg_gen/glnxa64/install/include/pi3hat_moteus_int_msgs/msg
-- Up-to-date: /home/anymalopc/docker_pronto_estimator/src/matlab_msg_gen/glnxa64/install/include/pi3hat_moteus_int_msgs/msg/rosidl_generator_c__visibility_control.h
-- Up-to-date: /home/anymalopc/docker_pronto_estimator/src/matlab_msg_gen/glnxa64/install/include/pi3hat_moteus_int_msgs/msg/joints_command.h
-- Up-to-date: /home/anymalopc/docker_pronto_estimator/src/matlab_msg_gen/glnxa64/install/include/pi3hat_moteus_int_msgs/msg/joints_states.h
-- Up-to-date: /home/anymalopc/docker_pronto_estimator/src/matlab_msg_gen/glnxa64/install/include/pi3hat_moteus_int_msgs/msg/detail
-- Up-to-date: /home/anymalopc/docker_pronto_estimator/src/matlab_msg_gen/glnxa64/install/include/pi3hat_moteus_int_msgs/msg/detail/omni_mulinex_command__type_support.h
-- Up-to-date: /home/anymalopc/docker_pronto_estimator/src/matlab_msg_gen/glnxa64/install/include/pi3hat_moteus_int_msgs/msg/detail/joints_command__struct.h
-- Up-to-date: /home/anymalopc/docker_pronto_estimator/src/matlab_msg_gen/glnxa64/install/include/pi3hat_moteus_int_msgs/msg/detail/joints_command__type_support.h
-- Up-to-date: /home/anymalopc/docker_pronto_estimator/src/matlab_msg_gen/glnxa64/install/include/pi3hat_moteus_int_msgs/msg/detail/packet_pass__functions.h
-- Up-to-date: /home/anymalopc/docker_pronto_estimator/src/matlab_msg_gen/glnxa64/install/include/pi3hat_moteus_int_msgs/msg/detail/omni_mulinex_command__functions.c
-- Up-to-date: /home/anymalopc/docker_pronto_estimator/src/matlab_msg_gen/glnxa64/install/include/pi3hat_moteus_int_msgs/msg/detail/packet_pass__type_support.h
-- Up-to-date: /home/anymalopc/docker_pronto_estimator/src/matlab_msg_gen/glnxa64/install/include/pi3hat_moteus_int_msgs/msg/detail/joints_states__struct.h
-- Up-to-date: /home/anymalopc/docker_pronto_estimator/src/matlab_msg_gen/glnxa64/install/include/pi3hat_moteus_int_msgs/msg/detail/packet_pass__functions.c
-- Up-to-date: /home/anymalopc/docker_pronto_estimator/src/matlab_msg_gen/glnxa64/install/include/pi3hat_moteus_int_msgs/msg/detail/joints_states__functions.c
-- Up-to-date: /home/anymalopc/docker_pronto_estimator/src/matlab_msg_gen/glnxa64/install/include/pi3hat_moteus_int_msgs/msg/detail/joints_states__type_support.h
-- Up-to-date: /home/anymalopc/docker_pronto_estimator/src/matlab_msg_gen/glnxa64/install/include/pi3hat_moteus_int_msgs/msg/detail/joints_command__functions.c
-- Up-to-date: /home/anymalopc/docker_pronto_estimator/src/matlab_msg_gen/glnxa64/install/include/pi3hat_moteus_int_msgs/msg/detail/omni_mulinex_command__functions.h
-- Up-to-date: /home/anymalopc/docker_pronto_estimator/src/matlab_msg_gen/glnxa64/install/include/pi3hat_moteus_int_msgs/msg/detail/joints_states__functions.h
-- Up-to-date: /home/anymalopc/docker_pronto_estimator/src/matlab_msg_gen/glnxa64/install/include/pi3hat_moteus_int_msgs/msg/detail/joints_command__functions.h
-- Up-to-date: /home/anymalopc/docker_pronto_estimator/src/matlab_msg_gen/glnxa64/install/include/pi3hat_moteus_int_msgs/msg/detail/packet_pass__struct.h
-- Up-to-date: /home/anymalopc/docker_pronto_estimator/src/matlab_msg_gen/glnxa64/install/include/pi3hat_moteus_int_msgs/msg/detail/omni_mulinex_command__struct.h
-- Up-to-date: /home/anymalopc/docker_pronto_estimator/src/matlab_msg_gen/glnxa64/install/include/pi3hat_moteus_int_msgs/msg/omni_mulinex_command.h
-- Up-to-date: /home/anymalopc/docker_pronto_estimator/src/matlab_msg_gen/glnxa64/install/include/pi3hat_moteus_int_msgs/msg/packet_pass.h
-- Up-to-date: /home/anymalopc/docker_pronto_estimator/src/matlab_msg_gen/glnxa64/install/share/pi3hat_moteus_int_msgs/environment/library_path.sh
-- Installing: /home/anymalopc/docker_pronto_estimator/src/matlab_msg_gen/glnxa64/install/share/pi3hat_moteus_int_msgs/environment/library_path.dsv
-- Up-to-date: /home/anymalopc/docker_pronto_estimator/src/matlab_msg_gen/glnxa64/install/lib/libpi3hat_moteus_int_msgs__rosidl_generator_c.so
-- Up-to-date: /home/anymalopc/docker_pronto_estimator/src/matlab_msg_gen/glnxa64/install/include/pi3hat_moteus_int_msgs
-- Up-to-date: /home/anymalopc/docker_pronto_estimator/src/matlab_msg_gen/glnxa64/install/include/pi3hat_moteus_int_msgs/msg
-- Up-to-date: /home/anymalopc/docker_pronto_estimator/src/matlab_msg_gen/glnxa64/install/include/pi3hat_moteus_int_msgs/msg/detail
-- Up-to-date: /home/anymalopc/docker_pronto_estimator/src/matlab_msg_gen/glnxa64/install/include/pi3hat_moteus_int_msgs/msg/detail/joints_command__rosidl_typesupport_fastrtps_c.h
-- Up-to-date: /home/anymalopc/docker_pronto_estimator/src/matlab_msg_gen/glnxa64/install/include/pi3hat_moteus_int_msgs/msg/detail/omni_mulinex_command__rosidl_typesupport_fastrtps_c.h
-- Up-to-date: /home/anymalopc/docker_pronto_estimator/src/matlab_msg_gen/glnxa64/install/include/pi3hat_moteus_int_msgs/msg/detail/packet_pass__rosidl_typesupport_fastrtps_c.h
-- Up-to-date: /home/anymalopc/docker_pronto_estimator/src/matlab_msg_gen/glnxa64/install/include/pi3hat_moteus_int_msgs/msg/detail/joints_states__rosidl_typesupport_fastrtps_c.h
-- Up-to-date: /home/anymalopc/docker_pronto_estimator/src/matlab_msg_gen/glnxa64/install/include/pi3hat_moteus_int_msgs/msg/rosidl_typesupport_fastrtps_c__visibility_control.h
-- Up-to-date: /home/anymalopc/docker_pronto_estimator/src/matlab_msg_gen/glnxa64/install/lib/libpi3hat_moteus_int_msgs__rosidl_typesupport_fastrtps_c.so
-- Up-to-date: /home/anymalopc/docker_pronto_estimator/src/matlab_msg_gen/glnxa64/install/include/pi3hat_moteus_int_msgs
-- Up-to-date: /home/anymalopc/docker_pronto_estimator/src/matlab_msg_gen/glnxa64/install/include/pi3hat_moteus_int_msgs/msg
-- Up-to-date: /home/anymalopc/docker_pronto_estimator/src/matlab_msg_gen/glnxa64/install/include/pi3hat_moteus_int_msgs/msg/detail
-- Up-to-date: /home/anymalopc/docker_pronto_estimator/src/matlab_msg_gen/glnxa64/install/include/pi3hat_moteus_int_msgs/msg/detail/dds_fastrtps
-- Up-to-date: /home/anymalopc/docker_pronto_estimator/src/matlab_msg_gen/glnxa64/install/include/pi3hat_moteus_int_msgs/msg/detail/joints_states__rosidl_typesupport_fastrtps_cpp.hpp
-- Up-to-date: /home/anymalopc/docker_pronto_estimator/src/matlab_msg_gen/glnxa64/install/include/pi3hat_moteus_int_msgs/msg/detail/joints_command__rosidl_typesupport_fastrtps_cpp.hpp
-- Up-to-date: /home/anymalopc/docker_pronto_estimator/src/matlab_msg_gen/glnxa64/install/include/pi3hat_moteus_int_msgs/msg/detail/omni_mulinex_command__rosidl_typesupport_fastrtps_cpp.hpp
-- Up-to-date: /home/anymalopc/docker_pronto_estimator/src/matlab_msg_gen/glnxa64/install/include/pi3hat_moteus_int_msgs/msg/detail/packet_pass__rosidl_typesupport_fastrtps_cpp.hpp
-- Up-to-date: /home/anymalopc/docker_pronto_estimator/src/matlab_msg_gen/glnxa64/install/include/pi3hat_moteus_int_msgs/msg/rosidl_typesupport_fastrtps_cpp__visibility_control.h
-- Up-to-date: /home/anymalopc/docker_pronto_estimator/src/matlab_msg_gen/glnxa64/install/lib/libpi3hat_moteus_int_msgs__rosidl_typesupport_fastrtps_cpp.so
-- Up-to-date: /home/anymalopc/docker_pronto_estimator/src/matlab_msg_gen/glnxa64/install/include/pi3hat_moteus_int_msgs
-- Up-to-date: /home/anymalopc/docker_pronto_estimator/src/matlab_msg_gen/glnxa64/install/include/pi3hat_moteus_int_msgs/msg
-- Up-to-date: /home/anymalopc/docker_pronto_estimator/src/matlab_msg_gen/glnxa64/install/include/pi3hat_moteus_int_msgs/msg/detail
-- Up-to-date: /home/anymalopc/docker_pronto_estimator/src/matlab_msg_gen/glnxa64/install/include/pi3hat_moteus_int_msgs/msg/detail/packet_pass__type_support.c
-- Up-to-date: /home/anymalopc/docker_pronto_estimator/src/matlab_msg_gen/glnxa64/install/include/pi3hat_moteus_int_msgs/msg/detail/joints_command__rosidl_typesupport_introspection_c.h
-- Up-to-date: /home/anymalopc/docker_pronto_estimator/src/matlab_msg_gen/glnxa64/install/include/pi3hat_moteus_int_msgs/msg/detail/joints_command__type_support.c
-- Up-to-date: /home/anymalopc/docker_pronto_estimator/src/matlab_msg_gen/glnxa64/install/include/pi3hat_moteus_int_msgs/msg/detail/omni_mulinex_command__rosidl_typesupport_introspection_c.h
-- Up-to-date: /home/anymalopc/docker_pronto_estimator/src/matlab_msg_gen/glnxa64/install/include/pi3hat_moteus_int_msgs/msg/detail/joints_states__type_support.c
-- Up-to-date: /home/anymalopc/docker_pronto_estimator/src/matlab_msg_gen/glnxa64/install/include/pi3hat_moteus_int_msgs/msg/detail/packet_pass__rosidl_typesupport_introspection_c.h
-- Up-to-date: /home/anymalopc/docker_pronto_estimator/src/matlab_msg_gen/glnxa64/install/include/pi3hat_moteus_int_msgs/msg/detail/joints_states__rosidl_typesupport_introspection_c.h
-- Up-to-date: /home/anymalopc/docker_pronto_estimator/src/matlab_msg_gen/glnxa64/install/include/pi3hat_moteus_int_msgs/msg/detail/omni_mulinex_command__type_support.c
-- Up-to-date: /home/anymalopc/docker_pronto_estimator/src/matlab_msg_gen/glnxa64/install/include/pi3hat_moteus_int_msgs/msg/rosidl_typesupport_introspection_c__visibility_control.h
-- Up-to-date: /home/anymalopc/docker_pronto_estimator/src/matlab_msg_gen/glnxa64/install/lib/libpi3hat_moteus_int_msgs__rosidl_typesupport_introspection_c.so
-- Up-to-date: /home/anymalopc/docker_pronto_estimator/src/matlab_msg_gen/glnxa64/install/lib/libpi3hat_moteus_int_msgs__rosidl_typesupport_c.so
-- Up-to-date: /home/anymalopc/docker_pronto_estimator/src/matlab_msg_gen/glnxa64/install/include/pi3hat_moteus_int_msgs
-- Up-to-date: /home/anymalopc/docker_pronto_estimator/src/matlab_msg_gen/glnxa64/install/include/pi3hat_moteus_int_msgs/msg
-- Up-to-date: /home/anymalopc/docker_pronto_estimator/src/matlab_msg_gen/glnxa64/install/include/pi3hat_moteus_int_msgs/msg/detail
-- Up-to-date: /home/anymalopc/docker_pronto_estimator/src/matlab_msg_gen/glnxa64/install/include/pi3hat_moteus_int_msgs/msg/detail/joints_states__builder.hpp
-- Up-to-date: /home/anymalopc/docker_pronto_estimator/src/matlab_msg_gen/glnxa64/install/include/pi3hat_moteus_int_msgs/msg/detail/joints_states__struct.hpp
-- Up-to-date: /home/anymalopc/docker_pronto_estimator/src/matlab_msg_gen/glnxa64/install/include/pi3hat_moteus_int_msgs/msg/detail/packet_pass__traits.hpp
-- Up-to-date: /home/anymalopc/docker_pronto_estimator/src/matlab_msg_gen/glnxa64/install/include/pi3hat_moteus_int_msgs/msg/detail/joints_command__builder.hpp
-- Up-to-date: /home/anymalopc/docker_pronto_estimator/src/matlab_msg_gen/glnxa64/install/include/pi3hat_moteus_int_msgs/msg/detail/omni_mulinex_command__traits.hpp
-- Up-to-date: /home/anymalopc/docker_pronto_estimator/src/matlab_msg_gen/glnxa64/install/include/pi3hat_moteus_int_msgs/msg/detail/packet_pass__builder.hpp
-- Up-to-date: /home/anymalopc/docker_pronto_estimator/src/matlab_msg_gen/glnxa64/install/include/pi3hat_moteus_int_msgs/msg/detail/joints_states__traits.hpp
-- Up-to-date: /home/anymalopc/docker_pronto_estimator/src/matlab_msg_gen/glnxa64/install/include/pi3hat_moteus_int_msgs/msg/detail/omni_mulinex_command__builder.hpp
-- Up-to-date: /home/anymalopc/docker_pronto_estimator/src/matlab_msg_gen/glnxa64/install/include/pi3hat_moteus_int_msgs/msg/detail/joints_command__struct.hpp
-- Up-to-date: /home/anymalopc/docker_pronto_estimator/src/matlab_msg_gen/glnxa64/install/include/pi3hat_moteus_int_msgs/msg/detail/packet_pass__struct.hpp
-- Up-to-date: /home/anymalopc/docker_pronto_estimator/src/matlab_msg_gen/glnxa64/install/include/pi3hat_moteus_int_msgs/msg/detail/omni_mulinex_command__struct.hpp
-- Up-to-date: /home/anymalopc/docker_pronto_estimator/src/matlab_msg_gen/glnxa64/install/include/pi3hat_moteus_int_msgs/msg/detail/joints_command__traits.hpp
-- Up-to-date: /home/anymalopc/docker_pronto_estimator/src/matlab_msg_gen/glnxa64/install/include/pi3hat_moteus_int_msgs/msg/joints_command.hpp
-- Up-to-date: /home/anymalopc/docker_pronto_estimator/src/matlab_msg_gen/glnxa64/install/include/pi3hat_moteus_int_msgs/msg/packet_pass.hpp
-- Up-to-date: /home/anymalopc/docker_pronto_estimator/src/matlab_msg_gen/glnxa64/install/include/pi3hat_moteus_int_msgs/msg/joints_states.hpp
-- Up-to-date: /home/anymalopc/docker_pronto_estimator/src/matlab_msg_gen/glnxa64/install/include/pi3hat_moteus_int_msgs/msg/omni_mulinex_command.hpp
-- Up-to-date: /home/anymalopc/docker_pronto_estimator/src/matlab_msg_gen/glnxa64/install/include/pi3hat_moteus_int_msgs
-- Up-to-date: /home/anymalopc/docker_pronto_estimator/src/matlab_msg_gen/glnxa64/install/include/pi3hat_moteus_int_msgs/msg
-- Up-to-date: /home/anymalopc/docker_pronto_estimator/src/matlab_msg_gen/glnxa64/install/include/pi3hat_moteus_int_msgs/msg/detail
-- Up-to-date: /home/anymalopc/docker_pronto_estimator/src/matlab_msg_gen/glnxa64/install/include/pi3hat_moteus_int_msgs/msg/detail/omni_mulinex_command__rosidl_typesupport_introspection_cpp.hpp
-- Up-to-date: /home/anymalopc/docker_pronto_estimator/src/matlab_msg_gen/glnxa64/install/include/pi3hat_moteus_int_msgs/msg/detail/joints_states__rosidl_typesupport_introspection_cpp.hpp
-- Up-to-date: /home/anymalopc/docker_pronto_estimator/src/matlab_msg_gen/glnxa64/install/include/pi3hat_moteus_int_msgs/msg/detail/joints_states__type_support.cpp
-- Up-to-date: /home/anymalopc/docker_pronto_estimator/src/matlab_msg_gen/glnxa64/install/include/pi3hat_moteus_int_msgs/msg/detail/packet_pass__rosidl_typesupport_introspection_cpp.hpp
-- Up-to-date: /home/anymalopc/docker_pronto_estimator/src/matlab_msg_gen/glnxa64/install/include/pi3hat_moteus_int_msgs/msg/detail/packet_pass__type_support.cpp
-- Up-to-date: /home/anymalopc/docker_pronto_estimator/src/matlab_msg_gen/glnxa64/install/include/pi3hat_moteus_int_msgs/msg/detail/joints_command__rosidl_typesupport_introspection_cpp.hpp
-- Up-to-date: /home/anymalopc/docker_pronto_estimator/src/matlab_msg_gen/glnxa64/install/include/pi3hat_moteus_int_msgs/msg/detail/joints_command__type_support.cpp
-- Up-to-date: /home/anymalopc/docker_pronto_estimator/src/matlab_msg_gen/glnxa64/install/include/pi3hat_moteus_int_msgs/msg/detail/omni_mulinex_command__type_support.cpp
-- Up-to-date: /home/anymalopc/docker_pronto_estimator/src/matlab_msg_gen/glnxa64/install/lib/libpi3hat_moteus_int_msgs__rosidl_typesupport_introspection_cpp.so
-- Up-to-date: /home/anymalopc/docker_pronto_estimator/src/matlab_msg_gen/glnxa64/install/lib/libpi3hat_moteus_int_msgs__rosidl_typesupport_cpp.so
-- Up-to-date: /home/anymalopc/docker_pronto_estimator/src/matlab_msg_gen/glnxa64/install/share/pi3hat_moteus_int_msgs/msg/JointsCommand.idl
-- Up-to-date: /home/anymalopc/docker_pronto_estimator/src/matlab_msg_gen/glnxa64/install/share/pi3hat_moteus_int_msgs/msg/JointsStates.idl
-- Up-to-date: /home/anymalopc/docker_pronto_estimator/src/matlab_msg_gen/glnxa64/install/share/pi3hat_moteus_int_msgs/msg/OmniMulinexCommand.idl
-- Up-to-date: /home/anymalopc/docker_pronto_estimator/src/matlab_msg_gen/glnxa64/install/share/pi3hat_moteus_int_msgs/msg/PacketPass.idl
-- Up-to-date: /home/anymalopc/docker_pronto_estimator/src/matlab_msg_gen/glnxa64/install/share/pi3hat_moteus_int_msgs/msg/JointsCommand.msg
-- Up-to-date: /home/anymalopc/docker_pronto_estimator/src/matlab_msg_gen/glnxa64/install/share/pi3hat_moteus_int_msgs/msg/JointsStates.msg
-- Up-to-date: /home/anymalopc/docker_pronto_estimator/src/matlab_msg_gen/glnxa64/install/share/pi3hat_moteus_int_msgs/msg/OmniMulinexCommand.msg
-- Up-to-date: /home/anymalopc/docker_pronto_estimator/src/matlab_msg_gen/glnxa64/install/share/pi3hat_moteus_int_msgs/msg/PacketPass.msg
-- Up-to-date: /home/anymalopc/docker_pronto_estimator/src/matlab_msg_gen/glnxa64/install/include
-- Up-to-date: /home/anymalopc/docker_pronto_estimator/src/matlab_msg_gen/glnxa64/install/include/pi3hat_moteus_int_msgs
-- Up-to-date: /home/anymalopc/docker_pronto_estimator/src/matlab_msg_gen/glnxa64/install/include/pi3hat_moteus_int_msgs/visibility_control.h
-- Up-to-date: /home/anymalopc/docker_pronto_estimator/src/matlab_msg_gen/glnxa64/install/lib/libpi3hat_moteus_int_msgs_matlab.so
-- Up-to-date: /home/anymalopc/docker_pronto_estimator/src/matlab_msg_gen/glnxa64/install/m/
-- Up-to-date: /home/anymalopc/docker_pronto_estimator/src/matlab_msg_gen/glnxa64/install/m//+ros
-- Up-to-date: /home/anymalopc/docker_pronto_estimator/src/matlab_msg_gen/glnxa64/install/m//+ros/+internal
-- Up-to-date: /home/anymalopc/docker_pronto_estimator/src/matlab_msg_gen/glnxa64/install/m//+ros/+internal/+ros2
-- Up-to-date: /home/anymalopc/docker_pronto_estimator/src/matlab_msg_gen/glnxa64/install/m//+ros/+internal/+ros2/+custommessages
-- Up-to-date: /home/anymalopc/docker_pronto_estimator/src/matlab_msg_gen/glnxa64/install/m//+ros/+internal/+ros2/+custommessages/+pi3hat_moteus_int_msgs
-- Up-to-date: /home/anymalopc/docker_pronto_estimator/src/matlab_msg_gen/glnxa64/install/m//+ros/+internal/+ros2/+custommessages/+pi3hat_moteus_int_msgs/packetPass.m
-- Up-to-date: /home/anymalopc/docker_pronto_estimator/src/matlab_msg_gen/glnxa64/install/m//+ros/+internal/+ros2/+custommessages/+pi3hat_moteus_int_msgs/omniMulinexCommand.m
-- Up-to-date: /home/anymalopc/docker_pronto_estimator/src/matlab_msg_gen/glnxa64/install/m//+ros/+internal/+ros2/+custommessages/+pi3hat_moteus_int_msgs/pi3hat_moteus_int_msgs_msg_OmniMulinexCommand_2To1_Converter.m
-- Up-to-date: /home/anymalopc/docker_pronto_estimator/src/matlab_msg_gen/glnxa64/install/m//+ros/+internal/+ros2/+custommessages/+pi3hat_moteus_int_msgs/pi3hat_moteus_int_msgs_msg_JointsCommand_2To1_Converter.m
-- Up-to-date: /home/anymalopc/docker_pronto_estimator/src/matlab_msg_gen/glnxa64/install/m//+ros/+internal/+ros2/+custommessages/+pi3hat_moteus_int_msgs/pi3hat_moteus_int_msgs_msg_JointsStates_2To1_Converter.m
-- Up-to-date: /home/anymalopc/docker_pronto_estimator/src/matlab_msg_gen/glnxa64/install/m//+ros/+internal/+ros2/+custommessages/+pi3hat_moteus_int_msgs/jointsStates.m
-- Up-to-date: /home/anymalopc/docker_pronto_estimator/src/matlab_msg_gen/glnxa64/install/m//+ros/+internal/+ros2/+custommessages/+pi3hat_moteus_int_msgs/pi3hat_moteus_int_msgs_msg_JointsCommand_1To2_Converter.m
-- Up-to-date: /home/anymalopc/docker_pronto_estimator/src/matlab_msg_gen/glnxa64/install/m//+ros/+internal/+ros2/+custommessages/+pi3hat_moteus_int_msgs/pi3hat_moteus_int_msgs_msg_PacketPass_2To1_Converter.m
-- Up-to-date: /home/anymalopc/docker_pronto_estimator/src/matlab_msg_gen/glnxa64/install/m//+ros/+internal/+ros2/+custommessages/+pi3hat_moteus_int_msgs/pi3hat_moteus_int_msgs_msg_OmniMulinexCommand_1To2_Converter.m
-- Up-to-date: /home/anymalopc/docker_pronto_estimator/src/matlab_msg_gen/glnxa64/install/m//+ros/+internal/+ros2/+custommessages/+pi3hat_moteus_int_msgs/pi3hat_moteus_int_msgs_msg_PacketPass_1To2_Converter.m
-- Up-to-date: /home/anymalopc/docker_pronto_estimator/src/matlab_msg_gen/glnxa64/install/m//+ros/+internal/+ros2/+custommessages/+pi3hat_moteus_int_msgs/jointsCommand.m
-- Up-to-date: /home/anymalopc/docker_pronto_estimator/src/matlab_msg_gen/glnxa64/install/m//+ros/+internal/+ros2/+custommessages/+pi3hat_moteus_int_msgs/pi3hat_moteus_int_msgs_msg_JointsStates_1To2_Converter.m
-- Up-to-date: /home/anymalopc/docker_pronto_estimator/src/matlab_msg_gen/glnxa64/install/share/ament_index/resource_index/package_run_dependencies/pi3hat_moteus_int_msgs
-- Up-to-date: /home/anymalopc/docker_pronto_estimator/src/matlab_msg_gen/glnxa64/install/share/ament_index/resource_index/parent_prefix_path/pi3hat_moteus_int_msgs
-- Up-to-date: /home/anymalopc/docker_pronto_estimator/src/matlab_msg_gen/glnxa64/install/share/pi3hat_moteus_int_msgs/environment/ament_prefix_path.sh
-- Installing: /home/anymalopc/docker_pronto_estimator/src/matlab_msg_gen/glnxa64/install/share/pi3hat_moteus_int_msgs/environment/ament_prefix_path.dsv
-- Up-to-date: /home/anymalopc/docker_pronto_estimator/src/matlab_msg_gen/glnxa64/install/share/pi3hat_moteus_int_msgs/environment/path.sh
-- Installing: /home/anymalopc/docker_pronto_estimator/src/matlab_msg_gen/glnxa64/install/share/pi3hat_moteus_int_msgs/environment/path.dsv
-- Up-to-date: /home/anymalopc/docker_pronto_estimator/src/matlab_msg_gen/glnxa64/install/share/pi3hat_moteus_int_msgs/local_setup.bash
-- Up-to-date: /home/anymalopc/docker_pronto_estimator/src/matlab_msg_gen/glnxa64/install/share/pi3hat_moteus_int_msgs/local_setup.sh
-- Up-to-date: /home/anymalopc/docker_pronto_estimator/src/matlab_msg_gen/glnxa64/install/share/pi3hat_moteus_int_msgs/local_setup.zsh
-- Installing: /home/anymalopc/docker_pronto_estimator/src/matlab_msg_gen/glnxa64/install/share/pi3hat_moteus_int_msgs/local_setup.dsv
-- Installing: /home/anymalopc/docker_pronto_estimator/src/matlab_msg_gen/glnxa64/install/share/pi3hat_moteus_int_msgs/package.dsv
-- Up-to-date: /home/anymalopc/docker_pronto_estimator/src/matlab_msg_gen/glnxa64/install/share/ament_index/resource_index/packages/pi3hat_moteus_int_msgs
-- Up-to-date: /home/anymalopc/docker_pronto_estimator/src/matlab_msg_gen/glnxa64/install/share/pi3hat_moteus_int_msgs/cmake/pi3hat_moteus_int_msgs__rosidl_generator_cExport.cmake
-- Installing: /home/anymalopc/docker_pronto_estimator/src/matlab_msg_gen/glnxa64/install/share/pi3hat_moteus_int_msgs/cmake/pi3hat_moteus_int_msgs__rosidl_generator_cExport-release.cmake
-- Up-to-date: /home/anymalopc/docker_pronto_estimator/src/matlab_msg_gen/glnxa64/install/share/pi3hat_moteus_int_msgs/cmake/pi3hat_moteus_int_msgs__rosidl_typesupport_introspection_cExport.cmake
-- Installing: /home/anymalopc/docker_pronto_estimator/src/matlab_msg_gen/glnxa64/install/share/pi3hat_moteus_int_msgs/cmake/pi3hat_moteus_int_msgs__rosidl_typesupport_introspection_cExport-release.cmake
-- Up-to-date: /home/anymalopc/docker_pronto_estimator/src/matlab_msg_gen/glnxa64/install/share/pi3hat_moteus_int_msgs/cmake/pi3hat_moteus_int_msgs__rosidl_typesupport_cExport.cmake
-- Installing: /home/anymalopc/docker_pronto_estimator/src/matlab_msg_gen/glnxa64/install/share/pi3hat_moteus_int_msgs/cmake/pi3hat_moteus_int_msgs__rosidl_typesupport_cExport-release.cmake
-- Up-to-date: /home/anymalopc/docker_pronto_estimator/src/matlab_msg_gen/glnxa64/install/share/pi3hat_moteus_int_msgs/cmake/pi3hat_moteus_int_msgs__rosidl_generator_cppExport.cmake
-- Up-to-date: /home/anymalopc/docker_pronto_estimator/src/matlab_msg_gen/glnxa64/install/share/pi3hat_moteus_int_msgs/cmake/pi3hat_moteus_int_msgs__rosidl_typesupport_introspection_cppExport.cmake
-- Installing: /home/anymalopc/docker_pronto_estimator/src/matlab_msg_gen/glnxa64/install/share/pi3hat_moteus_int_msgs/cmake/pi3hat_moteus_int_msgs__rosidl_typesupport_introspection_cppExport-release.cmake
-- Up-to-date: /home/anymalopc/docker_pronto_estimator/src/matlab_msg_gen/glnxa64/install/share/pi3hat_moteus_int_msgs/cmake/pi3hat_moteus_int_msgs__rosidl_typesupport_cppExport.cmake
-- Installing: /home/anymalopc/docker_pronto_estimator/src/matlab_msg_gen/glnxa64/install/share/pi3hat_moteus_int_msgs/cmake/pi3hat_moteus_int_msgs__rosidl_typesupport_cppExport-release.cmake
-- Up-to-date: /home/anymalopc/docker_pronto_estimator/src/matlab_msg_gen/glnxa64/install/share/pi3hat_moteus_int_msgs/cmake/rosidl_cmake-extras.cmake
-- Up-to-date: /home/anymalopc/docker_pronto_estimator/src/matlab_msg_gen/glnxa64/install/share/pi3hat_moteus_int_msgs/cmake/ament_cmake_export_dependencies-extras.cmake
-- Up-to-date: /home/anymalopc/docker_pronto_estimator/src/matlab_msg_gen/glnxa64/install/share/pi3hat_moteus_int_msgs/cmake/ament_cmake_export_libraries-extras.cmake
-- Up-to-date: /home/anymalopc/docker_pronto_estimator/src/matlab_msg_gen/glnxa64/install/share/pi3hat_moteus_int_msgs/cmake/ament_cmake_export_targets-extras.cmake
-- Up-to-date: /home/anymalopc/docker_pronto_estimator/src/matlab_msg_gen/glnxa64/install/share/pi3hat_moteus_int_msgs/cmake/ament_cmake_export_include_directories-extras.cmake
-- Up-to-date: /home/anymalopc/docker_pronto_estimator/src/matlab_msg_gen/glnxa64/install/share/pi3hat_moteus_int_msgs/cmake/rosidl_cmake_export_typesupport_libraries-extras.cmake
-- Up-to-date: /home/anymalopc/docker_pronto_estimator/src/matlab_msg_gen/glnxa64/install/share/pi3hat_moteus_int_msgs/cmake/rosidl_cmake_export_typesupport_targets-extras.cmake
-- Up-to-date: /home/anymalopc/docker_pronto_estimator/src/matlab_msg_gen/glnxa64/install/share/pi3hat_moteus_int_msgs/cmake/pi3hat_moteus_int_msgsConfig.cmake
-- Up-to-date: /home/anymalopc/docker_pronto_estimator/src/matlab_msg_gen/glnxa64/install/share/pi3hat_moteus_int_msgs/cmake/pi3hat_moteus_int_msgsConfig-version.cmake
-- Installing: /home/anymalopc/docker_pronto_estimator/src/matlab_msg_gen/glnxa64/install/share/pi3hat_moteus_int_msgs/package.xml
