[0.156s] Invoking command in '/home/ros/docker_pronto_ws/build/robot_control': CMAKE_PREFIX_PATH=${CMAKE_PREFIX_PATH}:/home/ros/docker_pronto_ws/install/planners_python:/home/ros/docker_pronto_ws/install/logger_gazebo:/home/ros/docker_pronto_ws/install/terrain_estimator:/home/ros/docker_pronto_ws/install/pose_estimator:/opt/ros/humble /usr/bin/cmake --build /home/ros/docker_pronto_ws/build/robot_control -- -j16 -l16
[0.536s] Invoked command in '/home/ros/docker_pronto_ws/build/robot_control' returned '0': CMAKE_PREFIX_PATH=${CMAKE_PREFIX_PATH}:/home/ros/docker_pronto_ws/install/planners_python:/home/ros/docker_pronto_ws/install/logger_gazebo:/home/ros/docker_pronto_ws/install/terrain_estimator:/home/ros/docker_pronto_ws/install/pose_estimator:/opt/ros/humble /usr/bin/cmake --build /home/ros/docker_pronto_ws/build/robot_control -- -j16 -l16
[0.588s] Invoking command in '/home/ros/docker_pronto_ws/build/robot_control': CMAKE_PREFIX_PATH=${CMAKE_PREFIX_PATH}:/home/ros/docker_pronto_ws/install/planners_python:/home/ros/docker_pronto_ws/install/logger_gazebo:/home/ros/docker_pronto_ws/install/terrain_estimator:/home/ros/docker_pronto_ws/install/pose_estimator:/opt/ros/humble /usr/bin/cmake --install /home/ros/docker_pronto_ws/build/robot_control
[0.600s] -- Install configuration: "Release"
[0.601s] -- Execute custom install script
[0.601s] -- Up-to-date symlink: /home/ros/docker_pronto_ws/install/robot_control/share/robot_control/config/gazebo/anymal_c_controller_effort.yaml
[0.601s] -- Up-to-date symlink: /home/ros/docker_pronto_ws/install/robot_control/share/robot_control/config/gazebo/anymal_c_softfoot_q_controller_effort.yaml
[0.602s] -- Up-to-date symlink: /home/ros/docker_pronto_ws/install/robot_control/share/robot_control/config/gazebo/mulinex_controller_effort.yaml
[0.602s] -- Up-to-date symlink: /home/ros/docker_pronto_ws/install/robot_control/share/robot_control/config/gazebo/solo12_controller_effort.yaml
[0.602s] -- Up-to-date symlink: /home/ros/docker_pronto_ws/install/robot_control/share/ament_index/resource_index/package_run_dependencies/robot_control
[0.602s] -- Up-to-date symlink: /home/ros/docker_pronto_ws/install/robot_control/share/ament_index/resource_index/parent_prefix_path/robot_control
[0.602s] -- Up-to-date symlink: /home/ros/docker_pronto_ws/install/robot_control/share/robot_control/environment/ament_prefix_path.sh
[0.602s] -- Up-to-date symlink: /home/ros/docker_pronto_ws/install/robot_control/share/robot_control/environment/ament_prefix_path.dsv
[0.602s] -- Up-to-date symlink: /home/ros/docker_pronto_ws/install/robot_control/share/robot_control/environment/path.sh
[0.603s] -- Up-to-date symlink: /home/ros/docker_pronto_ws/install/robot_control/share/robot_control/environment/path.dsv
[0.603s] -- Up-to-date symlink: /home/ros/docker_pronto_ws/install/robot_control/share/robot_control/local_setup.bash
[0.603s] -- Up-to-date symlink: /home/ros/docker_pronto_ws/install/robot_control/share/robot_control/local_setup.sh
[0.603s] -- Up-to-date symlink: /home/ros/docker_pronto_ws/install/robot_control/share/robot_control/local_setup.zsh
[0.603s] -- Up-to-date symlink: /home/ros/docker_pronto_ws/install/robot_control/share/robot_control/local_setup.dsv
[0.603s] -- Symlinking: /home/ros/docker_pronto_ws/install/robot_control/share/robot_control/package.dsv
[0.617s] -- Up-to-date symlink: /home/ros/docker_pronto_ws/install/robot_control/share/ament_index/resource_index/packages/robot_control
[0.617s] -- Up-to-date symlink: /home/ros/docker_pronto_ws/install/robot_control/share/robot_control/cmake/robot_controlConfig.cmake
[0.617s] -- Up-to-date symlink: /home/ros/docker_pronto_ws/install/robot_control/share/robot_control/cmake/robot_controlConfig-version.cmake
[0.617s] -- Up-to-date symlink: /home/ros/docker_pronto_ws/install/robot_control/share/robot_control/package.xml
[0.622s] Invoked command in '/home/ros/docker_pronto_ws/build/robot_control' returned '0': CMAKE_PREFIX_PATH=${CMAKE_PREFIX_PATH}:/home/ros/docker_pronto_ws/install/planners_python:/home/ros/docker_pronto_ws/install/logger_gazebo:/home/ros/docker_pronto_ws/install/terrain_estimator:/home/ros/docker_pronto_ws/install/pose_estimator:/opt/ros/humble /usr/bin/cmake --install /home/ros/docker_pronto_ws/build/robot_control
