[35m[1mConsolidate compiler generated dependencies of target static_walk_planner[0m
[ 60%] Built target static_walk_planner
[35m[1mConsolidate compiler generated dependencies of target Test[0m
[100%] Built target Test
-- Install configuration: "Release"
-- Execute custom install script
-- Up-to-date symlink: /home/ros/docker_pronto_ws/install/static_walk_planner/share/static_walk_planner//static_walk_planner_controller.xml
-- Up-to-date symlink: /home/ros/docker_pronto_ws/install/static_walk_planner/share/static_walk_planner/environment/library_path.sh
-- Up-to-date symlink: /home/ros/docker_pronto_ws/install/static_walk_planner/share/static_walk_planner/environment/library_path.dsv
-- Up-to-date symlink: /home/ros/docker_pronto_ws/install/static_walk_planner/include/static_walk_planner/static_walk_planner.hpp
-- Up-to-date symlink: /home/ros/docker_pronto_ws/install/static_walk_planner/include/static_walk_planner/static_walk_planner_controller.hpp
-- Up-to-date symlink: /home/ros/docker_pronto_ws/install/static_walk_planner/share/ament_index/resource_index/package_run_dependencies/static_walk_planner
-- Up-to-date symlink: /home/ros/docker_pronto_ws/install/static_walk_planner/share/ament_index/resource_index/parent_prefix_path/static_walk_planner
-- Up-to-date symlink: /home/ros/docker_pronto_ws/install/static_walk_planner/share/static_walk_planner/environment/ament_prefix_path.sh
-- Up-to-date symlink: /home/ros/docker_pronto_ws/install/static_walk_planner/share/static_walk_planner/environment/ament_prefix_path.dsv
-- Up-to-date symlink: /home/ros/docker_pronto_ws/install/static_walk_planner/share/static_walk_planner/environment/path.sh
-- Up-to-date symlink: /home/ros/docker_pronto_ws/install/static_walk_planner/share/static_walk_planner/environment/path.dsv
-- Up-to-date symlink: /home/ros/docker_pronto_ws/install/static_walk_planner/share/static_walk_planner/local_setup.bash
-- Up-to-date symlink: /home/ros/docker_pronto_ws/install/static_walk_planner/share/static_walk_planner/local_setup.sh
-- Up-to-date symlink: /home/ros/docker_pronto_ws/install/static_walk_planner/share/static_walk_planner/local_setup.zsh
-- Up-to-date symlink: /home/ros/docker_pronto_ws/install/static_walk_planner/share/static_walk_planner/local_setup.dsv
-- Symlinking: /home/ros/docker_pronto_ws/install/static_walk_planner/share/static_walk_planner/package.dsv
-- Up-to-date symlink: /home/ros/docker_pronto_ws/install/static_walk_planner/share/ament_index/resource_index/packages/static_walk_planner
-- Up-to-date symlink: /home/ros/docker_pronto_ws/install/static_walk_planner/share/ament_index/resource_index/controller_interface__pluginlib__plugin/static_walk_planner
-- Up-to-date symlink: /home/ros/docker_pronto_ws/install/static_walk_planner/share/static_walk_planner/cmake/ament_cmake_export_targets-extras.cmake
-- Up-to-date symlink: /home/ros/docker_pronto_ws/install/static_walk_planner/share/static_walk_planner/cmake/ament_cmake_export_dependencies-extras.cmake
-- Up-to-date symlink: /home/ros/docker_pronto_ws/install/static_walk_planner/share/static_walk_planner/cmake/static_walk_plannerConfig.cmake
-- Up-to-date symlink: /home/ros/docker_pronto_ws/install/static_walk_planner/share/static_walk_planner/cmake/static_walk_plannerConfig-version.cmake
-- Up-to-date symlink: /home/ros/docker_pronto_ws/install/static_walk_planner/share/static_walk_planner/package.xml
-- Up-to-date: /home/ros/docker_pronto_ws/install/static_walk_planner/lib/libstatic_walk_planner.so
-- Up-to-date: /home/ros/docker_pronto_ws/install/static_walk_planner/share/static_walk_planner/cmake/static_walk_planner_targetsExport.cmake
-- Up-to-date: /home/ros/docker_pronto_ws/install/static_walk_planner/share/static_walk_planner/cmake/static_walk_planner_targetsExport-release.cmake
