[0.404s] Invoking command in '/home/ros/docker_pronto_ws/build/velocity_command_msgs': CMAKE_PREFIX_PATH=${CMAKE_PREFIX_PATH}:/home/ros/docker_pronto_ws/install/planners_python:/home/ros/docker_pronto_ws/install/logger_gazebo:/home/ros/docker_pronto_ws/install/terrain_estimator:/home/ros/docker_pronto_ws/install/pose_estimator:/opt/ros/humble /usr/bin/cmake --build /home/ros/docker_pronto_ws/build/velocity_command_msgs -- -j16 -l16
[0.473s] [  3%] Built target velocity_command_msgs__cpp
[0.490s] [ 12%] Built target velocity_command_msgs__rosidl_generator_c
[0.495s] [ 12%] Built target ament_cmake_python_symlink_velocity_command_msgs
[0.520s] [ 22%] Built target velocity_command_msgs__rosidl_typesupport_cpp
[0.537s] [ 32%] Built target velocity_command_msgs__rosidl_typesupport_introspection_cpp
[0.542s] [ 41%] Built target velocity_command_msgs__rosidl_typesupport_introspection_c
[0.549s] [ 51%] Built target velocity_command_msgs__rosidl_typesupport_fastrtps_cpp
[0.569s] [ 61%] Built target velocity_command_msgs__rosidl_typesupport_fastrtps_c
[0.569s] [ 70%] Built target velocity_command_msgs__rosidl_typesupport_c
[0.597s] [ 70%] Built target velocity_command_msgs
[0.631s] [ 74%] Built target velocity_command_msgs__py
[0.663s] [ 80%] Built target velocity_command_msgs__rosidl_generator_py
[0.695s] [ 87%] Built target velocity_command_msgs__rosidl_typesupport_fastrtps_c__pyext
[0.695s] [ 93%] Built target velocity_command_msgs__rosidl_typesupport_c__pyext
[0.702s] [100%] Built target velocity_command_msgs__rosidl_typesupport_introspection_c__pyext
[0.815s] running egg_info
[0.815s] writing velocity_command_msgs.egg-info/PKG-INFO
[0.816s] writing dependency_links to velocity_command_msgs.egg-info/dependency_links.txt
[0.816s] writing top-level names to velocity_command_msgs.egg-info/top_level.txt
[0.818s] reading manifest file 'velocity_command_msgs.egg-info/SOURCES.txt'
[0.819s] writing manifest file 'velocity_command_msgs.egg-info/SOURCES.txt'
[0.849s] [100%] Built target ament_cmake_python_build_velocity_command_msgs_egg
[0.861s] Invoked command in '/home/ros/docker_pronto_ws/build/velocity_command_msgs' returned '0': CMAKE_PREFIX_PATH=${CMAKE_PREFIX_PATH}:/home/ros/docker_pronto_ws/install/planners_python:/home/ros/docker_pronto_ws/install/logger_gazebo:/home/ros/docker_pronto_ws/install/terrain_estimator:/home/ros/docker_pronto_ws/install/pose_estimator:/opt/ros/humble /usr/bin/cmake --build /home/ros/docker_pronto_ws/build/velocity_command_msgs -- -j16 -l16
[1.044s] Invoking command in '/home/ros/docker_pronto_ws/build/velocity_command_msgs': CMAKE_PREFIX_PATH=${CMAKE_PREFIX_PATH}:/home/ros/docker_pronto_ws/install/planners_python:/home/ros/docker_pronto_ws/install/logger_gazebo:/home/ros/docker_pronto_ws/install/terrain_estimator:/home/ros/docker_pronto_ws/install/pose_estimator:/opt/ros/humble /usr/bin/cmake --install /home/ros/docker_pronto_ws/build/velocity_command_msgs
[1.093s] -- Install configuration: "Release"
[1.093s] -- Execute custom install script
[1.093s] -- Up-to-date symlink: /home/ros/docker_pronto_ws/install/velocity_command_msgs/share/ament_index/resource_index/rosidl_interfaces/velocity_command_msgs
[1.093s] -- Up-to-date symlink: /home/ros/docker_pronto_ws/install/velocity_command_msgs/include/velocity_command_msgs/velocity_command_msgs/msg/detail/simple_velocity_command__functions.h
[1.094s] -- Up-to-date symlink: /home/ros/docker_pronto_ws/install/velocity_command_msgs/include/velocity_command_msgs/velocity_command_msgs/msg/detail/simple_velocity_command__struct.h
[1.094s] -- Up-to-date symlink: /home/ros/docker_pronto_ws/install/velocity_command_msgs/include/velocity_command_msgs/velocity_command_msgs/msg/detail/simple_velocity_command__type_support.h
[1.094s] -- Up-to-date symlink: /home/ros/docker_pronto_ws/install/velocity_command_msgs/include/velocity_command_msgs/velocity_command_msgs/msg/rosidl_generator_c__visibility_control.h
[1.094s] -- Up-to-date symlink: /home/ros/docker_pronto_ws/install/velocity_command_msgs/include/velocity_command_msgs/velocity_command_msgs/msg/simple_velocity_command.h
[1.094s] -- Up-to-date symlink: /home/ros/docker_pronto_ws/install/velocity_command_msgs/share/velocity_command_msgs/environment/library_path.sh
[1.094s] -- Up-to-date symlink: /home/ros/docker_pronto_ws/install/velocity_command_msgs/share/velocity_command_msgs/environment/library_path.dsv
[1.094s] -- Up-to-date symlink: /home/ros/docker_pronto_ws/install/velocity_command_msgs/include/velocity_command_msgs/velocity_command_msgs/msg/detail/simple_velocity_command__rosidl_typesupport_fastrtps_c.h
[1.095s] -- Up-to-date symlink: /home/ros/docker_pronto_ws/install/velocity_command_msgs/include/velocity_command_msgs/velocity_command_msgs/msg/rosidl_typesupport_fastrtps_c__visibility_control.h
[1.095s] -- Up-to-date symlink: /home/ros/docker_pronto_ws/install/velocity_command_msgs/include/velocity_command_msgs/velocity_command_msgs/msg/detail/simple_velocity_command__rosidl_typesupport_introspection_c.h
[1.095s] -- Up-to-date symlink: /home/ros/docker_pronto_ws/install/velocity_command_msgs/include/velocity_command_msgs/velocity_command_msgs/msg/rosidl_typesupport_introspection_c__visibility_control.h
[1.095s] -- Up-to-date symlink: /home/ros/docker_pronto_ws/install/velocity_command_msgs/include/velocity_command_msgs/velocity_command_msgs/msg/detail/simple_velocity_command__builder.hpp
[1.095s] -- Up-to-date symlink: /home/ros/docker_pronto_ws/install/velocity_command_msgs/include/velocity_command_msgs/velocity_command_msgs/msg/detail/simple_velocity_command__struct.hpp
[1.095s] -- Up-to-date symlink: /home/ros/docker_pronto_ws/install/velocity_command_msgs/include/velocity_command_msgs/velocity_command_msgs/msg/detail/simple_velocity_command__traits.hpp
[1.095s] -- Up-to-date symlink: /home/ros/docker_pronto_ws/install/velocity_command_msgs/include/velocity_command_msgs/velocity_command_msgs/msg/simple_velocity_command.hpp
[1.096s] -- Up-to-date symlink: /home/ros/docker_pronto_ws/install/velocity_command_msgs/include/velocity_command_msgs/velocity_command_msgs/msg/detail/simple_velocity_command__rosidl_typesupport_fastrtps_cpp.hpp
[1.096s] -- Up-to-date symlink: /home/ros/docker_pronto_ws/install/velocity_command_msgs/include/velocity_command_msgs/velocity_command_msgs/msg/rosidl_typesupport_fastrtps_cpp__visibility_control.h
[1.096s] -- Up-to-date symlink: /home/ros/docker_pronto_ws/install/velocity_command_msgs/include/velocity_command_msgs/velocity_command_msgs/msg/detail/simple_velocity_command__rosidl_typesupport_introspection_cpp.hpp
[1.096s] -- Up-to-date symlink: /home/ros/docker_pronto_ws/install/velocity_command_msgs/share/velocity_command_msgs/environment/pythonpath.sh
[1.096s] -- Up-to-date symlink: /home/ros/docker_pronto_ws/install/velocity_command_msgs/share/velocity_command_msgs/environment/pythonpath.dsv
[1.096s] -- Up-to-date symlink: /home/ros/docker_pronto_ws/install/velocity_command_msgs/local/lib/python3.10/dist-packages/velocity_command_msgs-0.0.0-py3.10.egg-info/PKG-INFO
[1.096s] -- Up-to-date symlink: /home/ros/docker_pronto_ws/install/velocity_command_msgs/local/lib/python3.10/dist-packages/velocity_command_msgs-0.0.0-py3.10.egg-info/SOURCES.txt
[1.096s] -- Up-to-date symlink: /home/ros/docker_pronto_ws/install/velocity_command_msgs/local/lib/python3.10/dist-packages/velocity_command_msgs-0.0.0-py3.10.egg-info/dependency_links.txt
[1.096s] -- Up-to-date symlink: /home/ros/docker_pronto_ws/install/velocity_command_msgs/local/lib/python3.10/dist-packages/velocity_command_msgs-0.0.0-py3.10.egg-info/top_level.txt
[1.097s] -- Up-to-date symlink: /home/ros/docker_pronto_ws/install/velocity_command_msgs/local/lib/python3.10/dist-packages/velocity_command_msgs/__init__.py
[1.097s] -- Up-to-date symlink: /home/ros/docker_pronto_ws/install/velocity_command_msgs/local/lib/python3.10/dist-packages/velocity_command_msgs/_velocity_command_msgs_s.ep.rosidl_typesupport_c.c
[1.097s] -- Up-to-date symlink: /home/ros/docker_pronto_ws/install/velocity_command_msgs/local/lib/python3.10/dist-packages/velocity_command_msgs/_velocity_command_msgs_s.ep.rosidl_typesupport_fastrtps_c.c
[1.097s] -- Up-to-date symlink: /home/ros/docker_pronto_ws/install/velocity_command_msgs/local/lib/python3.10/dist-packages/velocity_command_msgs/_velocity_command_msgs_s.ep.rosidl_typesupport_introspection_c.c
[1.097s] -- Up-to-date symlink: /home/ros/docker_pronto_ws/install/velocity_command_msgs/local/lib/python3.10/dist-packages/velocity_command_msgs/libvelocity_command_msgs__rosidl_generator_py.so
[1.097s] -- Up-to-date symlink: /home/ros/docker_pronto_ws/install/velocity_command_msgs/local/lib/python3.10/dist-packages/velocity_command_msgs/msg/__init__.py
[1.098s] -- Up-to-date symlink: /home/ros/docker_pronto_ws/install/velocity_command_msgs/local/lib/python3.10/dist-packages/velocity_command_msgs/msg/_simple_velocity_command.py
[1.098s] -- Up-to-date symlink: /home/ros/docker_pronto_ws/install/velocity_command_msgs/local/lib/python3.10/dist-packages/velocity_command_msgs/msg/_simple_velocity_command_s.c
[1.098s] -- Up-to-date symlink: /home/ros/docker_pronto_ws/install/velocity_command_msgs/local/lib/python3.10/dist-packages/velocity_command_msgs/velocity_command_msgs_s__rosidl_typesupport_c.cpython-310-x86_64-linux-gnu.so
[1.098s] -- Up-to-date symlink: /home/ros/docker_pronto_ws/install/velocity_command_msgs/local/lib/python3.10/dist-packages/velocity_command_msgs/velocity_command_msgs_s__rosidl_typesupport_fastrtps_c.cpython-310-x86_64-linux-gnu.so
[1.098s] -- Up-to-date symlink: /home/ros/docker_pronto_ws/install/velocity_command_msgs/local/lib/python3.10/dist-packages/velocity_command_msgs/velocity_command_msgs_s__rosidl_typesupport_introspection_c.cpython-310-x86_64-linux-gnu.so
[1.098s] -- Up-to-date symlink: /home/ros/docker_pronto_ws/install/velocity_command_msgs/local/lib/python3.10/dist-packages/velocity_command_msgs/velocity_command_msgs_s__rosidl_typesupport_fastrtps_c.cpython-310-x86_64-linux-gnu.so
[1.098s] -- Up-to-date symlink: /home/ros/docker_pronto_ws/install/velocity_command_msgs/local/lib/python3.10/dist-packages/velocity_command_msgs/velocity_command_msgs_s__rosidl_typesupport_introspection_c.cpython-310-x86_64-linux-gnu.so
[1.098s] -- Up-to-date symlink: /home/ros/docker_pronto_ws/install/velocity_command_msgs/local/lib/python3.10/dist-packages/velocity_command_msgs/velocity_command_msgs_s__rosidl_typesupport_c.cpython-310-x86_64-linux-gnu.so
[1.099s] -- Up-to-date symlink: /home/ros/docker_pronto_ws/install/velocity_command_msgs/share/velocity_command_msgs/msg/SimpleVelocityCommand.idl
[1.099s] -- Up-to-date symlink: /home/ros/docker_pronto_ws/install/velocity_command_msgs/share/velocity_command_msgs/msg/SimpleVelocityCommand.msg
[1.099s] -- Up-to-date symlink: /home/ros/docker_pronto_ws/install/velocity_command_msgs/share/ament_index/resource_index/package_run_dependencies/velocity_command_msgs
[1.099s] -- Up-to-date symlink: /home/ros/docker_pronto_ws/install/velocity_command_msgs/share/ament_index/resource_index/parent_prefix_path/velocity_command_msgs
[1.099s] -- Up-to-date symlink: /home/ros/docker_pronto_ws/install/velocity_command_msgs/share/velocity_command_msgs/environment/ament_prefix_path.sh
[1.099s] -- Up-to-date symlink: /home/ros/docker_pronto_ws/install/velocity_command_msgs/share/velocity_command_msgs/environment/ament_prefix_path.dsv
[1.099s] -- Up-to-date symlink: /home/ros/docker_pronto_ws/install/velocity_command_msgs/share/velocity_command_msgs/environment/path.sh
[1.099s] -- Up-to-date symlink: /home/ros/docker_pronto_ws/install/velocity_command_msgs/share/velocity_command_msgs/environment/path.dsv
[1.100s] -- Up-to-date symlink: /home/ros/docker_pronto_ws/install/velocity_command_msgs/share/velocity_command_msgs/local_setup.bash
[1.100s] -- Up-to-date symlink: /home/ros/docker_pronto_ws/install/velocity_command_msgs/share/velocity_command_msgs/local_setup.sh
[1.100s] -- Up-to-date symlink: /home/ros/docker_pronto_ws/install/velocity_command_msgs/share/velocity_command_msgs/local_setup.zsh
[1.100s] -- Up-to-date symlink: /home/ros/docker_pronto_ws/install/velocity_command_msgs/share/velocity_command_msgs/local_setup.dsv
[1.100s] -- Symlinking: /home/ros/docker_pronto_ws/install/velocity_command_msgs/share/velocity_command_msgs/package.dsv
[1.100s] -- Up-to-date symlink: /home/ros/docker_pronto_ws/install/velocity_command_msgs/share/ament_index/resource_index/packages/velocity_command_msgs
[1.100s] -- Up-to-date symlink: /home/ros/docker_pronto_ws/install/velocity_command_msgs/share/velocity_command_msgs/cmake/rosidl_cmake-extras.cmake
[1.100s] -- Up-to-date symlink: /home/ros/docker_pronto_ws/install/velocity_command_msgs/share/velocity_command_msgs/cmake/ament_cmake_export_dependencies-extras.cmake
[1.100s] -- Up-to-date symlink: /home/ros/docker_pronto_ws/install/velocity_command_msgs/share/velocity_command_msgs/cmake/ament_cmake_export_include_directories-extras.cmake
[1.100s] -- Up-to-date symlink: /home/ros/docker_pronto_ws/install/velocity_command_msgs/share/velocity_command_msgs/cmake/ament_cmake_export_libraries-extras.cmake
[1.100s] -- Up-to-date symlink: /home/ros/docker_pronto_ws/install/velocity_command_msgs/share/velocity_command_msgs/cmake/ament_cmake_export_targets-extras.cmake
[1.101s] -- Up-to-date symlink: /home/ros/docker_pronto_ws/install/velocity_command_msgs/share/velocity_command_msgs/cmake/rosidl_cmake_export_typesupport_targets-extras.cmake
[1.101s] -- Up-to-date symlink: /home/ros/docker_pronto_ws/install/velocity_command_msgs/share/velocity_command_msgs/cmake/rosidl_cmake_export_typesupport_libraries-extras.cmake
[1.101s] -- Up-to-date symlink: /home/ros/docker_pronto_ws/install/velocity_command_msgs/share/velocity_command_msgs/cmake/velocity_command_msgsConfig.cmake
[1.101s] -- Up-to-date symlink: /home/ros/docker_pronto_ws/install/velocity_command_msgs/share/velocity_command_msgs/cmake/velocity_command_msgsConfig-version.cmake
[1.101s] -- Up-to-date symlink: /home/ros/docker_pronto_ws/install/velocity_command_msgs/share/velocity_command_msgs/package.xml
[1.101s] -- Up-to-date: /home/ros/docker_pronto_ws/install/velocity_command_msgs/lib/libvelocity_command_msgs__rosidl_generator_c.so
[1.101s] -- Up-to-date: /home/ros/docker_pronto_ws/install/velocity_command_msgs/lib/libvelocity_command_msgs__rosidl_typesupport_fastrtps_c.so
[1.101s] -- Up-to-date: /home/ros/docker_pronto_ws/install/velocity_command_msgs/lib/libvelocity_command_msgs__rosidl_typesupport_introspection_c.so
[1.102s] -- Up-to-date: /home/ros/docker_pronto_ws/install/velocity_command_msgs/lib/libvelocity_command_msgs__rosidl_typesupport_c.so
[1.102s] -- Up-to-date: /home/ros/docker_pronto_ws/install/velocity_command_msgs/lib/libvelocity_command_msgs__rosidl_typesupport_fastrtps_cpp.so
[1.102s] -- Up-to-date: /home/ros/docker_pronto_ws/install/velocity_command_msgs/lib/libvelocity_command_msgs__rosidl_typesupport_introspection_cpp.so
[1.102s] -- Up-to-date: /home/ros/docker_pronto_ws/install/velocity_command_msgs/lib/libvelocity_command_msgs__rosidl_typesupport_cpp.so
[1.102s] Listing '/home/ros/docker_pronto_ws/install/velocity_command_msgs/local/lib/python3.10/dist-packages/velocity_command_msgs'...
[1.102s] Listing '/home/ros/docker_pronto_ws/install/velocity_command_msgs/local/lib/python3.10/dist-packages/velocity_command_msgs/msg'...
[1.102s] -- Up-to-date: /home/ros/docker_pronto_ws/install/velocity_command_msgs/lib/libvelocity_command_msgs__rosidl_generator_py.so
[1.102s] -- Up-to-date: /home/ros/docker_pronto_ws/install/velocity_command_msgs/share/velocity_command_msgs/cmake/export_velocity_command_msgs__rosidl_generator_cExport.cmake
[1.103s] -- Up-to-date: /home/ros/docker_pronto_ws/install/velocity_command_msgs/share/velocity_command_msgs/cmake/export_velocity_command_msgs__rosidl_generator_cExport-release.cmake
[1.103s] -- Up-to-date: /home/ros/docker_pronto_ws/install/velocity_command_msgs/share/velocity_command_msgs/cmake/export_velocity_command_msgs__rosidl_typesupport_fastrtps_cExport.cmake
[1.103s] -- Up-to-date: /home/ros/docker_pronto_ws/install/velocity_command_msgs/share/velocity_command_msgs/cmake/export_velocity_command_msgs__rosidl_typesupport_fastrtps_cExport-release.cmake
[1.103s] -- Up-to-date: /home/ros/docker_pronto_ws/install/velocity_command_msgs/share/velocity_command_msgs/cmake/velocity_command_msgs__rosidl_typesupport_introspection_cExport.cmake
[1.103s] -- Up-to-date: /home/ros/docker_pronto_ws/install/velocity_command_msgs/share/velocity_command_msgs/cmake/velocity_command_msgs__rosidl_typesupport_introspection_cExport-release.cmake
[1.103s] -- Up-to-date: /home/ros/docker_pronto_ws/install/velocity_command_msgs/share/velocity_command_msgs/cmake/velocity_command_msgs__rosidl_typesupport_cExport.cmake
[1.103s] -- Up-to-date: /home/ros/docker_pronto_ws/install/velocity_command_msgs/share/velocity_command_msgs/cmake/velocity_command_msgs__rosidl_typesupport_cExport-release.cmake
[1.103s] -- Up-to-date: /home/ros/docker_pronto_ws/install/velocity_command_msgs/share/velocity_command_msgs/cmake/export_velocity_command_msgs__rosidl_generator_cppExport.cmake
[1.103s] -- Up-to-date: /home/ros/docker_pronto_ws/install/velocity_command_msgs/share/velocity_command_msgs/cmake/export_velocity_command_msgs__rosidl_typesupport_fastrtps_cppExport.cmake
[1.104s] -- Up-to-date: /home/ros/docker_pronto_ws/install/velocity_command_msgs/share/velocity_command_msgs/cmake/export_velocity_command_msgs__rosidl_typesupport_fastrtps_cppExport-release.cmake
[1.104s] -- Up-to-date: /home/ros/docker_pronto_ws/install/velocity_command_msgs/share/velocity_command_msgs/cmake/velocity_command_msgs__rosidl_typesupport_introspection_cppExport.cmake
[1.104s] -- Up-to-date: /home/ros/docker_pronto_ws/install/velocity_command_msgs/share/velocity_command_msgs/cmake/velocity_command_msgs__rosidl_typesupport_introspection_cppExport-release.cmake
[1.104s] -- Up-to-date: /home/ros/docker_pronto_ws/install/velocity_command_msgs/share/velocity_command_msgs/cmake/velocity_command_msgs__rosidl_typesupport_cppExport.cmake
[1.104s] -- Up-to-date: /home/ros/docker_pronto_ws/install/velocity_command_msgs/share/velocity_command_msgs/cmake/velocity_command_msgs__rosidl_typesupport_cppExport-release.cmake
[1.104s] -- Up-to-date: /home/ros/docker_pronto_ws/install/velocity_command_msgs/share/velocity_command_msgs/cmake/export_velocity_command_msgs__rosidl_generator_pyExport.cmake
[1.105s] -- Up-to-date: /home/ros/docker_pronto_ws/install/velocity_command_msgs/share/velocity_command_msgs/cmake/export_velocity_command_msgs__rosidl_generator_pyExport-release.cmake
[1.373s] Invoked command in '/home/ros/docker_pronto_ws/build/velocity_command_msgs' returned '0': CMAKE_PREFIX_PATH=${CMAKE_PREFIX_PATH}:/home/ros/docker_pronto_ws/install/planners_python:/home/ros/docker_pronto_ws/install/logger_gazebo:/home/ros/docker_pronto_ws/install/terrain_estimator:/home/ros/docker_pronto_ws/install/pose_estimator:/opt/ros/humble /usr/bin/cmake --install /home/ros/docker_pronto_ws/build/velocity_command_msgs
