[0.522s] DEBUG:colcon:Command line arguments: ['/home/anymalopc/.matlab/R2023a/ros2/glnxa64/venv/bin/colcon', 'build', '--merge-install', '--cmake-args', '-DCMAKE_BUILD_TYPE=Release', '-DCMAKE_SHARED_LINKER_FLAGS=-Wl,-no-as-needed', '-DBUILD_TESTING=OFF', '-DALIAS_ROS2_TF2=1', '-DCMAKE_CXX_FLAGS_RELEASE=-O0', '-G', 'Ninja']
[0.522s] DEBUG:colcon:Parsed command line arguments: Namespace(ament_cmake_args=None, base_paths=['.'], build_base='build', catkin_cmake_args=None, catkin_skip_building_tests=False, cmake_args=['-DCMAKE_BUILD_TYPE=Release', '-DCMAKE_SHARED_LINKER_FLAGS=-Wl,-no-as-needed', '-DBUILD_TESTING=OFF', '-DALIAS_ROS2_TF2=1', '-DCMAKE_CXX_FLAGS_RELEASE=-O0', '-G', 'Ninja'], cmake_clean_cache=False, cmake_clean_first=False, cmake_force_configure=False, cmake_target=None, cmake_target_skip_unavailable=False, continue_on_error=False, event_handlers=None, executor='parallel', ignore_user_meta=False, install_base='install', log_base=None, log_level=None, main=<bound method BuildVerb.main of <colcon_core.verb.build.BuildVerb object at 0x7f5de9402c70>>, merge_install=True, metas=['./colcon.meta'], packages_above=None, packages_above_and_dependencies=None, packages_above_depth=None, packages_end=None, packages_ignore=None, packages_ignore_regex=None, packages_select=None, packages_select_build_failed=False, packages_select_by_dep=None, packages_select_regex=None, packages_select_test_failures=False, packages_skip=None, packages_skip_build_finished=False, packages_skip_by_dep=None, packages_skip_regex=None, packages_skip_test_passed=False, packages_skip_up_to=None, packages_start=None, packages_up_to=None, packages_up_to_regex=None, parallel_workers=16, paths=None, symlink_install=False, test_result_base=None, verb_extension=<colcon_core.verb.build.BuildVerb object at 0x7f5de9402c70>, verb_name='build', verb_parser=<colcon_defaults.argument_parser.defaults.DefaultArgumentsDecorator object at 0x7f5de92d19d0>)
[0.533s] Level 1:colcon.colcon_core.package_discovery:discover_packages(colcon_meta) check parameters
[0.533s] Level 1:colcon.colcon_core.package_discovery:discover_packages(recursive) check parameters
[0.533s] Level 1:colcon.colcon_core.package_discovery:discover_packages(ignore) check parameters
[0.533s] Level 1:colcon.colcon_core.package_discovery:discover_packages(path) check parameters
[0.533s] Level 1:colcon.colcon_core.package_discovery:discover_packages(colcon_meta) discover
[0.533s] Level 1:colcon.colcon_core.package_discovery:discover_packages(recursive) discover
[0.533s] INFO:colcon.colcon_core.package_discovery:Crawling recursively for packages in '/home/anymalopc/docker_pronto_estimator/src/matlab_msg_gen/glnxa64'
[0.533s] Level 1:colcon.colcon_core.package_identification:_identify(.) by extensions ['ignore', 'ignore_ament_install']
[0.533s] Level 1:colcon.colcon_core.package_identification:_identify(.) by extension 'ignore'
[0.533s] Level 1:colcon.colcon_core.package_identification:_identify(.) by extension 'ignore_ament_install'
[0.533s] Level 1:colcon.colcon_core.package_identification:_identify(.) by extensions ['colcon_pkg']
[0.533s] Level 1:colcon.colcon_core.package_identification:_identify(.) by extension 'colcon_pkg'
[0.533s] Level 1:colcon.colcon_core.package_identification:_identify(.) by extensions ['colcon_meta']
[0.533s] Level 1:colcon.colcon_core.package_identification:_identify(.) by extension 'colcon_meta'
[0.533s] Level 1:colcon.colcon_core.package_identification:_identify(.) by extensions ['ros']
[0.533s] Level 1:colcon.colcon_core.package_identification:_identify(.) by extension 'ros'
[0.543s] Level 1:colcon.colcon_core.package_identification:_identify(.) by extensions ['cmake', 'python']
[0.543s] Level 1:colcon.colcon_core.package_identification:_identify(.) by extension 'cmake'
[0.543s] Level 1:colcon.colcon_core.package_identification:_identify(.) by extension 'python'
[0.543s] Level 1:colcon.colcon_core.package_identification:_identify(.) by extensions ['python_setup_py']
[0.543s] Level 1:colcon.colcon_core.package_identification:_identify(.) by extension 'python_setup_py'
[0.543s] Level 1:colcon.colcon_core.package_identification:_identify(build) by extensions ['ignore', 'ignore_ament_install']
[0.543s] Level 1:colcon.colcon_core.package_identification:_identify(build) by extension 'ignore'
[0.543s] Level 1:colcon.colcon_core.package_identification:_identify(build) ignored
[0.543s] Level 1:colcon.colcon_core.package_identification:_identify(install) by extensions ['ignore', 'ignore_ament_install']
[0.544s] Level 1:colcon.colcon_core.package_identification:_identify(install) by extension 'ignore'
[0.544s] Level 1:colcon.colcon_core.package_identification:_identify(install) ignored
[0.544s] Level 1:colcon.colcon_core.package_identification:_identify(log) by extensions ['ignore', 'ignore_ament_install']
[0.544s] Level 1:colcon.colcon_core.package_identification:_identify(log) by extension 'ignore'
[0.544s] Level 1:colcon.colcon_core.package_identification:_identify(log) ignored
[0.544s] Level 1:colcon.colcon_core.package_identification:_identify(src) by extensions ['ignore', 'ignore_ament_install']
[0.544s] Level 1:colcon.colcon_core.package_identification:_identify(src) by extension 'ignore'
[0.544s] Level 1:colcon.colcon_core.package_identification:_identify(src) by extension 'ignore_ament_install'
[0.544s] Level 1:colcon.colcon_core.package_identification:_identify(src) by extensions ['colcon_pkg']
[0.544s] Level 1:colcon.colcon_core.package_identification:_identify(src) by extension 'colcon_pkg'
[0.544s] Level 1:colcon.colcon_core.package_identification:_identify(src) by extensions ['colcon_meta']
[0.544s] Level 1:colcon.colcon_core.package_identification:_identify(src) by extension 'colcon_meta'
[0.544s] Level 1:colcon.colcon_core.package_identification:_identify(src) by extensions ['ros']
[0.544s] Level 1:colcon.colcon_core.package_identification:_identify(src) by extension 'ros'
[0.544s] Level 1:colcon.colcon_core.package_identification:_identify(src) by extensions ['cmake', 'python']
[0.544s] Level 1:colcon.colcon_core.package_identification:_identify(src) by extension 'cmake'
[0.544s] Level 1:colcon.colcon_core.package_identification:_identify(src) by extension 'python'
[0.544s] Level 1:colcon.colcon_core.package_identification:_identify(src) by extensions ['python_setup_py']
[0.544s] Level 1:colcon.colcon_core.package_identification:_identify(src) by extension 'python_setup_py'
[0.544s] Level 1:colcon.colcon_core.package_identification:_identify(src/pi3hat_moteus_int_msgs) by extensions ['ignore', 'ignore_ament_install']
[0.544s] Level 1:colcon.colcon_core.package_identification:_identify(src/pi3hat_moteus_int_msgs) by extension 'ignore'
[0.544s] Level 1:colcon.colcon_core.package_identification:_identify(src/pi3hat_moteus_int_msgs) by extension 'ignore_ament_install'
[0.544s] Level 1:colcon.colcon_core.package_identification:_identify(src/pi3hat_moteus_int_msgs) by extensions ['colcon_pkg']
[0.544s] Level 1:colcon.colcon_core.package_identification:_identify(src/pi3hat_moteus_int_msgs) by extension 'colcon_pkg'
[0.544s] Level 1:colcon.colcon_core.package_identification:_identify(src/pi3hat_moteus_int_msgs) by extensions ['colcon_meta']
[0.544s] Level 1:colcon.colcon_core.package_identification:_identify(src/pi3hat_moteus_int_msgs) by extension 'colcon_meta'
[0.544s] Level 1:colcon.colcon_core.package_identification:_identify(src/pi3hat_moteus_int_msgs) by extensions ['ros']
[0.544s] Level 1:colcon.colcon_core.package_identification:_identify(src/pi3hat_moteus_int_msgs) by extension 'ros'
[0.546s] DEBUG:colcon.colcon_core.package_identification:Package 'src/pi3hat_moteus_int_msgs' with type 'ros.ament_cmake' and name 'pi3hat_moteus_int_msgs'
[0.546s] Level 1:colcon.colcon_core.package_identification:_identify(src/pronto_msgs) by extensions ['ignore', 'ignore_ament_install']
[0.547s] Level 1:colcon.colcon_core.package_identification:_identify(src/pronto_msgs) by extension 'ignore'
[0.547s] Level 1:colcon.colcon_core.package_identification:_identify(src/pronto_msgs) by extension 'ignore_ament_install'
[0.547s] Level 1:colcon.colcon_core.package_identification:_identify(src/pronto_msgs) by extensions ['colcon_pkg']
[0.547s] Level 1:colcon.colcon_core.package_identification:_identify(src/pronto_msgs) by extension 'colcon_pkg'
[0.547s] Level 1:colcon.colcon_core.package_identification:_identify(src/pronto_msgs) by extensions ['colcon_meta']
[0.547s] Level 1:colcon.colcon_core.package_identification:_identify(src/pronto_msgs) by extension 'colcon_meta'
[0.547s] Level 1:colcon.colcon_core.package_identification:_identify(src/pronto_msgs) by extensions ['ros']
[0.547s] Level 1:colcon.colcon_core.package_identification:_identify(src/pronto_msgs) by extension 'ros'
[0.547s] DEBUG:colcon.colcon_core.package_identification:Package 'src/pronto_msgs' with type 'ros.ament_cmake' and name 'pronto_msgs'
[0.547s] Level 1:colcon.colcon_core.package_discovery:discover_packages(recursive) using defaults
[0.547s] Level 1:colcon.colcon_core.package_discovery:discover_packages(ignore) discover
[0.547s] Level 1:colcon.colcon_core.package_discovery:discover_packages(ignore) using defaults
[0.547s] Level 1:colcon.colcon_core.package_discovery:discover_packages(path) discover
[0.547s] Level 1:colcon.colcon_core.package_discovery:discover_packages(path) using defaults
[0.572s] Level 5:colcon.colcon_core.verb:set package 'pi3hat_moteus_int_msgs' build argument 'cmake_args' from command line to '['-DCMAKE_BUILD_TYPE=Release', '-DCMAKE_SHARED_LINKER_FLAGS=-Wl,-no-as-needed', '-DBUILD_TESTING=OFF', '-DALIAS_ROS2_TF2=1', '-DCMAKE_CXX_FLAGS_RELEASE=-O0', '-G', 'Ninja']'
[0.572s] Level 5:colcon.colcon_core.verb:set package 'pi3hat_moteus_int_msgs' build argument 'cmake_target' from command line to 'None'
[0.572s] Level 5:colcon.colcon_core.verb:set package 'pi3hat_moteus_int_msgs' build argument 'cmake_target_skip_unavailable' from command line to 'False'
[0.573s] Level 5:colcon.colcon_core.verb:set package 'pi3hat_moteus_int_msgs' build argument 'cmake_clean_cache' from command line to 'False'
[0.573s] Level 5:colcon.colcon_core.verb:set package 'pi3hat_moteus_int_msgs' build argument 'cmake_clean_first' from command line to 'False'
[0.573s] Level 5:colcon.colcon_core.verb:set package 'pi3hat_moteus_int_msgs' build argument 'cmake_force_configure' from command line to 'False'
[0.573s] Level 5:colcon.colcon_core.verb:set package 'pi3hat_moteus_int_msgs' build argument 'ament_cmake_args' from command line to 'None'
[0.573s] Level 5:colcon.colcon_core.verb:set package 'pi3hat_moteus_int_msgs' build argument 'catkin_cmake_args' from command line to 'None'
[0.573s] Level 5:colcon.colcon_core.verb:set package 'pi3hat_moteus_int_msgs' build argument 'catkin_skip_building_tests' from command line to 'False'
[0.573s] DEBUG:colcon.colcon_core.verb:Building package 'pi3hat_moteus_int_msgs' with the following arguments: {'ament_cmake_args': None, 'build_base': '/home/anymalopc/docker_pronto_estimator/src/matlab_msg_gen/glnxa64/build/pi3hat_moteus_int_msgs', 'catkin_cmake_args': None, 'catkin_skip_building_tests': False, 'cmake_args': ['-DCMAKE_BUILD_TYPE=Release', '-DCMAKE_SHARED_LINKER_FLAGS=-Wl,-no-as-needed', '-DBUILD_TESTING=OFF', '-DALIAS_ROS2_TF2=1', '-DCMAKE_CXX_FLAGS_RELEASE=-O0', '-G', 'Ninja'], 'cmake_clean_cache': False, 'cmake_clean_first': False, 'cmake_force_configure': False, 'cmake_target': None, 'cmake_target_skip_unavailable': False, 'install_base': '/home/anymalopc/docker_pronto_estimator/src/matlab_msg_gen/glnxa64/install', 'merge_install': True, 'path': '/home/anymalopc/docker_pronto_estimator/src/matlab_msg_gen/glnxa64/src/pi3hat_moteus_int_msgs', 'symlink_install': False, 'test_result_base': None}
[0.578s] Level 5:colcon.colcon_core.verb:set package 'pronto_msgs' build argument 'cmake_args' from command line to '['-DCMAKE_BUILD_TYPE=Release', '-DCMAKE_SHARED_LINKER_FLAGS=-Wl,-no-as-needed', '-DBUILD_TESTING=OFF', '-DALIAS_ROS2_TF2=1', '-DCMAKE_CXX_FLAGS_RELEASE=-O0', '-G', 'Ninja']'
[0.578s] Level 5:colcon.colcon_core.verb:set package 'pronto_msgs' build argument 'cmake_target' from command line to 'None'
[0.578s] Level 5:colcon.colcon_core.verb:set package 'pronto_msgs' build argument 'cmake_target_skip_unavailable' from command line to 'False'
[0.578s] Level 5:colcon.colcon_core.verb:set package 'pronto_msgs' build argument 'cmake_clean_cache' from command line to 'False'
[0.578s] Level 5:colcon.colcon_core.verb:set package 'pronto_msgs' build argument 'cmake_clean_first' from command line to 'False'
[0.578s] Level 5:colcon.colcon_core.verb:set package 'pronto_msgs' build argument 'cmake_force_configure' from command line to 'False'
[0.578s] Level 5:colcon.colcon_core.verb:set package 'pronto_msgs' build argument 'ament_cmake_args' from command line to 'None'
[0.578s] Level 5:colcon.colcon_core.verb:set package 'pronto_msgs' build argument 'catkin_cmake_args' from command line to 'None'
[0.578s] Level 5:colcon.colcon_core.verb:set package 'pronto_msgs' build argument 'catkin_skip_building_tests' from command line to 'False'
[0.578s] DEBUG:colcon.colcon_core.verb:Building package 'pronto_msgs' with the following arguments: {'ament_cmake_args': None, 'build_base': '/home/anymalopc/docker_pronto_estimator/src/matlab_msg_gen/glnxa64/build/pronto_msgs', 'catkin_cmake_args': None, 'catkin_skip_building_tests': False, 'cmake_args': ['-DCMAKE_BUILD_TYPE=Release', '-DCMAKE_SHARED_LINKER_FLAGS=-Wl,-no-as-needed', '-DBUILD_TESTING=OFF', '-DALIAS_ROS2_TF2=1', '-DCMAKE_CXX_FLAGS_RELEASE=-O0', '-G', 'Ninja'], 'cmake_clean_cache': False, 'cmake_clean_first': False, 'cmake_force_configure': False, 'cmake_target': None, 'cmake_target_skip_unavailable': False, 'install_base': '/home/anymalopc/docker_pronto_estimator/src/matlab_msg_gen/glnxa64/install', 'merge_install': True, 'path': '/home/anymalopc/docker_pronto_estimator/src/matlab_msg_gen/glnxa64/src/pronto_msgs', 'symlink_install': False, 'test_result_base': None}
[0.579s] INFO:colcon.colcon_core.executor:Executing jobs using 'parallel' executor
[0.587s] DEBUG:colcon.colcon_parallel_executor.executor.parallel:run_until_complete
[0.587s] INFO:colcon.colcon_ros.task.ament_cmake.build:Building ROS package in '/home/anymalopc/docker_pronto_estimator/src/matlab_msg_gen/glnxa64/src/pi3hat_moteus_int_msgs' with build type 'ament_cmake'
[0.587s] INFO:colcon.colcon_cmake.task.cmake.build:Building CMake package in '/home/anymalopc/docker_pronto_estimator/src/matlab_msg_gen/glnxa64/src/pi3hat_moteus_int_msgs'
[0.593s] INFO:colcon.colcon_core.plugin_system:Skipping extension 'colcon_core.shell.bat': Not used on non-Windows systems
[0.594s] INFO:colcon.colcon_core.shell:Skip shell extension 'powershell' for command environment: Not usable outside of PowerShell
[0.594s] DEBUG:colcon.colcon_core.shell:Skip shell extension 'dsv' for command environment
[0.602s] INFO:colcon.colcon_ros.task.ament_cmake.build:Building ROS package in '/home/anymalopc/docker_pronto_estimator/src/matlab_msg_gen/glnxa64/src/pronto_msgs' with build type 'ament_cmake'
[0.602s] INFO:colcon.colcon_cmake.task.cmake.build:Building CMake package in '/home/anymalopc/docker_pronto_estimator/src/matlab_msg_gen/glnxa64/src/pronto_msgs'
[0.606s] INFO:colcon.colcon_core.shell:Skip shell extension 'powershell' for command environment: Not usable outside of PowerShell
[0.606s] DEBUG:colcon.colcon_core.shell:Skip shell extension 'dsv' for command environment
[0.615s] DEBUG:colcon.colcon_core.event_handler.log_command:Invoking command in '/home/anymalopc/docker_pronto_estimator/src/matlab_msg_gen/glnxa64/build/pi3hat_moteus_int_msgs': PS1=(venv) /home/anymalopc/MATLAB/bin/glnxa64/cmake/bin/cmake --build /home/anymalopc/docker_pronto_estimator/src/matlab_msg_gen/glnxa64/build/pi3hat_moteus_int_msgs -- -j16 -l16
[0.624s] DEBUG:colcon.colcon_core.event_handler.log_command:Invoking command in '/home/anymalopc/docker_pronto_estimator/src/matlab_msg_gen/glnxa64/build/pronto_msgs': PS1=(venv) /home/anymalopc/MATLAB/bin/glnxa64/cmake/bin/cmake --build /home/anymalopc/docker_pronto_estimator/src/matlab_msg_gen/glnxa64/build/pronto_msgs -- -j16 -l16
[1.424s] DEBUG:colcon.colcon_core.event_handler.log_command:Invoked command in '/home/anymalopc/docker_pronto_estimator/src/matlab_msg_gen/glnxa64/build/pi3hat_moteus_int_msgs' returned '0': PS1=(venv) /home/anymalopc/MATLAB/bin/glnxa64/cmake/bin/cmake --build /home/anymalopc/docker_pronto_estimator/src/matlab_msg_gen/glnxa64/build/pi3hat_moteus_int_msgs -- -j16 -l16
[1.436s] DEBUG:colcon.colcon_core.event_handler.log_command:Invoking command in '/home/anymalopc/docker_pronto_estimator/src/matlab_msg_gen/glnxa64/build/pi3hat_moteus_int_msgs': PS1=(venv) /home/anymalopc/MATLAB/bin/glnxa64/cmake/bin/cmake --install /home/anymalopc/docker_pronto_estimator/src/matlab_msg_gen/glnxa64/build/pi3hat_moteus_int_msgs
[1.443s] Level 1:colcon.colcon_core.environment:create_environment_scripts_only(pi3hat_moteus_int_msgs)
[1.450s] DEBUG:colcon.colcon_core.event_handler.log_command:Invoked command in '/home/anymalopc/docker_pronto_estimator/src/matlab_msg_gen/glnxa64/build/pi3hat_moteus_int_msgs' returned '0': PS1=(venv) /home/anymalopc/MATLAB/bin/glnxa64/cmake/bin/cmake --install /home/anymalopc/docker_pronto_estimator/src/matlab_msg_gen/glnxa64/build/pi3hat_moteus_int_msgs
[1.451s] Level 1:colcon.colcon_core.environment:checking '/home/anymalopc/docker_pronto_estimator/src/matlab_msg_gen/glnxa64/install' for CMake module files
[1.451s] Level 1:colcon.colcon_core.environment:checking '/home/anymalopc/docker_pronto_estimator/src/matlab_msg_gen/glnxa64/install' for CMake config files
[1.452s] Level 1:colcon.colcon_core.shell:create_environment_hook('pi3hat_moteus_int_msgs', 'cmake_prefix_path')
[1.455s] INFO:colcon.colcon_core.shell:Creating environment hook '/home/anymalopc/docker_pronto_estimator/src/matlab_msg_gen/glnxa64/install/share/pi3hat_moteus_int_msgs/hook/cmake_prefix_path.ps1'
[1.456s] INFO:colcon.colcon_core.shell:Creating environment descriptor '/home/anymalopc/docker_pronto_estimator/src/matlab_msg_gen/glnxa64/install/share/pi3hat_moteus_int_msgs/hook/cmake_prefix_path.dsv'
[1.456s] INFO:colcon.colcon_core.shell:Creating environment hook '/home/anymalopc/docker_pronto_estimator/src/matlab_msg_gen/glnxa64/install/share/pi3hat_moteus_int_msgs/hook/cmake_prefix_path.sh'
[1.457s] Level 1:colcon.colcon_core.environment:checking '/home/anymalopc/docker_pronto_estimator/src/matlab_msg_gen/glnxa64/install/lib'
[1.457s] Level 1:colcon.colcon_core.shell:create_environment_hook('pi3hat_moteus_int_msgs', 'ld_library_path_lib')
[1.460s] INFO:colcon.colcon_core.shell:Creating environment hook '/home/anymalopc/docker_pronto_estimator/src/matlab_msg_gen/glnxa64/install/share/pi3hat_moteus_int_msgs/hook/ld_library_path_lib.ps1'
[1.460s] INFO:colcon.colcon_core.shell:Creating environment descriptor '/home/anymalopc/docker_pronto_estimator/src/matlab_msg_gen/glnxa64/install/share/pi3hat_moteus_int_msgs/hook/ld_library_path_lib.dsv'
[1.461s] INFO:colcon.colcon_core.shell:Creating environment hook '/home/anymalopc/docker_pronto_estimator/src/matlab_msg_gen/glnxa64/install/share/pi3hat_moteus_int_msgs/hook/ld_library_path_lib.sh'
[1.461s] Level 1:colcon.colcon_core.environment:checking '/home/anymalopc/docker_pronto_estimator/src/matlab_msg_gen/glnxa64/install/bin'
[1.461s] Level 1:colcon.colcon_core.environment:checking '/home/anymalopc/docker_pronto_estimator/src/matlab_msg_gen/glnxa64/install/lib/pkgconfig/pi3hat_moteus_int_msgs.pc'
[1.461s] Level 1:colcon.colcon_core.environment:checking '/home/anymalopc/docker_pronto_estimator/src/matlab_msg_gen/glnxa64/install/lib/python3.8/site-packages'
[1.464s] INFO:colcon.colcon_core.shell:Creating package script '/home/anymalopc/docker_pronto_estimator/src/matlab_msg_gen/glnxa64/install/share/pi3hat_moteus_int_msgs/package.ps1'
[1.465s] INFO:colcon.colcon_core.shell:Creating package descriptor '/home/anymalopc/docker_pronto_estimator/src/matlab_msg_gen/glnxa64/install/share/pi3hat_moteus_int_msgs/package.dsv'
[1.465s] INFO:colcon.colcon_core.shell:Creating package script '/home/anymalopc/docker_pronto_estimator/src/matlab_msg_gen/glnxa64/install/share/pi3hat_moteus_int_msgs/package.sh'
[1.465s] INFO:colcon.colcon_core.shell:Creating package script '/home/anymalopc/docker_pronto_estimator/src/matlab_msg_gen/glnxa64/install/share/pi3hat_moteus_int_msgs/package.bash'
[1.466s] INFO:colcon.colcon_core.shell:Creating package script '/home/anymalopc/docker_pronto_estimator/src/matlab_msg_gen/glnxa64/install/share/pi3hat_moteus_int_msgs/package.zsh'
[1.466s] Level 1:colcon.colcon_core.environment:create_file_with_runtime_dependencies(/home/anymalopc/docker_pronto_estimator/src/matlab_msg_gen/glnxa64/install/share/colcon-core/packages/pi3hat_moteus_int_msgs)
[1.479s] Level 1:colcon.colcon_core.environment:create_environment_scripts_only(pi3hat_moteus_int_msgs)
[1.482s] Level 1:colcon.colcon_core.environment:checking '/home/anymalopc/docker_pronto_estimator/src/matlab_msg_gen/glnxa64/install' for CMake module files
[1.483s] Level 1:colcon.colcon_core.environment:checking '/home/anymalopc/docker_pronto_estimator/src/matlab_msg_gen/glnxa64/install' for CMake config files
[1.483s] Level 1:colcon.colcon_core.shell:create_environment_hook('pi3hat_moteus_int_msgs', 'cmake_prefix_path')
[1.487s] INFO:colcon.colcon_core.shell:Creating environment hook '/home/anymalopc/docker_pronto_estimator/src/matlab_msg_gen/glnxa64/install/share/pi3hat_moteus_int_msgs/hook/cmake_prefix_path.ps1'
[1.487s] INFO:colcon.colcon_core.shell:Creating environment descriptor '/home/anymalopc/docker_pronto_estimator/src/matlab_msg_gen/glnxa64/install/share/pi3hat_moteus_int_msgs/hook/cmake_prefix_path.dsv'
[1.487s] INFO:colcon.colcon_core.shell:Creating environment hook '/home/anymalopc/docker_pronto_estimator/src/matlab_msg_gen/glnxa64/install/share/pi3hat_moteus_int_msgs/hook/cmake_prefix_path.sh'
[1.488s] Level 1:colcon.colcon_core.environment:checking '/home/anymalopc/docker_pronto_estimator/src/matlab_msg_gen/glnxa64/install/lib'
[1.488s] Level 1:colcon.colcon_core.shell:create_environment_hook('pi3hat_moteus_int_msgs', 'ld_library_path_lib')
[1.491s] INFO:colcon.colcon_core.shell:Creating environment hook '/home/anymalopc/docker_pronto_estimator/src/matlab_msg_gen/glnxa64/install/share/pi3hat_moteus_int_msgs/hook/ld_library_path_lib.ps1'
[1.491s] INFO:colcon.colcon_core.shell:Creating environment descriptor '/home/anymalopc/docker_pronto_estimator/src/matlab_msg_gen/glnxa64/install/share/pi3hat_moteus_int_msgs/hook/ld_library_path_lib.dsv'
[1.492s] INFO:colcon.colcon_core.shell:Creating environment hook '/home/anymalopc/docker_pronto_estimator/src/matlab_msg_gen/glnxa64/install/share/pi3hat_moteus_int_msgs/hook/ld_library_path_lib.sh'
[1.492s] Level 1:colcon.colcon_core.environment:checking '/home/anymalopc/docker_pronto_estimator/src/matlab_msg_gen/glnxa64/install/bin'
[1.492s] Level 1:colcon.colcon_core.environment:checking '/home/anymalopc/docker_pronto_estimator/src/matlab_msg_gen/glnxa64/install/lib/pkgconfig/pi3hat_moteus_int_msgs.pc'
[1.492s] Level 1:colcon.colcon_core.environment:checking '/home/anymalopc/docker_pronto_estimator/src/matlab_msg_gen/glnxa64/install/lib/python3.8/site-packages'
[1.495s] INFO:colcon.colcon_core.shell:Creating package script '/home/anymalopc/docker_pronto_estimator/src/matlab_msg_gen/glnxa64/install/share/pi3hat_moteus_int_msgs/package.ps1'
[1.496s] INFO:colcon.colcon_core.shell:Creating package descriptor '/home/anymalopc/docker_pronto_estimator/src/matlab_msg_gen/glnxa64/install/share/pi3hat_moteus_int_msgs/package.dsv'
[1.496s] INFO:colcon.colcon_core.shell:Creating package script '/home/anymalopc/docker_pronto_estimator/src/matlab_msg_gen/glnxa64/install/share/pi3hat_moteus_int_msgs/package.sh'
[1.496s] INFO:colcon.colcon_core.shell:Creating package script '/home/anymalopc/docker_pronto_estimator/src/matlab_msg_gen/glnxa64/install/share/pi3hat_moteus_int_msgs/package.bash'
[1.496s] INFO:colcon.colcon_core.shell:Creating package script '/home/anymalopc/docker_pronto_estimator/src/matlab_msg_gen/glnxa64/install/share/pi3hat_moteus_int_msgs/package.zsh'
[1.497s] Level 1:colcon.colcon_core.environment:create_file_with_runtime_dependencies(/home/anymalopc/docker_pronto_estimator/src/matlab_msg_gen/glnxa64/install/share/colcon-core/packages/pi3hat_moteus_int_msgs)
[1.543s] DEBUG:colcon.colcon_core.event_handler.log_command:Invoked command in '/home/anymalopc/docker_pronto_estimator/src/matlab_msg_gen/glnxa64/build/pronto_msgs' returned '0': PS1=(venv) /home/anymalopc/MATLAB/bin/glnxa64/cmake/bin/cmake --build /home/anymalopc/docker_pronto_estimator/src/matlab_msg_gen/glnxa64/build/pronto_msgs -- -j16 -l16
[1.555s] DEBUG:colcon.colcon_core.event_handler.log_command:Invoking command in '/home/anymalopc/docker_pronto_estimator/src/matlab_msg_gen/glnxa64/build/pronto_msgs': PS1=(venv) /home/anymalopc/MATLAB/bin/glnxa64/cmake/bin/cmake --install /home/anymalopc/docker_pronto_estimator/src/matlab_msg_gen/glnxa64/build/pronto_msgs
[1.570s] Level 1:colcon.colcon_core.environment:create_environment_scripts_only(pronto_msgs)
[1.574s] Level 1:colcon.colcon_core.environment:checking '/home/anymalopc/docker_pronto_estimator/src/matlab_msg_gen/glnxa64/install' for CMake module files
[1.576s] Level 1:colcon.colcon_core.environment:checking '/home/anymalopc/docker_pronto_estimator/src/matlab_msg_gen/glnxa64/install' for CMake config files
[1.580s] Level 1:colcon.colcon_core.shell:create_environment_hook('pronto_msgs', 'cmake_prefix_path')
[1.584s] INFO:colcon.colcon_core.shell:Creating environment hook '/home/anymalopc/docker_pronto_estimator/src/matlab_msg_gen/glnxa64/install/share/pronto_msgs/hook/cmake_prefix_path.ps1'
[1.585s] INFO:colcon.colcon_core.shell:Creating environment descriptor '/home/anymalopc/docker_pronto_estimator/src/matlab_msg_gen/glnxa64/install/share/pronto_msgs/hook/cmake_prefix_path.dsv'
[1.585s] INFO:colcon.colcon_core.shell:Creating environment hook '/home/anymalopc/docker_pronto_estimator/src/matlab_msg_gen/glnxa64/install/share/pronto_msgs/hook/cmake_prefix_path.sh'
[1.586s] DEBUG:colcon.colcon_core.event_handler.log_command:Invoked command in '/home/anymalopc/docker_pronto_estimator/src/matlab_msg_gen/glnxa64/build/pronto_msgs' returned '0': PS1=(venv) /home/anymalopc/MATLAB/bin/glnxa64/cmake/bin/cmake --install /home/anymalopc/docker_pronto_estimator/src/matlab_msg_gen/glnxa64/build/pronto_msgs
[1.586s] Level 1:colcon.colcon_core.environment:checking '/home/anymalopc/docker_pronto_estimator/src/matlab_msg_gen/glnxa64/install/lib'
[1.587s] Level 1:colcon.colcon_core.shell:create_environment_hook('pronto_msgs', 'ld_library_path_lib')
[1.590s] INFO:colcon.colcon_core.shell:Creating environment hook '/home/anymalopc/docker_pronto_estimator/src/matlab_msg_gen/glnxa64/install/share/pronto_msgs/hook/ld_library_path_lib.ps1'
[1.590s] INFO:colcon.colcon_core.shell:Creating environment descriptor '/home/anymalopc/docker_pronto_estimator/src/matlab_msg_gen/glnxa64/install/share/pronto_msgs/hook/ld_library_path_lib.dsv'
[1.590s] INFO:colcon.colcon_core.shell:Creating environment hook '/home/anymalopc/docker_pronto_estimator/src/matlab_msg_gen/glnxa64/install/share/pronto_msgs/hook/ld_library_path_lib.sh'
[1.590s] Level 1:colcon.colcon_core.environment:checking '/home/anymalopc/docker_pronto_estimator/src/matlab_msg_gen/glnxa64/install/bin'
[1.591s] Level 1:colcon.colcon_core.environment:checking '/home/anymalopc/docker_pronto_estimator/src/matlab_msg_gen/glnxa64/install/lib/pkgconfig/pronto_msgs.pc'
[1.591s] Level 1:colcon.colcon_core.environment:checking '/home/anymalopc/docker_pronto_estimator/src/matlab_msg_gen/glnxa64/install/lib/python3.8/site-packages'
[1.594s] INFO:colcon.colcon_core.shell:Creating package script '/home/anymalopc/docker_pronto_estimator/src/matlab_msg_gen/glnxa64/install/share/pronto_msgs/package.ps1'
[1.594s] INFO:colcon.colcon_core.shell:Creating package descriptor '/home/anymalopc/docker_pronto_estimator/src/matlab_msg_gen/glnxa64/install/share/pronto_msgs/package.dsv'
[1.595s] INFO:colcon.colcon_core.shell:Creating package script '/home/anymalopc/docker_pronto_estimator/src/matlab_msg_gen/glnxa64/install/share/pronto_msgs/package.sh'
[1.595s] INFO:colcon.colcon_core.shell:Creating package script '/home/anymalopc/docker_pronto_estimator/src/matlab_msg_gen/glnxa64/install/share/pronto_msgs/package.bash'
[1.595s] INFO:colcon.colcon_core.shell:Creating package script '/home/anymalopc/docker_pronto_estimator/src/matlab_msg_gen/glnxa64/install/share/pronto_msgs/package.zsh'
[1.595s] Level 1:colcon.colcon_core.environment:create_file_with_runtime_dependencies(/home/anymalopc/docker_pronto_estimator/src/matlab_msg_gen/glnxa64/install/share/colcon-core/packages/pronto_msgs)
[1.610s] Level 1:colcon.colcon_core.environment:create_environment_scripts_only(pronto_msgs)
[1.613s] Level 1:colcon.colcon_core.environment:checking '/home/anymalopc/docker_pronto_estimator/src/matlab_msg_gen/glnxa64/install' for CMake module files
[1.614s] Level 1:colcon.colcon_core.environment:checking '/home/anymalopc/docker_pronto_estimator/src/matlab_msg_gen/glnxa64/install' for CMake config files
[1.614s] Level 1:colcon.colcon_core.shell:create_environment_hook('pronto_msgs', 'cmake_prefix_path')
[1.617s] INFO:colcon.colcon_core.shell:Creating environment hook '/home/anymalopc/docker_pronto_estimator/src/matlab_msg_gen/glnxa64/install/share/pronto_msgs/hook/cmake_prefix_path.ps1'
[1.618s] INFO:colcon.colcon_core.shell:Creating environment descriptor '/home/anymalopc/docker_pronto_estimator/src/matlab_msg_gen/glnxa64/install/share/pronto_msgs/hook/cmake_prefix_path.dsv'
[1.618s] INFO:colcon.colcon_core.shell:Creating environment hook '/home/anymalopc/docker_pronto_estimator/src/matlab_msg_gen/glnxa64/install/share/pronto_msgs/hook/cmake_prefix_path.sh'
[1.618s] Level 1:colcon.colcon_core.environment:checking '/home/anymalopc/docker_pronto_estimator/src/matlab_msg_gen/glnxa64/install/lib'
[1.618s] Level 1:colcon.colcon_core.shell:create_environment_hook('pronto_msgs', 'ld_library_path_lib')
[1.622s] INFO:colcon.colcon_core.shell:Creating environment hook '/home/anymalopc/docker_pronto_estimator/src/matlab_msg_gen/glnxa64/install/share/pronto_msgs/hook/ld_library_path_lib.ps1'
[1.622s] INFO:colcon.colcon_core.shell:Creating environment descriptor '/home/anymalopc/docker_pronto_estimator/src/matlab_msg_gen/glnxa64/install/share/pronto_msgs/hook/ld_library_path_lib.dsv'
[1.622s] INFO:colcon.colcon_core.shell:Creating environment hook '/home/anymalopc/docker_pronto_estimator/src/matlab_msg_gen/glnxa64/install/share/pronto_msgs/hook/ld_library_path_lib.sh'
[1.622s] Level 1:colcon.colcon_core.environment:checking '/home/anymalopc/docker_pronto_estimator/src/matlab_msg_gen/glnxa64/install/bin'
[1.622s] Level 1:colcon.colcon_core.environment:checking '/home/anymalopc/docker_pronto_estimator/src/matlab_msg_gen/glnxa64/install/lib/pkgconfig/pronto_msgs.pc'
[1.622s] Level 1:colcon.colcon_core.environment:checking '/home/anymalopc/docker_pronto_estimator/src/matlab_msg_gen/glnxa64/install/lib/python3.8/site-packages'
[1.626s] INFO:colcon.colcon_core.shell:Creating package script '/home/anymalopc/docker_pronto_estimator/src/matlab_msg_gen/glnxa64/install/share/pronto_msgs/package.ps1'
[1.626s] INFO:colcon.colcon_core.shell:Creating package descriptor '/home/anymalopc/docker_pronto_estimator/src/matlab_msg_gen/glnxa64/install/share/pronto_msgs/package.dsv'
[1.626s] INFO:colcon.colcon_core.shell:Creating package script '/home/anymalopc/docker_pronto_estimator/src/matlab_msg_gen/glnxa64/install/share/pronto_msgs/package.sh'
[1.626s] INFO:colcon.colcon_core.shell:Creating package script '/home/anymalopc/docker_pronto_estimator/src/matlab_msg_gen/glnxa64/install/share/pronto_msgs/package.bash'
[1.627s] INFO:colcon.colcon_core.shell:Creating package script '/home/anymalopc/docker_pronto_estimator/src/matlab_msg_gen/glnxa64/install/share/pronto_msgs/package.zsh'
[1.627s] Level 1:colcon.colcon_core.environment:create_file_with_runtime_dependencies(/home/anymalopc/docker_pronto_estimator/src/matlab_msg_gen/glnxa64/install/share/colcon-core/packages/pronto_msgs)
[1.627s] DEBUG:colcon.colcon_parallel_executor.executor.parallel:closing loop
[1.627s] DEBUG:colcon.colcon_parallel_executor.executor.parallel:loop closed
[1.627s] DEBUG:colcon.colcon_parallel_executor.executor.parallel:run_until_complete finished with '0'
[1.627s] DEBUG:colcon.colcon_core.event_reactor:joining thread
[1.632s] INFO:colcon.colcon_core.plugin_system:Skipping extension 'colcon_notification.desktop_notification.notify2': 'notify2' not found
[1.632s] INFO:colcon.colcon_core.plugin_system:Skipping extension 'colcon_notification.desktop_notification.terminal_notifier': Not used on non-Darwin systems
[1.632s] INFO:colcon.colcon_core.plugin_system:Skipping extension 'colcon_notification.desktop_notification.win32': Not used on non-Windows systems
[1.632s] INFO:colcon.colcon_notification.desktop_notification:Sending desktop notification using 'notify_send'
[1.652s] DEBUG:colcon.colcon_core.event_reactor:joined thread
[1.657s] INFO:colcon.colcon_core.shell:Creating prefix script '/home/anymalopc/docker_pronto_estimator/src/matlab_msg_gen/glnxa64/install/local_setup.ps1'
[1.658s] INFO:colcon.colcon_core.shell:Creating prefix util module '/home/anymalopc/docker_pronto_estimator/src/matlab_msg_gen/glnxa64/install/_local_setup_util_ps1.py'
[1.659s] INFO:colcon.colcon_core.shell:Creating prefix chain script '/home/anymalopc/docker_pronto_estimator/src/matlab_msg_gen/glnxa64/install/setup.ps1'
[1.662s] INFO:colcon.colcon_core.shell:Creating prefix script '/home/anymalopc/docker_pronto_estimator/src/matlab_msg_gen/glnxa64/install/local_setup.sh'
[1.663s] INFO:colcon.colcon_core.shell:Creating prefix util module '/home/anymalopc/docker_pronto_estimator/src/matlab_msg_gen/glnxa64/install/_local_setup_util_sh.py'
[1.663s] INFO:colcon.colcon_core.shell:Creating prefix chain script '/home/anymalopc/docker_pronto_estimator/src/matlab_msg_gen/glnxa64/install/setup.sh'
[1.666s] INFO:colcon.colcon_core.shell:Creating prefix script '/home/anymalopc/docker_pronto_estimator/src/matlab_msg_gen/glnxa64/install/local_setup.bash'
[1.667s] INFO:colcon.colcon_core.shell:Creating prefix chain script '/home/anymalopc/docker_pronto_estimator/src/matlab_msg_gen/glnxa64/install/setup.bash'
[1.670s] INFO:colcon.colcon_core.shell:Creating prefix script '/home/anymalopc/docker_pronto_estimator/src/matlab_msg_gen/glnxa64/install/local_setup.zsh'
[1.670s] INFO:colcon.colcon_core.shell:Creating prefix chain script '/home/anymalopc/docker_pronto_estimator/src/matlab_msg_gen/glnxa64/install/setup.zsh'
