[100%] Built target teleop_velocity_command_node
[100%] Built target teleop_robot_base_node
-- Install configuration: "Release"
-- Execute custom install script
-- Up-to-date symlink: /home/ros/docker_pronto_ws/install/teleoperate_robot/share/teleoperate_robot/environment/library_path.sh
-- Up-to-date symlink: /home/ros/docker_pronto_ws/install/teleoperate_robot/share/teleoperate_robot/environment/library_path.dsv
-- Up-to-date symlink: /home/ros/docker_pronto_ws/install/teleoperate_robot/include/teleoperate_robot/teleoperate_robot/keyboard_reader.hpp
-- Up-to-date symlink: /home/ros/docker_pronto_ws/install/teleoperate_robot/include/teleoperate_robot/teleoperate_robot/quat_math.h
-- Up-to-date symlink: /home/ros/docker_pronto_ws/install/teleoperate_robot/include/teleoperate_robot/teleoperate_robot/teleop_robot.tpp
-- Up-to-date symlink: /home/ros/docker_pronto_ws/install/teleoperate_robot/include/teleoperate_robot/teleoperate_robot/teleop_robot_base_node.hpp
-- Up-to-date symlink: /home/ros/docker_pronto_ws/install/teleoperate_robot/include/teleoperate_robot/teleoperate_robot/teleop_velocity_command_node.hpp
-- Up-to-date symlink: /home/ros/docker_pronto_ws/install/teleoperate_robot/share/teleoperate_robot/launch/teleop_robot_base.launch.py
-- Up-to-date symlink: /home/ros/docker_pronto_ws/install/teleoperate_robot/share/teleoperate_robot/launch/teleop_velocity_command.launch.py
-- Up-to-date symlink: /home/ros/docker_pronto_ws/install/teleoperate_robot/include/teleoperate_robot/teleoperate_robot/keyboard_reader.hpp
-- Up-to-date symlink: /home/ros/docker_pronto_ws/install/teleoperate_robot/include/teleoperate_robot/teleoperate_robot/quat_math.h
-- Up-to-date symlink: /home/ros/docker_pronto_ws/install/teleoperate_robot/include/teleoperate_robot/teleoperate_robot/teleop_robot.tpp
-- Up-to-date symlink: /home/ros/docker_pronto_ws/install/teleoperate_robot/include/teleoperate_robot/teleoperate_robot/teleop_robot_base_node.hpp
-- Up-to-date symlink: /home/ros/docker_pronto_ws/install/teleoperate_robot/include/teleoperate_robot/teleoperate_robot/teleop_velocity_command_node.hpp
-- Up-to-date symlink: /home/ros/docker_pronto_ws/install/teleoperate_robot/share/teleoperate_robot/launch/teleop_robot_base.launch.py
-- Up-to-date symlink: /home/ros/docker_pronto_ws/install/teleoperate_robot/share/teleoperate_robot/launch/teleop_velocity_command.launch.py
-- Up-to-date symlink: /home/ros/docker_pronto_ws/install/teleoperate_robot/share/ament_index/resource_index/package_run_dependencies/teleoperate_robot
-- Up-to-date symlink: /home/ros/docker_pronto_ws/install/teleoperate_robot/share/ament_index/resource_index/parent_prefix_path/teleoperate_robot
-- Up-to-date symlink: /home/ros/docker_pronto_ws/install/teleoperate_robot/share/teleoperate_robot/environment/ament_prefix_path.sh
-- Up-to-date symlink: /home/ros/docker_pronto_ws/install/teleoperate_robot/share/teleoperate_robot/environment/ament_prefix_path.dsv
-- Up-to-date symlink: /home/ros/docker_pronto_ws/install/teleoperate_robot/share/teleoperate_robot/environment/path.sh
-- Up-to-date symlink: /home/ros/docker_pronto_ws/install/teleoperate_robot/share/teleoperate_robot/environment/path.dsv
-- Up-to-date symlink: /home/ros/docker_pronto_ws/install/teleoperate_robot/share/teleoperate_robot/local_setup.bash
-- Up-to-date symlink: /home/ros/docker_pronto_ws/install/teleoperate_robot/share/teleoperate_robot/local_setup.sh
-- Up-to-date symlink: /home/ros/docker_pronto_ws/install/teleoperate_robot/share/teleoperate_robot/local_setup.zsh
-- Up-to-date symlink: /home/ros/docker_pronto_ws/install/teleoperate_robot/share/teleoperate_robot/local_setup.dsv
-- Symlinking: /home/ros/docker_pronto_ws/install/teleoperate_robot/share/teleoperate_robot/package.dsv
-- Up-to-date symlink: /home/ros/docker_pronto_ws/install/teleoperate_robot/share/ament_index/resource_index/packages/teleoperate_robot
-- Up-to-date symlink: /home/ros/docker_pronto_ws/install/teleoperate_robot/share/teleoperate_robot/cmake/ament_cmake_export_targets-extras.cmake
-- Up-to-date symlink: /home/ros/docker_pronto_ws/install/teleoperate_robot/share/teleoperate_robot/cmake/ament_cmake_export_dependencies-extras.cmake
-- Up-to-date symlink: /home/ros/docker_pronto_ws/install/teleoperate_robot/share/teleoperate_robot/cmake/teleoperate_robotConfig.cmake
-- Up-to-date symlink: /home/ros/docker_pronto_ws/install/teleoperate_robot/share/teleoperate_robot/cmake/teleoperate_robotConfig-version.cmake
-- Up-to-date symlink: /home/ros/docker_pronto_ws/install/teleoperate_robot/share/teleoperate_robot/package.xml
-- Up-to-date: /home/ros/docker_pronto_ws/install/teleoperate_robot/lib/teleoperate_robot/teleop_robot_base_node
-- Up-to-date: /home/ros/docker_pronto_ws/install/teleoperate_robot/lib/teleoperate_robot/teleop_velocity_command_node
-- Up-to-date: /home/ros/docker_pronto_ws/install/teleoperate_robot/share/teleoperate_robot/cmake/teleop_robot_base_node_targetsExport.cmake
-- Up-to-date: /home/ros/docker_pronto_ws/install/teleoperate_robot/share/teleoperate_robot/cmake/teleop_robot_base_node_targetsExport-release.cmake
-- Up-to-date: /home/ros/docker_pronto_ws/install/teleoperate_robot/share/teleoperate_robot/cmake/teleop_velocity_command_node_targetsExport.cmake
-- Up-to-date: /home/ros/docker_pronto_ws/install/teleoperate_robot/share/teleoperate_robot/cmake/teleop_velocity_command_node_targetsExport-release.cmake
