[35m[1mConsolidate compiler generated dependencies of target pronto_ros2_controller[0m
[ 14%] [32mBuilding CXX object CMakeFiles/pronto_ros2_controller.dir/src/pronto_controller.cpp.o[0m
In file included from [01m[K/home/ros/docker_pronto_ws/src/pronto_ros2_controller/include/pronto_ros2_controller/pronto_controller.hpp:12[m[K,
                 from [01m[K/home/ros/docker_pronto_ws/src/pronto_ros2_controller/src/pronto_controller.cpp:1[m[K:
[01m[K/home/ros/docker_pronto_ws/src/pronto_ros2_controller/include/pronto_ros2_controller/exteroceptive_sensor_sensor_manager.hpp:[m[K In constructor ‘[01m[Kpronto_controller::Exte_Sensor_Manager::Exte_Sensor_Manager(rclcpp_lifecycle::LifecycleNode::SharedPtr)[m[K’:
[01m[K/home/ros/docker_pronto_ws/src/pronto_ros2_controller/include/pronto_ros2_controller/exteroceptive_sensor_sensor_manager.hpp:20:76:[m[K [01;35m[Kwarning: [m[Kunused parameter ‘[01m[Kcontroller[m[K’ [[01;35m[K-Wunused-parameter[m[K]
   20 |             Exte_Sensor_Manager([01;35m[Krclcpp_lifecycle::LifecycleNode::SharedPtr controller[m[K)
      |                                 [01;35m[K~~~~~~~~~~~~~~~~~~~~~~~~~~~~~~~~~~~~~~~~~~~^~~~~~~~~~[m[K
[ 28%] [32m[1mLinking CXX shared library libpronto_ros2_controller.so[0m
[ 71%] Built target pronto_ros2_controller
[35m[1mConsolidate compiler generated dependencies of target test_node[0m
[ 85%] [32m[1mLinking CXX executable test_node[0m
[100%] Built target test_node
-- Install configuration: "Release"
-- Execute custom install script
-- Up-to-date symlink: /home/ros/docker_pronto_ws/install/pronto_ros2_controller/share/pronto_ros2_controller//pronto_controller.xml
-- Up-to-date symlink: /home/ros/docker_pronto_ws/install/pronto_ros2_controller/share/pronto_ros2_controller/environment/library_path.sh
-- Up-to-date symlink: /home/ros/docker_pronto_ws/install/pronto_ros2_controller/share/pronto_ros2_controller/environment/library_path.dsv
-- Up-to-date symlink: /home/ros/docker_pronto_ws/install/pronto_ros2_controller/lib/pronto_ros2_controller/test_node
-- Up-to-date symlink: /home/ros/docker_pronto_ws/install/pronto_ros2_controller/share/ament_index/resource_index/package_run_dependencies/pronto_ros2_controller
-- Up-to-date symlink: /home/ros/docker_pronto_ws/install/pronto_ros2_controller/share/ament_index/resource_index/parent_prefix_path/pronto_ros2_controller
-- Up-to-date symlink: /home/ros/docker_pronto_ws/install/pronto_ros2_controller/share/pronto_ros2_controller/environment/ament_prefix_path.sh
-- Up-to-date symlink: /home/ros/docker_pronto_ws/install/pronto_ros2_controller/share/pronto_ros2_controller/environment/ament_prefix_path.dsv
-- Up-to-date symlink: /home/ros/docker_pronto_ws/install/pronto_ros2_controller/share/pronto_ros2_controller/environment/path.sh
-- Up-to-date symlink: /home/ros/docker_pronto_ws/install/pronto_ros2_controller/share/pronto_ros2_controller/environment/path.dsv
-- Up-to-date symlink: /home/ros/docker_pronto_ws/install/pronto_ros2_controller/share/pronto_ros2_controller/local_setup.bash
-- Up-to-date symlink: /home/ros/docker_pronto_ws/install/pronto_ros2_controller/share/pronto_ros2_controller/local_setup.sh
-- Up-to-date symlink: /home/ros/docker_pronto_ws/install/pronto_ros2_controller/share/pronto_ros2_controller/local_setup.zsh
-- Up-to-date symlink: /home/ros/docker_pronto_ws/install/pronto_ros2_controller/share/pronto_ros2_controller/local_setup.dsv
-- Symlinking: /home/ros/docker_pronto_ws/install/pronto_ros2_controller/share/pronto_ros2_controller/package.dsv
-- Up-to-date symlink: /home/ros/docker_pronto_ws/install/pronto_ros2_controller/share/ament_index/resource_index/packages/pronto_ros2_controller
-- Up-to-date symlink: /home/ros/docker_pronto_ws/install/pronto_ros2_controller/share/ament_index/resource_index/controller_interface__pluginlib__plugin/pronto_ros2_controller
-- Up-to-date symlink: /home/ros/docker_pronto_ws/install/pronto_ros2_controller/share/pronto_ros2_controller/cmake/ament_cmake_export_dependencies-extras.cmake
-- Up-to-date symlink: /home/ros/docker_pronto_ws/install/pronto_ros2_controller/share/pronto_ros2_controller/cmake/ament_cmake_export_include_directories-extras.cmake
-- Up-to-date symlink: /home/ros/docker_pronto_ws/install/pronto_ros2_controller/share/pronto_ros2_controller/cmake/ament_cmake_export_libraries-extras.cmake
-- Up-to-date symlink: /home/ros/docker_pronto_ws/install/pronto_ros2_controller/share/pronto_ros2_controller/cmake/pronto_ros2_controllerConfig.cmake
-- Up-to-date symlink: /home/ros/docker_pronto_ws/install/pronto_ros2_controller/share/pronto_ros2_controller/cmake/pronto_ros2_controllerConfig-version.cmake
-- Up-to-date symlink: /home/ros/docker_pronto_ws/install/pronto_ros2_controller/share/pronto_ros2_controller/package.xml
-- Installing: /home/ros/docker_pronto_ws/install/pronto_ros2_controller/lib/libpronto_ros2_controller.so
-- Set runtime path of "/home/ros/docker_pronto_ws/install/pronto_ros2_controller/lib/libpronto_ros2_controller.so" to ""
