[0.516s] Invoking command in '/home/ros/docker_pronto_ws/build/rviz_legged_plugins': CMAKE_PREFIX_PATH=/home/ros/docker_pronto_ws/install/rviz_legged_msgs:/home/ros/docker_pronto_ws/install/hqp_controller:/home/ros/docker_pronto_ws/install/whole_body_controller:/home/ros/docker_pronto_ws/install/teleoperate_robot:/home/ros/docker_pronto_ws/install/pronto_tuning:/home/ros/docker_pronto_ws/install/lip_walking_trot_planner:/home/ros/docker_pronto_ws/install/velocity_command_msgs:/home/ros/docker_pronto_ws/install/static_walk_planner:/home/ros/docker_pronto_ws/install/robot_gazebo:/home/ros/docker_pronto_ws/install/solo_description:/home/ros/docker_pronto_ws/install/robot_model:/home/ros/docker_pronto_ws/install/ryml:/home/ros/docker_pronto_ws/install/rviz_legged_plugins:/home/ros/docker_pronto_ws/install/anymal_c_simple_description:/home/ros/docker_pronto_ws/install/robot_control:/home/ros/docker_pronto_ws/install/hierarchical_optimization:/home/ros/docker_pronto_ws/install/quadprog:/home/ros/docker_pronto_ws/install/pronto_ros2_controller:/home/ros/docker_pronto_ws/install/pronto_solo12:/home/ros/docker_pronto_ws/install/pronto_quadruped_ros:/home/ros/docker_pronto_ws/install/pronto_quadruped:/home/ros/docker_pronto_ws/install/pronto_utils:/home/ros/docker_pronto_ws/install/pronto_ros:/home/ros/docker_pronto_ws/install/pronto_quadruped_commons:/home/ros/docker_pronto_ws/install/pronto_msgs:/home/ros/docker_pronto_ws/install/pronto_core:/home/ros/docker_pronto_ws/install/pi3hat_moteus_int_msgs:/home/ros/docker_pronto_ws/install/generalized_pose_msgs:/opt/openrobots:/home/ros/docker_pronto_ws/install/planners_python:/home/ros/docker_pronto_ws/install/logger_gazebo:/home/ros/docker_pronto_ws/install/terrain_estimator:/home/ros/docker_pronto_ws/install/pose_estimator:/opt/ros/humble LD_LIBRARY_PATH=/home/ros/docker_pronto_ws/install/rviz_legged_msgs/lib:/home/ros/docker_pronto_ws/install/hqp_controller/lib:/home/ros/docker_pronto_ws/install/whole_body_controller/lib:/home/ros/docker_pronto_ws/install/teleoperate_robot/lib:/home/ros/docker_pronto_ws/install/lip_walking_trot_planner/lib:/home/ros/docker_pronto_ws/install/velocity_command_msgs/lib:/home/ros/docker_pronto_ws/install/static_walk_planner/lib:/home/ros/docker_pronto_ws/install/robot_model/lib:/home/ros/docker_pronto_ws/install/ryml/lib:/home/ros/docker_pronto_ws/install/rviz_legged_plugins/lib:/home/ros/docker_pronto_ws/install/hierarchical_optimization/lib:/home/ros/docker_pronto_ws/install/quadprog/lib:/home/ros/docker_pronto_ws/install/pronto_ros2_controller/lib:/home/ros/docker_pronto_ws/install/pronto_solo12/lib:/home/ros/docker_pronto_ws/install/pronto_quadruped_ros/lib:/home/ros/docker_pronto_ws/install/pronto_quadruped/lib:/home/ros/docker_pronto_ws/install/pronto_utils/lib:/home/ros/docker_pronto_ws/install/pronto_ros/lib:/home/ros/docker_pronto_ws/install/pronto_msgs/lib:/home/ros/docker_pronto_ws/install/pronto_core/lib:/home/ros/docker_pronto_ws/install/pi3hat_moteus_int_msgs/lib:/home/ros/docker_pronto_ws/install/generalized_pose_msgs/lib:/usr/lib/x86_64-linux-gnu/gazebo-11/plugins:/opt/ros/humble/opt/rviz_ogre_vendor/lib:/opt/ros/humble/lib/x86_64-linux-gnu:/opt/ros/humble/lib:/opt/openrobots/lib:/usr/share/gazebo/../../lib/x86_64-linux-gnu/gazebo-11/plugins /usr/bin/cmake /home/ros/docker_pronto_ws/src/rviz_legged/rviz_legged_plugins -DCMAKE_BUILD_TYPE=Release -DCMAKE_EXPORT_COMPILE_COMMANDS=ON -DAMENT_CMAKE_SYMLINK_INSTALL=1 -DCMAKE_INSTALL_PREFIX=/home/ros/docker_pronto_ws/install/rviz_legged_plugins
[0.600s] -- The C compiler identification is GNU 11.4.0
[0.680s] -- The CXX compiler identification is GNU 11.4.0
[0.690s] -- Detecting C compiler ABI info
[0.804s] -- Detecting C compiler ABI info - done
[0.814s] -- Check for working C compiler: /usr/bin/cc - skipped
[0.815s] -- Detecting C compile features
[0.816s] -- Detecting C compile features - done
[0.820s] -- Detecting CXX compiler ABI info
[0.956s] -- Detecting CXX compiler ABI info - done
[0.968s] -- Check for working CXX compiler: /usr/bin/c++ - skipped
[0.973s] -- Detecting CXX compile features
[0.974s] -- Detecting CXX compile features - done
[0.994s] -- Found ament_cmake: 1.3.6 (/opt/ros/humble/share/ament_cmake/cmake)
[1.321s] -- Found Python3: /usr/bin/python3.10 (found version "3.10.12") found components: Interpreter 
[1.410s] -- Override CMake install command with custom implementation using symlinks instead of copying resources
[1.483s] -- Found rviz_common: 11.2.9 (/opt/ros/humble/share/rviz_common/cmake)
[1.545s] -- Setting OGRE_DIR to: '/opt/ros/humble/share/rviz_ogre_vendor/cmake/../../../opt/rviz_ogre_vendor/lib/OGRE/cmake'
[1.548s] -- Found OGRE
[1.548s] --   static     : OFF
[1.548s] --   components : HLMS;MeshLodGenerator;Overlay;Paging;Property;RTShaderSystem;Terrain;Volume
[1.548s] --   plugins    : Plugin_BSPSceneManager;Plugin_OctreeSceneManager;Plugin_PCZSceneManager;Plugin_ParticleFX;RenderSystem_GL;RenderSystem_GL3Plus;Codec_STBI
[1.548s] --   media      : /opt/ros/humble/opt/rviz_ogre_vendor/share/OGRE/Media
[1.548s] -- OGRE_LIBRARIES: OgreHLMS;OgreMeshLodGenerator;OgreOverlay;OgrePaging;OgreProperty;OgreRTShaderSystem;OgreTerrain;OgreVolume;OgreMain
[1.548s] -- OGRE_LIBRARY_DIRS: /opt/ros/humble/opt/rviz_ogre_vendor/lib
[1.548s] -- OGRE_PLUGINS: Plugin_BSPSceneManager;Plugin_OctreeSceneManager;Plugin_PCZSceneManager;Plugin_ParticleFX;RenderSystem_GL;RenderSystem_GL3Plus;Codec_STBI
[1.548s] -- OGRE_PLUGIN_DIR: /opt/ros/humble/opt/rviz_ogre_vendor/lib/OGRE
[1.548s] -- rviz_ogre_vendor::OgreOverlay for IMPORTED_LOCATION_RELEASE: /opt/ros/humble/opt/rviz_ogre_vendor/lib/libOgreOverlay.so
[1.549s] -- rviz_ogre_vendor::OgreOverlay for IMPORTED_LOCATION_DEBUG: /opt/ros/humble/opt/rviz_ogre_vendor/lib/libOgreOverlay.so
[1.549s] -- rviz_ogre_vendor::OgreMain for IMPORTED_LOCATION_RELEASE: /opt/ros/humble/opt/rviz_ogre_vendor/lib/libOgreMain.so
[1.549s] -- rviz_ogre_vendor::OgreMain for IMPORTED_LOCATION_DEBUG: /opt/ros/humble/opt/rviz_ogre_vendor/lib/libOgreMain.so
[1.588s] -- Found ZLIB: /usr/lib/x86_64-linux-gnu/libz.so (found version "1.2.11") 
[1.598s] -- Found OpenGL: /usr/lib/x86_64-linux-gnu/libOpenGL.so   
[1.754s] -- Found X11: /usr/include   
[1.755s] -- Looking for XOpenDisplay in /usr/lib/x86_64-linux-gnu/libX11.so;/usr/lib/x86_64-linux-gnu/libXext.so
[1.858s] -- Looking for XOpenDisplay in /usr/lib/x86_64-linux-gnu/libX11.so;/usr/lib/x86_64-linux-gnu/libXext.so - found
[1.859s] -- Looking for gethostbyname
[1.944s] -- Looking for gethostbyname - found
[1.944s] -- Looking for connect
[2.023s] -- Looking for connect - found
[2.023s] -- Looking for remove
[2.093s] -- Looking for remove - found
[2.093s] -- Looking for shmat
[2.173s] -- Looking for shmat - found
[2.174s] -- Looking for IceConnectionNumber in ICE
[2.262s] -- Looking for IceConnectionNumber in ICE - found
[2.265s] -- rviz_ogre_vendor::RenderSystem_GL for IMPORTED_LOCATION_RELEASE: _render_system_gl_static_library_abs-NOTFOUND
[2.265s] -- rviz_ogre_vendor::RenderSystem_GL for IMPORTED_LOCATION_DEBUG: _render_system_gl_static_library_abs-NOTFOUND
[2.409s] -- library: /usr/lib/x86_64-linux-gnu/libcurl.so
[2.483s] -- Found rosidl_generator_c: 3.1.5 (/opt/ros/humble/share/rosidl_generator_c/cmake)
[2.494s] -- Found rosidl_adapter: 3.1.5 (/opt/ros/humble/share/rosidl_adapter/cmake)
[2.514s] -- Found rosidl_generator_cpp: 3.1.5 (/opt/ros/humble/share/rosidl_generator_cpp/cmake)
[2.536s] -- Using all available rosidl_typesupport_c: rosidl_typesupport_fastrtps_c;rosidl_typesupport_introspection_c
[2.572s] -- Using all available rosidl_typesupport_cpp: rosidl_typesupport_fastrtps_cpp;rosidl_typesupport_introspection_cpp
[2.914s] -- Found rmw_implementation_cmake: 6.1.1 (/opt/ros/humble/share/rmw_implementation_cmake/cmake)
[2.921s] -- Found rmw_fastrtps_cpp: 6.2.5 (/opt/ros/humble/share/rmw_fastrtps_cpp/cmake)
[2.984s] -- Found TinyXML2 via Config file: TinyXML2_DIR-NOTFOUND
[3.081s] -- Found OpenSSL: /usr/lib/x86_64-linux-gnu/libcrypto.so (found version "3.0.2")  
[3.085s] -- Found TinyXML2 via Config file: TinyXML2_DIR-NOTFOUND
[3.104s] -- Found FastRTPS: /opt/ros/humble/include  
[3.118s] -- Found TinyXML2 via Config file: TinyXML2_DIR-NOTFOUND
[3.131s] -- Found TinyXML2 via Config file: TinyXML2_DIR-NOTFOUND
[3.148s] -- Using RMW implementation 'rmw_fastrtps_cpp' as default
[3.171s] -- Looking for pthread.h
[3.260s] -- Looking for pthread.h - found
[3.260s] -- Performing Test CMAKE_HAVE_LIBC_PTHREAD
[3.360s] -- Performing Test CMAKE_HAVE_LIBC_PTHREAD - Success
[3.360s] -- Found Threads: TRUE  
[3.761s] -- Found Eigen3: TRUE (found version "3.4.0") 
[3.761s] -- Ensuring Eigen3 include directory is part of orocos-kdl CMake target
[4.262s] -- Found rviz_legged_msgs: 0.0.0 (/home/ros/docker_pronto_ws/install/rviz_legged_msgs/share/rviz_legged_msgs/cmake)
[4.620s] -- Looking for ignition-math6 -- found version 6.15.0
[4.642s] -- Searching for dependencies of ignition-math6
[4.648s] -- Found image_transport: 3.1.7 (/opt/ros/humble/share/image_transport/cmake)
[4.692s] -- Found interactive_markers: 2.3.2 (/opt/ros/humble/share/interactive_markers/cmake)
[4.949s] -- Found laser_geometry: 2.4.0 (/opt/ros/humble/share/laser_geometry/cmake)
[4.995s] -- Found map_msgs: 2.1.0 (/opt/ros/humble/share/map_msgs/cmake)
[5.303s] -- Found rviz_default_plugins: 11.2.9 (/opt/ros/humble/share/rviz_default_plugins/cmake)
[5.707s] -- Found ament_lint_auto: 0.12.9 (/opt/ros/humble/share/ament_lint_auto/cmake)
[5.864s] -- Added test 'copyright' to check source files copyright and LICENSE
[5.867s] -- Added test 'cppcheck' to perform static code analysis on C / C++ code
[5.868s] -- Configured cppcheck include dirs: $<BUILD_INTERFACE:/home/ros/docker_pronto_ws/src/rviz_legged/rviz_legged_plugins/include>
[5.868s] -- Configured cppcheck exclude dirs and/or files: 
[5.870s] -- Added test 'cpplint' to check C / C++ code against the Google style
[5.870s] -- Configured cpplint exclude dirs and/or files: 
[5.872s] -- Added test 'flake8' to check Python code syntax and style conventions
[5.873s] -- Added test 'lint_cmake' to check CMake code style
[5.875s] -- Added test 'pep257' to check Python code against some of the docstring style conventions in PEP 257
[5.877s] -- Added test 'uncrustify' to check C / C++ code style
[5.878s] -- Configured uncrustify additional arguments: 
[5.879s] -- Added test 'xmllint' to check XML markup files
[5.884s] -- Configuring done
[5.922s] -- Generating done
[5.925s] -- Build files have been written to: /home/ros/docker_pronto_ws/build/rviz_legged_plugins
[5.948s] Invoked command in '/home/ros/docker_pronto_ws/build/rviz_legged_plugins' returned '0': CMAKE_PREFIX_PATH=/home/ros/docker_pronto_ws/install/rviz_legged_msgs:/home/ros/docker_pronto_ws/install/hqp_controller:/home/ros/docker_pronto_ws/install/whole_body_controller:/home/ros/docker_pronto_ws/install/teleoperate_robot:/home/ros/docker_pronto_ws/install/pronto_tuning:/home/ros/docker_pronto_ws/install/lip_walking_trot_planner:/home/ros/docker_pronto_ws/install/velocity_command_msgs:/home/ros/docker_pronto_ws/install/static_walk_planner:/home/ros/docker_pronto_ws/install/robot_gazebo:/home/ros/docker_pronto_ws/install/solo_description:/home/ros/docker_pronto_ws/install/robot_model:/home/ros/docker_pronto_ws/install/ryml:/home/ros/docker_pronto_ws/install/rviz_legged_plugins:/home/ros/docker_pronto_ws/install/anymal_c_simple_description:/home/ros/docker_pronto_ws/install/robot_control:/home/ros/docker_pronto_ws/install/hierarchical_optimization:/home/ros/docker_pronto_ws/install/quadprog:/home/ros/docker_pronto_ws/install/pronto_ros2_controller:/home/ros/docker_pronto_ws/install/pronto_solo12:/home/ros/docker_pronto_ws/install/pronto_quadruped_ros:/home/ros/docker_pronto_ws/install/pronto_quadruped:/home/ros/docker_pronto_ws/install/pronto_utils:/home/ros/docker_pronto_ws/install/pronto_ros:/home/ros/docker_pronto_ws/install/pronto_quadruped_commons:/home/ros/docker_pronto_ws/install/pronto_msgs:/home/ros/docker_pronto_ws/install/pronto_core:/home/ros/docker_pronto_ws/install/pi3hat_moteus_int_msgs:/home/ros/docker_pronto_ws/install/generalized_pose_msgs:/opt/openrobots:/home/ros/docker_pronto_ws/install/planners_python:/home/ros/docker_pronto_ws/install/logger_gazebo:/home/ros/docker_pronto_ws/install/terrain_estimator:/home/ros/docker_pronto_ws/install/pose_estimator:/opt/ros/humble LD_LIBRARY_PATH=/home/ros/docker_pronto_ws/install/rviz_legged_msgs/lib:/home/ros/docker_pronto_ws/install/hqp_controller/lib:/home/ros/docker_pronto_ws/install/whole_body_controller/lib:/home/ros/docker_pronto_ws/install/teleoperate_robot/lib:/home/ros/docker_pronto_ws/install/lip_walking_trot_planner/lib:/home/ros/docker_pronto_ws/install/velocity_command_msgs/lib:/home/ros/docker_pronto_ws/install/static_walk_planner/lib:/home/ros/docker_pronto_ws/install/robot_model/lib:/home/ros/docker_pronto_ws/install/ryml/lib:/home/ros/docker_pronto_ws/install/rviz_legged_plugins/lib:/home/ros/docker_pronto_ws/install/hierarchical_optimization/lib:/home/ros/docker_pronto_ws/install/quadprog/lib:/home/ros/docker_pronto_ws/install/pronto_ros2_controller/lib:/home/ros/docker_pronto_ws/install/pronto_solo12/lib:/home/ros/docker_pronto_ws/install/pronto_quadruped_ros/lib:/home/ros/docker_pronto_ws/install/pronto_quadruped/lib:/home/ros/docker_pronto_ws/install/pronto_utils/lib:/home/ros/docker_pronto_ws/install/pronto_ros/lib:/home/ros/docker_pronto_ws/install/pronto_msgs/lib:/home/ros/docker_pronto_ws/install/pronto_core/lib:/home/ros/docker_pronto_ws/install/pi3hat_moteus_int_msgs/lib:/home/ros/docker_pronto_ws/install/generalized_pose_msgs/lib:/usr/lib/x86_64-linux-gnu/gazebo-11/plugins:/opt/ros/humble/opt/rviz_ogre_vendor/lib:/opt/ros/humble/lib/x86_64-linux-gnu:/opt/ros/humble/lib:/opt/openrobots/lib:/usr/share/gazebo/../../lib/x86_64-linux-gnu/gazebo-11/plugins /usr/bin/cmake /home/ros/docker_pronto_ws/src/rviz_legged/rviz_legged_plugins -DCMAKE_BUILD_TYPE=Release -DCMAKE_EXPORT_COMPILE_COMMANDS=ON -DAMENT_CMAKE_SYMLINK_INSTALL=1 -DCMAKE_INSTALL_PREFIX=/home/ros/docker_pronto_ws/install/rviz_legged_plugins
[5.950s] Invoking command in '/home/ros/docker_pronto_ws/build/rviz_legged_plugins': CMAKE_PREFIX_PATH=/home/ros/docker_pronto_ws/install/rviz_legged_msgs:/home/ros/docker_pronto_ws/install/hqp_controller:/home/ros/docker_pronto_ws/install/whole_body_controller:/home/ros/docker_pronto_ws/install/teleoperate_robot:/home/ros/docker_pronto_ws/install/pronto_tuning:/home/ros/docker_pronto_ws/install/lip_walking_trot_planner:/home/ros/docker_pronto_ws/install/velocity_command_msgs:/home/ros/docker_pronto_ws/install/static_walk_planner:/home/ros/docker_pronto_ws/install/robot_gazebo:/home/ros/docker_pronto_ws/install/solo_description:/home/ros/docker_pronto_ws/install/robot_model:/home/ros/docker_pronto_ws/install/ryml:/home/ros/docker_pronto_ws/install/rviz_legged_plugins:/home/ros/docker_pronto_ws/install/anymal_c_simple_description:/home/ros/docker_pronto_ws/install/robot_control:/home/ros/docker_pronto_ws/install/hierarchical_optimization:/home/ros/docker_pronto_ws/install/quadprog:/home/ros/docker_pronto_ws/install/pronto_ros2_controller:/home/ros/docker_pronto_ws/install/pronto_solo12:/home/ros/docker_pronto_ws/install/pronto_quadruped_ros:/home/ros/docker_pronto_ws/install/pronto_quadruped:/home/ros/docker_pronto_ws/install/pronto_utils:/home/ros/docker_pronto_ws/install/pronto_ros:/home/ros/docker_pronto_ws/install/pronto_quadruped_commons:/home/ros/docker_pronto_ws/install/pronto_msgs:/home/ros/docker_pronto_ws/install/pronto_core:/home/ros/docker_pronto_ws/install/pi3hat_moteus_int_msgs:/home/ros/docker_pronto_ws/install/generalized_pose_msgs:/opt/openrobots:/home/ros/docker_pronto_ws/install/planners_python:/home/ros/docker_pronto_ws/install/logger_gazebo:/home/ros/docker_pronto_ws/install/terrain_estimator:/home/ros/docker_pronto_ws/install/pose_estimator:/opt/ros/humble LD_LIBRARY_PATH=/home/ros/docker_pronto_ws/install/rviz_legged_msgs/lib:/home/ros/docker_pronto_ws/install/hqp_controller/lib:/home/ros/docker_pronto_ws/install/whole_body_controller/lib:/home/ros/docker_pronto_ws/install/teleoperate_robot/lib:/home/ros/docker_pronto_ws/install/lip_walking_trot_planner/lib:/home/ros/docker_pronto_ws/install/velocity_command_msgs/lib:/home/ros/docker_pronto_ws/install/static_walk_planner/lib:/home/ros/docker_pronto_ws/install/robot_model/lib:/home/ros/docker_pronto_ws/install/ryml/lib:/home/ros/docker_pronto_ws/install/rviz_legged_plugins/lib:/home/ros/docker_pronto_ws/install/hierarchical_optimization/lib:/home/ros/docker_pronto_ws/install/quadprog/lib:/home/ros/docker_pronto_ws/install/pronto_ros2_controller/lib:/home/ros/docker_pronto_ws/install/pronto_solo12/lib:/home/ros/docker_pronto_ws/install/pronto_quadruped_ros/lib:/home/ros/docker_pronto_ws/install/pronto_quadruped/lib:/home/ros/docker_pronto_ws/install/pronto_utils/lib:/home/ros/docker_pronto_ws/install/pronto_ros/lib:/home/ros/docker_pronto_ws/install/pronto_msgs/lib:/home/ros/docker_pronto_ws/install/pronto_core/lib:/home/ros/docker_pronto_ws/install/pi3hat_moteus_int_msgs/lib:/home/ros/docker_pronto_ws/install/generalized_pose_msgs/lib:/usr/lib/x86_64-linux-gnu/gazebo-11/plugins:/opt/ros/humble/opt/rviz_ogre_vendor/lib:/opt/ros/humble/lib/x86_64-linux-gnu:/opt/ros/humble/lib:/opt/openrobots/lib:/usr/share/gazebo/../../lib/x86_64-linux-gnu/gazebo-11/plugins /usr/bin/cmake --build /home/ros/docker_pronto_ws/build/rviz_legged_plugins -- -j16 -l16
[6.017s] [ 20%] [34m[1mGenerating include/rviz_legged_plugins/displays/moc_external_wrench_display.cpp[0m
[6.017s] [ 20%] [34m[1mGenerating include/rviz_legged_plugins/displays/moc_friction_cones_display.cpp[0m
[6.018s] [ 30%] [34m[1mGenerating include/rviz_legged_plugins/displays/moc_paths_display.cpp[0m
[6.045s] [ 30%] Built target ament_cmake_python_symlink_rviz_legged_plugins
[6.054s] [ 40%] [32mBuilding CXX object CMakeFiles/rviz_legged_plugins.dir/include/rviz_legged_plugins/displays/moc_friction_cones_display.cpp.o[0m
[6.060s] [ 50%] [32mBuilding CXX object CMakeFiles/rviz_legged_plugins.dir/src/displays/paths_display.cpp.o[0m
[6.064s] [ 60%] [32mBuilding CXX object CMakeFiles/rviz_legged_plugins.dir/src/displays/external_wrench_display.cpp.o[0m
[6.065s] [ 70%] [32mBuilding CXX object CMakeFiles/rviz_legged_plugins.dir/include/rviz_legged_plugins/displays/moc_external_wrench_display.cpp.o[0m
[6.071s] [ 80%] [32mBuilding CXX object CMakeFiles/rviz_legged_plugins.dir/src/displays/friction_cones_display.cpp.o[0m
[6.093s] [ 90%] [32mBuilding CXX object CMakeFiles/rviz_legged_plugins.dir/include/rviz_legged_plugins/displays/moc_paths_display.cpp.o[0m
[6.558s] running egg_info
[6.559s] creating rviz_legged_plugins.egg-info
[6.560s] writing rviz_legged_plugins.egg-info/PKG-INFO
[6.560s] writing dependency_links to rviz_legged_plugins.egg-info/dependency_links.txt
[6.561s] writing top-level names to rviz_legged_plugins.egg-info/top_level.txt
[6.561s] writing manifest file 'rviz_legged_plugins.egg-info/SOURCES.txt'
[6.564s] reading manifest file 'rviz_legged_plugins.egg-info/SOURCES.txt'
[6.565s] writing manifest file 'rviz_legged_plugins.egg-info/SOURCES.txt'
[6.653s] [ 90%] Built target ament_cmake_python_build_rviz_legged_plugins_egg
[37.574s] [100%] [32m[1mLinking CXX shared library librviz_legged_plugins.so[0m
[38.850s] [100%] Built target rviz_legged_plugins
[38.874s] Invoked command in '/home/ros/docker_pronto_ws/build/rviz_legged_plugins' returned '0': CMAKE_PREFIX_PATH=/home/ros/docker_pronto_ws/install/rviz_legged_msgs:/home/ros/docker_pronto_ws/install/hqp_controller:/home/ros/docker_pronto_ws/install/whole_body_controller:/home/ros/docker_pronto_ws/install/teleoperate_robot:/home/ros/docker_pronto_ws/install/pronto_tuning:/home/ros/docker_pronto_ws/install/lip_walking_trot_planner:/home/ros/docker_pronto_ws/install/velocity_command_msgs:/home/ros/docker_pronto_ws/install/static_walk_planner:/home/ros/docker_pronto_ws/install/robot_gazebo:/home/ros/docker_pronto_ws/install/solo_description:/home/ros/docker_pronto_ws/install/robot_model:/home/ros/docker_pronto_ws/install/ryml:/home/ros/docker_pronto_ws/install/rviz_legged_plugins:/home/ros/docker_pronto_ws/install/anymal_c_simple_description:/home/ros/docker_pronto_ws/install/robot_control:/home/ros/docker_pronto_ws/install/hierarchical_optimization:/home/ros/docker_pronto_ws/install/quadprog:/home/ros/docker_pronto_ws/install/pronto_ros2_controller:/home/ros/docker_pronto_ws/install/pronto_solo12:/home/ros/docker_pronto_ws/install/pronto_quadruped_ros:/home/ros/docker_pronto_ws/install/pronto_quadruped:/home/ros/docker_pronto_ws/install/pronto_utils:/home/ros/docker_pronto_ws/install/pronto_ros:/home/ros/docker_pronto_ws/install/pronto_quadruped_commons:/home/ros/docker_pronto_ws/install/pronto_msgs:/home/ros/docker_pronto_ws/install/pronto_core:/home/ros/docker_pronto_ws/install/pi3hat_moteus_int_msgs:/home/ros/docker_pronto_ws/install/generalized_pose_msgs:/opt/openrobots:/home/ros/docker_pronto_ws/install/planners_python:/home/ros/docker_pronto_ws/install/logger_gazebo:/home/ros/docker_pronto_ws/install/terrain_estimator:/home/ros/docker_pronto_ws/install/pose_estimator:/opt/ros/humble LD_LIBRARY_PATH=/home/ros/docker_pronto_ws/install/rviz_legged_msgs/lib:/home/ros/docker_pronto_ws/install/hqp_controller/lib:/home/ros/docker_pronto_ws/install/whole_body_controller/lib:/home/ros/docker_pronto_ws/install/teleoperate_robot/lib:/home/ros/docker_pronto_ws/install/lip_walking_trot_planner/lib:/home/ros/docker_pronto_ws/install/velocity_command_msgs/lib:/home/ros/docker_pronto_ws/install/static_walk_planner/lib:/home/ros/docker_pronto_ws/install/robot_model/lib:/home/ros/docker_pronto_ws/install/ryml/lib:/home/ros/docker_pronto_ws/install/rviz_legged_plugins/lib:/home/ros/docker_pronto_ws/install/hierarchical_optimization/lib:/home/ros/docker_pronto_ws/install/quadprog/lib:/home/ros/docker_pronto_ws/install/pronto_ros2_controller/lib:/home/ros/docker_pronto_ws/install/pronto_solo12/lib:/home/ros/docker_pronto_ws/install/pronto_quadruped_ros/lib:/home/ros/docker_pronto_ws/install/pronto_quadruped/lib:/home/ros/docker_pronto_ws/install/pronto_utils/lib:/home/ros/docker_pronto_ws/install/pronto_ros/lib:/home/ros/docker_pronto_ws/install/pronto_msgs/lib:/home/ros/docker_pronto_ws/install/pronto_core/lib:/home/ros/docker_pronto_ws/install/pi3hat_moteus_int_msgs/lib:/home/ros/docker_pronto_ws/install/generalized_pose_msgs/lib:/usr/lib/x86_64-linux-gnu/gazebo-11/plugins:/opt/ros/humble/opt/rviz_ogre_vendor/lib:/opt/ros/humble/lib/x86_64-linux-gnu:/opt/ros/humble/lib:/opt/openrobots/lib:/usr/share/gazebo/../../lib/x86_64-linux-gnu/gazebo-11/plugins /usr/bin/cmake --build /home/ros/docker_pronto_ws/build/rviz_legged_plugins -- -j16 -l16
[38.925s] Invoking command in '/home/ros/docker_pronto_ws/build/rviz_legged_plugins': CMAKE_PREFIX_PATH=/home/ros/docker_pronto_ws/install/rviz_legged_msgs:/home/ros/docker_pronto_ws/install/hqp_controller:/home/ros/docker_pronto_ws/install/whole_body_controller:/home/ros/docker_pronto_ws/install/teleoperate_robot:/home/ros/docker_pronto_ws/install/pronto_tuning:/home/ros/docker_pronto_ws/install/lip_walking_trot_planner:/home/ros/docker_pronto_ws/install/velocity_command_msgs:/home/ros/docker_pronto_ws/install/static_walk_planner:/home/ros/docker_pronto_ws/install/robot_gazebo:/home/ros/docker_pronto_ws/install/solo_description:/home/ros/docker_pronto_ws/install/robot_model:/home/ros/docker_pronto_ws/install/ryml:/home/ros/docker_pronto_ws/install/rviz_legged_plugins:/home/ros/docker_pronto_ws/install/anymal_c_simple_description:/home/ros/docker_pronto_ws/install/robot_control:/home/ros/docker_pronto_ws/install/hierarchical_optimization:/home/ros/docker_pronto_ws/install/quadprog:/home/ros/docker_pronto_ws/install/pronto_ros2_controller:/home/ros/docker_pronto_ws/install/pronto_solo12:/home/ros/docker_pronto_ws/install/pronto_quadruped_ros:/home/ros/docker_pronto_ws/install/pronto_quadruped:/home/ros/docker_pronto_ws/install/pronto_utils:/home/ros/docker_pronto_ws/install/pronto_ros:/home/ros/docker_pronto_ws/install/pronto_quadruped_commons:/home/ros/docker_pronto_ws/install/pronto_msgs:/home/ros/docker_pronto_ws/install/pronto_core:/home/ros/docker_pronto_ws/install/pi3hat_moteus_int_msgs:/home/ros/docker_pronto_ws/install/generalized_pose_msgs:/opt/openrobots:/home/ros/docker_pronto_ws/install/planners_python:/home/ros/docker_pronto_ws/install/logger_gazebo:/home/ros/docker_pronto_ws/install/terrain_estimator:/home/ros/docker_pronto_ws/install/pose_estimator:/opt/ros/humble LD_LIBRARY_PATH=/home/ros/docker_pronto_ws/install/rviz_legged_msgs/lib:/home/ros/docker_pronto_ws/install/hqp_controller/lib:/home/ros/docker_pronto_ws/install/whole_body_controller/lib:/home/ros/docker_pronto_ws/install/teleoperate_robot/lib:/home/ros/docker_pronto_ws/install/lip_walking_trot_planner/lib:/home/ros/docker_pronto_ws/install/velocity_command_msgs/lib:/home/ros/docker_pronto_ws/install/static_walk_planner/lib:/home/ros/docker_pronto_ws/install/robot_model/lib:/home/ros/docker_pronto_ws/install/ryml/lib:/home/ros/docker_pronto_ws/install/rviz_legged_plugins/lib:/home/ros/docker_pronto_ws/install/hierarchical_optimization/lib:/home/ros/docker_pronto_ws/install/quadprog/lib:/home/ros/docker_pronto_ws/install/pronto_ros2_controller/lib:/home/ros/docker_pronto_ws/install/pronto_solo12/lib:/home/ros/docker_pronto_ws/install/pronto_quadruped_ros/lib:/home/ros/docker_pronto_ws/install/pronto_quadruped/lib:/home/ros/docker_pronto_ws/install/pronto_utils/lib:/home/ros/docker_pronto_ws/install/pronto_ros/lib:/home/ros/docker_pronto_ws/install/pronto_msgs/lib:/home/ros/docker_pronto_ws/install/pronto_core/lib:/home/ros/docker_pronto_ws/install/pi3hat_moteus_int_msgs/lib:/home/ros/docker_pronto_ws/install/generalized_pose_msgs/lib:/usr/lib/x86_64-linux-gnu/gazebo-11/plugins:/opt/ros/humble/opt/rviz_ogre_vendor/lib:/opt/ros/humble/lib/x86_64-linux-gnu:/opt/ros/humble/lib:/opt/openrobots/lib:/usr/share/gazebo/../../lib/x86_64-linux-gnu/gazebo-11/plugins /usr/bin/cmake --install /home/ros/docker_pronto_ws/build/rviz_legged_plugins
[38.932s] -- Install configuration: "Release"
[38.933s] -- Execute custom install script
[38.934s] -- Symlinking: /home/ros/docker_pronto_ws/install/rviz_legged_plugins/share/rviz_legged_plugins//plugins_description.xml
[38.941s] -- Symlinking: /home/ros/docker_pronto_ws/install/rviz_legged_plugins/share/rviz_legged_plugins/environment/library_path.sh
[38.947s] -- Symlinking: /home/ros/docker_pronto_ws/install/rviz_legged_plugins/share/rviz_legged_plugins/environment/library_path.dsv
[38.955s] -- Symlinking: /home/ros/docker_pronto_ws/install/rviz_legged_plugins/include/rviz_legged_plugins/rviz_legged_plugins/displays/external_wrench_display.hpp
[38.962s] -- Symlinking: /home/ros/docker_pronto_ws/install/rviz_legged_plugins/include/rviz_legged_plugins/rviz_legged_plugins/displays/friction_cones_display.hpp
[38.970s] -- Symlinking: /home/ros/docker_pronto_ws/install/rviz_legged_plugins/include/rviz_legged_plugins/rviz_legged_plugins/displays/paths_display.hpp
[38.977s] -- Symlinking: /home/ros/docker_pronto_ws/install/rviz_legged_plugins/share/rviz_legged_plugins/environment/pythonpath.sh
[38.984s] -- Symlinking: /home/ros/docker_pronto_ws/install/rviz_legged_plugins/share/rviz_legged_plugins/environment/pythonpath.dsv
[38.991s] -- Symlinking: /home/ros/docker_pronto_ws/install/rviz_legged_plugins/local/lib/python3.10/dist-packages/rviz_legged_plugins-0.0.0-py3.10.egg-info/PKG-INFO
[38.999s] -- Symlinking: /home/ros/docker_pronto_ws/install/rviz_legged_plugins/local/lib/python3.10/dist-packages/rviz_legged_plugins-0.0.0-py3.10.egg-info/SOURCES.txt
[39.005s] -- Symlinking: /home/ros/docker_pronto_ws/install/rviz_legged_plugins/local/lib/python3.10/dist-packages/rviz_legged_plugins-0.0.0-py3.10.egg-info/dependency_links.txt
[39.013s] -- Symlinking: /home/ros/docker_pronto_ws/install/rviz_legged_plugins/local/lib/python3.10/dist-packages/rviz_legged_plugins-0.0.0-py3.10.egg-info/top_level.txt
[39.021s] -- Symlinking: /home/ros/docker_pronto_ws/install/rviz_legged_plugins/local/lib/python3.10/dist-packages/rviz_legged_plugins/__init__.py
[39.029s] -- Symlinking: /home/ros/docker_pronto_ws/install/rviz_legged_plugins/lib/rviz_legged_plugins/ground_to_base_frame_broadcaster_node.py
[39.036s] -- Symlinking: /home/ros/docker_pronto_ws/install/rviz_legged_plugins/lib/rviz_legged_plugins/terrain_projector_node.py
[39.044s] -- Symlinking: /home/ros/docker_pronto_ws/install/rviz_legged_plugins/share/ament_index/resource_index/package_run_dependencies/rviz_legged_plugins
[39.052s] -- Symlinking: /home/ros/docker_pronto_ws/install/rviz_legged_plugins/share/ament_index/resource_index/parent_prefix_path/rviz_legged_plugins
[39.059s] -- Symlinking: /home/ros/docker_pronto_ws/install/rviz_legged_plugins/share/rviz_legged_plugins/environment/ament_prefix_path.sh
[39.067s] -- Symlinking: /home/ros/docker_pronto_ws/install/rviz_legged_plugins/share/rviz_legged_plugins/environment/ament_prefix_path.dsv
[39.074s] -- Symlinking: /home/ros/docker_pronto_ws/install/rviz_legged_plugins/share/rviz_legged_plugins/environment/path.sh
[39.082s] -- Symlinking: /home/ros/docker_pronto_ws/install/rviz_legged_plugins/share/rviz_legged_plugins/environment/path.dsv
[39.089s] -- Symlinking: /home/ros/docker_pronto_ws/install/rviz_legged_plugins/share/rviz_legged_plugins/local_setup.bash
[39.098s] -- Symlinking: /home/ros/docker_pronto_ws/install/rviz_legged_plugins/share/rviz_legged_plugins/local_setup.sh
[39.105s] -- Symlinking: /home/ros/docker_pronto_ws/install/rviz_legged_plugins/share/rviz_legged_plugins/local_setup.zsh
[39.113s] -- Symlinking: /home/ros/docker_pronto_ws/install/rviz_legged_plugins/share/rviz_legged_plugins/local_setup.dsv
[39.120s] -- Symlinking: /home/ros/docker_pronto_ws/install/rviz_legged_plugins/share/rviz_legged_plugins/package.dsv
[39.127s] -- Symlinking: /home/ros/docker_pronto_ws/install/rviz_legged_plugins/share/ament_index/resource_index/packages/rviz_legged_plugins
[39.134s] -- Symlinking: /home/ros/docker_pronto_ws/install/rviz_legged_plugins/share/ament_index/resource_index/rviz_common__pluginlib__plugin/rviz_legged_plugins
[39.142s] -- Symlinking: /home/ros/docker_pronto_ws/install/rviz_legged_plugins/share/rviz_legged_plugins/cmake/rviz_legged_plugins-extras.cmake
[39.149s] -- Symlinking: /home/ros/docker_pronto_ws/install/rviz_legged_plugins/share/rviz_legged_plugins/cmake/ament_cmake_export_include_directories-extras.cmake
[39.157s] -- Symlinking: /home/ros/docker_pronto_ws/install/rviz_legged_plugins/share/rviz_legged_plugins/cmake/ament_cmake_export_targets-extras.cmake
[39.165s] -- Symlinking: /home/ros/docker_pronto_ws/install/rviz_legged_plugins/share/rviz_legged_plugins/cmake/ament_cmake_export_dependencies-extras.cmake
[39.173s] -- Symlinking: /home/ros/docker_pronto_ws/install/rviz_legged_plugins/share/rviz_legged_plugins/cmake/rviz_legged_pluginsConfig.cmake
[39.181s] -- Symlinking: /home/ros/docker_pronto_ws/install/rviz_legged_plugins/share/rviz_legged_plugins/cmake/rviz_legged_pluginsConfig-version.cmake
[39.188s] -- Symlinking: /home/ros/docker_pronto_ws/install/rviz_legged_plugins/share/rviz_legged_plugins/package.xml
[39.195s] -- Installing: /home/ros/docker_pronto_ws/install/rviz_legged_plugins/lib/librviz_legged_plugins.so
[39.197s] -- Set runtime path of "/home/ros/docker_pronto_ws/install/rviz_legged_plugins/lib/librviz_legged_plugins.so" to ""
[39.245s] Listing '/home/ros/docker_pronto_ws/install/rviz_legged_plugins/local/lib/python3.10/dist-packages/rviz_legged_plugins'...
[39.246s] Compiling '/home/ros/docker_pronto_ws/install/rviz_legged_plugins/local/lib/python3.10/dist-packages/rviz_legged_plugins/__init__.py'...
[39.250s] -- Installing: /home/ros/docker_pronto_ws/install/rviz_legged_plugins/share/rviz_legged_plugins/cmake/rviz_legged_pluginsExport.cmake
[39.250s] -- Installing: /home/ros/docker_pronto_ws/install/rviz_legged_plugins/share/rviz_legged_plugins/cmake/rviz_legged_pluginsExport-release.cmake
[39.252s] Invoked command in '/home/ros/docker_pronto_ws/build/rviz_legged_plugins' returned '0': CMAKE_PREFIX_PATH=/home/ros/docker_pronto_ws/install/rviz_legged_msgs:/home/ros/docker_pronto_ws/install/hqp_controller:/home/ros/docker_pronto_ws/install/whole_body_controller:/home/ros/docker_pronto_ws/install/teleoperate_robot:/home/ros/docker_pronto_ws/install/pronto_tuning:/home/ros/docker_pronto_ws/install/lip_walking_trot_planner:/home/ros/docker_pronto_ws/install/velocity_command_msgs:/home/ros/docker_pronto_ws/install/static_walk_planner:/home/ros/docker_pronto_ws/install/robot_gazebo:/home/ros/docker_pronto_ws/install/solo_description:/home/ros/docker_pronto_ws/install/robot_model:/home/ros/docker_pronto_ws/install/ryml:/home/ros/docker_pronto_ws/install/rviz_legged_plugins:/home/ros/docker_pronto_ws/install/anymal_c_simple_description:/home/ros/docker_pronto_ws/install/robot_control:/home/ros/docker_pronto_ws/install/hierarchical_optimization:/home/ros/docker_pronto_ws/install/quadprog:/home/ros/docker_pronto_ws/install/pronto_ros2_controller:/home/ros/docker_pronto_ws/install/pronto_solo12:/home/ros/docker_pronto_ws/install/pronto_quadruped_ros:/home/ros/docker_pronto_ws/install/pronto_quadruped:/home/ros/docker_pronto_ws/install/pronto_utils:/home/ros/docker_pronto_ws/install/pronto_ros:/home/ros/docker_pronto_ws/install/pronto_quadruped_commons:/home/ros/docker_pronto_ws/install/pronto_msgs:/home/ros/docker_pronto_ws/install/pronto_core:/home/ros/docker_pronto_ws/install/pi3hat_moteus_int_msgs:/home/ros/docker_pronto_ws/install/generalized_pose_msgs:/opt/openrobots:/home/ros/docker_pronto_ws/install/planners_python:/home/ros/docker_pronto_ws/install/logger_gazebo:/home/ros/docker_pronto_ws/install/terrain_estimator:/home/ros/docker_pronto_ws/install/pose_estimator:/opt/ros/humble LD_LIBRARY_PATH=/home/ros/docker_pronto_ws/install/rviz_legged_msgs/lib:/home/ros/docker_pronto_ws/install/hqp_controller/lib:/home/ros/docker_pronto_ws/install/whole_body_controller/lib:/home/ros/docker_pronto_ws/install/teleoperate_robot/lib:/home/ros/docker_pronto_ws/install/lip_walking_trot_planner/lib:/home/ros/docker_pronto_ws/install/velocity_command_msgs/lib:/home/ros/docker_pronto_ws/install/static_walk_planner/lib:/home/ros/docker_pronto_ws/install/robot_model/lib:/home/ros/docker_pronto_ws/install/ryml/lib:/home/ros/docker_pronto_ws/install/rviz_legged_plugins/lib:/home/ros/docker_pronto_ws/install/hierarchical_optimization/lib:/home/ros/docker_pronto_ws/install/quadprog/lib:/home/ros/docker_pronto_ws/install/pronto_ros2_controller/lib:/home/ros/docker_pronto_ws/install/pronto_solo12/lib:/home/ros/docker_pronto_ws/install/pronto_quadruped_ros/lib:/home/ros/docker_pronto_ws/install/pronto_quadruped/lib:/home/ros/docker_pronto_ws/install/pronto_utils/lib:/home/ros/docker_pronto_ws/install/pronto_ros/lib:/home/ros/docker_pronto_ws/install/pronto_msgs/lib:/home/ros/docker_pronto_ws/install/pronto_core/lib:/home/ros/docker_pronto_ws/install/pi3hat_moteus_int_msgs/lib:/home/ros/docker_pronto_ws/install/generalized_pose_msgs/lib:/usr/lib/x86_64-linux-gnu/gazebo-11/plugins:/opt/ros/humble/opt/rviz_ogre_vendor/lib:/opt/ros/humble/lib/x86_64-linux-gnu:/opt/ros/humble/lib:/opt/openrobots/lib:/usr/share/gazebo/../../lib/x86_64-linux-gnu/gazebo-11/plugins /usr/bin/cmake --install /home/ros/docker_pronto_ws/build/rviz_legged_plugins
