[0.440s] Invoking command in '/home/ros/docker_pronto_ws/build/pronto_core': CMAKE_PREFIX_PATH=${CMAKE_PREFIX_PATH}:/home/ros/docker_pronto_ws/install/planners_python:/home/ros/docker_pronto_ws/install/logger_gazebo:/home/ros/docker_pronto_ws/install/terrain_estimator:/home/ros/docker_pronto_ws/install/pose_estimator:/opt/ros/humble /usr/bin/cmake /home/ros/docker_pronto_ws/src/pronto_core -DCMAKE_BUILD_TYPE=Release -DCMAKE_EXPORT_COMPILE_COMMANDS=ON -DAMENT_CMAKE_SYMLINK_INSTALL=1 -DCMAKE_INSTALL_PREFIX=/home/ros/docker_pronto_ws/install/pronto_core
[0.500s] -- The C compiler identification is GNU 11.4.0
[0.561s] -- The CXX compiler identification is GNU 11.4.0
[0.568s] -- Detecting C compiler ABI info
[0.645s] -- Detecting C compiler ABI info - done
[0.655s] -- Check for working C compiler: /usr/bin/cc - skipped
[0.655s] -- Detecting C compile features
[0.656s] -- Detecting C compile features - done
[0.659s] -- Detecting CXX compiler ABI info
[0.750s] -- Detecting CXX compiler ABI info - done
[0.758s] -- Check for working CXX compiler: /usr/bin/c++ - skipped
[0.758s] -- Detecting CXX compile features
[0.759s] -- Detecting CXX compile features - done
[0.762s] -- Found ament_cmake: 1.3.6 (/opt/ros/humble/share/ament_cmake/cmake)
[0.977s] -- Found Python3: /usr/bin/python3.10 (found version "3.10.12") found components: Interpreter 
[1.054s] -- Override CMake install command with custom implementation using symlinks instead of copying resources
[1.095s] -- Found rclcpp: 16.0.7 (/opt/ros/humble/share/rclcpp/cmake)
[1.156s] -- Found rosidl_generator_c: 3.1.5 (/opt/ros/humble/share/rosidl_generator_c/cmake)
[1.164s] -- Found rosidl_adapter: 3.1.5 (/opt/ros/humble/share/rosidl_adapter/cmake)
[1.187s] -- Found rosidl_generator_cpp: 3.1.5 (/opt/ros/humble/share/rosidl_generator_cpp/cmake)
[1.219s] -- Using all available rosidl_typesupport_c: rosidl_typesupport_fastrtps_c;rosidl_typesupport_introspection_c
[1.238s] -- Using all available rosidl_typesupport_cpp: rosidl_typesupport_fastrtps_cpp;rosidl_typesupport_introspection_cpp
[1.378s] -- Found rmw_implementation_cmake: 6.1.1 (/opt/ros/humble/share/rmw_implementation_cmake/cmake)
[1.378s] -- Found rmw_fastrtps_cpp: 6.2.5 (/opt/ros/humble/share/rmw_fastrtps_cpp/cmake)
[1.844s] -- Found OpenSSL: /usr/lib/x86_64-linux-gnu/libcrypto.so (found version "3.0.2")  
[1.945s] -- Found FastRTPS: /opt/ros/humble/include  
[2.105s] -- Using RMW implementation 'rmw_fastrtps_cpp' as default
[2.131s] -- Looking for pthread.h
[2.486s] -- Looking for pthread.h - found
[2.499s] -- Performing Test CMAKE_HAVE_LIBC_PTHREAD
[2.845s] -- Performing Test CMAKE_HAVE_LIBC_PTHREAD - Success
[2.845s] -- Found Threads: TRUE  
[3.186s] -- Found ament_lint_auto: 0.12.9 (/opt/ros/humble/share/ament_lint_auto/cmake)
[3.367s] -- Added test 'cppcheck' to perform static code analysis on C / C++ code
[3.367s] -- Configured cppcheck include dirs: $<BUILD_INTERFACE:/home/ros/docker_pronto_ws/src/pronto_core/include>
[3.367s] -- Configured cppcheck exclude dirs and/or files: 
[3.374s] -- Added test 'lint_cmake' to check CMake code style
[3.384s] -- Added test 'uncrustify' to check C / C++ code style
[3.384s] -- Configured uncrustify additional arguments: 
[3.386s] -- Added test 'xmllint' to check XML markup files
[3.391s] -- Configuring done
[3.419s] -- Generating done
[3.421s] -- Build files have been written to: /home/ros/docker_pronto_ws/build/pronto_core
[3.453s] Invoked command in '/home/ros/docker_pronto_ws/build/pronto_core' returned '0': CMAKE_PREFIX_PATH=${CMAKE_PREFIX_PATH}:/home/ros/docker_pronto_ws/install/planners_python:/home/ros/docker_pronto_ws/install/logger_gazebo:/home/ros/docker_pronto_ws/install/terrain_estimator:/home/ros/docker_pronto_ws/install/pose_estimator:/opt/ros/humble /usr/bin/cmake /home/ros/docker_pronto_ws/src/pronto_core -DCMAKE_BUILD_TYPE=Release -DCMAKE_EXPORT_COMPILE_COMMANDS=ON -DAMENT_CMAKE_SYMLINK_INSTALL=1 -DCMAKE_INSTALL_PREFIX=/home/ros/docker_pronto_ws/install/pronto_core
[3.454s] Invoking command in '/home/ros/docker_pronto_ws/build/pronto_core': CMAKE_PREFIX_PATH=${CMAKE_PREFIX_PATH}:/home/ros/docker_pronto_ws/install/planners_python:/home/ros/docker_pronto_ws/install/logger_gazebo:/home/ros/docker_pronto_ws/install/terrain_estimator:/home/ros/docker_pronto_ws/install/pose_estimator:/opt/ros/humble /usr/bin/cmake --build /home/ros/docker_pronto_ws/build/pronto_core -- -j16 -l16
[3.676s] [  8%] [32mBuilding CXX object CMakeFiles/pronto_core.dir/src/ins_module.cpp.o[0m
[3.676s] [ 16%] [32mBuilding CXX object CMakeFiles/pronto_core.dir/src/rbis.cpp.o[0m
[3.676s] [ 25%] [32mBuilding CXX object CMakeFiles/pronto_core.dir/src/rotations.cpp.o[0m
[3.677s] [ 33%] [32mBuilding CXX object CMakeFiles/pronto_core.dir/src/scan_matcher_module.cpp.o[0m
[3.677s] [ 41%] [32mBuilding CXX object CMakeFiles/pronto_core.dir/src/rigidbody.cpp.o[0m
[3.677s] [ 50%] [32mBuilding CXX object CMakeFiles/pronto_core.dir/src/update_history.cpp.o[0m
[3.677s] [ 58%] [32mBuilding CXX object CMakeFiles/pronto_core.dir/src/state_est.cpp.o[0m
[3.677s] [ 66%] [32mBuilding CXX object CMakeFiles/pronto_core.dir/src/rbis_update_interface.cpp.o[0m
[3.677s] [ 75%] [32mBuilding CXX object CMakeFiles/pronto_core.dir/src/indexed_meas_module.cpp.o[0m
[3.720s] [ 83%] [32mBuilding CXX object CMakeFiles/pronto_core.dir/src/pose_meas_module.cpp.o[0m
[3.756s] [ 91%] [32mBuilding CXX object CMakeFiles/pronto_core.dir/src/init_message_module.cpp.o[0m
[34.290s] [100%] [32m[1mLinking CXX shared library libpronto_core.so[0m
[34.474s] [100%] Built target pronto_core
[34.496s] Invoked command in '/home/ros/docker_pronto_ws/build/pronto_core' returned '0': CMAKE_PREFIX_PATH=${CMAKE_PREFIX_PATH}:/home/ros/docker_pronto_ws/install/planners_python:/home/ros/docker_pronto_ws/install/logger_gazebo:/home/ros/docker_pronto_ws/install/terrain_estimator:/home/ros/docker_pronto_ws/install/pose_estimator:/opt/ros/humble /usr/bin/cmake --build /home/ros/docker_pronto_ws/build/pronto_core -- -j16 -l16
[34.605s] Invoking command in '/home/ros/docker_pronto_ws/build/pronto_core': CMAKE_PREFIX_PATH=${CMAKE_PREFIX_PATH}:/home/ros/docker_pronto_ws/install/planners_python:/home/ros/docker_pronto_ws/install/logger_gazebo:/home/ros/docker_pronto_ws/install/terrain_estimator:/home/ros/docker_pronto_ws/install/pose_estimator:/opt/ros/humble /usr/bin/cmake --install /home/ros/docker_pronto_ws/build/pronto_core
[34.618s] -- Install configuration: "Release"
[34.618s] -- Execute custom install script
[34.619s] -- Symlinking: /home/ros/docker_pronto_ws/install/pronto_core/share/pronto_core/environment/library_path.sh
[34.634s] -- Symlinking: /home/ros/docker_pronto_ws/install/pronto_core/share/pronto_core/environment/library_path.dsv
[34.650s] -- Symlinking: /home/ros/docker_pronto_ws/install/pronto_core/include/pronto_core/definitions.hpp
[34.665s] -- Symlinking: /home/ros/docker_pronto_ws/install/pronto_core/include/pronto_core/gps_module.hpp
[34.680s] -- Symlinking: /home/ros/docker_pronto_ws/install/pronto_core/include/pronto_core/indexed_meas_module.hpp
[34.697s] -- Symlinking: /home/ros/docker_pronto_ws/install/pronto_core/include/pronto_core/init_message_module.hpp
[34.711s] -- Symlinking: /home/ros/docker_pronto_ws/install/pronto_core/include/pronto_core/ins_module.hpp
[34.725s] -- Symlinking: /home/ros/docker_pronto_ws/install/pronto_core/include/pronto_core/lidar_odometry_module.hpp
[34.738s] -- Symlinking: /home/ros/docker_pronto_ws/install/pronto_core/include/pronto_core/pose_meas_module.hpp
[34.751s] -- Symlinking: /home/ros/docker_pronto_ws/install/pronto_core/include/pronto_core/pronto_core.hpp
[34.765s] -- Symlinking: /home/ros/docker_pronto_ws/install/pronto_core/include/pronto_core/rbis.hpp
[34.779s] -- Symlinking: /home/ros/docker_pronto_ws/install/pronto_core/include/pronto_core/rbis_update_interface.hpp
[34.795s] -- Symlinking: /home/ros/docker_pronto_ws/install/pronto_core/include/pronto_core/rigidbody.hpp
[34.810s] -- Symlinking: /home/ros/docker_pronto_ws/install/pronto_core/include/pronto_core/rotations.hpp
[34.825s] -- Symlinking: /home/ros/docker_pronto_ws/install/pronto_core/include/pronto_core/scan_matcher_module.hpp
[34.840s] -- Symlinking: /home/ros/docker_pronto_ws/install/pronto_core/include/pronto_core/sensing_module.hpp
[34.854s] -- Symlinking: /home/ros/docker_pronto_ws/install/pronto_core/include/pronto_core/state_est.hpp
[34.866s] -- Symlinking: /home/ros/docker_pronto_ws/install/pronto_core/include/pronto_core/update_history.hpp
[34.879s] -- Symlinking: /home/ros/docker_pronto_ws/install/pronto_core/include/pronto_core/vicon_module.hpp
[34.892s] -- Symlinking: /home/ros/docker_pronto_ws/install/pronto_core/include/pronto_core/visibility_control.h
[34.907s] -- Symlinking: /home/ros/docker_pronto_ws/install/pronto_core/include/pronto_core/visual_odometry_module.hpp
[34.920s] -- Symlinking: /home/ros/docker_pronto_ws/install/pronto_core/share/ament_index/resource_index/package_run_dependencies/pronto_core
[34.936s] -- Symlinking: /home/ros/docker_pronto_ws/install/pronto_core/share/ament_index/resource_index/parent_prefix_path/pronto_core
[34.949s] -- Symlinking: /home/ros/docker_pronto_ws/install/pronto_core/share/pronto_core/environment/ament_prefix_path.sh
[34.963s] -- Symlinking: /home/ros/docker_pronto_ws/install/pronto_core/share/pronto_core/environment/ament_prefix_path.dsv
[34.977s] -- Symlinking: /home/ros/docker_pronto_ws/install/pronto_core/share/pronto_core/environment/path.sh
[34.992s] -- Symlinking: /home/ros/docker_pronto_ws/install/pronto_core/share/pronto_core/environment/path.dsv
[35.006s] -- Symlinking: /home/ros/docker_pronto_ws/install/pronto_core/share/pronto_core/local_setup.bash
[35.019s] -- Symlinking: /home/ros/docker_pronto_ws/install/pronto_core/share/pronto_core/local_setup.sh
[35.036s] -- Symlinking: /home/ros/docker_pronto_ws/install/pronto_core/share/pronto_core/local_setup.zsh
[35.050s] -- Symlinking: /home/ros/docker_pronto_ws/install/pronto_core/share/pronto_core/local_setup.dsv
[35.067s] -- Symlinking: /home/ros/docker_pronto_ws/install/pronto_core/share/pronto_core/package.dsv
[35.083s] -- Symlinking: /home/ros/docker_pronto_ws/install/pronto_core/share/ament_index/resource_index/packages/pronto_core
[35.097s] -- Symlinking: /home/ros/docker_pronto_ws/install/pronto_core/share/pronto_core/cmake/ament_cmake_export_include_directories-extras.cmake
[35.110s] -- Symlinking: /home/ros/docker_pronto_ws/install/pronto_core/share/pronto_core/cmake/ament_cmake_export_libraries-extras.cmake
[35.124s] -- Symlinking: /home/ros/docker_pronto_ws/install/pronto_core/share/pronto_core/cmake/ament_cmake_export_dependencies-extras.cmake
[35.140s] -- Symlinking: /home/ros/docker_pronto_ws/install/pronto_core/share/pronto_core/cmake/ament_cmake_export_targets-extras.cmake
[35.154s] -- Symlinking: /home/ros/docker_pronto_ws/install/pronto_core/share/pronto_core/cmake/pronto_coreConfig.cmake
[35.169s] -- Symlinking: /home/ros/docker_pronto_ws/install/pronto_core/share/pronto_core/cmake/pronto_coreConfig-version.cmake
[35.183s] -- Symlinking: /home/ros/docker_pronto_ws/install/pronto_core/share/pronto_core/package.xml
[35.202s] -- Installing: /home/ros/docker_pronto_ws/install/pronto_core/lib/libpronto_core.so
[35.203s] -- Set runtime path of "/home/ros/docker_pronto_ws/install/pronto_core/lib/libpronto_core.so" to ""
[35.203s] -- Installing: /home/ros/docker_pronto_ws/install/pronto_core/share/pronto_core/cmake/export_pronto_coreExport.cmake
[35.204s] -- Installing: /home/ros/docker_pronto_ws/install/pronto_core/share/pronto_core/cmake/export_pronto_coreExport-release.cmake
[35.207s] Invoked command in '/home/ros/docker_pronto_ws/build/pronto_core' returned '0': CMAKE_PREFIX_PATH=${CMAKE_PREFIX_PATH}:/home/ros/docker_pronto_ws/install/planners_python:/home/ros/docker_pronto_ws/install/logger_gazebo:/home/ros/docker_pronto_ws/install/terrain_estimator:/home/ros/docker_pronto_ws/install/pose_estimator:/opt/ros/humble /usr/bin/cmake --install /home/ros/docker_pronto_ws/build/pronto_core
