[0.350s] Invoking command in '/home/ros/docker_pronto_ws/build/pronto_utils': CMAKE_PREFIX_PATH=${CMAKE_PREFIX_PATH}:/home/ros/docker_pronto_ws/install/planners_python:/home/ros/docker_pronto_ws/install/logger_gazebo:/home/ros/docker_pronto_ws/install/terrain_estimator:/home/ros/docker_pronto_ws/install/pose_estimator:/opt/ros/humble /usr/bin/cmake --build /home/ros/docker_pronto_ws/build/pronto_utils -- -j16 -l16
[0.435s] [ 65%] Built target pronto_utils
[0.440s] [ 85%] Built target kalman_filter
[0.511s] [100%] Built target backlash_filter
[0.734s] Invoked command in '/home/ros/docker_pronto_ws/build/pronto_utils' returned '0': CMAKE_PREFIX_PATH=${CMAKE_PREFIX_PATH}:/home/ros/docker_pronto_ws/install/planners_python:/home/ros/docker_pronto_ws/install/logger_gazebo:/home/ros/docker_pronto_ws/install/terrain_estimator:/home/ros/docker_pronto_ws/install/pose_estimator:/opt/ros/humble /usr/bin/cmake --build /home/ros/docker_pronto_ws/build/pronto_utils -- -j16 -l16
[0.954s] Invoking command in '/home/ros/docker_pronto_ws/build/pronto_utils': CMAKE_PREFIX_PATH=${CMAKE_PREFIX_PATH}:/home/ros/docker_pronto_ws/install/planners_python:/home/ros/docker_pronto_ws/install/logger_gazebo:/home/ros/docker_pronto_ws/install/terrain_estimator:/home/ros/docker_pronto_ws/install/pose_estimator:/opt/ros/humble /usr/bin/cmake --install /home/ros/docker_pronto_ws/build/pronto_utils
[0.962s] -- Install configuration: "Release"
[0.963s] -- Execute custom install script
[0.965s] -- Up-to-date symlink: /home/ros/docker_pronto_ws/install/pronto_utils/share/pronto_utils/environment/library_path.sh
[0.965s] -- Up-to-date symlink: /home/ros/docker_pronto_ws/install/pronto_utils/share/pronto_utils/environment/library_path.dsv
[0.967s] -- Up-to-date symlink: /home/ros/docker_pronto_ws/install/pronto_utils/include/pronto_utils/BipolarSchmittTrigger.hpp
[0.967s] -- Up-to-date symlink: /home/ros/docker_pronto_ws/install/pronto_utils/include/pronto_utils/BlipFilter.hpp
[0.967s] -- Up-to-date symlink: /home/ros/docker_pronto_ws/install/pronto_utils/include/pronto_utils/CumulativeAverage.hpp
[0.968s] -- Up-to-date symlink: /home/ros/docker_pronto_ws/install/pronto_utils/include/pronto_utils/DataFileLogger.hpp
[0.968s] -- Up-to-date symlink: /home/ros/docker_pronto_ws/install/pronto_utils/include/pronto_utils/DistributedDiff.hpp
[0.968s] -- Up-to-date symlink: /home/ros/docker_pronto_ws/install/pronto_utils/include/pronto_utils/ExpireTimer.hpp
[0.968s] -- Up-to-date symlink: /home/ros/docker_pronto_ws/install/pronto_utils/include/pronto_utils/Filter.hpp
[0.968s] -- Up-to-date symlink: /home/ros/docker_pronto_ws/install/pronto_utils/include/pronto_utils/Gaussian.hpp
[0.968s] -- Up-to-date symlink: /home/ros/docker_pronto_ws/install/pronto_utils/include/pronto_utils/HeavyLowPassFilter.hpp
[0.968s] -- Up-to-date symlink: /home/ros/docker_pronto_ws/install/pronto_utils/include/pronto_utils/MedianFilter.hpp
[0.969s] -- Up-to-date symlink: /home/ros/docker_pronto_ws/install/pronto_utils/include/pronto_utils/NumericalDiff.hpp
[0.969s] -- Up-to-date symlink: /home/ros/docker_pronto_ws/install/pronto_utils/include/pronto_utils/RateChange.hpp
[0.969s] -- Up-to-date symlink: /home/ros/docker_pronto_ws/install/pronto_utils/include/pronto_utils/SchmittTrigger.hpp
[0.969s] -- Up-to-date symlink: /home/ros/docker_pronto_ws/install/pronto_utils/include/pronto_utils/SignalTap.hpp
[0.969s] -- Up-to-date symlink: /home/ros/docker_pronto_ws/install/pronto_utils/include/pronto_utils/TrapezoidalInt.hpp
[0.970s] -- Up-to-date symlink: /home/ros/docker_pronto_ws/install/pronto_utils/include/pronto_utils/alpha_filter.hpp
[0.970s] -- Up-to-date symlink: /home/ros/docker_pronto_ws/install/pronto_utils/include/pronto_utils/backlash_filter.hpp
[0.970s] -- Up-to-date symlink: /home/ros/docker_pronto_ws/install/pronto_utils/include/pronto_utils/kalman_filter.hpp
[0.970s] -- Up-to-date symlink: /home/ros/docker_pronto_ws/install/pronto_utils/include/pronto_utils/simple_kalman_filter.hpp
[0.970s] -- Up-to-date symlink: /home/ros/docker_pronto_ws/install/pronto_utils/include/pronto_utils/torque_adjustment.hpp
[0.970s] -- Up-to-date symlink: /home/ros/docker_pronto_ws/install/pronto_utils/include/pronto_utils/visibility_control.h
[0.971s] -- Up-to-date symlink: /home/ros/docker_pronto_ws/install/pronto_utils/include/pronto_utils/BipolarSchmittTrigger.hpp
[0.971s] -- Up-to-date symlink: /home/ros/docker_pronto_ws/install/pronto_utils/include/pronto_utils/BlipFilter.hpp
[0.971s] -- Up-to-date symlink: /home/ros/docker_pronto_ws/install/pronto_utils/include/pronto_utils/CumulativeAverage.hpp
[0.971s] -- Up-to-date symlink: /home/ros/docker_pronto_ws/install/pronto_utils/include/pronto_utils/DataFileLogger.hpp
[0.971s] -- Up-to-date symlink: /home/ros/docker_pronto_ws/install/pronto_utils/include/pronto_utils/DistributedDiff.hpp
[0.971s] -- Up-to-date symlink: /home/ros/docker_pronto_ws/install/pronto_utils/include/pronto_utils/ExpireTimer.hpp
[0.972s] -- Up-to-date symlink: /home/ros/docker_pronto_ws/install/pronto_utils/include/pronto_utils/Filter.hpp
[0.972s] -- Up-to-date symlink: /home/ros/docker_pronto_ws/install/pronto_utils/include/pronto_utils/Gaussian.hpp
[0.972s] -- Up-to-date symlink: /home/ros/docker_pronto_ws/install/pronto_utils/include/pronto_utils/HeavyLowPassFilter.hpp
[0.972s] -- Up-to-date symlink: /home/ros/docker_pronto_ws/install/pronto_utils/include/pronto_utils/MedianFilter.hpp
[0.972s] -- Up-to-date symlink: /home/ros/docker_pronto_ws/install/pronto_utils/include/pronto_utils/NumericalDiff.hpp
[0.972s] -- Up-to-date symlink: /home/ros/docker_pronto_ws/install/pronto_utils/include/pronto_utils/RateChange.hpp
[0.973s] -- Up-to-date symlink: /home/ros/docker_pronto_ws/install/pronto_utils/include/pronto_utils/SchmittTrigger.hpp
[0.973s] -- Up-to-date symlink: /home/ros/docker_pronto_ws/install/pronto_utils/include/pronto_utils/SignalTap.hpp
[0.973s] -- Up-to-date symlink: /home/ros/docker_pronto_ws/install/pronto_utils/include/pronto_utils/TrapezoidalInt.hpp
[0.973s] -- Up-to-date symlink: /home/ros/docker_pronto_ws/install/pronto_utils/include/pronto_utils/alpha_filter.hpp
[0.973s] -- Up-to-date symlink: /home/ros/docker_pronto_ws/install/pronto_utils/include/pronto_utils/backlash_filter.hpp
[0.973s] -- Up-to-date symlink: /home/ros/docker_pronto_ws/install/pronto_utils/include/pronto_utils/kalman_filter.hpp
[0.974s] -- Up-to-date symlink: /home/ros/docker_pronto_ws/install/pronto_utils/include/pronto_utils/simple_kalman_filter.hpp
[0.974s] -- Up-to-date symlink: /home/ros/docker_pronto_ws/install/pronto_utils/include/pronto_utils/torque_adjustment.hpp
[0.974s] -- Up-to-date symlink: /home/ros/docker_pronto_ws/install/pronto_utils/include/pronto_utils/visibility_control.h
[0.974s] -- Up-to-date symlink: /home/ros/docker_pronto_ws/install/pronto_utils/include/pronto_utils/BipolarSchmittTrigger.hpp
[0.974s] -- Up-to-date symlink: /home/ros/docker_pronto_ws/install/pronto_utils/include/pronto_utils/BlipFilter.hpp
[0.974s] -- Up-to-date symlink: /home/ros/docker_pronto_ws/install/pronto_utils/include/pronto_utils/CumulativeAverage.hpp
[0.974s] -- Up-to-date symlink: /home/ros/docker_pronto_ws/install/pronto_utils/include/pronto_utils/DataFileLogger.hpp
[0.974s] -- Up-to-date symlink: /home/ros/docker_pronto_ws/install/pronto_utils/include/pronto_utils/DistributedDiff.hpp
[0.974s] -- Up-to-date symlink: /home/ros/docker_pronto_ws/install/pronto_utils/include/pronto_utils/ExpireTimer.hpp
[0.974s] -- Up-to-date symlink: /home/ros/docker_pronto_ws/install/pronto_utils/include/pronto_utils/Filter.hpp
[0.974s] -- Up-to-date symlink: /home/ros/docker_pronto_ws/install/pronto_utils/include/pronto_utils/Gaussian.hpp
[0.974s] -- Up-to-date symlink: /home/ros/docker_pronto_ws/install/pronto_utils/include/pronto_utils/HeavyLowPassFilter.hpp
[0.974s] -- Up-to-date symlink: /home/ros/docker_pronto_ws/install/pronto_utils/include/pronto_utils/MedianFilter.hpp
[0.975s] -- Up-to-date symlink: /home/ros/docker_pronto_ws/install/pronto_utils/include/pronto_utils/NumericalDiff.hpp
[0.975s] -- Up-to-date symlink: /home/ros/docker_pronto_ws/install/pronto_utils/include/pronto_utils/RateChange.hpp
[0.975s] -- Up-to-date symlink: /home/ros/docker_pronto_ws/install/pronto_utils/include/pronto_utils/SchmittTrigger.hpp
[0.975s] -- Up-to-date symlink: /home/ros/docker_pronto_ws/install/pronto_utils/include/pronto_utils/SignalTap.hpp
[0.975s] -- Up-to-date symlink: /home/ros/docker_pronto_ws/install/pronto_utils/include/pronto_utils/TrapezoidalInt.hpp
[0.975s] -- Up-to-date symlink: /home/ros/docker_pronto_ws/install/pronto_utils/include/pronto_utils/alpha_filter.hpp
[0.975s] -- Up-to-date symlink: /home/ros/docker_pronto_ws/install/pronto_utils/include/pronto_utils/backlash_filter.hpp
[0.975s] -- Up-to-date symlink: /home/ros/docker_pronto_ws/install/pronto_utils/include/pronto_utils/kalman_filter.hpp
[0.975s] -- Up-to-date symlink: /home/ros/docker_pronto_ws/install/pronto_utils/include/pronto_utils/simple_kalman_filter.hpp
[0.976s] -- Up-to-date symlink: /home/ros/docker_pronto_ws/install/pronto_utils/include/pronto_utils/torque_adjustment.hpp
[0.976s] -- Up-to-date symlink: /home/ros/docker_pronto_ws/install/pronto_utils/include/pronto_utils/visibility_control.h
[0.976s] -- Up-to-date symlink: /home/ros/docker_pronto_ws/install/pronto_utils/share/ament_index/resource_index/package_run_dependencies/pronto_utils
[0.976s] -- Up-to-date symlink: /home/ros/docker_pronto_ws/install/pronto_utils/share/ament_index/resource_index/parent_prefix_path/pronto_utils
[0.976s] -- Up-to-date symlink: /home/ros/docker_pronto_ws/install/pronto_utils/share/pronto_utils/environment/ament_prefix_path.sh
[0.976s] -- Up-to-date symlink: /home/ros/docker_pronto_ws/install/pronto_utils/share/pronto_utils/environment/ament_prefix_path.dsv
[0.976s] -- Up-to-date symlink: /home/ros/docker_pronto_ws/install/pronto_utils/share/pronto_utils/environment/path.sh
[0.976s] -- Up-to-date symlink: /home/ros/docker_pronto_ws/install/pronto_utils/share/pronto_utils/environment/path.dsv
[0.977s] -- Up-to-date symlink: /home/ros/docker_pronto_ws/install/pronto_utils/share/pronto_utils/local_setup.bash
[0.977s] -- Up-to-date symlink: /home/ros/docker_pronto_ws/install/pronto_utils/share/pronto_utils/local_setup.sh
[0.977s] -- Up-to-date symlink: /home/ros/docker_pronto_ws/install/pronto_utils/share/pronto_utils/local_setup.zsh
[0.977s] -- Up-to-date symlink: /home/ros/docker_pronto_ws/install/pronto_utils/share/pronto_utils/local_setup.dsv
[0.977s] -- Symlinking: /home/ros/docker_pronto_ws/install/pronto_utils/share/pronto_utils/package.dsv
[0.983s] -- Up-to-date symlink: /home/ros/docker_pronto_ws/install/pronto_utils/share/ament_index/resource_index/packages/pronto_utils
[0.983s] -- Up-to-date symlink: /home/ros/docker_pronto_ws/install/pronto_utils/share/pronto_utils/cmake/ament_cmake_export_include_directories-extras.cmake
[0.984s] -- Up-to-date symlink: /home/ros/docker_pronto_ws/install/pronto_utils/share/pronto_utils/cmake/ament_cmake_export_libraries-extras.cmake
[0.984s] -- Up-to-date symlink: /home/ros/docker_pronto_ws/install/pronto_utils/share/pronto_utils/cmake/ament_cmake_export_dependencies-extras.cmake
[0.984s] -- Up-to-date symlink: /home/ros/docker_pronto_ws/install/pronto_utils/share/pronto_utils/cmake/ament_cmake_export_targets-extras.cmake
[0.984s] -- Up-to-date symlink: /home/ros/docker_pronto_ws/install/pronto_utils/share/pronto_utils/cmake/pronto_utilsConfig.cmake
[0.984s] -- Up-to-date symlink: /home/ros/docker_pronto_ws/install/pronto_utils/share/pronto_utils/cmake/pronto_utilsConfig-version.cmake
[0.984s] -- Up-to-date symlink: /home/ros/docker_pronto_ws/install/pronto_utils/share/pronto_utils/package.xml
[0.984s] -- Up-to-date: /home/ros/docker_pronto_ws/install/pronto_utils/lib/libpronto_utils.so
[0.984s] -- Up-to-date: /home/ros/docker_pronto_ws/install/pronto_utils/lib/libkalman_filter.so
[0.984s] -- Up-to-date: /home/ros/docker_pronto_ws/install/pronto_utils/lib/libbacklash_filter.so
[0.984s] -- Up-to-date: /home/ros/docker_pronto_ws/install/pronto_utils/share/pronto_utils/cmake/export_pronto_utilsExport.cmake
[0.985s] -- Up-to-date: /home/ros/docker_pronto_ws/install/pronto_utils/share/pronto_utils/cmake/export_pronto_utilsExport-release.cmake
[1.277s] Invoked command in '/home/ros/docker_pronto_ws/build/pronto_utils' returned '0': CMAKE_PREFIX_PATH=${CMAKE_PREFIX_PATH}:/home/ros/docker_pronto_ws/install/planners_python:/home/ros/docker_pronto_ws/install/logger_gazebo:/home/ros/docker_pronto_ws/install/terrain_estimator:/home/ros/docker_pronto_ws/install/pose_estimator:/opt/ros/humble /usr/bin/cmake --install /home/ros/docker_pronto_ws/build/pronto_utils
